[nb-items] 40
[nb-objectives] 3
[nb-pareto] 390
[nb-lorenz] 10
[runtime] 8.254715204238892
[format] f1 f2 f3 isLorenzND
[vector] 15194 16269 14921 True
[vector] 14978 16864 14696 True
[vector] 15150 16495 14863 True
[vector] 15373 15802 14914 True
[vector] 15269 16402 14810 True
[vector] 15437 15487 15047 True
[vector] 15160 15892 15119 True
[vector] 15162 15584 15301 True
[vector] 15204 15666 15177 True
[vector] 15480 16260 14716 True
[vector] 14716 16628 14835 False
[vector] 16265 15273 13701 False
[vector] 12754 17530 14099 False
[vector] 14504 17369 14119 False
[vector] 16250 15868 13811 False
[vector] 15385 16618 13747 False
[vector] 14549 17220 13607 False
[vector] 14931 14648 15483 False
[vector] 15363 16801 13910 False
[vector] 14152 15254 15728 False
[vector] 12355 16223 15673 False
[vector] 15802 15881 14290 False
[vector] 15970 14966 14527 False
[vector] 14342 16086 15248 False
[vector] 12320 17570 14493 False
[vector] 14259 14490 15687 False
[vector] 14475 17192 14356 False
[vector] 13932 16134 15545 False
[vector] 13892 17047 14890 False
[vector] 13590 14162 16002 False
[vector] 14629 16501 15073 False
[vector] 12985 17520 14290 False
[vector] 15596 15866 14358 False
[vector] 15916 15460 13973 False
[vector] 12744 16592 15358 False
[vector] 13124 16362 15476 False
[vector] 14671 16583 14949 False
[vector] 14771 16536 14861 False
[vector] 14113 16236 15288 False
[vector] 13640 16732 15065 False
[vector] 14544 16549 15009 False
[vector] 14292 15047 15607 False
[vector] 13460 15546 15855 False
[vector] 14353 14416 15685 False
[vector] 13648 14318 15913 False
[vector] 13317 16550 15319 False
[vector] 13837 16220 15457 False
[vector] 11271 16578 15423 False
[vector] 14418 16044 15337 False
[vector] 14214 16850 14920 False
[vector] 15291 14836 15097 False
[vector] 13948 17508 14101 False
[vector] 14473 15026 15521 False
[vector] 14933 17052 14243 False
[vector] 13201 16455 15436 False
[vector] 13323 15916 15690 False
[vector] 12889 16049 15662 False
[vector] 14389 15867 15574 False
[vector] 14273 14215 15693 False
[vector] 15603 15533 14500 False
[vector] 15813 15705 14230 False
[vector] 13778 14315 15863 False
[vector] 15125 13726 15364 False
[vector] 15539 15945 14422 False
[vector] 13665 15773 15657 False
[vector] 15115 14381 15515 False
[vector] 14425 17090 14721 False
[vector] 14905 13846 15588 False
[vector] 13355 16630 15203 False
[vector] 13182 17357 14632 False
[vector] 14275 14192 15715 False
[vector] 14597 16721 14888 False
[vector] 14068 16191 15402 False
[vector] 14499 16504 15123 False
[vector] 14173 16717 15000 False
[vector] 15410 15684 14763 False
[vector] 13549 15678 15774 False
[vector] 13272 16505 15433 False
[vector] 15031 14843 15318 False
[vector] 15213 14931 15123 False
[vector] 14562 14607 15540 False
[vector] 12610 16355 15491 False
[vector] 15358 16221 14754 False
[vector] 12691 15407 16052 False
[vector] 13609 15759 15680 False
[vector] 14678 16037 15116 False
[vector] 12893 15176 16277 False
[vector] 14954 14963 15420 False
[vector] 14277 15350 15615 False
[vector] 15799 15434 14397 False
[vector] 15818 15713 13864 False
[vector] 14847 15727 15461 False
[vector] 15194 16665 14173 False
[vector] 15543 15777 14444 False
[vector] 14564 17011 14300 False
[vector] 13620 15728 15771 False
[vector] 12082 14373 16306 False
[vector] 13894 15623 15617 False
[vector] 12116 16921 15294 False
[vector] 14380 17045 14835 False
[vector] 15539 15280 14686 False
[vector] 11412 14358 16396 False
[vector] 15828 15431 14647 False
[vector] 14552 16676 15002 False
[vector] 12027 14910 16327 False
[vector] 16116 15236 14146 False
[vector] 12143 15817 15981 False
[vector] 15989 14849 14742 False
[vector] 13341 15639 15908 False
[vector] 13712 16487 15202 False
[vector] 12695 17001 15091 False
[vector] 12114 15640 16218 False
[vector] 14325 13994 15694 False
[vector] 12744 15579 15931 False
[vector] 15500 15540 14572 False
[vector] 14639 15898 15329 False
[vector] 15177 14989 15191 False
[vector] 14758 16139 14983 False
[vector] 14006 16356 15194 False
[vector] 15020 14467 15427 False
[vector] 14078 17313 14216 False
[vector] 15150 16891 14115 False
[vector] 13977 16179 15431 False
[vector] 13147 16772 15178 False
[vector] 14473 14788 15596 False
[vector] 13542 16908 14924 False
[vector] 14187 16098 15349 False
[vector] 12885 16047 15670 False
[vector] 15022 16871 14187 False
[vector] 15712 15504 14478 False
[vector] 13134 15759 15732 False
[vector] 15555 14982 14714 False
[vector] 13468 14182 15999 False
[vector] 13780 15678 15612 False
[vector] 15534 15761 14518 False
[vector] 12317 16729 15224 False
[vector] 13085 17175 14895 False
[vector] 14307 14831 15606 False
[vector] 16544 13956 13946 False
[vector] 12288 16552 15461 False
[vector] 12572 15500 16105 False
[vector] 14559 16130 15169 False
[vector] 15525 16067 14417 False
[vector] 14007 15538 15661 False
[vector] 14191 15271 15693 False
[vector] 13506 16525 15201 False
[vector] 13635 15757 15696 False
[vector] 14376 14731 15622 False
[vector] 13192 17055 14989 False
[vector] 15792 16484 14034 False
[vector] 15613 14930 14756 False
[vector] 14070 16821 14999 False
[vector] 15595 15553 14455 False
[vector] 15798 16195 13823 False
[vector] 15838 14828 14903 False
[vector] 12525 14297 16319 False
[vector] 12713 15408 16035 False
[vector] 14230 14147 15829 False
[vector] 14265 16261 15177 False
[vector] 13351 15036 16164 False
[vector] 12939 16516 15377 False
[vector] 13142 15747 15724 False
[vector] 16108 14756 14689 False
[vector] 16231 14029 14473 False
[vector] 14039 14711 15834 False
[vector] 13515 16417 15427 False
[vector] 14523 14590 15575 False
[vector] 14343 14791 15646 False
[vector] 15489 15716 14632 False
[vector] 14078 15588 15658 False
[vector] 14607 16118 15144 False
[vector] 16317 15116 13070 False
[vector] 12574 16781 15181 False
[vector] 14405 16220 15151 False
[vector] 15004 14765 15399 False
[vector] 15968 15152 14436 False
[vector] 14554 17189 14206 False
[vector] 14318 17424 13814 False
[vector] 12754 15541 15955 False
[vector] 14721 16812 14739 False
[vector] 13204 15068 16024 False
[vector] 12190 16732 15182 False
[vector] 13514 16858 15019 False
[vector] 13056 15985 15705 False
[vector] 12843 17293 14667 False
[vector] 14096 16086 15378 False
[vector] 13783 16537 15199 False
[vector] 13884 16226 15361 False
[vector] 11697 16187 15767 False
[vector] 14380 17278 14268 False
[vector] 13370 16960 15123 False
[vector] 14975 14422 15541 False
[vector] 14698 17218 14127 False
[vector] 14520 15991 15382 False
[vector] 13423 17001 14977 False
[vector] 13806 17281 14478 False
[vector] 14046 14414 15797 False
[vector] 14562 14845 15465 False
[vector] 13015 15852 15785 False
[vector] 14562 16073 15258 False
[vector] 12077 14712 16306 False
[vector] 14838 16667 14797 False
[vector] 14435 16039 15318 False
[vector] 14149 16496 15182 False
[vector] 11679 15687 15989 False
[vector] 14393 14593 15625 False
[vector] 13943 17500 14467 False
[vector] 12418 16357 15576 False
[vector] 14051 16041 15492 False
[vector] 14061 17183 14627 False
[vector] 14820 16028 14939 False
[vector] 14983 16872 14330 False
[vector] 13092 15945 15745 False
[vector] 12396 16356 15593 False
[vector] 15485 16268 14350 False
[vector] 16025 15970 13664 False
[vector] 15683 15974 14343 False
[vector] 14335 17233 14382 False
[vector] 14564 15765 15440 False
[vector] 14294 15953 15486 False
[vector] 16537 14860 13995 False
[vector] 15662 15684 14391 False
[vector] 15022 16638 14754 False
[vector] 14390 15994 15432 False
[vector] 15847 15688 13991 False
[vector] 12491 16053 15746 False
[vector] 15105 15682 15142 False
[vector] 15821 16185 13687 False
[vector] 13684 16553 15164 False
[vector] 14747 16315 15043 False
[vector] 13977 16417 15356 False
[vector] 15117 16785 14275 False
[vector] 15702 16107 14222 False
[vector] 12734 16182 15675 False
[vector] 12922 15353 16040 False
[vector] 15549 15342 14678 False
[vector] 15489 15478 14707 False
[vector] 13655 16376 15401 False
[vector] 13058 17266 14781 False
[vector] 13159 17524 13493 False
[vector] 14775 15983 15053 False
[vector] 15167 16587 14254 False
[vector] 15215 14551 15219 False
[vector] 14437 17238 14183 False
[vector] 13227 17402 14518 False
[vector] 13704 17146 14697 False
[vector] 12145 17098 15057 False
[vector] 14354 16809 14894 False
[vector] 13331 16690 15311 False
[vector] 14619 15772 15350 False
[vector] 12432 16316 15633 False
[vector] 14554 15946 15265 False
[vector] 15249 15711 15063 False
[vector] 13644 16855 14969 False
[vector] 12911 17298 14641 False
[vector] 14531 17334 13609 False
[vector] 13525 15814 15683 False
[vector] 13428 16442 15288 False
[vector] 14237 16327 15139 False
[vector] 13655 15344 15759 False
[vector] 13715 17328 14471 False
[vector] 14168 14956 15756 False
[vector] 14287 14912 15678 False
[vector] 12780 15539 15971 False
[vector] 13610 16331 15515 False
[vector] 12776 16550 15406 False
[vector] 14186 14373 15771 False
[vector] 13540 16856 15035 False
[vector] 12920 15736 15870 False
[vector] 12859 15915 15930 False
[vector] 12816 17384 14553 False
[vector] 13029 15233 16134 False
[vector] 15016 15863 15198 False
[vector] 12562 16551 15508 False
[vector] 14549 17181 14572 False
[vector] 16418 14953 14048 False
[vector] 13728 14751 15809 False
[vector] 15200 16614 14147 False
[vector] 14417 15309 15589 False
[vector] 13698 17519 13903 False
[vector] 14147 15497 15635 False
[vector] 13638 15451 15989 False
[vector] 13680 16815 15009 False
[vector] 15191 16813 13526 False
[vector] 14530 15953 15406 False
[vector] 13394 14868 15991 False
[vector] 13810 17242 14559 False
[vector] 11950 16726 15379 False
[vector] 12861 17196 15006 False
[vector] 12912 15956 15784 False
[vector] 12914 17237 14860 False
[vector] 14960 17017 13733 False
[vector] 13662 13260 15880 False
[vector] 13775 15716 15670 False
[vector] 15629 14662 15179 False
[vector] 15531 14989 14855 False
[vector] 13033 16827 15173 False
[vector] 15435 16448 14263 False
[vector] 13370 16591 15173 False
[vector] 14936 15546 15405 False
[vector] 14762 17130 13402 False
[vector] 13639 16508 15278 False
[vector] 13709 15547 15715 False
[vector] 14641 16731 14746 False
[vector] 15649 16158 14268 False
[vector] 16035 15367 13920 False
[vector] 14236 14175 15750 False
[vector] 14469 16864 14779 False
[vector] 16260 15265 14067 False
[vector] 13778 14912 15761 False
[vector] 13876 16206 15602 False
[vector] 14487 14997 15573 False
[vector] 14688 17102 14151 False
[vector] 15340 16811 14046 False
[vector] 11878 16166 15681 False
[vector] 14812 16669 14781 False
[vector] 12654 16862 15174 False
[vector] 14218 15547 15632 False
[vector] 15067 16683 14640 False
[vector] 16653 14466 13637 False
[vector] 13946 16730 15148 False
[vector] 13710 15096 15869 False
[vector] 14333 14829 15622 False
[vector] 15652 16287 14135 False
[vector] 14478 15686 15518 False
[vector] 13819 15490 15728 False
[vector] 12770 16142 15715 False
[vector] 13937 17092 14776 False
[vector] 12303 17614 13451 False
[vector] 14892 15772 15347 False
[vector] 15239 16710 14059 False
[vector] 15873 15461 14286 False
[vector] 14744 14428 15493 False
[vector] 15646 15686 14445 False
[vector] 13499 15816 15667 False
[vector] 16098 15359 14433 False
[vector] 13599 16810 15083 False
[vector] 14455 15371 15581 False
[vector] 12225 16418 15558 False
[vector] 13748 14750 15782 False
[vector] 15526 15306 14991 False
[vector] 15593 15597 14531 False
[vector] 16141 15358 14120 False
[vector] 15858 15512 13931 False
[vector] 12600 15550 16010 False
[vector] 14093 16630 15010 False
[vector] 14638 17000 14516 False
[vector] 13402 14678 15992 False
[vector] 13177 16591 15345 False
[vector] 12580 14684 16302 False
[vector] 14911 17128 13922 False
[vector] 14718 16320 15017 False
[vector] 14493 15025 15494 False
[vector] 14463 16089 15223 False
[vector] 14232 16143 15235 False
[vector] 12763 17372 14865 False
[vector] 14102 15452 15749 False
[vector] 12799 17575 13985 False
[vector] 13489 16867 15070 False
[vector] 14760 16402 14893 False
[vector] 13521 16825 15118 False
[vector] 14434 15912 15460 False
[vector] 14517 14562 15654 False
[vector] 13757 16299 15655 False
[vector] 13635 16770 15123 False
[vector] 12681 16010 15796 False
[vector] 16428 14350 14304 False
[vector] 12625 16685 15411 False
[vector] 15018 14490 15405 False
[vector] 15807 15889 13924 False
[vector] 14490 16866 14751 False
[vector] 15553 15093 14689 False
[vector] 14280 13949 15808 False
[vector] 13645 15719 15720 False
[vector] 13211 15852 15692 False
[vector] 15722 15440 14447 False
[vector] 14813 16209 14974 False
[vector] 15146 16962 14038 False
[vector] 15495 15665 14606 False
[vector] 15947 15338 14594 False
[vector] 14115 16866 14885 False
[vector] 15567 16586 13887 False
[vector] 14702 16032 15232 False
[vector] 16153 14563 14390 False
[vector] 13198 17225 14755 False
[vector] 13469 16575 15208 False
[vector] 11965 14132 16371 False
[vector] 14043 16912 14885 False
[vector] 14086 16689 15122 False
[vector] 16113 14764 14323 False
