[nb-items] 40
[nb-objectives] 3
[nb-pareto] 224
[nb-lorenz] 9
[runtime] 3.596989154815674
[format] f1 f2 f3 isLorenzND
[vector] 15111 14744 14176 True
[vector] 14615 14511 14400 True
[vector] 15549 15594 13635 True
[vector] 15350 14825 14167 True
[vector] 15068 14409 14421 True
[vector] 15405 15013 14097 True
[vector] 14909 14780 14321 True
[vector] 15340 15428 13911 True
[vector] 14935 15110 14143 True
[vector] 16740 13097 12339 False
[vector] 15143 15616 13317 False
[vector] 15843 15595 12505 False
[vector] 15612 15628 12763 False
[vector] 15823 12514 13875 False
[vector] 16613 13133 12659 False
[vector] 14055 14200 14788 False
[vector] 14685 15617 13846 False
[vector] 14594 13603 14604 False
[vector] 16674 14209 12003 False
[vector] 15864 14482 13780 False
[vector] 14885 15262 14066 False
[vector] 16982 13594 11822 False
[vector] 15344 15599 13309 False
[vector] 15624 13667 14099 False
[vector] 16374 14474 12813 False
[vector] 16682 13859 12632 False
[vector] 14138 15377 14234 False
[vector] 14484 15400 13952 False
[vector] 16358 14635 12422 False
[vector] 16014 15619 12388 False
[vector] 14388 14154 14583 False
[vector] 14534 15770 13704 False
[vector] 15391 15927 13174 False
[vector] 16699 13887 12042 False
[vector] 15552 15345 13269 False
[vector] 15604 15010 13514 False
[vector] 15877 15528 12749 False
[vector] 16350 15235 12796 False
[vector] 15847 15582 13198 False
[vector] 15314 15640 13200 False
[vector] 14849 16077 13099 False
[vector] 16712 13805 12183 False
[vector] 16607 15195 11920 False
[vector] 16650 14882 11547 False
[vector] 16585 12934 12735 False
[vector] 15737 12912 13933 False
[vector] 15462 15813 12725 False
[vector] 15866 15519 12799 False
[vector] 14338 14306 14506 False
[vector] 15134 15879 13611 False
[vector] 13763 15845 13942 False
[vector] 14191 13650 14807 False
[vector] 16123 15567 12362 False
[vector] 13501 14340 14612 False
[vector] 15095 16116 12712 False
[vector] 16568 13224 12645 False
[vector] 16493 14242 12613 False
[vector] 16445 13630 12661 False
[vector] 16436 13820 13019 False
[vector] 12931 13037 14921 False
[vector] 13962 15787 14043 False
[vector] 14264 15687 13737 False
[vector] 16831 12973 12348 False
[vector] 15161 14592 14253 False
[vector] 14335 14479 14561 False
[vector] 14935 16101 12779 False
[vector] 15844 15644 12256 False
[vector] 15423 14437 13934 False
[vector] 16522 14574 12402 False
[vector] 14188 15225 14311 False
[vector] 15347 14232 14248 False
[vector] 15224 13668 14466 False
[vector] 13740 14211 14613 False
[vector] 15708 15852 12338 False
[vector] 16688 14478 11727 False
[vector] 15044 15638 13729 False
[vector] 15061 15505 13805 False
[vector] 14828 16039 13625 False
[vector] 13434 14371 14627 False
[vector] 14826 13777 14572 False
[vector] 14806 16164 13082 False
[vector] 15984 13854 13662 False
[vector] 15952 14192 13461 False
[vector] 15778 14880 13838 False
[vector] 14285 14631 14484 False
[vector] 16756 14309 11636 False
[vector] 16095 15368 12438 False
[vector] 15644 13672 13943 False
[vector] 16769 14227 11777 False
[vector] 16502 14782 11958 False
[vector] 16930 13645 11872 False
[vector] 16051 13673 13512 False
[vector] 15118 14257 14498 False
[vector] 16753 13745 12183 False
[vector] 15106 16125 12662 False
[vector] 14428 14947 14303 False
[vector] 16766 13706 11892 False
[vector] 14281 14291 14604 False
[vector] 15857 14979 13454 False
[vector] 15518 14256 14131 False
[vector] 16264 14481 13413 False
[vector] 14150 15702 13831 False
[vector] 15526 15068 13906 False
[vector] 16444 12874 13082 False
[vector] 14665 14359 14477 False
[vector] 14377 15502 14067 False
[vector] 13966 16666 12698 False
[vector] 17159 12907 11462 False
[vector] 16521 14441 12537 False
[vector] 15527 15719 13092 False
[vector] 15918 15468 12749 False
[vector] 15352 16164 12275 False
[vector] 14093 15725 13858 False
[vector] 13894 14956 14390 False
[vector] 16846 13854 11766 False
[vector] 15919 14269 13476 False
[vector] 14095 14651 14609 False
[vector] 15297 14384 14171 False
[vector] 13723 15662 14210 False
[vector] 15758 13642 13849 False
[vector] 15468 14408 14054 False
[vector] 14284 12890 14797 False
[vector] 13663 12887 14939 False
[vector] 14994 15790 13652 False
[vector] 12795 13587 14902 False
[vector] 14069 15685 13928 False
[vector] 14735 15465 13923 False
[vector] 16240 14499 13063 False
[vector] 16194 15453 11913 False
[vector] 14965 15896 13619 False
[vector] 15433 13834 14190 False
[vector] 16371 14553 12563 False
[vector] 15312 15667 13183 False
[vector] 16160 14635 12894 False
[vector] 15875 15555 12732 False
[vector] 17083 13549 10235 False
[vector] 14045 14803 14532 False
[vector] 14037 16552 12249 False
[vector] 15592 14986 13548 False
[vector] 16902 12859 11899 False
[vector] 14494 15065 14297 False
[vector] 14282 14033 14722 False
[vector] 17022 13060 10940 False
[vector] 14421 14081 14503 False
[vector] 16372 15241 11485 False
[vector] 17021 13745 11217 False
[vector] 14915 16048 13542 False
[vector] 15560 15679 12813 False
[vector] 15567 15018 13472 False
[vector] 14305 14559 14451 False
[vector] 15825 15707 12655 False
[vector] 14652 14441 14336 False
[vector] 15929 13666 13732 False
[vector] 14427 15350 14144 False
[vector] 16360 14632 13052 False
[vector] 16811 13570 11939 False
[vector] 15870 14411 13531 False
[vector] 16540 13025 12721 False
[vector] 16684 13606 12259 False
[vector] 13533 15414 14246 False
[vector] 16361 15156 12307 False
[vector] 16663 14200 12053 False
[vector] 16425 13899 13508 False
[vector] 14444 15217 14220 False
[vector] 17010 13793 11746 False
[vector] 15402 16012 12352 False
[vector] 15808 13611 13923 False
[vector] 15554 15162 13437 False
[vector] 13491 16224 13539 False
[vector] 15537 15755 12519 False
[vector] 16166 15254 11989 False
[vector] 16702 14408 11927 False
[vector] 15084 16031 13534 False
[vector] 15568 15659 13092 False
[vector] 16472 13073 13006 False
[vector] 16033 15222 13193 False
[vector] 15950 14219 13444 False
[vector] 15443 14065 14157 False
[vector] 12883 12936 14947 False
[vector] 14120 12951 14817 False
[vector] 14926 16364 13073 False
[vector] 14105 14048 14865 False
[vector] 16426 14423 12763 False
[vector] 14325 15082 14305 False
[vector] 14620 16524 13087 False
[vector] 14368 13635 14664 False
[vector] 15423 16050 11826 False
[vector] 16581 14406 12577 False
[vector] 12797 13334 15005 False
[vector] 15658 16004 12261 False
[vector] 14778 16191 13548 False
[vector] 16093 15187 13233 False
[vector] 16834 13494 12233 False
[vector] 17251 12322 10530 False
[vector] 13527 13437 14920 False
[vector] 14691 16410 12638 False
[vector] 14805 15513 13896 False
[vector] 16442 13109 12776 False
[vector] 14662 13838 14592 False
[vector] 16920 14248 11616 False
[vector] 16839 13769 11863 False
[vector] 17093 12946 10491 False
[vector] 13627 16558 12910 False
[vector] 15833 13833 13823 False
[vector] 14912 13379 14514 False
[vector] 14841 12680 14524 False
[vector] 16188 14834 12818 False
[vector] 12933 12784 15024 False
[vector] 14110 14555 14494 False
[vector] 16991 14134 11167 False
[vector] 14363 16476 13524 False
[vector] 15572 14002 13854 False
[vector] 15341 16079 13097 False
[vector] 14404 14824 14415 False
[vector] 16678 15081 11471 False
[vector] 16494 13058 12726 False
[vector] 14755 15665 13819 False
[vector] 15604 13858 14073 False
[vector] 14612 13990 14515 False
[vector] 15412 15965 12648 False
[vector] 14418 13483 14741 False
[vector] 16617 14592 12176 False
[vector] 14745 14862 14179 False
[vector] 16589 14393 12252 False
