[nb-items] 50
[nb-objectives] 3
[nb-pareto] 680
[nb-lorenz] 14
[runtime] 37.39039897918701
[format] f1 f2 f3 isLorenzND
[vector] 19194 20325 18721 True
[vector] 18936 19913 18968 True
[vector] 19075 20418 18774 True
[vector] 18864 20560 18868 True
[vector] 18907 19736 19205 True
[vector] 19028 19674 19015 True
[vector] 19184 20928 18465 True
[vector] 19366 19956 18888 True
[vector] 19044 20731 18566 True
[vector] 18542 21335 18546 True
[vector] 18908 20096 19001 True
[vector] 19196 19215 19043 True
[vector] 18910 19763 19052 True
[vector] 18586 21109 18604 True
[vector] 16481 20014 19841 False
[vector] 19657 19717 18132 False
[vector] 16136 19971 19955 False
[vector] 19137 18712 19252 False
[vector] 16177 21897 18288 False
[vector] 15519 20816 19525 False
[vector] 18552 20732 18802 False
[vector] 16796 21849 18271 False
[vector] 18160 20832 18942 False
[vector] 16093 21153 19202 False
[vector] 16736 19646 20004 False
[vector] 20037 19398 17300 False
[vector] 18300 21029 18841 False
[vector] 17475 18308 20032 False
[vector] 16269 20964 19378 False
[vector] 17581 20763 19284 False
[vector] 16823 21758 18385 False
[vector] 17426 20201 19597 False
[vector] 18145 19784 19586 False
[vector] 17583 21622 18270 False
[vector] 18526 20734 18786 False
[vector] 17536 21015 19065 False
[vector] 19533 19802 18551 False
[vector] 16743 19169 20272 False
[vector] 18195 21558 18041 False
[vector] 18265 20381 19211 False
[vector] 17482 20129 19540 False
[vector] 17902 19542 19733 False
[vector] 18198 18869 19699 False
[vector] 19926 19003 18121 False
[vector] 16731 20881 19311 False
[vector] 17430 18263 20146 False
[vector] 18812 19822 19117 False
[vector] 19528 20325 17662 False
[vector] 17696 21746 18117 False
[vector] 18713 19702 19238 False
[vector] 17979 19975 19572 False
[vector] 16623 20847 19341 False
[vector] 15764 20039 19944 False
[vector] 17381 20156 19711 False
[vector] 18765 20642 18597 False
[vector] 17962 21203 18759 False
[vector] 16648 19255 20184 False
[vector] 17072 18784 20237 False
[vector] 17769 21623 17951 False
[vector] 18296 20039 19210 False
[vector] 17199 21425 18955 False
[vector] 15981 19409 20268 False
[vector] 18413 19904 19358 False
[vector] 19144 18929 19056 False
[vector] 16839 19101 20160 False
[vector] 19818 19135 18227 False
[vector] 17408 21787 18380 False
[vector] 18572 19616 19406 False
[vector] 18767 19777 19231 False
[vector] 17339 20371 19502 False
[vector] 16943 19776 19845 False
[vector] 19673 20530 17195 False
[vector] 17259 20960 19254 False
[vector] 19537 19623 18511 False
[vector] 15955 19411 20252 False
[vector] 19975 19757 17756 False
[vector] 18376 21140 18631 False
[vector] 17386 20326 19519 False
[vector] 15608 18172 20701 False
[vector] 18723 20003 19173 False
[vector] 17475 21359 18690 False
[vector] 15488 20729 19626 False
[vector] 19845 20026 17869 False
[vector] 15996 20003 19855 False
[vector] 15889 21660 18639 False
[vector] 18115 20787 19056 False
[vector] 17214 21006 19115 False
[vector] 16443 19171 20272 False
[vector] 18874 19001 19270 False
[vector] 16709 19908 19925 False
[vector] 17829 20931 18890 False
[vector] 18558 19140 19551 False
[vector] 15935 18153 20645 False
[vector] 17984 20145 19380 False
[vector] 16898 19731 19959 False
[vector] 17703 20224 19538 False
[vector] 16165 19142 20300 False
[vector] 16522 19936 19994 False
[vector] 15187 20556 19716 False
[vector] 17741 19220 19959 False
[vector] 18334 20222 19193 False
[vector] 17785 21565 18061 False
[vector] 15929 20656 19547 False
[vector] 19855 19423 18125 False
[vector] 17978 21144 18715 False
[vector] 19758 19918 17884 False
[vector] 20270 19179 16694 False
[vector] 19091 18840 19142 False
[vector] 16641 20051 19807 False
[vector] 16101 20282 19809 False
[vector] 20455 17722 17543 False
[vector] 16680 18428 20357 False
[vector] 16107 20225 19818 False
[vector] 17928 20915 18925 False
[vector] 19194 20460 18214 False
[vector] 18270 18379 19702 False
[vector] 16622 19257 20168 False
[vector] 19362 20666 17673 False
[vector] 16722 21270 19015 False
[vector] 14325 19417 20381 False
[vector] 19542 19496 18652 False
[vector] 16915 19507 20014 False
[vector] 17939 20100 19494 False
[vector] 17307 20294 19650 False
[vector] 18595 18259 19593 False
[vector] 17762 20596 19186 False
[vector] 16712 20101 19804 False
[vector] 17191 19632 19903 False
[vector] 19065 18842 19126 False
[vector] 18149 20104 19323 False
[vector] 18175 19082 19789 False
[vector] 18315 19945 19265 False
[vector] 15685 19998 20013 False
[vector] 16996 18945 20247 False
[vector] 15647 18189 20666 False
[vector] 16604 20067 19834 False
[vector] 18311 20786 18893 False
[vector] 17364 21384 18898 False
[vector] 18015 21607 17364 False
[vector] 19876 19980 17205 False
[vector] 15899 19819 20048 False
[vector] 19029 19670 18999 False
[vector] 18547 20859 18661 False
[vector] 20016 20177 17104 False
[vector] 17363 21742 18494 False
[vector] 15055 18398 20726 False
[vector] 15562 19688 20168 False
[vector] 17773 20743 19057 False
[vector] 16121 19368 20242 False
[vector] 16863 20463 19502 False
[vector] 17854 21053 18864 False
[vector] 18935 20221 18875 False
[vector] 14264 18197 20776 False
[vector] 19189 20452 18580 False
[vector] 17246 19074 20045 False
[vector] 19355 20595 18088 False
[vector] 16293 20828 19469 False
[vector] 16641 18214 20376 False
[vector] 17991 19415 19620 False
[vector] 16901 19031 20159 False
[vector] 17262 20249 19764 False
[vector] 17515 18485 19972 False
[vector] 18596 20058 19201 False
[vector] 19705 19829 17970 False
[vector] 18836 17598 19490 False
[vector] 15857 20642 19607 False
[vector] 18572 20633 18749 False
[vector] 19775 18982 18282 False
[vector] 15924 21814 18467 False
[vector] 15409 21102 19257 False
[vector] 15375 20787 19604 False
[vector] 20151 18901 18268 False
[vector] 14426 18278 20748 False
[vector] 17386 18489 20088 False
[vector] 16076 19323 20356 False
[vector] 17577 19263 19928 False
[vector] 17809 21008 18978 False
[vector] 18845 19962 19098 False
[vector] 16796 20613 19494 False
[vector] 17461 21799 18068 False
[vector] 19755 19649 18057 False
[vector] 19179 21055 18324 False
[vector] 19416 20343 17745 False
[vector] 17763 20956 18982 False
[vector] 18692 20946 18427 False
[vector] 16509 20293 19688 False
[vector] 16409 20923 19352 False
[vector] 19768 19315 18140 False
[vector] 16986 19557 20011 False
[vector] 19054 20128 18822 False
[vector] 15208 20281 19900 False
[vector] 17042 21581 18868 False
[vector] 18038 20496 19313 False
[vector] 18294 21565 17978 False
[vector] 17941 18019 19955 False
[vector] 20031 19582 16994 False
[vector] 19791 20279 16957 False
[vector] 16326 21483 18919 False
[vector] 19247 20445 18193 False
[vector] 16778 19817 19902 False
[vector] 19979 19405 17594 False
[vector] 16297 21306 19156 False
[vector] 17532 21250 18834 False
[vector] 18433 20825 18855 False
[vector] 15001 19953 20065 False
[vector] 19824 19736 17917 False
[vector] 16860 19737 19855 False
[vector] 18187 20709 19138 False
[vector] 19455 19388 18667 False
[vector] 18255 20746 19030 False
[vector] 16488 18831 20299 False
[vector] 17356 19591 19846 False
[vector] 18015 21375 18638 False
[vector] 17201 19029 20159 False
[vector] 19028 20130 18806 False
[vector] 17533 19489 19870 False
[vector] 17188 19446 19984 False
[vector] 18407 20827 18839 False
[vector] 16345 20640 19552 False
[vector] 17513 19326 19875 False
[vector] 16733 19772 20016 False
[vector] 16691 20439 19596 False
[vector] 17954 21701 17798 False
[vector] 17038 21103 19181 False
[vector] 15327 19740 20188 False
[vector] 16965 21985 18008 False
[vector] 17430 18807 20077 False
[vector] 18154 19095 19641 False
[vector] 18537 21462 18405 False
[vector] 18138 20198 19314 False
[vector] 19659 20141 17333 False
[vector] 19201 20757 17556 False
[vector] 18904 21282 17896 False
[vector] 17584 19376 19872 False
[vector] 17090 20915 19264 False
[vector] 15078 20046 20025 False
[vector] 17478 20047 19728 False
[vector] 17983 19636 19627 False
[vector] 16437 20252 19703 False
[vector] 15524 19676 20239 False
[vector] 17468 19281 19989 False
[vector] 17774 19445 19772 False
[vector] 18403 20830 18740 False
[vector] 18665 18835 19546 False
[vector] 20161 18298 18524 False
[vector] 19276 18302 19023 False
[vector] 16241 19282 20299 False
[vector] 17416 21754 18182 False
[vector] 17797 21244 18816 False
[vector] 18374 20653 18977 False
[vector] 17984 19449 19601 False
[vector] 16208 19961 19888 False
[vector] 16120 21062 19316 False
[vector] 17556 21364 18671 False
[vector] 19708 18922 18381 False
[vector] 19739 20035 17669 False
[vector] 19985 19154 18012 False
[vector] 17822 20131 19485 False
[vector] 19393 20353 17881 False
[vector] 19765 19046 18313 False
[vector] 19300 20534 18107 False
[vector] 20322 19052 17503 False
[vector] 15833 20772 19512 False
[vector] 16464 20099 19840 False
[vector] 18405 20311 18976 False
[vector] 15738 19497 20274 False
[vector] 17643 20006 19671 False
[vector] 19239 20132 18422 False
[vector] 15977 19990 19943 False
[vector] 18617 19661 19292 False
[vector] 16433 19774 20016 False
[vector] 15932 20831 19428 False
[vector] 19553 19320 18592 False
[vector] 15116 19090 20481 False
[vector] 16136 20984 19382 False
[vector] 19411 19763 18589 False
[vector] 19246 20085 18397 False
[vector] 20123 19364 16675 False
[vector] 16278 19786 20117 False
[vector] 15664 19873 20138 False
[vector] 17105 20405 19677 False
[vector] 17488 19444 19984 False
[vector] 18104 19821 19512 False
[vector] 18614 19561 19328 False
[vector] 15773 20145 19904 False
[vector] 16638 19858 19928 False
[vector] 18944 21081 17963 False
[vector] 16077 19450 20214 False
[vector] 17143 19401 20098 False
[vector] 20052 19124 17717 False
[vector] 16648 19267 20104 False
[vector] 18134 20834 18926 False
[vector] 16483 21327 19006 False
[vector] 18215 20315 19246 False
[vector] 19241 20696 17868 False
[vector] 17467 21545 18727 False
[vector] 17684 20924 19113 False
[vector] 16454 21150 19243 False
[vector] 19018 20733 18550 False
[vector] 16920 21940 18122 False
[vector] 16297 20293 19729 False
[vector] 18869 17823 19303 False
[vector] 15750 18871 20459 False
[vector] 15825 19957 19987 False
[vector] 16881 21259 19094 False
[vector] 18234 20056 19387 False
[vector] 19370 20655 17108 False
[vector] 15414 20038 19985 False
[vector] 16083 19540 20160 False
[vector] 17821 21117 18927 False
[vector] 18797 18722 19354 False
[vector] 18204 18561 19669 False
[vector] 18736 19452 19407 False
[vector] 15337 19137 20444 False
[vector] 15941 20030 19903 False
[vector] 17755 19696 19814 False
[vector] 18885 19781 19064 False
[vector] 20128 19372 16309 False
[vector] 18666 18876 19454 False
[vector] 17366 20248 19527 False
[vector] 17983 17964 19877 False
[vector] 16712 18054 20349 False
[vector] 19070 20545 18633 False
[vector] 14995 19199 20491 False
[vector] 16307 19963 19880 False
[vector] 15235 20190 20014 False
[vector] 18713 20606 18917 False
[vector] 17963 20363 19424 False
[vector] 17010 19421 20102 False
[vector] 17970 21330 18752 False
[vector] 17399 21945 17614 False
[vector] 18242 20868 18896 False
[vector] 16929 20593 19490 False
[vector] 19269 18599 19060 False
[vector] 18067 21480 18173 False
[vector] 18671 20191 19090 False
[vector] 17939 19404 19715 False
[vector] 15780 19912 20101 False
[vector] 18428 20952 18714 False
[vector] 18868 19339 19215 False
[vector] 17902 18140 19852 False
[vector] 16184 20318 19778 False
[vector] 15981 20422 19695 False
[vector] 15126 19052 20505 False
[vector] 17252 19911 19789 False
[vector] 15071 21276 19175 False
[vector] 17929 19419 19758 False
[vector] 19990 19162 17646 False
[vector] 19715 19226 18226 False
[vector] 18053 20077 19473 False
[vector] 17506 21611 18521 False
[vector] 19346 18878 18976 False
[vector] 17341 18988 20133 False
[vector] 16821 19598 20068 False
[vector] 20332 18449 17759 False
[vector] 16647 20665 19538 False
[vector] 16474 19496 20096 False
[vector] 18755 21245 18341 False
[vector] 18317 20450 19027 False
[vector] 17858 19369 19761 False
[vector] 16364 19865 20039 False
[vector] 17033 21230 19040 False
[vector] 19402 19299 18753 False
[vector] 16395 19946 19934 False
[vector] 15203 20408 19759 False
[vector] 15005 18596 20747 False
[vector] 19672 19227 18539 False
[vector] 16288 20955 19328 False
[vector] 17973 19760 19680 False
[vector] 17922 21430 18635 False
[vector] 18884 20101 18885 False
[vector] 16186 19960 19905 False
[vector] 18779 19520 19271 False
[vector] 17715 21695 18034 False
[vector] 19590 20439 17433 False
[vector] 16602 20620 19652 False
[vector] 17813 19324 19875 False
[vector] 16009 19916 20024 False
[vector] 18552 20284 19143 False
[vector] 16586 19325 20185 False
[vector] 19443 20624 17414 False
[vector] 15891 20692 19511 False
[vector] 17860 20068 19625 False
[vector] 18647 18959 19495 False
[vector] 15558 18370 20722 False
[vector] 18977 20600 18630 False
[vector] 19205 20149 18661 False
[vector] 19964 19933 17816 False
[vector] 17688 20734 19125 False
[vector] 15862 20515 19748 False
[vector] 19303 20722 17279 False
[vector] 18207 18975 19659 False
[vector] 16424 19668 20056 False
[vector] 19430 18921 18834 False
[vector] 17260 19550 19900 False
[vector] 17999 20510 19168 False
[vector] 18671 17639 19547 False
[vector] 15895 18626 20540 False
[vector] 20213 18542 17812 False
[vector] 18354 19962 19230 False
[vector] 16115 19462 20143 False
[vector] 19699 19228 18280 False
[vector] 16443 19409 20197 False
[vector] 17483 18159 20068 False
[vector] 16309 20680 19512 False
[vector] 17884 19941 19736 False
[vector] 16537 18219 20459 False
[vector] 18641 20862 18509 False
[vector] 18184 18660 19722 False
[vector] 15648 20780 19517 False
[vector] 19400 20402 17789 False
[vector] 16856 18986 20273 False
[vector] 18612 20685 18746 False
[vector] 17779 21739 17927 False
[vector] 18765 20194 18938 False
[vector] 17331 19600 19897 False
[vector] 16752 19254 20118 False
[vector] 19376 19301 18737 False
[vector] 15995 19985 19932 False
[vector] 15934 18604 20491 False
[vector] 15809 20089 19864 False
[vector] 16303 18645 20434 False
[vector] 15764 20018 19976 False
[vector] 19705 19192 18360 False
[vector] 16911 18966 20166 False
[vector] 17232 19220 20042 False
[vector] 15774 18735 20550 False
[vector] 17443 21663 18296 False
[vector] 19582 19133 18545 False
[vector] 17961 20063 19474 False
[vector] 17930 21040 18830 False
[vector] 18265 20143 19286 False
[vector] 15548 18973 20466 False
[vector] 17005 18308 20248 False
[vector] 20119 19158 16855 False
[vector] 17209 20374 19552 False
[vector] 15982 20375 19862 False
[vector] 16559 19448 20160 False
[vector] 17512 21590 18613 False
[vector] 17523 20092 19614 False
[vector] 15905 18588 20564 False
[vector] 18646 20735 18650 False
[vector] 18211 21509 18094 False
[vector] 16788 19214 20158 False
[vector] 17904 21042 18814 False
[vector] 17161 18603 20181 False
[vector] 17465 18683 19993 False
[vector] 18726 20055 19151 False
[vector] 16534 19183 20243 False
[vector] 19563 18717 18848 False
[vector] 17643 20689 19239 False
[vector] 15845 18785 20547 False
[vector] 19025 19022 19109 False
[vector] 18562 19681 19399 False
[vector] 16594 21603 18691 False
[vector] 16525 20187 19813 False
[vector] 19418 20596 17428 False
[vector] 17219 19771 19808 False
[vector] 16027 20474 19691 False
[vector] 18987 19997 18886 False
[vector] 18760 20010 19034 False
[vector] 16501 18255 20402 False
[vector] 18068 19794 19516 False
[vector] 17150 20450 19563 False
[vector] 18581 19455 19488 False
[vector] 17660 20795 19153 False
[vector] 19341 19102 18890 False
[vector] 17184 19144 20046 False
[vector] 15266 20277 19913 False
[vector] 18750 21372 18200 False
[vector] 16493 18445 20401 False
[vector] 18014 21573 18043 False
[vector] 17355 21746 18526 False
[vector] 15139 21313 19067 False
[vector] 17526 20285 19493 False
[vector] 18909 20223 18859 False
[vector] 18335 21007 18711 False
[vector] 20042 19406 16934 False
[vector] 16454 20137 19816 False
[vector] 19492 18100 18987 False
[vector] 18757 20380 18975 False
[vector] 18482 19760 19597 False
[vector] 17207 21239 18918 False
[vector] 17085 18764 20191 False
[vector] 17536 20718 19398 False
[vector] 20166 18306 18158 False
[vector] 17768 20875 19058 False
[vector] 17712 20607 19236 False
[vector] 18229 20183 19246 False
[vector] 17874 20544 19480 False
[vector] 16146 19368 20211 False
[vector] 15977 20420 19703 False
[vector] 19866 19247 18065 False
[vector] 17421 18968 19995 False
[vector] 19366 20352 18140 False
[vector] 16422 19493 20100 False
[vector] 19703 18914 18747 False
[vector] 17431 20385 19501 False
[vector] 15670 18950 20657 False
[vector] 16957 20935 19268 False
[vector] 19357 20658 18039 False
[vector] 18746 19414 19431 False
[vector] 18395 20435 19029 False
[vector] 16448 18400 20515 False
[vector] 16415 20289 19723 False
[vector] 15283 21342 18988 False
[vector] 20194 18659 17597 False
[vector] 15556 20766 19518 False
[vector] 18273 18479 19666 False
[vector] 14850 19742 20187 False
[vector] 19408 19863 18288 False
[vector] 15991 19371 20292 False
[vector] 15205 17814 20807 False
[vector] 18086 19263 19845 False
[vector] 15151 20596 19676 False
[vector] 18626 21281 18349 False
[vector] 17157 21056 19063 False
[vector] 17917 20920 18948 False
[vector] 19642 20312 18242 False
[vector] 17400 19509 19874 False
[vector] 16430 21286 19152 False
[vector] 17239 21651 18643 False
[vector] 17055 19466 19988 False
[vector] 19537 18719 18832 False
[vector] 16372 18554 20411 False
[vector] 20248 18624 17695 False
[vector] 15482 20750 19534 False
[vector] 17541 20888 19206 False
[vector] 18949 21089 17597 False
[vector] 14397 18395 20752 False
[vector] 16388 19729 20130 False
[vector] 16148 20358 19738 False
[vector] 18228 18434 19780 False
[vector] 20023 19127 17467 False
[vector] 17865 21882 17854 False
[vector] 17393 19542 19816 False
[vector] 18581 21236 18463 False
[vector] 18306 20616 19085 False
[vector] 16443 18604 20408 False
[vector] 19246 20704 17502 False
[vector] 16462 20964 19206 False
[vector] 20337 18457 17393 False
[vector] 18285 20044 19233 False
[vector] 20097 19154 17356 False
[vector] 16293 19815 20042 False
[vector] 17897 18245 19897 False
[vector] 16788 19452 20083 False
[vector] 16730 18033 20320 False
[vector] 16327 18509 20525 False
[vector] 17349 19768 19758 False
[vector] 15524 20689 19666 False
[vector] 16619 21109 19186 False
[vector] 17233 19106 20011 False
[vector] 15633 20186 19930 False
[vector] 16761 19911 19921 False
[vector] 16486 21695 18567 False
[vector] 17742 21085 19058 False
[vector] 19377 18841 18930 False
[vector] 18240 19878 19369 False
[vector] 18631 21154 18490 False
[vector] 18926 20516 18712 False
[vector] 18768 20137 19027 False
[vector] 17200 20439 19513 False
[vector] 16035 20416 19716 False
[vector] 18567 20760 18608 False
[vector] 19031 19256 19100 False
[vector] 17288 19829 19747 False
[vector] 17460 20578 19399 False
[vector] 15721 18521 20589 False
[vector] 20071 19120 17387 False
[vector] 16803 19817 19871 False
[vector] 16402 19604 20073 False
[vector] 16685 17988 20434 False
[vector] 17052 20978 19124 False
[vector] 17307 19727 19786 False
[vector] 18921 20332 18808 False
[vector] 17304 19723 19872 False
[vector] 20000 18880 18429 False
[vector] 19365 19992 18344 False
[vector] 15826 20555 19708 False
[vector] 17929 19986 19622 False
[vector] 18094 20424 19256 False
[vector] 19067 18136 19299 False
[vector] 15655 20187 19913 False
[vector] 19210 20157 18295 False
[vector] 16602 20917 19319 False
[vector] 16477 19548 20074 False
[vector] 17069 20552 19464 False
[vector] 15964 19633 20213 False
[vector] 15670 20681 19520 False
[vector] 17461 21566 18635 False
[vector] 18571 19579 19541 False
[vector] 19180 18780 19116 False
[vector] 18134 21282 18585 False
[vector] 18104 20059 19437 False
[vector] 17269 20357 19510 False
[vector] 17585 21890 17919 False
[vector] 16300 20032 19846 False
[vector] 18068 19861 19472 False
[vector] 16987 19497 19947 False
[vector] 17017 19638 19906 False
[vector] 19652 19709 18498 False
[vector] 14942 18985 20530 False
[vector] 16831 20775 19346 False
[vector] 19213 20629 18118 False
[vector] 20045 18910 18068 False
[vector] 16398 19126 20386 False
[vector] 16307 20255 19753 False
[vector] 20026 19574 17360 False
[vector] 14268 17459 20846 False
[vector] 17416 20804 19341 False
[vector] 15714 21188 19203 False
[vector] 17591 21604 18183 False
[vector] 14883 18011 20777 False
[vector] 17488 21708 18182 False
[vector] 18266 20741 19007 False
[vector] 16650 18863 20276 False
[vector] 20419 18775 16930 False
[vector] 16151 21801 18319 False
[vector] 18089 21237 18699 False
[vector] 19448 20632 17048 False
[vector] 17224 20312 19624 False
[vector] 17830 19039 19903 False
[vector] 18041 21482 18157 False
[vector] 18142 19896 19417 False
[vector] 17265 21090 19033 False
[vector] 18502 19723 19302 False
[vector] 18069 19401 19665 False
[vector] 16303 19212 20298 False
[vector] 15982 19356 20431 False
[vector] 17963 21563 18555 False
[vector] 18310 20426 19097 False
[vector] 18042 21572 16854 False
[vector] 17157 19267 20021 False
[vector] 16607 20790 19460 False
[vector] 17306 21223 18953 False
[vector] 17702 21210 18980 False
[vector] 17919 20589 19366 False
[vector] 16278 18754 20475 False
[vector] 20171 19031 17664 False
[vector] 18831 18261 19275 False
[vector] 16118 20188 19790 False
[vector] 18876 20287 18922 False
[vector] 17741 21791 18003 False
[vector] 15867 20039 19863 False
[vector] 17439 18385 20010 False
[vector] 15664 19635 20213 False
[vector] 18309 19917 19344 False
[vector] 17556 21713 18156 False
[vector] 18651 19500 19343 False
[vector] 18463 20472 18921 False
[vector] 16828 19815 19872 False
[vector] 15348 20878 19490 False
[vector] 18899 21274 18262 False
[vector] 19704 19469 18174 False
[vector] 16962 19684 19900 False
[vector] 19199 20333 18355 False
[vector] 19234 20259 18281 False
[vector] 17525 18104 19990 False
[vector] 15890 18830 20433 False
[vector] 15685 21011 19440 False
[vector] 17133 20004 19842 False
[vector] 15836 19952 19964 False
[vector] 16832 18988 20216 False
[vector] 16846 19589 20017 False
[vector] 19689 18421 18818 False
[vector] 18804 18425 19317 False
[vector] 15622 17661 20670 False
[vector] 13782 17843 20821 False
[vector] 17960 19321 19690 False
[vector] 16487 18945 20330 False
[vector] 15619 19590 20327 False
[vector] 18354 20200 19155 False
[vector] 15695 19960 20037 False
[vector] 16623 18797 20361 False
[vector] 17752 20961 19005 False
[vector] 16393 18013 20532 False
[vector] 15895 21637 18704 False
[vector] 17371 20759 19455 False
[vector] 18606 19455 19457 False
