[nb-items] 60
[nb-objectives] 3
[nb-pareto] 550
[nb-lorenz] 29
[runtime] 59.315958976745605
[format] f1 f2 f3 isLorenzND
[vector] 23114 22953 22707 True
[vector] 23586 22945 22671 True
[vector] 24629 23329 22119 True
[vector] 23256 22753 22860 True
[vector] 24668 22796 22357 True
[vector] 24381 22589 22570 True
[vector] 24378 22997 22351 True
[vector] 23071 22814 22809 True
[vector] 24316 23004 22384 True
[vector] 24442 22705 22541 True
[vector] 24001 22660 22695 True
[vector] 23939 22667 22728 True
[vector] 24579 23481 22042 True
[vector] 23963 23282 22327 True
[vector] 24618 22948 22280 True
[vector] 24110 23455 22084 True
[vector] 24492 22553 22618 True
[vector] 23754 23767 22021 True
[vector] 23420 22793 22693 True
[vector] 23657 23442 22341 True
[vector] 23280 23105 22685 True
[vector] 23164 22801 22784 True
[vector] 24060 23607 22007 True
[vector] 23804 23615 22098 True
[vector] 23913 23434 22250 True
[vector] 23781 23089 22369 True
[vector] 22967 22780 22950 True
[vector] 23607 23594 22264 True
[vector] 23521 23060 22572 True
[vector] 23891 23624 22015 False
[vector] 22391 22276 23131 False
[vector] 24916 22161 22226 False
[vector] 26674 20906 19080 False
[vector] 25131 21571 22180 False
[vector] 26075 21803 21022 False
[vector] 24020 23214 22202 False
[vector] 25308 22510 21693 False
[vector] 26587 20740 19797 False
[vector] 26690 20705 19220 False
[vector] 25244 23278 20667 False
[vector] 22333 22137 23339 False
[vector] 22267 24168 21400 False
[vector] 23695 20584 23319 False
[vector] 25006 22502 22000 False
[vector] 26800 21000 18538 False
[vector] 25990 20523 21254 False
[vector] 23825 23653 21572 False
[vector] 24283 23772 20728 False
[vector] 22552 21596 23534 False
[vector] 24365 21868 22878 False
[vector] 25480 22866 21018 False
[vector] 21771 22313 23249 False
[vector] 23070 21243 23499 False
[vector] 26733 20654 19458 False
[vector] 25181 23334 20054 False
[vector] 25289 21290 22104 False
[vector] 22697 23775 22011 False
[vector] 23045 23261 22401 False
[vector] 25782 21931 21661 False
[vector] 23273 22620 22936 False
[vector] 25692 20988 21908 False
[vector] 23899 21601 23132 False
[vector] 25423 22315 21513 False
[vector] 23333 21865 23269 False
[vector] 22666 22496 23041 False
[vector] 22422 23487 22305 False
[vector] 25157 20996 22125 False
[vector] 23911 22686 22616 False
[vector] 26694 20476 19603 False
[vector] 26591 20033 19696 False
[vector] 24735 22740 22087 False
[vector] 26287 22107 19394 False
[vector] 25463 21837 21672 False
[vector] 23266 22150 23116 False
[vector] 26158 21366 21008 False
[vector] 23114 20567 23611 False
[vector] 23226 22794 22751 False
[vector] 24955 21628 22464 False
[vector] 23301 22658 22778 False
[vector] 23564 23135 22436 False
[vector] 23659 23032 22412 False
[vector] 26677 20787 19079 False
[vector] 24134 23818 20947 False
[vector] 25360 22276 21633 False
[vector] 25560 22036 21653 False
[vector] 22668 20527 23634 False
[vector] 22919 24295 20715 False
[vector] 23263 21983 23225 False
[vector] 25293 22315 21757 False
[vector] 23180 20980 23476 False
[vector] 23976 24151 20486 False
[vector] 22372 22214 23218 False
[vector] 25400 22436 21545 False
[vector] 22699 23238 22683 False
[vector] 22170 21808 23430 False
[vector] 22663 23368 22494 False
[vector] 23617 22991 22520 False
[vector] 24715 22931 22061 False
[vector] 23978 22134 22966 False
[vector] 24717 20211 22731 False
[vector] 25794 22111 21268 False
[vector] 24715 21427 22696 False
[vector] 25115 22930 21694 False
[vector] 25650 21530 21730 False
[vector] 25469 21577 21846 False
[vector] 25092 22404 21965 False
[vector] 23358 21904 23135 False
[vector] 23243 22232 23211 False
[vector] 25115 21426 22329 False
[vector] 25384 22715 21379 False
[vector] 23782 23740 21555 False
[vector] 23282 21699 23449 False
[vector] 25113 22147 22343 False
[vector] 23838 23958 20754 False
[vector] 20748 22621 23059 False
[vector] 22739 23421 22415 False
[vector] 22297 24329 20343 False
[vector] 26072 21882 20772 False
[vector] 22279 22435 23087 False
[vector] 25506 21348 21913 False
[vector] 22532 20735 23716 False
[vector] 23532 22634 22737 False
[vector] 24610 22109 22530 False
[vector] 22614 23628 22087 False
[vector] 22438 22269 23204 False
[vector] 24015 23836 21263 False
[vector] 23705 21905 23067 False
[vector] 22077 22153 23235 False
[vector] 25298 21553 21963 False
[vector] 21363 20381 23841 False
[vector] 21095 20479 23872 False
[vector] 25808 21356 21606 False
[vector] 23442 22393 22855 False
[vector] 21233 19676 23994 False
[vector] 25361 22969 21307 False
[vector] 23438 20958 23494 False
[vector] 22390 24304 20447 False
[vector] 25069 23559 20183 False
[vector] 21775 24386 20393 False
[vector] 23017 22628 23027 False
[vector] 21038 20797 23850 False
[vector] 26802 20870 17476 False
[vector] 25428 22534 21369 False
[vector] 26086 22744 20352 False
[vector] 22559 20977 23618 False
[vector] 25976 21731 21133 False
[vector] 24612 23463 21072 False
[vector] 26503 22077 20145 False
[vector] 25040 21235 22355 False
[vector] 20936 24062 21725 False
[vector] 22361 24145 21524 False
[vector] 22578 21429 23496 False
[vector] 26247 21432 20744 False
[vector] 24825 23542 20964 False
[vector] 26221 22138 19677 False
[vector] 22654 21868 23308 False
[vector] 22467 23800 22012 False
[vector] 26154 21826 20537 False
[vector] 22478 21625 23569 False
[vector] 22383 21985 23416 False
[vector] 25608 22471 21273 False
[vector] 22803 23272 22542 False
[vector] 21827 20329 23890 False
[vector] 22345 21695 23502 False
[vector] 25585 21945 21544 False
[vector] 24283 22726 22414 False
[vector] 23428 22231 23088 False
[vector] 23353 23078 22540 False
[vector] 25743 22464 21423 False
[vector] 24566 20078 22796 False
[vector] 25289 22390 22082 False
[vector] 23923 22831 22506 False
[vector] 23120 21091 23576 False
[vector] 23368 21301 23391 False
[vector] 22127 22588 23039 False
[vector] 26030 22753 20625 False
[vector] 22640 22842 22765 False
[vector] 23945 23884 20745 False
[vector] 23640 22320 22881 False
[vector] 26575 21278 19419 False
[vector] 26151 21281 21105 False
[vector] 26598 20661 19308 False
[vector] 21388 23435 22373 False
[vector] 23322 24293 20097 False
[vector] 23323 22468 23013 False
[vector] 23852 21739 23304 False
[vector] 24598 21964 22586 False
[vector] 23339 24052 21997 False
[vector] 24044 21985 22894 False
[vector] 25415 23302 20550 False
[vector] 22563 24161 21277 False
[vector] 21926 22713 23030 False
[vector] 24355 22471 22622 False
[vector] 24344 23527 21607 False
[vector] 24179 22228 22883 False
[vector] 24317 23655 21570 False
[vector] 23938 21341 23246 False
[vector] 24321 23676 21249 False
[vector] 26271 22308 19254 False
[vector] 26468 21206 20269 False
[vector] 24282 23991 20472 False
[vector] 24428 21681 22653 False
[vector] 21080 21677 23572 False
[vector] 22574 23445 22355 False
[vector] 23423 24243 20730 False
[vector] 26338 19759 20677 False
[vector] 24717 23182 21638 False
[vector] 24779 23677 19225 False
[vector] 26776 20341 19085 False
[vector] 23313 21831 23302 False
[vector] 25459 20971 22058 False
[vector] 25343 22163 21834 False
[vector] 24099 23074 22245 False
[vector] 26592 21001 19347 False
[vector] 24978 22154 22193 False
[vector] 24244 21813 23069 False
[vector] 23757 22239 22851 False
[vector] 25111 22489 21859 False
[vector] 23989 22515 22805 False
[vector] 22420 19843 23787 False
[vector] 23667 22839 22597 False
[vector] 25142 23371 19067 False
[vector] 25966 21125 21345 False
[vector] 21801 23453 22318 False
[vector] 24326 22401 22640 False
[vector] 21738 21571 23607 False
[vector] 24763 23719 20197 False
[vector] 22601 24403 20309 False
[vector] 21948 24243 21223 False
[vector] 23363 23822 21803 False
[vector] 26595 21492 19213 False
[vector] 24731 23049 21809 False
[vector] 24768 23592 20047 False
[vector] 26015 22858 20801 False
[vector] 23408 21752 23212 False
[vector] 23560 22527 22810 False
[vector] 26000 21990 20969 False
[vector] 26553 20850 19952 False
[vector] 26621 20917 19158 False
[vector] 22585 21523 23454 False
[vector] 24650 23367 21593 False
[vector] 24541 23577 21521 False
[vector] 24823 23158 21671 False
[vector] 26040 22150 20881 False
[vector] 21708 22933 22723 False
[vector] 21102 24313 20683 False
[vector] 22536 22899 22794 False
[vector] 26087 21777 20596 False
[vector] 24502 22644 22379 False
[vector] 22488 22117 23281 False
[vector] 26433 21351 20451 False
[vector] 22355 21092 23758 False
[vector] 26740 20173 19257 False
[vector] 21528 24486 19941 False
[vector] 23894 23015 22352 False
[vector] 22602 24101 21612 False
[vector] 22278 23662 22104 False
[vector] 22845 22376 23069 False
[vector] 23175 22757 22780 False
[vector] 23671 23805 21553 False
[vector] 25919 22707 21162 False
[vector] 24494 21832 22604 False
[vector] 21424 23008 22775 False
[vector] 24080 23975 20719 False
[vector] 26243 22109 19330 False
[vector] 27041 19529 17322 False
[vector] 21821 22748 23053 False
[vector] 25963 20634 21479 False
[vector] 24797 22733 22054 False
[vector] 22480 22310 23096 False
[vector] 23096 24139 20839 False
[vector] 24406 23624 21212 False
[vector] 26744 20606 18929 False
[vector] 24420 22056 22808 False
[vector] 24797 21229 22689 False
[vector] 21194 22577 23079 False
[vector] 23419 22475 22950 False
[vector] 26102 22042 20338 False
[vector] 26073 22096 20508 False
[vector] 22704 21716 23385 False
[vector] 24888 20235 22614 False
[vector] 22528 21473 23646 False
[vector] 25348 21522 22037 False
[vector] 24491 20757 22866 False
[vector] 25291 21758 21868 False
[vector] 24869 23511 20635 False
[vector] 22708 20855 23579 False
[vector] 24847 23417 21507 False
[vector] 25250 22923 21844 False
[vector] 24695 20510 22716 False
[vector] 22614 21075 23588 False
[vector] 22712 23701 22031 False
[vector] 24539 22415 22446 False
[vector] 23973 22679 22583 False
[vector] 23418 21149 23468 False
[vector] 25347 21628 21789 False
[vector] 22646 22462 23074 False
[vector] 24008 23836 21315 False
[vector] 22942 24242 21171 False
[vector] 25534 21162 22032 False
[vector] 25258 22662 21616 False
[vector] 25338 22466 21398 False
[vector] 26418 21456 20627 False
[vector] 23255 24261 20698 False
[vector] 24144 23798 20740 False
[vector] 26197 22790 19815 False
[vector] 23363 22651 22745 False
[vector] 26646 20707 19156 False
[vector] 25400 22833 21127 False
[vector] 22395 21543 23579 False
[vector] 23941 23472 22092 False
[vector] 23316 20430 23495 False
[vector] 25305 22620 21448 False
[vector] 23216 22302 23039 False
[vector] 25295 21032 22078 False
[vector] 21926 24329 20538 False
[vector] 25694 23225 20656 False
[vector] 25394 22112 21635 False
[vector] 26083 21493 20764 False
[vector] 24788 22470 22195 False
[vector] 26107 22273 19869 False
[vector] 24367 23503 21647 False
[vector] 25479 22185 21434 False
[vector] 26629 21209 19147 False
[vector] 23457 24277 20451 False
[vector] 23903 22797 22539 False
[vector] 26476 20694 20334 False
[vector] 23667 23986 21111 False
[vector] 22718 20375 23711 False
[vector] 22761 23231 22650 False
[vector] 26026 22766 19932 False
[vector] 24697 23706 20496 False
[vector] 26645 21237 18836 False
[vector] 25497 22322 21431 False
[vector] 24692 22405 22332 False
[vector] 23774 24135 20733 False
[vector] 24843 22947 21592 False
[vector] 24462 23752 20061 False
[vector] 25929 22104 21418 False
[vector] 24517 20182 22811 False
[vector] 23738 22183 23037 False
[vector] 25360 21546 21930 False
[vector] 23610 22375 22887 False
[vector] 25599 22558 21252 False
[vector] 22064 23822 22089 False
[vector] 25523 23201 20773 False
[vector] 24338 21340 22879 False
[vector] 26322 21305 20988 False
[vector] 25945 22132 21107 False
[vector] 25741 19963 21756 False
[vector] 26729 21114 18987 False
[vector] 23027 22025 23283 False
[vector] 25154 22397 21932 False
[vector] 25524 21765 21776 False
[vector] 24217 23694 21285 False
[vector] 26648 21728 18702 False
[vector] 24473 21333 23029 False
[vector] 25266 23153 21210 False
[vector] 26702 19964 19668 False
[vector] 25014 23631 19660 False
[vector] 24823 20654 22634 False
[vector] 25134 21163 22399 False
[vector] 25153 21239 22189 False
[vector] 26086 22014 20649 False
[vector] 24813 23567 20274 False
[vector] 24881 20150 22711 False
[vector] 25653 21521 21670 False
[vector] 26397 22402 18712 False
[vector] 23880 22271 22810 False
[vector] 25175 23351 20621 False
[vector] 25357 21025 22045 False
[vector] 25880 22865 20651 False
[vector] 24700 23215 21670 False
[vector] 24969 23598 19898 False
[vector] 22581 21183 23574 False
[vector] 26576 21833 18634 False
[vector] 26979 20431 18460 False
[vector] 22582 20925 23692 False
[vector] 24569 23550 21055 False
[vector] 23709 22880 22489 False
[vector] 23392 22545 22778 False
[vector] 21956 22839 23027 False
[vector] 22405 20940 23835 False
[vector] 21777 20139 23914 False
[vector] 23695 22246 22884 False
[vector] 26184 22142 19971 False
[vector] 22848 22268 23201 False
[vector] 24844 22945 21526 False
[vector] 22677 22394 23037 False
[vector] 25851 23047 19448 False
[vector] 26375 21538 20212 False
[vector] 24758 21762 22451 False
[vector] 24028 21982 23043 False
[vector] 24774 22207 22325 False
[vector] 21097 20226 23975 False
[vector] 21886 24356 20432 False
[vector] 25647 21938 21511 False
[vector] 22372 23639 22228 False
[vector] 21963 19779 23909 False
[vector] 24037 23081 22278 False
[vector] 24968 22757 21937 False
[vector] 26257 22038 20532 False
[vector] 24945 22231 22208 False
[vector] 25372 22237 21621 False
[vector] 24907 23415 21156 False
[vector] 24968 21253 22572 False
[vector] 24997 20518 22409 False
[vector] 20496 22083 23341 False
[vector] 26658 21125 18958 False
[vector] 22329 22283 23164 False
[vector] 23017 23112 22557 False
[vector] 24629 20503 22779 False
[vector] 24059 20552 23219 False
[vector] 22769 24385 20341 False
[vector] 26101 22639 20176 False
[vector] 23596 24100 21560 False
[vector] 26727 20913 19020 False
[vector] 24903 23585 20197 False
[vector] 24551 21713 22612 False
[vector] 23126 20669 23542 False
[vector] 24754 22456 22311 False
[vector] 22879 22314 23050 False
[vector] 23524 20560 23436 False
[vector] 21925 24296 20767 False
[vector] 22519 21777 23334 False
[vector] 22332 23709 22038 False
[vector] 22343 21534 23595 False
[vector] 25248 23265 21360 False
[vector] 24514 21583 22618 False
[vector] 25987 21342 21125 False
[vector] 21770 20987 23767 False
[vector] 26574 21963 19696 False
[vector] 23643 21912 23100 False
[vector] 22977 22830 22754 False
[vector] 21183 19828 23917 False
[vector] 25351 21283 22071 False
[vector] 24094 21833 22971 False
[vector] 23255 23215 22384 False
[vector] 23843 23082 22336 False
[vector] 25119 23407 20260 False
[vector] 23682 21379 23338 False
[vector] 25784 22714 21012 False
[vector] 24578 22155 22560 False
[vector] 23758 23788 21700 False
[vector] 24492 23700 21132 False
[vector] 25578 22857 20958 False
[vector] 24672 22102 22497 False
[vector] 22131 23834 22029 False
[vector] 24348 24004 20173 False
[vector] 23960 23646 21722 False
[vector] 25437 23177 21093 False
[vector] 23334 22704 22740 False
[vector] 26342 22194 18805 False
[vector] 25394 23264 21076 False
[vector] 22635 21371 23531 False
[vector] 23970 23366 22125 False
[vector] 26800 20637 18907 False
[vector] 24058 20693 23102 False
[vector] 24082 23701 21135 False
[vector] 22695 20427 23637 False
[vector] 22803 24419 20062 False
[vector] 22262 22679 23013 False
[vector] 23470 22641 22770 False
[vector] 23121 22662 22886 False
[vector] 24051 22508 22772 False
[vector] 24233 23924 20651 False
[vector] 25104 23465 21070 False
[vector] 24085 19977 23164 False
[vector] 23369 22285 22974 False
[vector] 25492 22103 21575 False
[vector] 21940 21377 23734 False
[vector] 26804 20540 19009 False
[vector] 24784 21604 22581 False
[vector] 26332 22184 19140 False
[vector] 26908 20545 18909 False
[vector] 24782 23656 19798 False
[vector] 24834 23605 19748 False
[vector] 21833 22306 23216 False
[vector] 22497 23432 22556 False
[vector] 24335 23060 22198 False
[vector] 22222 24322 20415 False
[vector] 26289 22205 18883 False
[vector] 26666 21378 18764 False
[vector] 26254 21517 20647 False
[vector] 21810 21780 23487 False
[vector] 26146 21689 20573 False
[vector] 26710 21455 18408 False
[vector] 24649 21576 22768 False
[vector] 23283 22017 23192 False
[vector] 23926 23710 21352 False
[vector] 22603 24134 21383 False
[vector] 23861 22838 22539 False
[vector] 25462 21782 21751 False
[vector] 22509 22990 22719 False
[vector] 24521 23777 19342 False
[vector] 24689 23750 21046 False
[vector] 26231 22148 19342 False
[vector] 24812 23615 19907 False
[vector] 24322 22193 22652 False
[vector] 22065 22595 23072 False
[vector] 21275 24170 21513 False
[vector] 26584 20748 19541 False
[vector] 23841 22804 22572 False
[vector] 24960 23313 21224 False
[vector] 23881 24033 20618 False
[vector] 22584 19782 23767 False
[vector] 23719 24103 20923 False
[vector] 23953 21141 23251 False
[vector] 26730 20163 19592 False
[vector] 24771 23571 20620 False
[vector] 26262 22409 18562 False
[vector] 25387 20989 22275 False
[vector] 23902 23940 21546 False
[vector] 20703 24502 19796 False
[vector] 22023 22554 23180 False
[vector] 24607 23454 21576 False
[vector] 25476 22644 21331 False
[vector] 26368 22084 19995 False
[vector] 23711 23041 22396 False
[vector] 24050 24016 20610 False
[vector] 22265 24437 20326 False
[vector] 26705 20455 19534 False
[vector] 24864 23074 21510 False
[vector] 25740 23001 19985 False
[vector] 25531 21570 21813 False
[vector] 21271 24438 20378 False
[vector] 25113 23294 20857 False
[vector] 22094 24311 20570 False
[vector] 22491 20542 23777 False
[vector] 25321 22809 21395 False
[vector] 21684 24340 20679 False
[vector] 23488 23082 22515 False
[vector] 19866 19533 24009 False
[vector] 25242 23332 19352 False
[vector] 26012 21951 20957 False
[vector] 23954 23865 20971 False
[vector] 24047 24037 20037 False
[vector] 23459 22260 22931 False
[vector] 26148 20760 21220 False
[vector] 25108 23486 20749 False
[vector] 23206 20693 23518 False
[vector] 22429 24244 20782 False
[vector] 21309 20338 23843 False
[vector] 22393 21382 23672 False
[vector] 25052 20174 22594 False
[vector] 25298 23113 21437 False
[vector] 24173 23503 21724 False
[vector] 26529 21502 20090 False
[vector] 24039 20743 23193 False
[vector] 24087 22320 22649 False
