[nb-items] 60
[nb-objectives] 3
[nb-pareto] 1605
[nb-lorenz] 22
[runtime] 213.09895205497742
[format] f1 f2 f3 isLorenzND
[vector] 22230 21082 22603 True
[vector] 22604 21213 22034 True
[vector] 21580 21491 22634 True
[vector] 21777 21188 23179 True
[vector] 21967 21414 22195 True
[vector] 22165 21115 22971 True
[vector] 21670 21707 21765 True
[vector] 22274 21121 22265 True
[vector] 21989 21290 22372 True
[vector] 21716 21666 21847 True
[vector] 21758 21330 22544 True
[vector] 22113 21181 22568 True
[vector] 21642 21634 22187 True
[vector] 21605 21337 22947 True
[vector] 22030 21561 21979 True
[vector] 22063 21604 21808 True
[vector] 22088 21700 21608 True
[vector] 21795 21324 22642 True
[vector] 22446 20972 22497 True
[vector] 22109 21261 22448 True
[vector] 21726 21723 21674 True
[vector] 21831 21623 21911 True
[vector] 20358 22286 21879 False
[vector] 21685 21483 22216 False
[vector] 18212 23206 21206 False
[vector] 23323 19700 22499 False
[vector] 20486 21861 22849 False
[vector] 19788 19798 24661 False
[vector] 18390 22842 22158 False
[vector] 21548 21800 21518 False
[vector] 19071 23268 19750 False
[vector] 22003 19946 23750 False
[vector] 22655 20283 23082 False
[vector] 22280 21649 20300 False
[vector] 20022 20689 24154 False
[vector] 19236 23036 20811 False
[vector] 18319 18470 24941 False
[vector] 22421 21580 20039 False
[vector] 20881 22045 21862 False
[vector] 23866 20449 20420 False
[vector] 22285 18800 23710 False
[vector] 24577 19402 19918 False
[vector] 20941 22589 19640 False
[vector] 19693 22545 22007 False
[vector] 19031 23268 20495 False
[vector] 19698 22592 21770 False
[vector] 21806 20712 23585 False
[vector] 21836 21709 21648 False
[vector] 18270 23137 21040 False
[vector] 22142 21818 20112 False
[vector] 18968 18429 24891 False
[vector] 22122 19787 23605 False
[vector] 20892 19746 24285 False
[vector] 18689 18688 24850 False
[vector] 20634 20713 24036 False
[vector] 21482 20508 23592 False
[vector] 19339 22734 21511 False
[vector] 20798 20055 24301 False
[vector] 17921 23406 20420 False
[vector] 18363 23318 20229 False
[vector] 20377 22255 22035 False
[vector] 20245 22678 20821 False
[vector] 19131 18336 24939 False
[vector] 20501 21327 23508 False
[vector] 19419 23195 20287 False
[vector] 18696 23125 21178 False
[vector] 22079 21350 21895 False
[vector] 21475 21936 21352 False
[vector] 20901 21752 22644 False
[vector] 22962 20756 21797 False
[vector] 22375 21541 20502 False
[vector] 18142 23273 21111 False
[vector] 23464 20152 21817 False
[vector] 22661 21346 21523 False
[vector] 19466 21524 23514 False
[vector] 18426 18691 24847 False
[vector] 20545 22851 18646 False
[vector] 23439 20056 22017 False
[vector] 22401 19549 23532 False
[vector] 22096 21779 20575 False
[vector] 21126 20567 23858 False
[vector] 18935 23117 20856 False
[vector] 19726 22814 20845 False
[vector] 24201 20013 20693 False
[vector] 22966 20795 21511 False
[vector] 18247 23549 19078 False
[vector] 17786 23763 18787 False
[vector] 22358 19759 23390 False
[vector] 17743 23586 19858 False
[vector] 23741 19578 22194 False
[vector] 22391 20643 23026 False
[vector] 21506 21028 23421 False
[vector] 21781 21402 22249 False
[vector] 20465 20743 24140 False
[vector] 20574 20471 24139 False
[vector] 20281 21846 22980 False
[vector] 22466 19456 23511 False
[vector] 20133 22446 21903 False
[vector] 23715 20107 21492 False
[vector] 20218 22558 21221 False
[vector] 20092 21754 23212 False
[vector] 20922 22065 21668 False
[vector] 23057 20533 22382 False
[vector] 22895 20757 21842 False
[vector] 21790 21056 23070 False
[vector] 20380 19819 24394 False
[vector] 22755 20341 22605 False
[vector] 20884 22360 20899 False
[vector] 22335 20482 23185 False
[vector] 17999 23348 20336 False
[vector] 23211 19858 22588 False
[vector] 17738 16550 25141 False
[vector] 21916 21991 20106 False
[vector] 19202 21076 23993 False
[vector] 20318 22956 18486 False
[vector] 22001 21291 22170 False
[vector] 20591 22508 20913 False
[vector] 23413 20766 19855 False
[vector] 20028 22001 22962 False
[vector] 21402 21366 22826 False
[vector] 21119 20491 23905 False
[vector] 21251 20976 23425 False
[vector] 22808 20436 22588 False
[vector] 22756 19362 23172 False
[vector] 21689 22096 19946 False
[vector] 20942 20834 23826 False
[vector] 21866 18708 23915 False
[vector] 19247 23291 19108 False
[vector] 21197 21995 21534 False
[vector] 24282 19100 20793 False
[vector] 24370 19261 20648 False
[vector] 22104 21824 19701 False
[vector] 21360 22161 20867 False
[vector] 17758 23524 20373 False
[vector] 16740 23426 20541 False
[vector] 21595 22135 19994 False
[vector] 23464 20483 21637 False
[vector] 21881 22045 18638 False
[vector] 23896 20236 19911 False
[vector] 21701 21285 22714 False
[vector] 19397 22923 20895 False
[vector] 19301 22834 21540 False
[vector] 21501 22280 20408 False
[vector] 21129 22098 21539 False
[vector] 18083 23386 20289 False
[vector] 16742 23655 19519 False
[vector] 18815 23055 21647 False
[vector] 20071 21439 23784 False
[vector] 22943 21128 20086 False
[vector] 20754 22363 21244 False
[vector] 23060 20412 22187 False
[vector] 20951 22112 21642 False
[vector] 23498 19185 22474 False
[vector] 20099 22403 21955 False
[vector] 22960 21174 19517 False
[vector] 23912 20269 19661 False
[vector] 23698 19718 22018 False
[vector] 20783 19735 24310 False
[vector] 19985 22942 20180 False
[vector] 21220 21536 23005 False
[vector] 22783 20340 22788 False
[vector] 18194 23582 19622 False
[vector] 21471 22166 20523 False
[vector] 21889 19514 23867 False
[vector] 19939 22980 20318 False
[vector] 21685 21980 20849 False
[vector] 20138 21496 23516 False
[vector] 22877 21172 20220 False
[vector] 22428 21388 21435 False
[vector] 23641 20494 19814 False
[vector] 19725 22272 22524 False
[vector] 15913 23850 17478 False
[vector] 20164 22887 20004 False
[vector] 22050 18441 23947 False
[vector] 20086 22030 22754 False
[vector] 21565 21993 21065 False
[vector] 20238 22861 20361 False
[vector] 21349 21987 21460 False
[vector] 19587 18401 24791 False
[vector] 23736 19700 22087 False
[vector] 23979 19221 21556 False
[vector] 19538 18692 24722 False
[vector] 17418 23558 20211 False
[vector] 20795 19723 24313 False
[vector] 22416 21580 20472 False
[vector] 19358 22903 21309 False
[vector] 19915 21881 22987 False
[vector] 19051 18906 24761 False
[vector] 24116 19644 21159 False
[vector] 19466 22650 21847 False
[vector] 22275 20664 23079 False
[vector] 20230 20517 24346 False
[vector] 20566 21209 23523 False
[vector] 20749 22447 21283 False
[vector] 22771 18937 23361 False
[vector] 20750 21998 22155 False
[vector] 18367 18784 24844 False
[vector] 20700 22214 21776 False
[vector] 19805 21895 23013 False
[vector] 18351 22586 22649 False
[vector] 21004 22144 21426 False
[vector] 22043 21248 22473 False
[vector] 23256 20621 21349 False
[vector] 22018 21152 22673 False
[vector] 21878 20341 23477 False
[vector] 20493 21776 22910 False
[vector] 21163 21290 23421 False
[vector] 20882 20491 23994 False
[vector] 17425 16601 25132 False
[vector] 19887 20831 24040 False
[vector] 22384 20829 22944 False
[vector] 21448 21440 22696 False
[vector] 22115 21125 22539 False
[vector] 19137 18169 24922 False
[vector] 17813 23652 17340 False
[vector] 19458 22592 22171 False
[vector] 20954 21992 22234 False
[vector] 22917 18906 23367 False
[vector] 22695 21342 20399 False
[vector] 19983 18588 24659 False
[vector] 21676 19321 23943 False
[vector] 17526 23632 19356 False
[vector] 20727 21912 22401 False
[vector] 20622 22810 19224 False
[vector] 21407 22039 21357 False
[vector] 22694 20702 22390 False
[vector] 18351 23350 20164 False
[vector] 17032 23622 19697 False
[vector] 24470 19319 20171 False
[vector] 21978 21859 21182 False
[vector] 20087 21732 23219 False
[vector] 21971 19048 23882 False
[vector] 20213 22765 20561 False
[vector] 21189 20424 24000 False
[vector] 20203 18992 24560 False
[vector] 18316 19215 24832 False
[vector] 21279 21267 23262 False
[vector] 22447 20754 22632 False
[vector] 22388 20749 23064 False
[vector] 19552 22050 22995 False
[vector] 20939 22610 20149 False
[vector] 23114 20385 22090 False
[vector] 19860 21837 23059 False
[vector] 22315 21228 21976 False
[vector] 22917 19373 23121 False
[vector] 18776 22799 22138 False
[vector] 22296 21555 20761 False
[vector] 20847 22450 21047 False
[vector] 22307 20338 23395 False
[vector] 20188 22863 19579 False
[vector] 22157 20103 23404 False
[vector] 20441 22045 22379 False
[vector] 22932 21093 20898 False
[vector] 20893 20084 24196 False
[vector] 18252 23555 18322 False
[vector] 22754 21225 21329 False
[vector] 21310 21526 22692 False
[vector] 23712 20213 21530 False
[vector] 22764 21283 20851 False
[vector] 22028 20576 23468 False
[vector] 21125 19440 24153 False
[vector] 19839 19448 24672 False
[vector] 21024 21885 22204 False
[vector] 22667 21370 20236 False
[vector] 19885 20402 24458 False
[vector] 22211 21778 20055 False
[vector] 21250 20854 23681 False
[vector] 21280 20035 24100 False
[vector] 21655 21321 22681 False
[vector] 21509 21405 22646 False
[vector] 20387 19798 24478 False
[vector] 20355 22672 20946 False
[vector] 17663 18245 25131 False
[vector] 22308 20992 22288 False
[vector] 18954 23199 20605 False
[vector] 22015 19824 23788 False
[vector] 22631 20984 22001 False
[vector] 19636 22844 21127 False
[vector] 20628 21608 23197 False
[vector] 20119 22597 21253 False
[vector] 22677 21470 19616 False
[vector] 22667 20511 22991 False
[vector] 20894 18968 24323 False
[vector] 23686 19750 21829 False
[vector] 23107 20969 20387 False
[vector] 20810 21643 22869 False
[vector] 16793 23606 19836 False
[vector] 21861 21805 21448 False
[vector] 20751 22299 21408 False
[vector] 23760 20326 20812 False
[vector] 21855 20620 23345 False
[vector] 19082 23014 20860 False
[vector] 22808 19483 23158 False
[vector] 21714 21569 22177 False
[vector] 19739 22037 22824 False
[vector] 20458 22222 22002 False
[vector] 21341 20465 23781 False
[vector] 23969 19247 21627 False
[vector] 23875 18730 22054 False
[vector] 19451 22264 22763 False
[vector] 19156 22717 22153 False
[vector] 18008 23612 19155 False
[vector] 23210 20817 21510 False
[vector] 22658 21074 21690 False
[vector] 22005 21284 22113 False
[vector] 19333 18985 24759 False
[vector] 19389 22352 22558 False
[vector] 21950 21887 21019 False
[vector] 21519 20141 23840 False
[vector] 20896 21610 23068 False
[vector] 20045 22712 21537 False
[vector] 23505 20703 19530 False
[vector] 21676 21189 22914 False
[vector] 22062 20074 23509 False
[vector] 22724 20644 22480 False
[vector] 20661 22054 22212 False
[vector] 21602 21832 21478 False
[vector] 22772 21362 19818 False
[vector] 20669 21715 22908 False
[vector] 18834 18220 24965 False
[vector] 18218 23136 21101 False
[vector] 18828 22923 21538 False
[vector] 19118 22192 22800 False
[vector] 21375 20064 23995 False
[vector] 19517 21288 23811 False
[vector] 20255 22283 21918 False
[vector] 21414 21376 22751 False
[vector] 23004 20266 22503 False
[vector] 21626 21459 22380 False
[vector] 20338 21934 22656 False
[vector] 21989 21391 22082 False
[vector] 24178 19091 21261 False
[vector] 20203 20065 24446 False
[vector] 20094 22317 22218 False
[vector] 21166 22195 21137 False
[vector] 19423 22292 22600 False
[vector] 20389 21864 22828 False
[vector] 19870 22721 21297 False
[vector] 20731 20564 24113 False
[vector] 22545 20940 22076 False
[vector] 22884 20980 21616 False
[vector] 22585 20740 22559 False
[vector] 22784 21266 20483 False
[vector] 22769 21033 21235 False
[vector] 21688 21782 21455 False
[vector] 22726 20443 22496 False
[vector] 19331 23065 20706 False
[vector] 21077 19817 24228 False
[vector] 20146 22203 22250 False
[vector] 20162 23027 20083 False
[vector] 20725 22310 21576 False
[vector] 23399 20720 20267 False
[vector] 21108 18858 24299 False
[vector] 19558 21155 23834 False
[vector] 20653 22296 21644 False
[vector] 21566 21795 21683 False
[vector] 22690 21259 21212 False
[vector] 20882 22004 21955 False
[vector] 16845 23540 20239 False
[vector] 21594 22204 19744 False
[vector] 23246 19850 22549 False
[vector] 21833 21833 21285 False
[vector] 20232 22170 22449 False
[vector] 19519 22790 21393 False
[vector] 21551 21840 21483 False
[vector] 23744 19919 21399 False
[vector] 19024 23132 20700 False
[vector] 18910 23300 19916 False
[vector] 21040 21459 23028 False
[vector] 17696 17385 25128 False
[vector] 21601 21363 22580 False
[vector] 22882 21208 19904 False
[vector] 22108 21922 19199 False
[vector] 22163 21762 20186 False
[vector] 20468 21680 23110 False
[vector] 16177 23590 19973 False
[vector] 20320 22280 22033 False
[vector] 18643 23430 19328 False
[vector] 22081 20816 23058 False
[vector] 20288 22392 21679 False
[vector] 24022 20111 20252 False
[vector] 24008 19824 20817 False
[vector] 21930 20889 23177 False
[vector] 21423 21344 22896 False
[vector] 19867 22422 22058 False
[vector] 22369 21547 20637 False
[vector] 20431 21686 23012 False
[vector] 22016 20164 23540 False
[vector] 22094 21323 21933 False
[vector] 19703 21907 23165 False
[vector] 19467 23106 20195 False
[vector] 17915 23292 20915 False
[vector] 23310 19832 22608 False
[vector] 21996 21377 22039 False
[vector] 22669 20606 22590 False
[vector] 22409 21355 21563 False
[vector] 21283 22249 20871 False
[vector] 20112 22585 21294 False
[vector] 21728 21620 21950 False
[vector] 22814 18530 23463 False
[vector] 20931 22695 19375 False
[vector] 21727 21840 21254 False
[vector] 22651 21377 20206 False
[vector] 22750 20600 22376 False
[vector] 21598 21369 22589 False
[vector] 22473 21385 21015 False
[vector] 19551 18601 24828 False
[vector] 20940 22143 21584 False
[vector] 23809 20316 20931 False
[vector] 21418 22081 21158 False
[vector] 19503 23061 20318 False
[vector] 20696 22334 21452 False
[vector] 23333 19325 22657 False
[vector] 20203 22581 21121 False
[vector] 23336 20295 22309 False
[vector] 20872 20110 24265 False
[vector] 20215 21835 23092 False
[vector] 23015 20844 21414 False
[vector] 20609 20083 24318 False
[vector] 23616 20062 21891 False
[vector] 20469 22439 21292 False
[vector] 21553 21653 22031 False
[vector] 19360 23217 19562 False
[vector] 23371 20747 20733 False
[vector] 20863 22198 21530 False
[vector] 23049 21071 19869 False
[vector] 19865 21859 23052 False
[vector] 21422 22238 20684 False
[vector] 22847 18973 23272 False
[vector] 20936 21622 22708 False
[vector] 21919 19283 23907 False
[vector] 22930 21139 20133 False
[vector] 23751 20147 21361 False
[vector] 24096 19318 21414 False
[vector] 23016 21150 18986 False
[vector] 22880 19857 22908 False
[vector] 21867 21251 22611 False
[vector] 18833 22566 22448 False
[vector] 19984 21736 23364 False
[vector] 19590 21598 23463 False
[vector] 21764 21948 20816 False
[vector] 19120 21440 23633 False
[vector] 23210 20906 19715 False
[vector] 19983 23095 17639 False
[vector] 23590 19599 22190 False
[vector] 18425 23086 21205 False
[vector] 22742 21089 21420 False
[vector] 24326 19365 20391 False
[vector] 22853 20339 22622 False
[vector] 23291 18423 22705 False
[vector] 20434 22085 22295 False
[vector] 21566 21642 21984 False
[vector] 22834 20899 22289 False
[vector] 19143 22129 23141 False
[vector] 21999 21294 22038 False
[vector] 20362 22071 22363 False
[vector] 16857 23575 19904 False
[vector] 19876 18367 24753 False
[vector] 23667 20420 21075 False
[vector] 23616 20194 21782 False
[vector] 20723 22471 20847 False
[vector] 21610 21786 21520 False
[vector] 22406 21479 21200 False
[vector] 17933 23571 20166 False
[vector] 21375 21973 21398 False
[vector] 22406 20028 23302 False
[vector] 21578 21695 21771 False
[vector] 20520 22111 22146 False
[vector] 21180 20921 23586 False
[vector] 20323 22891 19325 False
[vector] 21396 21865 21950 False
[vector] 19953 23031 20091 False
[vector] 18722 22886 21673 False
[vector] 21005 22308 21053 False
[vector] 16810 23773 19329 False
[vector] 23494 19580 22442 False
[vector] 20336 21832 23044 False
[vector] 22863 19242 23170 False
[vector] 21059 22407 20692 False
[vector] 19041 23022 20875 False
[vector] 23361 20867 20120 False
[vector] 21688 19199 23981 False
[vector] 20339 22170 22282 False
[vector] 22707 19454 23412 False
[vector] 21142 22058 21430 False
[vector] 21645 21611 21965 False
[vector] 23082 18579 23071 False
[vector] 24242 19404 21140 False
[vector] 21733 20923 23581 False
[vector] 23554 20359 21284 False
[vector] 19869 22778 21002 False
[vector] 20241 22464 21751 False
[vector] 20680 21636 22915 False
[vector] 23520 20043 22143 False
[vector] 22944 21089 20919 False
[vector] 24214 19881 20584 False
[vector] 23324 20067 22400 False
[vector] 20649 21918 22303 False
[vector] 18937 20947 24129 False
[vector] 24053 20086 20500 False
[vector] 19459 23195 19542 False
[vector] 20851 19184 24306 False
[vector] 21062 22441 20542 False
[vector] 22193 21088 22505 False
[vector] 22268 21653 20279 False
[vector] 21192 21564 22842 False
[vector] 22619 19949 23201 False
[vector] 20226 22241 22105 False
[vector] 19390 22511 22201 False
[vector] 18876 21798 23362 False
[vector] 20739 21706 22867 False
[vector] 23410 20857 20239 False
[vector] 21590 21932 21390 False
[vector] 22279 20584 23199 False
[vector] 22945 18896 23129 False
[vector] 21365 21789 21958 False
[vector] 20990 21765 22482 False
[vector] 21685 21906 21092 False
[vector] 22340 20187 23274 False
[vector] 20339 17877 24514 False
[vector] 22678 19645 23509 False
[vector] 23772 20322 20833 False
[vector] 19444 23132 20628 False
[vector] 21384 20681 23627 False
[vector] 22616 21356 20658 False
[vector] 18526 22633 22442 False
[vector] 20411 22504 21182 False
[vector] 23747 20226 21033 False
[vector] 19392 21311 23788 False
[vector] 19440 19619 24730 False
[vector] 17297 23590 19632 False
[vector] 23517 19023 22452 False
[vector] 21060 19180 24298 False
[vector] 19272 18715 24844 False
[vector] 18970 19154 24767 False
[vector] 22258 21626 20764 False
[vector] 18478 23266 20500 False
[vector] 20456 22224 22016 False
[vector] 24387 19168 20314 False
[vector] 18937 22228 23043 False
[vector] 22170 21459 21670 False
[vector] 19829 22086 22804 False
[vector] 21234 22016 21364 False
[vector] 21635 21929 20970 False
[vector] 21340 22382 20360 False
[vector] 21597 19928 23878 False
[vector] 20707 20444 24201 False
[vector] 19921 22791 20858 False
[vector] 22401 20617 22955 False
[vector] 23603 20570 20186 False
[vector] 19366 23341 18978 False
[vector] 20849 22050 21847 False
[vector] 19871 21908 22988 False
[vector] 20638 22757 18383 False
[vector] 21702 21744 21454 False
[vector] 21664 21580 22121 False
[vector] 19202 23096 20769 False
[vector] 20953 20428 23996 False
[vector] 21961 20936 23013 False
[vector] 20965 21669 22682 False
[vector] 21590 21779 21691 False
[vector] 21795 20190 23620 False
[vector] 18764 23398 19907 False
[vector] 20372 22337 21652 False
[vector] 20756 21194 23831 False
[vector] 22632 20999 21783 False
[vector] 19589 22481 22240 False
[vector] 22378 19859 23316 False
[vector] 19292 22508 22437 False
[vector] 20926 22492 20771 False
[vector] 22021 21801 20508 False
[vector] 23386 20731 20314 False
[vector] 21565 21494 22430 False
[vector] 18760 23070 21063 False
[vector] 22298 21045 22304 False
[vector] 21670 21457 22278 False
[vector] 19575 22646 21905 False
[vector] 18246 22935 21706 False
[vector] 24237 19526 21033 False
[vector] 19830 22790 20888 False
[vector] 20128 22777 20786 False
[vector] 19543 21709 23430 False
[vector] 21842 21155 22811 False
[vector] 21342 22290 19976 False
[vector] 20968 22314 20955 False
[vector] 20240 21931 22892 False
[vector] 21190 22296 20761 False
[vector] 21620 20227 23708 False
[vector] 19074 23261 19814 False
[vector] 19896 22446 21992 False
[vector] 22392 21625 19130 False
[vector] 21902 20863 23224 False
[vector] 19453 21741 23469 False
[vector] 21594 22186 20145 False
[vector] 20923 22616 20408 False
[vector] 20770 22350 21378 False
[vector] 18621 18637 24925 False
[vector] 23580 20499 20383 False
[vector] 21195 21956 21728 False
[vector] 22519 21544 19532 False
[vector] 22416 21607 20204 False
[vector] 20171 22417 21887 False
[vector] 23485 19317 22583 False
[vector] 20957 21868 22597 False
[vector] 21199 21090 23384 False
[vector] 20432 19693 24502 False
[vector] 22282 19708 23677 False
[vector] 21113 21748 22560 False
[vector] 20981 22171 21346 False
[vector] 22165 21720 21027 False
[vector] 21852 21457 22131 False
[vector] 20199 22732 20676 False
[vector] 23323 20873 19709 False
[vector] 19479 22495 22266 False
[vector] 21292 19913 24138 False
[vector] 20482 22828 19980 False
[vector] 20456 22071 22317 False
[vector] 16620 23788 19021 False
[vector] 20507 21809 22795 False
[vector] 20591 22306 21790 False
[vector] 24006 19888 21034 False
[vector] 21034 22311 20892 False
[vector] 22557 21529 19810 False
[vector] 19203 22982 21439 False
[vector] 22278 21041 22385 False
[vector] 19808 22021 22863 False
[vector] 19254 22720 21917 False
[vector] 22554 21468 20928 False
[vector] 21647 21912 21180 False
[vector] 20961 18601 24308 False
[vector] 22864 20502 22486 False
[vector] 23546 19747 22264 False
[vector] 21392 21626 22558 False
[vector] 22349 21096 22224 False
[vector] 22226 21576 20994 False
[vector] 20487 22330 21747 False
[vector] 22343 20138 23358 False
[vector] 22975 21136 19713 False
[vector] 20176 19812 24588 False
[vector] 20868 22353 21142 False
[vector] 22948 20368 22517 False
[vector] 22287 21215 22092 False
[vector] 17202 16344 25142 False
[vector] 19575 22321 22531 False
[vector] 19308 23258 19406 False
[vector] 20162 21969 22668 False
[vector] 20357 21985 22626 False
[vector] 20534 20617 24081 False
[vector] 20652 21532 23236 False
[vector] 21038 22304 20835 False
[vector] 24526 18780 20164 False
[vector] 22064 20376 23431 False
[vector] 21210 22457 19302 False
[vector] 19322 22801 21887 False
[vector] 18601 23516 19860 False
[vector] 23023 19261 22863 False
[vector] 22357 20991 22341 False
[vector] 20928 22318 20861 False
[vector] 18947 23006 21249 False
[vector] 20468 20869 23990 False
[vector] 22666 20941 21917 False
[vector] 20425 22695 20491 False
[vector] 23153 20684 22021 False
[vector] 19802 22216 22691 False
[vector] 23596 20497 20234 False
[vector] 18149 23594 18779 False
[vector] 21895 21321 22280 False
[vector] 21016 21599 22854 False
[vector] 19015 22026 23268 False
[vector] 22098 19975 23645 False
[vector] 22253 20945 22585 False
[vector] 20804 22352 21300 False
[vector] 23206 20772 21638 False
[vector] 21107 21569 22729 False
[vector] 22778 19324 23278 False
[vector] 20041 23059 19504 False
[vector] 22434 21451 21363 False
[vector] 21411 20288 23883 False
[vector] 20164 22123 22489 False
[vector] 23462 20260 21656 False
[vector] 20450 22541 20804 False
[vector] 20030 22774 21022 False
[vector] 20081 22512 21500 False
[vector] 19226 22650 22248 False
[vector] 23799 19747 21764 False
[vector] 20759 19923 24350 False
[vector] 19669 22993 20312 False
[vector] 22678 20913 21917 False
[vector] 20300 20088 24418 False
[vector] 22159 20405 23326 False
[vector] 19555 22176 22845 False
[vector] 18851 23314 19885 False
[vector] 19660 22139 22693 False
[vector] 22404 20843 22583 False
[vector] 18762 19016 24830 False
[vector] 23263 20905 21127 False
[vector] 23122 20402 22041 False
[vector] 19838 22314 22313 False
[vector] 18164 21583 23498 False
[vector] 21686 21394 22475 False
[vector] 20444 22171 22229 False
[vector] 23195 20247 22452 False
[vector] 21030 22404 20853 False
[vector] 21325 21951 21463 False
[vector] 18111 23207 21118 False
[vector] 21960 21988 20291 False
[vector] 21996 20902 23152 False
[vector] 19908 21091 23966 False
[vector] 17946 23439 20057 False
[vector] 18739 23302 20107 False
[vector] 20883 22168 21582 False
[vector] 18263 23403 19959 False
[vector] 20481 21917 22630 False
[vector] 24422 18757 20381 False
[vector] 21019 22112 21565 False
[vector] 19709 23158 19925 False
[vector] 22280 21816 19920 False
[vector] 21571 22074 20755 False
[vector] 20428 21993 22513 False
[vector] 23018 19837 23117 False
[vector] 18832 21533 23764 False
[vector] 21366 22121 21360 False
[vector] 23161 21023 19175 False
[vector] 21546 21667 21792 False
[vector] 21992 20242 23587 False
[vector] 22428 19692 23485 False
[vector] 21872 21236 22638 False
[vector] 22739 20075 23190 False
[vector] 23558 20692 21076 False
[vector] 19993 23094 18570 False
[vector] 20746 22213 21671 False
[vector] 20407 22656 20787 False
[vector] 19652 22628 21737 False
[vector] 18600 23133 20998 False
[vector] 20763 21754 22836 False
[vector] 21758 21418 22203 False
[vector] 18778 22769 21950 False
[vector] 19681 22007 22926 False
[vector] 21504 22341 19290 False
[vector] 22416 20739 22826 False
[vector] 19624 22963 20603 False
[vector] 20783 19084 24321 False
[vector] 19116 21548 23474 False
[vector] 19414 22327 22573 False
[vector] 22891 20837 21722 False
[vector] 22149 21283 21990 False
[vector] 22147 21244 22080 False
[vector] 20253 22073 22544 False
[vector] 21304 21363 23062 False
[vector] 20750 21470 23373 False
[vector] 20075 22266 22248 False
[vector] 21342 21085 23200 False
[vector] 21955 19734 23859 False
[vector] 21062 19497 24237 False
[vector] 21445 20598 23740 False
[vector] 20444 22585 20740 False
[vector] 19286 17837 24838 False
[vector] 23513 20100 21866 False
[vector] 22449 20949 22275 False
[vector] 22768 19884 23093 False
[vector] 22736 21408 20101 False
[vector] 20026 22178 22384 False
[vector] 20614 21679 23089 False
[vector] 21160 21676 22488 False
[vector] 21390 22109 20995 False
[vector] 21185 20504 23880 False
[vector] 21938 21295 22285 False
[vector] 22560 21583 19502 False
[vector] 22114 21650 21466 False
[vector] 23298 19604 22699 False
[vector] 21442 22005 21197 False
[vector] 19551 19597 24674 False
[vector] 22485 21521 20924 False
[vector] 20565 19315 24465 False
[vector] 21783 22103 19217 False
[vector] 20293 22442 21430 False
[vector] 19739 22549 21741 False
[vector] 21605 21942 21003 False
[vector] 23010 21060 21109 False
[vector] 19639 22954 20652 False
[vector] 19994 20130 24457 False
[vector] 22239 21750 20218 False
[vector] 20311 22505 21148 False
[vector] 23995 19956 20926 False
[vector] 24527 19452 19660 False
[vector] 18156 23623 18021 False
[vector] 22234 19496 23786 False
[vector] 18881 22832 21817 False
[vector] 20712 19572 24456 False
[vector] 19807 23110 19454 False
[vector] 19827 19570 24634 False
[vector] 22274 20843 22970 False
[vector] 19310 22665 21978 False
[vector] 23653 19417 22339 False
[vector] 19318 22176 22934 False
[vector] 24483 19187 20062 False
[vector] 19707 22800 21036 False
[vector] 22916 21099 21157 False
[vector] 20823 18979 24311 False
[vector] 23184 20303 22383 False
[vector] 22341 21545 21626 False
[vector] 22435 20789 22566 False
[vector] 23202 21009 19801 False
[vector] 21246 20934 23561 False
[vector] 22843 20941 21646 False
[vector] 17252 23474 20477 False
[vector] 21165 21958 21845 False
[vector] 18294 18012 25118 False
[vector] 19174 22874 21694 False
[vector] 21094 20395 24105 False
[vector] 21389 21750 22195 False
[vector] 18393 18348 25046 False
[vector] 23330 18902 22699 False
[vector] 21667 21221 22769 False
[vector] 23313 20754 20838 False
[vector] 17836 23322 20782 False
[vector] 21530 22258 19199 False
[vector] 20190 21692 23349 False
[vector] 19562 22828 21201 False
[vector] 20673 21954 22300 False
[vector] 21955 19083 23870 False
[vector] 21603 22050 20768 False
[vector] 18309 23333 20212 False
[vector] 19530 22080 23045 False
[vector] 20902 22058 21831 False
[vector] 18043 23089 21308 False
[vector] 21251 22496 19272 False
[vector] 19432 17806 24844 False
[vector] 23500 20110 21834 False
[vector] 21632 22053 20607 False
[vector] 23260 20354 22096 False
[vector] 21176 22461 20426 False
[vector] 21016 22127 21636 False
[vector] 21006 22017 21659 False
[vector] 20362 20493 24144 False
[vector] 20461 22861 19633 False
[vector] 23169 20778 21540 False
[vector] 22268 21052 22299 False
[vector] 20293 22856 19941 False
[vector] 19304 22448 22473 False
[vector] 23186 19762 22788 False
[vector] 21269 20331 23937 False
[vector] 23335 20645 21311 False
[vector] 20423 21692 22965 False
[vector] 21244 20235 24137 False
[vector] 20532 21655 23108 False
[vector] 22680 20379 22882 False
[vector] 20949 22566 20266 False
[vector] 23526 20573 21535 False
[vector] 19387 22963 20692 False
[vector] 20906 22141 21662 False
[vector] 19655 23215 18775 False
[vector] 24005 19804 21531 False
[vector] 18186 18510 24985 False
[vector] 22731 19266 23372 False
[vector] 22599 21465 20508 False
[vector] 21290 21985 21623 False
[vector] 20885 21552 23147 False
[vector] 23681 19991 21689 False
[vector] 19816 22376 22400 False
[vector] 18038 23647 18539 False
[vector] 21967 20146 23787 False
[vector] 20872 20901 23731 False
[vector] 18553 22868 21712 False
[vector] 22833 21218 19785 False
[vector] 21139 21698 22418 False
[vector] 21294 21119 23279 False
[vector] 21445 21906 21493 False
[vector] 21622 21539 22260 False
[vector] 21305 21923 22138 False
[vector] 19855 22727 21229 False
[vector] 21604 21583 22203 False
[vector] 21758 20150 23795 False
[vector] 19442 22863 21096 False
[vector] 21006 22267 21146 False
[vector] 22021 20207 23486 False
[vector] 19875 21828 23108 False
[vector] 21080 22310 20787 False
[vector] 22331 20976 22459 False
[vector] 21616 19995 23846 False
[vector] 18380 22845 21719 False
[vector] 21482 21843 21692 False
[vector] 18721 23221 20978 False
[vector] 23987 20221 20972 False
[vector] 20255 22546 21024 False
[vector] 21303 21974 21576 False
[vector] 21760 19062 23992 False
[vector] 23062 20102 22715 False
[vector] 19156 18794 24762 False
[vector] 19064 23330 19754 False
[vector] 21993 21331 22104 False
[vector] 20513 22127 22019 False
[vector] 19586 22223 22681 False
[vector] 19215 23228 19923 False
[vector] 19474 23224 19303 False
[vector] 19187 22394 22739 False
[vector] 20529 21299 23671 False
[vector] 20182 21761 23114 False
[vector] 22447 20067 23272 False
[vector] 22726 19829 23199 False
[vector] 18920 23331 19614 False
[vector] 17141 23717 18880 False
[vector] 19963 22612 21671 False
[vector] 22007 18848 23845 False
[vector] 22641 21091 21715 False
[vector] 19307 22863 21372 False
[vector] 20605 22540 20748 False
[vector] 21169 21970 21790 False
[vector] 18126 23306 20479 False
[vector] 20416 21928 22754 False
[vector] 21082 21856 22163 False
[vector] 20640 21923 22443 False
[vector] 21780 22042 20335 False
[vector] 20340 22094 22476 False
[vector] 23265 18362 22851 False
[vector] 20603 21915 22583 False
[vector] 20742 22640 20645 False
[vector] 23265 20931 19018 False
[vector] 20697 22016 22247 False
[vector] 21957 21872 20589 False
[vector] 21597 21443 22460 False
[vector] 22630 18782 23629 False
[vector] 22258 21552 21007 False
[vector] 23475 20084 21925 False
[vector] 21605 18467 24045 False
[vector] 21623 21776 21552 False
[vector] 21450 22210 20847 False
[vector] 18625 23070 21339 False
[vector] 22090 21785 20710 False
[vector] 22869 19913 22839 False
[vector] 21529 22026 21129 False
[vector] 20199 19307 24654 False
[vector] 19800 19478 24712 False
[vector] 18173 22950 21697 False
[vector] 20830 22302 21158 False
[vector] 22017 21793 20834 False
[vector] 19555 21926 23358 False
[vector] 22920 20853 21642 False
[vector] 21492 22032 21031 False
[vector] 22707 21150 21362 False
[vector] 20899 19723 24238 False
[vector] 18293 18731 24891 False
[vector] 19401 18761 24796 False
[vector] 22682 21054 21562 False
[vector] 21427 22321 19871 False
[vector] 20114 23062 19149 False
[vector] 18037 23159 21413 False
[vector] 21723 21847 21311 False
[vector] 23417 19915 22355 False
[vector] 22862 21133 20916 False
[vector] 19405 22866 21136 False
[vector] 20929 21896 22434 False
[vector] 22017 21972 18971 False
[vector] 19190 20792 24147 False
[vector] 19622 21983 23090 False
[vector] 21841 20742 23338 False
[vector] 22475 18187 23682 False
[vector] 20905 21904 22370 False
[vector] 23406 19983 22247 False
[vector] 21470 21505 22660 False
[vector] 20702 22001 22274 False
[vector] 23612 20491 19975 False
[vector] 21185 21772 22288 False
[vector] 21313 21358 22922 False
[vector] 19106 23309 19484 False
[vector] 23948 19671 22042 False
[vector] 23924 19951 21126 False
[vector] 19003 20683 24202 False
[vector] 22594 20644 22867 False
[vector] 19078 22723 22055 False
[vector] 23432 20446 21948 False
[vector] 21559 19797 24027 False
[vector] 23407 20350 22148 False
[vector] 21364 21654 22395 False
[vector] 20847 20805 23931 False
[vector] 20719 21489 23238 False
[vector] 19537 22732 21401 False
[vector] 22722 20660 22335 False
[vector] 22879 20249 22587 False
[vector] 20622 21884 22739 False
[vector] 21604 20315 23795 False
[vector] 19977 22263 22484 False
[vector] 20242 22701 21043 False
[vector] 19466 22400 22360 False
[vector] 22375 21612 19445 False
[vector] 20548 22083 22309 False
[vector] 20321 22512 21099 False
[vector] 19190 22073 23061 False
[vector] 21624 22106 19595 False
[vector] 22699 20548 22680 False
[vector] 22808 20276 22679 False
[vector] 23306 20881 19679 False
[vector] 19686 23161 18564 False
[vector] 22642 20415 23191 False
[vector] 18480 23548 19281 False
[vector] 22851 20259 22825 False
[vector] 23368 20051 22217 False
[vector] 19846 22519 21963 False
[vector] 21297 21114 23220 False
[vector] 22802 21106 21005 False
[vector] 20308 22297 21823 False
[vector] 23489 20579 21437 False
[vector] 19719 22992 20498 False
[vector] 19527 21954 23195 False
[vector] 20493 21526 23423 False
[vector] 19270 19131 24757 False
[vector] 23673 20327 21271 False
[vector] 20277 19943 24551 False
[vector] 21057 20401 24007 False
[vector] 19487 22661 21704 False
[vector] 20818 22403 21073 False
[vector] 21268 21503 22756 False
[vector] 19383 22999 21109 False
[vector] 20068 21563 23421 False
[vector] 21001 21823 22403 False
[vector] 22587 19189 23527 False
[vector] 20043 21467 23621 False
[vector] 20266 22689 20678 False
[vector] 21407 21100 23194 False
[vector] 21762 21250 22664 False
[vector] 21403 21945 21561 False
[vector] 19588 23190 19346 False
[vector] 19745 20205 24559 False
[vector] 22487 19820 23244 False
[vector] 21217 21660 22642 False
[vector] 20573 22622 20684 False
[vector] 22308 19427 23600 False
[vector] 21639 21195 22816 False
[vector] 20774 21928 22243 False
[vector] 21821 22081 20305 False
[vector] 19368 21191 23876 False
[vector] 22839 21345 19429 False
[vector] 19514 22977 20629 False
[vector] 22053 20672 23268 False
[vector] 16343 23674 19707 False
[vector] 21188 21386 23221 False
[vector] 20688 20377 24233 False
[vector] 21418 21803 21863 False
[vector] 21348 20852 23698 False
[vector] 20520 22532 20763 False
[vector] 20913 22617 19477 False
[vector] 19939 22475 21964 False
[vector] 21277 21669 22494 False
[vector] 21863 21903 20489 False
[vector] 20779 19648 24336 False
[vector] 18382 18755 24844 False
[vector] 21550 20012 24105 False
[vector] 21415 21739 22027 False
[vector] 20191 22243 22089 False
[vector] 22252 21659 20538 False
[vector] 20718 22503 20938 False
[vector] 22997 20228 22831 False
[vector] 23560 19744 22250 False
[vector] 23654 20627 19808 False
[vector] 21806 21498 22049 False
[vector] 18369 22875 21811 False
[vector] 22377 21318 21874 False
[vector] 18790 23238 20707 False
[vector] 20905 21672 22764 False
[vector] 19949 20958 23989 False
[vector] 22825 21139 20818 False
[vector] 21587 22056 21027 False
[vector] 18710 19353 24733 False
[vector] 23019 21036 20485 False
[vector] 22930 20637 22256 False
[vector] 24061 19816 20794 False
[vector] 20302 22811 20310 False
[vector] 21654 22141 18979 False
[vector] 22856 20045 22948 False
[vector] 19335 22669 21778 False
[vector] 18369 22865 21900 False
[vector] 22846 20751 22015 False
[vector] 21586 22159 20618 False
[vector] 23035 19783 22784 False
[vector] 20889 22231 21510 False
[vector] 19816 21572 23461 False
[vector] 17801 23701 19302 False
[vector] 21061 21982 21802 False
[vector] 23324 20808 20259 False
[vector] 20336 22082 22531 False
[vector] 21286 22447 20400 False
[vector] 20307 22493 21203 False
[vector] 21447 20088 23846 False
[vector] 19041 23299 20193 False
[vector] 22492 19160 23632 False
[vector] 21199 22191 20919 False
[vector] 21980 21799 20736 False
[vector] 22942 19002 23167 False
[vector] 21049 21981 22004 False
[vector] 21487 21985 21268 False
[vector] 20590 22228 21802 False
[vector] 19700 21781 23315 False
[vector] 22904 19070 23137 False
[vector] 22209 20651 23104 False
[vector] 18296 23402 20158 False
[vector] 20938 22392 20859 False
[vector] 20109 22187 22371 False
[vector] 20077 21066 23835 False
[vector] 18921 23317 19757 False
[vector] 22295 19926 23467 False
[vector] 21501 21675 22352 False
[vector] 19228 20020 24637 False
[vector] 16885 23814 18318 False
[vector] 21550 21293 23019 False
[vector] 24300 19573 20710 False
[vector] 20806 22065 22041 False
[vector] 21021 22043 21597 False
[vector] 20270 22524 21134 False
[vector] 20354 22371 21693 False
[vector] 21698 21751 21511 False
[vector] 24110 20219 19989 False
[vector] 22079 18901 23839 False
[vector] 21316 22245 20653 False
[vector] 20336 19888 24381 False
[vector] 20293 22439 21521 False
[vector] 21705 19781 23835 False
[vector] 19842 22326 22258 False
[vector] 22044 21435 22010 False
[vector] 21834 19168 23987 False
[vector] 22947 20278 22573 False
[vector] 20766 22267 21547 False
[vector] 22352 21222 22074 False
[vector] 20835 21739 22669 False
[vector] 20967 20139 24160 False
[vector] 23056 20883 21384 False
[vector] 19777 20648 24188 False
[vector] 21336 21400 22751 False
[vector] 19307 20490 24358 False
[vector] 23381 19887 22447 False
[vector] 20393 22215 22020 False
[vector] 24269 19232 20902 False
[vector] 21373 20157 24032 False
[vector] 22249 21275 21952 False
[vector] 22167 21682 20306 False
[vector] 22599 20673 22495 False
[vector] 21470 22002 21293 False
[vector] 21885 21314 22329 False
[vector] 19882 22847 20829 False
[vector] 20538 21747 22890 False
[vector] 22246 21176 22122 False
[vector] 23023 21093 19263 False
[vector] 24274 19110 21009 False
[vector] 20345 22126 22346 False
[vector] 20620 22500 21174 False
[vector] 20915 22047 21784 False
[vector] 20325 20546 24241 False
[vector] 23343 19905 22378 False
[vector] 22665 21161 21357 False
[vector] 22258 21644 20363 False
[vector] 23311 20199 22509 False
[vector] 22202 19998 23428 False
[vector] 22628 21108 21638 False
[vector] 22116 21748 20507 False
[vector] 17608 23359 20909 False
[vector] 18827 23301 20131 False
[vector] 24295 19695 20603 False
[vector] 22608 21441 19884 False
[vector] 21614 19693 23924 False
[vector] 22184 20555 23304 False
[vector] 17067 23389 20607 False
[vector] 22111 19843 23536 False
[vector] 21528 21557 22231 False
[vector] 20524 21946 22602 False
[vector] 17913 23583 19260 False
[vector] 19248 21543 23506 False
[vector] 19952 22167 22684 False
[vector] 22445 20882 22553 False
[vector] 18826 23377 19544 False
[vector] 23366 19293 22601 False
[vector] 18905 23034 21151 False
[vector] 19224 23426 19278 False
[vector] 19150 17708 24876 False
[vector] 22624 21435 19625 False
[vector] 22902 21159 20237 False
[vector] 21155 20825 23786 False
[vector] 21232 21992 21564 False
[vector] 19448 22388 22400 False
[vector] 23285 19736 22808 False
[vector] 19801 22106 22802 False
[vector] 21033 22010 21639 False
[vector] 19231 23007 21183 False
[vector] 21694 18842 24000 False
[vector] 18113 23436 20096 False
[vector] 18665 18568 24938 False
[vector] 22141 21572 21030 False
[vector] 19548 22794 21223 False
[vector] 20767 22736 20445 False
[vector] 21062 22283 21055 False
[vector] 20337 22383 21784 False
[vector] 20308 22794 20456 False
[vector] 22610 20836 22359 False
[vector] 21733 21234 22744 False
[vector] 24352 19828 20092 False
[vector] 19549 23288 19194 False
[vector] 22139 21289 21978 False
[vector] 20254 22556 21171 False
[vector] 20309 22718 20650 False
[vector] 20671 22238 21652 False
[vector] 20500 22512 21086 False
[vector] 19596 22119 22720 False
[vector] 20255 20613 24146 False
[vector] 20972 22015 21737 False
[vector] 21702 21586 21967 False
[vector] 20569 22430 21613 False
[vector] 21748 21446 22152 False
[vector] 20812 21139 23480 False
[vector] 23293 20803 20505 False
[vector] 24157 19748 21095 False
[vector] 20959 22685 19137 False
[vector] 18548 23393 20118 False
[vector] 20393 22605 21014 False
[vector] 20277 19098 24555 False
[vector] 21136 22013 21600 False
[vector] 19167 23291 19297 False
[vector] 18880 22461 22733 False
[vector] 20603 21762 22884 False
[vector] 22905 20541 22456 False
[vector] 20953 21160 23427 False
[vector] 22295 19576 23568 False
[vector] 21940 21773 21415 False
[vector] 23666 20012 22149 False
[vector] 16264 23690 19561 False
[vector] 18827 23028 21158 False
[vector] 20566 21768 22786 False
[vector] 20888 21145 23433 False
[vector] 23421 19777 22297 False
[vector] 21394 22094 20894 False
[vector] 22720 21329 20416 False
[vector] 21713 21878 21255 False
[vector] 20844 22151 21808 False
[vector] 20544 21514 23388 False
[vector] 21223 22328 20626 False
[vector] 18884 23460 19116 False
[vector] 17857 18142 25047 False
[vector] 18421 23283 20259 False
[vector] 20171 22299 22050 False
[vector] 23833 19901 21763 False
[vector] 22736 21082 21487 False
[vector] 21819 20580 23476 False
[vector] 21790 21898 20674 False
[vector] 22082 20637 23167 False
[vector] 22509 20844 22530 False
[vector] 16932 23640 19827 False
[vector] 20788 21074 23674 False
[vector] 23640 19549 22448 False
[vector] 20329 22275 21893 False
[vector] 20108 20036 24551 False
[vector] 23151 20907 20649 False
[vector] 21692 19286 23955 False
[vector] 20818 22201 21950 False
[vector] 21049 19563 24270 False
[vector] 21640 19521 23980 False
[vector] 21562 21960 21227 False
[vector] 19780 20988 24093 False
[vector] 22126 21299 21946 False
[vector] 22168 20992 22705 False
[vector] 21156 20980 23474 False
[vector] 18243 23256 21020 False
[vector] 23358 19421 22457 False
[vector] 19362 23032 20762 False
[vector] 19079 21573 23610 False
[vector] 18321 23498 19958 False
[vector] 18949 23168 20629 False
[vector] 22072 20841 23066 False
[vector] 23445 20314 21839 False
[vector] 21742 22039 20581 False
[vector] 22703 19741 23309 False
[vector] 20792 20994 23794 False
[vector] 19250 18037 24875 False
[vector] 19739 22996 20184 False
[vector] 19310 20616 24208 False
[vector] 23166 20552 21912 False
[vector] 20013 22036 22732 False
[vector] 20902 22290 21437 False
[vector] 19272 23228 19449 False
[vector] 22505 21504 20556 False
[vector] 19362 22441 22532 False
[vector] 22956 21232 19543 False
[vector] 20877 22194 21637 False
[vector] 22245 21434 21629 False
[vector] 20573 20283 24355 False
[vector] 18794 23462 17455 False
[vector] 21112 21447 23307 False
[vector] 21404 22343 18954 False
[vector] 18075 22903 21754 False
[vector] 21217 21410 23155 False
[vector] 22827 21202 20805 False
[vector] 21438 19882 24144 False
[vector] 20445 22651 20450 False
[vector] 22018 18916 23821 False
[vector] 24462 19584 20217 False
[vector] 22369 21713 20272 False
[vector] 21468 21792 21919 False
[vector] 20180 22711 21189 False
[vector] 16755 23721 19411 False
[vector] 23253 20416 22022 False
[vector] 19267 22412 22637 False
[vector] 20016 22196 22296 False
[vector] 20234 21957 22947 False
[vector] 18864 23346 19620 False
[vector] 20480 20683 24042 False
[vector] 17008 16447 25226 False
[vector] 22453 19788 23285 False
[vector] 17611 23716 18994 False
[vector] 23262 19270 22818 False
[vector] 21771 21960 20593 False
[vector] 22074 21926 20323 False
[vector] 21741 22125 19509 False
[vector] 23349 20163 22200 False
[vector] 18088 23340 20296 False
[vector] 21805 21161 22713 False
[vector] 21167 22183 21292 False
[vector] 22740 20611 22290 False
[vector] 19857 22751 21029 False
[vector] 24044 19457 21431 False
[vector] 21334 21714 22376 False
[vector] 23070 20401 22273 False
[vector] 21828 20971 23040 False
[vector] 21847 22031 20163 False
[vector] 20800 21459 23429 False
[vector] 19587 23168 19404 False
[vector] 20266 21631 23263 False
[vector] 21952 20260 23482 False
[vector] 20940 22301 21071 False
[vector] 20962 22019 21761 False
[vector] 21107 21819 22216 False
[vector] 20250 21865 22845 False
[vector] 18348 19258 24757 False
[vector] 21881 21302 22384 False
[vector] 21341 20355 23788 False
[vector] 20018 23028 19943 False
[vector] 19470 19931 24587 False
[vector] 19829 22336 22291 False
[vector] 22928 21242 19781 False
[vector] 22630 20720 22331 False
[vector] 18750 20838 24184 False
[vector] 18754 18422 25033 False
[vector] 20210 22572 21354 False
[vector] 21527 21638 22149 False
[vector] 22278 21609 20396 False
[vector] 21144 21121 23623 False
[vector] 21443 21696 22119 False
[vector] 21494 21707 21994 False
[vector] 22025 20918 23072 False
[vector] 20743 22599 20738 False
[vector] 19497 22006 23067 False
[vector] 18445 22837 21738 False
[vector] 20860 21456 23347 False
[vector] 21314 22419 20563 False
[vector] 23341 20652 21244 False
[vector] 22013 20690 23163 False
[vector] 21659 21533 22358 False
[vector] 22229 21649 20946 False
[vector] 23196 20203 22471 False
[vector] 20908 22014 21895 False
[vector] 22147 21431 21865 False
[vector] 22231 20022 23409 False
[vector] 20250 22459 21611 False
[vector] 21356 22241 20747 False
[vector] 20910 21727 22636 False
[vector] 21057 22197 21318 False
[vector] 20362 22032 22389 False
[vector] 21087 22537 20342 False
[vector] 22390 21497 20928 False
[vector] 17378 23717 18791 False
[vector] 19240 23155 20353 False
[vector] 19839 23054 19707 False
[vector] 16825 23654 19506 False
[vector] 19925 22561 21687 False
[vector] 23891 20070 21333 False
[vector] 22100 21843 20232 False
[vector] 20573 21564 23269 False
[vector] 19123 20606 24272 False
[vector] 19880 22074 22769 False
[vector] 21429 21536 22410 False
[vector] 20240 21681 23405 False
[vector] 23427 20745 19587 False
[vector] 23015 21116 20365 False
[vector] 23062 20982 20673 False
[vector] 20881 20404 24145 False
[vector] 21279 22486 19034 False
[vector] 17730 23226 21407 False
[vector] 22636 21431 19646 False
[vector] 21583 19609 23987 False
[vector] 20855 20884 23738 False
[vector] 18644 23317 20070 False
[vector] 19037 23198 20390 False
[vector] 23215 19803 22713 False
[vector] 21770 22011 20744 False
[vector] 22000 20822 23272 False
[vector] 24187 19576 20775 False
[vector] 19039 22467 22546 False
[vector] 24052 20089 20415 False
[vector] 20256 22977 18849 False
[vector] 20619 22809 20252 False
[vector] 21280 22123 21021 False
[vector] 21409 19422 24252 False
[vector] 22051 21280 22226 False
[vector] 20497 21625 23355 False
[vector] 20269 22237 22187 False
[vector] 22337 21594 20731 False
[vector] 19550 22939 20808 False
[vector] 20073 23093 19300 False
[vector] 20898 22520 20608 False
[vector] 24503 18839 19967 False
[vector] 18918 18946 24805 False
[vector] 21282 21377 22787 False
[vector] 23942 20261 19617 False
[vector] 19519 18625 24754 False
[vector] 18919 22717 22242 False
[vector] 19764 22933 20525 False
[vector] 24245 19745 20345 False
[vector] 22484 20748 22730 False
[vector] 18235 23303 20594 False
[vector] 22444 21482 20954 False
[vector] 19550 22225 22731 False
[vector] 19721 22260 22579 False
[vector] 18789 22301 22850 False
[vector] 21470 21783 21955 False
[vector] 19914 19428 24666 False
[vector] 21565 22209 20327 False
[vector] 21452 22308 19888 False
[vector] 22768 21172 20964 False
[vector] 20106 22910 20759 False
[vector] 20793 22105 22150 False
[vector] 23471 20708 20546 False
[vector] 23237 19174 23018 False
[vector] 19626 18414 24729 False
[vector] 17510 23587 19655 False
[vector] 21611 20442 23786 False
[vector] 18895 18976 24786 False
[vector] 19710 22728 21679 False
[vector] 23076 20006 22687 False
[vector] 21629 21261 22986 False
[vector] 20566 22210 21990 False
[vector] 22673 19855 23198 False
[vector] 20005 22275 22289 False
[vector] 21690 20050 23810 False
[vector] 22349 21346 21711 False
[vector] 22368 20970 22557 False
[vector] 21749 21523 22045 False
[vector] 20357 21735 23139 False
[vector] 20115 21704 23382 False
[vector] 19670 22917 20899 False
[vector] 19367 22798 21467 False
[vector] 20338 21338 23475 False
[vector] 20313 19743 24514 False
[vector] 23475 20725 19367 False
[vector] 22028 20042 23550 False
[vector] 22890 21016 21613 False
[vector] 21089 19640 24190 False
[vector] 19748 23121 18512 False
[vector] 19298 23227 19708 False
[vector] 23070 20981 21354 False
[vector] 22681 21412 19590 False
[vector] 22825 21305 20453 False
[vector] 22850 21289 19498 False
[vector] 20198 22894 19277 False
[vector] 20181 22503 21821 False
[vector] 18709 23413 19323 False
[vector] 22318 21105 22082 False
[vector] 20562 22502 20940 False
[vector] 22611 20657 22468 False
[vector] 20136 22019 22810 False
[vector] 19841 22472 22200 False
[vector] 21781 19661 23910 False
[vector] 23446 19018 22652 False
[vector] 20552 22050 22281 False
[vector] 20179 21251 23724 False
[vector] 19501 22899 20938 False
[vector] 18830 22904 21521 False
[vector] 19054 22282 22777 False
[vector] 22887 19489 23143 False
[vector] 23571 20269 21436 False
[vector] 23744 19673 21801 False
[vector] 21771 18679 24020 False
[vector] 22512 20890 22465 False
[vector] 19614 22577 22040 False
[vector] 20275 21961 22645 False
[vector] 20178 21841 22994 False
[vector] 22742 19326 23328 False
[vector] 17993 22894 21815 False
[vector] 23395 19606 22422 False
[vector] 20724 20177 24196 False
[vector] 20208 22864 19567 False
[vector] 22637 21171 21595 False
[vector] 20203 22379 21998 False
[vector] 19482 23094 19971 False
[vector] 20435 22579 20883 False
[vector] 21305 20665 23818 False
[vector] 20264 22452 21210 False
[vector] 23104 21067 20380 False
[vector] 18023 23550 19670 False
[vector] 23592 18987 22658 False
[vector] 19161 23361 19402 False
[vector] 19096 23364 19550 False
[vector] 22449 21387 21232 False
[vector] 20532 21905 22595 False
[vector] 21226 20371 23903 False
[vector] 20832 22098 22021 False
[vector] 23775 20118 21276 False
[vector] 19283 22545 22378 False
[vector] 21483 21991 21246 False
[vector] 19307 22644 22034 False
[vector] 21062 22021 21625 False
[vector] 22791 20076 22958 False
[vector] 20338 22829 19840 False
[vector] 22667 20969 21848 False
[vector] 18090 23339 20708 False
[vector] 22211 21377 21667 False
[vector] 22953 20927 21620 False
[vector] 22468 20994 22208 False
[vector] 23966 19353 21665 False
[vector] 22916 20933 21522 False
[vector] 21315 21067 23225 False
[vector] 22315 19814 23517 False
[vector] 21063 22400 20635 False
[vector] 21987 21937 19587 False
[vector] 18877 20345 24478 False
[vector] 19473 20605 24241 False
[vector] 16580 23674 19618 False
[vector] 23992 19816 21366 False
[vector] 21151 21681 22628 False
[vector] 19023 18834 24806 False
[vector] 22643 18650 23520 False
[vector] 21578 21796 21481 False
[vector] 22860 20322 22629 False
[vector] 23740 20203 21292 False
[vector] 18128 23317 20273 False
[vector] 20503 21631 23174 False
[vector] 20003 20622 24186 False
[vector] 22297 20914 22600 False
[vector] 19467 22856 20990 False
[vector] 20988 19442 24273 False
[vector] 22816 21028 21398 False
[vector] 22822 20340 22560 False
[vector] 22891 19202 23246 False
[vector] 17640 23407 20579 False
[vector] 21041 21695 22654 False
[vector] 19648 19049 24720 False
[vector] 22376 20244 23198 False
[vector] 19428 23320 18615 False
[vector] 21543 20938 23273 False
[vector] 19792 22784 21397 False
[vector] 20013 21786 23245 False
[vector] 18821 18498 24913 False
[vector] 22670 20405 22953 False
[vector] 20978 22194 21568 False
[vector] 22941 20581 22325 False
[vector] 21030 22154 21366 False
[vector] 18825 22883 21573 False
[vector] 20301 20063 24463 False
[vector] 20073 22414 22123 False
[vector] 20044 22825 20795 False
[vector] 22300 21600 20633 False
[vector] 23278 20512 21822 False
[vector] 21558 21029 23189 False
[vector] 21290 21199 23159 False
[vector] 22402 20707 22899 False
[vector] 20855 21683 22708 False
[vector] 20827 18392 24382 False
[vector] 20454 22437 21518 False
[vector] 23558 20279 21404 False
[vector] 20582 22012 22488 False
[vector] 18183 23369 20191 False
[vector] 21440 21044 23248 False
[vector] 22999 20750 21895 False
[vector] 19440 18774 24734 False
[vector] 19625 22109 22940 False
[vector] 22764 20171 22990 False
[vector] 23040 19793 22782 False
[vector] 18542 18612 24929 False
[vector] 20227 22542 21358 False
[vector] 23033 20987 21256 False
[vector] 20788 21850 22636 False
[vector] 22786 20112 22853 False
[vector] 18493 23204 21015 False
[vector] 19757 21841 23204 False
[vector] 21623 22131 19977 False
[vector] 19512 23056 20178 False
[vector] 23081 19195 22827 False
[vector] 18763 23492 18537 False
[vector] 21511 21890 21666 False
[vector] 21154 22194 21339 False
[vector] 19935 22745 21127 False
[vector] 20811 20471 24050 False
[vector] 19640 20791 24194 False
[vector] 17722 22892 21892 False
[vector] 22174 21379 21790 False
[vector] 23220 20343 22252 False
[vector] 20098 22166 22663 False
[vector] 21201 22139 20875 False
[vector] 19216 23069 20668 False
[vector] 20209 20798 24099 False
[vector] 18755 19864 24683 False
[vector] 19493 22086 22947 False
[vector] 22474 21045 22075 False
[vector] 21528 21789 21837 False
[vector] 21151 22365 20626 False
[vector] 21554 21872 21442 False
[vector] 22342 21366 21735 False
[vector] 18849 23085 20907 False
[vector] 22351 19020 23702 False
[vector] 20779 22256 21500 False
[vector] 23659 20473 19201 False
