[nb-items] 70
[nb-objectives] 3
[nb-pareto] 2299
[nb-lorenz] 122
[runtime] 582.9088690280914
[format] f1 f2 f3 isLorenzND
[vector] 25672 25288 26064 True
[vector] 26402 24589 26816 True
[vector] 26552 24439 27020 True
[vector] 25954 24349 28088 True
[vector] 25651 24862 27181 True
[vector] 26266 24798 26532 True
[vector] 25927 25101 26152 True
[vector] 25428 25326 26177 True
[vector] 25833 25186 26042 True
[vector] 26124 24826 26613 True
[vector] 26006 24780 27124 True
[vector] 25701 24504 28070 True
[vector] 25307 25092 27141 True
[vector] 26423 24492 26911 True
[vector] 26890 23958 27452 True
[vector] 25182 25180 26924 True
[vector] 25626 25340 25919 True
[vector] 25722 25491 25558 True
[vector] 25746 25089 26494 True
[vector] 25603 25227 26450 True
[vector] 25919 25035 26404 True
[vector] 25325 25119 26873 True
[vector] 26990 24040 27148 True
[vector] 26822 23951 27603 True
[vector] 25894 25145 26055 True
[vector] 26570 24522 26731 True
[vector] 26121 24950 26250 True
[vector] 26908 23811 27859 True
[vector] 25861 24896 26775 True
[vector] 25374 25436 26017 True
[vector] 27048 23625 27913 True
[vector] 25990 25064 26088 True
[vector] 25827 24801 27179 True
[vector] 25871 24800 26980 True
[vector] 27023 23529 28113 True
[vector] 25103 24852 27804 True
[vector] 25958 24545 27700 True
[vector] 25810 25047 26418 True
[vector] 27187 23573 27786 True
[vector] 25587 25409 25784 True
[vector] 26844 24301 26812 True
[vector] 25879 25185 25937 True
[vector] 25674 25256 26134 True
[vector] 25350 25299 26310 True
[vector] 26146 24564 27351 True
[vector] 26317 24677 26713 True
[vector] 25438 24836 27662 True
[vector] 26139 24074 28268 True
[vector] 26595 24618 26531 True
[vector] 25808 25079 26348 True
[vector] 25874 25203 25910 True
[vector] 25299 25234 26658 True
[vector] 25302 25045 27378 True
[vector] 26933 23907 27659 True
[vector] 26459 24827 26247 True
[vector] 25692 25247 26187 True
[vector] 26858 24286 26939 True
[vector] 25743 25317 25748 True
[vector] 26346 24472 27492 True
[vector] 26003 24969 26404 True
[vector] 25761 24894 26911 True
[vector] 26101 24972 26168 True
[vector] 26531 24191 27615 True
[vector] 26775 24240 27198 True
[vector] 25873 24594 27623 True
[vector] 26405 24203 27749 True
[vector] 25209 25154 27004 True
[vector] 27074 23987 27067 True
[vector] 26435 24548 26830 True
[vector] 27238 23903 27139 True
[vector] 25341 25316 26283 True
[vector] 26381 24867 26243 True
[vector] 25731 24650 27540 True
[vector] 26071 24900 26455 True
[vector] 25758 24637 27559 True
[vector] 25632 24649 27693 True
[vector] 26342 24773 26513 True
[vector] 26148 24162 28119 True
[vector] 26434 24731 26447 True
[vector] 25383 25258 26502 True
[vector] 25940 24938 26499 True
[vector] 26833 24190 27139 True
[vector] 25903 24967 26540 True
[vector] 27421 23514 27427 True
[vector] 25435 25025 26942 True
[vector] 26474 24058 28126 True
[vector] 25233 25291 26711 True
[vector] 26353 24895 26080 True
[vector] 26181 24959 26102 True
[vector] 27142 23752 27500 True
[vector] 26665 24257 27224 True
[vector] 25474 24609 27910 True
[vector] 26234 24631 26972 True
[vector] 26681 24478 26787 True
[vector] 26017 25038 26168 True
[vector] 25845 24828 26911 True
[vector] 25858 25282 25842 True
[vector] 25714 25128 26385 True
[vector] 25136 25258 26934 True
[vector] 25779 24885 26964 True
[vector] 26259 24727 26772 True
[vector] 25894 24939 26604 True
[vector] 26089 24431 27862 True
[vector] 26238 25004 25984 True
[vector] 27071 24062 26971 True
[vector] 25992 24858 26731 True
[vector] 25157 25161 27029 True
[vector] 25739 25018 26734 True
[vector] 27302 23291 28040 True
[vector] 26274 24150 27985 True
[vector] 25570 25107 26716 True
[vector] 26328 24788 26386 True
[vector] 26509 24352 27167 True
[vector] 26340 24482 27237 True
[vector] 25931 25178 25912 True
[vector] 26534 24448 26967 True
[vector] 26918 24102 27242 True
[vector] 24935 24894 27960 True
[vector] 25795 25387 25628 True
[vector] 26585 24327 27148 True
[vector] 26419 24480 26966 True
[vector] 25470 25355 26050 True
[vector] 25054 25158 27068 False
[vector] 26821 20686 28428 False
[vector] 25345 25103 26775 False
[vector] 25564 25117 26461 False
[vector] 25218 25112 26895 False
[vector] 25567 24960 26766 False
[vector] 24699 25688 25938 False
[vector] 24916 25596 26015 False
[vector] 26447 25034 24673 False
[vector] 24406 23253 29385 False
[vector] 25451 22325 29171 False
[vector] 25727 24454 27928 False
[vector] 26178 25083 25739 False
[vector] 26940 23826 27446 False
[vector] 25386 24872 27435 False
[vector] 24774 26030 24313 False
[vector] 25826 22900 28846 False
[vector] 25304 25271 26316 False
[vector] 27486 23039 27874 False
[vector] 24742 23477 29121 False
[vector] 24629 25512 26694 False
[vector] 26046 23800 28363 False
[vector] 26167 24489 27006 False
[vector] 23782 22144 29850 False
[vector] 25541 25518 25388 False
[vector] 23398 25404 27662 False
[vector] 22783 20445 30054 False
[vector] 24723 25669 26108 False
[vector] 28391 23444 24248 False
[vector] 26708 23903 27718 False
[vector] 24745 25762 25808 False
[vector] 22060 26728 24735 False
[vector] 24884 21689 29375 False
[vector] 26495 24192 27458 False
[vector] 22517 26434 25996 False
[vector] 22403 26555 25366 False
[vector] 26380 24224 27457 False
[vector] 25933 21430 28932 False
[vector] 24970 25853 25086 False
[vector] 23382 25436 27699 False
[vector] 24762 24040 28779 False
[vector] 28736 23172 24357 False
[vector] 23559 25691 27120 False
[vector] 24325 24512 28689 False
[vector] 23978 24974 28132 False
[vector] 24947 24286 28511 False
[vector] 27186 24249 26310 False
[vector] 24722 25432 26816 False
[vector] 23759 25825 26689 False
[vector] 28122 23417 26286 False
[vector] 28099 23297 26431 False
[vector] 25032 22010 29348 False
[vector] 26532 25095 24182 False
[vector] 24615 25593 26396 False
[vector] 24492 25389 27008 False
[vector] 23941 25644 26967 False
[vector] 27740 24080 24729 False
[vector] 23419 26525 24142 False
[vector] 25273 22008 29249 False
[vector] 25399 24871 27221 False
[vector] 25913 24606 27263 False
[vector] 27810 23971 25338 False
[vector] 27824 22993 27294 False
[vector] 25082 25488 26155 False
[vector] 22215 26732 24438 False
[vector] 25476 25853 23970 False
[vector] 27865 23376 26656 False
[vector] 27350 24301 25696 False
[vector] 27018 24543 25610 False
[vector] 22970 26510 25182 False
[vector] 24820 25138 27347 False
[vector] 25846 25530 24862 False
[vector] 25186 25637 25573 False
[vector] 24760 24993 27687 False
[vector] 25474 25348 25993 False
[vector] 29345 22194 24606 False
[vector] 26400 24426 27052 False
[vector] 25075 25150 27218 False
[vector] 28031 23697 25815 False
[vector] 24725 25109 27452 False
[vector] 26254 23895 28177 False
[vector] 24916 25317 26809 False
[vector] 26470 24901 25495 False
[vector] 26548 23104 28345 False
[vector] 22112 26081 26819 False
[vector] 28178 23534 25610 False
[vector] 21043 26910 24431 False
[vector] 26099 23308 28522 False
[vector] 26140 24375 27521 False
[vector] 26904 24112 26880 False
[vector] 21705 26664 25272 False
[vector] 26292 23335 28434 False
[vector] 25308 24912 27431 False
[vector] 24768 25467 26699 False
[vector] 27512 23125 27527 False
[vector] 25694 25237 25914 False
[vector] 26406 23241 28528 False
[vector] 27684 22504 27613 False
[vector] 22350 26082 26769 False
[vector] 27313 24422 24915 False
[vector] 26399 24894 25975 False
[vector] 24529 25492 26839 False
[vector] 25463 25292 26072 False
[vector] 27225 23430 27470 False
[vector] 25406 25159 26583 False
[vector] 22525 26422 25864 False
[vector] 26069 21622 28891 False
[vector] 24362 22485 29532 False
[vector] 26467 22867 28467 False
[vector] 24002 24121 28885 False
[vector] 26455 24200 27491 False
[vector] 26569 24106 27585 False
[vector] 23022 25863 27266 False
[vector] 23642 25732 26981 False
[vector] 24174 21986 29655 False
[vector] 24272 25451 27209 False
[vector] 28375 22049 26671 False
[vector] 24962 23705 28946 False
[vector] 25539 23190 28846 False
[vector] 24795 26062 23940 False
[vector] 23236 25452 27775 False
[vector] 25761 24959 26554 False
[vector] 23295 26372 25098 False
[vector] 25319 25626 25251 False
[vector] 24584 24455 28519 False
[vector] 27102 23383 27899 False
[vector] 26031 24261 28084 False
[vector] 25427 22646 29147 False
[vector] 25996 25451 23764 False
[vector] 27063 24677 24312 False
[vector] 25516 25422 25588 False
[vector] 29037 22720 24975 False
[vector] 27631 22966 27382 False
[vector] 23044 24756 28524 False
[vector] 24488 22403 29532 False
[vector] 27166 24470 25803 False
[vector] 25596 25034 26534 False
[vector] 24344 25296 27327 False
[vector] 27109 24337 26314 False
[vector] 24908 25617 26139 False
[vector] 23748 25380 27702 False
[vector] 24302 25597 26679 False
[vector] 27015 22720 28295 False
[vector] 22008 26419 26224 False
[vector] 25130 25923 24787 False
[vector] 23189 25717 27308 False
[vector] 24511 21898 29598 False
[vector] 25940 24596 27244 False
[vector] 28190 23430 25853 False
[vector] 25167 24676 27904 False
[vector] 26128 24880 26245 False
[vector] 27555 24218 25704 False
[vector] 25243 25378 26146 False
[vector] 26515 24394 27053 False
[vector] 28014 23442 26050 False
[vector] 25008 24922 27546 False
[vector] 24240 25284 27649 False
[vector] 25206 23878 28685 False
[vector] 24928 24701 28044 False
[vector] 27994 21351 27339 False
[vector] 29120 22620 24780 False
[vector] 24480 23670 29131 False
[vector] 24313 25836 26215 False
[vector] 26474 22584 28564 False
[vector] 28198 22575 26934 False
[vector] 24579 23619 29146 False
[vector] 26699 24614 26250 False
[vector] 23930 25738 26751 False
[vector] 25227 25200 26746 False
[vector] 26250 25279 24563 False
[vector] 27601 24041 25979 False
[vector] 23803 25769 26952 False
[vector] 23082 26484 24925 False
[vector] 26946 23775 27550 False
[vector] 24399 24975 27902 False
[vector] 26773 24638 25889 False
[vector] 28646 22680 25883 False
[vector] 25492 25339 26046 False
[vector] 26141 25317 24811 False
[vector] 23961 25887 26166 False
[vector] 21610 26975 22825 False
[vector] 28749 22959 25362 False
[vector] 25586 25515 24968 False
[vector] 26247 24902 26049 False
[vector] 28769 22897 25240 False
[vector] 22472 26011 26924 False
[vector] 25173 25527 25795 False
[vector] 21409 26945 23962 False
[vector] 25105 25827 24987 False
[vector] 28099 23517 25879 False
[vector] 25497 24567 27919 False
[vector] 25579 24296 28244 False
[vector] 26894 24504 26306 False
[vector] 26071 23164 28732 False
[vector] 23139 26593 24202 False
[vector] 26043 23410 28536 False
[vector] 21170 26929 24101 False
[vector] 28655 23377 24584 False
[vector] 24217 25685 26576 False
[vector] 26507 21882 28779 False
[vector] 27692 23489 26832 False
[vector] 25302 24241 28439 False
[vector] 24020 25923 26008 False
[vector] 24722 24753 28015 False
[vector] 24592 25925 25587 False
[vector] 24511 25742 26087 False
[vector] 23976 22752 29735 False
[vector] 27656 23449 26963 False
[vector] 26420 24288 27195 False
[vector] 26174 22236 28821 False
[vector] 26532 24112 27487 False
[vector] 26465 25112 24571 False
[vector] 24334 24960 27908 False
[vector] 24195 25561 26753 False
[vector] 24499 26124 24220 False
[vector] 25546 24865 27053 False
[vector] 23649 26422 24156 False
[vector] 24599 22686 29519 False
[vector] 25384 23053 29045 False
[vector] 23843 25409 27597 False
[vector] 28661 22802 25754 False
[vector] 28239 22320 27019 False
[vector] 25262 25576 25487 False
[vector] 23392 26174 26351 False
[vector] 27632 24238 25123 False
[vector] 27344 24469 23709 False
[vector] 23578 26425 24794 False
[vector] 24461 23064 29522 False
[vector] 24962 24885 27695 False
[vector] 27824 24187 23815 False
[vector] 25612 20566 29102 False
[vector] 26700 24045 27402 False
[vector] 25628 25321 25710 False
[vector] 24554 23201 29256 False
[vector] 24656 25016 27532 False
[vector] 25657 21249 29019 False
[vector] 21904 20792 30359 False
[vector] 25751 24147 28476 False
[vector] 26731 24439 26462 False
[vector] 27512 22072 27906 False
[vector] 25545 25011 26916 False
[vector] 25046 24067 28699 False
[vector] 25352 25574 25327 False
[vector] 23332 25796 26960 False
[vector] 24306 22469 29575 False
[vector] 25231 24438 28438 False
[vector] 24134 25639 26835 False
[vector] 26086 24620 27142 False
[vector] 26662 24620 26152 False
[vector] 27363 24003 26441 False
[vector] 23010 25727 27357 False
[vector] 25371 25625 25297 False
[vector] 25712 22763 29017 False
[vector] 24937 24789 27895 False
[vector] 22942 26212 26216 False
[vector] 25620 24186 28339 False
[vector] 25677 25619 24844 False
[vector] 28075 23712 25599 False
[vector] 24573 25975 25441 False
[vector] 24112 22069 29656 False
[vector] 26805 21401 28432 False
[vector] 27700 23985 25364 False
[vector] 25391 24958 27172 False
[vector] 23521 25485 27542 False
[vector] 26651 23404 28241 False
[vector] 25867 24604 27368 False
[vector] 23908 22062 29850 False
[vector] 25897 24685 27195 False
[vector] 24857 25664 25707 False
[vector] 27473 23989 26415 False
[vector] 25101 25136 27156 False
[vector] 22998 25743 27354 False
[vector] 24747 24599 28328 False
[vector] 22344 26606 25136 False
[vector] 22014 26349 26119 False
[vector] 26196 24207 27757 False
[vector] 27629 24063 25623 False
[vector] 25771 22971 28858 False
[vector] 26831 24396 26496 False
[vector] 26522 23454 28138 False
[vector] 24538 25580 26690 False
[vector] 26739 24300 26865 False
[vector] 24874 22323 29368 False
[vector] 25625 23002 28852 False
[vector] 28634 23241 25108 False
[vector] 26893 24829 23290 False
[vector] 24556 23093 29417 False
[vector] 23520 25435 27611 False
[vector] 21374 26675 25370 False
[vector] 25545 24564 27800 False
[vector] 25168 25480 26032 False
[vector] 27463 23420 27248 False
[vector] 25015 20847 29415 False
[vector] 27128 24048 26766 False
[vector] 28421 23422 24411 False
[vector] 24380 25540 26907 False
[vector] 26811 24881 23925 False
[vector] 25485 24720 27583 False
[vector] 28576 23072 25538 False
[vector] 25058 25425 26205 False
[vector] 24587 25878 25824 False
[vector] 27314 23927 26769 False
[vector] 25491 22823 29050 False
[vector] 24030 25170 27965 False
[vector] 26417 24394 27233 False
[vector] 28361 22698 26512 False
[vector] 25489 21281 29209 False
[vector] 28687 22758 25833 False
[vector] 23110 26294 25607 False
[vector] 27028 24395 26064 False
[vector] 27927 24025 25072 False
[vector] 26534 22674 28493 False
[vector] 23712 26256 25306 False
[vector] 24311 25685 26530 False
[vector] 23506 25941 26697 False
[vector] 27504 23192 27397 False
[vector] 24427 25295 27112 False
[vector] 26450 23506 28247 False
[vector] 22484 21133 30041 False
[vector] 27285 24432 25153 False
[vector] 26408 22811 28599 False
[vector] 24854 25327 26955 False
[vector] 25631 24958 26771 False
[vector] 27959 23733 25652 False
[vector] 27730 23548 26485 False
[vector] 26082 22151 28846 False
[vector] 24289 24739 28441 False
[vector] 26267 25035 25824 False
[vector] 24386 26309 23958 False
[vector] 23975 24464 28742 False
[vector] 26150 25100 25598 False
[vector] 26673 23566 28012 False
[vector] 27404 24042 26411 False
[vector] 26243 24909 26106 False
[vector] 24962 23111 29289 False
[vector] 23829 25719 26810 False
[vector] 27605 23170 27277 False
[vector] 25025 25508 26329 False
[vector] 23859 25336 27758 False
[vector] 24298 26310 22709 False
[vector] 25031 24885 27620 False
[vector] 24684 25347 27063 False
[vector] 28286 23232 25811 False
[vector] 25347 25527 25564 False
[vector] 23405 26101 26056 False
[vector] 25821 24811 26924 False
[vector] 26632 24657 26007 False
[vector] 25313 25066 27086 False
[vector] 23924 26300 25059 False
[vector] 28797 22927 24889 False
[vector] 24598 26071 25241 False
[vector] 23353 26455 24670 False
[vector] 25688 22794 28911 False
[vector] 25504 24918 26924 False
[vector] 23310 26278 25741 False
[vector] 28796 21806 25870 False
[vector] 21361 26903 24055 False
[vector] 24820 24926 27959 False
[vector] 22996 25475 27648 False
[vector] 28232 23275 26325 False
[vector] 25385 22138 29210 False
[vector] 28597 23247 25010 False
[vector] 27773 24039 24921 False
[vector] 25796 24035 28290 False
[vector] 26874 24837 24552 False
[vector] 27670 24102 25593 False
[vector] 27785 21424 27646 False
[vector] 26686 24160 27319 False
[vector] 24535 24869 28130 False
[vector] 25162 23613 29087 False
[vector] 24704 26027 24441 False
[vector] 27015 23836 27164 False
[vector] 23625 26445 23897 False
[vector] 23653 24024 29059 False
[vector] 23685 25988 26229 False
[vector] 27937 23570 26228 False
[vector] 27138 24064 26592 False
[vector] 23748 24569 28582 False
[vector] 25595 21188 29097 False
[vector] 22031 26516 25612 False
[vector] 27429 24446 23941 False
[vector] 25416 21578 29217 False
[vector] 27263 24585 24453 False
[vector] 24750 25783 25593 False
[vector] 22688 26303 25879 False
[vector] 23517 25473 27597 False
[vector] 24091 21572 29661 False
[vector] 23620 26436 24121 False
[vector] 21696 26532 25690 False
[vector] 24696 26074 25005 False
[vector] 21488 26819 24391 False
[vector] 24284 25847 25927 False
[vector] 23140 26517 24789 False
[vector] 25407 23655 28804 False
[vector] 25366 23788 28781 False
[vector] 27090 21578 28268 False
[vector] 28136 23124 26686 False
[vector] 24068 22138 29643 False
[vector] 24608 26075 23756 False
[vector] 24362 25423 27008 False
[vector] 23809 24999 28263 False
[vector] 26046 25438 25003 False
[vector] 26073 24715 26826 False
[vector] 23409 26580 24208 False
[vector] 27559 24199 25173 False
[vector] 27768 24053 24263 False
[vector] 25427 23269 28891 False
[vector] 24927 25223 27025 False
[vector] 27359 23424 27529 False
[vector] 27147 22696 28093 False
[vector] 23486 26550 23571 False
[vector] 23842 26339 23587 False
[vector] 27462 24096 25772 False
[vector] 27447 24317 24832 False
[vector] 23616 25514 27437 False
[vector] 25760 24235 28327 False
[vector] 24552 25630 26460 False
[vector] 24327 25487 27028 False
[vector] 24378 25225 27506 False
[vector] 24688 25248 27165 False
[vector] 23421 25322 27958 False
[vector] 23566 26040 26219 False
[vector] 22913 26349 25656 False
[vector] 28042 22939 26783 False
[vector] 27168 24555 24905 False
[vector] 25861 25365 25027 False
[vector] 26510 23131 28375 False
[vector] 23819 25763 26693 False
[vector] 25592 25661 24622 False
[vector] 22837 26512 25211 False
[vector] 24600 25923 25366 False
[vector] 28007 23699 26032 False
[vector] 26973 24546 26030 False
[vector] 28116 23427 26031 False
[vector] 22106 26917 23441 False
[vector] 27735 22865 27508 False
[vector] 25005 25617 25858 False
[vector] 22063 26740 24512 False
[vector] 29026 22938 24870 False
[vector] 27331 21416 28105 False
[vector] 28781 22995 24844 False
[vector] 25939 24166 28127 False
[vector] 28561 22625 26264 False
[vector] 25526 22278 29140 False
[vector] 27310 23915 26824 False
[vector] 26035 24840 26507 False
[vector] 24431 25207 27535 False
[vector] 25884 24913 26626 False
[vector] 25703 25569 24702 False
[vector] 27906 22945 27116 False
[vector] 24671 25967 25311 False
[vector] 28633 22812 25992 False
[vector] 26305 24213 27540 False
[vector] 24503 23657 29219 False
[vector] 22892 26577 24568 False
[vector] 26014 24739 26929 False
[vector] 26445 25055 25182 False
[vector] 24597 25835 25615 False
[vector] 20961 26852 25048 False
[vector] 23977 25716 26839 False
[vector] 24335 26166 24724 False
[vector] 22939 25342 28159 False
[vector] 24605 24931 27887 False
[vector] 25067 25373 26465 False
[vector] 24121 23759 29259 False
[vector] 23719 26345 25255 False
[vector] 23888 26190 25841 False
[vector] 24430 23926 29054 False
[vector] 25072 25339 26498 False
[vector] 28465 22474 26625 False
[vector] 26009 24757 26902 False
[vector] 23385 25694 27258 False
[vector] 28987 22487 25004 False
[vector] 25247 25159 26869 False
[vector] 24914 25607 26394 False
[vector] 25145 25754 25359 False
[vector] 23778 26333 24935 False
[vector] 24215 25852 25959 False
[vector] 25939 25069 25962 False
[vector] 26782 23582 28002 False
[vector] 23983 23515 29276 False
[vector] 27019 24415 26147 False
[vector] 23756 26255 25107 False
[vector] 25612 25355 25792 False
[vector] 27798 23522 26592 False
[vector] 22830 26418 25344 False
[vector] 24978 25424 26388 False
[vector] 27978 23609 26198 False
[vector] 22945 21820 30029 False
[vector] 25986 23285 28593 False
[vector] 27330 24429 24733 False
[vector] 23947 25618 26912 False
[vector] 23352 26447 24719 False
[vector] 28369 22455 26877 False
[vector] 25987 23996 28486 False
[vector] 24118 26162 24905 False
[vector] 25228 25832 24547 False
[vector] 23912 23593 29535 False
[vector] 25222 21397 29320 False
[vector] 26965 23944 27348 False
[vector] 24826 25094 27411 False
[vector] 24387 25519 26808 False
[vector] 25243 25770 25062 False
[vector] 26906 21670 28370 False
[vector] 22924 26606 24494 False
[vector] 24047 26240 25164 False
[vector] 27833 23816 25633 False
[vector] 27281 23730 27200 False
[vector] 29402 22327 24095 False
[vector] 24948 25484 26369 False
[vector] 26722 22950 28358 False
[vector] 28969 22805 25381 False
[vector] 23843 25641 27203 False
[vector] 23635 26374 24636 False
[vector] 23894 25379 27681 False
[vector] 24698 25244 27134 False
[vector] 26785 24913 24468 False
[vector] 23371 25534 27549 False
[vector] 24028 21316 29698 False
[vector] 26413 25057 24866 False
[vector] 28157 23466 26001 False
[vector] 26761 23054 28168 False
[vector] 24751 24698 28260 False
[vector] 23874 25472 27355 False
[vector] 26106 22619 28822 False
[vector] 23712 25975 26248 False
[vector] 24738 24047 28844 False
[vector] 23685 23698 29375 False
[vector] 28218 22780 26813 False
[vector] 22264 26515 25815 False
[vector] 24264 24082 29008 False
[vector] 26139 25344 24740 False
[vector] 26408 25061 25084 False
[vector] 26257 25125 25463 False
[vector] 24801 24998 27611 False
[vector] 24499 22020 29560 False
[vector] 26011 22590 28927 False
[vector] 25231 25880 23912 False
[vector] 27605 23262 27261 False
[vector] 26948 24450 26230 False
[vector] 28235 23690 25060 False
[vector] 27064 21517 28414 False
[vector] 28385 22669 26427 False
[vector] 29295 22244 24348 False
[vector] 26034 24929 26282 False
[vector] 26911 24456 26132 False
[vector] 29099 22448 24858 False
[vector] 24350 25928 25676 False
[vector] 26171 23744 28320 False
[vector] 22467 26662 24973 False
[vector] 27972 23903 24182 False
[vector] 24646 25871 25511 False
[vector] 22645 26298 25925 False
[vector] 26032 24730 26982 False
[vector] 27071 24373 26134 False
[vector] 26861 24778 24625 False
[vector] 23339 24922 28448 False
[vector] 25417 25215 26504 False
[vector] 26194 24846 26320 False
[vector] 25885 24851 26753 False
[vector] 26953 22165 28297 False
[vector] 25310 22185 29241 False
[vector] 26982 24421 26049 False
[vector] 26741 23692 27907 False
[vector] 24631 26172 23144 False
[vector] 26374 25318 23867 False
[vector] 26555 24549 26545 False
[vector] 23489 25758 27025 False
[vector] 27341 22192 27963 False
[vector] 24737 24713 28133 False
[vector] 24469 23143 29329 False
[vector] 25614 23081 28863 False
[vector] 24378 25753 26409 False
[vector] 23221 25846 26997 False
[vector] 26399 24213 27494 False
[vector] 21582 26976 23805 False
[vector] 28734 23193 24866 False
[vector] 25792 24115 28170 False
[vector] 21539 26799 24876 False
[vector] 23729 25648 27051 False
[vector] 28104 23578 25369 False
[vector] 25042 24147 28579 False
[vector] 24370 23684 29157 False
[vector] 26014 24662 27024 False
[vector] 26217 24486 27092 False
[vector] 26167 24872 26240 False
[vector] 22410 21501 30031 False
[vector] 25173 25358 26439 False
[vector] 25211 24941 27502 False
[vector] 23770 25810 26760 False
[vector] 23182 22021 30016 False
[vector] 25278 23320 28987 False
[vector] 24510 25380 27061 False
[vector] 27153 24599 24479 False
[vector] 28523 23056 25867 False
[vector] 23358 26437 24974 False
[vector] 24697 25336 27016 False
[vector] 24938 25763 25609 False
[vector] 24586 26217 24099 False
[vector] 23474 26577 24060 False
[vector] 23698 26205 25533 False
[vector] 23210 25540 27591 False
[vector] 24868 25438 26414 False
[vector] 27607 23154 27422 False
[vector] 24099 25583 27337 False
[vector] 23800 25927 26345 False
[vector] 26260 24808 26277 False
[vector] 24498 26218 22850 False
[vector] 24260 25529 26933 False
[vector] 26067 25127 25683 False
[vector] 24715 24925 28012 False
[vector] 27807 23791 25891 False
[vector] 26328 23608 28225 False
[vector] 26625 25108 23631 False
[vector] 23030 25872 27043 False
[vector] 27049 22562 28145 False
[vector] 24191 25696 26744 False
[vector] 27481 23199 27381 False
[vector] 25623 24561 27842 False
[vector] 27334 24041 26542 False
[vector] 28454 23070 25909 False
[vector] 25322 23818 28803 False
[vector] 26733 23999 27518 False
[vector] 27838 23961 25100 False
[vector] 26336 23308 28433 False
[vector] 26451 24887 25950 False
[vector] 28702 22906 25690 False
[vector] 26804 22604 28317 False
[vector] 23107 23786 29275 False
[vector] 25721 22548 28939 False
[vector] 22677 26045 26835 False
[vector] 26076 24729 26783 False
[vector] 25351 25091 26942 False
[vector] 27511 23135 27674 False
[vector] 22975 26576 24353 False
[vector] 25478 25413 25726 False
[vector] 25366 24520 28212 False
[vector] 28774 23052 24567 False
[vector] 24939 25190 27067 False
[vector] 23396 24080 29109 False
[vector] 28540 23114 25521 False
[vector] 28759 23039 25179 False
[vector] 21839 26302 26326 False
[vector] 23992 25852 26436 False
[vector] 25568 25505 25407 False
[vector] 27082 23982 26939 False
[vector] 24209 25908 25823 False
[vector] 28066 23191 26591 False
[vector] 24545 25660 26301 False
[vector] 24888 26036 22861 False
[vector] 24202 26001 25483 False
[vector] 22914 25405 27818 False
[vector] 26967 24400 26376 False
[vector] 24362 25251 27745 False
[vector] 27682 23116 27145 False
[vector] 24877 21415 29401 False
[vector] 24918 25872 25138 False
[vector] 22747 25978 26930 False
[vector] 25487 24207 28349 False
[vector] 24757 25827 25567 False
[vector] 25685 25698 23811 False
[vector] 23090 26572 24391 False
[vector] 25626 24659 27438 False
[vector] 27233 22295 28177 False
[vector] 28037 22085 27247 False
[vector] 27313 24330 25559 False
[vector] 26062 24659 26905 False
[vector] 27194 24638 24449 False
[vector] 27024 24533 25865 False
[vector] 23044 26311 25612 False
[vector] 28870 22831 25361 False
[vector] 28235 23782 24416 False
[vector] 24419 25384 27234 False
[vector] 25657 24918 26868 False
[vector] 25619 24365 28230 False
[vector] 28132 23845 25088 False
[vector] 23121 25976 26919 False
[vector] 26731 24015 27373 False
[vector] 27588 22108 27817 False
[vector] 24661 26141 22701 False
[vector] 25106 24739 27710 False
[vector] 25047 25178 27055 False
[vector] 25510 24827 27277 False
[vector] 28175 22007 27140 False
[vector] 23500 25951 26442 False
[vector] 23368 23130 29615 False
[vector] 24348 25390 27123 False
[vector] 28339 23352 25655 False
[vector] 25485 25459 25666 False
[vector] 24643 25995 25148 False
[vector] 22621 26096 26591 False
[vector] 24990 25118 27239 False
[vector] 23114 25389 27952 False
[vector] 23854 25899 26247 False
[vector] 20853 26925 24123 False
[vector] 23191 26562 24269 False
[vector] 26823 24767 24991 False
[vector] 22276 26761 24299 False
[vector] 23695 22286 29818 False
[vector] 24142 26063 25479 False
[vector] 24724 25707 25833 False
[vector] 25428 25740 24688 False
[vector] 25254 25571 25563 False
[vector] 27960 22703 27102 False
[vector] 25479 22411 29122 False
[vector] 24030 22543 29645 False
[vector] 23841 25925 26555 False
[vector] 28066 22809 27059 False
[vector] 23790 23112 29740 False
[vector] 24653 23497 29251 False
[vector] 24151 25885 25964 False
[vector] 22946 26308 25848 False
[vector] 25961 24328 27989 False
[vector] 23609 26488 24349 False
[vector] 25191 24369 28452 False
[vector] 24759 25173 27397 False
[vector] 23309 25977 26488 False
[vector] 24662 25471 26886 False
[vector] 24633 25882 25558 False
[vector] 26045 23729 28453 False
[vector] 23588 25176 28000 False
[vector] 22874 25936 27073 False
[vector] 23624 25097 28206 False
[vector] 23248 26333 25514 False
[vector] 26685 23003 28455 False
[vector] 23304 22502 29811 False
[vector] 27130 23898 27154 False
[vector] 24515 24702 28256 False
[vector] 24338 23779 29106 False
[vector] 25443 25678 25203 False
[vector] 23501 26252 25695 False
[vector] 24418 25097 27757 False
[vector] 22586 26451 25725 False
[vector] 25788 24946 26573 False
[vector] 22708 25722 27421 False
[vector] 25205 25525 25999 False
[vector] 25347 23182 29172 False
[vector] 27040 22816 28095 False
[vector] 25926 23566 28805 False
[vector] 25486 25276 26118 False
[vector] 26268 22997 28545 False
[vector] 24381 25433 26952 False
[vector] 26746 23433 28136 False
[vector] 25955 25492 24614 False
[vector] 24967 25061 27520 False
[vector] 24172 25016 27950 False
[vector] 23584 26392 24549 False
[vector] 24211 25522 26946 False
[vector] 27036 23397 28004 False
[vector] 25613 23304 28845 False
[vector] 26536 25015 24302 False
[vector] 26613 24965 25007 False
[vector] 24450 26144 25048 False
[vector] 24738 25855 25468 False
[vector] 23914 25670 26887 False
[vector] 23500 26374 24912 False
[vector] 22865 26095 26724 False
[vector] 21947 20647 30194 False
[vector] 23179 26212 26127 False
[vector] 24610 25680 26034 False
[vector] 23397 25202 28046 False
[vector] 26457 25033 25604 False
[vector] 27078 21700 28230 False
[vector] 25326 25201 26593 False
[vector] 26871 24154 26830 False
[vector] 25660 25305 25854 False
[vector] 22663 26577 25176 False
[vector] 22077 26895 24228 False
[vector] 24106 25077 28005 False
[vector] 22421 26283 26357 False
[vector] 25945 24985 26262 False
[vector] 24708 25510 26423 False
[vector] 25600 22633 29056 False
[vector] 26649 24982 24296 False
[vector] 24984 24599 28239 False
[vector] 24484 23590 29251 False
[vector] 25813 24661 27351 False
[vector] 27143 24568 24888 False
[vector] 21963 20551 30243 False
[vector] 23962 26336 23801 False
[vector] 24354 25993 25409 False
[vector] 24087 26312 23645 False
[vector] 26670 24239 27251 False
[vector] 26555 24271 27250 False
[vector] 24486 23160 29322 False
[vector] 23236 22832 29748 False
[vector] 25810 22692 28933 False
[vector] 27182 24329 26190 False
[vector] 24072 26232 24519 False
[vector] 26311 24900 26054 False
[vector] 25417 25494 25414 False
[vector] 23661 25072 28070 False
[vector] 23712 25665 27076 False
[vector] 20142 26961 23962 False
[vector] 26944 24019 27151 False
[vector] 23468 21088 29854 False
[vector] 21981 26744 24589 False
[vector] 23205 26065 26406 False
[vector] 24228 25796 26249 False
[vector] 24370 23453 29422 False
[vector] 25485 22182 29149 False
[vector] 24601 26108 23531 False
[vector] 22221 26299 26223 False
[vector] 24379 26165 24525 False
[vector] 22699 24108 29134 False
[vector] 25198 23413 29050 False
[vector] 23020 26701 23471 False
[vector] 27328 22324 28072 False
[vector] 25620 24666 27483 False
[vector] 22234 26663 24770 False
[vector] 27820 23755 25952 False
[vector] 21836 26930 23435 False
[vector] 28570 23346 24689 False
[vector] 25444 25734 24429 False
[vector] 24076 25718 26467 False
[vector] 23214 26352 25207 False
[vector] 26006 24799 26632 False
[vector] 23371 25859 26923 False
[vector] 26573 23734 28063 False
[vector] 24594 26090 23629 False
[vector] 22647 21040 30089 False
[vector] 25211 22716 29250 False
[vector] 27030 24679 25519 False
[vector] 27522 24017 26017 False
[vector] 28038 23718 25501 False
[vector] 27415 23217 27454 False
[vector] 26458 24887 25662 False
[vector] 24856 25663 25743 False
[vector] 27769 24014 25096 False
[vector] 26587 24308 26939 False
[vector] 27367 24048 26313 False
[vector] 23747 24600 28589 False
[vector] 21729 26784 25184 False
[vector] 24068 26207 25511 False
[vector] 23722 24919 28375 False
[vector] 26662 22477 28726 False
[vector] 27061 23493 27804 False
[vector] 25692 25140 26244 False
[vector] 24614 25414 26968 False
[vector] 24499 25141 27525 False
[vector] 27858 23191 26949 False
[vector] 24372 22038 29578 False
[vector] 20758 26488 25927 False
[vector] 25956 24904 26417 False
[vector] 26620 24956 25455 False
[vector] 25435 25206 26557 False
[vector] 26230 25064 25687 False
[vector] 22346 26573 25198 False
[vector] 27759 22070 27658 False
[vector] 26135 24257 27803 False
[vector] 28300 22750 26700 False
[vector] 24289 24989 27928 False
[vector] 27517 23665 27066 False
[vector] 28441 23202 26018 False
[vector] 24767 22841 29490 False
[vector] 23659 25854 26704 False
[vector] 24104 25907 25876 False
[vector] 25210 21519 29282 False
[vector] 22999 26195 26457 False
[vector] 22678 26676 24537 False
[vector] 24968 25298 26812 False
[vector] 21682 26944 23284 False
[vector] 24058 25313 27396 False
[vector] 26140 24574 27096 False
[vector] 25457 24901 27119 False
[vector] 24886 25353 26750 False
[vector] 26760 23861 27705 False
[vector] 27881 23224 26756 False
[vector] 23435 24564 28652 False
[vector] 23482 25582 27464 False
[vector] 25921 24887 26529 False
[vector] 27807 22632 27448 False
[vector] 26871 22321 28360 False
[vector] 23972 26056 25872 False
[vector] 26432 24937 25804 False
[vector] 27339 24023 26569 False
[vector] 23764 26343 24573 False
[vector] 20060 26903 24579 False
[vector] 26492 24681 26319 False
[vector] 25215 25300 26658 False
[vector] 26503 23820 28075 False
[vector] 27833 23095 27149 False
[vector] 23496 24994 28333 False
[vector] 28345 23051 26379 False
[vector] 24837 24908 27672 False
[vector] 23418 26091 25925 False
[vector] 21407 26991 23187 False
[vector] 26618 24305 26848 False
[vector] 23905 25400 27389 False
[vector] 25838 22778 28884 False
[vector] 25157 25910 24806 False
[vector] 25809 25194 25978 False
[vector] 27287 24339 25371 False
[vector] 26445 24897 25695 False
[vector] 28467 23409 25361 False
[vector] 25981 24619 27195 False
[vector] 27317 24520 24413 False
[vector] 21132 27044 23676 False
[vector] 24552 24407 28849 False
[vector] 27665 24116 24935 False
[vector] 28154 23566 25385 False
[vector] 27157 24233 26390 False
[vector] 23973 25776 26559 False
[vector] 23707 25618 27313 False
[vector] 26850 23976 27347 False
[vector] 27830 22894 27403 False
[vector] 23832 26318 24515 False
[vector] 23718 26439 23885 False
[vector] 27890 23228 26638 False
[vector] 26533 24551 26594 False
[vector] 25130 23939 28771 False
[vector] 26671 24060 27360 False
[vector] 24567 24998 27819 False
[vector] 25968 24502 27491 False
[vector] 26502 25030 25184 False
[vector] 25649 22510 29030 False
[vector] 24619 25292 27375 False
[vector] 27161 24153 26510 False
[vector] 25323 25325 26230 False
[vector] 26392 24298 27433 False
[vector] 28185 22707 27043 False
[vector] 27064 24675 24395 False
[vector] 25847 21611 29014 False
[vector] 24861 26049 22842 False
[vector] 25292 25464 25798 False
[vector] 22352 26723 24226 False
[vector] 25230 25415 26348 False
[vector] 27782 24099 23851 False
[vector] 26487 25068 24566 False
[vector] 27436 24161 25952 False
[vector] 21953 26623 25237 False
[vector] 23313 24501 28829 False
[vector] 27256 24092 26257 False
[vector] 27199 23959 26768 False
[vector] 25490 24868 27154 False
[vector] 26483 24983 25462 False
[vector] 24302 25391 27228 False
[vector] 25491 25258 26145 False
[vector] 27227 24212 26157 False
[vector] 28378 23059 26358 False
[vector] 21917 20937 30174 False
[vector] 25799 24991 26497 False
[vector] 28930 22919 25122 False
[vector] 21937 26034 27026 False
[vector] 27005 24583 25719 False
[vector] 23895 25295 27638 False
[vector] 26808 24394 26563 False
[vector] 24608 24352 28498 False
[vector] 27407 24316 25034 False
[vector] 22589 20548 30138 False
[vector] 28160 22611 27243 False
[vector] 24389 24059 29031 False
[vector] 26437 22681 28535 False
[vector] 27784 22166 27458 False
[vector] 26547 22759 28472 False
[vector] 25328 25418 26112 False
[vector] 24848 25786 25357 False
[vector] 28193 23059 26453 False
[vector] 26477 24850 25747 False
[vector] 25003 25520 26188 False
[vector] 25791 24494 27757 False
[vector] 26968 24798 24504 False
[vector] 25439 24825 27308 False
[vector] 24185 25706 26489 False
[vector] 27522 23694 26694 False
[vector] 26179 23017 28689 False
[vector] 25107 25669 25606 False
[vector] 27178 24136 26485 False
[vector] 23799 25144 27999 False
[vector] 22871 26728 23619 False
[vector] 26995 24069 26776 False
[vector] 23096 26039 26578 False
[vector] 24046 25857 26302 False
[vector] 23876 26317 24316 False
[vector] 25440 22543 29125 False
[vector] 23960 25336 27507 False
[vector] 28893 21724 25833 False
[vector] 26010 24994 26194 False
[vector] 27795 23728 26077 False
[vector] 28854 23060 24378 False
[vector] 21887 26910 23920 False
[vector] 21552 26851 24377 False
[vector] 27895 23906 25531 False
[vector] 27191 24096 26376 False
[vector] 27467 23340 27368 False
[vector] 28268 23315 26194 False
[vector] 25225 24553 28103 False
[vector] 26240 23447 28370 False
[vector] 26084 25018 25833 False
[vector] 25452 25697 24755 False
[vector] 25601 23580 28730 False
[vector] 24526 25680 26602 False
[vector] 26727 24400 26777 False
[vector] 27786 23439 26811 False
[vector] 25686 25257 25932 False
[vector] 24444 24765 28254 False
[vector] 25764 24015 28367 False
[vector] 22411 21209 30042 False
[vector] 27396 23418 27627 False
[vector] 26961 24738 25067 False
[vector] 28436 23228 25928 False
[vector] 29042 22315 25369 False
[vector] 22333 26886 22475 False
[vector] 25120 25574 25922 False
[vector] 22715 25930 27260 False
[vector] 23384 26484 24408 False
[vector] 24544 25690 26163 False
[vector] 25438 24847 27205 False
[vector] 28869 22747 25858 False
[vector] 26754 23825 27708 False
[vector] 25203 25164 26749 False
[vector] 25711 21145 29092 False
[vector] 22572 25931 27137 False
[vector] 28172 23164 26555 False
[vector] 27760 22961 27308 False
[vector] 27762 24088 24259 False
[vector] 26792 21533 28541 False
[vector] 24893 25618 25851 False
[vector] 25050 24612 28214 False
[vector] 23297 26012 26358 False
[vector] 24452 25241 27432 False
[vector] 25081 24189 28477 False
[vector] 24186 26007 25742 False
[vector] 27235 24266 26067 False
[vector] 23477 25220 27944 False
[vector] 25126 23974 28636 False
[vector] 27618 23098 27491 False
[vector] 26462 22569 28585 False
[vector] 24395 24994 27870 False
[vector] 28878 23011 24677 False
[vector] 27461 24257 25752 False
[vector] 25444 25521 25367 False
[vector] 25813 25410 25128 False
[vector] 24611 26034 25039 False
[vector] 24836 25643 25849 False
[vector] 23202 26189 26043 False
[vector] 25703 24678 27377 False
[vector] 25535 25546 25215 False
[vector] 21326 20880 30259 False
[vector] 20638 27104 22615 False
[vector] 26160 24353 27603 False
[vector] 25859 24817 26826 False
[vector] 27644 23561 27192 False
[vector] 25010 24267 28736 False
[vector] 23141 26433 25155 False
[vector] 25051 24871 27801 False
[vector] 28773 22596 26219 False
[vector] 23134 25534 27638 False
[vector] 23839 26407 24464 False
[vector] 24444 25580 26736 False
[vector] 25607 24670 27401 False
[vector] 25789 25397 25373 False
[vector] 22983 25607 27757 False
[vector] 27301 24426 24894 False
[vector] 25121 24891 27508 False
[vector] 24363 25350 27241 False
[vector] 24801 25248 27098 False
[vector] 22297 26728 24646 False
[vector] 27002 23968 27273 False
[vector] 26590 23765 28026 False
[vector] 25482 24594 27733 False
[vector] 21789 26107 26833 False
[vector] 23382 26446 24496 False
[vector] 24028 25888 26108 False
[vector] 26529 25041 24490 False
[vector] 24996 25713 25550 False
[vector] 27863 23908 25215 False
[vector] 28426 22671 26425 False
[vector] 25663 25200 26213 False
[vector] 27563 24297 24671 False
[vector] 27741 24024 25334 False
[vector] 27949 23530 26462 False
[vector] 28618 22001 26272 False
[vector] 28546 23263 25147 False
[vector] 26631 24836 25898 False
[vector] 27792 23969 26203 False
[vector] 26164 24512 27228 False
[vector] 23081 26308 25572 False
[vector] 26190 24769 26560 False
[vector] 21768 26837 24293 False
[vector] 27858 23912 25433 False
[vector] 23886 26318 24100 False
[vector] 25209 25448 26001 False
[vector] 25796 25654 23867 False
[vector] 28776 22985 24846 False
[vector] 24444 25541 26762 False
[vector] 24293 24838 28373 False
[vector] 23665 26123 25866 False
[vector] 24011 21938 29693 False
[vector] 23012 26282 25686 False
[vector] 27868 24031 24304 False
[vector] 26465 25130 24170 False
[vector] 23151 26501 24654 False
[vector] 23788 25801 26813 False
[vector] 27032 22397 28183 False
[vector] 24073 21681 29659 False
[vector] 25272 24712 27663 False
[vector] 27589 24269 24377 False
[vector] 23384 23863 29181 False
[vector] 29062 22451 25210 False
[vector] 27545 23231 27367 False
[vector] 26535 24685 26259 False
[vector] 28700 21655 26231 False
[vector] 22970 26087 26712 False
[vector] 25256 25365 26206 False
[vector] 26660 23698 28121 False
[vector] 24989 22852 29367 False
[vector] 26576 24671 25978 False
[vector] 23109 26677 22525 False
[vector] 26615 23070 28360 False
[vector] 24330 25363 27391 False
[vector] 26156 24812 26558 False
[vector] 26820 24864 25596 False
[vector] 25570 24760 27549 False
[vector] 27077 24584 24715 False
[vector] 26252 24311 27537 False
[vector] 25553 25006 26788 False
[vector] 26637 24986 24275 False
[vector] 25288 25176 26737 False
[vector] 27235 24417 25807 False
[vector] 26152 24531 27106 False
[vector] 27413 22098 27886 False
[vector] 25040 23448 29155 False
[vector] 23069 26128 26552 False
[vector] 23225 25638 27514 False
[vector] 23657 25629 27257 False
[vector] 24584 25063 27654 False
[vector] 24514 25544 26693 False
[vector] 25627 24893 27038 False
[vector] 27379 24393 25105 False
[vector] 26490 22655 28536 False
[vector] 21981 26929 22985 False
[vector] 26692 24589 26460 False
[vector] 27281 24240 26082 False
[vector] 26987 23665 27645 False
[vector] 21661 26666 25374 False
[vector] 26626 23974 27653 False
[vector] 28549 22946 25961 False
[vector] 29199 22225 24600 False
[vector] 24019 25671 26834 False
[vector] 24591 23624 29124 False
[vector] 25029 25051 27374 False
[vector] 26039 24758 26824 False
[vector] 27079 21657 28279 False
[vector] 25101 23878 28836 False
[vector] 26212 21192 28859 False
[vector] 27214 23764 27185 False
[vector] 25269 25265 26350 False
[vector] 25235 24634 28050 False
[vector] 24469 25792 26049 False
[vector] 23959 26112 25582 False
[vector] 23357 24766 28427 False
[vector] 25532 23001 28916 False
[vector] 28354 23474 25526 False
[vector] 27600 24269 24030 False
[vector] 25438 23051 28937 False
[vector] 25925 25346 25144 False
[vector] 20375 26960 24165 False
[vector] 26790 24592 26224 False
[vector] 27595 22572 27762 False
[vector] 27187 24031 26643 False
[vector] 24652 24054 28805 False
[vector] 22731 26330 25874 False
[vector] 23103 26076 26390 False
[vector] 26341 25059 25463 False
[vector] 24076 25804 26323 False
[vector] 24338 25254 27441 False
[vector] 24959 25742 25413 False
[vector] 26415 24562 26649 False
[vector] 23418 25196 28108 False
[vector] 26785 21755 28487 False
[vector] 24593 25031 27799 False
[vector] 23757 25992 26072 False
[vector] 26918 21548 28408 False
[vector] 26309 25106 25411 False
[vector] 20376 26949 23811 False
[vector] 27672 23534 26726 False
[vector] 25632 25632 24388 False
[vector] 25614 24759 27350 False
[vector] 26687 24976 24707 False
[vector] 28521 23167 25347 False
[vector] 25446 24637 27747 False
[vector] 27103 24349 26147 False
[vector] 24590 25155 27436 False
[vector] 21597 26976 23495 False
[vector] 24494 24754 28310 False
[vector] 26694 24441 26585 False
[vector] 25365 25142 26715 False
[vector] 22920 24736 28550 False
[vector] 24419 26278 23288 False
[vector] 23284 26592 23752 False
[vector] 25873 23112 28809 False
[vector] 25508 25012 26906 False
[vector] 26610 23910 27712 False
[vector] 26502 24031 27660 False
[vector] 27843 22762 27294 False
[vector] 26298 24508 26915 False
[vector] 23522 26267 25258 False
[vector] 26097 24290 27623 False
[vector] 25986 24868 26476 False
[vector] 23593 25420 27620 False
[vector] 26183 23607 28435 False
[vector] 25251 25318 26443 False
[vector] 24242 25839 25978 False
[vector] 21340 26469 25958 False
[vector] 25934 25326 25061 False
[vector] 27276 24456 25777 False
[vector] 27385 24184 25776 False
[vector] 24482 25415 27004 False
[vector] 24240 25384 27247 False
[vector] 24166 25600 26944 False
[vector] 24387 26244 23492 False
[vector] 24172 25869 26106 False
[vector] 25771 25108 26211 False
[vector] 28422 23419 24496 False
[vector] 21742 26652 25075 False
[vector] 26059 24819 26631 False
[vector] 25357 25818 24947 False
[vector] 27571 24342 23797 False
[vector] 23773 25476 27502 False
[vector] 22574 26562 25332 False
[vector] 22508 24694 28569 False
[vector] 24151 25858 26249 False
[vector] 23505 26371 24943 False
[vector] 25556 24620 27721 False
[vector] 20139 26887 24725 False
[vector] 26005 24840 26539 False
[vector] 24377 25414 27057 False
[vector] 24053 26269 24996 False
[vector] 26807 24307 26714 False
[vector] 25464 23026 28903 False
[vector] 25047 21737 29337 False
[vector] 24559 24967 27854 False
[vector] 26247 24163 27966 False
[vector] 26645 24143 27451 False
[vector] 26284 24926 25974 False
[vector] 21916 26932 23133 False
[vector] 23636 26260 25306 False
[vector] 20962 26841 24694 False
[vector] 22275 26480 25557 False
[vector] 25816 21906 29016 False
[vector] 24013 25389 27489 False
[vector] 25751 22947 28877 False
[vector] 24492 26104 24570 False
[vector] 25571 22173 29164 False
[vector] 26986 24341 26169 False
[vector] 27128 24195 26460 False
[vector] 24247 25263 27550 False
[vector] 22852 26393 25388 False
[vector] 24981 23717 28898 False
[vector] 29094 22157 25079 False
[vector] 23164 24404 28894 False
[vector] 27076 23617 27730 False
[vector] 25436 25305 26053 False
[vector] 27782 22332 27613 False
[vector] 25573 24401 28197 False
[vector] 28840 22853 25198 False
[vector] 25111 23333 29162 False
[vector] 26850 24104 26948 False
[vector] 29358 22062 24497 False
[vector] 21820 20914 30202 False
[vector] 24832 24979 27746 False
[vector] 23742 26418 23449 False
[vector] 26571 24342 27021 False
[vector] 25379 25561 25346 False
[vector] 24998 22940 29218 False
[vector] 27435 24174 26208 False
[vector] 24106 25309 27611 False
[vector] 27116 24685 24166 False
[vector] 26842 24113 26955 False
[vector] 24228 22276 29606 False
[vector] 22417 21057 30161 False
[vector] 25072 25274 26855 False
[vector] 26287 25197 25176 False
[vector] 25735 25454 25356 False
[vector] 25172 23763 28843 False
[vector] 24949 23837 29055 False
[vector] 24456 26134 25303 False
[vector] 28498 23335 25507 False
[vector] 23294 23895 29220 False
[vector] 25644 24803 27190 False
[vector] 24619 21561 29572 False
[vector] 23055 26422 25285 False
[vector] 28271 22026 26888 False
[vector] 24579 25134 27728 False
[vector] 24692 24823 28086 False
[vector] 26612 23136 28331 False
[vector] 24742 25996 24995 False
[vector] 26785 24940 24200 False
[vector] 26030 25156 25546 False
[vector] 24255 22647 29598 False
[vector] 26227 23143 28568 False
[vector] 21539 27053 23084 False
[vector] 23197 26676 23774 False
[vector] 24898 25307 26853 False
[vector] 28063 23816 25356 False
[vector] 23154 26499 24845 False
[vector] 25912 25228 25766 False
[vector] 26510 23264 28311 False
[vector] 25463 24911 27050 False
[vector] 23223 26355 25200 False
[vector] 26775 24001 27388 False
[vector] 24888 25624 25852 False
[vector] 24563 25949 25463 False
[vector] 23478 26499 24183 False
[vector] 26231 23369 28448 False
[vector] 25629 23666 28681 False
[vector] 24900 25249 26945 False
[vector] 28091 22905 26859 False
[vector] 24246 25274 27904 False
[vector] 26180 25014 25892 False
[vector] 24355 25002 27903 False
[vector] 27236 24253 25811 False
[vector] 24596 24672 28447 False
[vector] 25358 25162 26702 False
[vector] 25588 24787 27281 False
[vector] 25511 25372 25918 False
[vector] 22382 26758 23610 False
[vector] 26814 24332 26504 False
[vector] 23895 25616 26973 False
[vector] 24465 24928 27926 False
[vector] 25197 25456 26156 False
[vector] 29151 21663 24810 False
[vector] 26034 24723 26831 False
[vector] 26617 23999 27661 False
[vector] 22494 26844 23233 False
[vector] 24024 24677 28495 False
[vector] 22328 26766 23809 False
[vector] 24107 25610 26864 False
[vector] 27801 23779 25944 False
[vector] 25686 25156 26222 False
[vector] 23045 26574 25073 False
[vector] 24651 22451 29494 False
[vector] 24903 24921 27647 False
[vector] 25450 25724 24684 False
[vector] 26693 24140 27332 False
[vector] 25615 23793 28494 False
[vector] 21833 26372 26431 False
[vector] 26668 22231 28571 False
[vector] 23906 25601 27044 False
[vector] 23704 26454 23758 False
[vector] 22935 26717 24167 False
[vector] 25646 24926 26910 False
[vector] 25175 22887 29321 False
[vector] 24691 25540 26419 False
[vector] 25953 25119 25732 False
[vector] 25345 25309 26226 False
[vector] 26998 23776 27318 False
[vector] 23001 25886 27008 False
[vector] 27658 22041 27912 False
[vector] 27867 21885 27546 False
[vector] 27755 23975 26105 False
[vector] 22117 26711 24976 False
[vector] 28257 23371 26125 False
[vector] 21307 26801 24712 False
[vector] 21761 21007 30199 False
[vector] 25439 22568 29080 False
[vector] 27646 23088 27253 False
[vector] 21968 20473 30178 False
[vector] 25100 25777 25317 False
[vector] 23683 24044 29058 False
[vector] 28160 22986 26683 False
[vector] 23400 25685 27307 False
[vector] 24941 25585 25872 False
[vector] 25288 24571 27927 False
[vector] 25199 21902 29254 False
[vector] 23052 22041 29935 False
[vector] 24451 23943 28853 False
[vector] 21183 26701 25416 False
[vector] 27851 24039 24274 False
[vector] 26135 23410 28439 False
[vector] 25430 25534 25331 False
[vector] 25984 24495 27558 False
[vector] 25990 23247 28624 False
[vector] 24685 25816 25961 False
[vector] 27572 24277 24347 False
[vector] 27105 24741 24097 False
[vector] 23616 26426 24345 False
[vector] 25591 24663 27644 False
[vector] 23845 26337 24359 False
[vector] 28589 22615 26026 False
[vector] 28383 23617 25253 False
[vector] 28492 23345 25252 False
[vector] 25352 24688 27784 False
[vector] 22648 24891 28468 False
[vector] 24493 25721 26410 False
[vector] 26125 25254 25285 False
[vector] 27436 23995 26317 False
[vector] 24819 24306 28540 False
[vector] 24038 25914 26061 False
[vector] 27952 23318 26536 False
[vector] 23499 25120 28183 False
[vector] 24369 23496 29373 False
[vector] 26088 25260 25187 False
[vector] 25013 24623 28173 False
[vector] 26994 24107 26870 False
[vector] 22567 26003 27067 False
[vector] 23668 25362 27804 False
[vector] 22751 26666 24410 False
[vector] 24506 26089 24697 False
[vector] 23737 26355 24716 False
[vector] 26445 24235 27310 False
[vector] 26869 22751 28289 False
[vector] 27429 24138 26211 False
[vector] 21407 26929 24012 False
[vector] 24011 25048 28110 False
[vector] 25973 24011 28359 False
[vector] 26782 22663 28454 False
[vector] 26060 24661 26919 False
[vector] 21646 26945 23127 False
[vector] 23648 26506 23790 False
[vector] 24567 21796 29597 False
[vector] 28721 23075 25488 False
[vector] 24292 26196 24429 False
[vector] 28954 22154 25514 False
[vector] 26558 25036 23907 False
[vector] 25399 23183 28940 False
[vector] 25445 25393 25904 False
[vector] 25731 24813 27084 False
[vector] 24807 25916 25082 False
[vector] 25179 24187 28494 False
[vector] 24619 26186 23429 False
[vector] 20486 26934 24134 False
[vector] 25013 24873 27660 False
[vector] 27137 22476 28094 False
[vector] 24457 25452 26903 False
[vector] 25421 25267 26186 False
[vector] 23046 26563 24719 False
[vector] 25387 25109 26727 False
[vector] 27647 23283 27115 False
[vector] 24369 24777 28287 False
[vector] 24833 25127 27300 False
[vector] 23749 26244 25109 False
[vector] 24226 22019 29610 False
[vector] 25898 25359 25125 False
[vector] 26017 24276 27957 False
[vector] 25073 24882 27512 False
[vector] 24965 25011 27545 False
[vector] 26603 24509 26581 False
[vector] 24681 25722 25979 False
[vector] 26785 23957 27505 False
[vector] 23912 25883 26389 False
[vector] 26596 24438 26821 False
[vector] 23441 25467 27644 False
[vector] 22835 25680 27564 False
[vector] 27214 24510 25412 False
[vector] 23358 23313 29543 False
[vector] 24883 25650 25762 False
[vector] 24442 25747 26119 False
[vector] 27551 23879 26206 False
[vector] 27741 24121 24035 False
[vector] 26881 23973 27256 False
[vector] 26868 22934 28166 False
[vector] 24208 25991 25738 False
[vector] 24605 25084 27586 False
[vector] 27551 23132 27476 False
[vector] 28016 23866 25141 False
[vector] 26130 23292 28491 False
[vector] 22855 26514 25144 False
[vector] 25484 25682 23996 False
[vector] 24036 24894 28423 False
[vector] 23694 26410 24478 False
[vector] 25746 24928 26774 False
[vector] 27856 23357 27104 False
[vector] 25529 24136 28599 False
[vector] 27949 23864 25520 False
[vector] 22855 26589 24765 False
[vector] 24434 25250 27379 False
[vector] 24798 25828 25231 False
[vector] 27621 22992 27453 False
[vector] 27577 23595 27177 False
[vector] 28135 22890 26883 False
[vector] 25850 25077 26192 False
[vector] 24775 25629 25906 False
[vector] 25960 23259 28679 False
[vector] 23896 25920 26135 False
[vector] 22622 22243 29992 False
[vector] 26627 24885 25003 False
[vector] 25819 25543 24843 False
[vector] 27229 22350 28052 False
[vector] 28226 23413 26005 False
[vector] 25937 25324 25566 False
[vector] 26202 25166 25281 False
[vector] 24827 25818 25526 False
[vector] 25269 24818 27701 False
[vector] 25932 24998 26202 False
[vector] 27915 23889 25163 False
[vector] 23637 25685 27218 False
[vector] 28065 23201 26738 False
[vector] 21188 27085 23240 False
[vector] 24985 25529 26135 False
[vector] 24246 26167 24554 False
[vector] 26660 24283 27134 False
[vector] 27634 23728 26666 False
[vector] 24307 25846 25960 False
[vector] 25591 25663 24539 False
[vector] 26131 25244 25540 False
[vector] 23974 25054 28012 False
[vector] 25352 23316 28922 False
[vector] 26541 24977 24728 False
[vector] 21093 26803 24650 False
[vector] 25977 24796 26793 False
[vector] 23201 21701 29943 False
[vector] 27484 24311 24930 False
[vector] 21819 26763 24688 False
[vector] 27115 24327 26569 False
[vector] 27224 24055 26568 False
[vector] 25348 23253 29082 False
[vector] 28383 23033 26448 False
[vector] 28491 22937 26326 False
[vector] 23165 26279 26191 False
[vector] 25794 25447 25043 False
[vector] 25998 24107 28159 False
[vector] 23212 23200 29640 False
[vector] 23946 26240 25415 False
[vector] 23103 25857 27052 False
[vector] 23708 26087 26211 False
[vector] 24782 26109 23280 False
[vector] 22468 26651 24619 False
[vector] 25200 24457 28303 False
[vector] 23612 25589 27418 False
[vector] 23504 26546 23617 False
[vector] 25042 24923 27541 False
[vector] 27462 22064 27962 False
[vector] 23271 26206 25772 False
[vector] 25344 25002 26993 False
[vector] 24975 22979 29180 False
[vector] 27231 24466 24912 False
[vector] 23410 25790 27058 False
[vector] 29316 22441 24287 False
[vector] 25610 25139 26277 False
[vector] 25149 25221 26732 False
[vector] 26759 24361 26672 False
[vector] 24402 23333 29265 False
[vector] 24574 25934 25534 False
[vector] 24947 24894 27646 False
[vector] 25205 25319 26548 False
[vector] 25934 24792 26845 False
[vector] 25042 25193 27028 False
[vector] 27727 24117 24931 False
[vector] 26107 22964 28695 False
[vector] 24901 21067 29380 False
[vector] 23018 26377 25318 False
[vector] 23794 25947 26467 False
[vector] 26538 23217 28326 False
[vector] 26563 24823 25966 False
[vector] 23246 22649 29820 False
[vector] 24542 26088 24854 False
[vector] 26038 24941 26263 False
[vector] 24081 25794 26407 False
[vector] 27892 23731 26031 False
[vector] 23669 26219 25498 False
[vector] 26933 24766 24904 False
[vector] 23588 25997 26415 False
[vector] 23864 25967 26174 False
[vector] 23529 26360 24947 False
[vector] 26704 24732 25968 False
[vector] 26124 24645 26998 False
[vector] 21314 26535 25793 False
[vector] 26443 23188 28431 False
[vector] 24774 25407 26586 False
[vector] 26402 23321 28408 False
[vector] 28522 22063 26415 False
[vector] 26510 24970 25481 False
[vector] 24194 25572 27107 False
[vector] 25678 22970 28922 False
[vector] 25907 24818 26765 False
[vector] 24873 25882 25157 False
[vector] 23923 25758 26738 False
[vector] 25099 25326 26517 False
[vector] 21817 26943 23016 False
[vector] 26374 24445 27026 False
[vector] 26413 24198 27621 False
[vector] 25827 22857 28895 False
[vector] 24502 25920 25602 False
[vector] 27882 23162 26864 False
[vector] 26020 22884 28807 False
[vector] 24562 23899 28909 False
[vector] 28486 22415 26460 False
[vector] 22745 26754 23960 False
[vector] 24583 24704 28172 False
[vector] 27179 24120 26322 False
[vector] 24890 23393 29195 False
[vector] 22156 26764 24085 False
[vector] 25016 25875 24902 False
[vector] 26870 21870 28407 False
[vector] 28416 22973 26120 False
[vector] 27417 24303 25317 False
[vector] 25004 24955 27574 False
[vector] 25815 23701 28635 False
[vector] 25768 25413 25548 False
[vector] 22664 25457 27823 False
[vector] 26841 22791 28213 False
[vector] 24637 25581 26537 False
[vector] 26366 25239 24900 False
[vector] 28014 22642 27237 False
[vector] 24053 26050 25658 False
[vector] 24623 24329 28590 False
[vector] 24906 26018 23996 False
[vector] 25248 25704 25510 False
[vector] 21405 26471 25846 False
[vector] 25568 25524 24915 False
[vector] 22998 26309 25787 False
[vector] 25790 24756 27212 False
[vector] 27857 23066 27064 False
[vector] 28040 23105 26938 False
[vector] 28358 22804 26550 False
[vector] 25747 24909 26784 False
[vector] 22587 26367 26091 False
[vector] 24234 25496 26953 False
[vector] 26530 24703 26232 False
[vector] 25207 23501 28901 False
[vector] 25235 25331 26309 False
[vector] 22611 26268 26665 False
[vector] 26139 25362 24339 False
[vector] 26536 24032 27607 False
[vector] 23909 25598 27029 False
[vector] 27244 23706 27275 False
[vector] 26493 24709 26134 False
[vector] 26622 24043 27462 False
[vector] 24056 25614 26970 False
[vector] 25535 23594 28835 False
[vector] 22405 26717 24746 False
[vector] 28287 22882 26809 False
[vector] 24579 22948 29328 False
[vector] 24282 25074 27867 False
[vector] 24096 23301 29436 False
[vector] 24083 26304 24380 False
[vector] 25452 22362 29128 False
[vector] 22658 26636 24927 False
[vector] 24693 21667 29567 False
[vector] 22827 26481 25513 False
[vector] 21173 27003 23338 False
[vector] 24768 22912 29400 False
[vector] 25021 25809 25350 False
[vector] 25112 25634 25625 False
[vector] 26475 24047 27772 False
[vector] 26416 25140 24051 False
[vector] 24062 24844 28281 False
[vector] 25078 24756 28004 False
[vector] 23262 25863 26865 False
[vector] 25276 25498 25880 False
[vector] 23365 26375 24970 False
[vector] 24543 26077 24500 False
[vector] 26530 24749 25988 False
[vector] 25593 24692 27403 False
[vector] 23632 25441 27598 False
[vector] 27295 23758 26971 False
[vector] 27299 24075 26403 False
[vector] 24313 24983 28059 False
[vector] 24375 24849 28184 False
[vector] 24582 25247 27408 False
[vector] 22550 21017 30117 False
[vector] 27602 23691 26977 False
[vector] 25848 24704 27274 False
[vector] 23888 24967 28230 False
[vector] 23674 25167 27976 False
[vector] 27888 23063 26973 False
[vector] 23925 26100 25693 False
[vector] 22428 25746 27326 False
[vector] 27256 23634 27400 False
[vector] 26532 24180 27261 False
[vector] 24280 25026 27869 False
[vector] 26183 22807 28658 False
[vector] 24188 25582 26852 False
[vector] 25100 24576 28080 False
[vector] 25481 24780 27303 False
[vector] 25420 25578 25214 False
[vector] 27196 24535 24801 False
[vector] 23803 26332 24480 False
[vector] 26796 24196 27041 False
[vector] 27232 23373 27747 False
[vector] 23257 25767 27203 False
[vector] 27582 23058 27622 False
[vector] 24477 26103 24662 False
[vector] 24261 23956 29158 False
[vector] 26956 24655 25880 False
[vector] 26244 24287 27603 False
[vector] 25007 25824 25223 False
[vector] 24572 24552 28535 False
[vector] 28161 23220 26486 False
[vector] 21731 26774 24869 False
[vector] 29003 22016 25438 False
[vector] 25931 25336 25399 False
[vector] 25762 25131 26203 False
[vector] 26488 23847 27889 False
[vector] 25373 24967 27119 False
[vector] 26107 24265 27666 False
[vector] 24848 22262 29514 False
[vector] 25222 25052 27175 False
[vector] 26398 25213 23471 False
[vector] 21554 26799 24566 False
[vector] 26293 24604 26747 False
[vector] 23795 26310 24629 False
[vector] 23097 26047 26558 False
[vector] 24829 24496 28485 False
[vector] 26002 24686 27142 False
[vector] 24213 26199 24628 False
[vector] 24892 25180 27102 False
[vector] 25247 22516 29213 False
[vector] 20538 26868 24537 False
[vector] 25451 24954 27040 False
[vector] 23106 25878 26996 False
[vector] 24217 25004 28095 False
[vector] 27755 24064 24310 False
[vector] 23193 26367 25558 False
[vector] 28523 22643 26195 False
[vector] 25341 24424 28412 False
[vector] 25016 24749 28023 False
[vector] 23529 26642 23417 False
[vector] 26284 25010 25611 False
[vector] 24408 25899 25879 False
[vector] 27142 23984 26712 False
[vector] 27913 23490 26593 False
[vector] 26621 24992 24534 False
[vector] 28105 22902 26845 False
[vector] 24250 24112 28852 False
[vector] 21214 26771 25229 False
[vector] 26374 24795 26268 False
[vector] 24959 23987 28811 False
[vector] 25748 25146 26076 False
[vector] 24362 24422 28541 False
[vector] 25054 24532 28334 False
[vector] 23982 26013 25663 False
[vector] 23231 23806 29249 False
[vector] 22073 25825 27310 False
[vector] 27141 24374 26003 False
[vector] 27000 23063 28123 False
[vector] 26470 24359 27147 False
[vector] 25027 25986 24575 False
[vector] 28440 22492 26338 False
[vector] 25616 25637 24197 False
[vector] 22826 26603 24730 False
[vector] 24681 24765 28165 False
[vector] 27725 23562 26602 False
[vector] 23999 23278 29464 False
[vector] 25311 21772 29275 False
[vector] 26352 24531 26879 False
[vector] 24042 22871 29566 False
[vector] 22380 25758 27316 False
[vector] 25109 23957 28643 False
[vector] 25050 25398 26678 False
[vector] 23779 26440 23442 False
[vector] 28745 22927 25403 False
[vector] 25279 24882 27435 False
[vector] 25241 25250 26516 False
[vector] 24765 25341 26849 False
[vector] 23324 26329 25514 False
[vector] 24523 25310 27092 False
[vector] 25791 25571 24680 False
[vector] 26011 24967 26183 False
[vector] 23074 25749 27307 False
[vector] 28469 23192 25780 False
[vector] 26921 23679 27750 False
[vector] 26719 24014 27391 False
[vector] 24732 25647 26130 False
[vector] 28489 23130 25658 False
[vector] 23075 26634 23876 False
[vector] 27991 22259 27306 False
[vector] 25710 25355 25649 False
[vector] 24357 25835 26016 False
[vector] 23806 26090 25975 False
[vector] 24769 25360 26744 False
[vector] 26392 25189 24758 False
[vector] 23598 26377 24676 False
[vector] 26978 24376 26177 False
[vector] 22894 26081 26759 False
[vector] 24059 26213 24675 False
[vector] 23496 25836 26946 False
[vector] 22012 26597 25278 False
[vector] 23254 25805 27189 False
[vector] 24982 26017 23421 False
[vector] 26915 24419 26428 False
[vector] 24184 24875 28230 False
[vector] 25594 25539 24902 False
[vector] 27473 24400 24376 False
[vector] 27719 22471 27593 False
[vector] 27652 24127 24982 False
[vector] 23499 25962 26796 False
[vector] 26170 24647 26893 False
[vector] 25075 24480 28280 False
[vector] 21969 26163 26715 False
[vector] 26387 24313 27406 False
[vector] 26566 25050 23686 False
[vector] 26959 24269 26813 False
[vector] 26219 24191 27803 False
[vector] 24203 25697 26542 False
[vector] 28093 23886 24560 False
[vector] 28026 23722 25480 False
[vector] 26507 24016 27687 False
[vector] 24689 23297 29214 False
[vector] 28392 21898 26887 False
[vector] 25670 25060 26522 False
[vector] 27384 21785 28065 False
[vector] 26447 24691 26338 False
[vector] 25201 25845 24528 False
[vector] 24360 25983 25664 False
[vector] 27966 22163 27506 False
[vector] 25315 23354 28858 False
[vector] 25360 25514 25624 False
[vector] 24732 24794 27974 False
[vector] 24937 25192 27081 False
[vector] 26465 24694 26300 False
[vector] 25058 25289 26728 False
[vector] 26006 25058 25829 False
[vector] 24130 25940 25856 False
[vector] 23815 25071 28160 False
[vector] 25473 24969 26983 False
[vector] 27659 23626 26744 False
[vector] 26890 24323 26628 False
[vector] 25977 24590 27342 False
[vector] 24661 25679 26254 False
[vector] 27498 23934 26475 False
[vector] 26732 22852 28179 False
[vector] 23764 25513 27443 False
[vector] 26030 24936 26339 False
[vector] 26467 23671 28209 False
[vector] 27840 24041 24542 False
[vector] 25899 25049 26223 False
[vector] 27981 23503 26160 False
[vector] 25898 22403 29012 False
[vector] 26643 24979 24522 False
[vector] 29053 22773 23879 False
[vector] 26214 23657 28237 False
[vector] 26894 24254 26819 False
[vector] 27054 24617 24873 False
[vector] 27351 22108 27906 False
[vector] 23262 25613 27378 False
[vector] 25526 25329 25941 False
[vector] 26242 23290 28437 False
[vector] 25216 25783 25043 False
[vector] 23381 26547 24577 False
[vector] 22492 26338 26196 False
[vector] 25243 25460 25890 False
[vector] 27402 23783 26836 False
[vector] 25334 25564 25766 False
[vector] 22492 20445 30142 False
[vector] 25451 24765 27344 False
[vector] 24736 25860 25220 False
[vector] 26111 25372 24577 False
[vector] 28126 23576 25623 False
[vector] 25637 25104 26425 False
[vector] 23315 26003 26411 False
[vector] 27826 23965 25079 False
[vector] 28247 23563 25342 False
[vector] 23071 26500 25060 False
[vector] 24273 25752 26462 False
[vector] 26533 24990 24556 False
[vector] 22820 26345 25718 False
[vector] 25401 24550 27965 False
[vector] 24037 25677 26769 False
[vector] 24204 25998 25795 False
[vector] 26386 25070 24847 False
[vector] 25521 25127 26584 False
[vector] 24597 25383 27005 False
[vector] 26798 24103 27180 False
[vector] 24355 25352 27248 False
[vector] 27994 23703 25717 False
[vector] 28479 23552 23985 False
[vector] 26756 24747 25739 False
[vector] 22885 22575 29833 False
[vector] 25871 25245 25640 False
[vector] 26096 24854 26450 False
[vector] 25531 22930 29006 False
[vector] 27926 23045 27042 False
[vector] 23354 26595 23624 False
[vector] 23228 26178 25875 False
[vector] 23614 25930 26797 False
[vector] 26059 22752 28804 False
[vector] 25948 23381 28641 False
[vector] 27101 23713 27530 False
[vector] 25492 25372 25939 False
[vector] 25650 24938 26855 False
[vector] 23684 25950 26504 False
[vector] 26848 24708 25266 False
[vector] 25251 24628 27791 False
[vector] 21687 20954 30246 False
[vector] 24978 24593 28420 False
[vector] 25092 25646 25754 False
[vector] 27388 23798 26709 False
[vector] 25349 25321 26207 False
[vector] 28405 23424 24560 False
[vector] 26568 24728 26088 False
[vector] 26798 24353 26667 False
[vector] 25619 25635 24702 False
[vector] 28146 23415 26069 False
[vector] 24283 26212 24521 False
[vector] 26361 23362 28253 False
[vector] 28691 22790 25792 False
[vector] 25821 25350 25425 False
[vector] 25086 25261 26891 False
[vector] 23020 26639 24296 False
[vector] 26919 23923 27351 False
[vector] 25460 24624 27783 False
[vector] 29191 22490 24646 False
[vector] 26744 24874 24498 False
[vector] 28173 23560 25520 False
[vector] 23773 25807 26745 False
[vector] 25522 24663 27719 False
[vector] 27737 24104 25214 False
[vector] 23259 26655 23411 False
[vector] 26071 24747 26756 False
[vector] 27498 24085 26215 False
[vector] 22092 26615 25176 False
[vector] 26270 24649 26757 False
[vector] 27894 23798 25593 False
[vector] 24152 26270 24365 False
[vector] 23873 24279 28853 False
[vector] 24043 25769 26551 False
[vector] 24488 25030 27852 False
[vector] 27219 24323 26288 False
[vector] 24829 25220 27261 False
[vector] 28982 22673 25272 False
[vector] 24153 26047 25344 False
[vector] 26823 23621 27972 False
[vector] 25484 24875 27199 False
[vector] 25638 23754 28532 False
[vector] 25407 25460 25836 False
[vector] 23664 26360 24671 False
[vector] 26486 24455 26847 False
[vector] 27544 23908 26490 False
[vector] 25166 24589 28055 False
[vector] 24060 26007 25761 False
[vector] 27607 24140 25268 False
[vector] 26383 22715 28799 False
[vector] 24850 25072 27429 False
[vector] 24155 25462 27118 False
[vector] 27358 24419 24495 False
[vector] 23934 24709 28534 False
[vector] 23512 26236 25560 False
[vector] 27080 24645 24297 False
[vector] 23877 25598 27205 False
[vector] 23920 25394 27345 False
[vector] 22856 24180 29019 False
[vector] 24613 25828 25682 False
[vector] 27486 23739 26920 False
[vector] 28598 23244 25095 False
[vector] 24788 25203 27393 False
[vector] 26444 23145 28480 False
[vector] 26352 23577 28331 False
[vector] 28917 22982 23595 False
[vector] 23076 25254 28040 False
[vector] 25154 25547 26096 False
[vector] 27450 23699 27051 False
[vector] 24858 25223 27100 False
[vector] 27683 22137 27712 False
[vector] 22239 26578 25474 False
[vector] 26228 22120 28852 False
[vector] 27907 23687 26457 False
[vector] 26942 22244 28308 False
[vector] 22798 26381 25655 False
[vector] 25238 25413 26127 False
[vector] 24359 24922 28023 False
[vector] 23463 22487 29933 False
[vector] 23934 25731 26694 False
[vector] 23085 26055 26713 False
[vector] 23735 25688 26982 False
[vector] 27212 24528 24831 False
[vector] 24135 25383 27300 False
[vector] 25878 24871 26740 False
[vector] 23729 26550 23558 False
[vector] 27051 24534 25688 False
[vector] 27575 24105 25634 False
[vector] 25904 25204 25832 False
[vector] 25785 24331 28127 False
[vector] 24770 25945 24945 False
[vector] 24832 25507 26528 False
[vector] 24985 23637 29018 False
[vector] 27038 24758 24486 False
[vector] 22364 21377 30122 False
[vector] 21258 27018 23335 False
[vector] 24564 25887 25590 False
[vector] 27767 24054 24326 False
[vector] 23118 26014 26905 False
[vector] 24050 25902 26010 False
[vector] 24988 24777 27860 False
[vector] 24132 25295 27549 False
[vector] 27718 23377 26895 False
[vector] 25196 23907 28731 False
[vector] 26575 24332 27057 False
[vector] 25406 22986 29049 False
[vector] 21653 21505 30066 False
[vector] 25238 25374 26153 False
[vector] 23782 25802 26605 False
[vector] 24988 25405 26498 False
[vector] 24637 24063 28756 False
[vector] 23296 26023 26712 False
[vector] 25276 25945 23829 False
[vector] 26255 22912 28566 False
[vector] 24424 24821 28215 False
[vector] 20728 26853 24845 False
[vector] 27178 22366 28189 False
[vector] 24645 25091 27554 False
[vector] 23945 26334 24045 False
[vector] 24930 26015 24646 False
[vector] 25429 25115 26592 False
[vector] 27520 21797 27929 False
[vector] 26378 24991 25880 False
[vector] 23979 26348 23583 False
[vector] 24224 25600 26637 False
[vector] 22311 26883 24077 False
[vector] 28427 22624 26447 False
[vector] 23826 25987 26040 False
[vector] 28319 22588 26678 False
[vector] 24036 25144 27910 False
[vector] 27984 23437 26077 False
[vector] 23480 25723 27153 False
[vector] 25465 23194 28890 False
[vector] 24107 25296 27416 False
[vector] 26113 24587 27077 False
[vector] 23185 25565 27576 False
[vector] 28162 22445 27088 False
[vector] 22610 26821 23570 False
[vector] 26635 24305 26820 False
[vector] 28746 23171 25288 False
[vector] 24925 25139 27294 False
[vector] 25215 25745 25318 False
[vector] 24364 25979 25449 False
[vector] 27289 24548 24250 False
[vector] 26268 24508 26947 False
[vector] 23158 25654 27550 False
[vector] 27944 23878 24862 False
[vector] 24840 25934 24654 False
[vector] 24676 25522 26659 False
[vector] 25558 22899 28930 False
[vector] 26710 24878 25622 False
[vector] 24909 24961 27578 False
[vector] 26081 23314 28488 False
[vector] 26298 24233 27527 False
[vector] 27519 23812 26690 False
[vector] 22350 26375 26071 False
[vector] 24677 23617 29163 False
[vector] 27785 23486 26789 False
[vector] 22971 25390 27829 False
[vector] 24067 25053 28102 False
[vector] 24276 23896 29060 False
[vector] 29095 21853 24927 False
[vector] 24329 25584 26698 False
[vector] 26142 24853 26345 False
[vector] 23086 24606 28669 False
[vector] 25244 24722 27901 False
[vector] 21704 26843 24303 False
[vector] 26585 25032 24059 False
[vector] 24361 22058 29566 False
[vector] 25602 23925 28603 False
[vector] 26453 24837 25992 False
[vector] 24960 25433 26335 False
[vector] 24043 22828 29615 False
[vector] 21809 21435 30041 False
[vector] 24861 25739 25649 False
[vector] 25649 24713 27218 False
[vector] 23869 26306 24318 False
[vector] 27105 23758 27402 False
[vector] 27672 23379 26915 False
[vector] 22958 25670 27416 False
[vector] 24546 24683 28391 False
[vector] 25588 24384 28095 False
[vector] 27716 23759 26233 False
[vector] 27369 23993 26696 False
[vector] 23892 26473 23409 False
[vector] 27576 23228 27276 False
[vector] 26842 24585 25893 False
[vector] 24098 23233 29530 False
[vector] 24507 25146 27449 False
[vector] 22187 26644 25071 False
[vector] 25004 24543 28278 False
[vector] 25095 24647 28154 False
[vector] 25370 25199 26575 False
[vector] 22369 26856 22777 False
[vector] 23849 24159 28941 False
[vector] 27090 24231 26769 False
[vector] 27698 23842 26616 False
[vector] 23275 25708 27284 False
[vector] 28890 22323 25443 False
[vector] 21851 26651 25682 False
[vector] 22214 26320 26322 False
[vector] 24833 24709 28071 False
[vector] 27462 23599 27139 False
[vector] 23910 25971 25908 False
[vector] 27178 24133 26578 False
[vector] 27112 23952 27066 False
[vector] 27269 24468 24480 False
[vector] 26716 22443 28462 False
[vector] 27399 24376 24737 False
[vector] 25448 24793 27453 False
[vector] 21226 26878 24345 False
[vector] 20621 26867 24524 False
[vector] 24654 24996 27749 False
[vector] 27080 23662 27602 False
[vector] 27675 24214 23675 False
[vector] 27298 24177 26074 False
[vector] 25922 22215 28972 False
[vector] 24555 23136 29368 False
[vector] 26230 25138 25444 False
[vector] 24671 24660 28414 False
[vector] 24329 26176 24469 False
[vector] 24402 25909 25624 False
[vector] 27362 24444 24320 False
[vector] 24092 26381 23550 False
[vector] 24178 21430 29693 False
[vector] 24454 26229 24416 False
[vector] 28326 23484 25764 False
[vector] 27313 23767 26889 False
[vector] 27937 22871 27262 False
[vector] 26175 24896 26174 False
[vector] 23883 26385 23558 False
[vector] 23785 25416 27538 False
[vector] 23818 25545 27403 False
[vector] 28548 22872 26093 False
[vector] 24299 25785 26442 False
[vector] 23971 25755 26619 False
[vector] 25524 24252 28316 False
[vector] 27034 24402 25997 False
[vector] 27758 24007 25309 False
[vector] 26009 23811 28322 False
[vector] 25118 25780 25279 False
[vector] 27059 24592 25208 False
[vector] 24905 25919 24846 False
[vector] 26528 23916 27875 False
[vector] 23655 25842 26759 False
[vector] 26814 23050 28135 False
[vector] 26545 23980 27867 False
[vector] 24057 25968 25975 False
[vector] 27944 22709 27142 False
[vector] 25698 24693 27350 False
[vector] 26388 24102 27821 False
[vector] 27156 23981 26698 False
[vector] 27245 22173 28215 False
[vector] 26205 24295 27608 False
[vector] 24266 26041 25312 False
[vector] 24304 21348 29693 False
[vector] 25424 24967 27021 False
[vector] 23325 25508 27592 False
[vector] 23285 26341 25400 False
[vector] 25439 22949 28942 False
[vector] 27091 24535 25486 False
[vector] 25895 23674 28493 False
[vector] 26239 24544 26867 False
[vector] 23361 25429 27798 False
[vector] 24580 25371 27020 False
[vector] 24066 26302 24624 False
[vector] 25150 24683 27973 False
[vector] 26683 23902 27760 False
[vector] 23704 24304 28984 False
[vector] 26275 24071 27857 False
[vector] 27037 22318 28227 False
[vector] 22975 26294 25883 False
[vector] 24225 25901 25890 False
[vector] 26021 25258 25566 False
[vector] 27671 21909 27803 False
[vector] 26395 24621 26458 False
[vector] 27984 23214 26612 False
[vector] 23618 25373 27748 False
[vector] 27579 24150 25506 False
[vector] 22793 26644 24538 False
[vector] 24032 25872 26175 False
[vector] 25223 25608 25710 False
[vector] 28172 23498 25613 False
[vector] 25040 25107 27295 False
[vector] 21130 26826 24409 False
[vector] 23521 26292 25305 False
[vector] 26723 22907 28407 False
[vector] 23948 25854 26538 False
[vector] 24669 26076 23313 False
[vector] 23999 25592 27016 False
[vector] 27771 24099 24198 False
[vector] 25764 25217 25936 False
[vector] 22806 26731 23767 False
[vector] 26326 24560 26844 False
[vector] 23892 25463 27408 False
[vector] 28921 22243 25591 False
[vector] 25457 25087 26755 False
[vector] 27719 24177 24634 False
[vector] 26107 25118 25822 False
[vector] 21433 21101 30165 False
[vector] 26431 23337 28328 False
[vector] 25551 24239 28335 False
