[nb-items] 70
[nb-objectives] 3
[nb-pareto] 1672
[nb-lorenz] 47
[runtime] 401.1350381374359
[format] f1 f2 f3 isLorenzND
[vector] 26383 26913 25472 True
[vector] 26214 27136 25593 True
[vector] 27511 27876 24295 True
[vector] 26032 27870 25245 True
[vector] 26860 26710 25247 True
[vector] 26057 26632 25755 True
[vector] 27297 28258 24206 True
[vector] 25770 27872 25309 True
[vector] 27570 27580 24498 True
[vector] 25892 27911 25271 True
[vector] 26765 27178 25151 True
[vector] 26222 26591 25698 True
[vector] 26235 26330 25813 True
[vector] 27257 27415 24840 True
[vector] 27521 28186 24128 True
[vector] 26982 28005 24706 True
[vector] 26641 26738 25315 True
[vector] 25651 27965 25362 True
[vector] 26633 26872 25296 True
[vector] 27213 27641 24782 True
[vector] 26322 27516 25238 True
[vector] 26947 27357 25076 True
[vector] 27148 26905 25149 True
[vector] 26690 27045 25262 True
[vector] 26365 26752 25524 True
[vector] 26982 27092 25129 True
[vector] 27104 27131 25091 True
[vector] 26020 26128 25937 True
[vector] 26325 26752 25527 True
[vector] 26200 27477 25276 True
[vector] 26200 28390 24853 True
[vector] 26165 27742 25223 True
[vector] 28044 28546 23404 True
[vector] 27781 27947 24064 True
[vector] 27473 27402 24718 True
[vector] 25946 27016 25821 True
[vector] 25964 26433 25836 True
[vector] 26490 27730 25132 True
[vector] 26534 27504 25190 True
[vector] 26352 26588 25648 True
[vector] 26646 27271 25204 True
[vector] 26366 27290 25296 True
[vector] 26214 28049 25170 True
[vector] 26008 26207 25894 True
[vector] 27402 28953 23485 True
[vector] 26876 26740 25215 True
[vector] 26506 27312 25230 True
[vector] 27504 28714 23305 False
[vector] 24457 27322 25890 False
[vector] 29337 25195 21821 False
[vector] 27276 25233 25234 False
[vector] 29238 25870 21118 False
[vector] 23868 27946 25667 False
[vector] 26637 26314 25415 False
[vector] 22574 28287 25428 False
[vector] 23307 29826 23244 False
[vector] 25985 25892 25957 False
[vector] 27527 26573 25032 False
[vector] 23697 28682 25046 False
[vector] 24566 27845 25589 False
[vector] 27928 27061 24262 False
[vector] 27008 28470 24096 False
[vector] 24675 27342 25853 False
[vector] 27567 26641 24852 False
[vector] 26435 26695 25369 False
[vector] 24908 29157 24414 False
[vector] 24823 28832 24696 False
[vector] 21885 27973 25740 False
[vector] 28867 25726 23572 False
[vector] 26154 25395 25907 False
[vector] 25060 27600 25668 False
[vector] 28792 26859 22706 False
[vector] 26574 28347 24556 False
[vector] 24902 29178 24322 False
[vector] 23968 28173 25427 False
[vector] 22442 24302 27224 False
[vector] 24439 26200 26548 False
[vector] 25009 26634 26138 False
[vector] 21516 24472 27468 False
[vector] 24808 28335 25276 False
[vector] 22511 28303 25399 False
[vector] 26161 27318 25323 False
[vector] 28054 27943 23660 False
[vector] 27651 27385 24323 False
[vector] 27018 28752 23713 False
[vector] 22688 28034 25718 False
[vector] 24043 28232 25339 False
[vector] 25543 28050 25251 False
[vector] 26073 28988 24180 False
[vector] 24371 27731 25692 False
[vector] 26221 28749 24252 False
[vector] 28032 26171 24468 False
[vector] 28753 25796 23691 False
[vector] 27711 27222 24390 False
[vector] 26660 27867 24807 False
[vector] 24500 29672 23268 False
[vector] 22572 25933 26879 False
[vector] 24163 28882 24702 False
[vector] 27490 28412 23633 False
[vector] 27288 25358 25220 False
[vector] 25650 27605 25566 False
[vector] 24690 28852 24700 False
[vector] 25788 27449 25401 False
[vector] 26548 26495 25471 False
[vector] 23319 28562 25140 False
[vector] 24552 27718 25647 False
[vector] 25998 25120 26038 False
[vector] 22498 23507 27231 False
[vector] 28846 26658 22865 False
[vector] 26940 26284 25268 False
[vector] 27491 28772 23429 False
[vector] 26529 26135 25626 False
[vector] 29059 26285 22170 False
[vector] 26674 25870 25543 False
[vector] 23227 28401 25348 False
[vector] 25878 28252 24954 False
[vector] 27588 27494 24253 False
[vector] 28499 26991 23535 False
[vector] 23373 25116 26977 False
[vector] 28502 27930 23181 False
[vector] 27918 26751 24429 False
[vector] 26745 26958 25179 False
[vector] 24105 28171 25430 False
[vector] 26980 28278 24136 False
[vector] 29199 25734 22840 False
[vector] 26363 25025 25893 False
[vector] 25632 26280 26020 False
[vector] 28062 25915 24377 False
[vector] 22643 26550 26740 False
[vector] 26957 28413 24145 False
[vector] 22661 29723 23656 False
[vector] 27021 26128 25342 False
[vector] 23687 28515 25217 False
[vector] 26182 28494 24362 False
[vector] 25844 27144 25502 False
[vector] 24054 29336 24248 False
[vector] 23919 27420 26025 False
[vector] 26709 29157 23576 False
[vector] 26848 26298 25319 False
[vector] 24135 28523 25181 False
[vector] 28984 26868 21528 False
[vector] 23644 27326 26037 False
[vector] 25601 26238 26107 False
[vector] 24733 26883 26104 False
[vector] 28789 27293 21844 False
[vector] 23289 27682 25899 False
[vector] 25409 23909 26286 False
[vector] 26715 28166 24520 False
[vector] 22562 27951 25751 False
[vector] 24630 28867 24764 False
[vector] 25376 24209 26287 False
[vector] 28479 25439 24152 False
[vector] 27401 28593 23689 False
[vector] 24500 26587 26236 False
[vector] 24556 29199 24430 False
[vector] 22412 23905 27289 False
[vector] 23664 27772 25733 False
[vector] 27740 27204 24267 False
[vector] 25062 27529 25649 False
[vector] 25909 25301 26094 False
[vector] 25713 27316 25512 False
[vector] 26096 25508 25891 False
[vector] 24182 27519 25852 False
[vector] 26281 25971 25787 False
[vector] 23507 26571 26594 False
[vector] 26765 28562 24086 False
[vector] 24599 29688 23221 False
[vector] 23446 29293 24392 False
[vector] 21299 24634 27355 False
[vector] 28410 27254 23482 False
[vector] 22136 27231 26276 False
[vector] 28477 26335 23991 False
[vector] 22536 28743 24994 False
[vector] 24819 29298 24257 False
[vector] 22828 25812 27020 False
[vector] 26595 28425 24411 False
[vector] 27317 27041 24886 False
[vector] 27526 28373 23715 False
[vector] 26512 24942 25666 False
[vector] 28192 26604 24165 False
[vector] 24107 28181 25403 False
[vector] 27223 27038 25038 False
[vector] 24725 27331 25803 False
[vector] 29073 26160 22751 False
[vector] 27603 28042 23930 False
[vector] 24147 29341 24191 False
[vector] 28517 27335 23071 False
[vector] 25602 24603 26222 False
[vector] 28080 27493 24017 False
[vector] 24670 25877 26383 False
[vector] 27032 26031 25351 False
[vector] 26473 28041 24687 False
[vector] 22633 29033 24750 False
[vector] 23906 29130 24533 False
[vector] 25453 26715 25960 False
[vector] 24063 28060 25564 False
[vector] 24975 28585 24966 False
[vector] 27248 27951 24259 False
[vector] 27326 28072 24231 False
[vector] 23057 29097 24578 False
[vector] 26958 28102 24320 False
[vector] 25553 28102 25206 False
[vector] 23322 27523 26007 False
[vector] 23746 28219 25420 False
[vector] 29031 26649 22603 False
[vector] 25218 27124 25869 False
[vector] 22993 25771 26963 False
[vector] 21805 24674 27331 False
[vector] 24090 29383 24197 False
[vector] 25637 24839 26202 False
[vector] 25323 24190 26306 False
[vector] 26994 27490 24804 False
[vector] 26408 26536 25497 False
[vector] 25661 27362 25618 False
[vector] 24744 27008 26080 False
[vector] 22886 28719 25012 False
[vector] 26544 28457 24378 False
[vector] 25043 26399 26187 False
[vector] 23297 28466 25266 False
[vector] 26423 25123 25722 False
[vector] 26844 24688 25561 False
[vector] 26969 24417 25453 False
[vector] 27578 28097 23997 False
[vector] 26181 27194 25302 False
[vector] 23966 27404 26032 False
[vector] 24803 28462 25135 False
[vector] 25310 29688 22199 False
[vector] 28107 25880 24457 False
[vector] 28215 28213 23027 False
[vector] 25718 25882 25962 False
[vector] 27526 24701 25103 False
[vector] 26354 28479 24502 False
[vector] 24751 29313 24327 False
[vector] 24456 28377 25292 False
[vector] 26177 28975 24194 False
[vector] 24555 27185 26046 False
[vector] 28218 28150 22368 False
[vector] 24932 25572 26344 False
[vector] 25908 27430 25409 False
[vector] 28563 23935 24013 False
[vector] 25201 26741 26109 False
[vector] 26796 28482 24144 False
[vector] 23593 26274 26592 False
[vector] 26414 26571 25471 False
[vector] 25068 27155 25879 False
[vector] 26720 28517 24200 False
[vector] 22354 28736 25040 False
[vector] 23440 29314 24300 False
[vector] 26226 26618 25541 False
[vector] 24067 27798 25719 False
[vector] 25330 26814 26012 False
[vector] 24019 27662 25749 False
[vector] 26531 28848 24067 False
[vector] 24240 25933 26648 False
[vector] 24158 27655 25761 False
[vector] 27686 26548 24799 False
[vector] 28329 26321 24107 False
[vector] 23023 25926 26917 False
[vector] 25443 27231 25796 False
[vector] 25602 25834 26195 False
[vector] 23010 27751 25910 False
[vector] 22517 29265 24479 False
[vector] 21931 24978 27241 False
[vector] 24613 28221 25379 False
[vector] 26689 29391 22893 False
[vector] 25435 29127 24412 False
[vector] 26575 26654 25343 False
[vector] 25669 25457 26101 False
[vector] 25407 27108 25819 False
[vector] 28162 28085 23120 False
[vector] 25636 26544 25843 False
[vector] 23759 27436 25976 False
[vector] 22646 28394 25373 False
[vector] 26922 25351 25443 False
[vector] 27572 26618 24918 False
[vector] 25287 26820 26031 False
[vector] 23906 28216 25477 False
[vector] 28758 25216 23881 False
[vector] 23802 29372 24290 False
[vector] 24425 26650 26289 False
[vector] 25241 29679 22873 False
[vector] 23694 27565 25995 False
[vector] 24571 26063 26445 False
[vector] 27661 26782 24579 False
[vector] 23556 26878 26541 False
[vector] 27201 27818 24531 False
[vector] 25013 24623 26443 False
[vector] 25026 29269 24173 False
[vector] 26973 28618 23859 False
[vector] 24719 28476 25119 False
[vector] 25586 29117 24208 False
[vector] 25724 27697 25377 False
[vector] 23592 27217 26194 False
[vector] 28670 27015 23418 False
[vector] 24185 28130 25434 False
[vector] 26694 28519 24184 False
[vector] 25313 28139 25280 False
[vector] 25230 29746 22414 False
[vector] 28867 24863 23801 False
[vector] 28992 26763 22344 False
[vector] 24282 27675 25738 False
[vector] 26637 28287 24504 False
[vector] 28342 24684 24239 False
[vector] 24496 29802 23258 False
[vector] 25707 25415 26155 False
[vector] 24126 27502 25922 False
[vector] 27845 27659 23901 False
[vector] 28912 26742 22656 False
[vector] 25129 25183 26357 False
[vector] 23774 28526 25140 False
[vector] 25708 26412 25922 False
[vector] 26238 28538 24361 False
[vector] 26810 27694 24812 False
[vector] 25735 28344 24912 False
[vector] 26254 27561 25167 False
[vector] 26896 26510 25210 False
[vector] 28453 27623 23234 False
[vector] 24667 29693 23195 False
[vector] 24460 26201 26471 False
[vector] 24841 28639 24940 False
[vector] 26904 28250 24232 False
[vector] 23885 29200 24511 False
[vector] 24058 28187 25423 False
[vector] 26685 26131 25425 False
[vector] 26411 28922 24063 False
[vector] 25503 26857 25842 False
[vector] 28808 27328 21764 False
[vector] 23325 27383 26094 False
[vector] 24986 27020 25907 False
[vector] 21803 26867 26549 False
[vector] 27321 28635 23754 False
[vector] 28339 25718 24363 False
[vector] 25190 24994 26314 False
[vector] 27718 27225 24140 False
[vector] 26161 29118 23949 False
[vector] 23169 27539 26009 False
[vector] 27290 29016 22677 False
[vector] 28645 27632 22056 False
[vector] 24590 28991 24553 False
[vector] 23534 27858 25740 False
[vector] 23795 28822 24930 False
[vector] 25916 28464 24696 False
[vector] 26610 26422 25436 False
[vector] 26877 25306 25557 False
[vector] 26261 28182 24898 False
[vector] 26771 28420 24220 False
[vector] 22711 26535 26670 False
[vector] 25675 27228 25591 False
[vector] 28124 26292 24340 False
[vector] 24949 27248 25932 False
[vector] 28846 27029 21344 False
[vector] 23021 28810 24986 False
[vector] 22490 25986 26938 False
[vector] 22229 27587 26024 False
[vector] 28673 27597 22804 False
[vector] 23843 29637 23838 False
[vector] 29270 25673 21995 False
[vector] 23573 26087 26732 False
[vector] 27380 25479 25092 False
[vector] 28650 26557 23519 False
[vector] 24645 28003 25529 False
[vector] 26371 25215 25767 False
[vector] 24050 29159 24454 False
[vector] 24164 28700 24944 False
[vector] 22573 24290 27224 False
[vector] 25483 28370 25061 False
[vector] 24935 26772 26077 False
[vector] 25630 26415 25870 False
[vector] 26259 28094 25056 False
[vector] 23457 27896 25793 False
[vector] 25147 27636 25559 False
[vector] 23291 29431 24149 False
[vector] 28960 26960 21467 False
[vector] 27589 27183 24428 False
[vector] 26170 24925 25916 False
[vector] 27232 27522 24573 False
[vector] 26861 29333 22553 False
[vector] 25394 29664 22393 False
[vector] 22609 26187 26869 False
[vector] 28957 26772 22295 False
[vector] 25096 29031 24529 False
[vector] 22984 27697 25925 False
[vector] 27312 26857 24982 False
[vector] 27710 27330 24203 False
[vector] 28873 26856 22397 False
[vector] 23557 27493 26060 False
[vector] 25114 26066 26223 False
[vector] 23702 27751 25752 False
[vector] 24036 26105 26554 False
[vector] 23318 28712 25012 False
[vector] 23516 27877 25724 False
[vector] 23931 25690 26725 False
[vector] 24979 27606 25647 False
[vector] 23354 27109 26316 False
[vector] 27217 27562 24540 False
[vector] 21223 25362 27114 False
[vector] 29130 25424 22849 False
[vector] 26575 28622 24125 False
[vector] 27795 27839 23814 False
[vector] 26361 25921 25732 False
[vector] 24608 28348 25238 False
[vector] 26900 28886 23844 False
[vector] 25322 28732 24672 False
[vector] 24741 29915 22844 False
[vector] 25489 27283 25792 False
[vector] 22461 23461 27309 False
[vector] 24883 28421 25139 False
[vector] 26392 27867 24976 False
[vector] 25359 29130 24356 False
[vector] 25085 29616 23731 False
[vector] 22847 26942 26482 False
[vector] 26293 29416 23328 False
[vector] 26829 25964 25382 False
[vector] 28347 25646 24203 False
[vector] 26824 28499 24139 False
[vector] 23129 28538 25192 False
[vector] 24804 29354 24181 False
[vector] 23168 28697 25145 False
[vector] 24146 26048 26567 False
[vector] 23677 27324 26104 False
[vector] 26904 26484 25305 False
[vector] 28688 27002 22694 False
[vector] 24888 26028 26327 False
[vector] 27596 27230 24423 False
[vector] 26738 26524 25262 False
[vector] 28289 24426 24450 False
[vector] 26625 28540 24152 False
[vector] 25933 28551 24667 False
[vector] 25770 27282 25441 False
[vector] 23817 26508 26576 False
[vector] 26081 28189 24922 False
[vector] 28960 26589 22988 False
[vector] 26475 26964 25312 False
[vector] 26715 28644 24059 False
[vector] 27083 28502 23945 False
[vector] 26771 27535 24859 False
[vector] 23039 24788 27207 False
[vector] 23720 27995 25620 False
[vector] 21446 25209 27240 False
[vector] 24889 28733 24735 False
[vector] 23392 29345 24306 False
[vector] 26753 25848 25493 False
[vector] 25694 28850 24390 False
[vector] 24914 25419 26437 False
[vector] 26550 24681 25750 False
[vector] 22533 26761 26561 False
[vector] 22721 25932 26926 False
[vector] 29218 25800 21186 False
[vector] 26515 28643 24353 False
[vector] 27318 28336 24061 False
[vector] 21883 26692 26664 False
[vector] 25789 29613 22433 False
[vector] 24961 29525 23880 False
[vector] 25547 27067 25793 False
[vector] 23706 28229 25439 False
[vector] 27089 27201 24946 False
[vector] 26176 23729 25917 False
[vector] 24903 27236 25937 False
[vector] 25266 27687 25381 False
[vector] 24811 26265 26290 False
[vector] 24935 29764 22852 False
[vector] 24136 28066 25439 False
[vector] 23944 27849 25656 False
[vector] 24078 27847 25644 False
[vector] 24623 27170 25976 False
[vector] 22757 27212 26298 False
[vector] 27006 27704 24634 False
[vector] 26536 28721 24208 False
[vector] 26166 25807 25835 False
[vector] 24446 28962 24632 False
[vector] 27483 26799 24974 False
[vector] 27692 28131 23803 False
[vector] 24565 28991 24584 False
[vector] 24651 28491 25189 False
[vector] 24626 29634 23430 False
[vector] 25158 27577 25593 False
[vector] 22822 24950 27094 False
[vector] 24579 27049 26137 False
[vector] 21805 28148 25625 False
[vector] 27886 27729 23766 False
[vector] 26406 29049 23922 False
[vector] 27307 27655 24462 False
[vector] 24541 29847 23144 False
[vector] 25983 28947 24233 False
[vector] 24301 27153 26253 False
[vector] 23836 27675 25758 False
[vector] 23740 24942 27080 False
[vector] 27472 27717 24342 False
[vector] 27101 29009 23341 False
[vector] 25798 27389 25423 False
[vector] 25619 26391 26014 False
[vector] 25864 27656 25351 False
[vector] 26417 28346 24586 False
[vector] 28929 25240 23764 False
[vector] 22717 24985 27177 False
[vector] 23450 28122 25526 False
[vector] 25594 29631 22609 False
[vector] 24821 27147 26041 False
[vector] 27328 27733 24317 False
[vector] 22001 24887 27228 False
[vector] 25356 28490 24849 False
[vector] 23069 28280 25424 False
[vector] 25847 25374 26129 False
[vector] 27099 26598 25202 False
[vector] 24823 28122 25356 False
[vector] 25631 29162 24094 False
[vector] 25691 28426 24834 False
[vector] 25821 27294 25410 False
[vector] 22399 26129 26896 False
[vector] 24404 29486 24005 False
[vector] 23805 27648 25811 False
[vector] 25725 27237 25555 False
[vector] 25542 26534 25904 False
[vector] 24231 27261 26031 False
[vector] 24950 26844 26020 False
[vector] 28334 28112 22539 False
[vector] 26549 26091 25559 False
[vector] 23375 29811 23174 False
[vector] 26992 27402 24962 False
[vector] 25496 29633 22504 False
[vector] 24906 27690 25650 False
[vector] 27342 28889 23486 False
[vector] 21942 26396 26867 False
[vector] 23099 27807 25864 False
[vector] 26485 26361 25568 False
[vector] 22882 24944 27120 False
[vector] 26446 26624 25418 False
[vector] 22728 27035 26535 False
[vector] 25090 25914 26266 False
[vector] 28222 27028 23897 False
[vector] 26137 28565 24524 False
[vector] 28513 24708 24122 False
[vector] 22480 26589 26682 False
[vector] 26167 28680 24265 False
[vector] 26789 29115 23511 False
[vector] 25015 25780 26338 False
[vector] 25314 27679 25473 False
[vector] 23362 27906 25691 False
[vector] 25694 25471 26093 False
[vector] 29026 25924 23097 False
[vector] 25825 28961 24285 False
[vector] 27053 28515 23982 False
[vector] 23771 28698 25030 False
[vector] 24440 27837 25677 False
[vector] 25681 27263 25565 False
[vector] 24450 27889 25632 False
[vector] 25970 27628 25326 False
[vector] 24445 28007 25485 False
[vector] 22814 26431 26671 False
[vector] 25770 29578 22513 False
[vector] 22667 25815 26930 False
[vector] 25491 29625 22870 False
[vector] 24874 27005 26030 False
[vector] 26012 26814 25598 False
[vector] 29012 26833 22276 False
[vector] 25164 25026 26382 False
[vector] 24953 27037 25899 False
[vector] 24633 26567 26232 False
[vector] 27428 25317 25194 False
[vector] 27033 28682 23858 False
[vector] 27020 28153 24214 False
[vector] 26271 27579 25154 False
[vector] 23875 27544 25909 False
[vector] 23001 27944 25708 False
[vector] 25459 23711 26265 False
[vector] 21707 28285 25469 False
[vector] 25047 26342 26261 False
[vector] 25961 28509 24582 False
[vector] 24527 27731 25648 False
[vector] 26306 28227 24784 False
[vector] 28708 25989 23990 False
[vector] 26214 29536 22520 False
[vector] 23523 25104 26967 False
[vector] 24165 27310 26089 False
[vector] 24178 26570 26513 False
[vector] 23878 26895 26264 False
[vector] 26005 27216 25356 False
[vector] 24247 25055 26766 False
[vector] 23508 26167 26682 False
[vector] 25381 28471 25039 False
[vector] 24425 29032 24610 False
[vector] 25925 28796 24378 False
[vector] 25748 29292 24070 False
[vector] 29138 25408 23019 False
[vector] 24319 27977 25535 False
[vector] 24443 27208 25956 False
[vector] 25240 24406 26336 False
[vector] 28735 27238 22348 False
[vector] 25399 29672 22027 False
[vector] 25294 29689 22819 False
[vector] 25599 28465 24944 False
[vector] 26746 28331 24267 False
[vector] 24561 29657 23704 False
[vector] 29128 26439 21918 False
[vector] 25912 28904 24331 False
[vector] 24818 27284 25873 False
[vector] 28701 27360 21723 False
[vector] 27559 28631 23303 False
[vector] 26886 24633 25483 False
[vector] 29197 26075 22332 False
[vector] 25161 26531 26127 False
[vector] 25959 26769 25599 False
[vector] 27586 27833 24167 False
[vector] 25269 28932 24497 False
[vector] 26798 25961 25394 False
[vector] 23238 24644 27134 False
[vector] 27713 27274 24279 False
[vector] 24257 24445 26722 False
[vector] 23852 27632 25818 False
[vector] 26172 29434 23283 False
[vector] 27035 25418 25438 False
[vector] 25669 25676 26071 False
[vector] 25623 26035 26097 False
[vector] 27302 27460 24726 False
[vector] 26109 25947 25881 False
[vector] 24960 26241 26276 False
[vector] 25193 28963 24551 False
[vector] 26343 25779 25742 False
[vector] 24289 27619 25820 False
[vector] 25697 28605 24828 False
[vector] 24506 27327 25878 False
[vector] 25538 28681 24753 False
[vector] 24704 28532 25043 False
[vector] 24881 28341 25151 False
[vector] 29100 26474 21170 False
[vector] 24829 27654 25680 False
[vector] 26644 28179 24624 False
[vector] 24646 28618 25048 False
[vector] 26834 25941 25448 False
[vector] 26959 28823 23897 False
[vector] 23903 27716 25736 False
[vector] 22677 29154 24589 False
[vector] 25179 27507 25615 False
[vector] 24205 26569 26308 False
[vector] 25426 29648 23144 False
[vector] 26087 23708 26009 False
[vector] 24146 24829 26788 False
[vector] 25954 25346 25980 False
[vector] 24389 27601 25749 False
[vector] 25978 29074 24092 False
[vector] 25157 28773 24729 False
[vector] 23749 27787 25721 False
[vector] 24515 28358 25223 False
[vector] 25324 27324 25849 False
[vector] 25147 27820 25541 False
[vector] 28133 27659 23554 False
[vector] 25245 26862 25948 False
[vector] 25830 27498 25355 False
[vector] 27357 28237 23978 False
[vector] 22501 25187 27213 False
[vector] 25619 27280 25742 False
[vector] 23268 28521 25222 False
[vector] 26437 28736 24130 False
[vector] 24018 26863 26258 False
[vector] 23035 28230 25520 False
[vector] 27405 28890 22826 False
[vector] 25109 29778 21835 False
[vector] 24124 27863 25638 False
[vector] 23700 27732 25773 False
[vector] 25797 26231 25866 False
[vector] 25148 28180 25337 False
[vector] 24110 28044 25571 False
[vector] 24039 28818 24802 False
[vector] 23782 26073 26761 False
[vector] 22322 25772 27044 False
[vector] 24252 26846 26306 False
[vector] 22716 26122 26877 False
[vector] 22795 24884 27179 False
[vector] 26428 28341 24563 False
[vector] 27946 26309 24735 False
[vector] 23637 27754 25741 False
[vector] 23435 25285 26959 False
[vector] 27209 27826 24370 False
[vector] 24432 26602 26306 False
[vector] 24985 26036 26298 False
[vector] 24302 25124 26721 False
[vector] 25445 24732 26265 False
[vector] 28420 26651 23738 False
[vector] 26404 25493 25737 False
[vector] 26745 26122 25504 False
[vector] 23644 28957 24935 False
[vector] 24175 26707 26345 False
[vector] 24772 27744 25624 False
[vector] 23770 28083 25511 False
[vector] 24271 29674 23395 False
[vector] 21800 28275 25484 False
[vector] 26642 24802 25622 False
[vector] 26259 27181 25479 False
[vector] 28047 27999 23133 False
[vector] 23966 28812 24927 False
[vector] 21478 24049 27524 False
[vector] 28037 27571 23953 False
[vector] 23366 25413 27014 False
[vector] 23844 28082 25576 False
[vector] 26749 26761 25195 False
[vector] 22550 28423 25337 False
[vector] 28018 25862 24496 False
[vector] 24589 26446 26393 False
[vector] 25254 28435 25077 False
[vector] 25601 27298 25619 False
[vector] 24451 28504 25151 False
[vector] 28448 26228 24054 False
[vector] 25157 28827 24672 False
[vector] 26732 28375 24283 False
[vector] 27234 27771 24303 False
[vector] 26810 27461 24962 False
[vector] 25440 28818 24597 False
[vector] 26522 26537 25384 False
[vector] 26805 26180 25369 False
[vector] 25095 27530 25598 False
[vector] 26860 28476 24174 False
[vector] 26107 29038 24084 False
[vector] 22925 27426 26192 False
[vector] 28526 26642 23938 False
[vector] 23437 26030 26875 False
[vector] 24768 25740 26539 False
[vector] 28297 26419 24312 False
[vector] 21531 23904 27411 False
[vector] 28205 25743 24613 False
[vector] 27820 27732 24081 False
[vector] 26690 24640 25724 False
[vector] 23192 27616 25945 False
[vector] 24895 27641 25725 False
[vector] 28688 26867 23201 False
[vector] 26476 28484 24400 False
[vector] 21964 27189 26323 False
[vector] 25933 29029 24206 False
[vector] 22072 25504 27089 False
[vector] 26046 27541 25292 False
[vector] 21834 28325 25388 False
[vector] 27888 26941 24353 False
[vector] 22284 25349 27100 False
[vector] 25000 28929 24642 False
[vector] 27110 25947 25286 False
[vector] 29081 26068 22771 False
[vector] 27676 27151 24543 False
[vector] 23851 25769 26923 False
[vector] 24117 27525 25905 False
[vector] 25236 25102 26279 False
[vector] 25272 28006 25360 False
[vector] 25156 27881 25482 False
[vector] 27130 26045 25221 False
[vector] 25587 28970 24296 False
[vector] 25425 28893 24501 False
[vector] 24951 25432 26370 False
[vector] 25411 28942 24439 False
[vector] 28199 27400 23964 False
[vector] 22891 28592 25153 False
[vector] 22412 24147 27270 False
[vector] 26684 28420 24232 False
[vector] 25756 28660 24641 False
[vector] 23445 29386 24160 False
[vector] 24285 29497 24094 False
[vector] 27704 28836 22836 False
[vector] 24929 29087 24436 False
[vector] 22131 24776 27228 False
[vector] 27672 27435 24109 False
[vector] 27952 27870 23705 False
[vector] 26461 23399 25826 False
[vector] 26431 28026 24929 False
[vector] 24080 26607 26403 False
[vector] 23298 25428 27084 False
[vector] 23177 29215 24473 False
[vector] 25051 24959 26387 False
[vector] 24136 25439 26832 False
[vector] 22329 24085 27284 False
[vector] 27057 25928 25305 False
[vector] 26568 27287 25110 False
[vector] 24111 28659 25090 False
[vector] 26301 28887 24092 False
[vector] 26145 29483 23259 False
[vector] 27689 26358 24788 False
[vector] 22016 25348 27120 False
[vector] 28505 27867 22522 False
[vector] 27262 28931 23551 False
[vector] 25824 26474 25862 False
[vector] 23188 27525 26019 False
[vector] 25167 27480 25762 False
[vector] 23832 27615 25824 False
[vector] 22909 28545 25162 False
[vector] 24194 28227 25384 False
[vector] 25081 29679 23243 False
[vector] 27675 28275 23777 False
[vector] 24923 26845 26225 False
[vector] 26342 26302 25664 False
[vector] 27697 28004 23944 False
[vector] 26750 27491 25068 False
[vector] 28621 26708 23471 False
[vector] 27336 25705 25034 False
[vector] 26635 25853 25578 False
[vector] 25179 27713 25411 False
[vector] 26620 29338 23632 False
[vector] 25558 26060 26137 False
[vector] 20648 26737 26628 False
[vector] 27158 27858 24337 False
[vector] 23295 27405 26113 False
[vector] 25193 28811 24617 False
[vector] 27736 28135 23611 False
[vector] 26163 27202 25304 False
[vector] 24150 27366 26013 False
[vector] 24241 27223 26055 False
[vector] 25752 27053 25662 False
[vector] 22811 29338 24331 False
[vector] 26739 28564 24070 False
[vector] 25430 27579 25589 False
[vector] 24283 27993 25590 False
[vector] 24311 28530 25129 False
[vector] 28751 26758 23271 False
[vector] 24288 28163 25398 False
[vector] 25265 29167 24266 False
[vector] 24025 29159 24485 False
[vector] 26319 25251 25835 False
[vector] 23395 28561 25141 False
[vector] 24540 29146 24444 False
[vector] 25002 24720 26434 False
[vector] 25179 29288 24157 False
[vector] 28073 28247 23057 False
[vector] 24133 25576 26664 False
[vector] 28693 26875 22835 False
[vector] 27755 25942 25001 False
[vector] 22154 26802 26559 False
[vector] 25957 28949 24217 False
[vector] 24607 29284 24406 False
[vector] 27076 24627 25365 False
[vector] 26834 28073 24467 False
[vector] 25682 26556 25838 False
[vector] 27662 27746 24133 False
[vector] 22631 26710 26555 False
[vector] 22247 24188 27327 False
[vector] 26110 25621 25849 False
[vector] 24939 28502 25096 False
[vector] 24189 26573 26318 False
[vector] 28681 27407 22286 False
[vector] 26652 27628 24912 False
[vector] 25815 27187 25565 False
[vector] 22658 26494 26816 False
[vector] 24212 24819 26786 False
[vector] 25177 26877 26018 False
[vector] 26535 29013 23914 False
[vector] 24873 27081 25983 False
[vector] 24871 28075 25345 False
[vector] 27275 29153 22712 False
[vector] 25311 28120 25301 False
[vector] 27279 26946 24909 False
[vector] 26065 26173 25823 False
[vector] 27520 25438 25066 False
[vector] 22545 28550 25196 False
[vector] 22630 28248 25452 False
[vector] 28037 26658 24376 False
[vector] 23636 26799 26343 False
[vector] 26410 26228 25679 False
[vector] 27357 27582 24367 False
[vector] 28068 25175 24676 False
[vector] 24856 25733 26354 False
[vector] 25040 29738 23112 False
[vector] 23675 26785 26488 False
[vector] 25158 27664 25501 False
[vector] 25275 27017 25902 False
[vector] 22608 29682 23802 False
[vector] 27311 25808 25080 False
[vector] 27914 27746 23761 False
[vector] 24392 27464 25917 False
[vector] 26251 29067 24005 False
[vector] 23140 26218 26794 False
[vector] 26639 28199 24469 False
[vector] 25789 27229 25478 False
[vector] 24938 25830 26306 False
[vector] 27424 27095 24771 False
[vector] 24574 28629 24956 False
[vector] 23702 27160 26207 False
[vector] 27260 25750 25358 False
[vector] 24365 29322 24209 False
[vector] 22482 28126 25636 False
[vector] 23335 26332 26691 False
[vector] 25733 28795 24650 False
[vector] 23369 27507 26014 False
[vector] 23650 26220 26623 False
[vector] 22127 24477 27361 False
[vector] 28277 25341 24400 False
[vector] 25039 27670 25646 False
[vector] 25832 27223 25459 False
[vector] 24014 26738 26428 False
[vector] 28860 26498 23368 False
[vector] 26408 25070 25779 False
[vector] 22933 27612 25949 False
[vector] 27571 26209 24969 False
[vector] 25065 25759 26276 False
[vector] 26913 29206 23362 False
[vector] 24016 27713 25743 False
[vector] 26052 28458 24614 False
[vector] 23526 27351 26101 False
[vector] 29164 26102 21950 False
[vector] 24679 23200 26573 False
[vector] 25959 29538 22954 False
[vector] 25009 26447 26167 False
[vector] 24572 29779 23107 False
[vector] 24710 28472 25120 False
[vector] 24422 27205 26050 False
[vector] 27521 27273 24551 False
[vector] 26619 28978 23836 False
[vector] 25440 26976 25845 False
[vector] 26904 28006 24450 False
[vector] 24337 26953 26216 False
[vector] 24745 25871 26380 False
[vector] 28761 26155 23527 False
[vector] 23808 28353 25321 False
[vector] 23729 27972 25637 False
[vector] 25551 28901 24413 False
[vector] 25806 28649 24591 False
[vector] 24664 27695 25737 False
[vector] 27621 26963 24613 False
[vector] 24685 27304 25877 False
[vector] 24172 27557 25828 False
[vector] 25145 27925 25386 False
[vector] 28117 25976 24358 False
[vector] 26933 27698 24759 False
[vector] 27445 28367 23747 False
[vector] 23768 26201 26629 False
[vector] 28249 27391 23569 False
[vector] 27476 28374 23675 False
[vector] 25662 27957 25198 False
[vector] 28683 26994 23060 False
[vector] 28768 25822 23669 False
[vector] 23189 28140 25538 False
[vector] 24881 25714 26544 False
[vector] 24705 28599 24979 False
[vector] 27935 28036 23713 False
[vector] 24013 27567 25831 False
[vector] 28307 26729 24145 False
[vector] 29076 26195 22630 False
[vector] 26629 25825 25657 False
[vector] 26869 27398 25015 False
[vector] 28583 26172 23922 False
[vector] 23634 27766 25822 False
[vector] 27878 25118 24806 False
[vector] 26426 25223 25686 False
[vector] 25200 27655 25540 False
[vector] 22772 28009 25724 False
[vector] 24702 26299 26375 False
[vector] 23892 24321 26897 False
[vector] 24734 28973 24539 False
[vector] 22056 27911 25775 False
[vector] 25032 29248 24265 False
[vector] 28976 25373 23492 False
[vector] 25935 28570 24646 False
[vector] 28417 25062 24189 False
[vector] 24019 28853 24781 False
[vector] 24420 27060 26200 False
[vector] 27270 25838 25100 False
[vector] 25674 28217 25071 False
[vector] 28474 27965 22433 False
[vector] 28041 27607 23758 False
[vector] 25138 28652 24859 False
[vector] 25191 27757 25398 False
[vector] 26604 28462 24297 False
[vector] 24308 25152 26642 False
[vector] 23094 27934 25723 False
[vector] 26294 25354 25881 False
[vector] 23191 26140 26811 False
[vector] 26412 26875 25360 False
[vector] 28538 27273 23046 False
[vector] 26974 28978 23655 False
[vector] 22361 27130 26394 False
[vector] 26531 26697 25329 False
[vector] 25021 29907 22779 False
[vector] 21067 27471 26155 False
[vector] 23378 29308 24462 False
[vector] 27366 27093 24779 False
[vector] 22165 24232 27316 False
[vector] 28090 26890 24273 False
[vector] 26424 28864 23939 False
[vector] 23968 23701 26851 False
[vector] 26453 26581 25383 False
[vector] 25318 28997 24436 False
[vector] 25862 28564 24771 False
[vector] 23695 28180 25514 False
[vector] 22680 29017 24757 False
[vector] 21893 26089 26920 False
[vector] 27097 27821 24431 False
[vector] 27717 27203 24356 False
[vector] 25833 28207 25068 False
[vector] 26312 25507 25788 False
[vector] 22660 27775 25892 False
[vector] 24621 24746 26583 False
[vector] 23877 28953 24770 False
[vector] 25216 28477 24932 False
[vector] 23628 27787 25730 False
[vector] 26579 27549 25076 False
[vector] 23880 25946 26686 False
[vector] 25305 29680 22565 False
[vector] 23194 28278 25428 False
[vector] 26530 29140 23773 False
[vector] 27869 27357 24059 False
[vector] 26687 28627 24064 False
[vector] 24735 29642 23321 False
[vector] 23681 27750 25829 False
[vector] 25683 26152 25926 False
[vector] 24481 27186 25981 False
[vector] 25607 26266 26028 False
[vector] 26506 24907 25692 False
[vector] 24874 26116 26302 False
[vector] 28821 26612 23109 False
[vector] 24764 29128 24493 False
[vector] 24573 27443 25831 False
[vector] 26974 28093 24294 False
[vector] 23812 27540 25931 False
[vector] 26596 26282 25515 False
[vector] 24371 27220 26005 False
[vector] 22763 29995 22840 False
[vector] 26246 27309 25288 False
[vector] 29078 26168 22385 False
[vector] 26808 28335 24206 False
[vector] 26654 26066 25516 False
[vector] 23711 28102 25580 False
[vector] 24950 26930 25935 False
[vector] 26323 27056 25416 False
[vector] 25109 25533 26334 False
[vector] 25406 26727 25978 False
[vector] 24066 28837 24788 False
[vector] 25016 24723 26407 False
[vector] 25375 26859 25898 False
[vector] 23854 28526 25133 False
[vector] 24673 25826 26451 False
[vector] 26402 27088 25285 False
[vector] 24230 26536 26392 False
[vector] 25025 25035 26371 False
[vector] 24718 26519 26296 False
[vector] 27158 28711 23687 False
[vector] 25262 27651 25515 False
[vector] 23901 28343 25336 False
[vector] 25142 28201 25245 False
[vector] 24664 25876 26431 False
[vector] 25208 27806 25383 False
[vector] 25634 26344 25947 False
[vector] 23274 24444 27097 False
[vector] 26100 24349 25963 False
[vector] 23614 27740 25880 False
[vector] 25083 28502 24885 False
[vector] 26634 28326 24328 False
[vector] 23396 27171 26286 False
[vector] 26913 28057 24434 False
[vector] 24715 27339 25844 False
[vector] 27652 27518 24187 False
[vector] 23351 25469 26938 False
[vector] 26966 28551 23922 False
[vector] 23640 26258 26599 False
[vector] 24906 29626 23365 False
[vector] 23569 29399 24145 False
[vector] 27057 29235 23283 False
[vector] 24555 29970 22539 False
[vector] 25063 24425 26422 False
[vector] 25784 27738 25282 False
[vector] 24395 26495 26335 False
[vector] 24734 28059 25483 False
[vector] 24127 29082 24739 False
[vector] 23810 26910 26334 False
[vector] 27157 26123 25140 False
[vector] 25226 27461 25693 False
[vector] 27562 27221 24662 False
[vector] 24843 27556 25747 False
[vector] 27904 28349 23505 False
[vector] 23680 26375 26577 False
[vector] 25681 25582 26087 False
[vector] 22546 29442 24242 False
[vector] 26551 27357 25116 False
[vector] 25537 28321 24957 False
[vector] 29021 25916 23463 False
[vector] 25036 28967 24530 False
[vector] 23853 26904 26315 False
[vector] 21971 27081 26443 False
[vector] 22452 28599 25196 False
[vector] 23422 26086 26799 False
[vector] 28949 25930 23147 False
[vector] 26405 24970 25815 False
[vector] 24713 29043 24517 False
[vector] 25730 26007 25948 False
[vector] 23419 29384 24278 False
[vector] 27436 26948 24833 False
[vector] 24419 29053 24518 False
[vector] 26309 28434 24616 False
[vector] 24698 26956 26084 False
[vector] 24636 26430 26400 False
[vector] 28972 25959 22999 False
[vector] 22935 28724 25000 False
[vector] 27122 28734 23652 False
[vector] 26875 27583 24857 False
[vector] 23935 28393 25240 False
[vector] 28368 27298 23516 False
[vector] 27784 26119 24764 False
[vector] 26779 28158 24443 False
[vector] 28381 25364 24183 False
[vector] 25480 27645 25420 False
[vector] 28393 27420 23490 False
[vector] 29365 25160 22569 False
[vector] 22027 26721 26585 False
[vector] 25418 28834 24559 False
[vector] 22638 25040 27092 False
[vector] 28125 26788 24145 False
[vector] 27141 27897 24374 False
[vector] 25566 28627 24689 False
[vector] 28134 28255 21865 False
[vector] 26655 26467 25322 False
[vector] 25391 27420 25636 False
[vector] 25197 28999 24417 False
[vector] 25752 25460 26041 False
[vector] 25756 25398 26058 False
[vector] 28786 26621 23060 False
[vector] 23879 29221 24419 False
[vector] 24395 28877 24656 False
[vector] 24615 27388 25790 False
[vector] 24940 27054 25988 False
[vector] 23785 28378 25373 False
[vector] 28695 27299 22036 False
[vector] 25417 26505 26075 False
[vector] 24491 26583 26237 False
[vector] 26302 29067 23983 False
[vector] 21970 24633 27274 False
[vector] 28404 25061 24202 False
[vector] 27881 26724 24549 False
[vector] 24101 27745 25705 False
[vector] 23863 28073 25526 False
[vector] 24901 25464 26350 False
[vector] 24992 26988 25930 False
[vector] 24637 24596 26609 False
[vector] 25253 23614 26353 False
[vector] 23366 28528 25188 False
[vector] 27747 26501 24559 False
[vector] 25613 26638 25841 False
[vector] 21311 25118 27266 False
[vector] 23949 24143 26856 False
[vector] 28297 27332 23889 False
[vector] 27134 25808 25203 False
[vector] 25287 24390 26343 False
[vector] 23485 26261 26680 False
[vector] 24628 23834 26611 False
[vector] 23201 29155 24563 False
[vector] 25713 25450 26129 False
[vector] 26127 27402 25341 False
[vector] 28629 27163 22998 False
[vector] 27995 28239 23457 False
[vector] 26080 29506 23533 False
[vector] 22789 27583 26028 False
[vector] 24507 26185 26478 False
[vector] 24070 27658 25806 False
[vector] 24147 28742 24960 False
[vector] 24794 28655 24933 False
[vector] 25584 29614 23607 False
[vector] 25528 29266 24093 False
[vector] 22792 28261 25432 False
[vector] 26190 29295 23712 False
[vector] 26695 27590 24881 False
[vector] 24417 29935 22643 False
[vector] 26101 28765 24561 False
[vector] 24379 28041 25534 False
[vector] 28080 27889 23269 False
[vector] 27616 28571 23574 False
[vector] 24526 28844 24772 False
[vector] 26704 27641 24865 False
[vector] 25628 26613 25826 False
[vector] 25192 27681 25445 False
[vector] 23223 27898 25715 False
[vector] 25940 27279 25354 False
[vector] 23694 25925 26836 False
[vector] 24710 28838 24747 False
[vector] 27125 27175 24882 False
[vector] 28360 26818 24059 False
[vector] 24745 26940 26091 False
[vector] 22866 27722 25989 False
[vector] 25667 26570 25828 False
[vector] 27705 28572 21741 False
[vector] 24352 24926 26700 False
[vector] 25218 24609 26346 False
[vector] 21547 23753 27392 False
[vector] 28573 26775 23666 False
[vector] 22356 27257 26253 False
[vector] 22937 29999 22043 False
[vector] 24970 26203 26300 False
[vector] 26301 25834 25820 False
[vector] 29315 25340 22482 False
[vector] 24013 28796 24934 False
[vector] 26366 28877 24177 False
[vector] 25920 28626 24570 False
[vector] 23936 26415 26523 False
[vector] 26767 28056 24578 False
[vector] 26118 29271 23991 False
[vector] 26590 28552 24270 False
[vector] 28065 27767 23600 False
[vector] 28841 27166 22653 False
[vector] 23957 26024 26663 False
[vector] 25298 24293 26352 False
[vector] 24144 27309 26166 False
[vector] 25461 28931 24389 False
[vector] 28047 26968 24209 False
[vector] 23583 25098 26993 False
[vector] 23703 28661 25138 False
[vector] 24846 27334 25778 False
[vector] 23857 26894 26341 False
[vector] 29169 26110 21584 False
[vector] 26641 26327 25401 False
[vector] 24905 27330 25854 False
[vector] 26624 28832 23858 False
[vector] 24307 29667 23491 False
[vector] 24181 26229 26445 False
[vector] 25253 24845 26326 False
[vector] 28106 27703 23336 False
[vector] 25738 27187 25689 False
[vector] 26691 27787 24865 False
[vector] 25770 28611 24703 False
[vector] 23137 27979 25634 False
[vector] 22323 24690 27258 False
[vector] 26615 27822 24921 False
[vector] 27122 28501 23802 False
[vector] 26698 28079 24549 False
[vector] 24170 28640 25021 False
[vector] 26172 29448 22749 False
[vector] 23031 27681 25932 False
[vector] 29425 24771 21682 False
[vector] 23588 29520 24015 False
[vector] 26280 26375 25699 False
[vector] 25693 27349 25459 False
[vector] 27767 26353 24624 False
[vector] 23966 28760 24965 False
[vector] 24959 26645 26188 False
[vector] 25274 28805 24638 False
[vector] 25709 27495 25380 False
[vector] 26139 29210 23736 False
[vector] 24083 26089 26561 False
[vector] 24996 26982 25931 False
[vector] 25129 24790 26402 False
[vector] 26833 25532 25499 False
[vector] 28125 27836 23215 False
[vector] 27446 28727 23543 False
[vector] 24229 27503 25859 False
[vector] 26476 27965 24730 False
[vector] 25936 25193 26073 False
[vector] 25334 26721 26105 False
[vector] 27513 26914 24715 False
[vector] 24504 27711 25688 False
[vector] 27771 27425 24134 False
[vector] 24258 25350 26663 False
[vector] 24388 24726 26663 False
[vector] 26137 26799 25597 False
[vector] 26774 28285 24302 False
[vector] 26964 28696 24038 False
[vector] 24009 29291 24362 False
[vector] 28678 27470 22945 False
[vector] 26547 28566 24184 False
[vector] 27573 28224 23856 False
[vector] 27267 26812 25096 False
[vector] 24880 28798 24893 False
[vector] 24775 29177 24418 False
[vector] 24991 28336 25250 False
[vector] 24698 24410 26564 False
[vector] 27627 26844 24596 False
[vector] 26607 28576 24138 False
[vector] 25451 26772 25864 False
[vector] 25864 28810 24536 False
[vector] 25223 27699 25413 False
[vector] 25908 25705 26006 False
[vector] 24812 28371 25142 False
[vector] 25896 28619 24615 False
[vector] 22906 26649 26567 False
[vector] 25712 25854 26041 False
[vector] 25669 27542 25454 False
[vector] 22642 30027 22261 False
[vector] 25983 27563 25298 False
[vector] 24067 25743 26670 False
[vector] 28034 25719 24730 False
[vector] 24696 29870 22958 False
[vector] 23585 27055 26304 False
[vector] 26633 27785 24873 False
[vector] 25761 27221 25500 False
[vector] 24626 27033 26144 False
[vector] 24449 27529 25836 False
[vector] 24384 24908 26645 False
[vector] 23024 24844 27131 False
[vector] 24661 27440 25786 False
[vector] 23762 25910 26766 False
[vector] 23907 29799 23315 False
[vector] 27821 25446 25008 False
[vector] 23399 27034 26454 False
[vector] 27830 27129 24337 False
[vector] 22729 26631 26623 False
[vector] 25015 25159 26424 False
[vector] 26984 27895 24450 False
[vector] 23261 29979 22244 False
[vector] 25236 26858 25949 False
[vector] 27855 28042 23558 False
[vector] 24734 27046 26056 False
[vector] 26036 28144 25036 False
[vector] 27146 29054 23227 False
[vector] 24778 29165 24337 False
[vector] 25961 27253 25384 False
[vector] 26140 26416 25725 False
[vector] 23897 27865 25649 False
[vector] 24891 25104 26500 False
[vector] 24980 27966 25443 False
[vector] 26517 27959 24765 False
[vector] 24056 26212 26536 False
[vector] 29257 25686 21445 False
[vector] 26119 25823 25828 False
[vector] 22874 27908 25746 False
[vector] 27036 27176 25020 False
[vector] 24485 27882 25563 False
[vector] 21876 25291 27192 False
[vector] 27101 25702 25363 False
[vector] 26708 25803 25607 False
[vector] 25373 24109 26323 False
[vector] 27296 25042 25260 False
[vector] 26132 28692 24383 False
[vector] 25756 28309 25031 False
[vector] 26439 25864 25640 False
[vector] 23780 28505 25232 False
[vector] 21714 29788 23402 False
[vector] 24038 28846 24827 False
[vector] 23906 27631 25808 False
[vector] 27732 25627 25064 False
[vector] 24916 29480 23994 False
[vector] 23125 24390 27149 False
[vector] 24432 28082 25388 False
[vector] 27786 27823 23888 False
[vector] 24926 25340 26480 False
[vector] 27048 28642 23841 False
[vector] 24812 25861 26378 False
[vector] 28841 26682 23041 False
[vector] 28075 28016 23128 False
[vector] 25891 25148 26187 False
[vector] 24993 26912 25977 False
[vector] 25542 28925 24410 False
[vector] 26892 26072 25377 False
[vector] 25116 28006 25404 False
[vector] 27531 28246 23856 False
[vector] 23963 26847 26328 False
[vector] 24611 27422 25850 False
[vector] 28047 28483 22745 False
[vector] 27045 27427 24888 False
[vector] 28094 27773 23295 False
[vector] 27004 25526 25416 False
[vector] 25249 25555 26268 False
[vector] 24986 27498 25767 False
[vector] 28134 26898 24128 False
[vector] 25332 26865 25917 False
[vector] 26361 29004 24036 False
[vector] 24121 25451 26678 False
[vector] 25938 28902 24347 False
[vector] 23951 29143 24501 False
[vector] 24197 27350 26020 False
[vector] 27847 27615 23825 False
[vector] 28564 27087 23113 False
[vector] 23473 27310 26247 False
[vector] 24943 27622 25702 False
[vector] 27876 28332 23510 False
[vector] 24585 26539 26300 False
[vector] 23495 25658 26936 False
[vector] 28248 27025 23942 False
[vector] 23575 28062 25619 False
[vector] 28875 26321 23024 False
[vector] 23840 29960 22916 False
[vector] 23809 28916 24878 False
[vector] 24987 28596 24891 False
[vector] 26166 28742 24287 False
[vector] 26477 26592 25346 False
[vector] 27115 27778 24626 False
[vector] 25737 28831 24516 False
[vector] 24318 27362 26016 False
[vector] 27705 26556 24637 False
[vector] 23055 23814 27196 False
[vector] 24521 28971 24631 False
[vector] 24180 25560 26671 False
[vector] 27588 26685 24643 False
[vector] 23958 28279 25341 False
[vector] 22506 29216 24554 False
[vector] 25513 26015 26251 False
[vector] 26457 27005 25283 False
[vector] 21554 27628 25992 False
[vector] 28521 27088 23426 False
[vector] 26333 28163 24773 False
[vector] 28241 26911 24112 False
[vector] 25253 28875 24616 False
[vector] 22587 25877 26955 False
[vector] 24403 27905 25625 False
[vector] 29332 25187 22187 False
[vector] 25203 27709 25387 False
[vector] 26718 24413 25628 False
[vector] 26028 29591 22215 False
[vector] 28031 27186 24070 False
[vector] 26585 26051 25599 False
[vector] 26923 28125 24261 False
[vector] 26184 28936 24069 False
[vector] 24646 26306 26347 False
[vector] 27038 28117 24228 False
[vector] 24699 28659 24902 False
[vector] 27684 27097 24516 False
[vector] 29192 26067 22698 False
[vector] 26431 27007 25267 False
[vector] 28780 26840 22832 False
[vector] 26744 29070 23625 False
[vector] 24841 26420 26244 False
[vector] 26862 29121 23386 False
[vector] 23974 28201 25407 False
[vector] 24138 28146 25427 False
[vector] 26520 27845 24873 False
[vector] 25668 26080 25983 False
[vector] 25667 28450 24874 False
[vector] 23150 25615 27050 False
[vector] 27234 28739 23591 False
[vector] 25512 26419 26163 False
[vector] 23622 28046 25626 False
[vector] 23116 26354 26703 False
[vector] 27660 26028 24913 False
[vector] 25520 29452 24130 False
[vector] 23250 28714 24978 False
[vector] 27002 29025 23306 False
[vector] 25160 25062 26356 False
[vector] 26065 24743 25944 False
[vector] 24406 27893 25544 False
[vector] 26515 28410 24503 False
[vector] 24568 27864 25568 False
[vector] 26366 26454 25621 False
[vector] 25756 27396 25454 False
[vector] 25166 27757 25429 False
[vector] 23973 26244 26584 False
[vector] 22648 28977 24826 False
[vector] 23072 26233 26864 False
[vector] 25720 27273 25477 False
[vector] 28531 26485 23682 False
[vector] 22140 27531 26070 False
[vector] 22597 25274 27211 False
[vector] 28898 26902 22153 False
[vector] 28680 26412 23674 False
[vector] 24959 29262 24180 False
[vector] 24107 25953 26652 False
[vector] 23750 24287 26929 False
[vector] 23779 27890 25713 False
[vector] 25745 27455 25420 False
[vector] 21881 25176 27262 False
[vector] 24268 28503 25177 False
[vector] 28160 27514 23705 False
[vector] 26470 24997 25744 False
[vector] 22896 27089 26352 False
[vector] 26694 26561 25290 False
[vector] 26406 28133 24662 False
[vector] 23940 27423 25931 False
[vector] 24553 28628 25033 False
[vector] 26710 28293 24379 False
[vector] 27402 28282 23864 False
[vector] 26587 27567 25001 False
[vector] 26014 26235 25815 False
[vector] 24318 24150 26710 False
[vector] 25589 29622 23241 False
[vector] 23183 29194 24565 False
[vector] 23557 26474 26629 False
[vector] 28740 27246 21982 False
[vector] 23379 27588 25926 False
[vector] 27835 27349 24068 False
[vector] 24466 27326 25889 False
[vector] 26619 26428 25401 False
[vector] 28467 24864 24168 False
[vector] 26290 27083 25346 False
[vector] 26384 27273 25268 False
[vector] 25979 25141 26002 False
[vector] 25331 27716 25372 False
[vector] 23856 27732 25729 False
[vector] 23960 29840 23169 False
[vector] 25568 26526 25914 False
[vector] 24397 27926 25533 False
[vector] 23128 27984 25627 False
[vector] 24288 27207 26062 False
[vector] 23613 28239 25424 False
[vector] 25624 25631 26185 False
[vector] 25077 29293 24151 False
[vector] 27781 27950 23747 False
[vector] 26869 28283 24376 False
[vector] 21886 24635 27282 False
[vector] 23047 27701 25903 False
[vector] 28879 26140 23225 False
[vector] 24603 23820 26619 False
[vector] 26143 27432 25309 False
[vector] 25602 27658 25415 False
[vector] 26679 29042 23835 False
[vector] 24759 27866 25490 False
[vector] 22962 28508 25261 False
[vector] 29309 25559 22254 False
[vector] 23337 29902 22937 False
[vector] 23337 27467 26083 False
[vector] 24195 28690 24914 False
[vector] 25929 29332 23809 False
[vector] 26403 26630 25437 False
[vector] 28805 25349 23609 False
[vector] 25603 26762 25894 False
[vector] 23641 27364 26064 False
[vector] 29133 26312 22059 False
[vector] 25579 29156 24333 False
[vector] 22103 26718 26641 False
[vector] 24492 26241 26402 False
[vector] 27313 28463 23920 False
[vector] 28334 27716 23287 False
[vector] 22582 25330 27135 False
[vector] 26198 28663 24283 False
[vector] 26475 27800 24987 False
[vector] 26438 28128 24638 False
[vector] 25787 29105 24186 False
[vector] 25431 29656 22778 False
[vector] 25625 28974 24247 False
[vector] 23056 26578 26556 False
[vector] 24642 28140 25361 False
[vector] 28813 27201 21905 False
[vector] 25192 27919 25370 False
[vector] 27615 25983 25027 False
[vector] 23259 26125 26741 False
[vector] 26078 28861 24321 False
[vector] 25927 27634 25345 False
[vector] 23618 27620 25901 False
[vector] 24666 28988 24609 False
[vector] 24074 27417 25944 False
[vector] 24655 28527 25055 False
[vector] 27970 25794 24505 False
[vector] 29028 25710 22957 False
[vector] 26782 26298 25320 False
[vector] 24813 25785 26425 False
[vector] 22168 25591 27087 False
[vector] 25592 27444 25621 False
[vector] 24992 25330 26478 False
[vector] 23621 27686 25830 False
[vector] 26381 25178 25800 False
[vector] 25751 28490 24833 False
[vector] 22971 28417 25268 False
[vector] 28117 28273 22667 False
[vector] 22650 29245 24475 False
[vector] 24373 28062 25442 False
[vector] 25034 26461 26159 False
[vector] 22371 26079 26991 False
[vector] 28932 26995 20719 False
[vector] 26010 26731 25681 False
[vector] 24407 27408 25993 False
[vector] 22384 28263 25480 False
[vector] 23961 29684 23633 False
[vector] 25393 28834 24590 False
[vector] 23178 26488 26604 False
[vector] 26349 28309 24694 False
[vector] 23445 28249 25385 False
[vector] 24971 25385 26366 False
[vector] 24673 24396 26572 False
[vector] 28386 25851 24091 False
[vector] 26200 28682 24262 False
[vector] 25217 27368 25704 False
[vector] 23833 28230 25343 False
[vector] 23859 27524 25938 False
[vector] 24496 27481 25843 False
[vector] 24431 29758 23342 False
[vector] 24988 28520 24938 False
[vector] 28071 27521 23634 False
[vector] 23523 28228 25465 False
[vector] 24660 25882 26389 False
[vector] 24866 29594 23741 False
[vector] 25689 29588 23867 False
[vector] 24596 26044 26635 False
[vector] 25731 25384 26066 False
[vector] 28512 27327 23437 False
[vector] 24647 25902 26435 False
[vector] 22931 27593 25970 False
[vector] 26240 26008 25713 False
[vector] 21576 27235 26272 False
[vector] 24320 28337 25331 False
[vector] 21348 24941 27302 False
[vector] 28905 26528 23007 False
[vector] 24446 27463 25907 False
[vector] 25588 28095 25137 False
[vector] 22473 26697 26562 False
[vector] 24714 23436 26553 False
[vector] 26664 29112 23690 False
[vector] 26021 24204 26002 False
[vector] 28301 27114 23856 False
[vector] 23965 28197 25408 False
[vector] 27151 29062 22861 False
[vector] 22476 28147 25544 False
[vector] 27006 27268 24935 False
[vector] 25273 28922 24555 False
[vector] 28618 26898 23482 False
[vector] 25479 28334 25195 False
[vector] 28162 28220 22613 False
[vector] 23941 29874 23073 False
[vector] 22942 28240 25505 False
[vector] 26149 29559 22794 False
[vector] 28035 24897 24706 False
[vector] 24805 26244 26357 False
[vector] 26830 28124 24423 False
[vector] 23064 28407 25283 False
[vector] 26485 27197 25243 False
[vector] 25557 26464 26049 False
[vector] 27699 28828 23202 False
[vector] 23063 27847 25824 False
[vector] 24852 29771 23042 False
[vector] 22217 28233 25549 False
[vector] 25111 27836 25596 False
[vector] 23042 29930 23155 False
[vector] 24348 26511 26328 False
[vector] 28416 27239 23836 False
[vector] 25997 25524 25950 False
[vector] 26691 27554 25015 False
[vector] 26798 28501 24123 False
[vector] 28129 28247 22231 False
[vector] 28676 27534 22145 False
[vector] 26794 27265 25126 False
[vector] 24714 28603 24978 False
[vector] 26378 28001 25003 False
[vector] 25377 28966 24467 False
[vector] 24015 25601 26728 False
[vector] 27063 28797 23599 False
[vector] 26048 28509 24570 False
[vector] 22983 26374 26707 False
[vector] 26762 28299 24248 False
[vector] 22786 27897 25874 False
[vector] 26467 24897 25780 False
[vector] 28697 26793 23173 False
[vector] 26699 26241 25380 False
[vector] 23040 28103 25661 False
[vector] 24876 26861 26218 False
[vector] 28074 27955 23351 False
[vector] 23963 27541 25864 False
[vector] 23895 25890 26762 False
[vector] 26880 28131 24280 False
[vector] 27023 27913 24397 False
[vector] 27981 27150 24176 False
[vector] 26850 28313 24206 False
[vector] 27062 29243 22917 False
[vector] 27129 28044 24312 False
[vector] 26750 25748 25529 False
[vector] 23535 28447 25244 False
[vector] 23504 27774 25745 False
[vector] 29076 24787 23178 False
[vector] 24891 26323 26279 False
[vector] 28962 26161 22824 False
[vector] 26074 25711 25901 False
[vector] 26273 28396 24728 False
[vector] 27333 25403 25106 False
[vector] 26478 26763 25326 False
[vector] 24358 28514 25136 False
[vector] 26132 28930 24308 False
[vector] 24161 29484 24109 False
[vector] 25080 28491 24914 False
[vector] 29189 25128 23052 False
[vector] 25366 25021 26295 False
[vector] 25218 24719 26331 False
[vector] 25348 24095 26331 False
[vector] 25374 27860 25370 False
[vector] 24822 28637 24948 False
[vector] 25780 29213 24066 False
[vector] 23662 27133 26281 False
[vector] 24133 26645 26375 False
[vector] 24852 26228 26364 False
[vector] 23366 28384 25378 False
[vector] 27208 27108 24893 False
[vector] 25998 23889 26065 False
[vector] 27502 27056 24666 False
[vector] 26893 23604 25473 False
[vector] 23661 27618 25832 False
[vector] 23262 29540 24191 False
[vector] 23442 29798 23331 False
[vector] 22373 24492 27237 False
[vector] 26782 24761 25596 False
[vector] 22687 26671 26579 False
[vector] 24557 27815 25643 False
[vector] 25116 27495 25717 False
[vector] 27781 27034 24487 False
[vector] 27716 26843 24560 False
[vector] 24137 27551 25847 False
[vector] 26915 25707 25472 False
[vector] 25541 26596 25926 False
[vector] 25216 28531 24875 False
[vector] 23838 27594 25916 False
[vector] 24012 29773 23575 False
