[nb-items] 70
[nb-objectives] 3
[nb-pareto] 1198
[nb-lorenz] 50
[runtime] 214.50668811798096
[format] f1 f2 f3 isLorenzND
[vector] 28185 27037 25943 True
[vector] 29055 26604 25955 True
[vector] 27726 27860 25595 True
[vector] 27513 27122 26197 True
[vector] 28479 26756 26069 True
[vector] 27666 27340 25930 True
[vector] 27188 26807 26427 True
[vector] 28131 26903 26031 True
[vector] 27453 26602 26532 True
[vector] 29026 26534 25973 True
[vector] 27095 26980 26302 True
[vector] 29016 27137 25717 True
[vector] 28270 26658 26113 True
[vector] 28231 27191 25875 True
[vector] 27136 26894 26358 True
[vector] 28879 26361 26216 True
[vector] 26782 26679 26597 True
[vector] 27148 27039 26248 True
[vector] 27410 27348 26021 True
[vector] 27804 26414 26452 True
[vector] 27198 26754 26478 True
[vector] 28181 27343 25798 True
[vector] 28669 26469 26147 True
[vector] 28376 26323 26403 True
[vector] 28806 27245 25648 True
[vector] 27819 26962 26183 True
[vector] 28481 27222 25702 True
[vector] 28611 26819 25949 True
[vector] 28220 26810 26036 True
[vector] 27507 26869 26291 True
[vector] 28845 26712 25886 True
[vector] 28023 26601 26346 True
[vector] 27026 26526 26616 True
[vector] 26969 26620 26533 True
[vector] 26978 26915 26358 True
[vector] 27971 27451 25729 True
[vector] 27607 26393 26618 True
[vector] 28021 27299 25806 True
[vector] 28438 26316 26370 True
[vector] 27776 27708 25672 True
[vector] 28431 27374 25625 True
[vector] 28170 26774 26103 True
[vector] 27754 26566 26375 True
[vector] 28497 27263 25682 True
[vector] 27716 27188 26007 True
[vector] 27717 26761 26360 True
[vector] 28120 26926 26026 True
[vector] 27339 26851 26351 True
[vector] 28395 26929 26012 True
[vector] 27973 26753 26269 True
[vector] 30269 26357 23064 False
[vector] 26352 24444 27524 False
[vector] 26684 26816 26441 False
[vector] 26479 26816 26464 False
[vector] 27778 27192 25821 False
[vector] 26075 27105 26358 False
[vector] 27356 27629 25777 False
[vector] 23353 22931 28172 False
[vector] 28835 27647 24148 False
[vector] 24443 27474 26026 False
[vector] 26677 28002 25387 False
[vector] 30662 25558 22634 False
[vector] 27508 27925 25139 False
[vector] 24440 25476 27440 False
[vector] 29901 26876 23534 False
[vector] 29337 27046 24402 False
[vector] 24791 28575 24323 False
[vector] 26569 28270 24896 False
[vector] 27035 25605 27129 False
[vector] 26026 27574 25903 False
[vector] 26289 26805 26474 False
[vector] 26270 26583 26639 False
[vector] 26059 26737 26569 False
[vector] 28203 25339 26703 False
[vector] 26614 27021 26340 False
[vector] 30231 26043 23976 False
[vector] 30008 24793 24958 False
[vector] 26065 28455 24565 False
[vector] 27129 26959 26282 False
[vector] 28007 25580 26741 False
[vector] 30925 24513 22302 False
[vector] 26232 28139 25086 False
[vector] 26945 24107 27516 False
[vector] 29719 27168 23842 False
[vector] 28487 23883 26634 False
[vector] 30172 25682 24170 False
[vector] 26205 26710 26585 False
[vector] 29558 27149 24261 False
[vector] 25312 24329 27858 False
[vector] 27126 25452 27147 False
[vector] 26363 27093 26406 False
[vector] 25407 27314 26219 False
[vector] 30565 24883 23740 False
[vector] 24555 28896 22918 False
[vector] 25372 28672 23970 False
[vector] 27716 28136 24351 False
[vector] 30325 26281 22782 False
[vector] 25406 26229 27042 False
[vector] 26569 25367 27374 False
[vector] 28593 27414 25321 False
[vector] 26881 27394 26088 False
[vector] 25445 25696 27280 False
[vector] 30688 24542 23511 False
[vector] 23897 23394 28092 False
[vector] 27802 26136 26650 False
[vector] 25291 28770 23341 False
[vector] 24006 25533 27415 False
[vector] 30494 26079 22183 False
[vector] 27754 27833 25129 False
[vector] 29123 25080 26103 False
[vector] 26180 28416 24495 False
[vector] 26884 25561 27205 False
[vector] 26612 26555 26707 False
[vector] 24802 28724 23532 False
[vector] 24265 22984 28099 False
[vector] 27288 28156 24894 False
[vector] 29946 26909 23296 False
[vector] 27414 27625 25674 False
[vector] 31209 23021 21343 False
[vector] 29814 25219 25172 False
[vector] 27029 27140 26198 False
[vector] 30901 24254 22466 False
[vector] 26343 26647 26625 False
[vector] 29264 26448 25589 False
[vector] 26039 26774 26647 False
[vector] 30208 25616 24224 False
[vector] 26208 25825 27230 False
[vector] 25219 28847 22495 False
[vector] 29517 27209 24261 False
[vector] 26538 26125 26906 False
[vector] 26219 28356 24830 False
[vector] 26621 28075 25293 False
[vector] 28228 26424 26301 False
[vector] 24972 28883 22389 False
[vector] 25411 28597 24176 False
[vector] 30226 26196 23307 False
[vector] 26659 28335 24468 False
[vector] 30781 24903 22864 False
[vector] 27327 28410 23111 False
[vector] 29187 27329 24345 False
[vector] 24750 27236 26325 False
[vector] 30787 24627 22986 False
[vector] 30413 25975 22990 False
[vector] 29605 25375 25538 False
[vector] 30915 25116 22046 False
[vector] 24026 28114 25296 False
[vector] 25821 28568 24067 False
[vector] 30520 25769 23216 False
[vector] 26063 26608 26736 False
[vector] 26388 24415 27572 False
[vector] 28956 27358 24653 False
[vector] 25813 26336 26907 False
[vector] 27594 27996 24880 False
[vector] 30757 25576 22408 False
[vector] 24324 26262 27026 False
[vector] 26735 27421 26072 False
[vector] 24828 24711 27678 False
[vector] 24956 27197 26256 False
[vector] 27554 28228 24701 False
[vector] 28365 27452 25353 False
[vector] 29703 26849 24256 False
[vector] 27984 28127 23704 False
[vector] 28448 25713 26626 False
[vector] 26832 25844 27032 False
[vector] 23456 22165 28103 False
[vector] 28469 27431 25078 False
[vector] 28238 25821 26557 False
[vector] 28145 27596 25298 False
[vector] 27335 23500 27361 False
[vector] 25855 28602 23788 False
[vector] 23901 25568 27438 False
[vector] 25705 26874 26540 False
[vector] 28173 25962 26488 False
[vector] 27765 27327 25833 False
[vector] 30291 25772 23650 False
[vector] 24409 27067 26509 False
[vector] 25997 26733 26755 False
[vector] 29785 25273 25342 False
[vector] 28805 25055 26414 False
[vector] 26828 26656 26507 False
[vector] 27654 27042 26048 False
[vector] 28489 27758 24611 False
[vector] 27370 26897 26200 False
[vector] 23093 23627 28038 False
[vector] 26966 25374 27176 False
[vector] 29433 24193 25912 False
[vector] 26341 25506 27305 False
[vector] 26032 28702 23308 False
[vector] 30178 24474 24912 False
[vector] 27846 27578 25318 False
[vector] 26945 24768 27322 False
[vector] 26715 25925 27062 False
[vector] 25325 27525 25971 False
[vector] 28204 27610 25170 False
[vector] 28010 25472 26873 False
[vector] 30766 25046 22530 False
[vector] 29225 26981 25351 False
[vector] 25910 28654 23706 False
[vector] 29424 26978 24768 False
[vector] 28360 26487 26181 False
[vector] 25884 25275 27493 False
[vector] 26715 25198 27245 False
[vector] 28535 27523 24857 False
[vector] 29232 26982 24742 False
[vector] 30285 25153 24555 False
[vector] 27442 23721 27267 False
[vector] 25778 27289 26152 False
[vector] 30494 24997 24189 False
[vector] 29262 27198 24639 False
[vector] 30784 25556 21568 False
[vector] 25729 28489 24582 False
[vector] 23995 28664 24121 False
[vector] 30083 26717 23069 False
[vector] 27294 24638 27350 False
[vector] 31138 23135 21792 False
[vector] 27254 28298 23916 False
[vector] 28748 27354 25184 False
[vector] 27669 25507 27047 False
[vector] 28031 24411 26931 False
[vector] 26822 26447 26776 False
[vector] 27044 28406 23847 False
[vector] 25987 26072 27014 False
[vector] 24730 27941 25590 False
[vector] 23206 29033 21631 False
[vector] 30383 26207 22225 False
[vector] 27763 26861 26200 False
[vector] 27192 28005 25255 False
[vector] 26406 24448 27506 False
[vector] 26357 26327 26862 False
[vector] 26049 28328 25042 False
[vector] 23472 28759 23601 False
[vector] 28707 25095 26434 False
[vector] 24211 28827 23352 False
[vector] 26286 26717 26512 False
[vector] 25966 28657 23383 False
[vector] 27197 28317 24204 False
[vector] 29070 27601 24583 False
[vector] 29748 26551 24515 False
[vector] 30267 25661 23741 False
[vector] 27864 26934 26117 False
[vector] 26040 26131 26960 False
[vector] 25434 28410 24988 False
[vector] 27072 26478 26603 False
[vector] 24919 27734 25816 False
[vector] 27903 26401 26355 False
[vector] 27963 25776 26968 False
[vector] 24806 23544 27994 False
[vector] 27867 27503 25443 False
[vector] 27108 23803 27413 False
[vector] 24503 25240 27594 False
[vector] 26995 28301 24451 False
[vector] 27977 27951 25097 False
[vector] 25192 27649 25897 False
[vector] 24885 27327 26299 False
[vector] 26158 24846 27515 False
[vector] 26007 26130 27011 False
[vector] 27639 24337 27166 False
[vector] 26834 28274 24884 False
[vector] 28758 24826 26435 False
[vector] 27879 24026 26976 False
[vector] 29792 24864 25421 False
[vector] 28994 27262 25174 False
[vector] 27643 23795 27196 False
[vector] 28626 27615 24605 False
[vector] 30434 25015 23833 False
[vector] 24714 22287 28025 False
[vector] 26521 28328 24630 False
[vector] 27032 24699 27362 False
[vector] 24842 28790 23482 False
[vector] 29801 25857 24983 False
[vector] 28985 27333 24700 False
[vector] 25447 28193 25244 False
[vector] 29001 25129 26246 False
[vector] 26303 26573 26741 False
[vector] 28541 24953 26616 False
[vector] 23231 28803 23513 False
[vector] 29235 26378 25607 False
[vector] 24024 26101 27249 False
[vector] 30716 24741 23435 False
[vector] 29274 25845 25845 False
[vector] 28924 27727 23589 False
[vector] 27206 28442 22532 False
[vector] 30220 25886 24099 False
[vector] 25582 27588 25925 False
[vector] 25997 26009 27054 False
[vector] 27464 27473 25751 False
[vector] 29100 24554 26374 False
[vector] 30819 24352 22998 False
[vector] 25914 25556 27309 False
[vector] 26517 28336 24493 False
[vector] 25438 27478 25991 False
[vector] 30045 26572 24493 False
[vector] 26056 27968 25571 False
[vector] 26815 25405 27214 False
[vector] 30384 26029 23160 False
[vector] 27269 24903 27271 False
[vector] 26367 28653 22823 False
[vector] 29336 25647 25782 False
[vector] 29528 27294 23439 False
[vector] 27985 27804 24821 False
[vector] 28283 27791 25083 False
[vector] 23426 28857 23427 False
[vector] 26475 28426 24456 False
[vector] 27946 28147 24080 False
[vector] 29579 25950 25593 False
[vector] 30076 25501 24531 False
[vector] 30808 24346 23209 False
[vector] 28998 24608 26361 False
[vector] 30193 25284 24324 False
[vector] 25958 28596 23972 False
[vector] 29186 27296 24574 False
[vector] 27225 25965 26830 False
[vector] 29391 23809 25931 False
[vector] 23921 28763 23543 False
[vector] 27264 25432 27068 False
[vector] 27245 25473 27055 False
[vector] 24036 25659 27412 False
[vector] 28792 27734 24131 False
[vector] 24379 28706 23793 False
[vector] 26040 24856 27628 False
[vector] 25646 27439 26052 False
[vector] 24415 27786 25801 False
[vector] 29215 27392 23353 False
[vector] 26785 27269 26149 False
[vector] 25653 28586 24035 False
[vector] 25670 25659 27346 False
[vector] 31212 23512 21209 False
[vector] 28284 25926 26536 False
[vector] 27293 28376 23390 False
[vector] 26827 28371 24338 False
[vector] 30971 23957 22580 False
[vector] 25385 25045 27563 False
[vector] 25268 27432 26177 False
[vector] 25172 25612 27391 False
[vector] 30253 26114 23318 False
[vector] 26675 26901 26407 False
[vector] 29530 26711 24826 False
[vector] 28405 26326 26268 False
[vector] 23089 28750 23700 False
[vector] 30918 25178 21342 False
[vector] 29604 24217 25795 False
[vector] 27433 28362 23712 False
[vector] 30445 25758 23422 False
[vector] 30864 24750 22403 False
[vector] 26769 28282 24859 False
[vector] 26927 25907 26938 False
[vector] 25967 28721 22300 False
[vector] 30611 25662 22747 False
[vector] 25708 28638 23953 False
[vector] 26265 27230 26250 False
[vector] 29730 25971 25432 False
[vector] 25421 28863 22248 False
[vector] 30228 25522 24091 False
[vector] 29520 26079 25363 False
[vector] 28746 27806 24174 False
[vector] 25350 24961 27671 False
[vector] 24018 25706 27314 False
[vector] 26276 28692 23228 False
[vector] 29904 26162 24925 False
[vector] 26526 28195 25032 False
[vector] 29852 26958 24225 False
[vector] 31159 23553 21306 False
[vector] 27935 27704 25229 False
[vector] 29102 26816 25427 False
[vector] 24342 25499 27398 False
[vector] 25743 28612 23977 False
[vector] 26980 27381 25991 False
[vector] 30840 25423 21947 False
[vector] 27015 24563 27423 False
[vector] 25537 23974 27789 False
[vector] 29098 27574 24117 False
[vector] 26361 26569 26638 False
[vector] 26703 28619 22806 False
[vector] 28205 25898 26572 False
[vector] 27177 27880 25396 False
[vector] 23930 26124 27125 False
[vector] 24083 23034 28087 False
[vector] 23387 25064 27627 False
[vector] 24664 26915 26563 False
[vector] 29834 27134 23425 False
[vector] 31116 24268 21843 False
[vector] 26350 25842 27113 False
[vector] 26827 28278 24756 False
[vector] 28068 24147 26931 False
[vector] 26588 25973 26983 False
[vector] 26673 28131 25220 False
[vector] 25878 28797 22810 False
[vector] 25983 24014 27766 False
[vector] 25498 23969 27853 False
[vector] 26135 24907 27513 False
[vector] 28760 27774 23904 False
[vector] 28647 24364 26584 False
[vector] 27843 25881 26690 False
[vector] 26094 25167 27562 False
[vector] 27396 28297 23891 False
[vector] 29740 25368 25688 False
[vector] 29311 26660 25061 False
[vector] 26925 25090 27314 False
[vector] 25732 24750 27652 False
[vector] 30254 26395 23231 False
[vector] 27312 28394 23133 False
[vector] 25971 28478 24441 False
[vector] 30830 24331 22929 False
[vector] 27167 27933 25345 False
[vector] 27653 25958 26714 False
[vector] 26749 25350 27228 False
[vector] 30326 24121 24284 False
[vector] 26931 28485 23270 False
[vector] 26245 24223 27618 False
[vector] 27053 28192 24915 False
[vector] 24428 25209 27600 False
[vector] 25945 28628 23730 False
[vector] 29052 27646 24160 False
[vector] 29332 27053 24501 False
[vector] 28399 27486 25074 False
[vector] 29776 26750 24439 False
[vector] 24280 27695 25827 False
[vector] 26784 28296 24474 False
[vector] 28599 25734 26465 False
[vector] 26487 23800 27555 False
[vector] 26147 26435 26793 False
[vector] 24482 28885 23072 False
[vector] 27016 25889 26905 False
[vector] 28664 27623 24265 False
[vector] 29260 27161 24698 False
[vector] 24933 28632 24218 False
[vector] 27710 25036 27156 False
[vector] 27962 26212 26443 False
[vector] 29044 27110 25251 False
[vector] 27041 27261 26058 False
[vector] 25037 27315 26185 False
[vector] 29445 25869 25728 False
[vector] 24684 28901 22825 False
[vector] 26612 28454 24361 False
[vector] 29455 26812 24907 False
[vector] 26862 26586 26534 False
[vector] 27814 27968 24847 False
[vector] 26957 28041 25276 False
[vector] 24208 28657 24107 False
[vector] 26134 28639 23415 False
[vector] 29444 25957 25443 False
[vector] 25575 25293 27527 False
[vector] 24055 26265 27021 False
[vector] 28561 27650 24414 False
[vector] 26279 28339 24771 False
[vector] 29408 26656 25413 False
[vector] 26105 27434 25946 False
[vector] 30540 25776 23196 False
[vector] 28166 26431 26334 False
[vector] 25570 23721 27844 False
[vector] 27168 24149 27381 False
[vector] 28429 26908 25992 False
[vector] 26033 28779 22070 False
[vector] 27677 26310 26539 False
[vector] 26377 26361 26829 False
[vector] 26599 28134 25040 False
[vector] 25237 28301 25175 False
[vector] 27393 26630 26382 False
[vector] 27163 28283 24483 False
[vector] 26874 26568 26566 False
[vector] 25644 27022 26545 False
[vector] 23473 28792 23372 False
[vector] 29242 27381 24263 False
[vector] 27680 25888 26886 False
[vector] 24636 28917 22406 False
[vector] 27019 24581 27367 False
[vector] 26983 28045 25095 False
[vector] 26113 26456 26813 False
[vector] 29959 25818 25110 False
[vector] 25745 28157 25068 False
[vector] 27604 28076 24778 False
[vector] 25744 27310 26172 False
[vector] 27910 27034 25957 False
[vector] 30676 24929 23203 False
[vector] 30536 24937 23929 False
[vector] 29203 27106 24808 False
[vector] 28271 27330 25633 False
[vector] 28020 24149 26965 False
[vector] 29138 25905 25747 False
[vector] 26307 28444 24424 False
[vector] 27909 25805 26624 False
[vector] 26438 26256 26926 False
[vector] 25669 26470 26835 False
[vector] 26544 28102 25230 False
[vector] 26865 25845 26981 False
[vector] 30922 24718 21813 False
[vector] 29296 26867 24902 False
[vector] 27803 24276 27146 False
[vector] 27350 25442 27049 False
[vector] 27149 28333 23785 False
[vector] 26043 27441 25979 False
[vector] 26731 28127 25117 False
[vector] 26295 26705 26504 False
[vector] 30303 25733 23638 False
[vector] 29291 27523 22894 False
[vector] 26197 24313 27753 False
[vector] 27028 28334 24212 False
[vector] 25980 25611 27295 False
[vector] 25748 28704 23903 False
[vector] 26819 27248 26129 False
[vector] 29152 25150 26085 False
[vector] 26895 25908 26916 False
[vector] 24137 28717 23934 False
[vector] 29148 25302 26003 False
[vector] 28386 25720 26659 False
[vector] 27397 26501 26549 False
[vector] 26519 25519 27297 False
[vector] 28176 25828 26590 False
[vector] 27662 27469 25763 False
[vector] 29513 27289 24141 False
[vector] 30075 26186 24808 False
[vector] 29798 24606 25395 False
[vector] 24044 28986 23064 False
[vector] 29736 26590 24527 False
[vector] 28074 26034 26467 False
[vector] 25645 26354 26875 False
[vector] 27076 28263 24743 False
[vector] 27472 27352 25835 False
[vector] 28224 26504 26181 False
[vector] 24378 28673 24022 False
[vector] 30548 25968 23140 False
[vector] 26410 25087 27446 False
[vector] 26237 24748 27546 False
[vector] 31050 23368 22182 False
[vector] 27068 24671 27298 False
[vector] 25055 28329 25094 False
[vector] 28203 28195 23643 False
[vector] 27734 28169 23685 False
[vector] 25147 24556 27760 False
[vector] 25312 28102 25270 False
[vector] 25352 25122 27578 False
[vector] 25102 28210 25201 False
[vector] 27912 27500 25590 False
[vector] 25951 28141 25259 False
[vector] 24581 28722 23546 False
[vector] 29273 26663 25263 False
[vector] 25741 28249 25190 False
[vector] 26705 25159 27292 False
[vector] 26333 25975 27037 False
[vector] 25447 27497 25951 False
[vector] 30768 24985 22723 False
[vector] 26158 25977 27153 False
[vector] 25269 25453 27541 False
[vector] 27841 26408 26388 False
[vector] 29136 25887 25762 False
[vector] 24027 28718 23797 False
[vector] 26110 27670 25823 False
[vector] 28509 28035 23629 False
[vector] 28054 26647 26195 False
[vector] 28444 25793 26506 False
[vector] 28144 27988 24287 False
[vector] 26577 27038 26251 False
[vector] 28627 24555 26558 False
[vector] 27082 24547 27439 False
[vector] 28844 27505 24823 False
[vector] 24426 26812 26736 False
[vector] 25565 25896 27271 False
[vector] 25945 26137 27044 False
[vector] 28696 24833 26468 False
[vector] 26804 26616 26577 False
[vector] 29278 27335 23706 False
[vector] 24229 28734 23550 False
[vector] 25323 25052 27596 False
[vector] 26202 26902 26409 False
[vector] 28585 26489 26127 False
[vector] 29960 25133 24833 False
[vector] 27299 26638 26393 False
[vector] 28130 26561 26145 False
[vector] 26241 26580 26774 False
[vector] 28939 25136 26279 False
[vector] 27026 28603 23138 False
[vector] 29369 26058 25524 False
[vector] 27354 25313 27216 False
[vector] 28479 24960 26649 False
[vector] 25423 26610 26809 False
[vector] 26931 27277 26042 False
[vector] 28976 24907 26346 False
[vector] 28493 27343 25562 False
[vector] 30837 24932 22081 False
[vector] 29595 27260 22870 False
[vector] 30748 24466 23447 False
[vector] 24589 24586 27845 False
[vector] 27589 26562 26419 False
[vector] 26771 28286 24649 False
[vector] 27934 28279 23627 False
[vector] 27509 26530 26462 False
[vector] 25550 23750 27885 False
[vector] 26138 26761 26550 False
[vector] 28340 26453 26214 False
[vector] 27165 26897 26223 False
[vector] 29278 24915 26039 False
[vector] 30906 24690 22124 False
[vector] 27379 27896 25149 False
[vector] 27646 27428 25783 False
[vector] 31074 24350 20964 False
[vector] 26311 24205 27598 False
[vector] 26291 28317 24901 False
[vector] 26231 25943 27063 False
[vector] 30061 26802 23859 False
[vector] 27649 26450 26408 False
[vector] 26617 28479 24269 False
[vector] 25417 24362 27761 False
[vector] 25939 28381 24651 False
[vector] 28535 27686 24568 False
[vector] 30328 25987 23562 False
[vector] 26778 26808 26430 False
[vector] 26568 24463 27485 False
[vector] 29161 27430 23987 False
[vector] 24554 27668 25843 False
[vector] 29665 26704 24976 False
[vector] 30133 26339 24103 False
[vector] 27727 26158 26616 False
[vector] 26402 28562 24292 False
[vector] 24650 28867 23104 False
[vector] 27803 27652 25316 False
[vector] 28936 24615 26394 False
[vector] 25757 28829 22231 False
[vector] 25625 26416 26936 False
[vector] 24307 28494 24581 False
[vector] 27179 26148 26869 False
[vector] 31208 23972 20738 False
[vector] 24862 28936 21998 False
[vector] 26094 25850 27204 False
[vector] 31220 22740 20322 False
[vector] 25848 28147 25075 False
[vector] 24957 28896 22588 False
[vector] 28331 28091 24150 False
[vector] 27044 28458 23668 False
[vector] 24620 24858 27756 False
[vector] 25798 28727 23270 False
[vector] 29536 27274 23718 False
[vector] 24762 26778 26719 False
[vector] 30071 26199 24115 False
[vector] 27603 26522 26451 False
[vector] 25937 26224 26937 False
[vector] 29297 27057 24407 False
[vector] 26251 25977 27030 False
[vector] 26918 28101 24941 False
[vector] 28379 27942 24722 False
[vector] 29065 26001 26211 False
[vector] 25838 26453 26827 False
[vector] 26187 24916 27497 False
[vector] 28813 27772 23605 False
[vector] 28073 28102 24736 False
[vector] 24611 23797 27955 False
[vector] 26934 27088 26231 False
[vector] 25633 25289 27424 False
[vector] 31162 24044 21172 False
[vector] 27471 28266 24233 False
[vector] 25378 27484 26001 False
[vector] 30217 26113 23776 False
[vector] 28350 25850 26470 False
[vector] 24768 23866 27938 False
[vector] 26030 25459 27372 False
[vector] 26824 26720 26489 False
[vector] 26104 25247 27460 False
[vector] 27889 23878 27088 False
[vector] 29220 23785 26048 False
[vector] 25829 27473 25986 False
[vector] 25884 26918 26425 False
[vector] 25395 28470 24653 False
[vector] 29576 25429 25708 False
[vector] 29338 26902 24848 False
[vector] 28518 26223 26307 False
[vector] 28234 26078 26459 False
[vector] 27236 28312 23798 False
[vector] 30137 25827 24352 False
[vector] 29969 24630 25278 False
[vector] 28565 24562 26591 False
[vector] 28407 27022 25800 False
[vector] 29458 25202 25781 False
[vector] 27665 26998 26044 False
[vector] 30143 25736 24359 False
[vector] 30630 25823 22478 False
[vector] 26180 24769 27504 False
[vector] 30683 25199 22991 False
[vector] 24081 28632 24245 False
[vector] 28491 25105 26539 False
[vector] 26669 25221 27335 False
[vector] 26416 27274 26174 False
[vector] 23939 27526 26011 False
[vector] 29542 24415 25858 False
[vector] 29530 25476 25619 False
[vector] 25500 27466 26036 False
[vector] 27115 25841 26931 False
[vector] 25369 26908 26557 False
[vector] 26477 28363 24387 False
[vector] 26457 24314 27529 False
[vector] 25288 26059 27150 False
[vector] 27730 24714 27164 False
[vector] 28579 26500 26028 False
[vector] 24254 28878 23133 False
[vector] 29791 26469 24930 False
[vector] 28434 26396 26250 False
[vector] 30184 25670 24500 False
[vector] 31221 22651 20168 False
[vector] 25733 26321 26962 False
[vector] 27105 25204 27220 False
[vector] 27867 25846 26624 False
[vector] 28331 27045 25836 False
[vector] 28834 27218 25182 False
[vector] 25540 25307 27386 False
[vector] 28370 26512 26074 False
[vector] 26144 27649 25803 False
[vector] 23294 23502 28047 False
[vector] 27876 27055 25977 False
[vector] 26210 26781 26493 False
[vector] 28623 27619 24351 False
[vector] 26935 27519 25818 False
[vector] 28215 25295 26828 False
[vector] 27240 26928 26217 False
[vector] 27781 25888 26723 False
[vector] 30702 25718 22546 False
[vector] 26274 25150 27416 False
[vector] 26267 28471 24318 False
[vector] 25114 28571 24528 False
[vector] 30631 25815 22679 False
[vector] 25570 24874 27609 False
[vector] 29077 24882 26192 False
[vector] 26510 27266 26163 False
[vector] 29695 26318 25291 False
[vector] 28287 27574 25335 False
[vector] 27406 27477 25854 False
[vector] 29300 25376 25905 False
[vector] 27839 28161 23759 False
[vector] 25360 23989 27932 False
[vector] 25627 28736 23324 False
[vector] 25439 26039 27139 False
[vector] 30927 24746 20871 False
[vector] 25673 23424 27808 False
[vector] 28742 27886 24054 False
[vector] 23700 25693 27429 False
[vector] 27088 26519 26583 False
[vector] 26109 26585 26646 False
[vector] 24732 28843 23091 False
[vector] 24087 28930 22263 False
[vector] 25639 25684 27359 False
[vector] 25620 23569 27921 False
[vector] 25402 27603 25880 False
[vector] 24725 24036 27864 False
[vector] 28495 27637 24713 False
[vector] 31301 22436 20411 False
[vector] 25899 26870 26599 False
[vector] 28950 27401 24592 False
[vector] 25363 26090 27144 False
[vector] 28337 25961 26452 False
[vector] 30657 24993 23057 False
[vector] 26461 24185 27696 False
[vector] 30539 25428 23795 False
[vector] 29113 26988 24941 False
[vector] 30000 26313 24564 False
[vector] 27331 26637 26415 False
[vector] 25636 28426 24741 False
[vector] 27894 28213 23677 False
[vector] 24339 28733 23687 False
[vector] 27360 27500 25944 False
[vector] 28191 27423 25696 False
[vector] 26873 26308 26883 False
[vector] 26342 28086 25477 False
[vector] 24649 24087 27869 False
[vector] 30393 25514 24134 False
[vector] 26251 25223 27435 False
[vector] 27601 24413 27262 False
[vector] 28347 27496 25052 False
[vector] 30315 26271 23117 False
[vector] 29375 27094 24356 False
[vector] 26845 26094 26967 False
[vector] 30282 25380 24232 False
[vector] 28033 25998 26602 False
[vector] 25278 26662 26894 False
[vector] 25263 25058 27606 False
[vector] 28671 25249 26330 False
[vector] 26341 27283 26171 False
[vector] 28327 25324 26741 False
[vector] 26947 28359 24185 False
[vector] 28984 27280 24821 False
[vector] 25317 28620 24052 False
[vector] 30758 24476 23112 False
[vector] 27198 26887 26325 False
[vector] 26885 25879 26948 False
[vector] 23909 28895 23090 False
[vector] 25604 27398 26160 False
[vector] 25795 27066 26469 False
[vector] 26421 28372 24583 False
[vector] 30764 25445 22252 False
[vector] 24632 24416 27919 False
[vector] 28551 27930 24270 False
[vector] 29723 27088 23962 False
[vector] 29048 27726 24040 False
[vector] 26500 24228 27497 False
[vector] 27806 26283 26548 False
[vector] 29584 27175 23692 False
[vector] 27263 28084 24984 False
[vector] 27630 26040 26809 False
[vector] 29256 27241 24578 False
[vector] 26585 26951 26358 False
[vector] 25984 25604 27282 False
[vector] 29012 27150 25024 False
[vector] 27030 28463 23219 False
[vector] 29811 25254 25239 False
[vector] 30499 23906 23949 False
[vector] 30083 26808 22548 False
[vector] 29063 27731 23338 False
[vector] 28624 25956 26365 False
[vector] 27447 26349 26626 False
[vector] 26632 24267 27483 False
[vector] 24624 28245 25243 False
[vector] 26875 25242 27237 False
[vector] 30729 25377 22484 False
[vector] 26905 28635 22559 False
[vector] 27994 26127 26530 False
[vector] 26646 28552 24212 False
[vector] 27712 27317 25840 False
[vector] 30166 26015 24212 False
[vector] 25606 28158 25216 False
[vector] 24661 23645 28032 False
[vector] 28843 27280 24887 False
[vector] 29681 26934 24342 False
[vector] 25508 25578 27374 False
[vector] 29328 27133 24381 False
[vector] 31005 24222 22380 False
[vector] 26941 27914 25753 False
[vector] 28648 27393 24899 False
[vector] 25588 28835 23201 False
[vector] 28317 25927 26485 False
[vector] 26979 28174 24928 False
[vector] 28241 26588 26131 False
[vector] 26569 27159 26167 False
[vector] 28064 24689 26901 False
[vector] 27178 25830 27126 False
[vector] 25425 26835 26651 False
[vector] 30236 25914 23788 False
[vector] 24594 28836 23253 False
[vector] 29100 26350 25794 False
[vector] 30721 25360 22809 False
[vector] 30072 26723 23370 False
[vector] 26098 24852 27525 False
[vector] 29139 25817 26032 False
[vector] 27233 25673 27053 False
[vector] 26637 27558 25916 False
[vector] 28366 27540 24865 False
[vector] 26994 27539 25799 False
[vector] 25661 27491 25954 False
[vector] 24076 23441 28079 False
[vector] 31230 22550 20860 False
[vector] 25779 28154 25078 False
[vector] 24970 28706 23564 False
[vector] 26514 27137 26330 False
[vector] 30421 25992 22665 False
[vector] 28382 25512 26671 False
[vector] 25007 28714 23471 False
[vector] 29874 26548 24610 False
[vector] 29202 26777 25712 False
[vector] 27764 28120 24770 False
[vector] 29747 26562 24579 False
[vector] 26429 26968 26387 False
[vector] 26281 28594 23713 False
[vector] 29183 27174 24907 False
[vector] 29284 24657 26013 False
[vector] 28654 25592 26327 False
[vector] 30902 25150 21653 False
[vector] 28035 23869 26961 False
[vector] 31169 23563 20971 False
[vector] 30941 24377 22392 False
[vector] 28973 27282 24838 False
[vector] 25135 28648 23971 False
[vector] 27458 28077 25062 False
[vector] 28539 27606 24688 False
[vector] 25498 26181 27118 False
[vector] 24622 25019 27663 False
[vector] 27570 27215 25991 False
[vector] 27436 27536 25714 False
[vector] 27050 27176 26092 False
[vector] 26735 28476 23702 False
[vector] 27875 26890 26113 False
[vector] 25976 27726 25826 False
[vector] 30001 24708 25055 False
[vector] 28487 26626 25971 False
[vector] 27456 28314 23669 False
[vector] 28667 27625 24261 False
[vector] 26100 27177 26268 False
[vector] 25469 27307 26186 False
[vector] 28210 28123 23571 False
[vector] 28487 25122 26606 False
[vector] 29595 27169 23391 False
[vector] 27540 24953 27211 False
[vector] 30208 25003 24815 False
[vector] 28415 25790 26641 False
[vector] 24732 23188 28011 False
[vector] 29411 26621 25346 False
[vector] 27579 26412 26506 False
[vector] 26930 28550 23617 False
[vector] 28468 26375 26230 False
[vector] 27668 27969 25131 False
[vector] 28475 26827 25767 False
[vector] 29392 27018 24541 False
[vector] 24413 28843 23105 False
[vector] 25748 26212 26945 False
[vector] 25449 25436 27395 False
[vector] 24983 27190 26455 False
[vector] 27719 25355 27124 False
[vector] 30429 25730 23733 False
[vector] 28221 27482 25556 False
[vector] 30870 24474 22525 False
[vector] 30783 25087 22515 False
[vector] 28123 27950 24813 False
[vector] 30204 26225 23654 False
[vector] 29309 24398 26008 False
[vector] 28455 27779 24631 False
[vector] 29164 27421 24031 False
[vector] 29232 26413 25674 False
[vector] 26275 28347 24634 False
[vector] 25373 25487 27400 False
[vector] 28278 26460 26247 False
[vector] 25020 28867 22808 False
[vector] 27753 24428 27069 False
[vector] 25467 24210 27838 False
[vector] 25028 27095 26373 False
[vector] 30328 26159 23239 False
[vector] 25366 28884 22013 False
[vector] 25929 26345 26853 False
[vector] 25259 26056 27285 False
[vector] 28425 25187 26897 False
[vector] 27736 27257 25851 False
[vector] 26989 25481 27146 False
[vector] 26282 27566 25812 False
[vector] 27373 25919 26825 False
[vector] 26147 24465 27676 False
[vector] 30655 25000 23067 False
[vector] 24411 28706 23631 False
[vector] 26716 26815 26463 False
[vector] 28818 24388 26467 False
[vector] 26773 28153 25026 False
[vector] 26685 28318 24525 False
[vector] 30318 24633 24219 False
[vector] 30233 26141 23465 False
[vector] 27901 27977 24764 False
[vector] 24648 24728 27824 False
[vector] 28785 24110 26497 False
[vector] 28027 27799 25174 False
[vector] 27597 28172 23900 False
[vector] 27285 25924 26876 False
[vector] 29441 26257 25308 False
[vector] 27752 27796 25188 False
[vector] 29541 26705 24525 False
[vector] 29769 26134 25112 False
[vector] 26879 25113 27404 False
[vector] 30901 23228 22621 False
[vector] 30650 25474 23258 False
[vector] 24890 24007 27913 False
[vector] 30001 26837 23819 False
[vector] 26884 28122 24961 False
[vector] 30080 26022 24137 False
[vector] 30331 25932 23562 False
[vector] 30254 25782 23822 False
[vector] 26392 27934 25554 False
[vector] 30863 24872 22758 False
[vector] 27899 27600 25233 False
[vector] 30647 24983 23392 False
[vector] 25611 28754 22977 False
[vector] 30232 26008 23600 False
[vector] 29180 27477 23431 False
[vector] 23798 26187 27090 False
[vector] 27653 26370 26528 False
[vector] 24390 26461 26900 False
[vector] 28816 26642 25904 False
[vector] 27782 27755 25297 False
[vector] 29319 25004 25796 False
[vector] 28429 27790 24799 False
[vector] 23414 28988 21769 False
[vector] 27541 26529 26484 False
[vector] 25841 27635 25852 False
[vector] 23682 25740 27331 False
[vector] 24078 25700 27304 False
[vector] 27684 28321 23608 False
[vector] 25097 24708 27683 False
[vector] 28581 26569 26007 False
[vector] 29642 27066 24156 False
[vector] 25776 26460 26860 False
[vector] 25468 26222 27009 False
[vector] 23616 29004 21522 False
[vector] 28710 25616 26319 False
[vector] 26867 25913 26948 False
[vector] 27223 26202 26768 False
[vector] 27359 26131 26723 False
[vector] 30342 26089 23439 False
[vector] 26263 28168 25057 False
[vector] 26780 25190 27270 False
[vector] 28720 25218 26314 False
[vector] 29087 27023 25268 False
[vector] 29494 26782 24509 False
[vector] 30754 25085 22542 False
[vector] 26832 26527 26674 False
[vector] 28288 25857 26503 False
[vector] 26144 26906 26512 False
[vector] 28527 27322 25542 False
[vector] 30105 25719 24391 False
[vector] 26283 26127 26960 False
[vector] 25075 28631 24193 False
[vector] 27491 26089 26717 False
[vector] 24848 27099 26481 False
[vector] 28333 27639 25160 False
[vector] 25948 27948 25576 False
[vector] 26021 26051 26994 False
[vector] 30267 25498 24267 False
[vector] 30318 26762 22983 False
[vector] 28954 27321 24712 False
[vector] 30397 25947 23301 False
[vector] 27861 27504 25338 False
[vector] 26230 24617 27581 False
[vector] 29003 26008 26244 False
[vector] 30660 24699 23837 False
[vector] 30753 24704 22940 False
[vector] 25316 28587 24281 False
[vector] 26754 26768 26500 False
[vector] 30799 24588 22974 False
[vector] 26719 25069 27412 False
[vector] 24515 24798 27757 False
[vector] 30712 25201 22964 False
[vector] 30063 26564 23525 False
[vector] 27295 25321 27132 False
[vector] 27805 24957 27066 False
[vector] 29779 25531 25368 False
[vector] 26813 25788 27218 False
[vector] 30822 24843 22864 False
[vector] 27657 26241 26695 False
[vector] 27506 28244 24282 False
[vector] 30172 24732 24938 False
[vector] 27549 28337 23254 False
[vector] 26856 28444 24281 False
[vector] 24110 26422 27011 False
[vector] 24513 24637 27850 False
[vector] 26049 26065 26981 False
[vector] 28401 26927 25880 False
[vector] 27112 26433 26716 False
[vector] 26280 26047 27012 False
[vector] 26281 26763 26506 False
[vector] 28461 27658 24733 False
[vector] 28342 27585 24854 False
[vector] 27829 26201 26453 False
[vector] 29582 26645 25229 False
[vector] 28032 25315 26820 False
[vector] 29406 26402 25490 False
[vector] 30127 26430 24096 False
[vector] 27171 23561 27381 False
[vector] 26824 28587 23385 False
[vector] 25156 23448 27951 False
[vector] 25149 28771 23366 False
[vector] 30020 25098 24873 False
[vector] 26875 25925 26879 False
[vector] 26269 28204 24907 False
[vector] 24466 28758 23549 False
[vector] 24735 28490 24634 False
[vector] 30207 26716 23520 False
[vector] 28759 24685 26552 False
[vector] 29744 26789 24256 False
[vector] 24090 27570 25935 False
[vector] 28456 25288 26467 False
[vector] 25762 23841 27796 False
[vector] 27997 26183 26485 False
[vector] 25544 28282 25059 False
[vector] 29788 25794 25227 False
[vector] 25433 24674 27666 False
[vector] 30143 26349 23768 False
[vector] 26621 24261 27489 False
[vector] 26185 24755 27590 False
[vector] 27732 28263 23874 False
[vector] 27551 26609 26382 False
[vector] 30869 24482 22324 False
[vector] 28796 27654 24251 False
[vector] 24785 23775 28002 False
[vector] 27814 27086 26040 False
[vector] 26207 27995 25503 False
[vector] 27604 27194 25971 False
[vector] 31070 24629 22104 False
[vector] 26220 24839 27482 False
[vector] 30610 25314 23346 False
[vector] 23415 28912 23068 False
[vector] 30380 26489 22689 False
[vector] 29371 24391 25975 False
[vector] 23707 28879 23337 False
[vector] 26831 27967 25362 False
[vector] 30145 25289 24593 False
[vector] 28871 25034 26414 False
[vector] 27138 26367 26660 False
[vector] 28787 23266 26494 False
[vector] 27971 25601 26801 False
[vector] 30600 25754 23616 False
[vector] 29091 27178 24706 False
[vector] 26044 26002 27127 False
[vector] 30882 23982 22478 False
[vector] 25946 27600 25829 False
[vector] 28153 25450 26737 False
[vector] 26525 28584 23633 False
[vector] 27214 28325 23810 False
[vector] 29113 27579 23415 False
[vector] 27321 25035 27246 False
[vector] 29617 26500 25047 False
[vector] 27246 28422 23600 False
[vector] 30162 26285 23914 False
[vector] 28341 28038 24201 False
[vector] 27441 28268 24494 False
[vector] 28195 24350 26911 False
[vector] 27716 27223 25884 False
[vector] 28001 25679 26681 False
[vector] 23890 24242 27945 False
[vector] 27683 26429 26388 False
[vector] 26883 28023 25289 False
[vector] 29909 26728 23957 False
[vector] 29162 24547 26341 False
[vector] 29851 25414 25151 False
[vector] 30449 26191 22589 False
[vector] 31033 24421 22304 False
[vector] 24918 22828 28006 False
[vector] 25936 27451 25954 False
[vector] 29378 24476 25878 False
[vector] 26291 28705 21687 False
[vector] 24960 28211 25226 False
[vector] 29566 26858 24370 False
[vector] 26736 28087 25101 False
[vector] 29102 27494 24237 False
[vector] 26619 26974 26313 False
[vector] 27983 26150 26525 False
[vector] 26723 26687 26513 False
[vector] 27813 26709 26277 False
[vector] 26054 25399 27383 False
[vector] 29249 27371 23333 False
[vector] 26977 26342 26742 False
[vector] 25584 26502 26880 False
[vector] 29088 26205 25850 False
[vector] 24457 23104 28051 False
[vector] 28068 26568 26178 False
[vector] 26929 24961 27481 False
[vector] 23841 27663 25855 False
[vector] 25128 28193 25258 False
[vector] 26906 23940 27529 False
[vector] 26344 24969 27452 False
[vector] 29813 26577 24318 False
[vector] 30532 26038 22128 False
[vector] 27856 26131 26625 False
[vector] 30759 24428 23062 False
[vector] 26976 24823 27309 False
[vector] 30424 25969 22689 False
[vector] 25362 24519 27834 False
[vector] 29985 26594 24073 False
[vector] 27550 24555 27206 False
[vector] 26193 24442 27586 False
[vector] 29069 25926 25886 False
[vector] 26011 24673 27758 False
[vector] 24169 28717 23772 False
[vector] 24401 28471 24705 False
[vector] 25791 27195 26302 False
[vector] 27847 25812 26657 False
[vector] 27857 26449 26368 False
[vector] 22381 29049 21486 False
[vector] 23175 28718 23824 False
[vector] 27896 25916 26606 False
[vector] 28455 27571 24763 False
[vector] 29949 25212 25322 False
[vector] 26369 26448 26722 False
[vector] 26239 25665 27272 False
[vector] 29471 27042 24273 False
[vector] 26291 25658 27228 False
[vector] 30885 24473 22344 False
[vector] 28562 25963 26398 False
[vector] 25128 27138 26370 False
[vector] 29225 25185 25931 False
[vector] 29489 26461 25237 False
[vector] 30218 26259 23500 False
[vector] 26090 25979 27037 False
[vector] 31297 22896 19940 False
[vector] 29413 27328 23856 False
[vector] 27797 27152 25948 False
[vector] 23448 29022 21490 False
[vector] 26040 26657 26603 False
[vector] 25311 25494 27433 False
[vector] 26635 25242 27355 False
[vector] 27062 28423 23138 False
[vector] 29830 27214 23305 False
[vector] 24525 24195 28013 False
[vector] 28496 27418 24969 False
[vector] 28905 25520 26261 False
[vector] 26989 25900 26905 False
[vector] 25188 28849 22840 False
[vector] 28784 27370 25105 False
[vector] 30935 24636 21954 False
[vector] 27256 25450 27060 False
[vector] 27960 26882 26034 False
[vector] 29271 25880 25912 False
[vector] 29253 26954 24885 False
[vector] 30773 25604 22097 False
[vector] 22944 24877 27738 False
[vector] 26832 26394 26827 False
[vector] 26826 28318 24459 False
[vector] 26488 28621 23402 False
[vector] 27815 27175 25910 False
[vector] 28634 25031 26531 False
[vector] 23804 25727 27288 False
