[nb-items] 70
[nb-objectives] 3
[nb-pareto] 1177
[nb-lorenz] 10
[runtime] 183.0980987548828
[format] f1 f2 f3 isLorenzND
[vector] 26089 26042 26178 True
[vector] 26251 25901 26194 True
[vector] 26250 26378 25793 True
[vector] 26310 25952 26106 True
[vector] 26427 25882 26101 True
[vector] 26541 25821 26141 True
[vector] 26103 26205 26036 True
[vector] 26948 26070 25734 True
[vector] 26286 26063 26002 True
[vector] 26610 26244 25652 True
[vector] 28230 21489 24654 False
[vector] 21749 27848 22645 False
[vector] 28862 23099 22307 False
[vector] 28543 22805 23756 False
[vector] 27256 24016 26438 False
[vector] 27147 26111 24784 False
[vector] 27983 25413 23839 False
[vector] 28476 23351 23949 False
[vector] 25298 22610 27875 False
[vector] 24300 24830 27643 False
[vector] 24618 26947 25517 False
[vector] 27089 26146 25176 False
[vector] 23374 27425 24629 False
[vector] 25169 27529 23375 False
[vector] 25520 26667 25747 False
[vector] 27597 26276 23004 False
[vector] 28231 25181 23502 False
[vector] 26145 25683 26514 False
[vector] 25746 25539 26560 False
[vector] 27111 24520 26374 False
[vector] 28781 23337 22681 False
[vector] 25216 27235 24348 False
[vector] 28041 24815 24412 False
[vector] 28401 25452 21771 False
[vector] 28280 25475 22361 False
[vector] 26175 25846 26231 False
[vector] 24505 26980 25291 False
[vector] 28555 22118 23688 False
[vector] 24178 27576 23850 False
[vector] 28007 24817 24607 False
[vector] 24555 27577 23563 False
[vector] 25905 24615 27184 False
[vector] 24761 25207 27289 False
[vector] 28142 25521 23557 False
[vector] 27179 24808 26309 False
[vector] 26652 25861 25833 False
[vector] 26591 25149 26460 False
[vector] 23829 24574 27782 False
[vector] 24722 25839 26794 False
[vector] 27928 23943 25144 False
[vector] 27840 23678 25362 False
[vector] 25305 27209 24626 False
[vector] 24620 25034 27414 False
[vector] 25503 26748 25517 False
[vector] 26215 24654 27083 False
[vector] 23266 27640 23943 False
[vector] 27953 22420 25220 False
[vector] 28560 23566 23658 False
[vector] 25919 25964 26334 False
[vector] 23532 25210 27360 False
[vector] 23936 25763 26952 False
[vector] 26385 25689 26259 False
[vector] 26088 26879 24742 False
[vector] 24413 23624 28142 False
[vector] 27971 25370 24322 False
[vector] 24026 24525 27884 False
[vector] 28686 24106 22317 False
[vector] 22928 22615 28370 False
[vector] 23683 23913 28096 False
[vector] 24247 26815 25853 False
[vector] 27520 25056 25866 False
[vector] 28300 25098 22653 False
[vector] 24547 25372 27101 False
[vector] 26865 26647 24685 False
[vector] 25131 23524 27898 False
[vector] 25052 26444 26329 False
[vector] 26743 24260 26807 False
[vector] 28151 26025 22825 False
[vector] 27044 26211 25184 False
[vector] 26135 26936 24639 False
[vector] 28761 24024 21385 False
[vector] 26750 24660 26562 False
[vector] 25139 26952 25460 False
[vector] 26787 25188 26276 False
[vector] 25915 24012 27440 False
[vector] 23498 26350 26449 False
[vector] 28047 24715 24806 False
[vector] 24846 26959 25312 False
[vector] 22904 27586 24629 False
[vector] 28222 25261 23482 False
[vector] 25191 24703 27595 False
[vector] 28700 24047 21829 False
[vector] 24967 25808 26734 False
[vector] 28713 24204 21657 False
[vector] 25270 25602 26802 False
[vector] 24827 25512 27068 False
[vector] 25054 23927 28094 False
[vector] 25548 25064 27185 False
[vector] 24583 26785 25709 False
[vector] 25562 25227 27043 False
[vector] 25773 26348 25804 False
[vector] 25259 27217 24708 False
[vector] 23045 23536 28225 False
[vector] 24720 24607 27602 False
[vector] 26973 26289 25443 False
[vector] 23802 25630 27023 False
[vector] 22921 27583 24060 False
[vector] 27740 24073 25449 False
[vector] 27956 25016 24406 False
[vector] 25625 25018 27282 False
[vector] 24658 26703 26139 False
[vector] 27314 24589 26077 False
[vector] 26243 26578 25397 False
[vector] 25276 27136 24938 False
[vector] 25280 24618 27502 False
[vector] 27954 25895 23501 False
[vector] 27844 26200 23185 False
[vector] 27388 25846 25118 False
[vector] 25834 26684 25442 False
[vector] 28146 25135 23579 False
[vector] 28697 24296 21583 False
[vector] 27733 25622 24928 False
[vector] 26672 25317 26195 False
[vector] 28797 23893 21171 False
[vector] 28281 23860 24331 False
[vector] 27808 25570 24954 False
[vector] 26760 24057 26818 False
[vector] 25691 27004 24690 False
[vector] 25749 25331 26863 False
[vector] 23986 25711 26875 False
[vector] 26033 23971 27363 False
[vector] 23977 27671 23398 False
[vector] 24600 26704 25939 False
[vector] 26191 25068 26874 False
[vector] 27146 26606 23985 False
[vector] 23321 22587 28361 False
[vector] 28352 24402 24000 False
[vector] 28436 24647 23448 False
[vector] 27219 25239 25977 False
[vector] 26593 26350 25208 False
[vector] 25198 24330 27638 False
[vector] 23651 26956 25664 False
[vector] 24420 26026 26562 False
[vector] 27923 24640 24901 False
[vector] 24443 25530 27106 False
[vector] 28573 22888 23587 False
[vector] 25199 25558 26842 False
[vector] 28046 23507 25058 False
[vector] 25151 25189 27133 False
[vector] 27765 25019 24999 False
[vector] 24161 27657 23620 False
[vector] 26800 26680 24375 False
[vector] 28206 25497 22725 False
[vector] 23290 27381 24693 False
[vector] 27746 25796 24496 False
[vector] 26149 22267 27406 False
[vector] 27056 23841 26516 False
[vector] 26314 23800 27264 False
[vector] 27240 25333 25794 False
[vector] 28693 23531 23033 False
[vector] 24441 26016 26569 False
[vector] 23961 27673 23533 False
[vector] 27905 22555 25275 False
[vector] 25784 23541 27707 False
[vector] 27432 24948 25984 False
[vector] 26219 26944 24204 False
[vector] 28577 24916 21767 False
[vector] 25947 24852 27009 False
[vector] 25144 26883 25376 False
[vector] 27790 25755 24417 False
[vector] 27883 24504 25026 False
[vector] 26468 24794 26758 False
[vector] 27448 23638 26246 False
[vector] 24425 26771 25784 False
[vector] 27728 24732 25682 False
[vector] 26137 25227 26666 False
[vector] 24540 27142 25099 False
[vector] 23812 27705 23499 False
[vector] 24887 25086 27381 False
[vector] 27980 25874 23590 False
[vector] 25216 25477 27072 False
[vector] 28515 24918 22057 False
[vector] 27781 23548 25387 False
[vector] 24758 24516 27839 False
[vector] 24762 27529 23839 False
[vector] 27477 24505 25911 False
[vector] 25492 24278 27647 False
[vector] 25728 24678 27292 False
[vector] 28419 24695 23604 False
[vector] 26010 24952 26901 False
[vector] 24777 27484 24143 False
[vector] 28905 23513 21775 False
[vector] 27614 23985 25790 False
[vector] 23789 27387 24629 False
[vector] 26904 25293 26214 False
[vector] 27767 23618 25408 False
[vector] 25732 24154 27474 False
[vector] 27855 24924 24996 False
[vector] 24476 26391 26358 False
[vector] 28828 23291 22620 False
[vector] 26364 26077 25836 False
[vector] 27223 25692 25444 False
[vector] 28948 22671 22436 False
[vector] 23864 26710 26100 False
[vector] 22934 27289 24975 False
[vector] 28584 23716 23496 False
[vector] 28192 25349 22986 False
[vector] 28098 24180 24575 False
[vector] 24220 25708 26910 False
[vector] 27948 23749 25265 False
[vector] 24305 24834 27572 False
[vector] 28399 23305 24307 False
[vector] 26482 24639 26769 False
[vector] 26001 26916 25068 False
[vector] 27126 24417 26469 False
[vector] 25343 27225 24273 False
[vector] 26607 26314 25533 False
[vector] 27464 26245 24754 False
[vector] 25260 25699 26824 False
[vector] 27981 24979 24411 False
[vector] 24850 25107 27300 False
[vector] 23258 24905 27601 False
[vector] 25995 25414 26799 False
[vector] 28391 23578 23997 False
[vector] 27158 25910 25227 False
[vector] 28795 22355 22968 False
[vector] 27263 24025 26211 False
[vector] 26091 26235 25872 False
[vector] 26927 23857 26768 False
[vector] 29005 22804 21925 False
[vector] 26149 27054 24023 False
[vector] 24168 26023 26656 False
[vector] 28350 25272 22478 False
[vector] 27055 24495 26728 False
[vector] 25376 27131 24367 False
[vector] 28523 23618 23888 False
[vector] 27981 25313 24130 False
[vector] 26870 24535 26572 False
[vector] 28761 23229 22801 False
[vector] 25984 26997 24838 False
[vector] 27075 26262 25048 False
[vector] 25809 25486 26580 False
[vector] 26731 26627 25114 False
[vector] 24350 22983 28224 False
[vector] 25589 26334 25986 False
[vector] 26521 23685 27261 False
[vector] 27888 26159 23106 False
[vector] 28198 25379 22867 False
[vector] 28931 23467 21337 False
[vector] 25415 25972 26468 False
[vector] 28713 24226 21196 False
[vector] 28378 23350 24122 False
[vector] 24687 24611 27647 False
[vector] 28783 24001 21774 False
[vector] 24489 26227 26423 False
[vector] 25335 25106 27139 False
[vector] 27110 26413 24539 False
[vector] 24022 26149 26515 False
[vector] 27860 25814 24242 False
[vector] 24584 25703 26981 False
[vector] 27679 26057 23701 False
[vector] 28244 24845 24130 False
[vector] 28968 22971 21245 False
[vector] 24839 27731 22777 False
[vector] 24886 27437 23750 False
[vector] 25365 26577 25793 False
[vector] 28406 22264 24300 False
[vector] 28249 25482 22475 False
[vector] 25706 26150 26304 False
[vector] 23571 24683 27721 False
[vector] 26348 24929 26932 False
[vector] 27972 25589 24223 False
[vector] 28379 25462 20820 False
[vector] 27914 25997 23302 False
[vector] 26389 27084 22713 False
[vector] 26914 24690 26470 False
[vector] 23976 25931 26760 False
[vector] 26030 24443 27205 False
[vector] 28272 25190 22994 False
[vector] 25510 26996 25035 False
[vector] 26490 23960 27117 False
[vector] 28720 24079 21240 False
[vector] 26081 26227 25875 False
[vector] 23071 24090 28113 False
[vector] 26399 26976 23709 False
[vector] 27810 24169 25363 False
[vector] 24510 23464 28174 False
[vector] 24780 25704 26914 False
[vector] 28471 25249 21888 False
[vector] 24186 26479 26215 False
[vector] 26699 25640 26078 False
[vector] 27790 22130 25555 False
[vector] 25196 24867 27392 False
[vector] 24114 25045 27568 False
[vector] 29012 23229 20963 False
[vector] 27870 25211 24498 False
[vector] 27490 23672 26209 False
[vector] 28097 22982 24947 False
[vector] 26995 25424 25776 False
[vector] 26961 26445 24505 False
[vector] 25417 25394 27003 False
[vector] 26535 26849 24087 False
[vector] 28780 24013 21058 False
[vector] 27879 25165 24592 False
[vector] 25834 27181 23584 False
[vector] 28968 23560 20794 False
[vector] 25870 23173 27747 False
[vector] 26546 25789 26048 False
[vector] 27303 23370 26480 False
[vector] 25877 26603 25487 False
[vector] 28476 24828 23093 False
[vector] 27780 24976 24970 False
[vector] 23361 25633 27055 False
[vector] 26483 25984 25783 False
[vector] 28079 23459 25076 False
[vector] 24857 27364 24062 False
[vector] 25932 25609 26534 False
[vector] 25592 25234 26979 False
[vector] 25886 26582 25736 False
[vector] 26490 26384 25538 False
[vector] 24872 27319 24366 False
[vector] 25143 25769 26829 False
[vector] 27662 24032 25787 False
[vector] 26528 25361 26364 False
[vector] 23832 27666 23913 False
[vector] 28767 23875 22532 False
[vector] 24839 24942 27440 False
[vector] 28905 22120 22481 False
[vector] 27839 25865 24247 False
[vector] 26841 26928 24059 False
[vector] 26456 24897 26659 False
[vector] 28144 24610 24263 False
[vector] 22644 27865 22322 False
[vector] 23514 25588 27049 False
[vector] 27902 25651 24213 False
[vector] 28409 21958 24099 False
[vector] 25748 24961 27095 False
[vector] 26580 26686 24580 False
[vector] 26831 25585 25971 False
[vector] 28654 24308 22197 False
[vector] 26114 25321 26746 False
[vector] 28770 23844 21946 False
[vector] 26622 24308 26972 False
[vector] 22728 25512 27207 False
[vector] 27916 24456 25044 False
[vector] 25291 25228 27066 False
[vector] 26147 23380 27473 False
[vector] 26623 25536 26176 False
[vector] 25242 22905 27875 False
[vector] 28080 24634 24350 False
[vector] 24897 24483 27637 False
[vector] 24131 24679 27725 False
[vector] 26547 25312 26449 False
[vector] 26302 26888 24387 False
[vector] 26472 25242 26513 False
[vector] 27103 26607 23912 False
[vector] 26105 26758 25063 False
[vector] 28104 24848 24295 False
[vector] 28311 25117 22526 False
[vector] 27464 25935 25020 False
[vector] 26233 27062 23588 False
[vector] 26913 25560 25771 False
[vector] 28921 23545 21659 False
[vector] 23940 23028 28293 False
[vector] 27159 26270 24613 False
[vector] 28831 23821 21502 False
[vector] 27799 24327 25320 False
[vector] 24569 25350 27262 False
[vector] 24835 26207 26447 False
[vector] 24500 27049 25375 False
[vector] 25671 25737 26734 False
[vector] 28841 22535 22861 False
[vector] 28410 24184 23747 False
[vector] 28262 25146 23103 False
[vector] 27994 24977 24758 False
[vector] 27797 23127 25407 False
[vector] 28094 24069 24848 False
[vector] 29086 22566 21551 False
[vector] 26019 25734 26374 False
[vector] 27854 25059 24876 False
[vector] 27208 26053 25123 False
[vector] 28710 23429 23043 False
[vector] 27136 24257 26354 False
[vector] 28975 23005 21129 False
[vector] 26432 25311 26450 False
[vector] 26611 24792 26710 False
[vector] 25078 26427 25975 False
[vector] 28165 25128 23993 False
[vector] 26415 27058 23019 False
[vector] 25440 26943 25252 False
[vector] 26467 24836 26879 False
[vector] 24455 24960 27478 False
[vector] 26462 23555 27286 False
[vector] 24429 27127 25634 False
[vector] 28590 24362 23227 False
[vector] 23735 27513 24623 False
[vector] 28594 23213 23526 False
[vector] 28120 24532 24549 False
[vector] 28399 25382 22308 False
[vector] 24637 27233 24853 False
[vector] 23400 26403 26373 False
[vector] 28297 22882 24504 False
[vector] 26804 26444 24857 False
[vector] 26010 25103 26850 False
[vector] 28525 24672 22479 False
[vector] 25362 24318 27641 False
[vector] 28241 24895 23701 False
[vector] 27851 22703 25409 False
[vector] 28040 22930 25096 False
[vector] 26474 26972 23244 False
[vector] 26187 27070 23670 False
[vector] 28755 23383 23119 False
[vector] 28808 22583 22843 False
[vector] 24794 27403 24373 False
[vector] 28955 23040 21346 False
[vector] 28740 24013 22520 False
[vector] 25161 24711 27555 False
[vector] 24984 25207 27247 False
[vector] 26188 26776 24830 False
[vector] 24762 24567 27601 False
[vector] 28285 24854 23622 False
[vector] 25825 26057 26251 False
[vector] 26477 24793 26819 False
[vector] 26429 25859 26053 False
[vector] 26379 27090 23325 False
[vector] 28578 24965 21076 False
[vector] 24549 25260 27299 False
[vector] 27226 24162 26351 False
[vector] 26332 24584 27078 False
[vector] 24561 22891 28130 False
[vector] 28157 24396 24262 False
[vector] 26315 26968 24144 False
[vector] 25509 27159 24115 False
[vector] 28932 22896 22424 False
[vector] 25123 25159 27149 False
[vector] 27319 26078 24919 False
[vector] 29025 22893 21591 False
[vector] 25737 25110 26937 False
[vector] 25524 27114 24419 False
[vector] 22950 27841 22220 False
[vector] 28469 25179 22425 False
[vector] 26502 25619 26254 False
[vector] 28036 22908 25121 False
[vector] 24027 23758 28184 False
[vector] 24740 25217 27282 False
[vector] 28315 24440 23768 False
[vector] 25779 25323 26863 False
[vector] 27847 26150 23614 False
[vector] 26668 25281 26329 False
[vector] 27290 24848 26001 False
[vector] 27499 25614 25031 False
[vector] 26238 25634 26327 False
[vector] 26256 23948 27321 False
[vector] 24486 27524 24302 False
[vector] 26006 26847 24984 False
[vector] 28447 23175 24040 False
[vector] 26747 25849 25757 False
[vector] 25739 26751 25378 False
[vector] 28298 25028 23190 False
[vector] 24471 27569 23998 False
[vector] 24500 24067 27918 False
[vector] 27143 26426 24405 False
[vector] 25889 25000 27066 False
[vector] 26951 25949 25467 False
[vector] 24005 24535 27877 False
[vector] 24110 26031 26707 False
[vector] 23775 27269 25245 False
[vector] 24977 27250 24363 False
[vector] 27975 23297 25186 False
[vector] 28020 23813 25070 False
[vector] 28361 23537 24155 False
[vector] 26446 25500 26403 False
[vector] 28417 24896 22809 False
[vector] 26071 27109 23367 False
[vector] 28757 23696 22982 False
[vector] 28824 23751 22149 False
[vector] 24605 25395 27093 False
[vector] 23714 24290 27963 False
[vector] 25163 27279 24207 False
[vector] 26196 26436 25529 False
[vector] 25226 25116 27125 False
[vector] 24123 27626 23754 False
[vector] 26150 23901 27358 False
[vector] 28365 24788 23401 False
[vector] 26134 25991 26011 False
[vector] 26181 25382 26564 False
[vector] 26999 25090 26218 False
[vector] 24093 27414 24506 False
[vector] 26171 25425 26624 False
[vector] 24131 26021 26714 False
[vector] 25788 24377 27355 False
[vector] 25868 23046 27756 False
[vector] 28218 24382 24429 False
[vector] 27343 25552 25558 False
[vector] 28027 25372 23760 False
[vector] 24414 25344 27263 False
[vector] 28240 22830 24653 False
[vector] 25471 24932 27316 False
[vector] 24522 26899 25521 False
[vector] 28010 25944 22898 False
[vector] 28349 22261 24316 False
[vector] 27276 26323 24414 False
[vector] 28449 23802 23937 False
[vector] 28934 23209 22287 False
[vector] 26194 26891 24516 False
[vector] 25639 24451 27404 False
[vector] 24028 25743 26843 False
[vector] 28570 24254 23347 False
[vector] 24396 26139 26553 False
[vector] 28188 24085 24572 False
[vector] 27946 25126 24522 False
[vector] 24988 25328 27193 False
[vector] 24483 24258 27913 False
[vector] 24306 24754 27605 False
[vector] 27650 26199 23879 False
[vector] 28647 24495 22716 False
[vector] 25689 27420 24050 False
[vector] 23865 23050 28281 False
[vector] 28838 23470 22170 False
[vector] 27132 26395 24537 False
[vector] 25594 23598 27870 False
[vector] 26471 27022 22815 False
[vector] 28831 23640 21662 False
[vector] 25144 25055 27309 False
[vector] 26626 25932 25835 False
[vector] 26552 26808 24520 False
[vector] 28073 25318 23836 False
[vector] 26551 25218 26397 False
[vector] 25894 24019 27461 False
[vector] 27572 23951 25827 False
[vector] 28065 24572 24396 False
[vector] 28855 23625 21313 False
[vector] 28301 24978 23619 False
[vector] 25667 24971 27132 False
[vector] 25681 25134 26990 False
[vector] 28944 23131 21965 False
[vector] 28087 24123 24667 False
[vector] 23947 27276 24781 False
[vector] 27971 25854 23934 False
[vector] 24669 26165 26448 False
[vector] 28099 25781 23537 False
[vector] 25182 24704 27534 False
[vector] 24269 25135 27522 False
[vector] 29169 21605 20275 False
[vector] 26145 27012 24231 False
[vector] 23749 27631 24007 False
[vector] 29099 21938 19663 False
[vector] 24405 24627 27753 False
[vector] 26415 25912 25897 False
[vector] 28275 24515 23918 False
[vector] 24899 25343 27102 False
[vector] 27327 25704 25298 False
[vector] 23968 27266 24788 False
[vector] 28241 24157 24339 False
[vector] 26703 25443 26137 False
[vector] 28052 25616 23560 False
[vector] 28646 24177 22991 False
[vector] 23831 25722 27019 False
[vector] 25450 24530 27507 False
[vector] 27644 26035 23948 False
[vector] 27870 24664 25177 False
[vector] 24823 24885 27473 False
[vector] 28276 25294 22842 False
[vector] 25162 22579 27890 False
[vector] 25868 25238 26810 False
[vector] 26962 26430 24487 False
[vector] 26557 25540 26095 False
[vector] 27174 25869 25178 False
[vector] 25929 27173 24080 False
[vector] 25439 27229 24197 False
[vector] 26769 24056 26879 False
[vector] 26119 25727 26380 False
[vector] 24443 27245 25018 False
[vector] 27681 25378 25640 False
[vector] 27161 26058 24940 False
[vector] 24187 24847 27658 False
[vector] 27881 25465 24325 False
[vector] 25811 26110 26095 False
[vector] 24588 25739 26847 False
[vector] 27340 25622 25439 False
[vector] 25565 27107 24469 False
[vector] 27065 23840 26577 False
[vector] 26880 23590 26829 False
[vector] 28381 23412 24112 False
[vector] 27019 25371 25908 False
[vector] 27216 26338 24490 False
[vector] 26689 24135 27077 False
[vector] 26512 24631 26769 False
[vector] 28051 24776 24528 False
[vector] 26280 25225 26618 False
[vector] 26322 25187 26822 False
[vector] 27865 25703 24443 False
[vector] 25816 26063 26106 False
[vector] 25215 24249 27868 False
[vector] 27084 25740 25542 False
[vector] 25478 27122 24501 False
[vector] 28489 24492 23721 False
[vector] 28352 23951 24265 False
[vector] 27961 23683 25095 False
[vector] 28791 23191 22669 False
[vector] 27271 26424 24365 False
[vector] 27657 23623 25848 False
[vector] 27927 24463 24947 False
[vector] 23475 25142 27483 False
[vector] 25858 25841 26554 False
[vector] 27479 26048 24644 False
[vector] 28887 23798 21168 False
[vector] 28704 21994 23405 False
[vector] 24933 26109 26491 False
[vector] 28024 25833 23511 False
[vector] 28169 25548 22696 False
[vector] 27833 22681 25510 False
[vector] 26005 24811 27055 False
[vector] 26187 26573 25528 False
[vector] 28631 23070 23538 False
[vector] 26633 26176 25462 False
[vector] 26086 23651 27385 False
[vector] 25411 24288 27684 False
[vector] 27998 25370 23810 False
[vector] 28271 25405 22641 False
[vector] 25247 26679 25651 False
[vector] 25818 25910 26491 False
[vector] 26869 24567 26509 False
[vector] 24296 25357 27349 False
[vector] 25244 26011 26641 False
[vector] 25892 25691 26516 False
[vector] 25702 27084 24678 False
[vector] 26425 27030 22897 False
[vector] 24779 27448 24069 False
[vector] 25310 24610 27542 False
[vector] 27271 24626 26210 False
[vector] 26935 26406 25106 False
[vector] 24402 25391 27200 False
[vector] 23169 25959 26758 False
[vector] 25137 25106 27175 False
[vector] 23806 27306 24859 False
[vector] 25396 25909 26504 False
[vector] 27117 26679 23810 False
[vector] 28370 23925 23871 False
[vector] 27567 24410 25908 False
[vector] 25176 26757 25910 False
[vector] 26670 26102 25629 False
[vector] 27785 24865 25171 False
[vector] 25362 24422 27625 False
[vector] 26564 24403 26743 False
[vector] 25970 27182 23572 False
[vector] 28427 25260 21009 False
[vector] 26201 26440 25458 False
[vector] 25256 23772 27788 False
[vector] 25061 23630 28057 False
[vector] 25744 24925 27229 False
[vector] 28328 25538 22130 False
[vector] 23656 25789 26864 False
[vector] 27695 26274 23523 False
[vector] 27084 25725 25646 False
[vector] 28273 22040 24609 False
[vector] 25629 25054 27148 False
[vector] 29082 23026 21080 False
[vector] 28291 24199 24172 False
[vector] 27982 25418 23684 False
[vector] 23460 25503 27162 False
[vector] 27221 25715 25492 False
[vector] 24954 26099 26498 False
[vector] 24825 27613 23393 False
[vector] 25360 27144 24503 False
[vector] 26566 22984 27104 False
[vector] 28329 24422 24121 False
[vector] 29110 21475 20300 False
[vector] 26715 24382 26747 False
[vector] 25004 25016 27376 False
[vector] 26878 24991 26420 False
[vector] 26036 24748 26973 False
[vector] 25565 25918 26493 False
[vector] 25388 26414 26185 False
[vector] 28446 23941 23766 False
[vector] 27106 26557 24341 False
[vector] 27689 25663 25007 False
[vector] 26810 25680 25770 False
[vector] 25153 25166 27085 False
[vector] 27638 24827 25685 False
[vector] 27849 25579 24446 False
[vector] 27614 23072 25893 False
[vector] 28282 25545 21824 False
[vector] 25836 26842 25132 False
[vector] 27857 23523 25405 False
[vector] 22793 27693 23824 False
[vector] 26713 24112 26933 False
[vector] 24757 24563 27672 False
[vector] 26202 27025 23974 False
[vector] 27235 24927 26160 False
[vector] 25306 26839 25284 False
[vector] 25174 22456 27913 False
[vector] 28814 23829 22471 False
[vector] 27814 23885 25347 False
[vector] 28674 23621 23493 False
[vector] 23367 25415 27292 False
[vector] 28338 24926 23389 False
[vector] 28919 23232 21796 False
[vector] 28250 25456 22646 False
[vector] 24267 25569 27011 False
[vector] 28519 24762 22124 False
[vector] 27615 24678 25745 False
[vector] 24466 25156 27346 False
[vector] 24856 27650 23007 False
[vector] 28858 22766 22439 False
[vector] 24321 24522 27755 False
[vector] 26315 25381 26455 False
[vector] 26133 26448 25798 False
[vector] 24877 24423 27786 False
[vector] 24832 25516 26997 False
[vector] 27040 26366 24897 False
[vector] 26908 26773 23223 False
[vector] 25014 24413 27632 False
[vector] 27834 22089 25476 False
[vector] 22780 27273 25048 False
[vector] 23481 25493 27169 False
[vector] 27783 23675 25378 False
[vector] 26151 22394 27397 False
[vector] 28850 23965 20488 False
[vector] 26539 23374 27090 False
[vector] 26066 24759 26956 False
[vector] 26792 25343 26148 False
[vector] 27569 25411 25148 False
[vector] 27097 25385 25742 False
[vector] 28851 23134 22798 False
[vector] 28421 23195 24085 False
[vector] 28178 24968 23842 False
[vector] 26984 25209 26100 False
[vector] 25536 24500 27399 False
[vector] 25167 26778 25661 False
[vector] 28673 24297 21870 False
[vector] 27104 25785 25497 False
[vector] 28769 24203 20862 False
[vector] 28293 25139 22989 False
[vector] 24440 22888 28221 False
[vector] 26394 23106 27324 False
[vector] 25335 25384 27019 False
[vector] 27537 25752 24763 False
[vector] 24567 24319 27873 False
[vector] 26994 25437 25746 False
[vector] 23824 27549 24437 False
[vector] 27062 26598 24420 False
[vector] 27023 25200 26161 False
[vector] 26934 26700 23946 False
[vector] 25150 26859 25431 False
[vector] 27668 25714 25012 False
[vector] 27160 25190 26007 False
[vector] 25771 26519 25938 False
[vector] 24146 23665 28131 False
[vector] 26707 25272 26390 False
[vector] 27691 25207 25101 False
[vector] 24987 25898 26697 False
[vector] 23954 27418 24416 False
[vector] 27717 26008 23871 False
[vector] 28402 24239 23864 False
[vector] 27384 24386 26194 False
[vector] 26464 26927 24346 False
[vector] 23775 25441 27178 False
[vector] 27751 23728 25441 False
[vector] 25441 24836 27332 False
[vector] 28124 24593 24271 False
[vector] 24510 25378 27098 False
[vector] 27543 24988 25676 False
[vector] 28250 23528 24462 False
[vector] 27190 26565 23906 False
[vector] 24460 27164 25248 False
[vector] 27730 25672 24499 False
[vector] 26565 26352 25329 False
[vector] 27277 25817 25174 False
[vector] 25781 23020 27822 False
[vector] 28309 25665 20703 False
[vector] 27224 25645 25611 False
[vector] 25465 26021 26405 False
[vector] 28660 24159 23344 False
[vector] 27580 23577 26206 False
[vector] 27258 26760 23737 False
[vector] 26218 27107 23284 False
[vector] 25956 24827 27171 False
[vector] 27250 24730 26050 False
[vector] 28483 24641 22574 False
[vector] 25979 23683 27438 False
[vector] 26526 25939 25829 False
[vector] 24666 25190 27294 False
[vector] 27100 25332 26030 False
[vector] 27472 26220 24387 False
[vector] 25819 24051 27670 False
[vector] 26175 25461 26490 False
[vector] 27118 24997 26165 False
[vector] 25240 25089 27144 False
[vector] 27733 24123 25721 False
[vector] 25035 26525 26099 False
[vector] 25553 24647 27351 False
[vector] 25190 26875 25294 False
[vector] 27116 26271 24540 False
[vector] 26461 23986 27198 False
[vector] 26390 24882 26782 False
[vector] 28134 23822 24845 False
[vector] 26565 25407 26350 False
[vector] 26512 26758 24599 False
[vector] 23634 23786 28193 False
[vector] 25345 27094 24753 False
[vector] 24219 25740 26847 False
[vector] 25927 23176 27731 False
[vector] 28406 23251 23982 False
[vector] 26475 26745 25217 False
[vector] 25352 25025 27369 False
[vector] 26864 25779 25752 False
[vector] 26559 26753 24782 False
[vector] 24648 24053 27981 False
[vector] 25878 25484 26804 False
[vector] 27572 24127 25790 False
[vector] 23693 24300 27956 False
[vector] 26906 25655 25907 False
[vector] 25701 25744 26670 False
[vector] 26063 26260 25947 False
[vector] 26199 26166 25806 False
[vector] 24240 25730 26854 False
[vector] 29088 21843 20649 False
[vector] 27961 25976 22849 False
[vector] 26118 27017 24409 False
[vector] 28812 23516 22608 False
[vector] 24878 25651 26990 False
[vector] 24484 23491 28213 False
[vector] 28526 24552 23445 False
[vector] 26958 25467 25990 False
[vector] 27699 25060 25263 False
[vector] 27973 24459 25028 False
[vector] 27116 25020 26213 False
[vector] 24090 25641 27020 False
[vector] 25265 25703 26753 False
[vector] 25088 26199 26445 False
[vector] 26686 26775 24234 False
[vector] 25613 24247 27527 False
[vector] 25322 27252 24223 False
[vector] 28224 23727 24842 False
[vector] 25970 26590 25301 False
[vector] 27113 25344 25693 False
[vector] 28088 24724 24298 False
[vector] 24751 22888 28185 False
[vector] 26852 25035 26286 False
[vector] 27890 26229 22569 False
[vector] 24302 26123 26603 False
[vector] 26860 24896 26519 False
[vector] 27802 24763 25181 False
[vector] 28855 23153 22632 False
[vector] 25966 24224 27427 False
[vector] 25262 26505 25941 False
[vector] 25274 27172 25012 False
[vector] 26836 25513 25942 False
[vector] 27899 24883 24917 False
[vector] 24513 26069 26548 False
[vector] 24859 26623 25940 False
[vector] 26728 24722 26705 False
[vector] 26504 25827 25844 False
[vector] 25014 25214 27183 False
[vector] 28330 24017 24067 False
[vector] 24839 27219 24416 False
[vector] 26332 26887 24374 False
[vector] 27782 23412 25603 False
[vector] 26058 25916 26236 False
[vector] 23553 25200 27367 False
[vector] 25749 24929 27158 False
[vector] 25301 24611 27481 False
[vector] 28254 23037 24541 False
[vector] 26981 26406 24919 False
[vector] 26638 25115 26593 False
[vector] 24109 27508 24370 False
[vector] 26529 26814 24283 False
[vector] 27588 26558 24335 False
[vector] 24661 25310 27201 False
[vector] 27800 22935 25474 False
[vector] 25045 23928 28033 False
[vector] 28064 23772 24991 False
[vector] 25386 26818 25522 False
[vector] 25107 23138 27934 False
[vector] 28152 25464 23365 False
[vector] 27451 26017 24879 False
[vector] 28833 23891 20965 False
[vector] 23587 26507 26193 False
[vector] 26965 25833 25595 False
[vector] 26788 26329 25287 False
[vector] 24401 26052 26628 False
[vector] 27786 24345 25368 False
[vector] 27704 23890 25787 False
[vector] 25095 25625 26888 False
[vector] 29029 22433 22062 False
[vector] 27418 25523 25159 False
[vector] 27772 24877 25006 False
[vector] 27958 25956 23223 False
[vector] 27119 26221 24969 False
[vector] 28499 24693 22390 False
[vector] 24640 24118 27874 False
[vector] 28537 23080 24037 False
[vector] 27032 25467 25718 False
[vector] 28090 25277 24269 False
[vector] 27810 25100 24955 False
[vector] 24741 24597 27609 False
[vector] 27830 23029 25420 False
[vector] 23983 24696 27673 False
[vector] 25459 26284 26017 False
[vector] 23657 25454 27264 False
[vector] 28246 25229 23186 False
[vector] 26351 26432 25636 False
[vector] 28165 25304 23214 False
[vector] 23238 27825 23754 False
[vector] 25919 25007 27002 False
[vector] 27787 23427 25491 False
[vector] 26787 25748 25960 False
[vector] 28309 23400 24310 False
[vector] 25104 25541 26847 False
[vector] 25872 25601 26553 False
[vector] 27144 23253 26549 False
[vector] 25816 26314 25828 False
[vector] 24583 24115 27890 False
[vector] 26818 25547 26025 False
[vector] 24415 24024 28009 False
[vector] 26075 24734 27118 False
[vector] 27917 25947 23731 False
[vector] 28731 23754 22982 False
[vector] 23547 23056 28302 False
[vector] 28228 25231 23073 False
[vector] 26989 22764 26755 False
[vector] 24188 24080 27958 False
[vector] 26441 25094 26769 False
[vector] 25470 24620 27470 False
[vector] 25014 25199 27287 False
[vector] 26464 23682 27277 False
[vector] 26030 26613 25287 False
[vector] 25720 23291 27734 False
[vector] 26185 24411 27321 False
[vector] 27999 24153 25016 False
[vector] 27398 23848 26343 False
[vector] 25765 27128 24323 False
[vector] 27598 25955 24591 False
[vector] 27400 25685 25047 False
[vector] 24432 27399 24572 False
[vector] 26385 25920 25897 False
[vector] 25290 27254 24322 False
[vector] 28693 24096 21777 False
[vector] 26949 26655 24250 False
[vector] 24567 25749 26840 False
[vector] 24895 25307 27236 False
[vector] 27461 25414 25135 False
[vector] 26766 23535 26994 False
[vector] 28328 25098 22498 False
[vector] 26281 24372 27091 False
[vector] 28714 22593 23342 False
[vector] 27544 25401 25431 False
[vector] 28181 23176 24887 False
[vector] 26834 25154 26409 False
[vector] 23575 25039 27571 False
[vector] 27401 24284 26204 False
[vector] 25463 25065 27061 False
[vector] 26759 25084 26473 False
[vector] 25748 26822 25323 False
[vector] 27366 25484 25368 False
[vector] 28509 24593 23012 False
[vector] 26742 25443 26123 False
[vector] 27914 24329 25053 False
[vector] 26551 26195 25682 False
[vector] 27661 23339 25832 False
[vector] 27904 23790 25344 False
[vector] 28128 24477 24432 False
[vector] 25782 27047 24553 False
[vector] 26891 26508 24746 False
[vector] 29112 21602 20291 False
[vector] 24638 24656 27725 False
[vector] 24461 25152 27417 False
[vector] 24336 26851 25667 False
[vector] 27946 25610 24134 False
[vector] 26401 26829 24516 False
[vector] 28305 23489 24468 False
[vector] 25931 23714 27464 False
[vector] 25022 26054 26534 False
[vector] 27856 25221 24525 False
[vector] 28864 23412 22170 False
[vector] 28692 22659 23144 False
[vector] 24469 25847 26796 False
[vector] 28557 24590 22719 False
[vector] 28553 25112 21956 False
[vector] 26610 24363 26798 False
[vector] 24445 27209 24944 False
[vector] 25300 24663 27457 False
[vector] 26756 24138 26738 False
[vector] 24305 26814 26053 False
[vector] 24497 26381 26365 False
[vector] 27743 23794 25413 False
[vector] 26544 26509 25268 False
[vector] 29099 21808 20158 False
[vector] 25942 25883 26262 False
[vector] 27852 25529 24875 False
[vector] 25035 27562 23661 False
[vector] 26656 26155 25473 False
[vector] 28362 23622 23957 False
[vector] 26445 26806 24718 False
[vector] 26346 27005 23758 False
[vector] 26350 25543 26263 False
[vector] 25784 25493 26671 False
[vector] 26299 26159 25812 False
[vector] 28257 23099 24531 False
[vector] 26939 25516 25905 False
[vector] 25734 25528 26973 False
[vector] 28494 22529 24082 False
[vector] 26300 25289 26511 False
[vector] 26045 24742 27118 False
[vector] 25929 25950 26183 False
[vector] 25493 27077 24805 False
[vector] 28144 24126 24651 False
[vector] 28576 24380 22874 False
[vector] 28677 23970 22535 False
[vector] 27857 25864 23813 False
[vector] 28453 23821 23771 False
[vector] 29156 21941 19647 False
[vector] 25034 25259 27138 False
[vector] 27775 23485 25425 False
[vector] 26043 26277 25915 False
[vector] 24999 24846 27568 False
[vector] 25754 24420 27402 False
[vector] 26181 25397 26460 False
[vector] 25362 27013 24983 False
[vector] 28328 24928 23361 False
[vector] 27195 25765 25338 False
[vector] 25896 23451 27587 False
[vector] 28633 24513 22363 False
[vector] 27223 24064 26420 False
[vector] 26456 27067 22511 False
[vector] 24147 25709 26897 False
[vector] 24022 24169 28034 False
[vector] 28586 24029 23359 False
[vector] 27872 24353 25094 False
[vector] 27359 25240 25741 False
[vector] 27887 23032 25404 False
[vector] 27606 26240 23958 False
[vector] 25291 27091 25242 False
[vector] 25869 26663 25506 False
[vector] 25452 25550 26840 False
[vector] 23957 24900 27601 False
[vector] 26356 26977 23636 False
[vector] 23472 23078 28290 False
[vector] 26440 26985 23201 False
[vector] 23592 24673 27728 False
[vector] 27689 24798 25292 False
[vector] 25924 24011 27501 False
[vector] 28342 24987 23111 False
[vector] 26053 27050 24099 False
[vector] 24246 25579 27004 False
[vector] 27720 25958 24300 False
[vector] 27284 25503 25588 False
[vector] 28968 22704 21974 False
[vector] 28821 23775 22146 False
[vector] 27751 23646 25592 False
[vector] 26021 26802 25288 False
[vector] 25612 24555 27362 False
[vector] 27795 25906 24326 False
[vector] 26358 24326 27188 False
[vector] 28715 24296 20659 False
[vector] 26822 25350 26084 False
[vector] 25987 27101 23802 False
[vector] 23916 27239 25167 False
[vector] 24374 25830 26801 False
[vector] 28589 24559 22241 False
[vector] 27836 25915 23818 False
[vector] 27053 25900 25298 False
[vector] 25897 26489 25707 False
[vector] 25386 26567 25800 False
[vector] 25488 24242 27781 False
[vector] 24365 25914 26842 False
[vector] 24604 25346 27231 False
[vector] 28004 24164 24851 False
[vector] 26387 27014 23250 False
[vector] 24393 23534 28179 False
[vector] 24346 26468 26218 False
[vector] 25073 23771 27910 False
[vector] 27875 23959 25173 False
[vector] 28247 24301 24259 False
[vector] 26473 27092 22278 False
[vector] 25877 25055 26892 False
[vector] 27975 25468 23956 False
[vector] 27916 26067 22765 False
[vector] 24894 25339 27173 False
[vector] 25582 25837 26723 False
[vector] 25405 26333 26415 False
[vector] 27746 24414 25305 False
[vector] 25716 25547 26560 False
[vector] 24504 25866 26744 False
[vector] 25993 27295 23261 False
[vector] 25104 24260 27819 False
[vector] 28170 23820 24639 False
[vector] 23714 25522 27141 False
[vector] 24132 22447 28253 False
[vector] 26271 24975 26835 False
[vector] 24135 25035 27575 False
[vector] 27857 24436 25302 False
[vector] 28025 23795 24907 False
[vector] 28618 22842 23663 False
[vector] 28258 25741 22013 False
[vector] 27917 26017 22928 False
[vector] 26531 23030 27110 False
[vector] 28272 25049 23101 False
[vector] 25760 26673 25492 False
[vector] 26430 27013 23323 False
[vector] 25330 26415 25985 False
[vector] 25491 23824 27745 False
[vector] 27906 25712 23935 False
[vector] 26095 23626 27547 False
[vector] 27963 23810 25086 False
[vector] 26015 27034 24452 False
[vector] 26872 26965 23673 False
[vector] 26031 24795 26962 False
[vector] 27752 24973 25278 False
[vector] 28486 25178 20008 False
[vector] 27715 25068 25054 False
[vector] 23299 25181 27388 False
[vector] 26084 27087 23713 False
[vector] 28143 25740 23458 False
[vector] 28696 24823 21714 False
[vector] 27846 26270 22648 False
[vector] 26983 25686 25699 False
[vector] 28412 25046 22936 False
[vector] 25781 27210 23633 False
[vector] 25997 25391 26751 False
[vector] 26680 24160 26915 False
[vector] 28085 24290 24721 False
[vector] 28180 25417 22838 False
[vector] 25159 26838 25680 False
[vector] 27930 23908 25073 False
[vector] 28536 23846 23763 False
[vector] 24147 27539 24236 False
[vector] 27996 22971 25175 False
[vector] 27331 26577 23480 False
[vector] 26364 27135 23021 False
[vector] 24141 24076 27981 False
[vector] 28667 23791 22985 False
[vector] 27533 24223 26164 False
[vector] 29097 21811 19672 False
[vector] 25762 26269 26155 False
[vector] 24644 25430 27088 False
[vector] 28744 24032 22354 False
[vector] 27743 25019 25184 False
[vector] 28117 25277 23757 False
[vector] 26362 24362 27054 False
[vector] 27284 23793 26508 False
[vector] 27997 22379 25141 False
[vector] 26261 23435 27308 False
[vector] 25812 25180 26873 False
[vector] 27214 23217 26555 False
[vector] 27676 25999 24379 False
[vector] 23347 27778 23361 False
[vector] 24369 25950 26708 False
[vector] 24117 26892 25713 False
[vector] 26717 25606 25995 False
[vector] 25858 24638 27298 False
[vector] 24561 25517 27020 False
[vector] 28675 22975 23152 False
[vector] 24435 24870 27515 False
[vector] 25035 24545 27618 False
[vector] 26054 25880 26370 False
[vector] 28161 25422 23081 False
[vector] 27019 26414 24671 False
[vector] 28359 23897 23940 False
[vector] 28844 23304 22290 False
[vector] 23762 26149 26543 False
[vector] 26548 26935 23911 False
[vector] 24439 27818 23329 False
[vector] 27545 26007 24380 False
[vector] 27828 22902 25429 False
[vector] 28515 23891 23578 False
[vector] 28661 23957 22865 False
[vector] 24748 27411 24455 False
[vector] 24091 23519 28222 False
[vector] 27345 26028 25073 False
[vector] 26039 27235 22833 False
[vector] 24292 26343 26488 False
[vector] 27684 25257 25373 False
[vector] 24763 27366 24759 False
[vector] 23766 27550 24237 False
[vector] 26054 27190 23137 False
