[nb-items] 70
[nb-objectives] 3
[nb-pareto] 1273
[nb-lorenz] 17
[runtime] 447.0091190338135
[format] f1 f2 f3 isLorenzND
[vector] 28178 24428 24890 True
[vector] 29995 24280 24482 True
[vector] 28945 24164 24999 True
[vector] 30080 24201 24606 True
[vector] 29232 24426 24529 True
[vector] 30728 24074 24210 True
[vector] 30518 24458 24053 True
[vector] 31662 23938 23532 True
[vector] 29647 24375 24392 True
[vector] 29263 24315 24778 True
[vector] 27633 25232 24129 True
[vector] 29036 24420 24618 True
[vector] 29451 24388 24421 True
[vector] 28697 24684 24593 True
[vector] 29678 24283 24581 True
[vector] 29566 24597 24358 True
[vector] 29692 23998 24902 True
[vector] 31488 24320 21387 False
[vector] 26061 20082 26704 False
[vector] 28956 24463 24410 False
[vector] 29318 25735 21963 False
[vector] 30565 24113 23995 False
[vector] 31418 24072 22939 False
[vector] 30691 24928 21505 False
[vector] 29313 25726 22090 False
[vector] 26399 20495 26539 False
[vector] 26025 20553 26526 False
[vector] 29185 25267 23547 False
[vector] 31193 23884 23584 False
[vector] 26000 20821 26514 False
[vector] 28816 25848 22403 False
[vector] 31013 21608 24758 False
[vector] 31210 23304 24298 False
[vector] 27491 25582 23421 False
[vector] 30063 25081 22944 False
[vector] 27768 21507 26162 False
[vector] 30275 24155 24160 False
[vector] 27200 21163 26397 False
[vector] 32415 22409 23062 False
[vector] 31121 21169 24753 False
[vector] 28109 23073 25776 False
[vector] 28789 25303 23396 False
[vector] 27279 23141 25597 False
[vector] 29809 25354 22917 False
[vector] 31903 22215 24056 False
[vector] 31541 23174 23758 False
[vector] 30866 24520 23036 False
[vector] 28658 26109 22216 False
[vector] 27070 21218 26343 False
[vector] 28341 23987 25172 False
[vector] 29468 23095 25187 False
[vector] 26763 26381 21711 False
[vector] 30010 22985 24932 False
[vector] 32145 23073 23218 False
[vector] 30458 22515 24877 False
[vector] 30351 23617 24705 False
[vector] 32739 21186 22477 False
[vector] 29458 22453 25465 False
[vector] 29931 21644 25385 False
[vector] 30981 23723 23869 False
[vector] 30266 25244 21513 False
[vector] 29780 23969 24699 False
[vector] 30084 25286 22714 False
[vector] 30229 21630 25211 False
[vector] 29914 24281 24226 False
[vector] 31593 24203 21482 False
[vector] 31355 24005 23526 False
[vector] 30044 21548 25276 False
[vector] 27839 20721 26301 False
[vector] 28219 19344 26175 False
[vector] 28719 25323 23538 False
[vector] 30106 22161 25213 False
[vector] 29460 23580 25159 False
[vector] 26615 26032 22917 False
[vector] 30864 24678 22924 False
[vector] 28999 24443 24398 False
[vector] 29210 23043 25355 False
[vector] 30948 23684 23905 False
[vector] 29646 23337 25034 False
[vector] 28492 25428 23378 False
[vector] 27142 21172 26340 False
[vector] 26599 26048 22745 False
[vector] 26363 25620 23497 False
[vector] 26730 25112 24186 False
[vector] 26904 26345 21849 False
[vector] 31101 22096 24589 False
[vector] 32464 21275 23410 False
[vector] 27397 25922 22987 False
[vector] 25027 18739 26874 False
[vector] 27606 20596 26379 False
[vector] 28661 24817 24220 False
[vector] 27145 22537 25887 False
[vector] 28534 22634 25747 False
[vector] 31286 23821 23652 False
[vector] 28928 22434 25856 False
[vector] 29821 23129 24981 False
[vector] 29478 25159 23387 False
[vector] 28431 25777 22709 False
[vector] 31556 22506 24063 False
[vector] 27783 22339 25984 False
[vector] 32639 22574 22227 False
[vector] 31745 22967 23688 False
[vector] 29747 21854 25333 False
[vector] 29160 23348 25252 False
[vector] 30512 24100 24087 False
[vector] 28847 25426 23352 False
[vector] 31621 22911 23807 False
[vector] 29025 23376 25210 False
[vector] 31399 23725 23543 False
[vector] 32466 22858 22187 False
[vector] 27579 24701 24565 False
[vector] 30465 24932 23201 False
[vector] 29529 24037 24687 False
[vector] 31387 24166 22772 False
[vector] 29826 21701 25477 False
[vector] 31085 24507 22246 False
[vector] 30235 25336 21324 False
[vector] 30796 23788 23979 False
[vector] 31665 23489 23535 False
[vector] 28837 24556 24463 False
[vector] 28289 24810 24413 False
[vector] 30853 20650 24887 False
[vector] 27772 21441 26172 False
[vector] 30590 22197 25029 False
[vector] 29351 24286 24575 False
[vector] 29224 24869 23861 False
[vector] 30486 23106 24750 False
[vector] 30878 24508 23237 False
[vector] 29701 22445 25326 False
[vector] 32483 21904 22570 False
[vector] 27990 25527 23644 False
[vector] 27524 21573 26146 False
[vector] 26518 20402 26486 False
[vector] 28450 25118 23957 False
[vector] 31958 23254 23052 False
[vector] 29779 22309 25332 False
[vector] 29673 25563 22633 False
[vector] 30813 23509 24512 False
[vector] 27600 24906 24335 False
[vector] 31383 23020 24338 False
[vector] 31691 23158 23595 False
[vector] 31302 23478 23931 False
[vector] 31641 24181 21457 False
[vector] 26617 25907 23129 False
[vector] 29344 25634 22279 False
[vector] 31391 21572 24411 False
[vector] 30513 23277 24605 False
[vector] 27373 25011 24175 False
[vector] 32434 22327 22339 False
[vector] 29730 24463 24308 False
[vector] 32047 22641 23621 False
[vector] 31226 24009 23503 False
[vector] 30434 23841 24629 False
[vector] 27305 26046 22671 False
[vector] 31726 22785 23754 False
[vector] 32296 22502 23115 False
[vector] 28212 23409 25425 False
[vector] 27931 25851 22812 False
[vector] 28747 25112 23716 False
[vector] 28909 23416 25240 False
[vector] 28062 24915 24253 False
[vector] 29927 23826 24744 False
[vector] 30818 23161 24619 False
[vector] 31127 22752 24387 False
[vector] 29505 25068 23444 False
[vector] 29228 25227 23218 False
[vector] 27354 22656 25860 False
[vector] 28944 22878 25476 False
[vector] 29414 25667 22264 False
[vector] 26705 26418 21125 False
[vector] 29114 25701 22397 False
[vector] 27956 21830 26118 False
[vector] 30259 23548 24720 False
[vector] 29958 25198 22849 False
[vector] 29246 20607 25860 False
[vector] 29022 24705 24297 False
[vector] 29476 24024 24779 False
[vector] 32430 21884 23364 False
[vector] 29005 24531 24369 False
[vector] 26606 18601 26669 False
[vector] 30434 25024 23012 False
[vector] 26590 26401 21848 False
[vector] 27830 25748 23201 False
[vector] 27269 25453 23665 False
[vector] 28600 25913 22446 False
[vector] 29587 24774 23857 False
[vector] 27843 25874 22693 False
[vector] 30904 23108 24424 False
[vector] 29193 22251 25566 False
[vector] 25676 26387 21985 False
[vector] 28844 24223 24825 False
[vector] 31350 21722 24409 False
[vector] 29058 24068 24890 False
[vector] 30763 22399 24891 False
[vector] 26054 26215 22227 False
[vector] 28847 25756 22592 False
[vector] 29661 21742 25762 False
[vector] 26792 26417 21601 False
[vector] 31464 21256 24365 False
[vector] 29147 24932 23880 False
[vector] 30891 24914 21608 False
[vector] 26876 19527 26572 False
[vector] 31274 21812 24629 False
[vector] 28150 25807 22699 False
[vector] 26975 19734 26548 False
[vector] 27232 22175 26065 False
[vector] 28617 24328 24665 False
[vector] 26860 23095 25620 False
[vector] 29893 22656 25158 False
[vector] 30364 24767 23329 False
[vector] 28788 22949 25594 False
[vector] 27796 21432 26169 False
[vector] 29013 24445 24380 False
[vector] 29152 25135 23578 False
[vector] 29742 23741 24870 False
[vector] 29862 24880 23769 False
[vector] 27756 24018 25008 False
[vector] 28711 25635 23068 False
[vector] 28736 24846 24193 False
[vector] 28138 23381 25426 False
[vector] 28684 25921 22011 False
[vector] 27997 26076 22281 False
[vector] 31015 24728 21534 False
[vector] 26872 20170 26637 False
[vector] 29842 23203 24949 False
[vector] 31326 24015 23407 False
[vector] 27962 24237 24914 False
[vector] 25439 26200 22342 False
[vector] 29653 21985 25437 False
[vector] 31624 24111 21671 False
[vector] 28677 20656 26054 False
[vector] 29595 22667 25393 False
[vector] 29915 25150 22977 False
[vector] 29401 23245 25183 False
[vector] 30344 21808 25112 False
[vector] 31196 23489 24125 False
[vector] 29888 25299 22743 False
[vector] 29979 25403 22619 False
[vector] 28696 24737 24311 False
[vector] 29836 24623 23925 False
[vector] 27799 25840 23012 False
[vector] 27925 23207 25538 False
[vector] 32401 22594 22889 False
[vector] 26440 18959 26656 False
[vector] 27662 24519 24596 False
[vector] 27056 26248 21824 False
[vector] 29537 23088 25226 False
[vector] 28966 23423 25212 False
[vector] 26910 24782 24425 False
[vector] 28789 25230 23582 False
[vector] 29752 25508 22459 False
[vector] 26522 26206 22285 False
[vector] 26145 19310 26863 False
[vector] 31123 24282 22941 False
[vector] 26935 26253 22038 False
[vector] 26659 20395 26495 False
[vector] 30980 23502 24247 False
[vector] 29760 21801 25384 False
[vector] 27529 21854 26134 False
[vector] 30727 24225 23758 False
[vector] 31816 22170 24160 False
[vector] 26513 21705 26174 False
[vector] 31528 23306 23867 False
[vector] 31622 22748 23950 False
[vector] 30460 24699 23630 False
[vector] 31236 23163 24293 False
[vector] 30895 20338 24799 False
[vector] 29329 22903 25401 False
[vector] 27881 24712 24535 False
[vector] 30419 21883 25089 False
[vector] 26744 26273 22010 False
[vector] 29104 25809 21472 False
[vector] 31009 23410 24348 False
[vector] 31752 23590 23162 False
[vector] 27353 26036 22548 False
[vector] 31502 22927 24285 False
[vector] 27405 21666 26199 False
[vector] 27811 23192 25555 False
[vector] 29046 23001 25426 False
[vector] 25931 26251 22254 False
[vector] 27359 25992 22703 False
[vector] 26238 19986 26698 False
[vector] 30129 25155 22814 False
[vector] 30373 25135 21615 False
[vector] 26373 20861 26450 False
[vector] 31608 23164 23597 False
[vector] 29814 23315 24948 False
[vector] 31520 24222 21829 False
[vector] 27611 22450 25853 False
[vector] 30394 23370 24658 False
[vector] 29957 21503 25380 False
[vector] 27746 20687 26338 False
[vector] 30096 23381 24893 False
[vector] 27038 20604 26427 False
[vector] 31049 23635 24088 False
[vector] 26616 25732 23227 False
[vector] 30609 23681 24441 False
[vector] 26328 26166 22487 False
[vector] 26965 20846 26472 False
[vector] 28158 25028 24002 False
[vector] 27939 25072 24115 False
[vector] 31795 22692 23802 False
[vector] 29846 24472 24036 False
[vector] 27602 25324 23940 False
[vector] 28511 21014 26041 False
[vector] 25914 20225 26659 False
[vector] 31881 23355 23075 False
[vector] 29194 22198 25848 False
[vector] 28768 25636 22905 False
[vector] 30759 23884 24001 False
[vector] 30480 22748 24784 False
[vector] 30483 25108 22082 False
[vector] 29349 20703 25770 False
[vector] 30425 23306 24808 False
[vector] 32587 22701 21418 False
[vector] 29310 24022 24795 False
[vector] 25853 20964 26469 False
[vector] 29426 23112 25244 False
[vector] 30590 22683 24851 False
[vector] 31063 23447 24253 False
[vector] 28541 25741 22745 False
[vector] 30561 25082 22120 False
[vector] 30616 22542 24846 False
[vector] 29864 22963 25150 False
[vector] 29882 21669 25339 False
[vector] 29729 23299 25058 False
[vector] 28328 25368 23839 False
[vector] 26701 19483 26655 False
[vector] 32174 22360 23685 False
[vector] 26237 26450 21792 False
[vector] 28786 21215 25995 False
[vector] 29269 24371 24438 False
[vector] 28566 23577 25286 False
[vector] 31848 23522 23463 False
[vector] 31230 22038 24571 False
[vector] 27887 24959 24156 False
[vector] 28233 23034 25641 False
[vector] 28678 25880 22197 False
[vector] 29424 24623 24322 False
[vector] 28736 25704 22730 False
[vector] 29476 22760 25446 False
[vector] 25900 26343 22065 False
[vector] 29989 23060 24994 False
[vector] 29044 24353 24569 False
[vector] 30393 20987 25311 False
[vector] 32282 22687 22942 False
[vector] 30161 25190 22475 False
[vector] 29544 25573 21730 False
[vector] 31882 23259 23135 False
[vector] 28613 25003 24055 False
[vector] 28809 24961 23946 False
[vector] 29153 25082 23860 False
[vector] 29492 24818 23885 False
[vector] 27632 25285 23847 False
[vector] 27908 25164 23926 False
[vector] 31697 22263 24213 False
[vector] 29244 24707 24059 False
[vector] 31491 21578 24315 False
[vector] 28757 24475 24470 False
[vector] 28130 25800 22858 False
[vector] 29418 24638 24120 False
[vector] 29211 24822 23916 False
[vector] 29088 23821 25075 False
[vector] 32446 21920 22766 False
[vector] 25841 20317 26568 False
[vector] 27598 26025 22616 False
[vector] 29011 25802 21957 False
[vector] 26336 18903 26667 False
[vector] 30585 25074 21622 False
[vector] 29210 22642 25468 False
[vector] 30435 24995 22800 False
[vector] 31477 24235 22209 False
[vector] 29792 24414 24154 False
[vector] 28022 22333 25896 False
[vector] 26951 21311 26396 False
[vector] 31714 22890 23798 False
[vector] 30960 23649 23901 False
[vector] 31149 24110 23526 False
[vector] 28742 25543 23257 False
[vector] 30882 23881 23903 False
[vector] 25291 26478 21797 False
[vector] 31536 20923 24426 False
[vector] 30802 23742 24043 False
[vector] 32378 22110 23393 False
[vector] 32627 21837 22660 False
[vector] 28028 25984 22470 False
[vector] 27195 26210 21840 False
[vector] 30194 21962 25263 False
[vector] 30215 23774 24662 False
[vector] 28643 22034 25929 False
[vector] 29202 25337 23333 False
[vector] 31356 21631 24440 False
[vector] 29157 24361 24535 False
[vector] 29627 24019 24696 False
[vector] 28455 25127 23830 False
[vector] 32380 23119 22539 False
[vector] 30130 25282 22286 False
[vector] 30443 22340 24984 False
[vector] 30280 25187 20812 False
[vector] 31009 22792 24722 False
[vector] 28111 25969 22525 False
[vector] 30162 22952 24915 False
[vector] 29429 24856 23893 False
[vector] 30182 25214 22169 False
[vector] 28137 25681 23207 False
[vector] 28590 22021 26021 False
[vector] 28959 25920 21022 False
[vector] 27258 21809 26154 False
[vector] 28238 24465 24628 False
[vector] 30595 21606 25084 False
[vector] 30895 24414 23213 False
[vector] 28229 25727 22798 False
[vector] 31854 22559 23788 False
[vector] 30349 21213 25253 False
[vector] 28252 23663 25285 False
[vector] 29261 23713 24996 False
[vector] 29047 24341 24655 False
[vector] 29115 24801 23932 False
[vector] 27691 25877 22743 False
[vector] 29009 25818 22302 False
[vector] 26049 20524 26541 False
[vector] 31546 23582 23588 False
[vector] 28505 20749 26078 False
[vector] 28882 23037 25421 False
[vector] 27235 20544 26474 False
[vector] 30329 25141 22917 False
[vector] 28856 23403 25332 False
[vector] 28771 20160 26032 False
[vector] 31099 24290 23439 False
[vector] 29098 23058 25369 False
[vector] 28873 23510 25292 False
[vector] 26954 25573 23422 False
[vector] 25395 21012 26449 False
[vector] 30908 20742 24762 False
[vector] 29670 24661 24083 False
[vector] 27761 25910 22728 False
[vector] 30597 24403 23879 False
[vector] 26977 20741 26428 False
[vector] 30102 25246 22757 False
[vector] 30726 24879 22633 False
[vector] 28214 25725 23006 False
[vector] 30763 21913 25069 False
[vector] 30323 21579 25164 False
[vector] 29166 25586 22701 False
[vector] 31242 24623 21694 False
[vector] 28572 25649 22934 False
[vector] 26612 20764 26474 False
[vector] 30439 24664 23692 False
[vector] 31756 22358 24011 False
[vector] 30746 22867 24686 False
[vector] 30306 21979 25198 False
[vector] 27279 24983 24247 False
[vector] 32105 23111 23097 False
[vector] 28053 21907 26089 False
[vector] 28820 24446 24495 False
[vector] 27795 21618 26126 False
[vector] 29900 21809 25308 False
[vector] 30795 23998 23961 False
[vector] 30021 24917 23261 False
[vector] 29398 25695 22065 False
[vector] 29778 25446 22728 False
[vector] 31864 22874 23635 False
[vector] 32030 23183 23009 False
[vector] 30670 24607 23315 False
[vector] 30785 24733 23098 False
[vector] 28907 22809 25640 False
[vector] 32117 23628 21608 False
[vector] 29894 22762 25120 False
[vector] 31086 23993 23623 False
[vector] 29171 25800 21905 False
[vector] 31322 21442 24578 False
[vector] 26860 26188 22226 False
[vector] 28689 21138 26024 False
[vector] 30148 24396 24169 False
[vector] 26758 26372 21838 False
[vector] 30284 22487 24977 False
[vector] 24918 26278 22296 False
[vector] 27691 24972 24185 False
[vector] 30324 22433 25037 False
[vector] 30965 23018 24664 False
[vector] 24236 18030 26896 False
[vector] 28491 25354 23596 False
[vector] 27501 22513 25905 False
[vector] 29443 24766 23923 False
[vector] 28191 25484 23535 False
[vector] 28978 25910 22113 False
[vector] 27652 25143 24056 False
[vector] 30694 23602 24565 False
[vector] 29810 25267 22882 False
[vector] 28600 22876 25634 False
[vector] 29750 21806 25406 False
[vector] 25426 26569 21771 False
[vector] 29695 23408 25001 False
[vector] 28590 24417 24828 False
[vector] 29039 22584 25478 False
[vector] 28201 25014 24117 False
[vector] 27964 25589 23375 False
[vector] 26926 25099 24157 False
[vector] 32106 23543 22430 False
[vector] 28033 25993 22343 False
[vector] 27174 21529 26308 False
[vector] 26923 25665 23233 False
[vector] 31668 22973 23738 False
[vector] 26765 25538 23522 False
[vector] 29852 25382 22681 False
[vector] 29521 22257 25500 False
[vector] 31359 23170 24130 False
[vector] 30291 24563 23893 False
[vector] 28487 25419 23505 False
[vector] 29561 22776 25336 False
[vector] 26164 20178 26614 False
[vector] 27712 25177 23955 False
[vector] 27675 21364 26201 False
[vector] 31755 23018 23634 False
[vector] 24687 26636 20873 False
[vector] 30478 24798 23070 False
[vector] 26393 26381 22007 False
[vector] 25870 26493 20745 False
[vector] 29232 23690 25034 False
[vector] 28148 19862 26181 False
[vector] 28489 25973 22479 False
[vector] 32566 20959 22780 False
[vector] 29259 25572 22693 False
[vector] 30010 24981 23568 False
[vector] 29830 23664 24802 False
[vector] 30130 24255 24349 False
[vector] 26551 20985 26433 False
[vector] 29039 24775 24083 False
[vector] 32089 21799 23987 False
[vector] 30389 22789 24901 False
[vector] 30576 22868 24678 False
[vector] 28039 21857 26102 False
[vector] 32440 21639 22819 False
[vector] 28742 25370 23420 False
[vector] 30245 24194 24253 False
[vector] 29903 24360 24189 False
[vector] 32029 23759 22691 False
[vector] 30408 25086 22743 False
[vector] 31879 23309 23226 False
[vector] 30074 22981 25118 False
[vector] 28454 23485 25307 False
[vector] 30446 23144 24629 False
[vector] 26511 25849 23132 False
[vector] 27974 25119 23957 False
[vector] 25089 26462 22044 False
[vector] 30800 21501 24855 False
[vector] 30260 22738 24993 False
[vector] 29020 23367 25337 False
[vector] 27044 21584 26254 False
[vector] 32461 21370 22679 False
[vector] 28258 24902 24224 False
[vector] 30462 23824 24396 False
[vector] 30752 24014 23921 False
[vector] 25542 20869 26494 False
[vector] 26728 20889 26427 False
[vector] 30553 22783 24734 False
[vector] 24575 26626 20970 False
[vector] 30766 24539 23616 False
[vector] 27948 25763 22914 False
[vector] 31918 23178 23058 False
[vector] 27502 21743 26170 False
[vector] 28574 23575 25289 False
[vector] 30622 24120 23967 False
[vector] 28436 25858 22650 False
[vector] 30303 24873 23408 False
[vector] 27968 26051 22433 False
[vector] 26841 26357 21893 False
[vector] 32780 21253 22292 False
[vector] 27089 25664 23396 False
[vector] 30868 23819 23978 False
[vector] 27427 21572 26267 False
[vector] 31871 23931 21915 False
[vector] 29250 23562 25191 False
[vector] 29445 25575 22453 False
[vector] 31970 22508 23644 False
[vector] 31233 24255 23408 False
[vector] 27745 24921 24251 False
[vector] 29814 22819 25295 False
[vector] 30367 21353 25222 False
[vector] 25052 19613 26769 False
[vector] 27043 26373 21646 False
[vector] 29559 23565 24958 False
[vector] 27941 26222 21423 False
[vector] 29471 25513 22722 False
[vector] 27695 26152 22148 False
[vector] 26361 20519 26509 False
[vector] 27638 25532 23468 False
[vector] 30936 23728 24189 False
[vector] 29979 25073 23379 False
[vector] 30714 24359 23889 False
[vector] 32060 22509 23512 False
[vector] 27262 25065 24140 False
[vector] 29281 22127 25597 False
[vector] 29167 24744 24059 False
[vector] 30487 24464 23729 False
[vector] 30912 24791 22206 False
[vector] 28328 24792 24346 False
[vector] 27829 26105 22291 False
[vector] 28814 22583 25683 False
[vector] 30104 21360 25425 False
[vector] 31587 24208 22676 False
[vector] 30658 23085 24658 False
[vector] 30387 22475 24926 False
[vector] 29279 21837 25609 False
[vector] 31287 23603 23719 False
[vector] 31328 23264 23963 False
[vector] 29058 23662 25134 False
[vector] 31362 24020 23321 False
[vector] 25795 20318 26712 False
[vector] 31942 22549 23847 False
[vector] 30757 24787 22822 False
[vector] 28757 25051 23963 False
[vector] 31360 24313 22516 False
[vector] 32414 22462 22780 False
[vector] 27929 25196 23911 False
[vector] 27832 24813 24295 False
[vector] 28412 25390 23532 False
[vector] 27191 21441 26299 False
[vector] 31329 23211 24245 False
[vector] 29582 24765 23984 False
[vector] 30936 24783 21708 False
[vector] 31037 24394 22964 False
[vector] 28576 22617 25690 False
[vector] 27319 21070 26344 False
[vector] 31006 24360 23248 False
[vector] 31510 21289 24337 False
[vector] 29504 25427 22896 False
[vector] 26605 26305 22086 False
[vector] 28303 22632 25813 False
[vector] 28185 25495 23372 False
[vector] 30209 24200 24175 False
[vector] 31828 22700 23793 False
[vector] 27860 26013 22480 False
[vector] 31781 22880 23637 False
[vector] 30299 24391 24086 False
[vector] 30359 24758 23456 False
[vector] 30361 22841 24837 False
[vector] 27610 25922 22719 False
[vector] 31250 24304 22759 False
[vector] 28415 23625 25296 False
[vector] 26729 26347 21990 False
[vector] 30043 22099 25235 False
[vector] 28133 25867 22565 False
[vector] 29197 25494 22890 False
[vector] 29502 24679 24051 False
[vector] 32480 21980 22615 False
[vector] 32468 22794 21471 False
[vector] 26750 26194 22465 False
[vector] 29102 24859 23887 False
[vector] 30217 21264 25316 False
[vector] 32202 23475 22731 False
[vector] 31634 23178 23572 False
[vector] 31143 23682 23829 False
[vector] 31533 22961 23953 False
[vector] 27062 26321 21324 False
[vector] 28024 26214 21765 False
[vector] 32264 22259 23220 False
[vector] 28465 23452 25384 False
[vector] 25764 26410 21966 False
[vector] 28955 25660 22617 False
[vector] 26876 21408 26348 False
[vector] 30709 22590 24798 False
[vector] 26023 19498 26744 False
[vector] 29527 23430 25087 False
[vector] 25707 19651 26750 False
[vector] 30406 20855 25202 False
[vector] 30790 24531 23118 False
[vector] 28381 25482 23343 False
[vector] 27133 23649 25317 False
[vector] 31312 24200 23234 False
[vector] 28360 24195 24835 False
[vector] 26227 25829 23213 False
[vector] 30058 22119 25220 False
[vector] 28099 25892 22669 False
[vector] 29290 25480 22882 False
[vector] 26320 19354 26780 False
[vector] 29586 24044 24659 False
[vector] 28343 22971 25589 False
[vector] 30665 24598 23442 False
[vector] 31904 23217 23147 False
[vector] 29375 23659 25035 False
[vector] 27913 26113 21856 False
[vector] 29526 25636 21885 False
[vector] 30276 24102 24442 False
[vector] 28315 21820 26067 False
[vector] 26665 26273 22214 False
[vector] 31728 22708 23758 False
[vector] 31157 23879 23670 False
[vector] 31172 23972 23598 False
[vector] 31554 23124 23684 False
[vector] 29846 22656 25169 False
[vector] 30873 23044 24445 False
[vector] 28682 25022 23990 False
[vector] 28125 25689 23192 False
[vector] 29359 22157 25563 False
[vector] 26225 26399 21975 False
[vector] 30022 25426 21529 False
[vector] 30475 23535 24598 False
[vector] 28153 25019 24129 False
[vector] 26123 25646 23428 False
[vector] 32581 22184 22384 False
[vector] 26622 20308 26570 False
[vector] 31034 24160 23786 False
[vector] 24701 26259 22340 False
[vector] 27778 21706 26135 False
[vector] 29816 24511 24129 False
[vector] 27480 21585 26175 False
[vector] 29141 23834 24983 False
[vector] 32203 22742 23116 False
[vector] 29814 23220 25182 False
[vector] 30168 24720 23755 False
[vector] 27847 20682 26247 False
[vector] 31498 21388 24358 False
[vector] 27586 23074 25603 False
[vector] 28294 24819 24286 False
[vector] 30438 24703 23282 False
[vector] 32001 22416 23833 False
[vector] 29014 25083 23799 False
[vector] 28617 25819 22422 False
[vector] 24869 26241 22372 False
[vector] 32388 22676 22748 False
[vector] 29656 23481 24995 False
[vector] 29941 24825 23595 False
[vector] 27669 25440 23657 False
[vector] 29921 24501 24009 False
[vector] 31077 24588 22719 False
[vector] 27013 20189 26521 False
[vector] 30046 23733 24691 False
[vector] 27147 19877 26512 False
[vector] 30616 22056 25024 False
[vector] 27543 21389 26210 False
[vector] 31545 22754 24061 False
[vector] 27293 24973 24329 False
[vector] 32450 21460 23237 False
[vector] 29783 25086 23408 False
[vector] 29598 24992 23630 False
[vector] 27396 25975 22705 False
[vector] 29701 20143 25522 False
[vector] 28936 23181 25339 False
[vector] 27446 26166 21885 False
[vector] 30547 23745 24520 False
[vector] 28327 25421 23557 False
[vector] 27066 25078 24169 False
[vector] 27298 19445 26458 False
[vector] 28742 26117 21781 False
[vector] 27926 25124 23969 False
[vector] 29342 24260 24604 False
[vector] 30040 22513 25203 False
[vector] 30728 23588 24388 False
[vector] 30953 24214 23677 False
[vector] 30734 24130 23870 False
[vector] 26818 25782 23138 False
[vector] 32500 21155 22799 False
[vector] 30046 23638 24925 False
[vector] 28435 25437 23414 False
[vector] 30882 22306 24838 False
[vector] 31550 22406 24168 False
[vector] 27520 24213 24934 False
[vector] 28099 20113 26316 False
[vector] 29079 25118 23595 False
[vector] 26092 25738 23239 False
[vector] 25149 19473 26779 False
[vector] 29327 25709 21161 False
[vector] 32767 21385 22401 False
[vector] 30159 23542 24816 False
[vector] 31900 22787 23584 False
[vector] 31381 21795 24386 False
[vector] 25977 20576 26534 False
[vector] 27939 25218 23853 False
[vector] 30586 25045 21410 False
[vector] 26482 20217 26611 False
[vector] 29085 23833 24989 False
[vector] 29154 25689 22598 False
[vector] 32233 22708 22544 False
[vector] 27442 25545 23497 False
[vector] 28350 24440 24618 False
[vector] 32520 22667 22280 False
[vector] 29119 24382 24542 False
[vector] 30603 23977 24366 False
[vector] 32113 23090 23486 False
[vector] 31831 23535 22988 False
[vector] 28637 25487 23325 False
[vector] 32553 21985 22460 False
[vector] 28104 25842 22717 False
[vector] 27988 25109 24039 False
[vector] 29166 24713 24068 False
[vector] 29554 23556 25085 False
[vector] 27647 25786 23063 False
[vector] 31441 21835 24347 False
[vector] 31081 24326 22786 False
[vector] 28795 25643 22633 False
[vector] 29057 21565 25935 False
[vector] 29927 23124 25073 False
[vector] 31325 24068 23125 False
[vector] 29855 22428 25329 False
[vector] 27761 25214 23879 False
[vector] 32459 21447 22675 False
[vector] 29567 25084 23441 False
[vector] 31710 24051 22814 False
[vector] 31315 23396 24072 False
[vector] 31554 21739 24238 False
[vector] 25134 26226 22300 False
[vector] 31038 21224 24747 False
[vector] 30004 22632 25140 False
[vector] 29474 24677 24065 False
[vector] 31149 23638 23984 False
[vector] 31600 24076 22567 False
[vector] 31113 24105 23612 False
[vector] 31240 23263 24183 False
[vector] 27996 22699 25807 False
[vector] 27519 21655 26161 False
[vector] 27498 24565 24662 False
[vector] 32224 23018 23044 False
[vector] 28634 25208 23825 False
[vector] 31572 23251 23648 False
[vector] 32076 21931 24096 False
[vector] 27724 25074 24058 False
[vector] 29333 22184 25540 False
[vector] 30102 24916 23517 False
[vector] 31262 23542 23875 False
[vector] 31741 22655 23897 False
[vector] 28462 25437 23367 False
[vector] 31629 22639 23947 False
[vector] 29026 22716 25587 False
[vector] 31590 23356 23646 False
[vector] 28407 25313 23665 False
[vector] 28773 25477 22935 False
[vector] 31632 24059 22164 False
[vector] 31928 22734 23674 False
[vector] 26374 26441 20760 False
[vector] 30743 23646 24356 False
[vector] 29237 24435 24402 False
[vector] 26258 25737 23402 False
[vector] 29810 24937 23642 False
[vector] 28793 25765 22454 False
[vector] 29547 21891 25589 False
[vector] 28276 25599 23248 False
[vector] 31874 22925 23581 False
[vector] 28782 21364 25981 False
[vector] 27411 25637 23308 False
[vector] 29874 25190 23284 False
[vector] 32219 20989 23776 False
[vector] 29493 24134 24747 False
[vector] 28492 25282 23640 False
[vector] 29895 22061 25319 False
[vector] 28952 25639 22687 False
[vector] 25564 26377 22082 False
[vector] 28364 25576 23367 False
[vector] 28844 23052 25506 False
[vector] 30626 23862 24224 False
[vector] 28536 25660 22804 False
[vector] 30994 23540 24205 False
[vector] 31952 23351 22864 False
[vector] 28049 25704 23088 False
[vector] 29660 21795 25480 False
[vector] 31815 22223 23878 False
[vector] 31027 24705 21892 False
[vector] 27512 22385 25892 False
[vector] 29926 21443 25397 False
[vector] 30072 24496 23926 False
[vector] 29062 25918 21678 False
[vector] 31151 21128 24638 False
[vector] 26525 25564 23453 False
[vector] 29800 24555 24037 False
[vector] 28222 25782 22746 False
[vector] 30422 21767 25118 False
[vector] 30620 22642 24736 False
[vector] 30833 23648 24210 False
[vector] 32321 22217 23730 False
[vector] 29255 22493 25508 False
[vector] 28299 25646 23130 False
[vector] 32457 21726 22684 False
[vector] 25014 19382 26805 False
[vector] 27314 21152 26359 False
[vector] 28907 22856 25541 False
[vector] 29822 25222 22808 False
[vector] 32322 22649 23063 False
[vector] 28901 25580 22749 False
[vector] 28713 23434 25331 False
[vector] 28121 24514 24605 False
[vector] 31852 23382 23268 False
[vector] 30058 24781 23605 False
[vector] 29737 20853 25519 False
[vector] 30330 24782 23465 False
[vector] 27309 25945 22868 False
[vector] 29195 24746 24045 False
[vector] 28380 22891 25686 False
[vector] 27253 21891 26169 False
[vector] 31553 23069 23714 False
[vector] 30408 24756 23503 False
[vector] 30123 23025 24909 False
[vector] 27469 23615 25300 False
[vector] 27393 20327 26444 False
[vector] 28899 23147 25389 False
[vector] 29113 24782 24080 False
[vector] 29634 22161 25391 False
[vector] 27661 26118 22427 False
[vector] 27616 25878 22874 False
[vector] 27745 26126 21992 False
[vector] 29167 22617 25477 False
[vector] 28648 25727 22611 False
[vector] 27564 21014 26426 False
[vector] 32016 23891 22800 False
[vector] 28441 25272 23730 False
[vector] 29780 24517 24051 False
[vector] 28996 24539 24404 False
[vector] 28926 25187 23700 False
[vector] 28764 25549 22963 False
[vector] 30908 24452 22982 False
[vector] 29535 25005 23845 False
[vector] 31519 22098 24263 False
[vector] 30030 22605 25163 False
[vector] 27826 25968 22717 False
[vector] 30683 24451 23700 False
[vector] 26837 20154 26652 False
[vector] 29432 22819 25376 False
[vector] 29445 25245 23213 False
[vector] 31460 23319 23759 False
[vector] 30364 22625 24955 False
[vector] 28342 23157 25546 False
[vector] 28324 22257 26029 False
[vector] 31501 22980 24003 False
[vector] 28111 22553 25846 False
[vector] 25593 26410 22059 False
[vector] 30100 24498 23912 False
[vector] 32528 21354 22723 False
[vector] 32128 22495 23376 False
[vector] 31409 23399 23920 False
[vector] 28846 25101 23767 False
[vector] 31228 24467 22386 False
[vector] 28773 25278 23609 False
[vector] 28546 25231 23706 False
[vector] 29339 24702 24198 False
[vector] 29165 22908 25373 False
[vector] 28184 23488 25405 False
[vector] 28362 23612 25388 False
[vector] 28546 22529 25703 False
[vector] 30769 23619 24379 False
[vector] 31084 22925 24611 False
[vector] 30281 22363 25209 False
[vector] 31417 23640 23606 False
[vector] 27563 26225 21756 False
[vector] 27663 23465 25456 False
[vector] 31857 23467 22969 False
[vector] 28093 24507 24766 False
[vector] 25795 26426 21812 False
[vector] 29107 23645 25121 False
[vector] 28438 21531 26127 False
[vector] 29855 21508 25424 False
[vector] 26939 24724 24447 False
[vector] 29254 25563 22820 False
[vector] 32228 22878 22849 False
[vector] 31324 24097 23337 False
[vector] 25829 26362 22010 False
[vector] 28826 25551 22822 False
[vector] 27428 20343 26429 False
[vector] 28858 25707 22364 False
[vector] 32532 20770 22918 False
[vector] 29942 24772 23877 False
[vector] 29302 25377 22985 False
[vector] 25650 19587 26775 False
[vector] 27999 25959 22622 False
[vector] 28370 25633 23181 False
[vector] 32061 22456 23794 False
[vector] 31643 22454 24120 False
[vector] 27747 25660 23285 False
[vector] 26249 20673 26515 False
[vector] 30515 23168 24588 False
[vector] 32395 22600 22453 False
[vector] 27795 26060 22528 False
[vector] 30255 22729 25120 False
[vector] 30103 24887 23305 False
[vector] 26377 20447 26549 False
[vector] 30009 25020 23158 False
[vector] 28080 26061 22336 False
[vector] 28025 20305 26232 False
[vector] 30781 21190 25015 False
[vector] 28412 21897 26038 False
[vector] 27958 23840 25299 False
[vector] 27768 24888 24367 False
[vector] 27936 25860 22685 False
[vector] 31026 21476 24649 False
[vector] 28302 26003 22302 False
[vector] 29645 24542 24184 False
[vector] 27058 25756 23207 False
[vector] 31347 24506 21789 False
[vector] 31592 23001 23911 False
[vector] 24733 18916 26888 False
[vector] 31055 21269 24660 False
[vector] 28387 22516 25811 False
[vector] 30108 22967 24941 False
[vector] 29841 24845 23831 False
[vector] 30859 23595 24212 False
[vector] 31929 22074 24051 False
[vector] 26349 26460 21695 False
[vector] 27811 23448 25469 False
[vector] 27532 26317 21567 False
[vector] 29577 22360 25412 False
[vector] 27001 26239 22197 False
[vector] 28698 24579 24423 False
[vector] 29504 25097 23656 False
[vector] 28764 21057 26000 False
[vector] 29574 24607 24159 False
[vector] 25595 26285 22271 False
[vector] 27497 25441 23845 False
[vector] 29614 24950 23671 False
[vector] 25783 20760 26549 False
[vector] 29264 19884 25806 False
[vector] 29314 25687 22500 False
[vector] 28341 24990 24140 False
[vector] 30492 24764 23068 False
[vector] 27260 26184 22421 False
[vector] 30220 21271 25271 False
[vector] 31001 24351 23375 False
[vector] 28073 20479 26227 False
[vector] 29093 25826 21867 False
[vector] 26085 26299 22128 False
[vector] 29192 25775 21548 False
[vector] 31330 23595 23710 False
[vector] 28787 23844 25224 False
[vector] 31430 23520 23789 False
[vector] 29078 20300 25875 False
[vector] 29049 25476 23263 False
[vector] 27292 26039 22892 False
[vector] 30922 24822 21797 False
[vector] 28984 24946 24123 False
[vector] 31415 24339 21734 False
[vector] 29295 23012 25344 False
[vector] 30270 22396 25132 False
[vector] 31346 21162 24473 False
[vector] 30695 24927 21637 False
[vector] 26566 25995 22993 False
[vector] 26027 25654 23514 False
[vector] 26431 21735 26183 False
[vector] 30513 24969 22838 False
[vector] 30518 24056 24242 False
[vector] 31853 23329 23550 False
[vector] 27217 21075 26388 False
[vector] 25205 26207 22355 False
[vector] 31033 24213 23504 False
[vector] 31598 23110 23643 False
[vector] 26075 26054 22757 False
[vector] 27933 20471 26303 False
[vector] 26664 26132 22470 False
[vector] 28310 24211 24931 False
[vector] 30865 23918 23812 False
[vector] 31429 21107 24479 False
[vector] 26753 25698 23413 False
[vector] 28339 25725 22992 False
[vector] 28706 24426 24556 False
[vector] 30582 24088 24166 False
[vector] 30497 22149 25077 False
[vector] 28326 25646 23083 False
[vector] 28816 25306 23373 False
[vector] 28021 25435 23833 False
[vector] 29665 21880 25393 False
[vector] 28725 24579 24376 False
[vector] 28690 24699 24418 False
[vector] 28231 25051 23990 False
[vector] 30281 22859 24862 False
[vector] 28099 25751 22923 False
[vector] 28087 23411 25434 False
[vector] 31583 22414 24159 False
[vector] 32706 21656 22313 False
[vector] 31228 20985 24700 False
[vector] 29631 23317 25049 False
[vector] 29285 25471 23009 False
[vector] 27016 24840 24422 False
[vector] 30525 22198 24937 False
[vector] 27962 20278 26250 False
[vector] 27261 26131 22703 False
[vector] 27493 26136 22395 False
[vector] 29498 24143 24620 False
[vector] 31093 23406 24138 False
[vector] 29677 22186 25382 False
[vector] 27836 22352 25892 False
[vector] 28314 20226 26161 False
[vector] 26887 19067 26586 False
[vector] 31281 24368 22690 False
[vector] 27850 20261 26315 False
[vector] 32335 22517 22954 False
[vector] 29880 24447 24145 False
[vector] 26427 26415 21728 False
[vector] 30664 25019 21448 False
[vector] 31070 24165 23700 False
[vector] 29548 23055 25303 False
[vector] 27264 24940 24352 False
[vector] 30306 23399 24861 False
[vector] 32026 23166 23271 False
[vector] 27834 21354 26300 False
[vector] 29705 25054 23547 False
[vector] 31068 24458 22895 False
[vector] 29307 23205 25297 False
[vector] 27306 25754 23213 False
[vector] 31307 24191 23361 False
[vector] 28646 25105 23928 False
[vector] 27037 25045 24192 False
[vector] 27773 22093 26110 False
[vector] 29111 24705 24114 False
[vector] 30167 24220 24215 False
[vector] 31435 21346 24469 False
[vector] 27330 26301 21814 False
[vector] 28698 20548 26033 False
[vector] 26931 26363 21743 False
[vector] 28319 21671 26081 False
[vector] 28120 21187 26218 False
[vector] 30793 24304 23715 False
[vector] 28038 21205 26164 False
[vector] 28756 23936 25035 False
[vector] 29173 22573 25632 False
[vector] 31012 23775 23857 False
[vector] 31041 24666 21803 False
[vector] 29451 24764 24021 False
[vector] 31024 22197 24612 False
[vector] 28117 25899 22651 False
[vector] 30475 23049 24776 False
[vector] 29063 24891 23949 False
[vector] 27438 23638 25358 False
[vector] 30958 24449 23138 False
[vector] 32272 23131 22326 False
[vector] 28907 25536 22904 False
[vector] 29154 25359 23358 False
[vector] 28576 24848 24245 False
[vector] 31701 21596 24283 False
[vector] 29482 23980 24934 False
[vector] 28079 25175 23889 False
[vector] 27291 26092 22610 False
[vector] 28641 23092 25549 False
[vector] 26676 24581 24622 False
[vector] 30888 24670 22426 False
[vector] 31571 21872 24234 False
[vector] 27696 26099 22430 False
[vector] 26964 20194 26534 False
[vector] 30238 25037 23041 False
[vector] 29169 22827 25440 False
[vector] 26722 25790 23224 False
[vector] 29087 25792 22340 False
[vector] 28094 21553 26129 False
[vector] 28160 20880 26173 False
[vector] 28862 23359 25487 False
[vector] 27479 21093 26302 False
[vector] 30412 21298 25151 False
[vector] 31373 23866 23548 False
[vector] 26952 26210 22218 False
[vector] 31378 24414 21978 False
[vector] 29789 20810 25484 False
[vector] 31374 24298 22881 False
[vector] 25445 26156 22497 False
[vector] 31944 23912 21568 False
[vector] 30890 23503 24401 False
[vector] 32408 22468 22344 False
[vector] 27831 25977 22590 False
[vector] 29776 21440 25495 False
[vector] 31151 24519 21818 False
[vector] 30801 21368 24856 False
[vector] 28100 25380 23659 False
[vector] 29286 22477 25523 False
[vector] 28228 23117 25550 False
[vector] 27970 23398 25462 False
[vector] 28349 25697 22920 False
[vector] 28468 25768 22709 False
[vector] 31020 24345 23613 False
[vector] 30159 21452 25300 False
[vector] 29693 25345 23189 False
[vector] 30789 23874 24152 False
[vector] 31595 22983 23851 False
[vector] 30428 22716 24907 False
[vector] 29399 25214 23561 False
[vector] 28377 22270 25937 False
[vector] 30523 24672 23257 False
[vector] 30349 23920 24505 False
[vector] 31448 23940 22973 False
[vector] 31254 23078 24356 False
[vector] 31416 23059 23879 False
[vector] 26919 20697 26480 False
[vector] 28705 25796 22541 False
[vector] 30793 24450 23453 False
[vector] 30578 24568 23605 False
[vector] 30964 23071 24382 False
[vector] 29969 24691 23774 False
[vector] 25733 26502 21777 False
[vector] 29205 23925 24935 False
[vector] 25472 19334 26825 False
[vector] 31449 23032 23910 False
[vector] 31206 23929 23544 False
[vector] 27145 26190 22066 False
[vector] 31708 23639 23035 False
[vector] 28273 22430 25876 False
[vector] 28422 22539 25760 False
[vector] 30544 24877 23027 False
[vector] 27706 24034 25104 False
[vector] 31147 24403 22721 False
[vector] 30621 24996 22538 False
[vector] 26684 20380 26555 False
[vector] 25427 26303 22239 False
[vector] 30094 24989 23133 False
[vector] 28500 19810 26092 False
[vector] 30270 22882 24954 False
[vector] 29232 25027 23686 False
[vector] 24595 26305 22097 False
[vector] 32763 21845 21930 False
[vector] 30193 22888 25065 False
[vector] 28562 24017 25126 False
[vector] 29838 21596 25433 False
[vector] 29784 21787 25340 False
[vector] 28049 22056 26075 False
[vector] 32463 21328 23128 False
[vector] 31442 22199 24286 False
[vector] 29139 23274 25284 False
[vector] 30537 24633 23168 False
[vector] 27800 26069 22401 False
[vector] 29340 24442 24386 False
[vector] 31856 23568 22934 False
[vector] 26228 25529 23523 False
[vector] 26925 21677 26307 False
[vector] 25785 25805 23233 False
[vector] 30187 25223 22042 False
[vector] 26751 25823 23201 False
[vector] 31103 24406 22536 False
[vector] 28651 25114 23801 False
[vector] 32414 22985 21378 False
[vector] 26791 26135 22460 False
[vector] 29753 23798 24844 False
[vector] 30443 22826 24806 False
[vector] 30446 22322 24924 False
[vector] 30967 24615 22252 False
[vector] 26047 21792 26208 False
[vector] 28419 25210 23768 False
[vector] 30028 22320 25250 False
[vector] 30935 23781 23907 False
[vector] 28968 24750 24226 False
[vector] 28258 22410 25891 False
[vector] 30558 24838 22938 False
[vector] 31144 23629 24111 False
[vector] 26715 20342 26533 False
[vector] 30492 21563 25129 False
[vector] 27166 26246 22018 False
[vector] 27364 26175 21783 False
[vector] 26093 21033 26413 False
[vector] 27410 25929 22766 False
[vector] 31675 23806 23423 False
[vector] 27541 24993 24207 False
[vector] 26953 25873 23112 False
[vector] 30132 25399 21996 False
[vector] 30096 23962 24481 False
[vector] 26457 20539 26487 False
[vector] 27363 26181 21830 False
[vector] 31207 23876 23826 False
[vector] 28318 25789 22731 False
[vector] 30822 21578 24839 False
[vector] 27217 24715 24431 False
[vector] 30577 24621 23323 False
[vector] 30115 25194 22903 False
[vector] 29640 22117 25546 False
[vector] 30810 24313 23674 False
[vector] 27652 20005 26386 False
[vector] 32517 22093 22432 False
[vector] 29016 24749 24142 False
[vector] 30660 23134 24650 False
[vector] 29692 21908 25386 False
[vector] 29280 23361 25161 False
[vector] 27361 26209 22003 False
[vector] 28989 24955 23996 False
[vector] 31382 23073 24056 False
[vector] 31344 22686 24547 False
[vector] 28991 24797 24108 False
[vector] 29739 23705 24919 False
[vector] 25628 26391 22062 False
[vector] 27328 22420 25945 False
[vector] 32205 22394 23353 False
[vector] 26333 26310 22025 False
[vector] 30485 24703 23182 False
[vector] 31524 22547 24173 False
