[nb-items] 80
[nb-objectives] 3
[nb-pareto] 2918
[nb-lorenz] 55
[runtime] 1383.9211571216583
[format] f1 f2 f3 isLorenzND
[vector] 29122 28556 29908 True
[vector] 30209 27530 30509 True
[vector] 28835 28271 30907 True
[vector] 29556 27826 30917 True
[vector] 29132 28886 29265 True
[vector] 29579 28261 30172 True
[vector] 28752 28620 30169 True
[vector] 29769 27602 30949 True
[vector] 29602 27549 31203 True
[vector] 30304 27899 30013 True
[vector] 29552 27906 30797 True
[vector] 28596 28296 31047 True
[vector] 29437 28188 30543 True
[vector] 29354 28537 29805 True
[vector] 29001 28910 29138 True
[vector] 29382 28610 29383 True
[vector] 30396 27382 30594 True
[vector] 29487 27831 30949 True
[vector] 29588 28478 29446 True
[vector] 28758 28755 29834 True
[vector] 29611 27637 31054 True
[vector] 29119 28942 28975 True
[vector] 30285 27426 30538 True
[vector] 29694 28229 30173 True
[vector] 29788 28386 29587 True
[vector] 29813 27867 30547 True
[vector] 29258 28347 30192 True
[vector] 29703 28435 29510 True
[vector] 28805 28701 29976 True
[vector] 29496 27919 30800 True
[vector] 29089 28698 29604 True
[vector] 28748 28568 30487 True
[vector] 29930 27768 30582 True
[vector] 29909 28018 30186 True
[vector] 29400 28601 29436 True
[vector] 28714 28277 30893 True
[vector] 29861 28102 29971 True
[vector] 28896 28697 29803 True
[vector] 29753 27960 30430 True
[vector] 29531 28345 29957 True
[vector] 28953 28907 29320 True
[vector] 29809 27947 30427 True
[vector] 30052 27908 30053 True
[vector] 29379 28353 30031 True
[vector] 29847 28117 29844 True
[vector] 28980 28406 30374 True
[vector] 29510 28406 29795 True
[vector] 29005 28609 30117 True
[vector] 29652 27977 30556 True
[vector] 29147 28575 29803 True
[vector] 29494 28321 30032 True
[vector] 29253 28365 30165 True
[vector] 28807 28299 30744 True
[vector] 29268 28677 29549 True
[vector] 28950 29031 28957 True
[vector] 27578 29347 29573 False
[vector] 29690 28530 29194 False
[vector] 30910 27503 29489 False
[vector] 29721 27040 31159 False
[vector] 32488 25549 27889 False
[vector] 28836 28764 29531 False
[vector] 29355 28007 30660 False
[vector] 31158 27673 28328 False
[vector] 25045 30684 26969 False
[vector] 27478 29784 28149 False
[vector] 24431 30726 26504 False
[vector] 25893 30581 26399 False
[vector] 26586 27132 32330 False
[vector] 30022 28589 27938 False
[vector] 28640 29221 28479 False
[vector] 26968 27520 32133 False
[vector] 27863 29059 29931 False
[vector] 29070 29222 27866 False
[vector] 30809 24905 30805 False
[vector] 29761 28091 29993 False
[vector] 26539 29281 30264 False
[vector] 28129 29626 28329 False
[vector] 30265 27587 30092 False
[vector] 29479 29001 28221 False
[vector] 29561 28491 29427 False
[vector] 28961 28237 30576 False
[vector] 27941 25356 32229 False
[vector] 28003 29139 29618 False
[vector] 30348 28088 29212 False
[vector] 25630 30547 26812 False
[vector] 25734 25742 32962 False
[vector] 24979 30516 27863 False
[vector] 26979 29296 30245 False
[vector] 28320 28839 29986 False
[vector] 30497 27705 29635 False
[vector] 32871 25537 26310 False
[vector] 25053 30476 28019 False
[vector] 30375 27821 29754 False
[vector] 28941 27873 31056 False
[vector] 27001 30223 26464 False
[vector] 25839 29145 30765 False
[vector] 28334 29171 29280 False
[vector] 29222 28960 28591 False
[vector] 30769 27271 30108 False
[vector] 28788 29564 26286 False
[vector] 27004 28269 31600 False
[vector] 26498 29848 29049 False
[vector] 27625 29247 29666 False
[vector] 26622 29840 29037 False
[vector] 30511 27906 29002 False
[vector] 29176 29319 27076 False
[vector] 29058 29551 26292 False
[vector] 29818 28224 29482 False
[vector] 26693 30258 26893 False
[vector] 28865 28644 29824 False
[vector] 27144 28812 30833 False
[vector] 29248 27806 31062 False
[vector] 24480 30801 26357 False
[vector] 29688 28845 27855 False
[vector] 28784 27548 31345 False
[vector] 29363 28869 28593 False
[vector] 28405 26920 31936 False
[vector] 24463 30837 25608 False
[vector] 27763 29506 28978 False
[vector] 32129 25910 28729 False
[vector] 30077 28743 27936 False
[vector] 26616 28592 31295 False
[vector] 26203 30271 27825 False
[vector] 26571 25159 32684 False
[vector] 29122 28479 30003 False
[vector] 31621 27183 28089 False
[vector] 26538 29953 28673 False
[vector] 30660 28033 28521 False
[vector] 26544 29302 30249 False
[vector] 29279 29093 28080 False
[vector] 28104 26214 32183 False
[vector] 28602 28770 29965 False
[vector] 31760 27232 27932 False
[vector] 30020 27757 30291 False
[vector] 28895 25403 31818 False
[vector] 29287 27923 30808 False
[vector] 30263 28176 29109 False
[vector] 28009 28949 30112 False
[vector] 28491 29075 29481 False
[vector] 30007 27790 30196 False
[vector] 27954 28720 30511 False
[vector] 27373 27791 31808 False
[vector] 28946 28835 29345 False
[vector] 31531 26882 28988 False
[vector] 28799 28711 29721 False
[vector] 28238 28433 30869 False
[vector] 29946 27862 30101 False
[vector] 26455 30255 27553 False
[vector] 30324 28519 26944 False
[vector] 28320 29186 29153 False
[vector] 28189 27181 31833 False
[vector] 32365 25996 28004 False
[vector] 30322 28382 27966 False
[vector] 26033 30412 27119 False
[vector] 26800 29928 28599 False
[vector] 29653 28756 28196 False
[vector] 31173 27925 25875 False
[vector] 28289 29883 27000 False
[vector] 27823 28742 30991 False
[vector] 31102 27938 26967 False
[vector] 28151 29509 28564 False
[vector] 29254 28755 29156 False
[vector] 28687 27416 31463 False
[vector] 26538 29578 29791 False
[vector] 28536 27489 31582 False
[vector] 28651 29068 29099 False
[vector] 29412 26832 31464 False
[vector] 27016 27418 32052 False
[vector] 32758 25593 27183 False
[vector] 25686 30268 28185 False
[vector] 31290 26417 30060 False
[vector] 29557 28295 29815 False
[vector] 25903 30526 26333 False
[vector] 31930 27077 26680 False
[vector] 27008 26535 32445 False
[vector] 29066 28702 29385 False
[vector] 28908 27447 31316 False
[vector] 32022 26158 28999 False
[vector] 27447 27914 31669 False
[vector] 25058 29222 30815 False
[vector] 28921 29227 28107 False
[vector] 27711 27121 32154 False
[vector] 30379 28515 27455 False
[vector] 23577 30466 28408 False
[vector] 25552 30327 28233 False
[vector] 29998 26835 31046 False
[vector] 30419 27819 29652 False
[vector] 30387 28455 27752 False
[vector] 31316 26880 29761 False
[vector] 26780 30321 26440 False
[vector] 27454 30092 26622 False
[vector] 31946 27071 26421 False
[vector] 27807 27260 31860 False
[vector] 25749 30263 28284 False
[vector] 28459 29353 28581 False
[vector] 32869 25166 27073 False
[vector] 29247 28806 28904 False
[vector] 26174 30360 27411 False
[vector] 30493 28154 28454 False
[vector] 28029 28522 30846 False
[vector] 26365 27927 31819 False
[vector] 30822 27759 28832 False
[vector] 31679 27018 28601 False
[vector] 29602 28267 29698 False
[vector] 29997 28330 28893 False
[vector] 25824 30361 27611 False
[vector] 29065 25804 31788 False
[vector] 23444 22910 33230 False
[vector] 31548 27161 28463 False
[vector] 27964 29480 28722 False
[vector] 28336 28641 30484 False
[vector] 27849 29512 28721 False
[vector] 32419 25182 28515 False
[vector] 30360 28468 27733 False
[vector] 30108 25655 31231 False
[vector] 25734 26945 32603 False
[vector] 28515 29590 27320 False
[vector] 32334 25779 28218 False
[vector] 26496 28240 31712 False
[vector] 29953 27350 30783 False
[vector] 29988 28612 28131 False
[vector] 27545 26070 32386 False
[vector] 28280 26115 32069 False
[vector] 24344 30810 26526 False
[vector] 30185 25286 31173 False
[vector] 29271 28654 29327 False
[vector] 23298 22941 33224 False
[vector] 28636 28933 29418 False
[vector] 26233 30396 27253 False
[vector] 29659 27682 30692 False
[vector] 29244 28277 30314 False
[vector] 30146 27377 30695 False
[vector] 28015 26754 32088 False
[vector] 28104 29530 28529 False
[vector] 27941 28711 30586 False
[vector] 28936 28141 30776 False
[vector] 30487 28008 28800 False
[vector] 32105 26754 28189 False
[vector] 29188 27463 31230 False
[vector] 29697 28445 29255 False
[vector] 30456 28535 26874 False
[vector] 26423 30391 26557 False
[vector] 29976 28362 29062 False
[vector] 28671 26928 31748 False
[vector] 26008 30221 28139 False
[vector] 26770 25275 32589 False
[vector] 23480 30217 29024 False
[vector] 29832 28977 26885 False
[vector] 28414 27008 31787 False
[vector] 28735 26363 31791 False
[vector] 28858 27603 31309 False
[vector] 32535 26593 27139 False
[vector] 29092 28199 30532 False
[vector] 29868 27678 30684 False
[vector] 26706 30194 27655 False
[vector] 31793 27244 26439 False
[vector] 29723 29015 27133 False
[vector] 28642 29347 28029 False
[vector] 29319 26491 31470 False
[vector] 30370 27074 30704 False
[vector] 26568 29937 28777 False
[vector] 24201 30620 27629 False
[vector] 26389 25668 32655 False
[vector] 28556 28822 29820 False
[vector] 27838 28548 30892 False
[vector] 32336 25101 28573 False
[vector] 28588 27831 31412 False
[vector] 28045 29009 30060 False
[vector] 29844 28503 28911 False
[vector] 28103 29658 27992 False
[vector] 30718 26742 30434 False
[vector] 28815 28796 29484 False
[vector] 32124 26032 28622 False
[vector] 27261 29418 29591 False
[vector] 28751 24711 31880 False
[vector] 28630 29418 27698 False
[vector] 25167 30551 27467 False
[vector] 29148 28126 30675 False
[vector] 30480 28067 28525 False
[vector] 27600 29651 28647 False
[vector] 29894 26812 31263 False
[vector] 29844 28881 27550 False
[vector] 26358 29936 29003 False
[vector] 26221 29999 28816 False
[vector] 26343 25841 32651 False
[vector] 32978 25185 26603 False
[vector] 28627 28866 29765 False
[vector] 28883 28727 29535 False
[vector] 32740 25743 26886 False
[vector] 28918 28864 29397 False
[vector] 31723 27261 27795 False
[vector] 30623 26713 30539 False
[vector] 32371 25827 28133 False
[vector] 24333 30744 26701 False
[vector] 31068 27581 28647 False
[vector] 30611 28258 27497 False
[vector] 29726 28122 29827 False
[vector] 28174 29623 27909 False
[vector] 27826 29611 28640 False
[vector] 30378 27894 29363 False
[vector] 28996 28048 30893 False
[vector] 24931 30609 27521 False
[vector] 29012 29021 28811 False
[vector] 31135 25917 30176 False
[vector] 27605 28468 31069 False
[vector] 29169 29107 28106 False
[vector] 26870 29861 28694 False
[vector] 32477 25351 28085 False
[vector] 28429 26586 31823 False
[vector] 28090 29370 28820 False
[vector] 28770 28909 29331 False
[vector] 28290 29745 26838 False
[vector] 29193 28585 29592 False
[vector] 27621 29022 30320 False
[vector] 30453 26341 30772 False
[vector] 29518 28401 29667 False
[vector] 27787 27681 31717 False
[vector] 27056 29522 29461 False
[vector] 24509 30626 27049 False
[vector] 26974 29872 28673 False
[vector] 29138 28753 29318 False
[vector] 23823 30668 27639 False
[vector] 28315 25062 32136 False
[vector] 29701 28852 27709 False
[vector] 27818 29114 29900 False
[vector] 30451 28106 28828 False
[vector] 26575 24603 32722 False
[vector] 28673 28876 29554 False
[vector] 24155 30378 28508 False
[vector] 30754 27746 29265 False
[vector] 32907 25190 27035 False
[vector] 27070 30218 26290 False
[vector] 29938 27522 30707 False
[vector] 26620 30061 28177 False
[vector] 26544 26491 32492 False
[vector] 26355 30263 27751 False
[vector] 32789 25595 26729 False
[vector] 29922 27886 30077 False
[vector] 30104 27991 29872 False
[vector] 31507 26423 29527 False
[vector] 28230 28996 29670 False
[vector] 28517 29064 29313 False
[vector] 30433 26373 30737 False
[vector] 25681 30677 25965 False
[vector] 29011 28957 28894 False
[vector] 29778 25938 31391 False
[vector] 29886 27543 30757 False
[vector] 31112 27751 28338 False
[vector] 28462 25884 32038 False
[vector] 29690 28895 27399 False
[vector] 26964 24922 32596 False
[vector] 28747 26654 31781 False
[vector] 25766 25693 32783 False
[vector] 28749 28307 30646 False
[vector] 30515 27605 29981 False
[vector] 30586 27660 29820 False
[vector] 26229 29363 30276 False
[vector] 27340 28902 30790 False
[vector] 28237 28533 30605 False
[vector] 27193 28982 30524 False
[vector] 32569 26185 27326 False
[vector] 30564 26721 30711 False
[vector] 30417 28149 28826 False
[vector] 29701 27626 30763 False
[vector] 29140 28768 29165 False
[vector] 30298 28600 26657 False
[vector] 27792 29298 29443 False
[vector] 27174 29780 28814 False
[vector] 28773 27488 31389 False
[vector] 27831 28383 31126 False
[vector] 28994 27349 31469 False
[vector] 29279 27074 31330 False
[vector] 27802 28775 30644 False
[vector] 28144 26734 32031 False
[vector] 25640 29512 30372 False
[vector] 31106 27942 26264 False
[vector] 28361 28630 30341 False
[vector] 25472 30367 28154 False
[vector] 30049 27782 30203 False
[vector] 27041 30261 25874 False
[vector] 26118 27887 31973 False
[vector] 30405 28392 27640 False
[vector] 26311 26805 32687 False
[vector] 28517 29025 29339 False
[vector] 27273 29857 28374 False
[vector] 28247 28521 30720 False
[vector] 28046 28376 31084 False
[vector] 29987 27901 30071 False
[vector] 26486 30225 27707 False
[vector] 29824 26879 31168 False
[vector] 28832 28145 31057 False
[vector] 32473 26166 27578 False
[vector] 28106 29469 28712 False
[vector] 27445 29791 28156 False
[vector] 29287 28742 29006 False
[vector] 31600 27162 28231 False
[vector] 29791 28363 29365 False
[vector] 31494 27172 28750 False
[vector] 27115 30182 27287 False
[vector] 27826 26536 32303 False
[vector] 30648 24796 30934 False
[vector] 30095 28243 29194 False
[vector] 25719 30259 28333 False
[vector] 27849 28692 30849 False
[vector] 27154 29674 29281 False
[vector] 25529 30500 27643 False
[vector] 32077 26929 26771 False
[vector] 29474 28746 28707 False
[vector] 27633 29610 28839 False
[vector] 26402 30241 27839 False
[vector] 30912 27994 27937 False
[vector] 30128 27732 30159 False
[vector] 32248 26474 28166 False
[vector] 26622 30042 28160 False
[vector] 31296 26947 29452 False
[vector] 29218 28278 30206 False
[vector] 25980 28727 31286 False
[vector] 31535 26298 29569 False
[vector] 27227 27914 31674 False
[vector] 27657 27996 31598 False
[vector] 28870 28420 30400 False
[vector] 32094 26906 27258 False
[vector] 31109 26563 30188 False
[vector] 28355 29581 27904 False
[vector] 26935 27374 32284 False
[vector] 32146 26299 28400 False
[vector] 29486 27893 30822 False
[vector] 28247 29426 28560 False
[vector] 27895 29880 27050 False
[vector] 25906 29812 29488 False
[vector] 29679 28291 29658 False
[vector] 31074 24532 30522 False
[vector] 28264 29353 28696 False
[vector] 28757 29064 28912 False
[vector] 28425 29601 27611 False
[vector] 27017 26198 32539 False
[vector] 28033 28873 30151 False
[vector] 31854 26226 29155 False
[vector] 27603 24955 32356 False
[vector] 31573 26010 29820 False
[vector] 28520 28110 31125 False
[vector] 27086 29432 29737 False
[vector] 31509 27723 27394 False
[vector] 33065 25150 25551 False
[vector] 25536 29850 29777 False
[vector] 27824 29958 27309 False
[vector] 28305 29063 29535 False
[vector] 32354 25915 28059 False
[vector] 28968 29243 28036 False
[vector] 31400 26446 29668 False
[vector] 25729 30408 27784 False
[vector] 30212 28297 28928 False
[vector] 31324 27802 27103 False
[vector] 28702 29272 28244 False
[vector] 31112 27902 28078 False
[vector] 29990 28259 29133 False
[vector] 28844 27294 31509 False
[vector] 28217 28573 30592 False
[vector] 31451 26833 29340 False
[vector] 24505 30231 28871 False
[vector] 29188 29003 28589 False
[vector] 27222 30015 28238 False
[vector] 26411 26531 32536 False
[vector] 25982 27930 31892 False
[vector] 28492 28626 30353 False
[vector] 29461 27797 31022 False
[vector] 27981 29726 27851 False
[vector] 27373 29369 29691 False
[vector] 31755 26259 29308 False
[vector] 31257 27278 28983 False
[vector] 30863 28210 27355 False
[vector] 29265 28866 28829 False
[vector] 28206 28980 29781 False
[vector] 31723 27353 27151 False
[vector] 27894 29468 28934 False
[vector] 26673 28151 31694 False
[vector] 28262 29364 29075 False
[vector] 26762 28990 30690 False
[vector] 29892 26920 31102 False
[vector] 31620 27416 27823 False
[vector] 32748 25126 27292 False
[vector] 31192 25312 30488 False
[vector] 27078 30174 27401 False
[vector] 26380 29911 29330 False
[vector] 29749 28965 26991 False
[vector] 30656 28255 27077 False
[vector] 30963 27591 29106 False
[vector] 26406 29507 29881 False
[vector] 25063 30412 27960 False
[vector] 27114 29013 30552 False
[vector] 25267 30283 28485 False
[vector] 24730 24475 33122 False
[vector] 27640 26750 32235 False
[vector] 28391 27429 31719 False
[vector] 27243 29200 30279 False
[vector] 29157 28214 30526 False
[vector] 26202 29474 30053 False
[vector] 27331 30093 27582 False
[vector] 26734 28581 31375 False
[vector] 29133 28088 30808 False
[vector] 29389 28309 30148 False
[vector] 29125 27178 31327 False
[vector] 30503 27987 28980 False
[vector] 25886 30176 28326 False
[vector] 29814 28336 29445 False
[vector] 30353 28117 28840 False
[vector] 28149 28270 31109 False
[vector] 29473 28175 30179 False
[vector] 25598 30117 29065 False
[vector] 30409 27250 30485 False
[vector] 26995 30120 28078 False
[vector] 28663 28639 30013 False
[vector] 28821 26768 31780 False
[vector] 28623 28673 30060 False
[vector] 29189 28886 28613 False
[vector] 28800 29454 27436 False
[vector] 27031 29506 29530 False
[vector] 30641 27267 30304 False
[vector] 26832 29605 29678 False
[vector] 26987 29026 30539 False
[vector] 28407 29651 27784 False
[vector] 27886 27168 31947 False
[vector] 29509 28913 27938 False
[vector] 25113 30629 26845 False
[vector] 25070 30452 27916 False
[vector] 26591 30198 27617 False
[vector] 28322 28484 30682 False
[vector] 26874 29560 29673 False
[vector] 31601 27249 28080 False
[vector] 32194 26846 26411 False
[vector] 29118 28964 28872 False
[vector] 30184 28569 27377 False
[vector] 28278 29772 27327 False
[vector] 31500 26278 29620 False
[vector] 25210 30244 28561 False
[vector] 30795 27785 29235 False
[vector] 30904 27513 29234 False
[vector] 29518 28404 29574 False
[vector] 25373 30102 29386 False
[vector] 28979 28715 29452 False
[vector] 30032 27581 30520 False
[vector] 28380 29677 27704 False
[vector] 31200 26796 29813 False
[vector] 29643 28502 29238 False
[vector] 29890 27399 30981 False
[vector] 29278 26671 31618 False
[vector] 28876 29147 28405 False
[vector] 24836 25361 33000 False
[vector] 28239 29084 29521 False
[vector] 33072 24987 26787 False
[vector] 32311 26661 27953 False
[vector] 31293 27261 29135 False
[vector] 26536 30354 26821 False
[vector] 31510 26202 29769 False
[vector] 28381 28775 30027 False
[vector] 27068 30248 25893 False
[vector] 26291 30476 26138 False
[vector] 28572 29626 26396 False
[vector] 31693 26808 29060 False
[vector] 25667 30522 26534 False
[vector] 31226 27259 29514 False
[vector] 26552 30208 27702 False
[vector] 29959 27305 30784 False
[vector] 28123 29636 28074 False
[vector] 31541 27431 27974 False
[vector] 25651 29506 30114 False
[vector] 29066 28531 30035 False
[vector] 26618 26369 32597 False
[vector] 28778 29291 28012 False
[vector] 31809 27208 27112 False
[vector] 30640 28161 27558 False
[vector] 28374 29531 28050 False
[vector] 31381 26677 29668 False
[vector] 31339 27084 29410 False
[vector] 26444 25451 32687 False
[vector] 26725 29874 28777 False
[vector] 29339 27101 31299 False
[vector] 31262 27669 28047 False
[vector] 25966 25541 32847 False
[vector] 26663 29724 29424 False
[vector] 29955 27242 30944 False
[vector] 32048 26621 28700 False
[vector] 30215 28442 27836 False
[vector] 28617 26479 31985 False
[vector] 26765 29446 30236 False
[vector] 28858 27877 31272 False
[vector] 32335 26685 26998 False
[vector] 26940 30135 27494 False
[vector] 29439 28743 28872 False
[vector] 28885 25173 31833 False
[vector] 32215 26510 28314 False
[vector] 29553 28052 30289 False
[vector] 26421 29907 28957 False
[vector] 25669 30538 26484 False
[vector] 29788 28726 28293 False
[vector] 29606 24902 31540 False
[vector] 27884 28690 30728 False
[vector] 30045 28343 28834 False
[vector] 29289 27000 31352 False
[vector] 29120 28220 30428 False
[vector] 28562 28778 29884 False
[vector] 26788 29052 30601 False
[vector] 28320 28747 30127 False
[vector] 26841 30353 25733 False
[vector] 30578 27802 29504 False
[vector] 27153 29373 30028 False
[vector] 25838 30260 28111 False
[vector] 28114 26386 32081 False
[vector] 25649 30280 28382 False
[vector] 26430 30241 27606 False
[vector] 29602 28335 29667 False
[vector] 23048 30844 26710 False
[vector] 26382 26538 32550 False
[vector] 28174 29101 29579 False
[vector] 27742 29724 28276 False
[vector] 29451 28747 28577 False
[vector] 29236 28756 29082 False
[vector] 28430 29322 28919 False
[vector] 30865 27422 29747 False
[vector] 28523 26818 31793 False
[vector] 31435 27011 29164 False
[vector] 31588 27381 28189 False
[vector] 27538 27294 32034 False
[vector] 27235 29942 27943 False
[vector] 29019 26501 31741 False
[vector] 30017 28246 29152 False
[vector] 29243 26925 31464 False
[vector] 27210 29506 29517 False
[vector] 25656 29915 29480 False
[vector] 32538 25433 28034 False
[vector] 25877 30298 27793 False
[vector] 30959 27579 29161 False
[vector] 29436 26952 31376 False
[vector] 25811 27954 31967 False
[vector] 29041 28782 29389 False
[vector] 27209 30136 27357 False
[vector] 27762 28989 30429 False
[vector] 31358 27381 28466 False
[vector] 28089 28802 30285 False
[vector] 29334 28759 28811 False
[vector] 27140 30119 27628 False
[vector] 31814 27055 28499 False
[vector] 29269 28715 29274 False
[vector] 30420 28254 28205 False
[vector] 30164 28304 28808 False
[vector] 26607 30193 28286 False
[vector] 30061 27597 30440 False
[vector] 30682 27798 29223 False
[vector] 29648 28915 27832 False
[vector] 27877 28804 30401 False
[vector] 30069 24412 31301 False
[vector] 31285 26628 29943 False
[vector] 25330 25946 32875 False
[vector] 28994 29193 27894 False
[vector] 29481 28817 28467 False
[vector] 31896 26629 28774 False
[vector] 32761 24685 27216 False
[vector] 27515 29829 28116 False
[vector] 30618 27955 28981 False
[vector] 28091 28393 30910 False
[vector] 32356 26691 26698 False
[vector] 28726 26253 31810 False
[vector] 26881 27440 32245 False
[vector] 32175 26789 27607 False
[vector] 29923 28923 27274 False
[vector] 27859 29499 28768 False
[vector] 28264 29180 29321 False
[vector] 30304 28239 28719 False
[vector] 30339 28193 29054 False
[vector] 28655 29192 28448 False
[vector] 29636 27733 30854 False
[vector] 28829 28784 29518 False
[vector] 31718 26904 28860 False
[vector] 25483 30196 28648 False
[vector] 30636 28315 27195 False
[vector] 32632 26003 27475 False
[vector] 25318 30660 26278 False
[vector] 28603 28321 30837 False
[vector] 29682 26322 31462 False
[vector] 26511 30042 28647 False
[vector] 31642 26071 29434 False
[vector] 28917 25131 31792 False
[vector] 24673 24720 33076 False
[vector] 29903 28556 28713 False
[vector] 28798 29481 27365 False
[vector] 29838 28202 29564 False
[vector] 33168 24985 24926 False
[vector] 26942 27870 31926 False
[vector] 31081 26573 30426 False
[vector] 27546 29205 29942 False
[vector] 28431 29142 29209 False
[vector] 31623 26875 28965 False
[vector] 32118 26309 28638 False
[vector] 29357 28514 29583 False
[vector] 26159 29036 30767 False
[vector] 27891 26438 32151 False
[vector] 29925 28012 29927 False
[vector] 29539 28801 28395 False
[vector] 30322 26512 30914 False
[vector] 30281 28358 28542 False
[vector] 26323 30051 28564 False
[vector] 29580 29054 26973 False
[vector] 29369 29015 28247 False
[vector] 29498 28423 29585 False
[vector] 28711 29179 28445 False
[vector] 25574 29594 30118 False
[vector] 30726 27474 29874 False
[vector] 24885 25070 33069 False
[vector] 31565 26706 29395 False
[vector] 29960 28689 28202 False
[vector] 30222 28139 29320 False
[vector] 31945 27096 26097 False
[vector] 26056 29598 29992 False
[vector] 28415 26965 31836 False
[vector] 29414 28647 29072 False
[vector] 28889 28790 29463 False
[vector] 31229 26981 29437 False
[vector] 29743 27934 30452 False
[vector] 29279 28935 28593 False
[vector] 23988 30712 27066 False
[vector] 32950 25636 26061 False
[vector] 29039 28995 28891 False
[vector] 27175 27463 32042 False
[vector] 25783 30464 27124 False
[vector] 23862 30214 28921 False
[vector] 30323 27390 30229 False
[vector] 26363 29531 29998 False
[vector] 27876 29311 29393 False
[vector] 26803 27642 32020 False
[vector] 32441 25515 28071 False
[vector] 27158 29278 30150 False
[vector] 28945 28284 30596 False
[vector] 29824 28217 29437 False
[vector] 25506 26998 32427 False
[vector] 27132 27287 32143 False
[vector] 24791 30693 26935 False
[vector] 27807 29557 28726 False
[vector] 26795 26759 32413 False
[vector] 26839 27995 31740 False
[vector] 29026 24561 31858 False
[vector] 26453 30426 25941 False
[vector] 31695 27363 27389 False
[vector] 24186 30682 27114 False
[vector] 29605 24945 31491 False
[vector] 30629 27487 29881 False
[vector] 25793 29891 29407 False
[vector] 27988 25824 32187 False
[vector] 29426 28409 29653 False
[vector] 28296 29241 29050 False
[vector] 30054 28463 28382 False
[vector] 28562 29104 29165 False
[vector] 30713 26210 30739 False
[vector] 30630 27323 30235 False
[vector] 27283 29858 28158 False
[vector] 31320 27293 28910 False
[vector] 27922 25604 32195 False
[vector] 30206 28043 29620 False
[vector] 27718 30031 27728 False
[vector] 26996 26855 32394 False
[vector] 31354 27116 29022 False
[vector] 26847 29741 29275 False
[vector] 28734 28629 30116 False
[vector] 26083 29606 29912 False
[vector] 28902 29180 28385 False
[vector] 29559 28942 27514 False
[vector] 31989 25045 29298 False
[vector] 26525 29357 30478 False
[vector] 27340 26557 32361 False
[vector] 27808 28804 30476 False
[vector] 27859 28542 30954 False
[vector] 29077 29000 28756 False
[vector] 26874 30152 27499 False
[vector] 26643 25293 32607 False
[vector] 31139 26742 29996 False
[vector] 28749 28667 29983 False
[vector] 28852 26028 31756 False
[vector] 30735 28297 26801 False
[vector] 28578 25510 32040 False
[vector] 26763 25108 32604 False
[vector] 32345 25364 28432 False
[vector] 27050 29698 29238 False
[vector] 29984 28287 29138 False
[vector] 26736 25977 32560 False
[vector] 28745 25233 31878 False
[vector] 29324 28394 29849 False
[vector] 26660 30259 27231 False
[vector] 29156 29262 27687 False
[vector] 28598 29277 28437 False
[vector] 32712 25921 27798 False
[vector] 28547 27546 31417 False
[vector] 30407 27858 29443 False
[vector] 30472 28103 28802 False
[vector] 29784 28864 27603 False
[vector] 27453 29593 29169 False
[vector] 31837 27198 26874 False
[vector] 23708 30717 27156 False
[vector] 29817 27837 30373 False
[vector] 23870 30334 28760 False
[vector] 26052 29309 30589 False
[vector] 25095 30720 25196 False
[vector] 31074 27547 29162 False
[vector] 25382 30692 26264 False
[vector] 27977 28806 30265 False
[vector] 26057 30339 27481 False
[vector] 29818 28695 28601 False
[vector] 31266 26959 29414 False
[vector] 30419 28130 28815 False
[vector] 28735 28866 29408 False
[vector] 28168 29029 29682 False
[vector] 30760 27831 28900 False
[vector] 27579 29325 29676 False
[vector] 26909 28628 31168 False
[vector] 25169 25997 32793 False
[vector] 27815 29500 28967 False
[vector] 31863 26556 29004 False
[vector] 26704 29885 28667 False
[vector] 26359 29242 30595 False
[vector] 29020 29045 28745 False
[vector] 32104 25814 28929 False
[vector] 29502 28829 28315 False
[vector] 23866 30845 26568 False
[vector] 28526 27982 31261 False
[vector] 31470 27174 28967 False
[vector] 27343 29110 30236 False
[vector] 28375 28055 31380 False
[vector] 28369 28401 30887 False
[vector] 25821 30276 27796 False
[vector] 30595 28276 27225 False
[vector] 27724 29220 29568 False
[vector] 27199 28935 30681 False
[vector] 26094 27767 32061 False
[vector] 28211 28669 30783 False
[vector] 30824 27948 28757 False
[vector] 28613 29215 28952 False
[vector] 27268 30156 26034 False
[vector] 32893 25503 26572 False
[vector] 31172 26750 29975 False
[vector] 31055 27618 28849 False
[vector] 24780 30116 29207 False
[vector] 29008 27717 31304 False
[vector] 29253 28518 29864 False
[vector] 28478 29680 27468 False
[vector] 30026 28298 28901 False
[vector] 30399 28402 27385 False
[vector] 26918 25703 32551 False
[vector] 28596 29461 28191 False
[vector] 30217 28326 28556 False
[vector] 27928 28955 30326 False
[vector] 25258 30151 28903 False
[vector] 29424 28622 29155 False
[vector] 31713 27114 28294 False
[vector] 32846 25728 26218 False
[vector] 28841 28193 30669 False
[vector] 29730 26260 31390 False
[vector] 29533 28519 29264 False
[vector] 24052 24717 33218 False
[vector] 31839 27283 25976 False
[vector] 31383 27477 28266 False
[vector] 29734 27791 30632 False
[vector] 28180 29769 27563 False
[vector] 28725 29027 29016 False
[vector] 27436 26370 32455 False
[vector] 24555 30101 29528 False
[vector] 25948 29647 29994 False
[vector] 26698 28808 31127 False
[vector] 28881 28712 29688 False
[vector] 31177 26270 30084 False
[vector] 30808 26370 30516 False
[vector] 28590 29315 28537 False
[vector] 29257 27293 31299 False
[vector] 29594 25534 31541 False
[vector] 29674 28878 27629 False
[vector] 32081 26968 26443 False
[vector] 30292 26737 30838 False
[vector] 28630 25275 32015 False
[vector] 29709 28110 30045 False
[vector] 29157 28367 30225 False
[vector] 29124 28140 30548 False
[vector] 28007 27692 31693 False
[vector] 29247 29056 28391 False
[vector] 28372 29718 26255 False
[vector] 28501 27504 31516 False
[vector] 27315 28646 31040 False
[vector] 28344 29728 26493 False
[vector] 28810 27389 31538 False
[vector] 26682 29992 28321 False
[vector] 31802 26827 28590 False
[vector] 29949 28873 27132 False
[vector] 27315 29921 27975 False
[vector] 27354 27917 31630 False
[vector] 27877 29249 29520 False
[vector] 32162 25983 28499 False
[vector] 26353 30458 26462 False
[vector] 27086 29442 29648 False
[vector] 28835 28298 30622 False
[vector] 32384 25663 28363 False
[vector] 28369 29566 28031 False
[vector] 26223 27301 32338 False
[vector] 27861 28506 30901 False
[vector] 27590 28857 30576 False
[vector] 24992 25291 32975 False
[vector] 25668 29169 30840 False
[vector] 31058 26107 30436 False
[vector] 27701 29060 30166 False
[vector] 28417 26571 31844 False
[vector] 29517 28423 29564 False
[vector] 26058 29857 29433 False
[vector] 27710 28445 31019 False
[vector] 26247 26007 32764 False
[vector] 27940 29682 28268 False
[vector] 26451 28768 31281 False
[vector] 27428 27308 32060 False
[vector] 27666 28180 31421 False
[vector] 26384 29862 28990 False
[vector] 27201 25325 32543 False
[vector] 31530 27212 28619 False
[vector] 27606 29031 30271 False
[vector] 28763 27250 31741 False
[vector] 27221 30109 26868 False
[vector] 29290 29046 28266 False
[vector] 28976 27758 31204 False
[vector] 27035 29704 29170 False
[vector] 32441 25796 27852 False
[vector] 26242 29557 29874 False
[vector] 28185 29193 29135 False
[vector] 29865 27753 30588 False
[vector] 27514 27758 31917 False
[vector] 29013 28044 30901 False
[vector] 30405 28465 27313 False
[vector] 31162 26946 29635 False
[vector] 24328 24314 33215 False
[vector] 30966 26855 30172 False
[vector] 26926 30182 27475 False
[vector] 29010 29438 27010 False
[vector] 27305 29666 28976 False
[vector] 27329 27821 31830 False
[vector] 31132 27132 29927 False
[vector] 27151 27893 31752 False
[vector] 27434 29766 28531 False
[vector] 28796 27404 31411 False
[vector] 30224 26529 31103 False
[vector] 29312 28922 28443 False
[vector] 32183 25576 29094 False
[vector] 30274 28287 28782 False
[vector] 27675 29244 29709 False
[vector] 25319 30536 27313 False
[vector] 29519 28946 27895 False
[vector] 28839 29462 26762 False
[vector] 28201 28990 29697 False
[vector] 28850 29181 28339 False
[vector] 25834 29828 29562 False
[vector] 25993 30307 27495 False
[vector] 31361 27796 27201 False
[vector] 27613 26760 32271 False
[vector] 30013 27251 30754 False
[vector] 29072 28335 30246 False
[vector] 26961 28476 31535 False
[vector] 28730 29090 28832 False
[vector] 25679 30330 28189 False
[vector] 29543 28026 30311 False
[vector] 24974 30415 28133 False
[vector] 29924 25907 31397 False
[vector] 29671 28932 27314 False
[vector] 27366 29904 27899 False
[vector] 27299 29574 29194 False
[vector] 26491 30384 26279 False
[vector] 29181 28932 28829 False
[vector] 27394 29523 29217 False
[vector] 29143 28379 30191 False
[vector] 29645 26145 31470 False
[vector] 25702 29779 29660 False
[vector] 29434 28377 29823 False
[vector] 29387 28515 29505 False
[vector] 27731 29613 28603 False
[vector] 30749 27764 29238 False
[vector] 29696 29046 26713 False
[vector] 28247 28997 29649 False
[vector] 27917 29864 27046 False
[vector] 28632 29234 28439 False
[vector] 28200 29548 28070 False
[vector] 26314 27286 32285 False
[vector] 29458 28104 30182 False
[vector] 29668 29056 26951 False
[vector] 26757 25009 32608 False
[vector] 29774 28464 29194 False
[vector] 30601 26898 30703 False
[vector] 29143 29144 28309 False
[vector] 29025 29376 27525 False
[vector] 27240 30161 25791 False
[vector] 29457 28734 28925 False
[vector] 30894 28163 25948 False
[vector] 25789 30192 28428 False
[vector] 26726 29190 30727 False
[vector] 30322 27136 30776 False
[vector] 26347 29952 29138 False
[vector] 27647 29629 28735 False
[vector] 29893 27774 30484 False
[vector] 30474 28425 27256 False
[vector] 30179 27138 30681 False
[vector] 30831 26620 30402 False
[vector] 29273 27111 31396 False
[vector] 29242 29299 26126 False
[vector] 23601 30819 27271 False
[vector] 26953 27635 31942 False
[vector] 30416 28368 27441 False
[vector] 26298 29489 30033 False
[vector] 29006 28598 29763 False
[vector] 30313 28431 28113 False
[vector] 29290 28618 29369 False
[vector] 28727 29452 27681 False
[vector] 33115 25034 25696 False
[vector] 28032 29842 27370 False
[vector] 30687 26039 30864 False
[vector] 25692 30363 27817 False
[vector] 30038 28110 29705 False
[vector] 32062 25704 29095 False
[vector] 32404 25799 28204 False
[vector] 25553 30129 28743 False
[vector] 29241 28382 29955 False
[vector] 32583 26310 26146 False
[vector] 30300 27141 30609 False
[vector] 29045 28171 30576 False
[vector] 25454 30210 28613 False
[vector] 28844 28026 30940 False
[vector] 30221 28561 27747 False
[vector] 30020 28610 28447 False
[vector] 27223 28941 30633 False
[vector] 25947 29445 30378 False
[vector] 30775 27971 28581 False
[vector] 30308 28435 28331 False
[vector] 28192 29092 29632 False
[vector] 32088 26167 28796 False
[vector] 31017 27872 28530 False
[vector] 25023 26013 32869 False
[vector] 27565 30066 25980 False
[vector] 29033 28577 29739 False
[vector] 25659 30593 26550 False
[vector] 30445 27290 30354 False
[vector] 31474 25815 29919 False
[vector] 25201 29655 30004 False
[vector] 27421 28946 30558 False
[vector] 31703 27099 28443 False
[vector] 26895 28558 31281 False
[vector] 26639 25849 32569 False
[vector] 29329 28376 29876 False
[vector] 30441 25759 31112 False
[vector] 28919 25835 31782 False
[vector] 29260 29253 27076 False
[vector] 27841 29031 30153 False
[vector] 31867 25926 29134 False
[vector] 29708 27172 31268 False
[vector] 28833 28477 30264 False
[vector] 29614 28555 29213 False
[vector] 32549 26376 26216 False
[vector] 31734 27297 27220 False
[vector] 28825 25885 31803 False
[vector] 30444 28226 28615 False
[vector] 26864 28072 31701 False
[vector] 27405 29903 27971 False
[vector] 27935 29635 28505 False
[vector] 28230 27048 31856 False
[vector] 31140 27746 27748 False
[vector] 29145 28231 30316 False
[vector] 27410 29414 29658 False
[vector] 29400 28420 29821 False
[vector] 28249 29225 29121 False
[vector] 25903 30267 27876 False
[vector] 29444 28600 29237 False
[vector] 27296 29813 28342 False
[vector] 30796 25572 30752 False
[vector] 31853 25859 29254 False
[vector] 26559 28603 31311 False
[vector] 31131 27753 27927 False
[vector] 30936 28077 27479 False
[vector] 25986 30044 28857 False
[vector] 28820 28959 29126 False
[vector] 25914 30306 27679 False
[vector] 26892 30201 27168 False
[vector] 24102 30303 28679 False
[vector] 29799 26783 31368 False
[vector] 30286 25164 31165 False
[vector] 24741 30624 27213 False
[vector] 28914 29419 27262 False
[vector] 28468 29331 28603 False
[vector] 24870 24718 33076 False
[vector] 30241 28702 26866 False
[vector] 26531 30046 28333 False
[vector] 31782 25937 29513 False
[vector] 27954 28905 30184 False
[vector] 31809 27305 25813 False
[vector] 28627 27519 31383 False
[vector] 30332 27872 29547 False
[vector] 25756 29846 29440 False
[vector] 25353 24140 33052 False
[vector] 28315 28818 30201 False
[vector] 29403 28436 29573 False
[vector] 29501 28733 28726 False
[vector] 27999 28850 30215 False
[vector] 31888 25789 29145 False
[vector] 27026 29410 29868 False
[vector] 29311 27015 31348 False
[vector] 31563 27283 28334 False
[vector] 28802 26163 31828 False
[vector] 30381 27577 30177 False
[vector] 26475 30325 26960 False
[vector] 26430 29196 30525 False
[vector] 30192 28058 29493 False
[vector] 29439 28022 30388 False
[vector] 24922 29431 30531 False
[vector] 25612 30272 28496 False
[vector] 30287 26389 30929 False
[vector] 29860 27213 31049 False
[vector] 29118 28111 30716 False
[vector] 29161 27175 31316 False
[vector] 27086 30326 25791 False
[vector] 28140 29588 27946 False
[vector] 26678 29896 28689 False
[vector] 29580 28250 29818 False
[vector] 27150 28667 30995 False
[vector] 29104 27424 31266 False
[vector] 27185 29252 30230 False
[vector] 31536 27040 28910 False
[vector] 28506 28619 30326 False
[vector] 27593 29772 28344 False
[vector] 27486 28609 31041 False
[vector] 27996 29441 28831 False
[vector] 27671 29766 28442 False
[vector] 30358 26312 30877 False
[vector] 31738 27286 27371 False
[vector] 29356 29170 27828 False
[vector] 27253 30179 25446 False
[vector] 29291 28816 28679 False
[vector] 28785 29516 26921 False
[vector] 27881 29189 29800 False
[vector] 26496 27709 32014 False
[vector] 30171 26682 31029 False
[vector] 32425 25740 28039 False
[vector] 24282 24700 33146 False
[vector] 29047 28228 30552 False
[vector] 27048 29286 30045 False
[vector] 26404 30403 27219 False
[vector] 26200 29551 29896 False
[vector] 25769 30040 29038 False
[vector] 29007 26623 31703 False
[vector] 29386 28461 29608 False
[vector] 27943 26477 32111 False
[vector] 23995 25117 33059 False
[vector] 26220 29567 29841 False
[vector] 27516 29059 30472 False
[vector] 28492 29312 28773 False
[vector] 27886 29337 29371 False
[vector] 28344 27078 31825 False
[vector] 24239 30696 26828 False
[vector] 29592 28044 30284 False
[vector] 27085 28759 31031 False
[vector] 31020 27291 29407 False
[vector] 28357 28544 30579 False
[vector] 25051 30314 28639 False
[vector] 29748 28183 29733 False
[vector] 28893 28321 30481 False
[vector] 30960 27739 29041 False
[vector] 30244 26175 31048 False
[vector] 24855 30699 26661 False
[vector] 25814 30330 27913 False
[vector] 29663 28088 30229 False
[vector] 31914 27079 26829 False
[vector] 31440 26889 29271 False
[vector] 26571 28833 30984 False
[vector] 28515 28363 30641 False
[vector] 26416 30292 27612 False
[vector] 27545 29490 29375 False
[vector] 28865 28438 30373 False
[vector] 32023 26900 28340 False
[vector] 28038 29832 27625 False
[vector] 29022 28132 30752 False
[vector] 28272 28617 30520 False
[vector] 29207 27125 31501 False
[vector] 29666 27230 31022 False
[vector] 28116 29224 29380 False
[vector] 28558 29621 26761 False
[vector] 28170 29026 29637 False
[vector] 29082 27840 31165 False
[vector] 31612 26173 29500 False
[vector] 30764 28027 28512 False
[vector] 30323 26723 30810 False
[vector] 31595 27320 28023 False
[vector] 25456 30446 27792 False
[vector] 24955 30163 29000 False
[vector] 30283 28339 28531 False
[vector] 28634 28339 30645 False
[vector] 32426 26066 27982 False
[vector] 27735 27241 32066 False
[vector] 28382 27926 31305 False
[vector] 31019 27283 29513 False
[vector] 29678 28950 27216 False
[vector] 28731 29015 29183 False
[vector] 28754 28916 29264 False
[vector] 31645 27514 27678 False
[vector] 27771 27594 31786 False
[vector] 31965 26731 28770 False
[vector] 29659 27315 31055 False
[vector] 26875 30039 28241 False
[vector] 29156 29042 28480 False
[vector] 26863 28115 31652 False
[vector] 27970 27269 31825 False
[vector] 31577 26856 29003 False
[vector] 28487 29699 27020 False
[vector] 26924 29718 29085 False
[vector] 31415 26793 29471 False
[vector] 31705 26442 29148 False
[vector] 30513 26110 30782 False
[vector] 27693 29104 29960 False
[vector] 32452 26529 27683 False
[vector] 27205 29817 28515 False
[vector] 25772 29561 30078 False
[vector] 30196 27625 30193 False
[vector] 29001 29174 28191 False
[vector] 28009 29436 28935 False
[vector] 28538 29351 28310 False
[vector] 27044 28997 30642 False
[vector] 24448 30246 28860 False
[vector] 25165 30389 28087 False
[vector] 28925 28935 29157 False
[vector] 26917 29739 29184 False
[vector] 29615 28792 28505 False
[vector] 29196 26863 31618 False
[vector] 29861 25418 31430 False
[vector] 29696 29028 27114 False
[vector] 30072 27183 30752 False
[vector] 27119 25517 32543 False
[vector] 27367 27349 32075 False
[vector] 30935 24920 30672 False
[vector] 26123 29442 30240 False
[vector] 30999 28001 27639 False
[vector] 30792 27950 28441 False
[vector] 26284 27731 32019 False
[vector] 26758 29547 29739 False
[vector] 25878 29813 29536 False
[vector] 26759 25658 32561 False
[vector] 25760 29577 30075 False
[vector] 28544 29636 26634 False
[vector] 27674 28791 30576 False
[vector] 27146 28628 31079 False
[vector] 29051 29326 27383 False
[vector] 29033 29005 28636 False
[vector] 27357 29640 29080 False
[vector] 24395 30467 28266 False
[vector] 28661 28823 29767 False
[vector] 28569 28727 30136 False
[vector] 27035 29906 28293 False
[vector] 28543 29050 29251 False
[vector] 31596 27140 28372 False
[vector] 28699 28354 30639 False
[vector] 31520 26643 29452 False
[vector] 31684 24900 29725 False
[vector] 25582 30600 26405 False
[vector] 30817 25095 30679 False
[vector] 26403 26572 32457 False
[vector] 25732 30344 27903 False
[vector] 28812 29113 28670 False
[vector] 30616 27785 29248 False
[vector] 29042 27771 31179 False
[vector] 30639 27778 29264 False
[vector] 31018 27859 28274 False
[vector] 28177 28977 29942 False
[vector] 28896 29190 28130 False
[vector] 24506 30760 26329 False
[vector] 27793 29652 28448 False
[vector] 29812 28762 28009 False
[vector] 23894 30844 25588 False
[vector] 26554 29873 28923 False
[vector] 23880 30454 28311 False
[vector] 25240 29856 29575 False
[vector] 26463 25774 32650 False
[vector] 29328 28787 28816 False
[vector] 27362 29799 28465 False
[vector] 25781 26045 32776 False
[vector] 24185 24677 33174 False
[vector] 28008 29235 29280 False
[vector] 31045 27387 29207 False
[vector] 30723 28154 28177 False
[vector] 31043 27371 29269 False
[vector] 25660 30582 26196 False
[vector] 28251 26282 32038 False
[vector] 30823 27758 28769 False
[vector] 28622 28015 31063 False
[vector] 29080 25989 31746 False
[vector] 27945 27249 31883 False
[vector] 28985 28138 30654 False
[vector] 28966 29099 28821 False
[vector] 25465 30468 27657 False
[vector] 25916 27368 32332 False
[vector] 28336 26944 31890 False
[vector] 28040 26331 32117 False
[vector] 27018 29291 30254 False
[vector] 29039 29370 26903 False
[vector] 28643 29345 28112 False
[vector] 27779 28858 30391 False
[vector] 27214 28977 30534 False
[vector] 29522 26687 31391 False
[vector] 27961 29585 28363 False
[vector] 29609 28039 30286 False
[vector] 28219 27134 31868 False
[vector] 26739 28095 31678 False
[vector] 30490 27509 30181 False
[vector] 30642 28072 28291 False
[vector] 30195 28663 27329 False
[vector] 29920 28508 28539 False
[vector] 25101 30199 28751 False
[vector] 28063 29145 29523 False
[vector] 29089 28436 30174 False
[vector] 24688 30335 28618 False
[vector] 28648 28769 29860 False
[vector] 28836 29196 28212 False
[vector] 28331 28572 30533 False
[vector] 31282 27683 27686 False
[vector] 28351 27935 31468 False
[vector] 28877 28253 30617 False
[vector] 29719 27216 31026 False
[vector] 29400 28799 28501 False
[vector] 29574 29064 26718 False
[vector] 27684 29538 29011 False
[vector] 27569 29570 29010 False
[vector] 31384 26452 29663 False
[vector] 29030 27149 31432 False
[vector] 24227 30683 27111 False
[vector] 26541 27236 32383 False
[vector] 28870 28948 29182 False
[vector] 25067 30721 26176 False
[vector] 29504 28569 29239 False
[vector] 28353 29374 28539 False
[vector] 28239 25255 32085 False
[vector] 31035 27331 29290 False
[vector] 24809 29928 29587 False
[vector] 31841 25631 29345 False
[vector] 31377 27426 28399 False
[vector] 31494 26555 29636 False
[vector] 29252 28961 28513 False
[vector] 27191 29398 29884 False
[vector] 24169 30825 25908 False
[vector] 29657 28642 29066 False
[vector] 29129 26788 31635 False
[vector] 31850 27013 28516 False
[vector] 23258 30368 28656 False
[vector] 28665 28917 29749 False
[vector] 28019 29724 27992 False
[vector] 28331 29714 26687 False
[vector] 28065 29296 29208 False
[vector] 27386 29671 28742 False
[vector] 26074 27204 32403 False
[vector] 27877 29490 28821 False
[vector] 28147 25869 32177 False
[vector] 32817 25767 26508 False
[vector] 29034 29395 27077 False
[vector] 30224 28225 29053 False
[vector] 26499 25531 32635 False
[vector] 28148 27834 31513 False
[vector] 26446 30422 26341 False
[vector] 26240 30334 27249 False
[vector] 24161 30515 28005 False
[vector] 31865 25116 29451 False
[vector] 27009 26754 32332 False
[vector] 32864 25571 26679 False
[vector] 28451 26765 31799 False
[vector] 28160 29204 29278 False
[vector] 29045 29141 28545 False
[vector] 31472 25079 30070 False
[vector] 31584 26194 29502 False
[vector] 32624 26013 27691 False
[vector] 29081 27145 31364 False
[vector] 32101 25920 28967 False
[vector] 29147 28748 29178 False
[vector] 27953 28688 30568 False
[vector] 30217 27967 29508 False
[vector] 30155 28164 29439 False
[vector] 28601 29426 28210 False
[vector] 30448 28146 28735 False
[vector] 28051 29659 27946 False
[vector] 27984 29329 29241 False
[vector] 29408 28418 29600 False
[vector] 26800 29476 29989 False
[vector] 29007 29408 27058 False
[vector] 25983 28853 31136 False
[vector] 26122 29492 30171 False
[vector] 26303 30329 27348 False
[vector] 30036 27501 30640 False
[vector] 29785 28228 29700 False
[vector] 27853 29585 28720 False
[vector] 27121 28532 31279 False
[vector] 29410 25786 31707 False
[vector] 30680 27817 29234 False
[vector] 28310 28892 29863 False
[vector] 30310 27522 30338 False
[vector] 27003 29433 29952 False
[vector] 28344 29385 28580 False
[vector] 27579 29774 27987 False
[vector] 28000 28401 31087 False
[vector] 26199 27181 32426 False
[vector] 28623 29302 28387 False
[vector] 27127 29902 28324 False
[vector] 26681 29876 28879 False
[vector] 30501 27901 29247 False
[vector] 31043 27955 28074 False
[vector] 26179 25317 32879 False
[vector] 28065 28443 31052 False
[vector] 30989 28014 27356 False
[vector] 27032 29707 29185 False
[vector] 31255 25188 30323 False
[vector] 30139 26975 30976 False
[vector] 27620 29208 29890 False
[vector] 31136 27834 27880 False
[vector] 28829 28781 29611 False
[vector] 25830 30059 28988 False
[vector] 30867 28130 27475 False
[vector] 25323 30232 28729 False
[vector] 29798 28343 29378 False
[vector] 29903 28306 29226 False
[vector] 28449 29133 29262 False
[vector] 26778 28846 30973 False
[vector] 30059 28013 29800 False
[vector] 28669 27422 31429 False
[vector] 27560 28510 31068 False
[vector] 28833 27915 31267 False
[vector] 32386 26669 26861 False
[vector] 32730 25603 27421 False
[vector] 31780 25201 29664 False
[vector] 28458 29116 29289 False
[vector] 32331 25223 28466 False
[vector] 25102 29487 30413 False
[vector] 27488 29357 29886 False
[vector] 30881 28081 28246 False
[vector] 23932 30763 26822 False
[vector] 26951 26238 32487 False
[vector] 28678 27328 31612 False
[vector] 30087 28057 29546 False
[vector] 27226 29678 29124 False
[vector] 28291 28786 30318 False
[vector] 25989 29989 28910 False
[vector] 28869 26387 31746 False
[vector] 25453 25276 33045 False
[vector] 29927 28154 29649 False
[vector] 28322 29337 28838 False
[vector] 30083 28431 28390 False
[vector] 28379 29679 27621 False
[vector] 25013 29961 29415 False
[vector] 27835 29875 27459 False
[vector] 28112 28360 31257 False
[vector] 27898 29928 26415 False
[vector] 30143 27584 30387 False
[vector] 30111 28739 26812 False
[vector] 30751 27195 30234 False
[vector] 31592 27426 28061 False
[vector] 26032 30423 27473 False
[vector] 30476 27805 29447 False
[vector] 30624 28040 28616 False
[vector] 27191 30186 26869 False
[vector] 24220 30420 28473 False
[vector] 27336 30124 25816 False
[vector] 30845 28283 26775 False
[vector] 25612 29979 29194 False
[vector] 28060 28687 30590 False
[vector] 30213 28534 28220 False
[vector] 26696 29814 29394 False
[vector] 24283 30382 28503 False
[vector] 30052 28489 28649 False
[vector] 32491 25333 28438 False
[vector] 31990 26452 29130 False
[vector] 30453 27515 30083 False
[vector] 26629 27913 31811 False
[vector] 28447 28810 29883 False
[vector] 26811 30318 26349 False
[vector] 28425 27483 31594 False
[vector] 29327 26339 31472 False
[vector] 30711 27814 29143 False
[vector] 29834 28212 29528 False
[vector] 28221 29639 27838 False
[vector] 25417 25804 32907 False
[vector] 29942 27959 30066 False
[vector] 27994 27999 31513 False
[vector] 28696 28866 29690 False
[vector] 29491 28724 28820 False
[vector] 25071 24532 33068 False
[vector] 30738 27652 29746 False
[vector] 26165 29645 29878 False
[vector] 26923 29759 28992 False
[vector] 27488 29771 28397 False
[vector] 28628 28417 30637 False
[vector] 29304 29189 27880 False
[vector] 28457 28891 29830 False
[vector] 23640 30365 28553 False
[vector] 29521 28015 30600 False
[vector] 26399 29519 29939 False
[vector] 28613 29234 28460 False
[vector] 29456 28653 29024 False
[vector] 30884 26989 30362 False
[vector] 26167 26270 32696 False
[vector] 29136 28464 30130 False
[vector] 24473 30183 29201 False
[vector] 29799 28644 28631 False
[vector] 22956 23355 33245 False
[vector] 32296 25502 28508 False
[vector] 30332 28496 27570 False
[vector] 26747 29977 28513 False
[vector] 28815 28949 29183 False
[vector] 31252 27682 27764 False
[vector] 27726 29761 28022 False
[vector] 30953 27102 30001 False
[vector] 25859 30501 26691 False
[vector] 29207 27857 30932 False
[vector] 32721 25748 26760 False
[vector] 30347 26608 30714 False
[vector] 26599 26046 32634 False
[vector] 31011 26640 30331 False
[vector] 27485 29683 28646 False
[vector] 29406 28623 29138 False
[vector] 25587 30335 28155 False
[vector] 27564 28047 31624 False
[vector] 31589 27051 28558 False
[vector] 25339 30515 27335 False
[vector] 26941 29554 29460 False
[vector] 27978 28784 30368 False
[vector] 28999 28619 29862 False
[vector] 27745 29398 29516 False
[vector] 26758 28701 31287 False
[vector] 28469 28648 30189 False
[vector] 28725 28869 29529 False
[vector] 30892 27613 29146 False
[vector] 27784 28777 30550 False
[vector] 28529 28658 30150 False
[vector] 28361 28740 30191 False
[vector] 28547 28642 30287 False
[vector] 28433 28936 29852 False
[vector] 26837 29515 29706 False
[vector] 27133 29707 28934 False
[vector] 28222 28373 30946 False
[vector] 32355 24869 28636 False
[vector] 27345 29953 27810 False
[vector] 26429 26413 32650 False
[vector] 29466 28544 29383 False
[vector] 26162 29519 30028 False
[vector] 25958 29660 29855 False
[vector] 30503 26291 31030 False
[vector] 27575 29733 28640 False
[vector] 26979 30282 26237 False
[vector] 28763 27982 31172 False
[vector] 29536 28395 29627 False
[vector] 27570 29407 29276 False
[vector] 26403 29490 29980 False
[vector] 30766 27625 29280 False
[vector] 27065 29666 29377 False
[vector] 31262 27822 26227 False
[vector] 30315 28157 29057 False
[vector] 25741 28602 31453 False
[vector] 28646 27564 31379 False
[vector] 22963 30921 24622 False
[vector] 27405 29725 28656 False
[vector] 25680 29399 30513 False
[vector] 29403 29214 27236 False
[vector] 30077 28004 29853 False
[vector] 27862 29713 28062 False
[vector] 27258 29788 28486 False
[vector] 28629 28718 29890 False
[vector] 24464 30826 25254 False
[vector] 30361 27914 29351 False
[vector] 25896 30092 28787 False
[vector] 26249 25115 32759 False
[vector] 28886 28341 30468 False
[vector] 25744 30103 28697 False
[vector] 28016 29848 27629 False
[vector] 31805 25297 29464 False
[vector] 25629 30135 28696 False
[vector] 25729 25775 32817 False
[vector] 31503 25331 29888 False
[vector] 31164 26838 29796 False
[vector] 24059 30679 27158 False
[vector] 32235 25072 28827 False
[vector] 30031 27659 30441 False
[vector] 32158 25855 28734 False
[vector] 23796 30876 24988 False
[vector] 29667 28100 30174 False
[vector] 31529 27085 28679 False
[vector] 25454 30511 27373 False
[vector] 27576 27196 32076 False
[vector] 28096 28434 30889 False
[vector] 27606 30035 25829 False
[vector] 30330 28322 28263 False
[vector] 26390 28338 31600 False
[vector] 27739 28443 31078 False
[vector] 28352 27529 31651 False
[vector] 29358 26021 31732 False
[vector] 30524 28001 28691 False
[vector] 31667 26345 29359 False
[vector] 27517 29360 29725 False
[vector] 27449 30157 25783 False
[vector] 30058 28093 29466 False
[vector] 26927 29594 29448 False
[vector] 30903 27557 29215 False
[vector] 31998 26671 28442 False
[vector] 29432 26369 31438 False
[vector] 31227 27703 27908 False
[vector] 28971 28318 30523 False
[vector] 30508 28321 28169 False
[vector] 26644 26430 32451 False
[vector] 26859 27540 32006 False
[vector] 26838 29771 29217 False
[vector] 30024 28317 28912 False
[vector] 29855 28112 29716 False
[vector] 29831 27834 30359 False
[vector] 28289 26046 32064 False
[vector] 26257 28115 31879 False
[vector] 29112 28974 28617 False
[vector] 31550 25748 29865 False
[vector] 26836 28499 31512 False
[vector] 31041 27995 27304 False
[vector] 27482 30082 26384 False
[vector] 29156 28836 29029 False
[vector] 28444 28468 30752 False
[vector] 29889 28782 27428 False
[vector] 24273 30852 25300 False
[vector] 29805 28248 29448 False
[vector] 31589 25911 29545 False
[vector] 30686 27718 29343 False
[vector] 32676 26268 27073 False
[vector] 25517 25904 32849 False
[vector] 30049 28032 29690 False
[vector] 28807 29500 26917 False
[vector] 24106 30698 26857 False
[vector] 32055 26936 27822 False
[vector] 29149 29345 26996 False
[vector] 29500 28901 28409 False
[vector] 28872 28181 30759 False
[vector] 25009 30423 28055 False
[vector] 32733 25497 27383 False
[vector] 27596 28847 30831 False
[vector] 28042 29395 29127 False
[vector] 29128 29206 27794 False
[vector] 29012 28674 29644 False
[vector] 31922 26944 27589 False
[vector] 29309 28085 30670 False
[vector] 29884 27789 30288 False
[vector] 29807 28431 29229 False
[vector] 32436 25505 28073 False
[vector] 32921 25421 26455 False
[vector] 28088 29787 27019 False
[vector] 28527 27401 31731 False
[vector] 29401 27971 30693 False
[vector] 29532 26267 31502 False
[vector] 27619 28453 31196 False
[vector] 28893 27999 31050 False
[vector] 28229 28958 29945 False
[vector] 28290 29095 29396 False
[vector] 23676 30860 26260 False
[vector] 25629 27531 32238 False
[vector] 26798 28728 31144 False
[vector] 27181 28050 31697 False
[vector] 31975 27074 26260 False
[vector] 27822 29693 28323 False
[vector] 32462 25968 27774 False
[vector] 25240 29911 29513 False
[vector] 26914 26725 32437 False
[vector] 25629 30558 27166 False
[vector] 32942 25341 27017 False
[vector] 27590 28013 31495 False
[vector] 30055 28314 28821 False
[vector] 29627 27748 30658 False
[vector] 27760 27871 31784 False
[vector] 28772 28724 29702 False
[vector] 32106 26902 27279 False
[vector] 27858 29022 30231 False
[vector] 28579 27841 31382 False
[vector] 29033 29455 26492 False
[vector] 28670 29319 28192 False
[vector] 28553 29282 28680 False
[vector] 28693 28990 29327 False
[vector] 23833 30228 28886 False
[vector] 25908 30368 27606 False
[vector] 29383 28847 28675 False
[vector] 28122 29429 28697 False
[vector] 25865 30191 28677 False
[vector] 29315 26428 31630 False
[vector] 29410 28416 29586 False
[vector] 22899 23112 33282 False
[vector] 23483 30886 25947 False
[vector] 33048 24865 26969 False
[vector] 26235 25805 32765 False
[vector] 26208 30300 27453 False
[vector] 29079 26402 31712 False
[vector] 28290 27505 31787 False
[vector] 30059 28872 27045 False
[vector] 25936 29990 28935 False
[vector] 30394 26352 30746 False
[vector] 28967 28122 30911 False
[vector] 30744 27205 30135 False
[vector] 28070 29189 29497 False
[vector] 29859 28806 27417 False
[vector] 30943 26329 30443 False
[vector] 28025 28657 30837 False
[vector] 29775 28442 29297 False
[vector] 27011 28546 31305 False
[vector] 32366 25949 28026 False
[vector] 27380 29918 27827 False
[vector] 25409 29615 30073 False
[vector] 26657 30322 27400 False
[vector] 30817 27506 29532 False
[vector] 31448 26879 29055 False
[vector] 27786 27521 31991 False
[vector] 25095 30269 28856 False
[vector] 28750 29123 28816 False
[vector] 29675 28753 28435 False
[vector] 31505 27114 28764 False
[vector] 32804 25899 26617 False
[vector] 27991 29752 27829 False
[vector] 28217 27774 31622 False
[vector] 29127 28642 29645 False
[vector] 27495 27152 32308 False
[vector] 29108 29365 26183 False
[vector] 29647 27437 31017 False
[vector] 30222 27141 30635 False
[vector] 27873 29158 29828 False
[vector] 28257 28983 29689 False
[vector] 32099 25936 28822 False
[vector] 27631 29127 30071 False
[vector] 28832 28479 30181 False
[vector] 25784 29697 29987 False
[vector] 31447 26912 29012 False
[vector] 29678 28545 29161 False
[vector] 26010 26241 32734 False
[vector] 29735 28767 28113 False
[vector] 25709 30095 28775 False
[vector] 27556 27582 31989 False
[vector] 31189 27922 27497 False
[vector] 30238 27715 30133 False
[vector] 26887 29777 28977 False
[vector] 31671 25431 29644 False
[vector] 26474 29913 28844 False
[vector] 31155 26964 29767 False
[vector] 24741 24535 33078 False
[vector] 30173 28353 28557 False
[vector] 29023 27165 31570 False
[vector] 33076 25148 25437 False
[vector] 28987 28925 29011 False
[vector] 27259 29702 28943 False
[vector] 28370 28828 30042 False
[vector] 29421 28504 29531 False
[vector] 31769 26754 28820 False
[vector] 26416 30357 26607 False
[vector] 30534 27537 29906 False
[vector] 29098 27692 31067 False
[vector] 27809 28873 30350 False
[vector] 24116 30536 27991 False
[vector] 28567 28933 29493 False
[vector] 32244 26442 28207 False
[vector] 29499 26161 31662 False
[vector] 29221 28404 30056 False
[vector] 30078 26545 31295 False
[vector] 28889 29275 28069 False
[vector] 25876 30175 28542 False
[vector] 28001 25199 32220 False
[vector] 25384 30640 26453 False
[vector] 27441 30078 26816 False
[vector] 29632 28683 28655 False
[vector] 28566 28327 30739 False
[vector] 25305 29953 29478 False
[vector] 26779 30374 26096 False
[vector] 25882 30258 28009 False
[vector] 30249 26625 30903 False
[vector] 31664 25972 29440 False
[vector] 30388 26573 30776 False
[vector] 27946 29244 29488 False
[vector] 24491 30618 27905 False
[vector] 27330 30104 27936 False
[vector] 24319 30714 26726 False
[vector] 29877 28096 29712 False
[vector] 27014 26753 32340 False
[vector] 31673 26603 29181 False
[vector] 25347 29644 30020 False
[vector] 27812 28776 30428 False
[vector] 29234 29303 27218 False
[vector] 28348 27742 31654 False
[vector] 30525 28482 26878 False
[vector] 28765 28735 29847 False
[vector] 28238 29740 27766 False
[vector] 28384 29780 26110 False
[vector] 27478 29776 28306 False
[vector] 25903 26832 32476 False
[vector] 26527 29969 28808 False
[vector] 30089 27449 30588 False
[vector] 28664 29186 28477 False
[vector] 25044 30612 27116 False
[vector] 30907 27128 29986 False
[vector] 30500 27800 29564 False
[vector] 29985 27383 30651 False
[vector] 25692 30457 27311 False
[vector] 25876 29223 30673 False
[vector] 28356 28668 30333 False
[vector] 27972 27161 31986 False
[vector] 27981 29699 28136 False
[vector] 26947 29885 28654 False
[vector] 28668 28894 29527 False
[vector] 32240 25709 28583 False
[vector] 27354 27185 32199 False
[vector] 26432 30146 28493 False
[vector] 25856 26223 32757 False
[vector] 28721 28796 29530 False
[vector] 28332 28356 30920 False
[vector] 28071 28472 30884 False
[vector] 25587 30624 26091 False
[vector] 29771 28249 29592 False
[vector] 29340 28668 29164 False
[vector] 29094 28685 29455 False
[vector] 31789 26959 28699 False
[vector] 32346 26551 27233 False
[vector] 25581 29518 30081 False
[vector] 29193 28432 29893 False
[vector] 32964 25323 26524 False
[vector] 28316 29055 29493 False
[vector] 27626 28368 31257 False
[vector] 28735 26087 31948 False
[vector] 30475 27984 29338 False
[vector] 29778 28056 30230 False
[vector] 27290 29465 29565 False
[vector] 27381 29569 29441 False
[vector] 26495 27752 31965 False
[vector] 29651 28652 28811 False
[vector] 26690 29844 29024 False
[vector] 33194 24743 25743 False
[vector] 27967 27623 31707 False
[vector] 28071 29426 28789 False
[vector] 29071 29091 28403 False
[vector] 27801 29515 28840 False
[vector] 30819 26098 30481 False
[vector] 29558 29070 26977 False
[vector] 23759 30911 25198 False
[vector] 26759 26959 32450 False
[vector] 29639 28651 29013 False
[vector] 25612 29250 30605 False
[vector] 32133 26756 27912 False
[vector] 25504 30283 28396 False
[vector] 26749 28796 31092 False
[vector] 28829 27995 31147 False
[vector] 26271 29953 28889 False
[vector] 27608 29514 29039 False
[vector] 27576 29553 28930 False
[vector] 24024 30780 26530 False
[vector] 27716 29261 29577 False
[vector] 26336 29995 28854 False
[vector] 30512 25911 30980 False
[vector] 30372 28290 28546 False
[vector] 27406 29715 28679 False
[vector] 30906 27458 29617 False
[vector] 28143 28859 30125 False
[vector] 32821 24604 27283 False
[vector] 30961 27560 29150 False
[vector] 27536 29611 28818 False
[vector] 28186 29244 29087 False
[vector] 29410 28059 30544 False
[vector] 27326 29677 28833 False
[vector] 25177 30327 28239 False
[vector] 26737 29064 30636 False
[vector] 28991 25614 31791 False
[vector] 26495 29033 30879 False
[vector] 29638 27992 30429 False
[vector] 28855 26636 31649 False
[vector] 29543 28500 29374 False
[vector] 31019 27780 28146 False
[vector] 28123 27168 31858 False
[vector] 25257 30704 25808 False
[vector] 27003 29111 30521 False
[vector] 28746 28772 29624 False
[vector] 28699 26287 31985 False
[vector] 25408 30132 28757 False
[vector] 27443 28456 31334 False
[vector] 30217 28154 29293 False
[vector] 28802 29104 28764 False
[vector] 28463 28338 30791 False
[vector] 28597 27919 31263 False
[vector] 27258 28586 31151 False
[vector] 31018 27693 28639 False
[vector] 27943 29993 26332 False
[vector] 24623 24037 33137 False
[vector] 27289 28914 30825 False
[vector] 24555 24895 33083 False
[vector] 26769 28043 31806 False
[vector] 31587 26077 29700 False
[vector] 28779 29154 28478 False
[vector] 27348 28427 31439 False
[vector] 28859 29129 28599 False
[vector] 29035 29179 27943 False
[vector] 28532 28784 30000 False
[vector] 29821 27603 30717 False
[vector] 27614 28466 31055 False
[vector] 29789 28713 28037 False
[vector] 25544 29608 30229 False
[vector] 25620 30294 28347 False
[vector] 26310 30535 25741 False
[vector] 28357 27830 31505 False
[vector] 29696 27676 30790 False
[vector] 27973 26246 32151 False
[vector] 29345 28044 30550 False
[vector] 28493 28927 29606 False
[vector] 31608 25679 29608 False
[vector] 28339 28255 31417 False
[vector] 30463 27806 29466 False
[vector] 30406 27673 29977 False
[vector] 25183 30117 29078 False
[vector] 29282 28549 29526 False
[vector] 24301 30633 27597 False
[vector] 29968 28768 27169 False
[vector] 31164 27824 27642 False
[vector] 30172 27081 30816 False
[vector] 28915 29409 27115 False
[vector] 26180 30216 27958 False
[vector] 29129 29075 28545 False
[vector] 30647 27858 29042 False
[vector] 27183 27928 31677 False
[vector] 29064 28721 29396 False
[vector] 31145 26465 29980 False
[vector] 31648 26507 29381 False
[vector] 28168 29915 26421 False
[vector] 27667 29573 28774 False
[vector] 28268 26237 32031 False
[vector] 30391 26418 30717 False
[vector] 26890 29705 29620 False
[vector] 27867 29348 29334 False
[vector] 26364 25001 32722 False
[vector] 29467 28765 28516 False
[vector] 24807 25313 33020 False
[vector] 30866 26170 30468 False
[vector] 32373 26389 27836 False
[vector] 28331 29425 28689 False
[vector] 32146 26897 26349 False
[vector] 30795 27587 29513 False
[vector] 30895 28028 27881 False
[vector] 28828 27555 31311 False
[vector] 28076 29115 29791 False
[vector] 29635 28455 29401 False
[vector] 32450 25836 27839 False
[vector] 29005 28502 30174 False
[vector] 23745 30852 25751 False
[vector] 28396 28388 30906 False
[vector] 25524 30143 28708 False
[vector] 30822 24773 30696 False
[vector] 28222 25822 32146 False
[vector] 28810 29454 26876 False
[vector] 32238 26742 26668 False
[vector] 29249 27893 30911 False
[vector] 23672 30741 27012 False
[vector] 30529 28194 28323 False
[vector] 30447 27840 29548 False
[vector] 31303 25750 30113 False
[vector] 32056 26912 26847 False
[vector] 31255 27444 29138 False
[vector] 31908 27182 28086 False
[vector] 25931 28837 31248 False
[vector] 27937 29451 28751 False
[vector] 32509 25015 28061 False
[vector] 28819 28490 30228 False
[vector] 27865 29910 26843 False
[vector] 32133 25626 28836 False
[vector] 28288 29695 27160 False
[vector] 28434 27571 31445 False
[vector] 31564 27050 28600 False
[vector] 24754 24495 33117 False
[vector] 28486 29467 28066 False
[vector] 27771 29197 29695 False
[vector] 28505 29667 27487 False
[vector] 28864 25906 31794 False
[vector] 31133 26069 30159 False
[vector] 26542 25369 32675 False
[vector] 31658 25563 29753 False
[vector] 26966 30264 26582 False
[vector] 30091 28047 29582 False
[vector] 29539 28304 29762 False
[vector] 25611 26412 32792 False
[vector] 32397 25531 28254 False
[vector] 27792 27751 31627 False
[vector] 29553 28714 28674 False
[vector] 32159 26089 28537 False
[vector] 27957 29247 29315 False
[vector] 28620 26672 31799 False
[vector] 32387 26666 26946 False
[vector] 27806 29320 29434 False
[vector] 29061 28726 29441 False
[vector] 30312 28355 28451 False
[vector] 25477 29764 29981 False
[vector] 31004 28001 27206 False
[vector] 27831 27651 31695 False
[vector] 25235 30667 26601 False
[vector] 30725 28239 27279 False
[vector] 32198 26023 28368 False
[vector] 30422 27744 29748 False
[vector] 28194 29015 29620 False
[vector] 29432 28775 28514 False
[vector] 32745 24986 27732 False
[vector] 29150 28040 30680 False
[vector] 28479 28939 29572 False
[vector] 27938 28912 30117 False
[vector] 27589 28492 31085 False
[vector] 29670 28958 27509 False
[vector] 28024 26864 32069 False
[vector] 28465 27552 31580 False
[vector] 30500 28384 27023 False
[vector] 28063 28895 30036 False
[vector] 26668 25287 32675 False
[vector] 28578 29172 29029 False
[vector] 31497 27587 27485 False
[vector] 32861 26032 26106 False
[vector] 27948 27017 32098 False
[vector] 31017 27414 29673 False
[vector] 31080 27198 29524 False
[vector] 26901 29237 30520 False
[vector] 30062 27719 30184 False
[vector] 24697 30825 25457 False
[vector] 30325 28574 26737 False
[vector] 28753 28999 29179 False
[vector] 30237 26397 30994 False
[vector] 26445 25241 32684 False
[vector] 29451 28671 28997 False
[vector] 27120 30193 26523 False
[vector] 24966 29696 30129 False
[vector] 25321 30513 27402 False
[vector] 28313 28768 30226 False
[vector] 22695 22571 33301 False
[vector] 29965 28745 27458 False
[vector] 29528 28534 29237 False
[vector] 26371 27732 31991 False
[vector] 26778 27565 32059 False
[vector] 28626 29178 28750 False
[vector] 25364 28683 31288 False
[vector] 29311 27742 31062 False
[vector] 26105 30603 25914 False
[vector] 28383 28788 29933 False
[vector] 25888 30300 27737 False
[vector] 32629 26275 27049 False
[vector] 28939 27921 31040 False
[vector] 31656 26981 28805 False
[vector] 28848 26578 31713 False
[vector] 27296 29611 29219 False
[vector] 29849 27509 30886 False
[vector] 28792 29278 28048 False
[vector] 28730 28884 29381 False
[vector] 25089 30390 27838 False
[vector] 24904 30482 28038 False
[vector] 26550 29946 28724 False
[vector] 27577 26960 32308 False
[vector] 31618 26846 29337 False
[vector] 27766 28854 30438 False
[vector] 26312 29793 29520 False
[vector] 29903 28073 29807 False
[vector] 29687 28867 27582 False
[vector] 30507 27986 28882 False
[vector] 32330 26328 28015 False
[vector] 26052 29559 30076 False
[vector] 29796 28345 29392 False
[vector] 27542 29816 28135 False
[vector] 27407 29519 29299 False
[vector] 26691 30256 27140 False
[vector] 26970 30024 28278 False
[vector] 30576 28099 28521 False
[vector] 29512 29176 26988 False
[vector] 26178 30411 26669 False
[vector] 29585 28667 28726 False
[vector] 27516 29231 29735 False
[vector] 28593 28929 29470 False
[vector] 31388 27473 28048 False
[vector] 30133 27714 30186 False
[vector] 31535 27293 28572 False
[vector] 28515 29231 28696 False
[vector] 31546 26104 29561 False
[vector] 26203 30346 27446 False
[vector] 30562 28267 28093 False
[vector] 28725 28388 30566 False
[vector] 29701 28641 28867 False
[vector] 28373 29265 29010 False
[vector] 30156 28401 28731 False
[vector] 29717 27244 31012 False
[vector] 33233 24629 26002 False
[vector] 27552 28582 31233 False
[vector] 27959 29233 29441 False
[vector] 29561 28654 28971 False
[vector] 28984 29388 27983 False
[vector] 23716 30794 26976 False
[vector] 31294 25487 30254 False
[vector] 23673 30617 28047 False
[vector] 29767 28237 29647 False
[vector] 32261 26342 28057 False
[vector] 28316 28882 30118 False
[vector] 26469 29452 30034 False
[vector] 28682 29295 28074 False
[vector] 30564 27188 30465 False
[vector] 31477 27124 29002 False
[vector] 29594 29145 25927 False
[vector] 25480 30000 29271 False
[vector] 28458 26878 31753 False
[vector] 28698 28895 29449 False
[vector] 32965 25317 26712 False
[vector] 28104 28699 30561 False
[vector] 30645 26980 30407 False
[vector] 26616 25424 32639 False
[vector] 28801 29510 26662 False
[vector] 28452 27859 31400 False
[vector] 26711 29855 28881 False
[vector] 32094 26822 28081 False
[vector] 28678 28604 30243 False
[vector] 31506 27465 27835 False
[vector] 27465 29658 28928 False
[vector] 31390 27500 28007 False
[vector] 30707 27894 29023 False
[vector] 26058 30349 27460 False
[vector] 29708 28712 28627 False
[vector] 26737 25046 32611 False
[vector] 28454 29524 28253 False
[vector] 28619 29434 27833 False
[vector] 33034 25178 26506 False
[vector] 29163 27632 31107 False
[vector] 29126 27325 31267 False
[vector] 29484 28099 30179 False
[vector] 28885 28458 30267 False
[vector] 27391 29526 29232 False
[vector] 27283 29417 29621 False
[vector] 31661 27373 26275 False
[vector] 31692 26574 29257 False
[vector] 32702 24925 27911 False
[vector] 27166 27473 32012 False
[vector] 26029 30062 28848 False
[vector] 26641 26708 32451 False
[vector] 31660 26735 29290 False
[vector] 32329 25589 28400 False
[vector] 27099 29782 28673 False
[vector] 24734 30326 28375 False
[vector] 31107 27036 30127 False
[vector] 29064 28340 30374 False
[vector] 32036 26653 28511 False
[vector] 33022 25450 26201 False
[vector] 31381 26973 29363 False
[vector] 26654 27545 32085 False
[vector] 29265 29275 25821 False
[vector] 26289 30117 28626 False
[vector] 29814 28809 27837 False
[vector] 31846 27092 28188 False
[vector] 24621 30711 26812 False
[vector] 26556 28182 31646 False
[vector] 29074 27846 31118 False
[vector] 29567 27937 30590 False
[vector] 27564 28396 31285 False
[vector] 26994 30214 26708 False
[vector] 28461 28420 30624 False
[vector] 25176 30373 27952 False
[vector] 30672 27928 28884 False
[vector] 23986 30861 25296 False
[vector] 30965 27480 29270 False
[vector] 25602 30015 29096 False
[vector] 27448 28920 30638 False
[vector] 28112 28387 30972 False
[vector] 29966 27568 30545 False
[vector] 30992 27318 29873 False
[vector] 31940 26502 28872 False
[vector] 31071 25440 30489 False
[vector] 30743 27851 28832 False
[vector] 30364 28009 29280 False
[vector] 29203 28876 28975 False
[vector] 30490 27539 30008 False
[vector] 28144 28857 30208 False
[vector] 27885 27211 31898 False
[vector] 29073 29400 26166 False
[vector] 28807 27515 31339 False
[vector] 28985 27261 31618 False
[vector] 29775 27681 30727 False
[vector] 30539 28105 28423 False
[vector] 28755 28980 29181 False
[vector] 27650 29905 27833 False
[vector] 28149 29005 29779 False
[vector] 27686 30034 26559 False
[vector] 27624 29148 30170 False
[vector] 30350 27725 29954 False
[vector] 28405 29226 29119 False
[vector] 30701 27378 30074 False
[vector] 27212 29724 28855 False
[vector] 27099 30194 25682 False
[vector] 33286 24580 25232 False
[vector] 30357 28352 28031 False
[vector] 27439 29089 30200 False
[vector] 31098 27664 28472 False
[vector] 30961 27726 28785 False
[vector] 26643 29579 29738 False
[vector] 24584 24506 33116 False
[vector] 31600 27060 28492 False
[vector] 29412 28210 30229 False
[vector] 28180 29264 29209 False
[vector] 28930 28764 29485 False
[vector] 31253 25742 30169 False
[vector] 29091 27579 31113 False
[vector] 27077 29234 30382 False
[vector] 28406 26877 31985 False
[vector] 26027 29463 30276 False
[vector] 29704 28516 29015 False
[vector] 29107 28725 29336 False
[vector] 26269 28345 31552 False
[vector] 27626 29198 30145 False
[vector] 31436 26386 30066 False
[vector] 26562 29267 30330 False
[vector] 27681 29281 29659 False
[vector] 30112 28447 28310 False
[vector] 31508 26743 29364 False
[vector] 30814 27071 30069 False
[vector] 25101 30383 28361 False
[vector] 25684 29777 29970 False
[vector] 27281 25775 32508 False
[vector] 28036 28768 30510 False
[vector] 31183 27275 29161 False
[vector] 26333 27892 31894 False
[vector] 28979 29062 28619 False
[vector] 28513 29578 27365 False
[vector] 31921 25409 29283 False
[vector] 28987 29002 28916 False
[vector] 32161 25616 28598 False
[vector] 26948 29855 28792 False
[vector] 28872 29034 28915 False
[vector] 29971 28453 28708 False
[vector] 29116 29170 28229 False
[vector] 29245 28578 29567 False
[vector] 28738 27886 31372 False
[vector] 27135 25806 32502 False
[vector] 28906 28193 30648 False
[vector] 29907 26680 31154 False
[vector] 29528 28695 28957 False
[vector] 24433 30433 28095 False
[vector] 32140 26094 28411 False
[vector] 28332 28876 29859 False
[vector] 27038 30213 26509 False
[vector] 26299 30062 28560 False
[vector] 30135 27475 30545 False
[vector] 27418 29838 28302 False
[vector] 25958 30578 26251 False
[vector] 27210 30125 27003 False
[vector] 27905 29287 29517 False
[vector] 27180 28788 30926 False
[vector] 29954 28486 28885 False
[vector] 30018 28274 28967 False
[vector] 28093 28901 29999 False
[vector] 29460 28832 28423 False
[vector] 26235 26981 32389 False
[vector] 28395 28200 31066 False
[vector] 27428 29497 29369 False
[vector] 31462 25587 30010 False
[vector] 27136 28523 31328 False
[vector] 28860 28362 30467 False
[vector] 30826 27532 29397 False
[vector] 31152 27828 27621 False
[vector] 25447 30689 26116 False
[vector] 26337 25903 32680 False
[vector] 25774 30225 28289 False
[vector] 25441 30218 28520 False
[vector] 29958 27667 30393 False
[vector] 28434 28303 30876 False
[vector] 29223 28225 30414 False
[vector] 29451 28158 30299 False
[vector] 27772 28101 31457 False
[vector] 28336 26013 32068 False
[vector] 30561 27856 29260 False
[vector] 24770 26168 32851 False
[vector] 27932 28820 30335 False
[vector] 28232 29750 27511 False
[vector] 24376 30667 27422 False
[vector] 30774 26640 30420 False
[vector] 27741 29699 28537 False
[vector] 28286 29683 27205 False
[vector] 26321 27662 32221 False
[vector] 26778 29314 30127 False
[vector] 30460 26365 30721 False
[vector] 30001 28178 29288 False
[vector] 32316 26256 28347 False
[vector] 26948 29002 30636 False
[vector] 26005 30293 27496 False
[vector] 30075 28407 28456 False
[vector] 27153 29400 29743 False
[vector] 27061 30230 25991 False
[vector] 26509 30387 26090 False
[vector] 27939 27027 32068 False
[vector] 28218 26789 31995 False
[vector] 29713 28175 29778 False
[vector] 28377 28808 30055 False
[vector] 28705 29575 27628 False
[vector] 29540 24682 31548 False
[vector] 29315 26704 31473 False
[vector] 32444 26799 26435 False
[vector] 24659 29763 30123 False
[vector] 30119 25066 31181 False
[vector] 28467 29422 28424 False
[vector] 30335 28372 27933 False
[vector] 30472 28394 27261 False
[vector] 26853 30128 27624 False
[vector] 31844 26483 29124 False
[vector] 30281 28501 27483 False
[vector] 29727 28591 28725 False
[vector] 27484 27360 31995 False
[vector] 31530 27543 25886 False
[vector] 29304 28269 30182 False
[vector] 26073 30046 28665 False
[vector] 27115 29418 29772 False
[vector] 29461 27582 31094 False
[vector] 30920 27029 30231 False
[vector] 32744 25675 27089 False
[vector] 27542 27597 31862 False
[vector] 27329 28950 30527 False
[vector] 29956 28493 28590 False
[vector] 27045 29466 29540 False
[vector] 30986 27822 28585 False
[vector] 29620 28597 29099 False
[vector] 32157 26105 28392 False
[vector] 28070 29125 29536 False
[vector] 29807 28584 28928 False
[vector] 29689 28816 28144 False
[vector] 27457 24285 32399 False
[vector] 26417 30208 27978 False
[vector] 30321 27761 29874 False
[vector] 28387 28777 30007 False
[vector] 29901 28760 27850 False
[vector] 26441 30109 28552 False
[vector] 31856 25753 29216 False
[vector] 26926 29505 29583 False
[vector] 29380 28487 29663 False
[vector] 29955 28256 29298 False
[vector] 28894 28546 30118 False
[vector] 28392 28007 31252 False
[vector] 26376 30433 25796 False
[vector] 29508 28804 28486 False
[vector] 28767 29135 28598 False
[vector] 32484 25494 27899 False
[vector] 29123 28030 30875 False
[vector] 28451 27567 31453 False
[vector] 31936 27016 27257 False
[vector] 26471 28913 30967 False
[vector] 26320 28986 31086 False
[vector] 28920 28680 29643 False
[vector] 31828 25763 29454 False
[vector] 28789 29402 27685 False
[vector] 29373 29269 27002 False
[vector] 29951 28266 29262 False
[vector] 28693 28740 29840 False
[vector] 24930 30733 26486 False
[vector] 29314 26471 31581 False
[vector] 25920 29488 30271 False
[vector] 26231 29460 30088 False
[vector] 26305 30511 26055 False
[vector] 28135 27966 31622 False
[vector] 24887 30556 27557 False
[vector] 26083 29236 30662 False
[vector] 31033 26011 30636 False
[vector] 27848 27647 31703 False
[vector] 26369 26488 32559 False
[vector] 30853 27370 30000 False
[vector] 28512 27997 31134 False
[vector] 27454 29066 30292 False
[vector] 26197 24114 32786 False
[vector] 27710 29287 29632 False
[vector] 32273 25296 28568 False
[vector] 30357 26322 31024 False
[vector] 29486 26887 31428 False
[vector] 29358 28751 28875 False
[vector] 26156 26210 32740 False
[vector] 25831 29962 29273 False
[vector] 28412 29088 29295 False
[vector] 29149 28427 29928 False
[vector] 29397 28801 28653 False
[vector] 28599 29075 29124 False
[vector] 26890 24816 32601 False
[vector] 30833 28140 28151 False
[vector] 26042 29999 28829 False
[vector] 30493 28001 28755 False
[vector] 31045 28040 27176 False
[vector] 29446 28774 28544 False
[vector] 28605 28315 30711 False
[vector] 30647 26550 30478 False
[vector] 31242 25855 30270 False
[vector] 30783 26058 30612 False
[vector] 24887 30810 25765 False
[vector] 32190 26889 27401 False
[vector] 30291 27955 29723 False
[vector] 31412 26899 29509 False
[vector] 31158 27339 29270 False
[vector] 29331 26292 31481 False
[vector] 31974 25596 29209 False
[vector] 32048 26993 27545 False
[vector] 24341 23956 33164 False
[vector] 28783 29543 26850 False
[vector] 27056 27487 32038 False
[vector] 25561 30615 26756 False
[vector] 31278 27763 27566 False
[vector] 27104 29721 28899 False
[vector] 27911 29706 28144 False
[vector] 28689 29073 28964 False
[vector] 29203 28808 29006 False
[vector] 31392 27669 27660 False
[vector] 27485 29231 30036 False
[vector] 28856 28350 30522 False
[vector] 28398 29155 29359 False
[vector] 28604 27937 31182 False
[vector] 24414 30743 26621 False
[vector] 30115 27768 30098 False
[vector] 25654 30234 28389 False
[vector] 26927 29888 28445 False
[vector] 29040 28313 30491 False
[vector] 28451 28609 30485 False
[vector] 32123 26187 28745 False
[vector] 31149 27745 28436 False
[vector] 28589 29078 29245 False
[vector] 27789 29953 27469 False
[vector] 29143 28382 30098 False
[vector] 26502 29778 29828 False
[vector] 27951 29601 28423 False
[vector] 27806 28287 31326 False
[vector] 30007 28214 29285 False
[vector] 27815 28277 31356 False
[vector] 32208 26764 26505 False
[vector] 23945 30535 28137 False
[vector] 27117 27917 31719 False
[vector] 28906 25306 31827 False
[vector] 30195 27804 30084 False
[vector] 27688 29188 29999 False
[vector] 24662 29999 29413 False
[vector] 30476 27952 29141 False
[vector] 32061 26489 28591 False
[vector] 27812 27045 32086 False
[vector] 29549 29094 27601 False
[vector] 30024 27257 30722 False
[vector] 27711 29107 29922 False
[vector] 26471 29549 29846 False
[vector] 26028 30430 26815 False
[vector] 28139 28979 29801 False
[vector] 27745 29567 28872 False
[vector] 27836 28860 30369 False
[vector] 25985 30253 27886 False
[vector] 25305 29317 30599 False
[vector] 28486 26511 31953 False
[vector] 30659 27067 30273 False
[vector] 28448 27939 31280 False
[vector] 27237 29662 28989 False
[vector] 28916 29262 28088 False
[vector] 28458 29128 29122 False
[vector] 27264 29068 30512 False
[vector] 28456 28049 31166 False
[vector] 28931 28977 29043 False
[vector] 28650 26526 31790 False
[vector] 27227 27903 31693 False
[vector] 31142 27560 28729 False
[vector] 25746 30385 27478 False
[vector] 28719 28798 29544 False
[vector] 24056 30828 26200 False
[vector] 29146 27956 30699 False
[vector] 30640 28235 27315 False
[vector] 26744 29479 29889 False
[vector] 28693 29066 28907 False
[vector] 28477 29379 28215 False
[vector] 28792 29213 28405 False
[vector] 30476 28202 28628 False
[vector] 29358 29149 27319 False
[vector] 28420 29031 29536 False
[vector] 31645 26930 28873 False
[vector] 30124 27415 30589 False
[vector] 28691 28867 29607 False
[vector] 29105 28591 29671 False
[vector] 28947 28917 29065 False
[vector] 28905 28991 29105 False
[vector] 28870 25506 31864 False
[vector] 29220 26399 31735 False
[vector] 30107 28171 29319 False
[vector] 31619 25783 29569 False
[vector] 28210 29381 28794 False
[vector] 25813 30093 29002 False
[vector] 30592 28193 28040 False
[vector] 29109 28723 29322 False
[vector] 27258 29401 29690 False
[vector] 28848 28744 29543 False
[vector] 29115 27918 30902 False
[vector] 25147 30578 27367 False
[vector] 28288 26459 32030 False
[vector] 27850 29813 27974 False
[vector] 29900 28196 29701 False
[vector] 28890 28534 30173 False
[vector] 27870 28477 30856 False
[vector] 31551 27387 28091 False
[vector] 30269 28674 27029 False
[vector] 24873 30751 26318 False
[vector] 24736 29851 29609 False
[vector] 26190 30473 26532 False
[vector] 27769 29496 29233 False
[vector] 29970 28216 29408 False
[vector] 24292 24898 33080 False
[vector] 28275 28520 30598 False
[vector] 28246 29064 29534 False
[vector] 30751 27520 29637 False
[vector] 28631 27518 31477 False
[vector] 26990 29489 29662 False
[vector] 27713 28901 30565 False
[vector] 30581 28217 28239 False
[vector] 28890 28707 29548 False
[vector] 32619 26135 27584 False
[vector] 31821 26153 29385 False
[vector] 29852 28581 28508 False
[vector] 30751 25172 30838 False
[vector] 27539 29453 29425 False
[vector] 26826 30256 26864 False
[vector] 31523 25764 29821 False
[vector] 24705 30152 29120 False
[vector] 29148 29347 26913 False
[vector] 29573 28929 27550 False
[vector] 28565 29318 28245 False
[vector] 28882 27413 31389 False
[vector] 27597 30063 27149 False
[vector] 26724 29922 28646 False
[vector] 31100 27556 28783 False
[vector] 24678 30766 25854 False
[vector] 25842 30438 27165 False
[vector] 28947 28667 29662 False
[vector] 28466 28979 29681 False
[vector] 23853 30779 26676 False
[vector] 28467 28530 30553 False
[vector] 31119 26002 30279 False
[vector] 25229 30496 27694 False
[vector] 30622 26454 30678 False
[vector] 29918 26624 31223 False
[vector] 29743 28825 27633 False
[vector] 28684 29168 28842 False
[vector] 24954 24311 33110 False
[vector] 27897 29082 29867 False
[vector] 28664 28635 30004 False
[vector] 30111 26651 31135 False
[vector] 29640 28888 28305 False
[vector] 24855 30180 29098 False
[vector] 29251 28724 29221 False
[vector] 26974 29064 30547 False
[vector] 28470 29108 29134 False
[vector] 25529 29951 29280 False
[vector] 31538 27187 28534 False
[vector] 25414 29983 29279 False
[vector] 30337 27857 29574 False
[vector] 29148 27394 31244 False
[vector] 26527 30360 26423 False
[vector] 28507 29483 27733 False
[vector] 25927 30168 28450 False
[vector] 29591 28800 28441 False
[vector] 31796 26004 29393 False
[vector] 26524 30108 28337 False
[vector] 28832 28395 30544 False
[vector] 26918 29189 30392 False
[vector] 29643 25441 31480 False
[vector] 29666 28882 27644 False
[vector] 25943 29067 30921 False
[vector] 26076 25760 32775 False
[vector] 28767 29033 28968 False
[vector] 32491 26328 27541 False
[vector] 26447 29462 30001 False
[vector] 30001 27690 30323 False
[vector] 28608 26992 31748 False
[vector] 24383 30364 28373 False
[vector] 28793 29150 28585 False
[vector] 30285 26959 30784 False
[vector] 29110 29024 28575 False
[vector] 29194 28117 30669 False
[vector] 27148 29684 29026 False
[vector] 29892 28496 29031 False
[vector] 30449 27470 30211 False
[vector] 30013 28014 29905 False
[vector] 27811 27088 32037 False
[vector] 30177 28640 27829 False
[vector] 28098 27072 32058 False
[vector] 26727 30255 27495 False
[vector] 29063 29309 27593 False
[vector] 30170 27708 30284 False
[vector] 30195 28301 28717 False
[vector] 27289 29164 30312 False
[vector] 31628 27259 27913 False
[vector] 27876 29253 29529 False
[vector] 28448 29534 27998 False
[vector] 28142 29213 29225 False
[vector] 27226 27946 31644 False
[vector] 26062 30426 26985 False
[vector] 27022 29487 29866 False
[vector] 30560 27008 30608 False
[vector] 26537 27576 32037 False
[vector] 31438 26908 29130 False
[vector] 28927 28053 30925 False
[vector] 31449 25719 30119 False
[vector] 28114 28883 30001 False
[vector] 29992 28356 28803 False
[vector] 28857 26568 31743 False
[vector] 26025 29802 29516 False
[vector] 30057 27677 30320 False
[vector] 32632 26276 26021 False
[vector] 28558 28333 30692 False
[vector] 27101 29439 29625 False
[vector] 27232 26704 32404 False
[vector] 27075 28093 31647 False
[vector] 32248 24940 28718 False
[vector] 27200 30171 25612 False
[vector] 29098 27966 31030 False
[vector] 29232 27221 31301 False
[vector] 28033 29573 28642 False
[vector] 28317 28402 30841 False
[vector] 31464 27371 28831 False
[vector] 29917 27863 30266 False
[vector] 28463 29702 26370 False
[vector] 28200 28850 30200 False
[vector] 24163 30677 27385 False
[vector] 28012 29044 29813 False
[vector] 29943 28375 29212 False
[vector] 30633 28232 28010 False
[vector] 28590 26625 31819 False
[vector] 26951 27619 32001 False
[vector] 26572 29930 28720 False
[vector] 28103 29593 28349 False
[vector] 28490 28358 30647 False
[vector] 28918 25125 31793 False
[vector] 28714 29594 27180 False
[vector] 29545 26431 31378 False
[vector] 28645 28645 30051 False
[vector] 28146 29585 27912 False
[vector] 31119 26537 30117 False
[vector] 26768 29838 29122 False
[vector] 31756 26886 28929 False
[vector] 25939 30243 28020 False
[vector] 28159 29124 29487 False
[vector] 25187 30737 24904 False
[vector] 30445 28213 28359 False
[vector] 30505 28054 28542 False
[vector] 29211 28576 29645 False
[vector] 27360 29254 30013 False
[vector] 32308 25780 28456 False
[vector] 28617 28575 30382 False
[vector] 31710 25730 29575 False
[vector] 27903 26400 32191 False
[vector] 28588 29656 26145 False
[vector] 31542 26993 28661 False
[vector] 32131 26644 28283 False
[vector] 28217 28388 30919 False
[vector] 29945 28120 29608 False
[vector] 26985 29442 29899 False
[vector] 28774 29279 28031 False
[vector] 24838 25970 32896 False
[vector] 27557 29444 29478 False
[vector] 27633 28757 30683 False
[vector] 27575 28188 31598 False
[vector] 27373 28523 31239 False
[vector] 25745 29441 30478 False
[vector] 25623 30594 26393 False
[vector] 27138 28987 30944 False
[vector] 29903 28028 29931 False
[vector] 32684 25402 28040 False
[vector] 29720 28221 29718 False
[vector] 29168 28478 29898 False
[vector] 27714 29138 29857 False
[vector] 30360 28016 29337 False
[vector] 26818 24953 32590 False
[vector] 28262 28518 30623 False
[vector] 27992 25274 32230 False
[vector] 29820 28702 28306 False
[vector] 27876 29698 28189 False
[vector] 32759 25058 27400 False
[vector] 31094 26441 30317 False
[vector] 32131 26177 28529 False
[vector] 31566 27135 28399 False
[vector] 25593 29983 29266 False
[vector] 30418 26752 30705 False
[vector] 31744 26143 29410 False
[vector] 32586 26336 26103 False
[vector] 32796 26164 26663 False
[vector] 30287 28259 28651 False
[vector] 27919 25776 32293 False
[vector] 28467 29216 28973 False
[vector] 26936 29267 30273 False
[vector] 31321 26668 29812 False
[vector] 29006 29176 28104 False
[vector] 27564 25750 32313 False
[vector] 28801 26227 31819 False
[vector] 26794 28139 31606 False
[vector] 31681 25006 29763 False
[vector] 27056 29844 28892 False
[vector] 32814 25687 26534 False
[vector] 28356 29521 28489 False
[vector] 25680 28172 31772 False
[vector] 31935 26743 28732 False
[vector] 28390 28680 30222 False
[vector] 32051 26036 28822 False
[vector] 27499 28354 31320 False
[vector] 30665 27985 28607 False
[vector] 26586 26382 32462 False
[vector] 25559 30625 27071 False
[vector] 29351 28726 29085 False
[vector] 28156 29632 27856 False
[vector] 29314 28716 29086 False
[vector] 31426 25253 30129 False
[vector] 27248 29920 28033 False
[vector] 30316 27385 30311 False
[vector] 32035 26026 28890 False
[vector] 29791 28938 26915 False
[vector] 27932 29401 29002 False
[vector] 28439 29586 27738 False
[vector] 26854 25340 32585 False
[vector] 30353 28432 27911 False
[vector] 30612 27423 29889 False
[vector] 32277 25957 28416 False
[vector] 28447 28074 31174 False
[vector] 28620 28465 30614 False
[vector] 28319 28758 30481 False
[vector] 29811 28544 28719 False
[vector] 32204 25152 28679 False
[vector] 32319 26396 27907 False
[vector] 27696 28301 31352 False
[vector] 25340 27913 31972 False
[vector] 26980 30229 26581 False
[vector] 27342 30077 27447 False
[vector] 26343 30205 27997 False
[vector] 28439 26160 32059 False
[vector] 27305 29875 28038 False
[vector] 32816 24726 27176 False
[vector] 28204 28379 30994 False
[vector] 26926 26671 32441 False
[vector] 31410 26915 29364 False
[vector] 26033 30158 28480 False
[vector] 33137 24610 26254 False
[vector] 24388 30803 25783 False
[vector] 30748 26469 30545 False
[vector] 25952 29936 29397 False
[vector] 29703 28248 29725 False
[vector] 25083 30104 29110 False
[vector] 31280 27540 28938 False
[vector] 32579 26325 26791 False
[vector] 28099 29034 29714 False
[vector] 26349 25761 32725 False
[vector] 27911 29433 29171 False
[vector] 32235 26690 26857 False
[vector] 28903 28329 30407 False
[vector] 31452 27590 27905 False
[vector] 31206 26948 29630 False
[vector] 30247 28530 27096 False
[vector] 29046 27691 31299 False
[vector] 29274 28268 30260 False
[vector] 28785 29126 28651 False
[vector] 25772 24312 32968 False
[vector] 31415 27596 27807 False
[vector] 31761 27325 26033 False
[vector] 31318 26407 29822 False
[vector] 31230 26919 29545 False
[vector] 26915 29896 28600 False
[vector] 29302 27752 31032 False
[vector] 26661 29148 30762 False
[vector] 24104 30721 26768 False
[vector] 28830 26666 31671 False
[vector] 30981 28074 27059 False
[vector] 29352 28366 30012 False
[vector] 26026 30433 27218 False
[vector] 28278 28502 30855 False
[vector] 26232 29984 29137 False
[vector] 28315 29682 27179 False
[vector] 28088 28991 29836 False
[vector] 28201 29087 29492 False
[vector] 28181 28800 30344 False
[vector] 27804 29891 27984 False
[vector] 24298 30218 28882 False
[vector] 28377 28486 30624 False
[vector] 29020 27291 31371 False
[vector] 28462 28354 30728 False
[vector] 32329 26536 27372 False
[vector] 29532 28960 27701 False
[vector] 28832 28657 29974 False
[vector] 28673 28723 29855 False
[vector] 31394 27421 28335 False
[vector] 28193 27101 31953 False
[vector] 31325 27171 29017 False
[vector] 27956 29025 29995 False
[vector] 25201 30365 28231 False
[vector] 28010 26284 32137 False
[vector] 32050 27028 26600 False
[vector] 28604 27205 31751 False
[vector] 26997 28276 31498 False
[vector] 30463 28084 29250 False
[vector] 30572 27812 29249 False
[vector] 25171 30376 27848 False
[vector] 28593 28682 30114 False
[vector] 27032 25659 32511 False
[vector] 31731 26790 29129 False
[vector] 29933 25527 31347 False
[vector] 27286 29839 28338 False
[vector] 29346 27864 30840 False
[vector] 27001 29520 29519 False
[vector] 29338 26954 31359 False
[vector] 26362 27529 32244 False
[vector] 29492 28961 28112 False
[vector] 29032 27253 31421 False
[vector] 28149 27538 31678 False
[vector] 26551 29567 29744 False
[vector] 28749 29006 29236 False
[vector] 30611 27756 29620 False
[vector] 30869 27464 29519 False
[vector] 28969 29182 28006 False
[vector] 30616 28100 28319 False
[vector] 28818 29246 28385 False
[vector] 27708 29740 28345 False
[vector] 22962 30932 24976 False
[vector] 27903 29750 27851 False
[vector] 27126 29864 28599 False
[vector] 26732 26319 32551 False
[vector] 29338 26283 31541 False
[vector] 26507 29608 29637 False
[vector] 29214 28408 29875 False
[vector] 27127 26485 32433 False
[vector] 24515 30517 27803 False
[vector] 28970 28380 30396 False
[vector] 29970 27800 30143 False
[vector] 26877 25064 32564 False
[vector] 32122 26812 27843 False
[vector] 28718 28956 29256 False
[vector] 30197 26386 31150 False
[vector] 30698 28058 28377 False
[vector] 31342 27087 29104 False
[vector] 31635 26639 29490 False
[vector] 29023 28791 29336 False
[vector] 27933 27569 31832 False
[vector] 27835 26624 32154 False
[vector] 27005 28741 31133 False
[vector] 27626 29703 28499 False
[vector] 30587 28363 27893 False
[vector] 29007 28588 29907 False
[vector] 26822 29579 29725 False
[vector] 29101 29232 27714 False
[vector] 27941 28823 30217 False
[vector] 26950 27199 32181 False
[vector] 26605 29243 30318 False
[vector] 28234 29110 29431 False
[vector] 30034 27917 30000 False
[vector] 30605 27227 30435 False
[vector] 29598 26885 31374 False
[vector] 31295 27197 29110 False
[vector] 26489 30025 28767 False
[vector] 28680 29288 28248 False
[vector] 25534 30529 27271 False
[vector] 31566 26912 28934 False
[vector] 27962 29171 29649 False
[vector] 28739 28802 29465 False
[vector] 31788 26592 28798 False
[vector] 30220 27234 30672 False
[vector] 27419 27318 32030 False
[vector] 29722 28202 29707 False
[vector] 25282 30382 27846 False
[vector] 26899 29969 28439 False
[vector] 27521 29225 29734 False
[vector] 31349 27653 28577 False
[vector] 26733 30185 27390 False
[vector] 30647 27832 29084 False
[vector] 28455 29513 27899 False
[vector] 26152 30128 28591 False
[vector] 29989 26170 31340 False
[vector] 26870 30310 26149 False
[vector] 28650 28767 29846 False
[vector] 31312 27659 28479 False
[vector] 31355 27206 28966 False
[vector] 26695 29936 28611 False
[vector] 26088 30407 26699 False
[vector] 28911 28437 30268 False
[vector] 31106 26669 30226 False
[vector] 30465 27443 30208 False
[vector] 26890 27189 32320 False
[vector] 27361 28621 31037 False
[vector] 26130 30217 27974 False
[vector] 26093 30511 26641 False
[vector] 28790 29274 28222 False
[vector] 30514 28009 28623 False
[vector] 29402 27641 31062 False
[vector] 26800 27931 31750 False
[vector] 28707 29391 27874 False
[vector] 32548 26461 27030 False
[vector] 29999 27507 30542 False
[vector] 29859 28308 29328 False
[vector] 31297 27181 29255 False
[vector] 30887 28105 26959 False
[vector] 26017 30485 26958 False
[vector] 32392 26120 27901 False
[vector] 28264 28948 29715 False
[vector] 27219 29080 30367 False
[vector] 28438 29022 29589 False
[vector] 30094 28311 28833 False
[vector] 27401 29807 28339 False
[vector] 26179 28317 31654 False
[vector] 26750 30352 26883 False
[vector] 28724 28571 30183 False
[vector] 28840 29129 28620 False
[vector] 32185 25188 28682 False
[vector] 28368 26903 31990 False
[vector] 28536 29557 27667 False
[vector] 30422 27346 30314 False
[vector] 28602 28976 29416 False
[vector] 28041 26257 32088 False
[vector] 31871 27188 27988 False
[vector] 27796 27671 31747 False
[vector] 25188 30299 28339 False
[vector] 25681 30492 27569 False
[vector] 28360 29386 28498 False
[vector] 26415 30368 26961 False
[vector] 24960 26451 32691 False
[vector] 25405 30142 28930 False
[vector] 28570 28809 29856 False
[vector] 29504 29097 28021 False
[vector] 31068 26737 30196 False
[vector] 31386 26436 29808 False
[vector] 27462 26431 32309 False
[vector] 28133 26674 32075 False
[vector] 27521 28254 31559 False
[vector] 32105 26473 28408 False
[vector] 29727 28731 28114 False
[vector] 31189 27265 29416 False
[vector] 28583 29088 28990 False
[vector] 25841 26843 32488 False
[vector] 28205 28679 30528 False
[vector] 27688 28866 30568 False
[vector] 30165 27305 30684 False
[vector] 28382 29471 28347 False
[vector] 31614 27147 28358 False
