[nb-items] 80
[nb-objectives] 3
[nb-pareto] 1965
[nb-lorenz] 50
[runtime] 950.0425128936768
[format] f1 f2 f3 isLorenzND
[vector] 31169 31860 29805 True
[vector] 31341 31930 29665 True
[vector] 31099 31683 30040 True
[vector] 30166 32619 30117 True
[vector] 31390 32237 29612 True
[vector] 30477 31252 30674 True
[vector] 30485 32282 30081 True
[vector] 30985 32127 29773 True
[vector] 31037 31306 30077 True
[vector] 31125 32086 29747 True
[vector] 30786 31358 30305 True
[vector] 30467 31855 30418 True
[vector] 31786 32470 29005 True
[vector] 31793 33167 28404 True
[vector] 31667 32563 29058 True
[vector] 30646 31388 30411 True
[vector] 31593 31573 29574 True
[vector] 30418 31548 30471 True
[vector] 31081 31080 30135 True
[vector] 31222 32023 29718 True
[vector] 30366 32375 30134 True
[vector] 31266 31797 29776 True
[vector] 30886 31591 30121 True
[vector] 30851 30943 30491 True
[vector] 31504 31754 29630 True
[vector] 31861 31693 29346 True
[vector] 30541 30933 30493 True
[vector] 31679 31652 29496 True
[vector] 30491 32467 29923 True
[vector] 30686 32581 29820 True
[vector] 31479 32056 29556 True
[vector] 31407 32802 29122 True
[vector] 31179 31257 30061 True
[vector] 30519 30898 30494 True
[vector] 30899 32840 29600 True
[vector] 31591 32535 29154 True
[vector] 30961 31278 30173 True
[vector] 30117 33225 29747 True
[vector] 30721 32316 29873 True
[vector] 31040 31979 29837 True
[vector] 30686 31668 30243 True
[vector] 31188 31502 29984 True
[vector] 30572 30549 30587 True
[vector] 30962 32262 29782 True
[vector] 31006 32036 29840 True
[vector] 30780 32020 30076 True
[vector] 30899 31927 30023 True
[vector] 30548 30688 30670 True
[vector] 31436 33228 28688 True
[vector] 31112 31148 30071 True
[vector] 28740 32957 30250 False
[vector] 32693 29771 28914 False
[vector] 28521 29823 31589 False
[vector] 29068 34336 27422 False
[vector] 28131 32999 30227 False
[vector] 28940 31965 30853 False
[vector] 32964 31617 27236 False
[vector] 27727 33444 29904 False
[vector] 27994 34317 28235 False
[vector] 30978 33368 28801 False
[vector] 26382 29138 32337 False
[vector] 28530 34369 27996 False
[vector] 32964 31745 26128 False
[vector] 32845 31116 28246 False
[vector] 27414 32009 31232 False
[vector] 28731 33150 30048 False
[vector] 29806 31135 30841 False
[vector] 32904 31045 27773 False
[vector] 31061 33376 28626 False
[vector] 28725 32662 30388 False
[vector] 33395 30228 27303 False
[vector] 27444 32801 30514 False
[vector] 30531 33075 29332 False
[vector] 32121 30410 29563 False
[vector] 28668 34404 27892 False
[vector] 33736 29480 26923 False
[vector] 33087 30843 27484 False
[vector] 30174 33845 28735 False
[vector] 27082 34494 27587 False
[vector] 27854 28719 31909 False
[vector] 33817 29543 26074 False
[vector] 32687 31428 28265 False
[vector] 31417 32199 29378 False
[vector] 27027 32670 30700 False
[vector] 27704 31873 31116 False
[vector] 26423 30252 32063 False
[vector] 27395 30879 31770 False
[vector] 32085 31738 28906 False
[vector] 32506 30917 28937 False
[vector] 24167 29156 32379 False
[vector] 29502 33934 29063 False
[vector] 33075 31440 26135 False
[vector] 31212 31363 29901 False
[vector] 32841 31874 26350 False
[vector] 29184 33748 29412 False
[vector] 25297 30515 31974 False
[vector] 27509 34504 27571 False
[vector] 30940 30762 30435 False
[vector] 33665 29547 26660 False
[vector] 30557 29473 30700 False
[vector] 27872 33845 29305 False
[vector] 26953 31381 31480 False
[vector] 30809 32920 29301 False
[vector] 31717 29171 30029 False
[vector] 28569 30021 31532 False
[vector] 26480 32206 31016 False
[vector] 33137 30663 27571 False
[vector] 31431 33355 28547 False
[vector] 27460 32723 30580 False
[vector] 31309 30449 30104 False
[vector] 27602 31525 31315 False
[vector] 31419 31891 29560 False
[vector] 28161 33791 29509 False
[vector] 26400 29948 32082 False
[vector] 31291 30872 30012 False
[vector] 26420 28893 32292 False
[vector] 30371 32726 29814 False
[vector] 30226 33031 29585 False
[vector] 29323 32019 30616 False
[vector] 29355 29350 31355 False
[vector] 26946 32381 30848 False
[vector] 28845 33652 29529 False
[vector] 29796 31856 30499 False
[vector] 30714 33006 29213 False
[vector] 29695 31637 30821 False
[vector] 31720 31277 29765 False
[vector] 32591 31340 28664 False
[vector] 29781 28174 31086 False
[vector] 31776 31882 29120 False
[vector] 26966 31196 31646 False
[vector] 30129 32029 30336 False
[vector] 30484 33671 28447 False
[vector] 32546 32167 27019 False
[vector] 26895 34260 28526 False
[vector] 32472 30520 29140 False
[vector] 28150 32317 30665 False
[vector] 29146 29720 31369 False
[vector] 27492 34177 28875 False
[vector] 32498 29945 29085 False
[vector] 31544 32133 29253 False
[vector] 33473 29739 27571 False
[vector] 31523 31770 29423 False
[vector] 28305 33820 29430 False
[vector] 31310 31497 29701 False
[vector] 31449 29868 30005 False
[vector] 31653 32970 28505 False
[vector] 32612 31481 28130 False
[vector] 32677 32031 28009 False
[vector] 28268 28921 31718 False
[vector] 30771 32446 29724 False
[vector] 30917 32495 29540 False
[vector] 32155 31550 29003 False
[vector] 26974 31485 31394 False
[vector] 29631 32660 30159 False
[vector] 25773 31618 31444 False
[vector] 28446 31328 31217 False
[vector] 31568 32220 29217 False
[vector] 30152 31266 30599 False
[vector] 27954 32478 30659 False
[vector] 30944 29633 30461 False
[vector] 26736 34396 28232 False
[vector] 28014 30708 31574 False
[vector] 27737 32936 30341 False
[vector] 29470 32937 30100 False
[vector] 32980 29450 28437 False
[vector] 30241 29531 30837 False
[vector] 27239 32358 30901 False
[vector] 28035 31693 31084 False
[vector] 28371 30453 31533 False
[vector] 28288 32566 30586 False
[vector] 31177 32894 29092 False
[vector] 29293 30083 31270 False
[vector] 28989 33634 29515 False
[vector] 27695 33975 29276 False
[vector] 31172 32968 29006 False
[vector] 31364 33484 28280 False
[vector] 31053 33162 29099 False
[vector] 28516 30364 31569 False
[vector] 28272 32644 30520 False
[vector] 33413 29634 27799 False
[vector] 27390 30324 31852 False
[vector] 31584 32751 28835 False
[vector] 29446 32418 30374 False
[vector] 27238 31035 31683 False
[vector] 31956 31135 29315 False
[vector] 32381 29022 29417 False
[vector] 26186 29639 32217 False
[vector] 29407 34123 28172 False
[vector] 30682 32157 29920 False
[vector] 28236 30854 31461 False
[vector] 29262 30919 31025 False
[vector] 27504 31219 31476 False
[vector] 30395 33279 29239 False
[vector] 27679 34298 28456 False
[vector] 30516 33836 27354 False
[vector] 31707 31503 29455 False
[vector] 33104 29341 28592 False
[vector] 31840 31297 29503 False
[vector] 28143 33646 29583 False
[vector] 32416 31826 28429 False
[vector] 31504 30563 30001 False
[vector] 26905 29976 32041 False
[vector] 32222 31069 29037 False
[vector] 33208 31075 26570 False
[vector] 28218 32202 30840 False
[vector] 27723 31838 31135 False
[vector] 26399 29008 32282 False
[vector] 28793 32998 30104 False
[vector] 31398 31139 29866 False
[vector] 32422 32218 27804 False
[vector] 30506 30731 30554 False
[vector] 27364 31417 31437 False
[vector] 29881 31268 30730 False
[vector] 30025 32634 29856 False
[vector] 27564 31024 31527 False
[vector] 28323 30301 31573 False
[vector] 32046 31953 28889 False
[vector] 33146 28987 28412 False
[vector] 31155 33068 28711 False
[vector] 32636 31147 28365 False
[vector] 30402 32175 30097 False
[vector] 30504 32402 29895 False
[vector] 25846 29234 32307 False
[vector] 31323 31006 29977 False
[vector] 32229 32044 28488 False
[vector] 31711 32337 29116 False
[vector] 33440 30852 25985 False
[vector] 26976 30593 31902 False
[vector] 27075 31536 31352 False
[vector] 28893 28818 31498 False
[vector] 29347 32414 30483 False
[vector] 28256 30806 31478 False
[vector] 32561 29952 28919 False
[vector] 27581 32607 30627 False
[vector] 31167 30682 30077 False
[vector] 30004 30058 30942 False
[vector] 28260 29626 31690 False
[vector] 29312 34148 28231 False
[vector] 30646 29184 30625 False
[vector] 32850 31893 25444 False
[vector] 27789 32519 30716 False
[vector] 30878 33581 28572 False
[vector] 30766 29886 30531 False
[vector] 33056 30740 27662 False
[vector] 31146 31545 29868 False
[vector] 27480 31525 31370 False
[vector] 30485 31272 30433 False
[vector] 28878 31831 30952 False
[vector] 29273 33627 29359 False
[vector] 25615 29288 32319 False
[vector] 31577 31705 29451 False
[vector] 30069 31328 30638 False
[vector] 27651 31832 31262 False
[vector] 29037 32877 30164 False
[vector] 27501 31134 31510 False
[vector] 29813 32601 30159 False
[vector] 30032 29696 30948 False
[vector] 26745 30647 31914 False
[vector] 31298 32292 29431 False
[vector] 30649 33507 28844 False
[vector] 28101 31285 31331 False
[vector] 28489 28838 31677 False
[vector] 32675 31260 28307 False
[vector] 31113 32429 29287 False
[vector] 30624 33479 28975 False
[vector] 28661 29782 31563 False
[vector] 32354 30454 29149 False
[vector] 33925 28424 24909 False
[vector] 31738 31568 29364 False
[vector] 28602 32139 30771 False
[vector] 30387 33755 28530 False
[vector] 32457 30610 28990 False
[vector] 31369 33492 27914 False
[vector] 32243 31359 28989 False
[vector] 30301 32847 29556 False
[vector] 32874 31712 27239 False
[vector] 28876 33274 29939 False
[vector] 29646 32081 30612 False
[vector] 29963 32668 29906 False
[vector] 28054 32663 30469 False
[vector] 29370 31550 30854 False
[vector] 29896 31698 30495 False
[vector] 28892 33420 29860 False
[vector] 27933 32548 30637 False
[vector] 26058 31528 31525 False
[vector] 30239 33822 28461 False
[vector] 32124 32262 28786 False
[vector] 32633 31304 28341 False
[vector] 29550 32265 30374 False
[vector] 27054 32329 30962 False
[vector] 27704 30921 31524 False
[vector] 30270 32805 29643 False
[vector] 27645 31484 31313 False
[vector] 32005 31442 29262 False
[vector] 26972 32811 30473 False
[vector] 31069 32744 29197 False
[vector] 28109 34477 27642 False
[vector] 30490 33774 27807 False
[vector] 28318 33635 29596 False
[vector] 26930 31364 31555 False
[vector] 29005 32586 30378 False
[vector] 29519 33232 29703 False
[vector] 29557 34151 27266 False
[vector] 27925 31727 31108 False
[vector] 32654 29540 28980 False
[vector] 28378 32899 30260 False
[vector] 31492 33209 27743 False
[vector] 27987 30970 31495 False
[vector] 27992 29346 31841 False
[vector] 30416 32771 29700 False
[vector] 32476 31215 28684 False
[vector] 32858 31095 27888 False
[vector] 32427 32226 27438 False
[vector] 31685 31533 29479 False
[vector] 30179 32939 29635 False
[vector] 29023 33426 29638 False
[vector] 32987 31507 26014 False
[vector] 31089 32126 29707 False
[vector] 31482 32025 29463 False
[vector] 28704 31837 30955 False
[vector] 32420 32402 26156 False
[vector] 31495 32932 28891 False
[vector] 27455 32850 30439 False
[vector] 27137 29605 32096 False
[vector] 26828 28951 32200 False
[vector] 26861 34333 28347 False
[vector] 29803 32291 30326 False
[vector] 30480 30739 30544 False
[vector] 31411 31079 29785 False
[vector] 29138 34121 28710 False
[vector] 28650 33538 29632 False
[vector] 31503 31755 29484 False
[vector] 30565 33542 28922 False
[vector] 26883 31628 31352 False
[vector] 32933 29317 28709 False
[vector] 31567 29618 30059 False
[vector] 32309 32552 28229 False
[vector] 31007 33545 28564 False
[vector] 26410 34492 27953 False
[vector] 30242 32404 29959 False
[vector] 30053 33877 28156 False
[vector] 32448 32367 26904 False
[vector] 32501 32360 27318 False
[vector] 29911 33917 28383 False
[vector] 31445 33246 27906 False
[vector] 26956 32466 30806 False
[vector] 29070 34201 28095 False
[vector] 31880 31709 29139 False
[vector] 33559 29976 26615 False
[vector] 29157 31269 30997 False
[vector] 33273 30579 27534 False
[vector] 28295 34422 27947 False
[vector] 29108 32927 30161 False
[vector] 29118 31576 31003 False
[vector] 28438 31317 31222 False
[vector] 30713 33317 29038 False
[vector] 27918 32409 30776 False
[vector] 27745 33161 30151 False
[vector] 29916 31057 30775 False
[vector] 30004 31743 30452 False
[vector] 30566 29840 30645 False
[vector] 27984 32633 30613 False
[vector] 27294 29449 32183 False
[vector] 28328 31670 31137 False
[vector] 29247 31649 30906 False
[vector] 29173 30898 31117 False
[vector] 29828 32759 30017 False
[vector] 28058 31156 31403 False
[vector] 27553 31969 31106 False
[vector] 29613 33431 29536 False
[vector] 31579 32878 28694 False
[vector] 26906 33584 29765 False
[vector] 31232 31264 29848 False
[vector] 32623 32118 25603 False
[vector] 28196 32647 30464 False
[vector] 29018 33553 29497 False
[vector] 32962 31681 26436 False
[vector] 32415 32394 26522 False
[vector] 30142 31869 30343 False
[vector] 30118 29415 30928 False
[vector] 29056 29815 31372 False
[vector] 28375 31654 31144 False
[vector] 28332 29573 31712 False
[vector] 30567 32380 29889 False
[vector] 31964 32834 28027 False
[vector] 28289 28734 31725 False
[vector] 32482 30830 28973 False
[vector] 27037 31619 31297 False
[vector] 28210 33569 29708 False
[vector] 29203 34098 28436 False
[vector] 28200 33125 30151 False
[vector] 30459 30869 30726 False
[vector] 27044 32244 31004 False
[vector] 33833 29113 26091 False
[vector] 28762 30846 31454 False
[vector] 27958 33993 29108 False
[vector] 29066 30926 31266 False
[vector] 27495 32833 30436 False
[vector] 31524 29670 30130 False
[vector] 27489 32900 30343 False
[vector] 33278 30910 26635 False
[vector] 25485 33076 30248 False
[vector] 26460 31156 31670 False
[vector] 28073 34274 28522 False
[vector] 28191 33318 29949 False
[vector] 33502 30208 27212 False
[vector] 28460 32197 30753 False
[vector] 32853 31571 27773 False
[vector] 28283 32693 30445 False
[vector] 29785 32765 30036 False
[vector] 25964 32081 31082 False
[vector] 30307 32511 29854 False
[vector] 31694 31794 29306 False
[vector] 29863 31851 30715 False
[vector] 30033 31258 30760 False
[vector] 27978 32342 30750 False
[vector] 26671 28203 32274 False
[vector] 31254 32986 28982 False
[vector] 26976 31281 31604 False
[vector] 32038 29193 29656 False
[vector] 29068 32564 30372 False
[vector] 28113 33192 29983 False
[vector] 29068 30576 31285 False
[vector] 31463 30965 29951 False
[vector] 28055 33278 29988 False
[vector] 30574 32101 30025 False
[vector] 32813 31190 27798 False
[vector] 29401 29881 31232 False
[vector] 29531 29257 31232 False
[vector] 31619 31661 29417 False
[vector] 29217 32398 30488 False
[vector] 32472 31764 28325 False
[vector] 33132 30873 27123 False
[vector] 31068 32384 29401 False
[vector] 28017 30571 31742 False
[vector] 29294 34178 27373 False
[vector] 30250 29898 30782 False
[vector] 30875 28962 30543 False
[vector] 29251 31643 30907 False
[vector] 31946 31134 29434 False
[vector] 27702 32705 30485 False
[vector] 33130 31043 26965 False
[vector] 28212 30685 31639 False
[vector] 32081 31766 28872 False
[vector] 30258 32785 29752 False
[vector] 30376 29283 30782 False
[vector] 30987 31969 29859 False
[vector] 30892 33240 28889 False
[vector] 29075 32499 30395 False
[vector] 25227 30117 32104 False
[vector] 28379 28639 31722 False
[vector] 29452 34168 28058 False
[vector] 31146 32569 29268 False
[vector] 29674 32371 30301 False
[vector] 27971 33292 29972 False
[vector] 31998 31329 29300 False
[vector] 27057 31053 31688 False
[vector] 29434 32168 30591 False
[vector] 28250 34377 28061 False
[vector] 27976 31712 31153 False
[vector] 26578 29351 32234 False
[vector] 30314 29266 30893 False
[vector] 30584 32636 29609 False
[vector] 29777 30478 30917 False
[vector] 28853 33594 29554 False
[vector] 32265 30991 29101 False
[vector] 29677 31254 30873 False
[vector] 28377 31036 31365 False
[vector] 30379 31389 30518 False
[vector] 30446 31949 30155 False
[vector] 30110 33625 29036 False
[vector] 30195 30229 30765 False
[vector] 32869 31839 27098 False
[vector] 30029 29596 30984 False
[vector] 31327 32250 29322 False
[vector] 26950 28616 32190 False
[vector] 30468 29654 30756 False
[vector] 29529 33466 29614 False
[vector] 28341 30913 31388 False
[vector] 30571 29772 30634 False
[vector] 32464 31406 28789 False
[vector] 31630 32109 29173 False
[vector] 32124 31349 29209 False
[vector] 33246 31114 25209 False
[vector] 26471 31526 31477 False
[vector] 30864 32399 29626 False
[vector] 31307 31397 29737 False
[vector] 31721 31734 29372 False
[vector] 31408 29980 30062 False
[vector] 28504 31351 31123 False
[vector] 29266 31954 30697 False
[vector] 33747 29478 26324 False
[vector] 30721 33053 29208 False
[vector] 31761 31802 29192 False
[vector] 30256 33384 29251 False
[vector] 31798 31559 29443 False
[vector] 30661 30368 30531 False
[vector] 32785 31360 28190 False
[vector] 28209 30822 31471 False
[vector] 32764 30997 28360 False
[vector] 31152 32450 29251 False
[vector] 28438 30039 31619 False
[vector] 29741 30625 31025 False
[vector] 30949 32942 29235 False
[vector] 29672 33778 29094 False
[vector] 27539 30076 31911 False
[vector] 29122 34127 28391 False
[vector] 31286 30134 30167 False
[vector] 28445 33779 29404 False
[vector] 30156 29154 31012 False
[vector] 28055 32419 30634 False
[vector] 31451 32576 29180 False
[vector] 28258 33039 30146 False
[vector] 30693 30998 30324 False
[vector] 31002 33672 28423 False
[vector] 28916 32101 30762 False
[vector] 26429 29122 32258 False
[vector] 27455 30078 32005 False
[vector] 28525 30090 31519 False
[vector] 32140 31470 29075 False
[vector] 26722 32046 31110 False
[vector] 31004 32622 29302 False
[vector] 32219 32175 28417 False
[vector] 28120 32352 30692 False
[vector] 30051 33688 28983 False
[vector] 28329 33684 29521 False
[vector] 30472 33371 29129 False
[vector] 26735 31250 31658 False
[vector] 31506 32018 29322 False
[vector] 32032 30673 29510 False
[vector] 29937 32692 30010 False
[vector] 30396 33406 29185 False
[vector] 28317 34449 27623 False
[vector] 29299 34186 27007 False
[vector] 30708 33444 28897 False
[vector] 30076 29580 30991 False
[vector] 27380 29051 32125 False
[vector] 27711 32035 31006 False
[vector] 28701 32327 30644 False
[vector] 32964 31023 28193 False
[vector] 30217 32002 30232 False
[vector] 26125 32403 30856 False
[vector] 28429 33911 29281 False
[vector] 26516 32401 30839 False
[vector] 28589 34237 28581 False
[vector] 27553 31056 31529 False
[vector] 27778 30293 31793 False
[vector] 33270 31015 25819 False
[vector] 33014 30989 27868 False
[vector] 30847 29324 30537 False
[vector] 29073 31945 30849 False
[vector] 32620 32259 26830 False
[vector] 28638 30189 31505 False
[vector] 31395 30051 30046 False
[vector] 30034 30854 30848 False
[vector] 30865 28741 30552 False
[vector] 29768 34043 27623 False
[vector] 28454 28602 31697 False
[vector] 29922 32198 30273 False
[vector] 29232 32991 30061 False
[vector] 26355 34194 28682 False
[vector] 28236 32460 30625 False
[vector] 30071 30432 30799 False
[vector] 29363 33271 29699 False
[vector] 26785 33697 29567 False
[vector] 28313 30285 31576 False
[vector] 33665 29798 25238 False
[vector] 29568 32800 30256 False
[vector] 30092 32637 29845 False
[vector] 27123 32590 30630 False
[vector] 32056 30825 29377 False
[vector] 26545 31802 31270 False
[vector] 32599 31722 28112 False
[vector] 28558 31018 31360 False
[vector] 32320 30825 29251 False
[vector] 31702 30674 29860 False
[vector] 29252 31239 30995 False
[vector] 28545 32843 30353 False
[vector] 29117 30883 31232 False
[vector] 28212 29474 31730 False
[vector] 30280 32136 30135 False
[vector] 26876 34429 28193 False
[vector] 26226 31742 31419 False
[vector] 30383 32877 29541 False
[vector] 31872 31350 29303 False
[vector] 31080 30463 30451 False
[vector] 33505 30145 26553 False
[vector] 25063 30113 32122 False
[vector] 28122 32371 30671 False
[vector] 29067 30522 31354 False
[vector] 26196 34534 27364 False
[vector] 32642 31039 28563 False
[vector] 31901 31089 29548 False
[vector] 32472 31433 28717 False
[vector] 26932 33815 29565 False
[vector] 30889 32878 29236 False
[vector] 29028 32968 30157 False
[vector] 28866 32083 30826 False
[vector] 30406 29387 30765 False
[vector] 28481 32301 30667 False
[vector] 26386 29437 32204 False
[vector] 31941 31157 29368 False
[vector] 32130 32073 28819 False
[vector] 30875 31177 30249 False
[vector] 28116 29775 31748 False
[vector] 30218 32910 29674 False
[vector] 29881 33964 28200 False
[vector] 30133 31894 30268 False
[vector] 32804 31264 27826 False
[vector] 28808 32942 30180 False
[vector] 25978 29379 32296 False
[vector] 30183 32796 29795 False
[vector] 31561 33300 27003 False
[vector] 28715 30862 31447 False
[vector] 31425 32226 29306 False
[vector] 31280 28718 30269 False
[vector] 27619 34394 28161 False
[vector] 26126 30440 31982 False
[vector] 28273 31524 31234 False
[vector] 32886 30714 28296 False
[vector] 26450 31596 31455 False
[vector] 27679 30745 31660 False
[vector] 28376 30112 31654 False
[vector] 33722 29640 26420 False
[vector] 29572 32956 29956 False
[vector] 31511 32202 29226 False
[vector] 29143 34129 28344 False
[vector] 29726 31561 30820 False
[vector] 31229 31059 30040 False
[vector] 32335 31615 28533 False
[vector] 27895 32774 30456 False
[vector] 28322 30247 31642 False
[vector] 33317 30796 26894 False
[vector] 30959 32577 29416 False
[vector] 33127 31313 26944 False
[vector] 33511 30668 25675 False
[vector] 29242 33257 29867 False
[vector] 31209 32703 29171 False
[vector] 27995 32682 30538 False
[vector] 28957 30960 31351 False
[vector] 29951 32866 29845 False
[vector] 29075 31011 31112 False
[vector] 27245 31252 31487 False
[vector] 28383 31467 31247 False
[vector] 30923 32539 29528 False
[vector] 31857 32879 28241 False
[vector] 31954 30364 29613 False
[vector] 28052 32618 30543 False
[vector] 26935 31734 31313 False
[vector] 28631 33800 29254 False
[vector] 30637 29276 30641 False
[vector] 31525 33047 28632 False
[vector] 31997 32328 28911 False
[vector] 28496 31884 31031 False
[vector] 33490 29441 27310 False
[vector] 27420 32337 30815 False
[vector] 31890 31870 29109 False
[vector] 29056 31529 31010 False
[vector] 26679 28897 32252 False
[vector] 30395 33046 29389 False
[vector] 31533 29696 29955 False
[vector] 32390 31529 28481 False
[vector] 30074 30366 30845 False
[vector] 30141 32924 29675 False
[vector] 27760 33658 29571 False
[vector] 27800 32568 30641 False
[vector] 33137 30313 28088 False
[vector] 29191 34180 27652 False
[vector] 30359 33008 29501 False
[vector] 28609 30662 31467 False
[vector] 30491 31554 30346 False
[vector] 33139 31503 25428 False
[vector] 30479 33783 28061 False
[vector] 30390 29857 30756 False
[vector] 28388 30237 31640 False
[vector] 27839 34004 29197 False
[vector] 30988 32426 29466 False
[vector] 29133 33663 29436 False
[vector] 28139 30819 31506 False
[vector] 26866 32556 30733 False
[vector] 32387 31732 28469 False
[vector] 27244 31185 31529 False
[vector] 31999 30905 29320 False
[vector] 26560 28587 32340 False
[vector] 33744 28539 26678 False
[vector] 29948 34036 27762 False
[vector] 29930 33896 28534 False
[vector] 27690 29946 31935 False
[vector] 31279 31232 29919 False
[vector] 30564 33415 28976 False
[vector] 29878 30656 30860 False
[vector] 25067 29698 32248 False
[vector] 27968 32882 30329 False
[vector] 27715 32025 31032 False
[vector] 32967 31554 26577 False
[vector] 32542 32038 27859 False
[vector] 26550 30096 32038 False
[vector] 28498 33820 29258 False
[vector] 30220 33824 28720 False
[vector] 26926 33836 29473 False
[vector] 27405 30276 32026 False
[vector] 29762 31361 30783 False
[vector] 31837 30624 29743 False
[vector] 30343 32471 29894 False
[vector] 29141 34244 27982 False
[vector] 29178 30138 31288 False
[vector] 32883 30090 28818 False
[vector] 28823 32525 30544 False
[vector] 27914 31931 31089 False
[vector] 27732 30917 31539 False
[vector] 26917 30889 31699 False
[vector] 32652 30436 28819 False
[vector] 32448 32232 27411 False
[vector] 30027 33368 29408 False
[vector] 27872 31869 31119 False
[vector] 33905 28790 24754 False
[vector] 32095 31347 29259 False
[vector] 31444 29877 30011 False
[vector] 27346 32938 30358 False
[vector] 29985 30547 30901 False
[vector] 33045 29637 28389 False
[vector] 30486 33030 29446 False
[vector] 27527 32369 30808 False
[vector] 29214 33923 29156 False
[vector] 26141 29296 32258 False
[vector] 26238 31716 31329 False
[vector] 28689 31893 30879 False
[vector] 27218 31375 31462 False
[vector] 32255 31594 28845 False
[vector] 30403 29085 30837 False
[vector] 27611 32831 30445 False
[vector] 27865 33037 30232 False
[vector] 30200 32016 30232 False
[vector] 28305 31113 31425 False
[vector] 27957 32412 30728 False
[vector] 29336 30480 31210 False
[vector] 31239 32588 29228 False
[vector] 26788 31508 31375 False
[vector] 24334 28087 32637 False
[vector] 26626 30740 31967 False
[vector] 28060 33151 30129 False
[vector] 32111 31013 29307 False
[vector] 31749 29644 29928 False
[vector] 28770 34277 28320 False
[vector] 26497 32019 31112 False
[vector] 28721 31987 30865 False
[vector] 31996 29547 29836 False
[vector] 28826 32513 30463 False
[vector] 31096 33364 28508 False
[vector] 29243 34095 28970 False
[vector] 29383 30464 31217 False
[vector] 33207 31157 26753 False
[vector] 26729 28777 32221 False
[vector] 33206 30750 27431 False
[vector] 28255 29810 31675 False
[vector] 28419 31451 31192 False
[vector] 30531 33669 28574 False
[vector] 29586 32377 30348 False
[vector] 28546 29837 31581 False
[vector] 26925 31385 31465 False
[vector] 27874 32844 30434 False
[vector] 28284 30351 31623 False
[vector] 32718 31629 28059 False
[vector] 28527 32094 30778 False
[vector] 31274 30699 30030 False
[vector] 32003 30671 29560 False
[vector] 33158 31200 26289 False
[vector] 28497 32982 30155 False
[vector] 31880 32869 28105 False
[vector] 30786 28993 30660 False
[vector] 28514 31313 31147 False
[vector] 28174 34454 27368 False
[vector] 32016 30238 29583 False
[vector] 28888 32994 30135 False
[vector] 28865 32627 30404 False
[vector] 28997 32491 30399 False
[vector] 32935 31021 28243 False
[vector] 31985 32975 27493 False
[vector] 29883 31758 30476 False
[vector] 29861 34032 28360 False
[vector] 30584 30488 30633 False
[vector] 33623 29863 24880 False
[vector] 30284 33634 28914 False
[vector] 27739 33182 30059 False
[vector] 27307 32343 30831 False
[vector] 27592 32128 31059 False
[vector] 29012 31319 31059 False
[vector] 27647 33298 29995 False
[vector] 33023 31449 26331 False
[vector] 26189 29494 32201 False
[vector] 25603 29602 32278 False
[vector] 28825 34172 28434 False
[vector] 33215 31257 25420 False
[vector] 32038 31397 29120 False
[vector] 29378 30981 30965 False
[vector] 31899 32738 28449 False
[vector] 31423 32321 29260 False
[vector] 28453 33775 29372 False
[vector] 32389 30298 29165 False
[vector] 29790 30433 31004 False
[vector] 29057 31125 31098 False
[vector] 28585 31930 31008 False
[vector] 28176 30954 31445 False
[vector] 30568 30620 30510 False
[vector] 31296 33031 28789 False
[vector] 32928 29897 28519 False
[vector] 30731 31713 30129 False
[vector] 27000 32886 30439 False
[vector] 28107 33135 30136 False
[vector] 26889 30839 31794 False
[vector] 30212 33610 29193 False
[vector] 30786 29143 30599 False
[vector] 33233 30834 27035 False
[vector] 29839 32091 30289 False
[vector] 30173 32627 29863 False
[vector] 30190 33231 29622 False
[vector] 28140 31154 31482 False
[vector] 31767 31410 29493 False
[vector] 30616 33750 28020 False
[vector] 28454 31175 31326 False
[vector] 31603 29418 30022 False
[vector] 26913 31155 31792 False
[vector] 32993 31506 26053 False
[vector] 30203 32512 29920 False
[vector] 28231 30393 31553 False
[vector] 27592 34509 26908 False
[vector] 32357 29985 29343 False
[vector] 27495 34381 28176 False
[vector] 26832 32993 30427 False
[vector] 28359 30751 31460 False
[vector] 32615 31427 28628 False
[vector] 31151 33574 28485 False
[vector] 31539 32706 28949 False
[vector] 31901 33010 27571 False
[vector] 31748 30805 29799 False
[vector] 27846 31177 31396 False
[vector] 27891 31460 31319 False
[vector] 32750 29186 28913 False
[vector] 29241 32159 30743 False
[vector] 31063 32559 29355 False
[vector] 32305 29653 29467 False
[vector] 27283 32479 30740 False
[vector] 27759 34353 28135 False
[vector] 28841 32340 30561 False
[vector] 30455 33343 29238 False
[vector] 33246 31107 25758 False
[vector] 27919 33829 29312 False
[vector] 32295 31059 29031 False
[vector] 28799 32938 30181 False
[vector] 29562 30714 30997 False
[vector] 32306 31613 28583 False
[vector] 30308 33875 27722 False
[vector] 27617 32567 30667 False
[vector] 28731 31384 31121 False
[vector] 32487 31034 28722 False
[vector] 32931 31779 26347 False
[vector] 28273 34252 28550 False
[vector] 26136 29837 32238 False
[vector] 28476 29630 31660 False
[vector] 30611 33742 28386 False
[vector] 28132 33614 29746 False
[vector] 29822 27731 31142 False
[vector] 33132 30655 27937 False
[vector] 33478 30214 26989 False
[vector] 28020 34233 28668 False
[vector] 33108 31380 26202 False
[vector] 28872 33504 29539 False
[vector] 30681 33727 27746 False
[vector] 32075 31955 28839 False
[vector] 27905 30881 31599 False
[vector] 30940 29531 30462 False
[vector] 28869 33516 29620 False
[vector] 29504 30641 31005 False
[vector] 27344 29251 32162 False
[vector] 29879 30252 30948 False
[vector] 31520 33174 28491 False
[vector] 29128 31742 30959 False
[vector] 28209 33034 30158 False
[vector] 29318 30097 31262 False
[vector] 32370 29238 29653 False
[vector] 32945 30418 28499 False
[vector] 33846 28911 26123 False
[vector] 27472 33647 29664 False
[vector] 26073 32580 30713 False
[vector] 30949 33180 29160 False
[vector] 28809 34279 28232 False
[vector] 33670 29664 25928 False
[vector] 28159 32321 30664 False
[vector] 29276 31176 30944 False
[vector] 32506 31639 28416 False
[vector] 28543 31868 31038 False
[vector] 29069 32641 30261 False
[vector] 29167 29431 31306 False
[vector] 25508 30294 32030 False
[vector] 33044 31600 25774 False
[vector] 30152 31165 30707 False
[vector] 29804 32356 30236 False
[vector] 33670 29767 25611 False
[vector] 31012 32358 29472 False
[vector] 31954 31555 29242 False
[vector] 28593 32177 30749 False
[vector] 33246 30736 27279 False
[vector] 27515 34191 28736 False
[vector] 32636 31568 28094 False
[vector] 29848 29861 30984 False
[vector] 31626 31679 29414 False
[vector] 33521 30614 25611 False
[vector] 28603 31172 31304 False
[vector] 31686 31977 29123 False
[vector] 31788 31797 29154 False
[vector] 30163 31680 30471 False
[vector] 32982 31499 26380 False
[vector] 32767 31936 28006 False
[vector] 29647 34075 27044 False
[vector] 29768 32556 30273 False
[vector] 26237 29383 32256 False
[vector] 32260 32245 28282 False
[vector] 29925 31042 30788 False
[vector] 30628 29031 30718 False
[vector] 30842 31371 30226 False
[vector] 31240 33393 28429 False
[vector] 27890 33652 29549 False
[vector] 33298 30980 26567 False
[vector] 29953 33276 29597 False
[vector] 28335 31268 31379 False
[vector] 29739 30575 31204 False
[vector] 28650 31156 31311 False
[vector] 27786 30033 31933 False
[vector] 32214 31254 29206 False
[vector] 32122 30578 29507 False
[vector] 28420 34101 28844 False
[vector] 33554 30452 26500 False
[vector] 29847 32065 30384 False
[vector] 28150 30551 31738 False
[vector] 26596 34437 28258 False
[vector] 30122 32137 30216 False
[vector] 29984 30951 30813 False
[vector] 28115 32800 30433 False
[vector] 27362 32860 30424 False
[vector] 30165 29399 30935 False
[vector] 26950 33700 29564 False
[vector] 28686 29796 31555 False
[vector] 33153 31327 26148 False
[vector] 26996 29724 32102 False
[vector] 29451 29683 31211 False
[vector] 32788 32077 27472 False
[vector] 26361 31611 31367 False
[vector] 28487 32418 30638 False
[vector] 30961 32554 29488 False
[vector] 29914 33427 29346 False
[vector] 28196 34481 27044 False
[vector] 29094 33268 29844 False
[vector] 30315 33088 29454 False
[vector] 33302 29588 28336 False
[vector] 31413 30911 29974 False
[vector] 32825 30658 28347 False
[vector] 30627 30556 30497 False
[vector] 28337 30372 31540 False
[vector] 30060 32267 30203 False
[vector] 27855 31500 31279 False
[vector] 29000 30532 31356 False
[vector] 30279 33761 28773 False
[vector] 27430 31286 31412 False
[vector] 28575 34414 27882 False
[vector] 30123 30673 30792 False
[vector] 26311 32572 30751 False
[vector] 28064 34432 27756 False
[vector] 28005 28948 31905 False
[vector] 27860 33164 30091 False
[vector] 28300 33490 29670 False
[vector] 31739 31855 29240 False
[vector] 30540 32862 29551 False
[vector] 28505 31309 31148 False
[vector] 32642 28965 28996 False
[vector] 31648 31503 29546 False
[vector] 30767 32148 29885 False
[vector] 25378 28850 32542 False
[vector] 29673 33495 29535 False
[vector] 28379 33836 29296 False
[vector] 26282 31382 31561 False
[vector] 29574 30635 31040 False
[vector] 33357 30771 27270 False
[vector] 29697 30741 30982 False
[vector] 28523 29614 31667 False
[vector] 28644 32262 30725 False
[vector] 33549 30579 26359 False
[vector] 31899 31001 29706 False
[vector] 26628 29153 32213 False
[vector] 25987 29608 32262 False
[vector] 32155 32463 28580 False
[vector] 25764 32108 31067 False
[vector] 28812 32476 30619 False
[vector] 27771 33319 29957 False
[vector] 28160 33176 29990 False
[vector] 31170 30368 30448 False
[vector] 33592 29909 26533 False
[vector] 29500 31523 30924 False
[vector] 31432 31516 29668 False
[vector] 28102 33262 29995 False
[vector] 26577 30433 32020 False
[vector] 31970 31746 28939 False
[vector] 29483 34090 28371 False
[vector] 29158 30132 31297 False
[vector] 27466 33668 29572 False
[vector] 29892 32053 30309 False
[vector] 32820 30650 28713 False
[vector] 31414 30658 30004 False
[vector] 31322 29934 30130 False
[vector] 27922 31761 31085 False
[vector] 27308 33253 30217 False
[vector] 32509 32213 27367 False
[vector] 29732 30977 30962 False
[vector] 26994 34564 27125 False
[vector] 26073 29323 32275 False
[vector] 29205 32472 30465 False
[vector] 30635 33684 28145 False
[vector] 32380 29844 29441 False
[vector] 31032 33199 28863 False
[vector] 31620 32712 28917 False
[vector] 26886 31371 31531 False
[vector] 27936 31326 31388 False
[vector] 29765 31988 30559 False
[vector] 27886 32770 30457 False
[vector] 30890 32353 29671 False
[vector] 31030 32172 29659 False
[vector] 31075 32693 29231 False
[vector] 31534 32833 28808 False
[vector] 29660 32966 29891 False
[vector] 30112 29380 30954 False
[vector] 24372 28510 32581 False
[vector] 33075 31069 27656 False
[vector] 27477 31270 31419 False
[vector] 26727 33372 29952 False
[vector] 28950 31362 31109 False
[vector] 31264 32383 29238 False
[vector] 30999 32744 29214 False
[vector] 33220 31265 25054 False
[vector] 27683 31018 31488 False
[vector] 28205 32998 30292 False
[vector] 30250 33584 29010 False
[vector] 28394 33017 30098 False
[vector] 26938 29537 32129 False
[vector] 31969 32842 27661 False
[vector] 30440 33866 28371 False
[vector] 29060 32625 30302 False
[vector] 32084 32654 28082 False
[vector] 31672 30777 29895 False
[vector] 26562 29332 32256 False
[vector] 26318 32053 31085 False
[vector] 28536 31623 31061 False
[vector] 28111 32322 30746 False
[vector] 30956 33460 28588 False
[vector] 27802 31328 31400 False
[vector] 31990 32983 27127 False
[vector] 29861 31050 30865 False
[vector] 29287 33150 29819 False
[vector] 28399 28933 31680 False
[vector] 28236 30153 31680 False
[vector] 26595 33682 29615 False
[vector] 28225 27991 31760 False
[vector] 27343 31561 31281 False
[vector] 28674 34091 29057 False
[vector] 29922 33111 29850 False
[vector] 26810 28909 32214 False
[vector] 31196 31781 29803 False
[vector] 29974 31467 30649 False
[vector] 27663 30999 31542 False
[vector] 29028 31187 31182 False
[vector] 30401 33864 28459 False
[vector] 33016 31267 27481 False
[vector] 28170 32341 30642 False
[vector] 28524 30242 31555 False
[vector] 28215 33442 29849 False
[vector] 29938 31344 30672 False
[vector] 33755 28460 26189 False
[vector] 31658 30900 29802 False
[vector] 30777 31545 30141 False
[vector] 29327 33202 29816 False
[vector] 30697 29174 30716 False
[vector] 29808 30357 30916 False
[vector] 29079 31435 31012 False
[vector] 25200 31812 31269 False
[vector] 30479 33663 28813 False
[vector] 28178 31424 31292 False
[vector] 27715 34001 29218 False
[vector] 24695 29954 32202 False
[vector] 32566 31120 28681 False
[vector] 30821 32841 29344 False
[vector] 26493 29939 32077 False
[vector] 30896 30988 30377 False
[vector] 29783 33927 29069 False
[vector] 27889 30194 31762 False
[vector] 28063 32667 30468 False
[vector] 27962 32428 30639 False
[vector] 30206 34001 28021 False
[vector] 29042 31663 31037 False
[vector] 28798 30646 31417 False
[vector] 31135 31483 30003 False
[vector] 31496 32621 29066 False
[vector] 29152 32300 30586 False
[vector] 29107 32609 30309 False
[vector] 29697 34048 28960 False
[vector] 26876 32030 31110 False
[vector] 33388 30309 26992 False
[vector] 27286 32342 30908 False
[vector] 27925 32301 30896 False
[vector] 32466 31895 28051 False
[vector] 33483 30222 26623 False
[vector] 28437 32180 30828 False
[vector] 32166 32226 28463 False
[vector] 32653 30884 28661 False
[vector] 32777 31333 28262 False
[vector] 31128 32713 29153 False
[vector] 32411 31922 28116 False
[vector] 28166 29577 31727 False
[vector] 28298 31515 31183 False
[vector] 28159 32284 30944 False
[vector] 28932 32524 30411 False
[vector] 31156 33582 28119 False
[vector] 27572 31204 31406 False
[vector] 32477 31637 28466 False
[vector] 31265 31452 29815 False
[vector] 27946 30723 31644 False
[vector] 32010 32662 28271 False
[vector] 32254 30270 29352 False
[vector] 28854 34349 28197 False
[vector] 27701 33954 29368 False
[vector] 27816 30188 31887 False
[vector] 32219 32647 28232 False
[vector] 29586 32615 30273 False
[vector] 26807 32852 30530 False
[vector] 30929 32722 29263 False
[vector] 31875 32289 28949 False
[vector] 32411 32455 27321 False
[vector] 28994 33249 29875 False
[vector] 25496 29381 32372 False
[vector] 30896 33396 28589 False
[vector] 28357 32969 30238 False
[vector] 28468 32113 30847 False
[vector] 31556 33292 27369 False
[vector] 29175 31436 30957 False
[vector] 27030 32824 30470 False
[vector] 29519 32493 30309 False
[vector] 31364 31795 29656 False
[vector] 32793 30999 28310 False
[vector] 29855 30341 30923 False
[vector] 32333 32630 27036 False
[vector] 26663 28657 32269 False
[vector] 26574 28838 32325 False
[vector] 27161 31310 31543 False
[vector] 28858 33467 29695 False
[vector] 32872 31776 26439 False
[vector] 30963 28125 30461 False
[vector] 27588 33317 30064 False
[vector] 33313 29509 27847 False
[vector] 33587 30036 26392 False
[vector] 31843 32982 27739 False
[vector] 30021 33923 28174 False
[vector] 29852 30241 30959 False
[vector] 32315 32263 28018 False
[vector] 29979 30311 30927 False
[vector] 31622 31750 29337 False
[vector] 30850 32533 29653 False
[vector] 26956 33679 29656 False
[vector] 26729 31527 31444 False
[vector] 26979 34496 27866 False
[vector] 28599 31504 31058 False
[vector] 33944 28459 24829 False
[vector] 27983 31310 31395 False
[vector] 27866 33913 29311 False
[vector] 32587 31850 28312 False
[vector] 32036 31643 29056 False
[vector] 26021 29064 32350 False
[vector] 31292 32374 29456 False
[vector] 29127 31001 31120 False
[vector] 26496 31702 31341 False
[vector] 28447 31577 31084 False
[vector] 27480 32884 30384 False
[vector] 28484 32164 30835 False
[vector] 31143 31297 30021 False
[vector] 29778 30021 31076 False
[vector] 29849 32639 30047 False
[vector] 27468 32665 30605 False
[vector] 26971 32017 31131 False
[vector] 29740 34064 27781 False
[vector] 30226 33269 29510 False
[vector] 31224 31302 29947 False
[vector] 28255 33823 29311 False
[vector] 33977 28297 25718 False
[vector] 32884 31055 27788 False
[vector] 29349 34111 28331 False
[vector] 29048 34198 28205 False
[vector] 30346 33098 29300 False
[vector] 29361 33252 29720 False
[vector] 30792 32418 29751 False
[vector] 31065 32251 29537 False
[vector] 28662 29484 31559 False
[vector] 33222 30778 27120 False
[vector] 28021 29689 31823 False
[vector] 28544 34192 28695 False
[vector] 26672 31562 31362 False
[vector] 29145 31081 31006 False
[vector] 26303 31312 31583 False
[vector] 28807 32379 30623 False
[vector] 30287 33129 29344 False
[vector] 30161 33956 28135 False
[vector] 27370 32525 30721 False
[vector] 31937 29843 29633 False
[vector] 29324 30760 31014 False
[vector] 31270 33033 28773 False
[vector] 27027 31657 31273 False
[vector] 30117 32312 30170 False
[vector] 28672 33446 29845 False
[vector] 31219 30544 30107 False
[vector] 30010 32803 29898 False
[vector] 26609 28321 32299 False
[vector] 33364 29229 27880 False
[vector] 31208 31434 29824 False
[vector] 27433 31149 31580 False
[vector] 26444 31617 31363 False
[vector] 33367 30168 27526 False
[vector] 33243 30919 26586 False
[vector] 31037 32401 29383 False
[vector] 32876 30108 28508 False
[vector] 30471 33791 27468 False
[vector] 25861 30289 32072 False
[vector] 29273 33622 29410 False
[vector] 28829 33290 29932 False
[vector] 31634 32038 29250 False
[vector] 27865 31462 31303 False
[vector] 29797 33586 29386 False
[vector] 27717 33086 30185 False
[vector] 28439 33473 29700 False
[vector] 28655 32632 30532 False
[vector] 26374 30032 32130 False
[vector] 26628 31370 31564 False
[vector] 30495 33782 27441 False
[vector] 29726 33941 28386 False
[vector] 32959 31744 27095 False
[vector] 29310 32816 30134 False
[vector] 27580 31215 31401 False
[vector] 31830 32244 29063 False
[vector] 30831 31403 30191 False
[vector] 27824 29746 31820 False
[vector] 29645 33240 29615 False
[vector] 32702 31386 28127 False
[vector] 28261 29781 31677 False
[vector] 27711 31471 31358 False
[vector] 30745 32928 29378 False
[vector] 31375 29953 30111 False
[vector] 27963 33009 30188 False
[vector] 26959 31541 31318 False
[vector] 30781 32966 29266 False
[vector] 29400 32586 30362 False
[vector] 30224 29361 30896 False
[vector] 29846 32138 30284 False
[vector] 25579 29550 32354 False
[vector] 29078 29870 31320 False
[vector] 29144 29208 31392 False
[vector] 31657 32039 29161 False
[vector] 33219 30981 27108 False
[vector] 29057 33130 29872 False
[vector] 29115 34246 27981 False
[vector] 29371 31146 30942 False
[vector] 28289 33458 29833 False
[vector] 33134 31495 25794 False
[vector] 32758 30273 28750 False
[vector] 27081 33326 30073 False
[vector] 28400 32996 30190 False
[vector] 30378 29749 30759 False
[vector] 29812 31163 30762 False
[vector] 29225 30864 31276 False
[vector] 30797 33263 28841 False
[vector] 30078 31303 30646 False
[vector] 32374 31501 28792 False
[vector] 27467 32321 30822 False
[vector] 30243 33898 27996 False
[vector] 28363 32652 30449 False
[vector] 30319 31923 30179 False
[vector] 30555 32459 29846 False
[vector] 27671 32885 30358 False
[vector] 32053 31645 28925 False
[vector] 28310 30442 31552 False
[vector] 31879 32937 27664 False
[vector] 32249 31980 28766 False
[vector] 32169 32355 28330 False
[vector] 33559 30151 25043 False
[vector] 25614 27806 32521 False
[vector] 31154 32263 29510 False
[vector] 27310 28475 32172 False
[vector] 28901 31806 30900 False
[vector] 31582 30872 29898 False
[vector] 32046 31040 29312 False
[vector] 33419 30510 26786 False
[vector] 29913 32866 29927 False
[vector] 28109 31692 31149 False
[vector] 31553 29318 30061 False
[vector] 32330 32693 27695 False
[vector] 26464 31634 31357 False
[vector] 27790 30306 31761 False
[vector] 26843 33042 30352 False
[vector] 26538 32204 31028 False
[vector] 30634 30290 30612 False
[vector] 27356 33879 29393 False
[vector] 31069 33610 27329 False
[vector] 31247 31098 29954 False
[vector] 33374 29835 27668 False
[vector] 28283 30755 31535 False
[vector] 27621 32305 30822 False
[vector] 28586 33755 29368 False
[vector] 28221 33421 29941 False
[vector] 29143 32296 30587 False
[vector] 31196 30229 30170 False
[vector] 27530 32455 30725 False
[vector] 29182 32455 30540 False
[vector] 27721 30868 31614 False
[vector] 28590 34141 28460 False
[vector] 28288 31553 31159 False
[vector] 25771 29133 32444 False
[vector] 29445 29655 31290 False
[vector] 29097 33410 29704 False
[vector] 29153 31279 30971 False
[vector] 28918 32731 30359 False
[vector] 31106 31876 29806 False
[vector] 30944 32652 29408 False
[vector] 31488 31044 29863 False
[vector] 29477 32411 30433 False
[vector] 31046 32879 29206 False
[vector] 29043 31790 30895 False
[vector] 32640 32116 25641 False
[vector] 29758 32246 30440 False
[vector] 29156 30341 31298 False
[vector] 30948 32582 29439 False
[vector] 28222 27891 31796 False
[vector] 28989 33376 29734 False
[vector] 31142 32981 29043 False
[vector] 32414 32392 26662 False
[vector] 30136 32892 29698 False
[vector] 33863 28697 25203 False
[vector] 30228 31970 30267 False
[vector] 27722 31520 31283 False
[vector] 29986 29675 30994 False
[vector] 27552 33127 30242 False
[vector] 27909 33169 30079 False
[vector] 32014 28726 29666 False
[vector] 32909 31275 27771 False
[vector] 31708 32842 28686 False
[vector] 32157 31304 29067 False
[vector] 28229 32862 30383 False
[vector] 32319 31949 28485 False
[vector] 28371 31664 31118 False
[vector] 29002 33496 29616 False
[vector] 31067 32957 29061 False
[vector] 27829 28705 31917 False
[vector] 27371 31015 31679 False
[vector] 29176 31032 31045 False
[vector] 31929 30117 29644 False
[vector] 28841 31327 31134 False
[vector] 30073 30770 30757 False
[vector] 30758 29505 30593 False
[vector] 28348 33162 30036 False
[vector] 29803 30256 31023 False
[vector] 29069 32038 30756 False
[vector] 31949 31103 29341 False
[vector] 26750 32558 30724 False
[vector] 27129 32569 30722 False
[vector] 24584 27687 32603 False
[vector] 28295 29895 31660 False
[vector] 27621 30074 31990 False
[vector] 32933 31362 27735 False
[vector] 30926 33227 28833 False
[vector] 29550 34102 28221 False
[vector] 32658 31426 28315 False
[vector] 33350 30947 25988 False
[vector] 29998 32405 30223 False
[vector] 28485 32779 30354 False
[vector] 31288 31767 29752 False
[vector] 28471 30021 31610 False
[vector] 33620 29874 27281 False
[vector] 30127 33285 29475 False
[vector] 27164 30341 31961 False
[vector] 32359 32394 27348 False
[vector] 29164 31542 30922 False
[vector] 33305 30527 27982 False
[vector] 27868 32865 30342 False
[vector] 32357 32122 28226 False
[vector] 33045 31379 26862 False
[vector] 33765 29670 25265 False
[vector] 28447 32980 30197 False
[vector] 26806 31489 31391 False
[vector] 28913 33637 29459 False
[vector] 31479 29625 30244 False
[vector] 28454 34446 27303 False
[vector] 30838 33409 28827 False
[vector] 25914 34531 27419 False
[vector] 31515 32131 29303 False
[vector] 29144 33394 29711 False
[vector] 28880 30821 31390 False
[vector] 28544 31468 31101 False
[vector] 30675 30234 30504 False
[vector] 33444 30730 26769 False
[vector] 27550 31889 31116 False
[vector] 29234 29113 31389 False
[vector] 30501 31864 30179 False
[vector] 28867 32646 30383 False
[vector] 27692 30691 31851 False
[vector] 31205 31094 30008 False
[vector] 29582 34098 27318 False
[vector] 28152 32526 30625 False
[vector] 31259 30187 30392 False
[vector] 30510 32759 29603 False
[vector] 28544 32483 30557 False
[vector] 29682 32317 30274 False
[vector] 28902 33296 29807 False
[vector] 33789 29578 25326 False
[vector] 29702 34056 28594 False
[vector] 32214 32167 28783 False
[vector] 31120 31553 29858 False
[vector] 31766 31779 29258 False
[vector] 29103 30322 31317 False
[vector] 29268 30652 31128 False
[vector] 28091 30847 31535 False
[vector] 31202 31053 30068 False
[vector] 33890 28453 26339 False
[vector] 30044 32237 30235 False
[vector] 28199 32510 30632 False
[vector] 33828 27832 26498 False
[vector] 26864 30848 31845 False
[vector] 32847 31956 26103 False
[vector] 30167 33327 29382 False
[vector] 30858 30031 30519 False
[vector] 28424 31020 31372 False
[vector] 31932 31826 29075 False
[vector] 26148 30750 31896 False
[vector] 31048 32396 29360 False
[vector] 28615 32085 30962 False
[vector] 32662 28774 29022 False
[vector] 31907 31579 29106 False
[vector] 28064 33577 29854 False
[vector] 27612 32694 30526 False
[vector] 31946 31738 29059 False
[vector] 28319 30687 31475 False
[vector] 28701 33623 29608 False
[vector] 27634 31114 31506 False
[vector] 27709 30900 31614 False
[vector] 29826 30233 30967 False
[vector] 27142 33058 30302 False
[vector] 33227 30891 26897 False
[vector] 26374 31382 31479 False
[vector] 33646 29299 27226 False
[vector] 30901 32730 29344 False
[vector] 30300 33875 28455 False
[vector] 28186 30351 31701 False
[vector] 33035 30599 28196 False
[vector] 28285 30691 31514 False
[vector] 29313 30857 31091 False
[vector] 31097 32936 29157 False
[vector] 30098 32095 30285 False
[vector] 33465 29281 27626 False
[vector] 29754 32897 29956 False
[vector] 26601 31461 31450 False
[vector] 29577 33393 29648 False
[vector] 28241 33786 29467 False
[vector] 29744 31944 30768 False
[vector] 28994 30300 31492 False
[vector] 28213 32940 30317 False
[vector] 30650 32982 29279 False
[vector] 28565 32779 30347 False
[vector] 29864 31773 30558 False
[vector] 31972 29689 29649 False
[vector] 31152 32378 29299 False
[vector] 26229 31210 31682 False
[vector] 28897 32801 30337 False
[vector] 28591 31452 31108 False
[vector] 33535 29253 27763 False
[vector] 27328 31457 31397 False
[vector] 30173 29711 30831 False
[vector] 33468 30817 26733 False
[vector] 30793 33256 28854 False
[vector] 30271 33314 29396 False
[vector] 33085 30419 28283 False
[vector] 30945 30470 30301 False
[vector] 27856 30574 31652 False
[vector] 27787 31384 31324 False
[vector] 31369 31137 29916 False
[vector] 28883 29473 31649 False
[vector] 32761 30946 28510 False
[vector] 31348 31393 29798 False
[vector] 30684 32891 29472 False
[vector] 29070 29680 31446 False
[vector] 27525 34015 29130 False
[vector] 30228 32841 29681 False
[vector] 33919 28643 24681 False
[vector] 31455 32067 29304 False
[vector] 30079 30899 30734 False
[vector] 28031 31657 31218 False
[vector] 28358 33861 29284 False
[vector] 27975 32656 30596 False
[vector] 28763 32169 30672 False
[vector] 26764 31427 31421 False
[vector] 28553 34244 28485 False
[vector] 28190 32703 30430 False
[vector] 28332 31505 31165 False
[vector] 32246 31156 29001 False
[vector] 31403 33390 27799 False
[vector] 30565 31856 30102 False
[vector] 32337 32186 27948 False
[vector] 26827 31667 31328 False
[vector] 30497 31159 30435 False
[vector] 30608 32622 29759 False
[vector] 30590 29751 30670 False
[vector] 28662 32069 30969 False
[vector] 30894 29831 30482 False
[vector] 27373 31645 31276 False
[vector] 30407 33102 29296 False
[vector] 29614 33791 29332 False
[vector] 29601 33262 29688 False
[vector] 24745 29068 32479 False
[vector] 31677 31960 29314 False
[vector] 29146 34252 27616 False
[vector] 26118 29073 32344 False
[vector] 26566 27391 32341 False
[vector] 29627 33733 29208 False
[vector] 32956 31162 27709 False
[vector] 28242 29668 31715 False
[vector] 27248 33356 30004 False
[vector] 28400 33734 29518 False
[vector] 32345 31499 28842 False
[vector] 27514 30786 31717 False
[vector] 26037 29410 32241 False
[vector] 29871 31871 30474 False
[vector] 30793 31064 30279 False
[vector] 32625 30824 28884 False
[vector] 25547 32726 30539 False
[vector] 33213 29851 28283 False
[vector] 30153 32641 29841 False
[vector] 28466 31435 31199 False
[vector] 30529 31046 30491 False
[vector] 29297 30989 30968 False
[vector] 30413 32508 29862 False
[vector] 29074 33959 29233 False
[vector] 31175 31888 29726 False
[vector] 28224 32989 30242 False
[vector] 29289 30579 31136 False
[vector] 33073 31334 26589 False
[vector] 24266 30271 32078 False
[vector] 31553 30870 29948 False
[vector] 28457 31743 31040 False
[vector] 25450 27953 32553 False
[vector] 27882 32172 30968 False
[vector] 32041 32336 28766 False
[vector] 26542 33343 30013 False
[vector] 30317 32068 30187 False
[vector] 31490 33059 28750 False
[vector] 28935 32978 30142 False
[vector] 28974 33137 30095 False
[vector] 28008 34140 28934 False
[vector] 29302 33799 29173 False
[vector] 27873 32484 30638 False
[vector] 28220 33495 29712 False
[vector] 32990 31318 26881 False
[vector] 28055 28750 31884 False
[vector] 28091 32336 30734 False
[vector] 30053 32050 30399 False
[vector] 33167 30864 27172 False
[vector] 29709 32852 30070 False
[vector] 31364 30604 30027 False
[vector] 28182 29319 31776 False
[vector] 28731 32212 30674 False
[vector] 29813 33454 29509 False
[vector] 28723 32617 30462 False
[vector] 29282 32297 30536 False
[vector] 33210 31094 26094 False
[vector] 27530 33972 29279 False
[vector] 30262 29530 30775 False
[vector] 30511 32685 29788 False
[vector] 29915 31763 30446 False
[vector] 29207 34174 27971 False
[vector] 33094 31475 26055 False
[vector] 29318 31172 30943 False
[vector] 29910 29788 30949 False
[vector] 30266 33773 28485 False
[vector] 31951 30554 29624 False
[vector] 31077 31874 29856 False
[vector] 28133 31556 31240 False
[vector] 31585 31284 29615 False
[vector] 26903 33638 29802 False
[vector] 26899 31774 31273 False
[vector] 29877 32906 29887 False
[vector] 28428 31512 31133 False
[vector] 31435 29851 30186 False
[vector] 29420 32420 30358 False
[vector] 29958 32911 29813 False
[vector] 28087 34307 28245 False
[vector] 30833 33536 28686 False
[vector] 29254 31041 31039 False
[vector] 29827 30227 30967 False
[vector] 30433 33671 28469 False
[vector] 32355 30896 29098 False
[vector] 31117 30880 30098 False
[vector] 30960 30669 30196 False
[vector] 27778 29339 31955 False
[vector] 28999 31669 31056 False
[vector] 26998 31349 31485 False
[vector] 27630 34472 28150 False
[vector] 30285 30134 30762 False
[vector] 28590 33474 29633 False
[vector] 31958 32442 28652 False
[vector] 30495 30669 30689 False
[vector] 33042 28964 28629 False
[vector] 26197 31057 31843 False
[vector] 33784 29705 25185 False
[vector] 28035 33252 30046 False
[vector] 28573 29665 31615 False
[vector] 32420 31647 28389 False
[vector] 32956 31511 27425 False
[vector] 33828 29240 25950 False
[vector] 27150 32499 30744 False
[vector] 29236 30790 31179 False
[vector] 32604 29516 29130 False
[vector] 30883 33454 28713 False
[vector] 27601 33088 30176 False
[vector] 30625 30638 30501 False
[vector] 29968 32857 29757 False
[vector] 27835 32685 30481 False
[vector] 32848 31698 27632 False
[vector] 31857 31315 29490 False
[vector] 28696 33750 29467 False
[vector] 31588 31596 29508 False
[vector] 31662 32030 29169 False
[vector] 31301 31182 29845 False
[vector] 31016 32572 29318 False
[vector] 29419 31857 30801 False
[vector] 25546 27929 32446 False
[vector] 30287 29464 30838 False
[vector] 30696 29238 30602 False
[vector] 27668 29140 32000 False
[vector] 27675 31639 31267 False
[vector] 27402 28596 32044 False
[vector] 33383 30301 27265 False
[vector] 29033 32841 30298 False
[vector] 29177 32836 30138 False
[vector] 32503 32152 27600 False
[vector] 32514 29819 29191 False
[vector] 28435 30221 31647 False
[vector] 29030 30966 31226 False
[vector] 32760 32112 26724 False
[vector] 30183 30332 30760 False
[vector] 29162 29250 31378 False
[vector] 26636 27967 32294 False
[vector] 26138 31353 31640 False
[vector] 29111 30971 31152 False
[vector] 27665 31489 31288 False
[vector] 33686 28450 27044 False
[vector] 33107 30759 27400 False
[vector] 29757 30155 31034 False
[vector] 30042 33766 29162 False
[vector] 32525 31522 28631 False
[vector] 28420 31971 31065 False
[vector] 32107 32522 28260 False
[vector] 27668 32041 31025 False
[vector] 31598 33053 28507 False
[vector] 32292 30202 29276 False
[vector] 32051 31733 29022 False
[vector] 28382 28739 31686 False
[vector] 27398 31527 31291 False
[vector] 28994 34308 28171 False
[vector] 31723 31857 29194 False
[vector] 30676 33719 28112 False
[vector] 33054 30928 28190 False
[vector] 33156 31202 25761 False
[vector] 28698 31869 30932 False
[vector] 28502 31374 31194 False
[vector] 29255 32461 30415 False
[vector] 25200 28353 32587 False
[vector] 29969 32845 29849 False
[vector] 32165 31860 28836 False
[vector] 33021 31385 26639 False
[vector] 27712 31468 31328 False
[vector] 30521 32082 30044 False
[vector] 27077 29611 32070 False
[vector] 29095 31103 31029 False
[vector] 28143 30953 31496 False
[vector] 30158 30311 30907 False
[vector] 32522 29747 29031 False
[vector] 28702 32687 30440 False
[vector] 28436 32333 30662 False
[vector] 31542 32228 29207 False
[vector] 28139 28389 31818 False
[vector] 32596 31544 28413 False
[vector] 33153 31192 26655 False
[vector] 30694 31438 30157 False
[vector] 33323 29729 27802 False
[vector] 27342 33655 29587 False
[vector] 32674 31092 28363 False
[vector] 32146 30730 29374 False
[vector] 32530 32354 26833 False
[vector] 31346 33030 28829 False
[vector] 31792 30579 29857 False
[vector] 29235 29741 31277 False
[vector] 33135 30690 27816 False
[vector] 28848 30448 31396 False
[vector] 30656 33744 27525 False
[vector] 32152 30611 29357 False
[vector] 32855 30513 28502 False
[vector] 29509 33096 30053 False
[vector] 28462 33664 29517 False
[vector] 30179 29746 30805 False
[vector] 29376 30696 31054 False
[vector] 28425 31546 31110 False
[vector] 31751 31478 29559 False
[vector] 29500 32276 30424 False
[vector] 30066 29249 31015 False
[vector] 27560 30838 31713 False
[vector] 31948 32021 28964 False
[vector] 26477 28803 32370 False
[vector] 30731 32626 29706 False
[vector] 27570 33691 29564 False
[vector] 25938 34569 27105 False
[vector] 33308 30464 27323 False
[vector] 32043 31374 29186 False
[vector] 32422 29490 29261 False
[vector] 28259 31061 31429 False
[vector] 27993 30707 31651 False
[vector] 25726 30198 32098 False
[vector] 31096 32343 29511 False
[vector] 32354 32359 27930 False
[vector] 31601 31932 29410 False
[vector] 29214 33918 29207 False
[vector] 26275 28917 32431 False
[vector] 33568 30001 26472 False
[vector] 31450 33254 27540 False
[vector] 26996 34305 28434 False
[vector] 33156 30831 27282 False
[vector] 30963 32521 29419 False
[vector] 27906 29744 31899 False
[vector] 30155 33670 28922 False
[vector] 33018 31623 25726 False
[vector] 28969 33264 29954 False
[vector] 30024 31696 30439 False
[vector] 31062 33084 28920 False
[vector] 31274 31104 29926 False
[vector] 27156 32439 30821 False
[vector] 32170 32340 28285 False
[vector] 31653 29220 30001 False
[vector] 27007 30497 31874 False
[vector] 32211 30315 29560 False
[vector] 25497 31176 31691 False
[vector] 31066 33249 28767 False
[vector] 29524 33593 29473 False
[vector] 31753 31907 29067 False
[vector] 31810 31182 29762 False
[vector] 28026 29870 31751 False
[vector] 28106 34112 28777 False
[vector] 29961 31815 30442 False
[vector] 31951 29502 29950 False
[vector] 32272 29375 29497 False
[vector] 30255 33457 29151 False
[vector] 32791 32014 26813 False
[vector] 32203 30383 29332 False
[vector] 28714 32613 30463 False
[vector] 26742 31298 31556 False
[vector] 33307 30063 27754 False
[vector] 32015 32670 27905 False
[vector] 27977 30361 31760 False
[vector] 29401 33127 29798 False
[vector] 33540 29261 27397 False
[vector] 30259 33637 28836 False
[vector] 28614 32107 30771 False
[vector] 29173 31787 30845 False
[vector] 29084 32315 30656 False
[vector] 32535 30919 28887 False
[vector] 27899 31987 31013 False
[vector] 32452 29442 29228 False
[vector] 28024 30788 31546 False
[vector] 28430 31368 31321 False
[vector] 27915 29043 31908 False
[vector] 31953 32569 28511 False
[vector] 27917 31794 31257 False
[vector] 33044 30322 28402 False
[vector] 31798 33175 28038 False
[vector] 30201 29199 30898 False
[vector] 31169 30490 30130 False
[vector] 26964 30368 31946 False
[vector] 33026 31393 26273 False
[vector] 30993 32716 29293 False
[vector] 28996 33517 29524 False
[vector] 29251 33112 29931 False
[vector] 26699 32526 30802 False
[vector] 30539 30443 30747 False
[vector] 30500 33388 29124 False
[vector] 31522 31421 29665 False
[vector] 31938 32624 28708 False
[vector] 26942 31332 31555 False
[vector] 32464 28527 29278 False
[vector] 28206 30076 31716 False
[vector] 27178 32535 30695 False
[vector] 30513 33330 29000 False
[vector] 30301 32108 30162 False
[vector] 28960 33457 29752 False
[vector] 30427 33088 29318 False
[vector] 27007 33310 30089 False
[vector] 26838 34319 28486 False
[vector] 26048 30828 31867 False
[vector] 26391 31892 31252 False
[vector] 27721 31160 31487 False
[vector] 30885 32948 29205 False
[vector] 27520 33319 30030 False
[vector] 29198 34050 29084 False
[vector] 29892 29737 30974 False
[vector] 29569 32722 30099 False
[vector] 27141 32495 30745 False
[vector] 30063 31447 30655 False
[vector] 30174 29307 30919 False
[vector] 27975 29956 31781 False
[vector] 25008 28439 32557 False
[vector] 33049 31598 25431 False
[vector] 30702 31412 30252 False
[vector] 29887 32463 30220 False
[vector] 29041 31143 31164 False
[vector] 33378 30428 27124 False
[vector] 26900 28814 32211 False
[vector] 33127 30829 27332 False
[vector] 30226 29730 30812 False
[vector] 30167 33565 29307 False
[vector] 27603 33814 29484 False
[vector] 31354 31207 29771 False
[vector] 28494 31561 31091 False
[vector] 30669 32961 29327 False
[vector] 27254 32302 30977 False
[vector] 29717 33955 28721 False
[vector] 32688 28809 28950 False
[vector] 30994 33225 29046 False
[vector] 28084 32392 30652 False
[vector] 31935 30718 29446 False
[vector] 28253 33166 30005 False
[vector] 29006 31267 31298 False
[vector] 26842 30538 31931 False
[vector] 28766 29964 31535 False
[vector] 32311 31494 28958 False
[vector] 32390 32314 27855 False
[vector] 28101 29858 31796 False
[vector] 31503 32668 29061 False
[vector] 30055 32848 29784 False
[vector] 27619 31170 31430 False
[vector] 28764 32821 30341 False
[vector] 28258 31129 31418 False
[vector] 28292 32304 30741 False
[vector] 28017 29360 31833 False
[vector] 31930 30043 29829 False
[vector] 26973 31413 31450 False
[vector] 30330 33891 27049 False
[vector] 27811 33038 30242 False
[vector] 27662 31164 31411 False
[vector] 29104 33114 29879 False
[vector] 27063 31617 31313 False
[vector] 27248 30432 31939 False
[vector] 28925 32668 30309 False
[vector] 29842 33631 29272 False
[vector] 31105 32317 29523 False
[vector] 28748 31858 30882 False
[vector] 32550 32125 26903 False
[vector] 32417 31065 29003 False
[vector] 30809 32983 29261 False
[vector] 31366 29708 30188 False
[vector] 33186 30620 28035 False
[vector] 27757 32087 31002 False
[vector] 26571 33378 29993 False
[vector] 29536 31323 30887 False
[vector] 29926 34009 28086 False
[vector] 27988 31704 31076 False
[vector] 32201 30918 29304 False
[vector] 27487 31573 31268 False
[vector] 31961 30715 29594 False
[vector] 30076 29470 31006 False
[vector] 28362 32842 30379 False
[vector] 29276 30107 31233 False
[vector] 27411 34388 28343 False
[vector] 29789 30837 30916 False
[vector] 30974 33707 27675 False
[vector] 31496 31071 29791 False
[vector] 27445 28821 32026 False
[vector] 28733 33795 29260 False
[vector] 27290 32977 30334 False
[vector] 27439 34136 29021 False
[vector] 33106 31172 27478 False
[vector] 26489 31841 31246 False
[vector] 29759 30482 30965 False
[vector] 29794 32046 30403 False
[vector] 32790 31368 27824 False
[vector] 29315 32261 30644 False
[vector] 33146 30645 27659 False
[vector] 27473 31927 31128 False
[vector] 32243 29276 29504 False
[vector] 30062 33673 28923 False
[vector] 27312 31311 31476 False
[vector] 31659 29739 29931 False
[vector] 25800 31527 31558 False
[vector] 31244 31993 29694 False
[vector] 27176 31254 31619 False
[vector] 28372 30608 31520 False
[vector] 27578 32708 30525 False
[vector] 32035 32790 26828 False
[vector] 31997 31484 29103 False
[vector] 29552 34143 27632 False
[vector] 29287 33302 29753 False
[vector] 28170 34304 28249 False
[vector] 31874 32929 28030 False
[vector] 33949 28332 24970 False
[vector] 27443 32186 30995 False
[vector] 28082 32145 30983 False
[vector] 29130 33306 29732 False
[vector] 26852 29935 32187 False
[vector] 30948 30782 30194 False
[vector] 29212 34182 27605 False
[vector] 31880 32473 28853 False
[vector] 27714 31958 31074 False
[vector] 32701 30743 28766 False
[vector] 32628 31724 28062 False
[vector] 28413 32316 30737 False
[vector] 31125 30716 30072 False
[vector] 31913 30766 29563 False
[vector] 28416 33160 30070 False
[vector] 29007 31222 31063 False
[vector] 30992 32356 29497 False
[vector] 30467 33713 28465 False
[vector] 27590 30993 31667 False
[vector] 33094 29944 28336 False
[vector] 28912 33298 29757 False
[vector] 24903 31398 31604 False
[vector] 26865 29766 32059 False
[vector] 28560 30042 31518 False
[vector] 28264 32979 30223 False
[vector] 27056 32847 30463 False
[vector] 28724 33206 29966 False
[vector] 32983 31429 26592 False
[vector] 29235 31062 31003 False
[vector] 29987 29651 31062 False
[vector] 29685 32240 30565 False
[vector] 30094 29963 30939 False
[vector] 28635 34186 28346 False
[vector] 30118 31635 30585 False
[vector] 33196 30017 28291 False
[vector] 26390 31532 31456 False
[vector] 33325 30823 26822 False
[vector] 31330 29908 30225 False
[vector] 31907 29728 29892 False
[vector] 33388 29825 27380 False
[vector] 28981 31286 31108 False
[vector] 30182 32201 30215 False
[vector] 33476 29549 27560 False
[vector] 30595 33302 29212 False
[vector] 29867 29840 31020 False
[vector] 32256 32559 27815 False
[vector] 30160 29993 30785 False
[vector] 27884 33288 29991 False
[vector] 33494 29396 27425 False
[vector] 27884 32690 30469 False
[vector] 30279 33050 29566 False
[vector] 27998 32670 30457 False
[vector] 32816 31840 26391 False
[vector] 31310 31433 29713 False
[vector] 32883 30904 28307 False
[vector] 30625 33187 29269 False
[vector] 32427 32091 27945 False
