[nb-items] 80
[nb-objectives] 3
[nb-pareto] 1614
[nb-lorenz] 27
[runtime] 835.403373003006
[format] f1 f2 f3 isLorenzND
[vector] 34082 28346 27820 True
[vector] 32392 28564 28266 True
[vector] 34558 28415 27563 True
[vector] 34389 28279 27826 True
[vector] 31554 28482 28454 True
[vector] 32489 28362 28350 True
[vector] 32381 28346 28493 True
[vector] 32905 28658 28027 True
[vector] 33606 28956 27679 True
[vector] 32796 28295 28356 True
[vector] 32827 28203 28545 True
[vector] 31894 28165 28761 True
[vector] 33167 28592 28084 True
[vector] 33522 28339 28255 True
[vector] 32639 28369 28342 True
[vector] 34128 28046 27972 True
[vector] 34726 27865 27833 True
[vector] 32699 28497 28272 True
[vector] 32133 28866 28087 True
[vector] 31746 28393 28425 True
[vector] 33215 28406 28249 True
[vector] 34204 28775 27540 True
[vector] 32521 29069 27791 True
[vector] 33340 28503 28093 True
[vector] 34035 28639 27803 True
[vector] 31973 28288 28585 True
[vector] 32911 28820 27969 True
[vector] 29175 30142 26269 False
[vector] 34519 28982 25203 False
[vector] 33619 29398 26094 False
[vector] 32775 26457 29217 False
[vector] 32171 28852 27858 False
[vector] 33892 24676 28959 False
[vector] 34816 26140 28281 False
[vector] 31864 25280 29794 False
[vector] 36221 26944 26315 False
[vector] 35783 26033 27313 False
[vector] 32029 28878 27822 False
[vector] 32729 26767 29157 False
[vector] 35392 26085 27694 False
[vector] 32129 24039 29810 False
[vector] 34933 27324 27752 False
[vector] 33245 29536 26411 False
[vector] 32094 30291 25710 False
[vector] 34782 28705 25948 False
[vector] 31332 30183 26196 False
[vector] 32425 29137 27490 False
[vector] 32140 29260 27345 False
[vector] 35923 26271 27010 False
[vector] 35907 26570 27154 False
[vector] 35046 26066 28086 False
[vector] 33591 27828 28226 False
[vector] 35364 26742 27501 False
[vector] 34763 28304 27049 False
[vector] 34192 29171 24911 False
[vector] 34343 28651 27141 False
[vector] 35863 26341 27188 False
[vector] 32063 27670 29078 False
[vector] 34112 28099 27841 False
[vector] 34004 26383 28663 False
[vector] 32198 29242 27330 False
[vector] 34460 26979 28175 False
[vector] 30931 30193 26101 False
[vector] 33111 25285 29270 False
[vector] 31452 30366 25269 False
[vector] 32741 29584 26697 False
[vector] 31566 25679 29928 False
[vector] 30186 30376 25959 False
[vector] 35356 28144 26226 False
[vector] 33431 28462 27976 False
[vector] 35054 28299 26711 False
[vector] 33336 29861 25138 False
[vector] 33771 27445 28327 False
[vector] 35691 26583 27276 False
[vector] 33298 27407 28557 False
[vector] 32463 27003 29165 False
[vector] 33653 28663 27696 False
[vector] 34690 27260 27850 False
[vector] 35951 25614 27203 False
[vector] 33325 25390 29125 False
[vector] 36221 25813 27029 False
[vector] 33041 29220 27324 False
[vector] 35097 28254 26656 False
[vector] 33434 26613 28821 False
[vector] 33589 29646 25183 False
[vector] 32245 25035 29652 False
[vector] 34766 28878 25471 False
[vector] 35269 28205 26318 False
[vector] 36466 26099 26663 False
[vector] 35605 25595 27595 False
[vector] 35730 27687 26488 False
[vector] 33029 29928 25132 False
[vector] 34824 26642 28099 False
[vector] 31870 29148 27585 False
[vector] 32586 26601 29266 False
[vector] 33410 27499 28536 False
[vector] 34869 28644 25856 False
[vector] 32004 24949 29784 False
[vector] 34799 28243 27322 False
[vector] 30678 30567 24203 False
[vector] 33424 26903 28867 False
[vector] 34672 25838 28470 False
[vector] 33230 27481 28657 False
[vector] 34310 26755 28453 False
[vector] 33590 26777 28726 False
[vector] 31643 29253 27425 False
[vector] 33733 28701 27542 False
[vector] 31969 26490 29462 False
[vector] 35094 25545 27969 False
[vector] 34555 27041 28087 False
[vector] 31700 26311 29593 False
[vector] 33273 29659 25928 False
[vector] 34140 28852 27138 False
[vector] 30746 29141 27687 False
[vector] 30975 29888 26681 False
[vector] 35873 27468 26475 False
[vector] 33037 25796 29326 False
[vector] 34260 29076 25836 False
[vector] 30888 25547 29955 False
[vector] 32902 25293 29419 False
[vector] 32607 29982 25399 False
[vector] 34076 29288 24690 False
[vector] 33926 29301 26323 False
[vector] 28333 30869 24504 False
[vector] 32555 27752 28918 False
[vector] 33484 29128 27116 False
[vector] 33538 29428 26251 False
[vector] 31742 26449 29506 False
[vector] 34370 28560 27198 False
[vector] 32055 29242 27363 False
[vector] 32710 29676 26508 False
[vector] 33298 29062 27263 False
[vector] 32907 29695 26216 False
[vector] 33975 29369 25636 False
[vector] 31705 29415 27279 False
[vector] 35206 28136 26883 False
[vector] 33578 26981 28797 False
[vector] 31790 26241 29590 False
[vector] 34985 24974 28148 False
[vector] 35477 26646 27392 False
[vector] 32668 27656 28809 False
[vector] 33180 25551 29261 False
[vector] 31132 30281 25924 False
[vector] 32112 29566 26875 False
[vector] 33501 24642 29181 False
[vector] 33819 27401 28347 False
[vector] 33464 29346 26560 False
[vector] 31469 27985 28837 False
[vector] 34649 28040 27762 False
[vector] 31279 30460 24827 False
[vector] 33309 28595 27904 False
[vector] 33087 27964 28481 False
[vector] 33892 29381 25519 False
[vector] 30507 25117 30136 False
[vector] 29971 28499 28283 False
[vector] 32120 28113 28639 False
[vector] 34734 28498 26814 False
[vector] 32042 26868 29258 False
[vector] 33816 26932 28518 False
[vector] 33011 26162 29237 False
[vector] 33780 29415 26082 False
[vector] 32163 27898 28788 False
[vector] 32329 29544 26878 False
[vector] 34382 28893 26504 False
[vector] 34561 28346 26987 False
[vector] 30040 25527 30000 False
[vector] 33190 26778 29093 False
[vector] 32836 25718 29407 False
[vector] 32611 25600 29455 False
[vector] 34536 27529 27966 False
[vector] 31338 24921 30007 False
[vector] 33422 27692 28489 False
[vector] 32843 29378 26916 False
[vector] 31987 25303 29777 False
[vector] 32840 29405 26928 False
[vector] 34337 25792 28648 False
[vector] 32684 28925 27809 False
[vector] 35003 27993 27030 False
[vector] 31637 29543 27131 False
[vector] 33875 28032 27996 False
[vector] 33579 26154 28857 False
[vector] 31898 29619 26861 False
[vector] 33870 28023 28123 False
[vector] 32835 29396 27055 False
[vector] 33014 27634 28581 False
[vector] 31561 29871 26686 False
[vector] 31384 24330 30014 False
[vector] 30182 30754 24637 False
[vector] 35040 27108 27708 False
[vector] 31271 26628 29469 False
[vector] 33161 28059 28318 False
[vector] 34780 26868 28041 False
[vector] 31732 26250 29533 False
[vector] 32442 25823 29532 False
[vector] 34557 27364 28063 False
[vector] 34969 27329 27666 False
[vector] 31897 29919 26551 False
[vector] 34330 29059 25367 False
[vector] 35529 27860 26266 False
[vector] 35285 27394 27342 False
[vector] 35238 28297 26129 False
[vector] 31757 29280 27386 False
[vector] 34002 29055 26869 False
[vector] 33242 29177 27215 False
[vector] 31907 29221 27406 False
[vector] 33983 27927 28014 False
[vector] 35311 26348 27690 False
[vector] 31368 28880 27927 False
[vector] 31023 24173 30097 False
[vector] 35187 28502 25320 False
[vector] 32178 30299 25275 False
[vector] 31559 27911 28773 False
[vector] 33109 29745 26127 False
[vector] 36048 26097 26989 False
[vector] 33575 27702 28318 False
[vector] 33667 28378 28017 False
[vector] 33482 27820 28419 False
[vector] 34585 24975 28515 False
[vector] 35804 27868 25708 False
[vector] 32521 24998 29617 False
[vector] 34322 27324 28145 False
[vector] 34444 26853 28267 False
[vector] 36340 26851 26262 False
[vector] 34994 28197 26876 False
[vector] 32217 27911 28723 False
[vector] 28512 30690 25138 False
[vector] 36615 24816 25866 False
[vector] 30126 23487 30492 False
[vector] 32073 28162 28664 False
[vector] 34220 28357 27638 False
[vector] 32630 26380 29342 False
[vector] 34160 25195 28825 False
[vector] 34977 27098 27810 False
[vector] 32521 27831 28755 False
[vector] 34566 27328 27936 False
[vector] 30337 25383 30036 False
[vector] 29565 30220 26185 False
[vector] 35643 25376 27678 False
[vector] 33861 27488 28302 False
[vector] 33322 27623 28505 False
[vector] 35952 25561 27485 False
[vector] 31622 29624 27148 False
[vector] 35252 28407 26053 False
[vector] 31151 28617 28147 False
[vector] 33550 27682 28448 False
[vector] 31017 29645 27032 False
[vector] 33516 27119 28767 False
[vector] 34005 29246 26149 False
[vector] 33141 29236 27041 False
[vector] 31670 30024 26391 False
[vector] 31052 30060 26368 False
[vector] 30896 29580 27249 False
[vector] 35373 28128 26468 False
[vector] 33761 27405 28401 False
[vector] 30217 30284 26148 False
[vector] 32826 28256 28263 False
[vector] 32910 29662 26611 False
[vector] 30255 30133 26408 False
[vector] 36306 25514 26753 False
[vector] 34630 26556 28350 False
[vector] 31810 29298 27374 False
[vector] 35597 27435 26907 False
[vector] 29491 30240 26249 False
[vector] 33209 27186 28761 False
[vector] 32865 26176 29193 False
[vector] 33237 27607 28615 False
[vector] 32790 26477 29202 False
[vector] 31124 23520 30088 False
[vector] 33415 29585 26113 False
[vector] 33765 28993 27171 False
[vector] 35098 28120 27026 False
[vector] 34190 26542 28508 False
[vector] 32937 26735 29134 False
[vector] 33379 29061 27519 False
[vector] 32544 26618 29323 False
[vector] 31997 30363 24843 False
[vector] 32656 29231 27339 False
[vector] 33842 26905 28541 False
[vector] 34919 27509 27579 False
[vector] 32639 26614 29174 False
[vector] 34557 28468 27281 False
[vector] 32686 27744 28685 False
[vector] 31202 29420 27235 False
[vector] 35408 27769 26987 False
[vector] 34320 26344 28454 False
[vector] 33305 26996 28920 False
[vector] 33188 29690 25953 False
[vector] 34128 29230 25706 False
[vector] 33250 27450 28541 False
[vector] 33508 25765 29123 False
[vector] 33740 26958 28572 False
[vector] 33364 25236 29163 False
[vector] 29066 30724 25021 False
[vector] 32118 29204 27484 False
[vector] 35669 27328 26995 False
[vector] 36369 26900 25977 False
[vector] 32918 29165 27396 False
[vector] 31189 26795 29408 False
[vector] 30047 30663 24663 False
[vector] 32771 29904 25932 False
[vector] 31996 27025 29244 False
[vector] 34104 26357 28576 False
[vector] 32994 29670 26176 False
[vector] 32523 29974 25834 False
[vector] 31119 29453 27239 False
[vector] 33022 27296 28832 False
[vector] 31928 29464 27134 False
[vector] 35105 27093 27510 False
[vector] 32223 28026 28718 False
[vector] 34445 27592 27842 False
[vector] 33863 28279 27853 False
[vector] 32073 30086 25940 False
[vector] 36269 26517 26504 False
[vector] 31138 26272 29679 False
[vector] 31591 29716 26959 False
[vector] 35221 28499 25864 False
[vector] 33004 29532 26792 False
[vector] 32683 29767 26451 False
[vector] 32678 29945 25619 False
[vector] 31929 29886 26602 False
[vector] 32115 26935 29199 False
[vector] 34859 27396 27587 False
[vector] 34759 27074 27902 False
[vector] 33727 27671 28269 False
[vector] 32002 29802 26646 False
[vector] 35030 28676 24626 False
[vector] 32170 25856 29755 False
[vector] 33757 29165 26586 False
[vector] 32067 26966 29200 False
[vector] 32656 29372 27085 False
[vector] 32988 29257 27125 False
[vector] 33366 29798 25539 False
[vector] 33231 28621 27866 False
[vector] 33644 29272 26756 False
[vector] 32696 29715 26597 False
[vector] 30679 30414 25901 False
[vector] 29834 25141 30098 False
[vector] 33222 26284 29094 False
[vector] 32409 24981 29682 False
[vector] 35577 26652 27296 False
[vector] 32588 28208 28451 False
[vector] 31735 29828 26624 False
[vector] 35138 26742 27785 False
[vector] 33139 25806 29194 False
[vector] 34239 27100 28221 False
[vector] 31938 28071 28690 False
[vector] 36155 26885 26518 False
[vector] 32307 28643 28142 False
[vector] 34982 26883 27837 False
[vector] 32966 28979 27561 False
[vector] 33371 25046 29206 False
[vector] 33521 28392 27973 False
[vector] 33290 27921 28512 False
[vector] 35133 28414 26034 False
[vector] 34786 27467 27707 False
[vector] 32200 28005 28747 False
[vector] 33233 29863 24482 False
[vector] 31826 24696 29834 False
[vector] 31258 25151 30008 False
[vector] 36171 27048 26204 False
[vector] 32956 26520 29102 False
[vector] 31338 27270 29295 False
[vector] 35452 25985 27660 False
[vector] 35458 27110 27382 False
[vector] 35452 28073 26294 False
[vector] 32448 29945 25907 False
[vector] 31621 29677 26866 False
[vector] 35387 27331 27340 False
[vector] 32989 29607 26437 False
[vector] 33485 26127 28960 False
[vector] 32188 29255 27333 False
[vector] 34979 28617 26323 False
[vector] 31961 29208 27430 False
[vector] 33583 27103 28593 False
[vector] 30745 30127 26362 False
[vector] 33060 29834 25299 False
[vector] 34148 27326 28262 False
[vector] 34867 27649 27565 False
[vector] 32164 25900 29600 False
[vector] 34335 28806 26692 False
[vector] 29708 23723 30441 False
[vector] 31462 29211 27434 False
[vector] 28867 30797 24297 False
[vector] 33914 28968 27017 False
[vector] 33224 25811 29141 False
[vector] 34803 26272 28390 False
[vector] 34353 28762 26933 False
[vector] 30205 24628 30251 False
[vector] 32847 29924 25504 False
[vector] 34461 28838 26330 False
[vector] 34890 28219 27104 False
[vector] 33989 27883 28169 False
[vector] 33833 28919 27132 False
[vector] 33130 28485 28125 False
[vector] 29813 30109 26428 False
[vector] 31547 30151 26019 False
[vector] 32317 30164 24740 False
[vector] 32136 26557 29407 False
[vector] 34356 26980 28241 False
[vector] 31148 29486 27216 False
[vector] 33575 24593 29067 False
[vector] 33002 28779 27852 False
[vector] 35048 26558 28024 False
[vector] 30655 29037 27811 False
[vector] 34035 27124 28374 False
[vector] 31015 30380 25884 False
[vector] 32790 26878 29089 False
[vector] 31745 26791 29437 False
[vector] 30932 25488 30025 False
[vector] 31945 29389 27348 False
[vector] 30818 24331 30281 False
[vector] 32248 27819 28912 False
[vector] 32610 26860 29210 False
[vector] 31897 29556 26945 False
[vector] 35891 27574 25907 False
[vector] 31767 27861 28823 False
[vector] 34474 29023 25850 False
[vector] 36783 26024 25827 False
[vector] 34044 26991 28461 False
[vector] 35473 25213 27852 False
[vector] 34054 27234 28268 False
[vector] 34845 27407 27747 False
[vector] 31697 26999 29353 False
[vector] 30685 26847 29393 False
[vector] 35362 25801 27899 False
[vector] 33663 25969 29013 False
[vector] 33883 27433 28271 False
[vector] 35699 27653 26820 False
[vector] 35290 28132 26654 False
[vector] 34999 28768 24437 False
[vector] 32933 30068 24899 False
[vector] 31560 24088 30004 False
[vector] 30745 24514 30149 False
[vector] 36488 26973 25368 False
[vector] 36571 25182 25957 False
[vector] 33672 29638 25525 False
[vector] 34319 24725 28701 False
[vector] 32605 29793 26413 False
[vector] 35475 25705 27790 False
[vector] 34586 27358 27862 False
[vector] 32590 29968 25500 False
[vector] 35165 28227 26546 False
[vector] 34772 28873 24277 False
[vector] 33685 28519 27837 False
[vector] 30354 24633 30198 False
[vector] 33296 29706 25810 False
[vector] 34669 28936 24949 False
[vector] 33711 29169 27014 False
[vector] 33369 27262 28722 False
[vector] 31421 27036 29388 False
[vector] 30571 25208 30088 False
[vector] 33463 29698 25395 False
[vector] 31006 30049 26437 False
[vector] 34663 28340 26986 False
[vector] 34240 25010 28672 False
[vector] 31402 23050 30049 False
[vector] 33923 29328 25661 False
[vector] 34192 29172 24877 False
[vector] 36161 26489 26633 False
[vector] 34449 25693 28508 False
[vector] 33277 25628 29232 False
[vector] 32978 24932 29488 False
[vector] 31651 30097 26065 False
[vector] 32143 29332 27287 False
[vector] 31624 26594 29502 False
[vector] 30874 25497 29968 False
[vector] 30298 30619 24708 False
[vector] 29388 24747 30241 False
[vector] 35337 27511 27253 False
[vector] 34937 28083 27446 False
[vector] 32958 26455 29116 False
[vector] 31517 29291 27376 False
[vector] 34130 29280 24358 False
[vector] 33796 28901 27360 False
[vector] 30753 30529 24908 False
[vector] 35849 27661 26163 False
[vector] 31516 30243 25830 False
[vector] 34835 27624 27693 False
[vector] 33375 27362 28617 False
[vector] 33803 28221 28060 False
[vector] 32534 29419 27204 False
[vector] 30437 24576 30423 False
[vector] 35252 26352 27654 False
[vector] 34960 25310 28328 False
[vector] 33196 26311 29071 False
[vector] 33557 27356 28581 False
[vector] 33066 25991 29197 False
[vector] 32713 28305 28295 False
[vector] 34136 27740 28214 False
[vector] 30512 30606 23933 False
[vector] 33822 29390 25720 False
[vector] 33129 29527 26683 False
[vector] 32745 29267 27153 False
[vector] 31503 29106 27620 False
[vector] 36484 25414 26335 False
[vector] 34689 28759 25960 False
[vector] 33237 28684 27813 False
[vector] 33043 26921 29048 False
[vector] 30020 25044 30169 False
[vector] 36183 26032 26946 False
[vector] 34232 29141 26309 False
[vector] 31806 29815 26675 False
[vector] 30730 23664 30319 False
[vector] 32182 27577 29025 False
[vector] 33686 29599 25436 False
[vector] 30525 30542 25739 False
[vector] 32880 28912 27780 False
[vector] 35250 26275 27821 False
[vector] 31456 29988 26591 False
[vector] 34029 27419 28315 False
[vector] 31945 29733 26716 False
[vector] 33566 29464 25780 False
[vector] 29606 23285 30551 False
[vector] 32663 25557 29420 False
[vector] 31710 26717 29454 False
[vector] 33216 26367 29042 False
[vector] 30528 29351 27388 False
[vector] 34164 27770 27882 False
[vector] 31009 28710 28200 False
[vector] 30730 29944 26692 False
[vector] 34199 29015 26408 False
[vector] 32414 30092 25607 False
[vector] 34936 27032 27946 False
[vector] 31504 25766 29800 False
[vector] 31326 29420 27150 False
[vector] 33097 25924 29256 False
[vector] 34706 26644 28135 False
[vector] 30863 24209 30145 False
[vector] 32988 28000 28492 False
[vector] 34332 29105 24975 False
[vector] 33807 28047 28007 False
[vector] 35436 25859 27752 False
[vector] 33737 26027 28866 False
[vector] 34479 26891 28190 False
[vector] 32705 26508 29213 False
[vector] 34972 26408 28127 False
[vector] 31621 24855 29861 False
[vector] 32323 27334 29175 False
[vector] 33560 27511 28451 False
[vector] 31766 29736 26813 False
[vector] 34225 25729 28652 False
[vector] 33255 27411 28549 False
[vector] 33790 29114 26840 False
[vector] 32332 29160 27402 False
[vector] 35318 26027 27841 False
[vector] 35993 27404 26396 False
[vector] 31465 26581 29610 False
[vector] 36170 26114 26805 False
[vector] 33696 27354 28494 False
[vector] 33875 29215 26379 False
[vector] 36523 26263 25891 False
[vector] 33491 26580 28851 False
[vector] 31725 24695 29922 False
[vector] 33901 28007 28138 False
[vector] 29511 25280 30052 False
[vector] 34616 26741 28177 False
[vector] 35892 27521 26189 False
[vector] 33652 27575 28418 False
[vector] 34070 26964 28484 False
[vector] 31251 29181 27568 False
[vector] 33875 28846 27186 False
[vector] 35820 27688 26356 False
[vector] 31365 26313 29635 False
[vector] 31207 24662 30026 False
[vector] 33147 28004 28442 False
[vector] 33373 29328 26819 False
[vector] 32523 25549 29496 False
[vector] 35495 26561 27455 False
[vector] 33367 29769 25327 False
[vector] 35261 28159 26847 False
[vector] 32702 27002 29058 False
[vector] 32675 29510 26827 False
[vector] 34602 28189 27621 False
[vector] 31233 29474 27162 False
[vector] 32987 24792 29375 False
[vector] 31665 24796 29931 False
[vector] 33484 28475 27884 False
[vector] 34076 26693 28454 False
[vector] 33215 29589 26632 False
[vector] 36090 26952 26844 False
[vector] 33895 26787 28650 False
[vector] 35526 27937 26780 False
[vector] 30823 24340 30154 False
[vector] 33465 26607 28828 False
[vector] 36271 27189 26072 False
[vector] 33085 25426 29275 False
[vector] 35146 28233 26308 False
[vector] 34316 26411 28499 False
[vector] 29986 30201 26260 False
[vector] 32902 27718 28808 False
[vector] 35306 27960 26577 False
[vector] 28985 30622 25307 False
[vector] 33616 29507 25707 False
[vector] 36094 26812 26649 False
[vector] 34669 28437 26902 False
[vector] 35998 27489 26097 False
[vector] 30938 23936 30157 False
[vector] 35644 25841 27527 False
[vector] 34818 28176 27499 False
[vector] 30479 30555 25140 False
[vector] 34823 28724 25929 False
[vector] 33596 29424 26128 False
[vector] 31254 29938 26680 False
[vector] 34483 26699 28305 False
[vector] 35538 25747 27679 False
[vector] 33015 27622 28699 False
[vector] 34844 28857 25715 False
[vector] 34232 27137 28251 False
[vector] 31979 26918 29284 False
[vector] 34768 27947 27709 False
[vector] 32278 29202 27432 False
[vector] 33077 26404 29124 False
[vector] 34157 27861 28083 False
[vector] 33865 29460 24157 False
[vector] 33570 25921 29061 False
[vector] 32202 25693 29629 False
[vector] 31644 27642 29085 False
[vector] 32006 26683 29383 False
[vector] 30831 26339 29673 False
[vector] 30573 26620 29585 False
[vector] 28848 30656 25121 False
[vector] 35574 27573 26835 False
[vector] 35268 26774 27515 False
[vector] 32219 25651 29559 False
[vector] 34023 29347 25611 False
[vector] 33343 26168 29116 False
[vector] 29534 30312 25996 False
[vector] 34938 27109 27779 False
[vector] 33246 29119 27136 False
[vector] 32570 25954 29415 False
[vector] 32046 24551 29789 False
[vector] 35127 27570 27404 False
[vector] 32386 28402 28324 False
[vector] 32576 27377 29134 False
[vector] 32107 30159 25601 False
[vector] 34220 28574 27368 False
[vector] 31209 30310 25824 False
[vector] 36411 26737 25813 False
[vector] 34270 27765 27974 False
[vector] 33361 25908 29078 False
[vector] 30149 24792 30225 False
[vector] 33427 29482 26216 False
[vector] 35280 28443 25582 False
[vector] 36254 25740 26782 False
[vector] 35095 26562 27822 False
[vector] 31014 24863 30071 False
[vector] 32613 26980 29085 False
[vector] 33694 28143 28116 False
[vector] 36137 27613 25520 False
[vector] 35289 26609 27612 False
[vector] 31848 29572 27026 False
[vector] 30901 26834 29447 False
[vector] 32144 26222 29666 False
[vector] 28345 30655 25388 False
[vector] 35724 26436 27287 False
[vector] 33566 28437 27843 False
[vector] 33164 27239 28770 False
[vector] 35116 28616 25769 False
[vector] 31104 30523 24168 False
[vector] 32449 30038 25881 False
[vector] 33109 29415 26887 False
[vector] 31612 30159 25886 False
[vector] 34385 26846 28286 False
[vector] 32498 30100 25172 False
[vector] 30367 30545 25237 False
[vector] 35419 26411 27558 False
[vector] 34676 27271 28010 False
[vector] 32528 30037 25573 False
[vector] 32243 29124 27588 False
[vector] 33943 27963 28104 False
[vector] 35969 26722 26921 False
[vector] 34229 29168 25647 False
[vector] 30558 29196 27661 False
[vector] 33472 29652 25422 False
[vector] 34617 28962 25555 False
[vector] 31556 29093 27624 False
[vector] 28547 30671 25141 False
[vector] 33474 27132 28657 False
[vector] 34056 27867 27995 False
[vector] 33508 29481 26472 False
[vector] 33999 28122 27896 False
[vector] 35009 28560 25857 False
[vector] 34178 27089 28275 False
[vector] 30795 30174 26197 False
[vector] 32191 30167 25166 False
[vector] 32254 30084 26327 False
[vector] 34023 27229 28418 False
[vector] 35263 26143 27712 False
[vector] 35533 26342 27538 False
[vector] 33782 28100 28191 False
[vector] 32338 30092 25892 False
[vector] 33676 27263 28528 False
[vector] 34038 26304 28826 False
[vector] 32858 28034 28498 False
[vector] 33773 29305 26272 False
[vector] 34060 26583 28518 False
[vector] 33242 29751 25739 False
[vector] 33514 24510 29072 False
[vector] 34426 25445 28639 False
[vector] 34283 26590 28460 False
[vector] 30573 30479 25317 False
[vector] 35686 25797 27493 False
[vector] 33690 28964 27244 False
[vector] 35821 27635 26638 False
[vector] 31198 25252 30017 False
[vector] 36096 27546 25705 False
[vector] 32862 27220 28871 False
[vector] 34151 26208 28717 False
[vector] 34368 27551 28052 False
[vector] 33838 28115 27907 False
[vector] 34374 29098 24342 False
[vector] 35163 27483 27353 False
[vector] 31121 24518 30095 False
[vector] 31470 29849 26692 False
[vector] 33985 26450 28629 False
[vector] 35103 28129 26899 False
[vector] 30831 24199 30172 False
[vector] 33635 27026 28714 False
[vector] 33320 27720 28482 False
[vector] 30773 24881 30128 False
[vector] 33083 27624 28612 False
[vector] 32332 29679 26841 False
[vector] 34102 26666 28477 False
[vector] 34224 25888 28757 False
[vector] 35034 26743 27851 False
[vector] 34326 27685 27895 False
[vector] 32744 26958 29024 False
[vector] 34617 28670 26973 False
[vector] 33717 29507 25625 False
[vector] 33323 27342 28657 False
[vector] 29515 25085 30177 False
[vector] 31115 29162 27664 False
[vector] 34839 25679 28208 False
[vector] 33169 27153 28877 False
[vector] 31421 30458 25080 False
[vector] 33415 29255 26873 False
[vector] 34247 29128 25690 False
[vector] 35239 27800 27348 False
[vector] 32918 28162 28428 False
[vector] 31538 24631 29937 False
[vector] 30926 24196 30109 False
[vector] 35718 25499 27486 False
[vector] 33404 29236 27008 False
[vector] 31975 29350 27255 False
[vector] 35143 28525 25826 False
[vector] 36538 25738 26193 False
[vector] 30585 30547 24876 False
[vector] 35133 28244 26537 False
[vector] 31719 27157 29348 False
[vector] 32030 26371 29493 False
[vector] 31273 25171 29993 False
[vector] 36280 26396 26580 False
[vector] 32643 23889 29616 False
[vector] 33971 29147 26680 False
[vector] 33649 26154 28840 False
[vector] 32283 26863 29204 False
[vector] 31635 29631 26927 False
[vector] 32243 25339 29669 False
[vector] 30445 29754 26901 False
[vector] 34687 28762 26702 False
[vector] 32793 27207 28878 False
[vector] 32245 25624 29582 False
[vector] 33625 28391 27907 False
[vector] 35176 28199 26482 False
[vector] 33918 29319 25788 False
[vector] 32644 29932 25878 False
[vector] 33765 29544 25262 False
[vector] 33484 29274 26854 False
[vector] 35470 27233 27373 False
[vector] 31598 25516 29802 False
[vector] 30664 26367 29633 False
[vector] 31792 29673 26850 False
[vector] 35928 27526 26103 False
[vector] 34803 26848 27960 False
[vector] 34461 28536 26980 False
[vector] 31536 30374 24834 False
[vector] 31307 28586 28186 False
[vector] 31818 29611 27119 False
[vector] 31794 27076 29324 False
[vector] 31998 28199 28620 False
[vector] 32941 29570 26800 False
[vector] 36192 26523 26554 False
[vector] 32528 29983 25707 False
[vector] 30527 29288 27472 False
[vector] 36050 27362 26906 False
[vector] 35350 28477 24523 False
[vector] 33177 29341 26848 False
[vector] 34240 29253 24825 False
[vector] 34959 27183 27747 False
[vector] 33516 26112 28968 False
[vector] 35469 27979 26270 False
[vector] 30957 30184 26114 False
[vector] 35098 24878 28039 False
[vector] 33103 26377 29147 False
[vector] 33936 27024 28464 False
[vector] 31613 30199 25745 False
[vector] 34194 27215 28183 False
[vector] 32100 26912 29206 False
[vector] 36179 26605 26413 False
[vector] 35500 27192 27258 False
[vector] 33801 27360 28372 False
[vector] 33801 28910 27233 False
[vector] 29277 22815 30599 False
[vector] 33935 26420 28640 False
[vector] 34288 28783 27105 False
[vector] 34564 29053 24854 False
[vector] 34203 27724 28040 False
[vector] 33748 26930 28605 False
[vector] 32344 28666 28009 False
[vector] 31234 26068 29798 False
[vector] 33204 28712 27809 False
[vector] 32030 24922 29807 False
[vector] 31419 27815 28987 False
[vector] 31270 29135 27675 False
[vector] 35647 27980 25591 False
[vector] 32022 26659 29333 False
[vector] 34057 29178 26032 False
[vector] 35292 27946 26610 False
[vector] 32821 28247 28390 False
[vector] 32017 26650 29460 False
[vector] 36140 27497 25528 False
[vector] 33552 26149 28873 False
[vector] 32390 29875 26611 False
[vector] 31001 30514 24931 False
[vector] 36506 25395 26247 False
[vector] 34343 29190 24153 False
[vector] 35153 27044 27590 False
[vector] 36496 26530 25577 False
[vector] 29069 24691 30320 False
[vector] 31043 29240 27515 False
[vector] 34207 26440 28563 False
[vector] 32283 26414 29452 False
[vector] 31489 30202 25902 False
[vector] 33016 30060 25241 False
[vector] 32496 25382 29628 False
[vector] 35474 28064 25971 False
[vector] 32296 28852 27844 False
[vector] 30654 24974 30181 False
[vector] 32714 29675 26640 False
[vector] 30930 30265 26171 False
[vector] 35408 26516 27559 False
[vector] 34552 28459 27408 False
[vector] 34309 28988 26875 False
[vector] 34553 28968 25676 False
[vector] 33252 28707 27797 False
[vector] 29622 30422 25796 False
[vector] 36539 25472 25963 False
[vector] 32653 29017 27620 False
[vector] 33628 29391 26179 False
[vector] 36325 26998 26165 False
[vector] 35521 26420 27450 False
[vector] 36001 27450 25867 False
[vector] 36509 26448 25718 False
[vector] 33836 25685 29053 False
[vector] 35878 27706 26016 False
[vector] 31658 29794 26718 False
[vector] 30917 24786 30100 False
[vector] 34053 27028 28388 False
[vector] 28845 23199 30587 False
[vector] 32815 27513 28854 False
[vector] 32664 24963 29518 False
[vector] 34537 26508 28398 False
[vector] 35061 26368 27891 False
[vector] 31619 24876 29866 False
[vector] 31916 29472 27119 False
[vector] 33535 29390 26529 False
[vector] 35836 27110 26940 False
[vector] 33516 28383 28100 False
[vector] 34145 27092 28355 False
[vector] 32581 29106 27529 False
[vector] 34124 29285 25552 False
[vector] 34456 26306 28500 False
[vector] 34896 28831 25109 False
[vector] 32621 29449 27041 False
[vector] 30556 29321 27449 False
[vector] 31475 26456 29540 False
[vector] 34249 28505 27255 False
[vector] 32369 30000 26081 False
[vector] 31380 29110 27600 False
[vector] 29535 24604 30286 False
[vector] 34832 28476 26723 False
[vector] 33009 25109 29366 False
[vector] 33770 29332 26284 False
[vector] 33032 29888 25164 False
[vector] 34569 26210 28391 False
[vector] 35386 26481 27579 False
[vector] 30690 25115 30035 False
[vector] 32612 29991 25272 False
[vector] 35486 25081 27743 False
[vector] 33268 29445 26724 False
[vector] 34790 28699 26030 False
[vector] 34587 26784 28089 False
[vector] 35857 27640 26552 False
[vector] 33543 29437 26124 False
[vector] 32674 26241 29275 False
[vector] 32903 27436 28786 False
[vector] 33046 29453 26895 False
[vector] 31699 29093 27591 False
[vector] 35731 27426 26642 False
[vector] 33829 27807 28208 False
[vector] 32608 25126 29611 False
[vector] 34626 28431 26969 False
[vector] 34341 27072 28228 False
[vector] 35403 27564 27003 False
[vector] 34274 29037 25747 False
[vector] 34883 25453 28266 False
[vector] 35303 28000 26545 False
[vector] 31020 30515 24603 False
[vector] 32883 29811 26377 False
[vector] 32444 30029 26008 False
[vector] 32176 26059 29540 False
[vector] 32155 29505 27032 False
[vector] 29661 30581 25469 False
[vector] 31639 25162 29842 False
[vector] 34179 27828 27850 False
[vector] 31942 27447 29122 False
[vector] 32712 25168 29496 False
[vector] 34258 29031 26194 False
[vector] 31490 23717 30011 False
[vector] 30608 25733 29976 False
[vector] 34298 27117 28171 False
[vector] 33441 27604 28504 False
[vector] 33068 28052 28466 False
[vector] 34718 28670 26891 False
[vector] 34792 28816 25740 False
[vector] 33109 27598 28625 False
[vector] 33954 27904 28052 False
[vector] 33802 29011 26943 False
[vector] 33949 25589 28944 False
[vector] 35451 26787 27397 False
[vector] 34978 28092 27130 False
[vector] 28190 30885 24287 False
[vector] 32943 27955 28622 False
[vector] 31930 29242 27377 False
[vector] 31324 25136 29935 False
[vector] 36074 25956 26984 False
[vector] 33866 29264 26585 False
[vector] 33796 29452 25451 False
[vector] 33783 25831 28856 False
[vector] 34491 28775 26731 False
[vector] 35512 26113 27590 False
[vector] 31027 27961 28857 False
[vector] 33934 29231 26165 False
[vector] 33904 27322 28471 False
[vector] 34693 28928 24451 False
[vector] 32361 28656 28077 False
[vector] 32178 29552 26914 False
[vector] 32364 26616 29350 False
[vector] 35631 28152 25668 False
[vector] 35360 25309 27961 False
[vector] 30917 29209 27526 False
[vector] 29883 24716 30247 False
[vector] 31363 30303 25705 False
[vector] 33595 27724 28310 False
[vector] 32660 29954 25327 False
[vector] 35294 28404 25493 False
[vector] 32896 27762 28653 False
[vector] 33285 25521 29134 False
[vector] 31852 28567 28170 False
[vector] 32304 26488 29420 False
[vector] 35877 26046 27222 False
[vector] 32283 29608 26846 False
[vector] 30322 30167 26243 False
[vector] 32611 28229 28422 False
[vector] 34251 26214 28621 False
[vector] 33044 25435 29266 False
[vector] 35277 28199 26400 False
[vector] 31928 29610 26872 False
[vector] 34283 26990 28354 False
[vector] 34764 26514 28169 False
[vector] 29825 25358 30041 False
[vector] 33399 26365 28941 False
[vector] 33432 29491 26089 False
[vector] 32497 24466 29721 False
[vector] 34799 26692 28087 False
[vector] 35807 27820 26465 False
[vector] 34063 29005 26572 False
[vector] 31930 30164 25846 False
[vector] 31565 30107 26138 False
[vector] 32590 29541 26852 False
[vector] 31506 26355 29532 False
[vector] 29850 30410 25976 False
[vector] 35736 25797 27392 False
[vector] 34364 26792 28358 False
[vector] 35305 27933 26905 False
[vector] 30064 30446 25776 False
[vector] 33810 27895 28193 False
[vector] 31554 27906 28961 False
[vector] 32934 27420 28801 False
[vector] 30013 30629 24942 False
[vector] 31622 26313 29585 False
[vector] 31510 26031 29763 False
[vector] 32891 25810 29282 False
[vector] 33162 27479 28744 False
[vector] 35052 25589 28003 False
[vector] 34309 26449 28455 False
[vector] 33635 28243 28146 False
[vector] 33303 25262 29321 False
[vector] 28954 30714 25118 False
[vector] 35572 27866 26030 False
[vector] 33891 26447 28781 False
[vector] 34460 29038 25485 False
[vector] 34732 27430 27802 False
[vector] 34819 27202 27832 False
[vector] 33593 29460 25825 False
[vector] 34188 29279 25431 False
[vector] 36124 27745 25629 False
[vector] 29644 30772 24901 False
[vector] 34533 25693 28484 False
[vector] 32321 25600 29576 False
[vector] 30882 28932 27971 False
[vector] 30942 24884 30042 False
[vector] 31250 25879 29835 False
[vector] 34353 27531 28067 False
[vector] 31051 25395 29972 False
[vector] 34231 29167 25034 False
[vector] 34417 27622 28019 False
[vector] 35117 27944 27072 False
[vector] 35112 27935 27199 False
[vector] 33189 29651 26363 False
[vector] 32852 29903 26188 False
[vector] 31674 30347 25561 False
[vector] 34423 26659 28344 False
[vector] 31455 29419 27222 False
[vector] 31712 29781 26742 False
[vector] 31374 24504 30073 False
[vector] 35558 27710 26602 False
[vector] 31637 23830 29960 False
[vector] 34850 26276 28188 False
[vector] 32149 27432 29097 False
[vector] 31392 29160 27585 False
[vector] 33712 28284 27936 False
[vector] 34546 26741 28194 False
[vector] 32511 28499 28168 False
[vector] 34917 28757 25138 False
[vector] 34205 27801 27873 False
[vector] 35392 27952 26514 False
[vector] 35333 27522 27247 False
[vector] 32298 27541 28981 False
[vector] 35246 28291 26211 False
[vector] 30787 30563 24629 False
[vector] 30344 30606 25307 False
[vector] 34520 27107 28105 False
[vector] 33717 26545 28703 False
[vector] 31374 30317 25645 False
[vector] 31228 30000 26411 False
[vector] 32026 30096 26147 False
[vector] 33870 29206 26506 False
[vector] 32533 29472 26922 False
[vector] 34249 27691 28006 False
[vector] 32201 29147 27468 False
[vector] 30979 28584 28203 False
[vector] 29274 25194 30122 False
[vector] 33352 26755 28868 False
[vector] 32689 25191 29509 False
[vector] 30984 26115 29843 False
[vector] 34279 29280 24316 False
[vector] 32642 28054 28711 False
[vector] 32333 30029 26153 False
[vector] 31144 29423 27261 False
[vector] 30149 30075 26411 False
[vector] 34797 28615 26717 False
[vector] 31295 25329 29988 False
[vector] 35628 27731 26520 False
[vector] 34445 26974 28216 False
[vector] 31666 29836 26663 False
[vector] 35346 28154 26332 False
[vector] 34460 28867 26542 False
[vector] 31831 24438 29944 False
[vector] 33818 29445 25566 False
[vector] 34325 26946 28320 False
[vector] 35600 28244 25479 False
[vector] 33776 25873 28904 False
[vector] 33798 29440 25881 False
[vector] 34014 27944 28013 False
[vector] 34224 29159 25774 False
[vector] 31972 27200 29307 False
[vector] 31913 30355 25278 False
[vector] 31025 30188 26083 False
[vector] 36044 26237 27184 False
[vector] 33128 28180 28396 False
[vector] 35161 28190 26672 False
[vector] 31795 29025 27892 False
[vector] 35637 26371 27328 False
[vector] 30866 29735 26976 False
[vector] 33785 29105 26967 False
[vector] 30018 30627 24773 False
[vector] 32169 29320 27205 False
[vector] 34728 26757 28127 False
[vector] 32524 30163 25043 False
[vector] 30088 25219 30049 False
[vector] 36795 25167 24497 False
[vector] 32976 27376 28767 False
[vector] 34056 26650 28563 False
[vector] 29877 23635 30491 False
[vector] 34515 27408 28097 False
[vector] 35220 26316 27936 False
[vector] 33883 25689 28851 False
[vector] 33158 29743 26174 False
[vector] 34322 28856 26766 False
[vector] 32518 25540 29623 False
[vector] 35818 27905 25643 False
[vector] 31004 23915 30212 False
[vector] 34275 29164 25219 False
[vector] 35038 28471 26788 False
[vector] 31805 24804 29855 False
[vector] 32423 26395 29367 False
[vector] 34979 28039 27412 False
[vector] 29846 30788 24654 False
[vector] 33445 29743 25365 False
[vector] 32736 28326 28266 False
[vector] 34254 29032 26062 False
[vector] 33702 26703 28698 False
[vector] 33288 27060 28824 False
[vector] 32146 29346 27239 False
[vector] 33133 28189 28269 False
[vector] 31908 24693 29821 False
[vector] 32940 29279 27150 False
[vector] 34533 26928 28095 False
[vector] 34251 28482 27557 False
[vector] 34613 27523 27855 False
[vector] 34912 28368 26831 False
[vector] 33532 27735 28272 False
[vector] 32095 26341 29492 False
[vector] 34766 28707 26528 False
[vector] 32285 29992 26516 False
[vector] 32052 29464 27049 False
[vector] 35597 27823 26331 False
[vector] 34123 28776 27284 False
[vector] 30976 27363 29223 False
[vector] 32840 29259 27190 False
[vector] 34694 28899 24239 False
[vector] 35389 28222 25519 False
[vector] 34049 25595 28848 False
[vector] 31262 30307 25742 False
[vector] 33205 28000 28388 False
[vector] 36443 26371 25783 False
[vector] 36064 27290 25947 False
[vector] 32558 26059 29459 False
[vector] 33140 29323 27076 False
[vector] 33316 26403 29017 False
[vector] 32936 29911 25753 False
[vector] 35224 27000 27457 False
[vector] 32397 26761 29278 False
[vector] 33061 29911 24729 False
[vector] 32209 29460 27103 False
[vector] 34964 26743 27868 False
[vector] 29898 24695 30245 False
[vector] 31543 27517 29183 False
[vector] 34230 28593 27357 False
[vector] 32548 29134 27525 False
[vector] 33433 27910 28262 False
[vector] 30915 29491 27176 False
[vector] 34173 27141 28215 False
[vector] 34916 28630 25666 False
[vector] 31941 26933 29369 False
[vector] 32165 28669 28106 False
[vector] 30393 29409 27340 False
[vector] 29425 29906 26724 False
[vector] 33987 26851 28617 False
[vector] 32343 30227 24611 False
[vector] 35337 28254 25515 False
[vector] 35325 28236 26037 False
[vector] 35377 27705 27008 False
[vector] 35245 26835 27554 False
[vector] 35226 26692 27639 False
[vector] 34871 28761 25566 False
[vector] 31505 30466 24645 False
[vector] 35283 27702 27160 False
[vector] 33689 25828 29008 False
[vector] 35191 27026 27461 False
[vector] 31478 25012 29966 False
[vector] 35052 27231 27699 False
[vector] 34782 26794 28032 False
[vector] 31716 24953 29837 False
[vector] 31764 26607 29501 False
[vector] 34743 26948 27994 False
[vector] 30339 25306 30040 False
[vector] 34035 24507 28870 False
[vector] 29385 30286 26006 False
[vector] 35312 27559 27335 False
[vector] 30286 30041 26597 False
[vector] 34781 27815 27600 False
[vector] 33308 29495 26369 False
[vector] 30669 24994 30166 False
[vector] 33896 28881 27124 False
[vector] 36005 27425 26080 False
[vector] 31046 25477 29987 False
[vector] 30095 30354 25965 False
[vector] 33159 29089 27299 False
[vector] 31435 30141 26116 False
[vector] 33525 26471 28908 False
[vector] 32485 29658 26757 False
[vector] 32094 23894 29838 False
[vector] 33039 28802 27719 False
[vector] 34295 29108 24239 False
[vector] 35428 27957 26428 False
[vector] 31951 29511 27016 False
[vector] 30603 25147 30028 False
[vector] 35745 27924 25990 False
[vector] 35643 28094 25501 False
[vector] 30594 30559 24638 False
[vector] 31387 24282 30087 False
[vector] 32944 27796 28517 False
[vector] 32810 26084 29318 False
[vector] 32110 30104 25712 False
[vector] 31125 24652 30072 False
[vector] 34504 26753 28233 False
[vector] 34337 29024 26404 False
[vector] 33446 29163 27062 False
[vector] 31503 29365 27368 False
[vector] 32702 25798 29368 False
[vector] 32156 29553 26973 False
[vector] 34274 27705 27949 False
[vector] 35104 27064 27536 False
[vector] 31033 23653 30133 False
[vector] 32051 25996 29709 False
[vector] 34479 28442 27425 False
[vector] 30618 29846 26733 False
[vector] 31594 29210 27496 False
[vector] 31916 27813 29033 False
[vector] 36234 25681 26920 False
[vector] 35175 28560 25487 False
[vector] 35675 26152 27411 False
[vector] 35247 28540 25195 False
[vector] 35191 28002 26925 False
[vector] 32570 26252 29412 False
[vector] 34468 25229 28518 False
[vector] 31369 26274 29613 False
[vector] 35668 26277 27495 False
[vector] 34948 28665 25327 False
[vector] 33697 28798 27608 False
[vector] 33565 29337 26308 False
[vector] 32666 27057 29035 False
[vector] 33358 26359 28983 False
[vector] 33203 27716 28558 False
[vector] 34564 26881 28163 False
[vector] 33487 27829 28292 False
[vector] 36419 26720 26064 False
[vector] 36214 27397 25259 False
[vector] 31764 25158 29815 False
[vector] 33901 29114 26695 False
[vector] 33660 24172 29057 False
[vector] 34753 27342 27788 False
[vector] 33164 27144 29004 False
[vector] 31871 29619 26908 False
[vector] 33101 24643 29548 False
[vector] 32364 29937 26342 False
[vector] 31486 29833 26864 False
[vector] 34136 29182 25655 False
[vector] 28837 30817 24519 False
[vector] 34237 27073 28294 False
[vector] 34687 28933 25645 False
[vector] 32439 26744 29221 False
[vector] 32573 30062 25524 False
[vector] 32633 29346 27144 False
[vector] 35545 27955 26193 False
[vector] 32595 27785 28802 False
[vector] 36572 25129 26239 False
[vector] 36847 25040 25306 False
[vector] 35348 25986 27726 False
[vector] 30607 25081 30038 False
[vector] 34525 25981 28425 False
[vector] 33992 29439 25422 False
[vector] 34163 26898 28408 False
[vector] 32278 26854 29331 False
[vector] 29127 25337 30077 False
[vector] 33219 29268 26902 False
[vector] 31892 25205 29801 False
[vector] 31251 29457 27159 False
[vector] 36289 26021 26752 False
[vector] 33829 29348 26070 False
[vector] 35267 26574 27632 False
[vector] 34462 26993 28135 False
[vector] 31401 30233 25989 False
[vector] 32025 27213 29215 False
[vector] 31620 30189 25876 False
[vector] 29761 29872 26707 False
[vector] 33757 27465 28426 False
[vector] 34239 27792 27866 False
[vector] 29007 23117 30597 False
[vector] 33934 27121 28441 False
[vector] 31579 25007 29875 False
[vector] 32988 29694 26472 False
[vector] 33577 27447 28547 False
[vector] 33602 29453 25910 False
[vector] 32555 30071 25232 False
[vector] 31097 30300 25921 False
[vector] 29044 22790 30625 False
[vector] 32550 24479 29629 False
[vector] 33087 28700 27976 False
[vector] 32245 29143 27440 False
[vector] 33896 27628 28229 False
[vector] 32178 29725 26751 False
[vector] 30868 23244 30215 False
[vector] 33916 29206 26366 False
[vector] 32591 25480 29604 False
[vector] 35048 25656 28048 False
[vector] 31056 26457 29625 False
[vector] 29593 23733 30443 False
[vector] 34448 28534 27236 False
[vector] 34062 29092 26607 False
[vector] 36380 26985 25155 False
[vector] 32222 24265 29767 False
[vector] 31313 30256 25870 False
[vector] 34405 29082 24672 False
[vector] 34306 29072 25408 False
[vector] 35651 25054 27568 False
[vector] 31363 26390 29631 False
[vector] 33294 27747 28459 False
[vector] 35550 27421 27048 False
[vector] 31404 30233 25927 False
[vector] 34074 29034 26440 False
[vector] 34652 26835 28042 False
[vector] 36310 27329 25560 False
[vector] 31841 29206 27563 False
[vector] 32971 29187 27339 False
[vector] 32764 26843 29113 False
[vector] 33770 29002 27044 False
[vector] 32238 27413 29051 False
[vector] 30837 24972 30080 False
[vector] 31681 29815 26689 False
[vector] 35031 27525 27529 False
[vector] 34743 26460 28241 False
[vector] 31212 25910 29803 False
[vector] 35505 27972 26160 False
[vector] 31534 30199 25949 False
[vector] 35340 26258 27586 False
[vector] 34502 28183 27717 False
[vector] 33482 26131 29034 False
[vector] 34255 27647 28161 False
[vector] 34456 28527 27107 False
[vector] 35378 28137 26341 False
[vector] 35431 25931 27732 False
[vector] 31820 26710 29413 False
[vector] 35572 28208 25950 False
[vector] 34048 28507 27694 False
[vector] 31500 25832 29790 False
[vector] 35153 27949 26986 False
[vector] 31503 26371 29546 False
[vector] 29297 30773 24751 False
[vector] 33954 28640 27547 False
[vector] 30567 28595 28265 False
[vector] 34281 26080 28532 False
[vector] 34327 29096 25102 False
[vector] 33563 29273 26500 False
[vector] 32928 24927 29508 False
[vector] 31839 29240 27396 False
[vector] 33685 28901 27505 False
[vector] 30547 30285 25954 False
[vector] 32638 29519 26827 False
[vector] 33309 26685 29040 False
[vector] 35632 27360 27232 False
[vector] 33294 29534 26458 False
[vector] 30482 30055 26449 False
[vector] 33250 27402 28676 False
[vector] 36435 26548 25987 False
[vector] 33203 29612 26274 False
[vector] 34447 27421 27989 False
[vector] 35225 26947 27739 False
[vector] 33440 27833 28309 False
[vector] 34412 28925 26203 False
[vector] 35204 27469 27381 False
[vector] 34884 28344 26861 False
[vector] 31196 30468 24485 False
[vector] 33190 27274 28746 False
[vector] 35695 28062 25505 False
[vector] 36121 27248 26457 False
[vector] 28526 30851 24270 False
[vector] 33769 27658 28379 False
[vector] 34368 28932 26593 False
[vector] 31785 26232 29717 False
[vector] 32033 29710 26835 False
[vector] 31253 29332 27371 False
[vector] 32805 25216 29448 False
[vector] 35938 25746 27312 False
[vector] 35141 28408 26116 False
[vector] 35632 25760 27588 False
[vector] 32237 25074 29706 False
[vector] 34031 29184 26418 False
[vector] 34902 28669 25755 False
[vector] 31696 29962 26660 False
[vector] 35837 26413 27232 False
[vector] 33765 29323 26411 False
[vector] 32282 29137 27523 False
[vector] 32263 30093 25576 False
[vector] 30867 24080 30146 False
[vector] 35088 27236 27613 False
[vector] 35323 28293 25604 False
[vector] 31770 25530 29792 False
[vector] 32549 27796 28763 False
[vector] 32494 28250 28384 False
[vector] 36522 26316 25609 False
[vector] 32347 30101 25141 False
[vector] 32322 30147 25290 False
[vector] 33882 27562 28270 False
[vector] 31094 30325 25710 False
[vector] 31712 25102 29823 False
[vector] 28883 30637 25124 False
[vector] 31348 24870 29984 False
[vector] 34811 28576 26628 False
[vector] 34355 28984 26447 False
[vector] 33496 28983 27212 False
[vector] 34255 29067 25963 False
[vector] 30940 24812 30076 False
[vector] 33477 26266 28930 False
[vector] 29647 25234 30058 False
[vector] 31058 25372 29943 False
[vector] 32272 30166 25422 False
[vector] 33283 28601 27812 False
[vector] 34789 27175 27901 False
[vector] 36390 26128 26169 False
[vector] 34488 29074 25014 False
[vector] 34189 26871 28431 False
[vector] 33995 27449 28221 False
[vector] 35404 28257 25508 False
[vector] 35495 28361 25384 False
[vector] 34408 28876 26275 False
[vector] 34868 28517 26384 False
[vector] 34863 28508 26511 False
[vector] 33571 29545 25721 False
[vector] 34119 29276 25679 False
[vector] 26279 30898 23161 False
[vector] 33727 27090 28681 False
[vector] 30569 24479 30280 False
[vector] 34073 28500 27593 False
[vector] 31855 28921 27884 False
[vector] 34051 28438 27631 False
[vector] 32796 26444 29141 False
[vector] 30741 26603 29549 False
[vector] 35268 28466 25224 False
[vector] 35805 25704 27440 False
[vector] 35457 28082 26167 False
[vector] 32583 27095 29111 False
[vector] 36285 26345 26427 False
[vector] 31592 29779 26875 False
[vector] 35531 25937 27636 False
[vector] 29941 30573 25404 False
[vector] 35088 27968 27090 False
[vector] 31177 26797 29412 False
[vector] 34141 29037 26433 False
[vector] 30593 30352 25906 False
[vector] 32332 28436 28336 False
[vector] 31159 25897 29895 False
[vector] 33790 26886 28571 False
[vector] 32639 29302 27299 False
[vector] 36152 27282 26125 False
[vector] 31951 27575 29091 False
[vector] 33609 27149 28540 False
[vector] 33684 26664 28803 False
[vector] 32528 29463 27049 False
[vector] 28881 30338 25991 False
[vector] 30519 29246 27527 False
[vector] 34039 28159 27860 False
[vector] 33508 27454 28508 False
[vector] 28726 22651 30680 False
[vector] 30278 30614 24870 False
[vector] 34944 28666 25195 False
[vector] 33356 29422 26843 False
[vector] 31901 28448 28344 False
[vector] 33772 26540 28834 False
[vector] 31084 30506 25273 False
[vector] 31334 30058 26408 False
[vector] 34975 26606 27872 False
[vector] 34149 29149 25967 False
[vector] 35452 27543 27045 False
[vector] 32472 28602 28112 False
[vector] 30209 30444 25759 False
[vector] 35565 27668 26554 False
[vector] 32146 28734 27978 False
[vector] 33556 26078 28911 False
[vector] 32299 27384 28943 False
[vector] 33551 29376 26397 False
[vector] 35176 27811 27058 False
[vector] 30979 29371 27380 False
[vector] 34858 27809 27489 False
[vector] 33281 27386 28691 False
[vector] 31466 26486 29541 False
[vector] 33214 29628 26222 False
[vector] 34853 25494 28381 False
[vector] 35205 25596 27962 False
[vector] 30480 30630 24623 False
[vector] 31131 25972 29888 False
[vector] 34661 28824 26433 False
[vector] 30906 25854 29936 False
[vector] 34806 26502 28130 False
[vector] 35492 27940 26236 False
[vector] 31710 26356 29521 False
[vector] 32586 27222 28903 False
[vector] 34581 26900 28082 False
[vector] 34671 28319 27454 False
[vector] 31197 30092 26222 False
[vector] 29872 25061 30156 False
[vector] 35038 27416 27526 False
[vector] 29527 24643 30340 False
[vector] 32015 29163 27501 False
[vector] 34428 25937 28577 False
[vector] 36107 26680 26540 False
[vector] 33904 26315 28672 False
[vector] 35489 26568 27480 False
[vector] 33242 26001 29131 False
[vector] 29457 23948 30436 False
[vector] 31524 24505 29938 False
[vector] 30760 29283 27512 False
[vector] 35773 27960 25519 False
[vector] 35106 27040 27792 False
[vector] 34401 27200 28158 False
[vector] 31991 24459 29914 False
[vector] 34187 27660 28053 False
[vector] 34730 28612 26724 False
[vector] 31289 29119 27602 False
[vector] 30659 30274 25970 False
[vector] 33553 27188 28603 False
[vector] 30696 24519 30162 False
[vector] 35351 27326 27426 False
[vector] 30874 28619 28226 False
[vector] 32430 24873 29661 False
[vector] 36146 26298 26766 False
[vector] 35805 27076 27272 False
[vector] 35572 26676 27329 False
[vector] 29475 30636 25164 False
[vector] 35471 26978 27273 False
[vector] 32354 26183 29523 False
[vector] 35557 27845 26969 False
[vector] 35222 28470 25652 False
[vector] 35117 28416 26614 False
[vector] 33510 27163 28612 False
[vector] 35230 27848 26963 False
[vector] 35697 26271 27294 False
[vector] 35624 26503 27437 False
[vector] 33453 29220 26927 False
[vector] 35681 26145 27386 False
[vector] 34663 28941 26143 False
[vector] 36045 27800 25803 False
[vector] 32263 29521 26889 False
[vector] 33397 26205 29021 False
[vector] 32591 29832 26502 False
[vector] 34628 26064 28412 False
[vector] 35017 27938 27168 False
[vector] 33107 28464 28154 False
[vector] 36731 26151 25018 False
[vector] 33831 27573 28257 False
[vector] 36206 26338 26727 False
[vector] 35665 26569 27301 False
[vector] 29829 30563 25501 False
[vector] 34322 27631 27987 False
[vector] 33287 29620 25839 False
[vector] 30841 27272 29249 False
[vector] 30808 29457 27278 False
[vector] 33623 27672 28335 False
[vector] 31925 30155 25973 False
[vector] 33614 29335 26355 False
[vector] 36537 25985 26214 False
[vector] 31287 29277 27490 False
[vector] 33520 29468 26208 False
[vector] 33574 29015 27073 False
[vector] 28681 30815 24833 False
[vector] 33569 29006 27200 False
[vector] 34934 25676 28239 False
[vector] 36319 26242 26618 False
[vector] 32750 25958 29366 False
[vector] 32086 24420 29780 False
[vector] 33072 29128 27513 False
[vector] 31460 30396 25259 False
[vector] 30929 30318 25889 False
[vector] 35247 26653 27646 False
[vector] 28616 30841 24252 False
[vector] 30709 25066 30056 False
[vector] 30975 30141 26248 False
[vector] 34688 28733 26490 False
[vector] 31115 29390 27284 False
[vector] 30652 29324 27422 False
[vector] 35290 27660 27112 False
[vector] 32791 29686 26488 False
[vector] 32840 28071 28436 False
[vector] 32497 29555 26860 False
[vector] 32539 29719 26543 False
[vector] 35711 27284 26961 False
[vector] 33415 28018 28356 False
[vector] 33146 29245 26914 False
[vector] 36486 25964 26222 False
[vector] 33349 27388 28604 False
[vector] 31236 30251 25895 False
[vector] 35820 26481 27162 False
[vector] 35316 28241 25866 False
[vector] 32503 29511 27015 False
[vector] 31606 29635 26942 False
[vector] 36065 25465 27376 False
[vector] 36558 25314 26066 False
[vector] 34915 28252 27050 False
[vector] 33080 25018 29332 False
[vector] 31265 30442 25705 False
[vector] 31266 29072 27720 False
[vector] 32944 25173 29345 False
[vector] 35144 28652 25298 False
[vector] 30651 25022 30108 False
[vector] 29929 29854 26739 False
[vector] 35224 26504 27804 False
[vector] 35023 27813 27470 False
[vector] 33056 27859 28513 False
[vector] 28419 22718 30674 False
[vector] 32911 29847 25906 False
[vector] 33978 29454 25057 False
[vector] 34656 26415 28345 False
[vector] 35456 27418 27200 False
[vector] 32560 29924 26313 False
[vector] 33509 29452 26260 False
[vector] 29561 23590 30497 False
[vector] 33576 27141 28549 False
[vector] 34901 26701 27979 False
[vector] 30603 24485 30199 False
[vector] 33823 28864 27141 False
[vector] 35092 25222 27993 False
[vector] 29852 30709 25109 False
