[nb-items] 80
[nb-objectives] 3
[nb-pareto] 1470
[nb-lorenz] 7
[runtime] 323.7117807865143
[format] f1 f2 f3 isLorenzND
[vector] 30130 30105 30035 True
[vector] 31352 29500 30297 True
[vector] 30542 29963 29940 True
[vector] 30627 29926 30276 True
[vector] 30897 29631 30534 True
[vector] 30147 30024 30265 True
[vector] 31082 29795 30039 True
[vector] 31557 26160 31209 False
[vector] 34664 25303 25483 False
[vector] 29350 29811 30758 False
[vector] 31726 29191 30114 False
[vector] 27323 26707 32301 False
[vector] 29163 29606 31002 False
[vector] 31745 25926 31100 False
[vector] 29013 27701 31949 False
[vector] 28275 28797 31765 False
[vector] 28389 27924 32041 False
[vector] 34457 25767 26074 False
[vector] 30989 25499 31518 False
[vector] 30671 27797 31492 False
[vector] 34110 26921 25948 False
[vector] 29288 28262 31753 False
[vector] 28081 27434 32171 False
[vector] 27391 26316 32438 False
[vector] 34140 25632 27704 False
[vector] 28816 28353 31762 False
[vector] 28824 29722 31175 False
[vector] 31029 27605 31265 False
[vector] 32622 28322 29721 False
[vector] 33159 27751 29402 False
[vector] 33665 27567 27066 False
[vector] 29331 28187 31727 False
[vector] 30417 29729 30523 False
[vector] 28709 29023 31542 False
[vector] 29310 29672 30891 False
[vector] 33390 27640 28814 False
[vector] 34260 25433 27122 False
[vector] 33827 26776 28281 False
[vector] 28738 29296 31348 False
[vector] 31018 27297 31400 False
[vector] 33103 26879 29905 False
[vector] 31874 28214 30585 False
[vector] 28661 25804 32236 False
[vector] 31658 28738 30473 False
[vector] 33170 28291 27705 False
[vector] 32366 28692 29762 False
[vector] 31456 29486 29856 False
[vector] 27439 29557 31212 False
[vector] 29456 29088 31324 False
[vector] 29948 29552 30844 False
[vector] 28768 26971 32107 False
[vector] 27905 28708 31805 False
[vector] 29185 28180 31811 False
[vector] 30500 28987 31185 False
[vector] 33526 27557 28761 False
[vector] 33781 26798 28694 False
[vector] 28973 29727 30904 False
[vector] 30072 29124 31167 False
[vector] 31113 25625 31393 False
[vector] 33723 27515 27519 False
[vector] 33055 27152 29846 False
[vector] 32030 27354 30941 False
[vector] 31618 28584 30626 False
[vector] 30712 29282 30688 False
[vector] 29279 30426 29410 False
[vector] 31865 28487 30534 False
[vector] 34228 25897 27486 False
[vector] 31753 29354 28945 False
[vector] 28350 28264 31905 False
[vector] 26744 30763 29349 False
[vector] 31156 27313 31262 False
[vector] 30850 28233 31219 False
[vector] 33547 27698 28227 False
[vector] 30105 29471 30869 False
[vector] 31990 28412 30430 False
[vector] 32845 26760 30250 False
[vector] 32336 27118 30735 False
[vector] 30819 28837 30968 False
[vector] 29495 27003 31994 False
[vector] 34348 25698 26904 False
[vector] 29176 29699 30865 False
[vector] 31688 28783 30459 False
[vector] 32236 28771 29813 False
[vector] 29461 29386 31133 False
[vector] 28869 27471 32046 False
[vector] 32254 28712 29927 False
[vector] 29723 30316 29060 False
[vector] 29733 28456 31528 False
[vector] 31111 28473 30994 False
[vector] 30256 28765 31224 False
[vector] 34159 25859 27645 False
[vector] 28943 28837 31650 False
[vector] 33984 27135 27274 False
[vector] 27065 29463 31349 False
[vector] 28555 28498 31761 False
[vector] 27782 28114 32039 False
[vector] 27667 27939 32060 False
[vector] 30387 26372 31754 False
[vector] 31721 27702 30948 False
[vector] 33808 26549 28340 False
[vector] 26983 28314 31949 False
[vector] 30723 29081 30835 False
[vector] 33803 27328 28186 False
[vector] 30602 29931 29793 False
[vector] 32798 27331 29957 False
[vector] 30039 28217 31489 False
[vector] 29708 28827 31520 False
[vector] 31572 27905 30926 False
[vector] 30778 26835 31570 False
[vector] 27619 26663 32320 False
[vector] 34244 24544 27126 False
[vector] 29917 30210 29126 False
[vector] 31748 29069 30269 False
[vector] 27774 27895 32144 False
[vector] 33907 26078 28602 False
[vector] 31911 25651 31062 False
[vector] 34038 26825 26606 False
[vector] 30809 28032 31301 False
[vector] 28291 29308 31416 False
[vector] 28523 30214 30470 False
[vector] 33940 26265 27901 False
[vector] 34005 26549 27481 False
[vector] 30162 29455 30963 False
[vector] 33754 26804 28388 False
[vector] 28739 30594 29311 False
[vector] 29485 28267 31670 False
[vector] 31422 27936 30988 False
[vector] 31747 29404 29872 False
[vector] 32428 27512 30428 False
[vector] 30306 29058 31089 False
[vector] 31672 29299 30096 False
[vector] 26334 30890 29075 False
[vector] 30625 29693 30464 False
[vector] 29895 27067 31840 False
[vector] 29408 29311 31210 False
[vector] 28059 27689 32083 False
[vector] 34013 26992 27449 False
[vector] 31871 28634 30333 False
[vector] 29786 27740 31794 False
[vector] 30768 27697 31434 False
[vector] 33080 27326 29593 False
[vector] 32863 27947 29872 False
[vector] 28758 27145 32058 False
[vector] 28091 30473 30098 False
[vector] 30146 26534 31863 False
[vector] 30874 28375 31190 False
[vector] 31297 29544 29982 False
[vector] 28399 30506 30074 False
[vector] 29549 30256 30155 False
[vector] 32355 28305 29979 False
[vector] 26603 26018 32452 False
[vector] 31943 28533 30399 False
[vector] 30258 29820 30291 False
[vector] 32421 28531 29906 False
[vector] 31051 28505 31141 False
[vector] 33902 26946 27986 False
[vector] 32196 27079 30903 False
[vector] 29332 29541 31037 False
[vector] 29927 30210 29024 False
[vector] 32205 27843 30458 False
[vector] 32239 28468 30113 False
[vector] 33339 27632 28967 False
[vector] 32218 29053 29342 False
[vector] 33299 27611 29115 False
[vector] 33214 27027 29595 False
[vector] 33842 27069 28170 False
[vector] 33906 26501 28076 False
[vector] 29624 29201 31289 False
[vector] 33983 26258 28070 False
[vector] 31147 29231 30500 False
[vector] 32640 28278 29902 False
[vector] 29025 28188 31804 False
[vector] 29680 27745 31784 False
[vector] 30313 28749 31318 False
[vector] 30221 26647 31792 False
[vector] 33277 27666 29160 False
[vector] 33262 27673 28997 False
[vector] 29279 29144 31396 False
[vector] 28726 30598 28649 False
[vector] 30889 26687 31453 False
[vector] 31929 27668 30803 False
[vector] 31534 28709 30622 False
[vector] 31635 27453 31031 False
[vector] 29676 27791 31702 False
[vector] 33389 27607 28872 False
[vector] 30136 27698 31720 False
[vector] 30575 29121 30927 False
[vector] 30504 27455 31499 False
[vector] 31626 27523 31001 False
[vector] 29041 29609 31053 False
[vector] 28560 29807 30884 False
[vector] 32309 28377 30184 False
[vector] 33435 27710 28424 False
[vector] 28262 25975 32294 False
[vector] 31933 28701 30154 False
[vector] 29724 29338 31171 False
[vector] 33038 28436 29389 False
[vector] 33643 27298 28440 False
[vector] 28209 26317 32296 False
[vector] 28680 27412 32151 False
[vector] 28520 28737 31702 False
[vector] 28783 28845 31643 False
[vector] 33912 26385 28077 False
[vector] 29383 27289 31940 False
[vector] 31760 28568 30420 False
[vector] 33848 26746 28105 False
[vector] 31769 29332 29975 False
[vector] 33438 27814 27902 False
[vector] 31880 28065 30721 False
[vector] 27312 26729 32297 False
[vector] 30128 29673 30749 False
[vector] 28465 25947 32255 False
[vector] 29972 25428 31872 False
[vector] 32152 28448 30150 False
[vector] 31748 28751 30312 False
[vector] 27178 30886 28745 False
[vector] 32816 28068 29841 False
[vector] 31575 28199 30924 False
[vector] 33694 27444 27861 False
[vector] 29178 28746 31553 False
[vector] 31634 27898 30893 False
[vector] 33243 27902 29335 False
[vector] 31962 28145 30546 False
[vector] 31603 28298 30664 False
[vector] 29948 27110 31804 False
[vector] 33420 27629 28470 False
[vector] 32224 28331 30190 False
[vector] 28915 29771 30981 False
[vector] 31567 26381 31200 False
[vector] 28133 26829 32223 False
[vector] 29955 30114 29913 False
[vector] 28571 25899 32239 False
[vector] 32767 26714 30385 False
[vector] 29207 27925 31899 False
[vector] 33456 26522 29730 False
[vector] 31033 27410 31236 False
[vector] 33465 27286 29285 False
[vector] 33742 27057 28710 False
[vector] 29370 29700 30847 False
[vector] 30769 28055 31273 False
[vector] 31367 29613 28893 False
[vector] 30867 29188 30599 False
[vector] 30699 29824 29753 False
[vector] 31019 28582 30925 False
[vector] 30275 30003 29700 False
[vector] 34189 26156 27502 False
[vector] 33935 26355 27800 False
[vector] 33484 27760 27978 False
[vector] 27894 29731 31077 False
[vector] 30710 29393 30667 False
[vector] 30077 29083 31092 False
[vector] 32452 26704 30504 False
[vector] 28010 26273 32367 False
[vector] 30767 26128 31588 False
[vector] 33389 27516 29112 False
[vector] 32001 28662 30220 False
[vector] 33249 27706 29191 False
[vector] 33666 27287 28537 False
[vector] 31296 29070 30427 False
[vector] 33233 26853 29760 False
[vector] 33584 27312 28732 False
[vector] 32475 28052 30354 False
[vector] 29335 29020 31437 False
[vector] 29099 29023 31491 False
[vector] 30167 29464 30836 False
[vector] 29907 29935 30507 False
[vector] 29233 27025 31998 False
[vector] 33891 26185 28245 False
[vector] 27587 30525 30083 False
[vector] 30329 29260 30969 False
[vector] 30719 29084 30769 False
[vector] 30527 28712 31112 False
[vector] 32839 28647 29067 False
[vector] 30970 29503 30498 False
[vector] 28926 29665 30949 False
[vector] 32657 26994 30359 False
[vector] 33881 26957 27788 False
[vector] 33409 27832 27763 False
[vector] 30214 28561 31336 False
[vector] 27506 28395 31860 False
[vector] 34683 24446 24312 False
[vector] 30766 28081 31244 False
[vector] 28912 27977 31901 False
[vector] 33677 26428 28821 False
[vector] 31713 28689 30389 False
[vector] 31446 29083 30376 False
[vector] 29538 28992 31398 False
[vector] 33940 25411 28207 False
[vector] 29280 29092 31316 False
[vector] 34401 25699 26814 False
[vector] 30827 27782 31413 False
[vector] 28028 25829 32312 False
[vector] 30805 27872 31331 False
[vector] 30597 29953 29217 False
[vector] 30245 27690 31554 False
[vector] 28707 26966 32119 False
[vector] 33886 26163 28446 False
[vector] 30213 28989 31148 False
[vector] 31533 28212 30755 False
[vector] 28666 27788 32021 False
[vector] 29931 27165 31730 False
[vector] 27117 28238 32038 False
[vector] 28760 27139 32085 False
[vector] 28497 26219 32210 False
[vector] 34283 26524 27029 False
[vector] 28241 29015 31551 False
[vector] 33238 27071 29482 False
[vector] 30741 26973 31537 False
[vector] 33354 27948 28798 False
[vector] 34101 26080 27762 False
[vector] 30988 26876 31445 False
[vector] 33815 26309 28477 False
[vector] 31725 26378 31022 False
[vector] 31152 29063 30517 False
[vector] 28336 28640 31775 False
[vector] 33253 27341 29426 False
[vector] 29789 27310 31731 False
[vector] 29219 30458 29557 False
[vector] 32184 28513 30094 False
[vector] 32846 26888 30033 False
[vector] 30575 27152 31545 False
[vector] 34240 25890 27056 False
[vector] 33826 27176 27813 False
[vector] 29769 28367 31561 False
[vector] 31645 27034 31042 False
[vector] 28073 27215 32276 False
[vector] 31709 28095 30839 False
[vector] 33631 27011 29247 False
[vector] 34370 26112 25045 False
[vector] 29462 27695 31868 False
[vector] 33862 26560 28320 False
[vector] 29430 27097 31918 False
[vector] 31919 28119 30580 False
[vector] 30519 28455 31307 False
[vector] 33121 28360 28153 False
[vector] 28019 30266 30455 False
[vector] 33930 25926 28229 False
[vector] 28252 26746 32207 False
[vector] 30965 27254 31436 False
[vector] 30843 25571 31539 False
[vector] 31132 28634 30910 False
[vector] 33249 27727 28970 False
[vector] 31674 27243 30954 False
[vector] 30792 29008 30805 False
[vector] 32558 27486 30283 False
[vector] 30330 29609 30546 False
[vector] 31324 27061 31194 False
[vector] 30804 29040 30768 False
[vector] 31506 28374 30904 False
[vector] 32554 28295 29879 False
[vector] 30313 27799 31525 False
[vector] 34431 25347 26998 False
[vector] 31097 28528 30971 False
[vector] 27856 28006 32058 False
[vector] 31585 27874 30912 False
[vector] 32658 27813 29902 False
[vector] 32676 28008 29877 False
[vector] 29721 28916 31342 False
[vector] 32175 27749 30539 False
[vector] 28478 28480 31790 False
[vector] 30238 26655 31735 False
[vector] 33385 27754 28956 False
[vector] 33898 27155 27711 False
[vector] 30467 29025 31077 False
[vector] 28314 30543 29738 False
[vector] 29943 26851 31838 False
[vector] 31602 29100 30263 False
[vector] 29126 27479 31977 False
[vector] 29778 30177 29842 False
[vector] 33886 27175 27725 False
[vector] 28727 29318 31341 False
[vector] 27814 28222 31963 False
[vector] 33119 28198 29015 False
[vector] 28840 27840 31927 False
[vector] 31783 28165 30779 False
[vector] 30395 28364 31456 False
[vector] 32647 28127 30094 False
[vector] 32030 28068 30687 False
[vector] 32331 28626 29909 False
[vector] 30025 28275 31496 False
[vector] 32246 28042 30389 False
[vector] 32775 27478 30318 False
[vector] 30020 28266 31623 False
[vector] 30755 28419 31168 False
[vector] 30151 29656 30816 False
[vector] 28118 28969 31642 False
[vector] 32261 27169 30553 False
[vector] 34044 26022 27907 False
[vector] 31989 28747 30033 False
[vector] 29148 28782 31570 False
[vector] 30563 27428 31637 False
[vector] 28375 28398 31848 False
[vector] 30444 29526 30539 False
[vector] 33675 27486 27741 False
[vector] 28935 28618 31755 False
[vector] 32817 27215 29975 False
[vector] 31575 27733 30942 False
[vector] 28498 29814 30917 False
[vector] 32260 27348 30562 False
[vector] 28762 30572 29245 False
[vector] 33140 28339 28481 False
[vector] 29262 29342 31204 False
[vector] 34163 26547 26646 False
[vector] 27011 30688 29741 False
[vector] 30164 29884 30584 False
[vector] 32388 28570 29917 False
[vector] 30701 28959 30999 False
[vector] 32465 28327 29911 False
[vector] 32719 28452 29550 False
[vector] 31055 27159 31433 False
[vector] 34426 25750 26282 False
[vector] 29890 30016 30277 False
[vector] 32245 28208 30344 False
[vector] 31469 28442 30815 False
[vector] 33731 27170 28341 False
[vector] 29378 29808 30742 False
[vector] 28824 30557 29647 False
[vector] 33204 28161 29351 False
[vector] 28797 27416 32051 False
[vector] 31105 27959 31190 False
[vector] 30209 28886 31193 False
[vector] 29888 29584 30991 False
[vector] 28248 30674 29278 False
[vector] 25694 27326 32227 False
[vector] 32337 28206 30217 False
[vector] 33366 27527 29015 False
[vector] 32863 28159 29521 False
[vector] 32652 28136 29967 False
[vector] 29722 29973 30692 False
[vector] 32509 26962 30485 False
[vector] 30180 29220 31017 False
[vector] 30407 29798 30289 False
[vector] 31092 29095 30664 False
[vector] 32621 28604 29711 False
[vector] 31487 25316 31210 False
[vector] 34622 24788 25966 False
[vector] 29740 29703 30795 False
[vector] 29346 29883 30726 False
[vector] 32155 27993 30583 False
[vector] 28153 26942 32210 False
[vector] 33690 25456 28816 False
[vector] 32239 28178 30351 False
[vector] 33555 27241 29074 False
[vector] 30008 27222 31723 False
[vector] 32690 28553 29223 False
[vector] 28402 28351 31849 False
[vector] 33410 27486 28936 False
[vector] 29698 27510 31838 False
[vector] 29571 27314 31899 False
[vector] 34448 25545 26921 False
[vector] 33935 26144 28166 False
[vector] 29533 28202 31690 False
[vector] 32643 28535 29479 False
[vector] 31992 29001 29945 False
[vector] 30278 29976 29636 False
[vector] 28051 27470 32188 False
[vector] 29777 27010 31846 False
[vector] 30714 28214 31239 False
[vector] 32630 28894 28731 False
[vector] 30477 26277 31751 False
[vector] 30228 29670 30628 False
[vector] 28125 28836 31792 False
[vector] 31681 28863 30421 False
[vector] 31325 28133 30976 False
[vector] 29733 29772 30839 False
[vector] 30611 28988 30919 False
[vector] 32398 28935 29741 False
[vector] 27679 29360 31456 False
[vector] 31304 28861 30662 False
[vector] 28960 27754 32015 False
[vector] 31244 28893 30809 False
[vector] 33903 27373 27648 False
[vector] 31318 29721 29748 False
[vector] 30262 29452 30842 False
[vector] 32242 28628 30092 False
[vector] 28890 28826 31662 False
[vector] 31243 29616 29972 False
[vector] 29448 28869 31429 False
[vector] 27121 30574 29985 False
[vector] 33310 26553 29724 False
[vector] 29970 30087 30194 False
[vector] 27569 29411 31364 False
[vector] 34418 25976 25987 False
[vector] 34091 26942 25620 False
[vector] 32407 28182 30064 False
[vector] 33387 27668 28481 False
[vector] 30839 26493 31504 False
[vector] 31449 28663 30628 False
[vector] 33980 25791 28126 False
[vector] 30404 27628 31564 False
[vector] 29093 28798 31623 False
[vector] 31803 28494 30567 False
[vector] 32405 29030 28714 False
[vector] 31921 28655 30244 False
[vector] 30596 29075 30853 False
[vector] 30526 27992 31486 False
[vector] 29367 26949 32087 False
[vector] 28723 28709 31663 False
[vector] 34380 24966 27078 False
[vector] 30954 28139 31217 False
[vector] 33576 27382 28540 False
[vector] 31368 28724 30688 False
[vector] 33399 27747 28337 False
[vector] 31936 28628 30372 False
[vector] 31740 27104 30987 False
[vector] 34376 25990 25998 False
[vector] 27708 28292 31938 False
[vector] 33565 27445 28379 False
[vector] 30955 28856 30948 False
[vector] 33115 26988 29727 False
[vector] 28354 29162 31519 False
[vector] 32157 28582 30098 False
[vector] 28983 29907 30832 False
[vector] 31290 26057 31337 False
[vector] 32675 27549 30117 False
[vector] 28142 26974 32212 False
[vector] 33085 27129 29793 False
[vector] 30973 29083 30750 False
[vector] 29028 28181 31812 False
[vector] 30213 29873 30324 False
[vector] 29663 27800 31710 False
[vector] 32762 28261 29734 False
[vector] 28814 29419 31326 False
[vector] 33200 26892 29771 False
[vector] 33158 27530 29464 False
[vector] 27380 28444 31903 False
[vector] 31098 27107 31362 False
[vector] 32031 28542 30242 False
[vector] 28720 27182 32083 False
[vector] 31409 28474 30962 False
[vector] 31918 29138 29707 False
[vector] 29160 30305 30231 False
[vector] 31843 28133 30632 False
[vector] 30444 26493 31678 False
[vector] 27430 26596 32322 False
[vector] 29867 30242 29171 False
[vector] 31740 28850 30374 False
[vector] 32012 27604 30829 False
[vector] 29103 27345 31983 False
[vector] 29079 27671 31999 False
[vector] 33986 25468 28061 False
[vector] 33058 27218 29722 False
[vector] 31934 28913 30128 False
[vector] 30161 25741 31799 False
[vector] 30306 29562 30727 False
[vector] 33942 27114 27632 False
[vector] 33161 27314 29488 False
[vector] 28516 28446 31839 False
[vector] 31929 28779 30180 False
[vector] 34243 25235 27199 False
[vector] 31518 29225 30259 False
[vector] 33018 27891 29693 False
[vector] 32609 28753 29265 False
[vector] 32404 27759 30504 False
[vector] 34370 25963 26590 False
[vector] 28397 28143 31936 False
[vector] 31137 29785 29316 False
[vector] 28461 29143 31538 False
[vector] 32539 28592 29764 False
[vector] 31774 29163 29692 False
[vector] 27878 27751 32146 False
[vector] 29400 30394 29989 False
[vector] 30658 25756 31630 False
[vector] 30735 29444 30555 False
[vector] 31575 27485 31178 False
[vector] 31507 28042 30966 False
[vector] 33369 26971 29416 False
[vector] 32558 28639 29355 False
[vector] 28975 28630 31636 False
[vector] 33769 27509 27730 False
[vector] 32185 27298 30762 False
[vector] 34023 26876 27258 False
[vector] 33456 27376 29209 False
[vector] 31569 28560 30645 False
[vector] 32795 28222 29723 False
[vector] 26419 27304 32216 False
[vector] 31344 29281 30402 False
[vector] 31267 29128 30426 False
[vector] 31687 29436 30019 False
[vector] 31619 28983 30378 False
[vector] 31817 28546 30394 False
[vector] 28123 29267 31451 False
[vector] 28670 28698 31675 False
[vector] 31983 27475 30910 False
[vector] 34272 26003 27041 False
[vector] 33249 27579 29270 False
[vector] 31531 29129 30370 False
[vector] 30732 28981 30909 False
[vector] 31560 27828 30953 False
[vector] 33910 26623 27820 False
[vector] 28943 30508 29677 False
[vector] 32141 27654 30605 False
[vector] 32781 27155 30253 False
[vector] 29000 27099 32076 False
[vector] 32143 29023 29792 False
[vector] 31947 25749 30952 False
[vector] 30692 27717 31448 False
[vector] 30417 29767 30288 False
[vector] 31122 29126 30570 False
[vector] 29177 30470 29504 False
[vector] 29281 28436 31709 False
[vector] 29683 28163 31663 False
[vector] 30704 28539 31251 False
[vector] 30242 29140 30992 False
[vector] 30331 28566 31195 False
[vector] 28188 30659 29506 False
[vector] 33131 28279 28828 False
[vector] 30831 28377 31154 False
[vector] 34364 26286 26655 False
[vector] 31506 28412 30814 False
[vector] 28906 29337 31313 False
[vector] 29853 26946 31841 False
[vector] 28336 30354 30387 False
[vector] 33686 25942 28949 False
[vector] 31914 28642 30257 False
[vector] 33528 27443 28421 False
[vector] 34584 25701 25949 False
[vector] 29673 29295 31225 False
[vector] 30131 28091 31576 False
[vector] 31749 28787 30279 False
[vector] 32419 27057 30488 False
[vector] 33213 28297 27199 False
[vector] 28414 29264 31507 False
[vector] 32503 28494 29874 False
[vector] 32653 27804 30029 False
[vector] 29575 28072 31848 False
[vector] 27829 30689 29599 False
[vector] 33538 27859 27364 False
[vector] 31190 27228 31234 False
[vector] 29260 30358 30082 False
[vector] 31594 28677 30475 False
[vector] 30720 29501 30583 False
[vector] 30657 29921 29070 False
[vector] 31762 28004 30863 False
[vector] 30068 29196 31135 False
[vector] 27416 26980 32295 False
[vector] 31547 28964 30427 False
[vector] 34200 26826 25945 False
[vector] 31719 26701 31087 False
[vector] 29292 27320 31969 False
[vector] 30739 29761 30134 False
[vector] 33770 26911 28325 False
[vector] 29890 26904 31904 False
[vector] 31663 28668 30478 False
[vector] 30415 29505 30670 False
[vector] 27846 29114 31641 False
[vector] 29513 29644 30852 False
[vector] 28402 26507 32210 False
[vector] 32289 28992 29798 False
[vector] 31989 28578 30385 False
[vector] 30741 29415 30577 False
[vector] 34494 25667 26910 False
[vector] 29131 27758 31943 False
[vector] 29913 29134 31227 False
[vector] 28817 29079 31444 False
[vector] 29484 28119 31734 False
[vector] 27939 30575 29843 False
[vector] 28584 30468 29889 False
[vector] 29005 29652 30920 False
[vector] 33576 27211 28898 False
[vector] 33243 26918 29737 False
[vector] 31407 29038 30519 False
[vector] 30971 28690 30899 False
[vector] 29051 30421 29906 False
[vector] 31150 28320 31078 False
[vector] 29318 27697 31862 False
[vector] 34321 24836 27103 False
[vector] 29741 27285 31825 False
[vector] 31215 26954 31221 False
[vector] 30675 29476 30702 False
[vector] 31116 29150 30547 False
[vector] 30551 25843 31690 False
[vector] 29042 27805 31942 False
[vector] 29576 28891 31391 False
[vector] 28595 27600 32074 False
[vector] 31102 29042 30606 False
[vector] 29794 27959 31689 False
[vector] 29330 28519 31665 False
[vector] 31847 28588 30383 False
[vector] 29632 26854 31940 False
[vector] 30312 30111 29036 False
[vector] 30840 28283 31198 False
[vector] 29337 30242 30302 False
[vector] 28282 30708 28999 False
[vector] 32653 27650 30105 False
[vector] 31428 28952 30513 False
[vector] 30246 25847 31777 False
[vector] 30957 28589 30958 False
[vector] 29334 27441 31968 False
[vector] 30153 29999 29813 False
[vector] 33167 27148 29564 False
[vector] 31555 27977 30986 False
[vector] 32778 27575 30001 False
[vector] 32309 28748 29754 False
[vector] 32165 28901 29947 False
[vector] 34201 26125 27224 False
[vector] 29988 28528 31516 False
[vector] 30994 29326 30485 False
[vector] 28757 28071 31990 False
[vector] 34331 25500 26981 False
[vector] 31940 27449 30944 False
[vector] 27527 30859 28828 False
[vector] 29341 29874 30853 False
[vector] 29729 27342 31878 False
[vector] 32593 27836 30176 False
[vector] 30224 29852 30437 False
[vector] 29726 28592 31574 False
[vector] 32114 28503 30281 False
[vector] 28592 27607 32066 False
[vector] 31409 28008 30980 False
[vector] 27427 28323 31934 False
[vector] 30871 28737 30987 False
[vector] 28877 29780 30862 False
[vector] 31667 28588 30511 False
[vector] 29817 29258 31067 False
[vector] 27990 27465 32200 False
[vector] 29358 30406 29936 False
[vector] 32349 28983 28969 False
[vector] 31811 27607 30945 False
[vector] 28944 29619 31004 False
[vector] 29985 26972 31837 False
[vector] 28555 29798 31011 False
[vector] 28367 30671 29335 False
[vector] 28169 27796 32054 False
[vector] 33396 27969 28440 False
[vector] 29658 27841 31785 False
[vector] 30367 27282 31720 False
[vector] 27842 28216 32027 False
[vector] 28599 30558 29404 False
[vector] 31564 27681 30951 False
[vector] 28990 26071 32155 False
[vector] 34449 25854 25468 False
[vector] 28127 30582 29577 False
[vector] 27612 30822 29164 False
[vector] 27689 29286 31518 False
[vector] 31867 28763 30226 False
[vector] 28719 29099 31446 False
[vector] 31362 26567 31262 False
[vector] 27647 25946 32397 False
[vector] 30688 26930 31573 False
[vector] 29216 27384 31974 False
[vector] 31500 28523 30768 False
[vector] 27348 27237 32287 False
[vector] 30196 27666 31573 False
[vector] 27656 30839 28948 False
[vector] 28429 26445 32283 False
[vector] 28529 26398 32195 False
[vector] 29202 28265 31765 False
[vector] 31693 26761 31101 False
[vector] 28446 27660 32034 False
[vector] 30666 29667 30260 False
[vector] 29782 27967 31660 False
[vector] 30974 29188 30551 False
[vector] 29496 30282 29652 False
[vector] 30660 27258 31523 False
[vector] 30050 29991 30386 False
[vector] 33315 27555 29123 False
[vector] 30964 28280 31187 False
[vector] 29792 27965 31662 False
[vector] 29311 30020 30671 False
[vector] 31226 28994 30658 False
[vector] 32193 27499 30651 False
[vector] 34026 25513 27921 False
[vector] 31781 28729 30336 False
[vector] 28912 30191 30729 False
[vector] 32519 28848 29268 False
[vector] 30924 27954 31309 False
[vector] 29497 26870 31926 False
[vector] 31056 29182 30694 False
[vector] 33059 28577 28855 False
[vector] 29729 28348 31607 False
[vector] 29428 29792 30720 False
[vector] 31857 28931 29981 False
[vector] 30947 29725 30075 False
[vector] 28006 30556 29789 False
[vector] 34459 25837 25537 False
[vector] 33684 27546 27394 False
[vector] 31368 28984 30660 False
[vector] 28443 27667 32026 False
[vector] 31894 28937 29964 False
[vector] 33151 27627 29534 False
[vector] 33705 26627 28745 False
[vector] 27807 26590 32342 False
[vector] 31479 27650 31007 False
[vector] 32360 26927 30513 False
[vector] 28461 27002 32174 False
[vector] 26888 27493 32174 False
[vector] 30350 27337 31646 False
[vector] 33410 27657 28578 False
[vector] 31159 28408 31014 False
[vector] 30815 29210 30685 False
[vector] 33931 26593 27644 False
[vector] 32278 28223 30208 False
[vector] 29488 28699 31533 False
[vector] 29833 29769 30718 False
[vector] 32550 28373 29905 False
[vector] 31024 27440 31317 False
[vector] 28025 29521 31223 False
[vector] 32399 28282 30181 False
[vector] 30701 29463 30637 False
[vector] 30657 29353 30752 False
[vector] 29858 27264 31840 False
[vector] 33655 27377 28296 False
[vector] 31337 27607 31079 False
[vector] 30849 28992 30899 False
[vector] 28997 28349 31772 False
[vector] 28701 28759 31664 False
[vector] 27196 26852 32308 False
[vector] 28247 27616 32105 False
[vector] 31935 29057 29937 False
[vector] 30957 29599 30387 False
[vector] 28475 30584 29564 False
[vector] 33528 27719 27899 False
[vector] 30017 29002 31315 False
[vector] 32055 28554 30238 False
[vector] 31372 28688 30626 False
[vector] 32542 27290 30454 False
[vector] 28780 30494 29836 False
[vector] 30259 28345 31476 False
[vector] 32327 28937 29667 False
[vector] 34008 25990 28050 False
[vector] 30949 26154 31457 False
[vector] 28388 28727 31719 False
[vector] 33309 27583 29007 False
[vector] 30860 27566 31486 False
[vector] 32410 27436 30439 False
[vector] 31625 27619 31013 False
[vector] 31811 26822 30959 False
[vector] 31302 28650 30735 False
[vector] 30948 28966 30920 False
[vector] 30915 28024 31279 False
[vector] 32848 26990 29997 False
[vector] 30351 29786 30312 False
[vector] 30560 28955 31038 False
[vector] 29297 29011 31546 False
[vector] 30549 29137 30978 False
[vector] 31106 27863 31178 False
[vector] 28951 29982 30816 False
[vector] 28320 28300 31922 False
[vector] 31130 28005 31149 False
[vector] 30812 29668 30198 False
[vector] 32208 27613 30587 False
[vector] 31338 29621 29502 False
[vector] 34703 23808 24665 False
[vector] 31074 29576 30144 False
[vector] 31274 26927 31359 False
[vector] 28865 30457 30172 False
[vector] 30700 29798 30240 False
[vector] 33652 27152 28713 False
[vector] 31902 27943 30876 False
[vector] 30506 28216 31339 False
[vector] 30325 29600 30673 False
[vector] 28165 29906 30974 False
[vector] 31338 27971 31004 False
[vector] 31558 28280 30694 False
[vector] 32134 28259 30237 False
[vector] 29922 27170 31724 False
[vector] 33974 25885 28150 False
[vector] 31080 27357 31250 False
[vector] 29537 29100 31304 False
[vector] 30122 28161 31546 False
[vector] 30741 29024 30863 False
[vector] 29496 29780 30764 False
[vector] 30416 28541 31222 False
[vector] 29831 28236 31655 False
[vector] 31004 27625 31248 False
[vector] 31182 28900 30842 False
[vector] 30461 27737 31544 False
[vector] 34524 25084 26093 False
[vector] 32929 28552 29064 False
[vector] 31816 27458 30912 False
[vector] 29971 29534 30826 False
[vector] 28405 29995 30732 False
[vector] 33048 27705 29939 False
[vector] 32084 28723 30001 False
[vector] 33067 27128 29798 False
[vector] 30348 28485 31425 False
[vector] 30083 29048 31121 False
[vector] 29971 27047 31826 False
[vector] 31139 28974 30695 False
[vector] 31655 26021 31103 False
[vector] 31566 29468 29440 False
[vector] 28165 28848 31673 False
[vector] 31803 28594 30386 False
[vector] 31477 26476 31203 False
[vector] 31942 28868 30002 False
[vector] 31845 29161 29766 False
[vector] 28585 30635 29174 False
[vector] 29085 28290 31792 False
[vector] 27469 30741 29338 False
[vector] 29388 29060 31352 False
[vector] 28863 29513 31262 False
[vector] 28978 28309 31773 False
[vector] 30159 29875 30711 False
[vector] 31928 28929 30055 False
[vector] 34281 26588 25571 False
[vector] 32972 27935 29766 False
[vector] 33927 26821 27743 False
[vector] 30912 29195 30584 False
[vector] 30177 29640 30765 False
[vector] 30812 29259 30663 False
[vector] 34094 26754 27075 False
[vector] 28610 29042 31448 False
[vector] 32835 26928 30005 False
[vector] 28765 28290 31885 False
[vector] 32077 28432 30393 False
[vector] 30493 30047 29468 False
[vector] 31545 27548 31034 False
[vector] 30600 28671 31163 False
[vector] 34374 25920 26535 False
[vector] 31406 27950 31037 False
[vector] 31301 28105 31107 False
[vector] 29147 26821 32100 False
[vector] 28155 26574 32311 False
[vector] 34512 25307 26069 False
[vector] 28312 26848 32195 False
[vector] 27964 30568 29736 False
[vector] 30426 28543 31212 False
[vector] 31955 28392 30531 False
[vector] 31621 29034 30367 False
[vector] 29279 29182 31306 False
[vector] 33325 27476 29364 False
[vector] 32312 28800 29744 False
[vector] 30315 29402 30855 False
[vector] 31402 29594 29838 False
[vector] 29726 28630 31484 False
[vector] 33637 27603 28224 False
[vector] 33656 27619 27032 False
[vector] 32160 27836 30473 False
[vector] 32182 27718 30510 False
[vector] 27903 27756 32068 False
[vector] 27744 30726 29263 False
[vector] 31449 27819 31023 False
[vector] 28843 28947 31631 False
[vector] 31048 28925 30889 False
[vector] 32019 28932 29941 False
[vector] 34618 24831 26021 False
[vector] 32492 28228 30058 False
[vector] 30094 27079 31810 False
[vector] 32094 28608 30097 False
[vector] 33069 27846 29405 False
[vector] 31765 25723 31083 False
[vector] 28204 30657 29494 False
[vector] 30410 28203 31359 False
[vector] 26243 26469 32394 False
[vector] 30273 29967 29763 False
[vector] 29526 27659 31853 False
[vector] 30291 29818 30459 False
[vector] 30763 28952 30966 False
[vector] 29700 28608 31625 False
[vector] 33038 26360 29956 False
[vector] 32089 29131 29774 False
[vector] 32079 28223 30410 False
[vector] 30212 29159 30977 False
[vector] 30400 29810 30293 False
[vector] 29258 29414 31172 False
[vector] 33984 25370 28128 False
[vector] 30554 28306 31330 False
[vector] 31379 27823 31072 False
[vector] 28009 27686 32093 False
[vector] 32365 26222 30664 False
[vector] 34033 26748 27405 False
[vector] 30631 29923 29184 False
[vector] 28848 29245 31440 False
[vector] 32826 27132 30077 False
[vector] 33674 27406 27929 False
[vector] 34057 26121 27841 False
[vector] 34301 26047 26900 False
[vector] 34328 25942 26948 False
[vector] 32133 28541 30227 False
[vector] 30846 26661 31487 False
[vector] 29730 30192 30587 False
[vector] 33952 26553 27723 False
[vector] 34137 25498 27821 False
[vector] 32712 28713 29192 False
[vector] 28472 28802 31682 False
[vector] 31643 29529 29420 False
[vector] 32950 27967 29835 False
[vector] 32594 27237 30390 False
[vector] 32121 28117 30493 False
[vector] 34700 24277 24471 False
[vector] 29936 25926 31900 False
[vector] 30704 29043 30889 False
[vector] 32246 27213 30738 False
[vector] 29535 26348 32055 False
[vector] 28749 27171 32087 False
[vector] 32077 28571 30192 False
[vector] 30097 29252 30974 False
[vector] 30479 28113 31455 False
[vector] 29769 29983 30674 False
[vector] 33277 26812 29466 False
[vector] 29523 29611 30948 False
[vector] 34214 26555 26493 False
[vector] 33230 28244 28478 False
[vector] 29103 29602 31020 False
[vector] 29768 30177 29944 False
[vector] 30192 30115 29122 False
[vector] 31882 28900 30149 False
[vector] 29099 27044 31986 False
[vector] 33482 27598 28840 False
[vector] 29439 27092 31924 False
[vector] 28328 28388 31866 False
[vector] 31139 27128 31281 False
[vector] 28834 28118 31816 False
[vector] 29172 27485 31957 False
[vector] 31280 26667 31381 False
[vector] 33670 26752 29231 False
[vector] 32391 25718 30642 False
[vector] 33097 26949 29731 False
[vector] 29237 30438 29357 False
[vector] 32479 28697 29367 False
[vector] 30456 29520 30610 False
[vector] 32629 28547 29553 False
[vector] 32180 27816 30462 False
[vector] 30433 30079 29615 False
[vector] 28007 30723 29074 False
[vector] 33503 27739 28306 False
[vector] 32255 27492 30618 False
[vector] 28706 27396 32100 False
[vector] 31788 28011 30780 False
[vector] 31599 25998 31121 False
[vector] 30570 26873 31579 False
[vector] 27883 29785 31020 False
[vector] 29186 27101 31984 False
[vector] 29720 30193 29788 False
[vector] 28126 30115 30887 False
[vector] 31660 29448 29650 False
[vector] 31965 27725 30798 False
[vector] 32330 28482 30100 False
[vector] 30714 29231 30797 False
[vector] 33315 28207 28814 False
[vector] 29454 29633 30913 False
[vector] 26930 26812 32322 False
[vector] 30264 26595 31721 False
[vector] 33124 27122 29598 False
[vector] 28645 30603 29027 False
[vector] 31370 27893 31042 False
[vector] 31220 29103 30464 False
[vector] 31624 28614 30619 False
[vector] 29375 27168 31982 False
[vector] 31825 28826 30263 False
[vector] 30226 27603 31717 False
[vector] 28824 26346 32193 False
[vector] 27493 30825 29107 False
[vector] 29017 26536 32107 False
[vector] 30117 27720 31664 False
[vector] 34347 26088 26732 False
[vector] 29930 26249 31965 False
[vector] 33759 27369 28265 False
[vector] 29735 29026 31242 False
[vector] 31635 28167 30777 False
[vector] 33380 26752 29557 False
[vector] 33102 27177 29643 False
[vector] 31664 29080 30201 False
[vector] 29716 29119 31276 False
[vector] 27543 26835 32288 False
[vector] 28766 28008 31895 False
[vector] 29780 28335 31559 False
[vector] 31415 28038 30973 False
[vector] 31283 28612 30789 False
[vector] 33532 27252 28977 False
[vector] 30230 29792 30554 False
[vector] 32553 28630 29482 False
[vector] 30555 29494 30631 False
[vector] 32806 28003 29864 False
[vector] 28105 30771 28928 False
[vector] 30479 28474 31280 False
[vector] 29655 27581 31815 False
[vector] 33165 26872 29872 False
[vector] 33428 27398 28959 False
[vector] 29114 27313 31981 False
[vector] 34050 26619 27091 False
[vector] 29138 28301 31780 False
[vector] 31797 28564 30393 False
[vector] 32587 28159 30241 False
[vector] 27977 27578 32169 False
[vector] 34453 25810 26129 False
[vector] 31539 28242 30748 False
[vector] 31319 27855 31219 False
[vector] 34026 26960 26233 False
[vector] 32308 29030 29744 False
[vector] 33553 27393 28443 False
[vector] 29834 27304 31750 False
[vector] 30599 25973 31644 False
[vector] 30571 29955 29331 False
[vector] 32404 28612 29676 False
[vector] 30154 29236 31068 False
[vector] 31034 28586 30911 False
[vector] 30860 29036 30777 False
[vector] 32773 26391 30320 False
[vector] 34155 26280 27643 False
[vector] 34018 26984 26902 False
[vector] 28885 29258 31350 False
[vector] 31594 28843 30458 False
[vector] 28524 28665 31734 False
[vector] 29926 26406 31876 False
[vector] 33823 26819 28336 False
[vector] 31008 28934 30773 False
[vector] 34377 26040 25956 False
[vector] 31100 28108 31223 False
[vector] 31543 29213 30205 False
[vector] 33489 27652 28334 False
[vector] 27611 26444 32425 False
[vector] 32450 26832 30510 False
[vector] 30601 26403 31626 False
[vector] 34074 26319 27764 False
[vector] 31130 29345 30465 False
[vector] 33485 27042 29241 False
[vector] 29020 30269 30324 False
[vector] 29730 27202 31868 False
[vector] 29289 28655 31604 False
[vector] 33442 26643 29297 False
[vector] 29154 30355 30245 False
[vector] 28422 30621 29333 False
[vector] 32463 28822 29591 False
[vector] 31969 29252 29617 False
[vector] 28815 29787 30895 False
[vector] 28172 26070 32297 False
[vector] 33415 27402 29140 False
[vector] 33375 27381 29288 False
[vector] 33290 26797 29768 False
[vector] 31199 29639 29770 False
[vector] 31194 29630 29897 False
[vector] 31514 28631 30709 False
[vector] 32118 28537 30241 False
[vector] 32948 28531 29392 False
[vector] 30452 29437 30759 False
[vector] 29861 27165 31736 False
[vector] 31756 27974 30870 False
[vector] 29903 28291 31650 False
[vector] 27651 27220 32211 False
[vector] 33948 26791 27567 False
[vector] 29681 29514 31120 False
[vector] 29196 29421 31205 False
[vector] 27863 29351 31404 False
[vector] 30924 28668 31055 False
[vector] 34014 25667 27985 False
[vector] 32158 27573 30835 False
[vector] 28372 27479 32079 False
[vector] 29147 27992 31882 False
[vector] 33417 27673 28436 False
[vector] 28775 28626 31748 False
[vector] 27831 27342 32201 False
[vector] 29154 29172 31334 False
[vector] 34161 25957 27578 False
[vector] 31139 29012 30605 False
[vector] 33925 26916 27709 False
[vector] 30764 28507 31104 False
[vector] 29672 27526 31889 False
[vector] 31072 27167 31376 False
[vector] 30954 27473 31295 False
[vector] 30230 29282 30927 False
[vector] 29791 29728 30762 False
[vector] 31826 28173 30703 False
[vector] 30449 26995 31661 False
[vector] 31752 29413 29745 False
[vector] 29855 27499 31730 False
[vector] 32385 28147 30357 False
[vector] 32300 28101 30363 False
[vector] 29392 28250 31682 False
[vector] 30147 27154 31733 False
[vector] 33603 27784 27768 False
[vector] 28767 26936 32141 False
[vector] 30318 28758 31191 False
[vector] 33716 25696 28728 False
[vector] 34311 25744 27025 False
[vector] 34181 25457 27742 False
[vector] 32902 27736 29933 False
[vector] 31844 29008 30131 False
[vector] 30614 28568 31171 False
[vector] 32082 27803 30662 False
[vector] 29687 27221 31879 False
[vector] 29857 30242 29273 False
[vector] 34067 26817 27014 False
[vector] 30368 29051 31056 False
[vector] 33171 26549 29807 False
[vector] 29112 26248 32107 False
[vector] 29206 28728 31577 False
[vector] 30403 26784 31692 False
[vector] 31582 28236 30709 False
[vector] 28400 28136 31944 False
[vector] 31777 26907 30987 False
[vector] 28752 26920 32190 False
[vector] 34289 26201 26964 False
[vector] 30223 30046 29707 False
[vector] 29870 29208 31080 False
[vector] 31066 28168 31103 False
[vector] 33093 27187 29575 False
[vector] 31062 26946 31385 False
[vector] 28991 27169 32046 False
[vector] 32213 29222 29625 False
[vector] 29734 28849 31379 False
[vector] 29939 29118 31176 False
[vector] 32025 28962 29934 False
[vector] 31485 27580 31181 False
[vector] 31824 28521 30485 False
[vector] 28224 30590 29509 False
[vector] 31078 26781 31442 False
[vector] 31863 25924 31003 False
[vector] 33799 26577 28357 False
[vector] 26167 30909 28231 False
[vector] 31827 29089 29901 False
[vector] 28392 27917 32049 False
[vector] 29591 28276 31664 False
[vector] 32705 28317 29726 False
[vector] 32620 27733 30206 False
[vector] 33801 26554 28650 False
[vector] 33650 27485 27940 False
[vector] 30076 29415 31030 False
[vector] 31342 26811 31306 False
[vector] 30846 29412 30647 False
[vector] 27736 29165 31549 False
[vector] 27948 30570 29748 False
[vector] 29170 28527 31658 False
[vector] 30034 27919 31680 False
[vector] 33179 27507 29358 False
[vector] 26618 26917 32304 False
[vector] 27153 27773 32157 False
[vector] 31399 26429 31295 False
[vector] 34118 26278 27685 False
[vector] 34240 25677 27166 False
[vector] 29403 26451 32059 False
[vector] 28988 27176 32038 False
[vector] 28343 30002 30765 False
[vector] 31901 26727 30956 False
[vector] 29520 27002 31915 False
[vector] 32705 26721 30418 False
[vector] 32839 28018 29728 False
[vector] 34200 25698 27562 False
[vector] 29760 28576 31478 False
[vector] 32552 27809 30348 False
[vector] 29480 28480 31638 False
[vector] 27790 26145 32380 False
[vector] 33861 26431 28466 False
[vector] 30172 27818 31590 False
[vector] 30753 29217 30718 False
[vector] 30783 28039 31259 False
[vector] 34418 25897 26737 False
[vector] 32644 28200 29876 False
[vector] 32038 28733 30108 False
[vector] 34018 26330 27754 False
[vector] 29782 27289 31812 False
[vector] 30254 27855 31533 False
[vector] 33997 26209 27909 False
[vector] 30263 27908 31503 False
[vector] 29966 28783 31428 False
[vector] 28029 27665 32113 False
[vector] 31134 29662 30044 False
[vector] 34183 26628 26022 False
[vector] 31994 28111 30511 False
[vector] 33775 27129 28262 False
[vector] 29901 30212 29138 False
[vector] 31767 28681 30416 False
[vector] 30619 29707 30381 False
[vector] 28948 26777 32171 False
[vector] 31835 29337 28509 False
[vector] 31355 27357 31191 False
[vector] 33647 27743 27689 False
[vector] 33295 27849 28959 False
[vector] 29844 30284 29639 False
[vector] 31251 28646 30824 False
[vector] 30257 26149 31764 False
[vector] 31672 28099 30866 False
[vector] 32079 28483 30382 False
[vector] 34477 25469 26987 False
[vector] 29373 28210 31683 False
[vector] 30143 26703 31751 False
[vector] 27656 29555 31231 False
[vector] 32720 26835 30354 False
[vector] 27152 30891 28933 False
[vector] 32907 27120 29972 False
[vector] 28462 26572 32193 False
[vector] 31497 28943 30516 False
[vector] 30722 28176 31242 False
[vector] 28226 26762 32258 False
[vector] 32156 28137 30392 False
[vector] 30212 28466 31445 False
[vector] 33750 27530 27402 False
[vector] 30973 29911 29714 False
[vector] 30641 25748 31687 False
[vector] 30038 30178 29705 False
[vector] 30205 28770 31253 False
[vector] 34366 26551 25907 False
[vector] 34035 26528 27677 False
[vector] 29020 26492 32110 False
[vector] 28301 27010 32167 False
[vector] 32394 26558 30563 False
[vector] 32752 27778 30050 False
[vector] 32001 28801 30019 False
[vector] 34074 26595 27242 False
[vector] 30640 27438 31499 False
[vector] 30056 26629 31866 False
[vector] 31372 26788 31253 False
[vector] 32922 26658 30206 False
[vector] 32944 27300 29963 False
[vector] 34665 24439 25389 False
[vector] 33609 27404 28300 False
[vector] 32373 26883 30544 False
[vector] 33494 27900 27443 False
[vector] 32953 28064 29518 False
[vector] 32399 28653 29751 False
[vector] 28103 29913 31007 False
[vector] 31764 28553 30632 False
[vector] 28267 26523 32196 False
[vector] 30609 29105 30831 False
[vector] 28470 28261 31895 False
[vector] 29008 30493 28839 False
[vector] 31452 26472 31259 False
[vector] 31102 26291 31446 False
[vector] 30853 28182 31229 False
[vector] 29580 28081 31721 False
[vector] 34048 26830 26531 False
[vector] 26926 30725 29405 False
[vector] 33419 27817 28067 False
[vector] 28294 29389 31353 False
[vector] 32351 28341 30041 False
[vector] 27175 29412 31441 False
[vector] 33297 27277 29440 False
[vector] 29761 29764 30779 False
[vector] 33814 26870 28246 False
[vector] 29609 30224 30008 False
[vector] 32773 28042 29875 False
[vector] 32013 28149 30457 False
[vector] 34537 25069 26395 False
[vector] 33488 27275 28775 False
[vector] 29682 28986 31327 False
[vector] 31920 29300 28845 False
[vector] 28975 29688 30937 False
[vector] 29080 25976 32152 False
[vector] 31841 28310 30626 False
[vector] 33161 27110 29716 False
[vector] 30907 29306 30522 False
[vector] 33467 27857 27695 False
[vector] 30768 27810 31358 False
[vector] 28138 27630 32058 False
[vector] 30695 28451 31315 False
[vector] 28684 30521 29740 False
[vector] 31379 28537 30818 False
[vector] 30470 28154 31355 False
[vector] 29338 28738 31560 False
[vector] 31970 29073 29842 False
[vector] 29183 30484 28961 False
[vector] 31248 29520 30001 False
[vector] 32223 28446 30224 False
[vector] 34133 26793 26867 False
[vector] 30936 26566 31484 False
[vector] 33842 27216 27804 False
[vector] 33713 26154 28716 False
[vector] 30665 28102 31356 False
[vector] 31504 28462 30714 False
[vector] 32686 28491 29561 False
[vector] 31473 29014 30372 False
[vector] 31776 29285 29655 False
[vector] 33085 27340 29543 False
[vector] 28894 29516 31077 False
[vector] 29469 30305 29357 False
[vector] 31893 28399 30564 False
[vector] 30014 29422 31063 False
[vector] 33593 27644 28303 False
[vector] 31410 28618 30771 False
[vector] 31105 27293 31268 False
[vector] 32942 28121 29520 False
[vector] 26968 26447 32383 False
[vector] 28367 28179 31953 False
[vector] 32026 28533 30369 False
[vector] 28405 30526 29941 False
[vector] 29725 30202 29661 False
[vector] 28458 26121 32211 False
[vector] 30687 29894 30129 False
[vector] 34682 24637 25312 False
[vector] 28801 29520 31295 False
[vector] 34201 26002 27438 False
[vector] 31435 26527 31185 False
[vector] 29717 30302 29603 False
[vector] 28709 28978 31559 False
[vector] 30799 28699 31034 False
[vector] 27984 29045 31553 False
[vector] 32237 25600 30789 False
[vector] 27650 30677 29770 False
[vector] 33119 27789 29480 False
[vector] 33813 27468 27651 False
[vector] 29803 29212 31120 False
[vector] 32067 28677 30101 False
[vector] 29474 27572 31909 False
[vector] 30147 30062 30030 False
[vector] 29554 30268 29693 False
[vector] 29014 27810 31900 False
[vector] 32755 28654 28074 False
[vector] 31466 29592 29349 False
[vector] 31374 29431 30065 False
[vector] 30153 29021 31295 False
[vector] 32097 28188 30349 False
[vector] 28717 26347 32197 False
[vector] 31608 29130 30256 False
[vector] 31319 28569 30965 False
[vector] 29953 30168 29964 False
[vector] 31535 28543 30667 False
[vector] 30655 27914 31448 False
[vector] 29128 29188 31385 False
[vector] 29555 30227 29700 False
[vector] 29420 30010 30591 False
[vector] 29494 28924 31401 False
[vector] 29195 29211 31330 False
[vector] 33940 27176 27353 False
[vector] 30188 29965 29872 False
[vector] 30557 29356 30873 False
[vector] 28006 26345 32335 False
[vector] 28328 28519 31817 False
[vector] 27732 28267 31935 False
[vector] 30145 28802 31400 False
[vector] 30805 26578 31532 False
[vector] 31650 27199 30990 False
[vector] 32648 28544 29352 False
[vector] 30934 27535 31320 False
[vector] 33859 27414 27727 False
[vector] 29703 29259 31208 False
[vector] 30344 27660 31711 False
[vector] 31659 28465 30642 False
[vector] 28347 28585 31768 False
[vector] 29093 28509 31687 False
[vector] 29368 25878 32066 False
[vector] 30758 28943 31093 False
[vector] 29663 30348 29207 False
[vector] 31770 28261 30668 False
[vector] 31866 29302 29232 False
[vector] 32493 28662 29629 False
[vector] 27790 29441 31338 False
[vector] 34183 26479 27567 False
[vector] 34499 25738 25613 False
[vector] 29839 28455 31550 False
[vector] 31941 28637 30245 False
[vector] 28255 29533 31211 False
[vector] 34115 25900 27724 False
[vector] 30701 29662 30341 False
[vector] 31223 29414 30406 False
[vector] 31898 29254 29543 False
[vector] 32080 28151 30444 False
[vector] 31922 27699 30832 False
[vector] 32984 26645 30024 False
[vector] 30782 27622 31445 False
[vector] 30276 27737 31552 False
[vector] 31512 28947 30502 False
[vector] 29155 27040 31995 False
[vector] 29559 28845 31392 False
[vector] 34574 24968 26238 False
[vector] 31014 28573 31052 False
[vector] 30046 29268 31032 False
[vector] 28715 28490 31768 False
[vector] 30217 28179 31478 False
[vector] 31271 29019 30539 False
[vector] 30284 28649 31325 False
[vector] 33937 27222 27276 False
[vector] 29766 26778 32029 False
[vector] 27060 30747 29172 False
[vector] 30947 28637 31053 False
[vector] 26989 30877 29092 False
[vector] 28027 27488 32118 False
[vector] 31474 27799 31040 False
[vector] 28975 30343 30416 False
[vector] 31871 26306 31001 False
[vector] 29253 29405 31299 False
[vector] 31332 27944 31041 False
[vector] 30576 29707 30389 False
[vector] 30868 29157 30735 False
[vector] 32593 28399 29871 False
[vector] 31184 27022 31362 False
[vector] 33798 27110 28249 False
[vector] 31684 28582 30472 False
[vector] 29652 28119 31674 False
[vector] 26926 27242 32222 False
