[nb-items] 80
[nb-objectives] 3
[nb-pareto] 1339
[nb-lorenz] 27
[runtime] 272.146124124527
[format] f1 f2 f3 isLorenzND
[vector] 30376 30000 28780 True
[vector] 30161 30145 28767 True
[vector] 29596 29538 29307 True
[vector] 31001 30186 28466 True
[vector] 29699 30723 28799 True
[vector] 29882 30265 28922 True
[vector] 30589 30469 28492 True
[vector] 29724 29933 29132 True
[vector] 29653 30357 29016 True
[vector] 30081 29850 29094 True
[vector] 30256 30277 28766 True
[vector] 29914 29876 29115 True
[vector] 31533 30530 28100 True
[vector] 29838 30441 28810 True
[vector] 30399 30526 28509 True
[vector] 31176 30613 28138 True
[vector] 30465 30561 28501 True
[vector] 30446 30220 28749 True
[vector] 31105 30206 28375 True
[vector] 30293 30542 28603 True
[vector] 30764 30896 28164 True
[vector] 29919 30851 28786 True
[vector] 30740 30667 28367 True
[vector] 31343 30587 28117 True
[vector] 29478 29930 29344 True
[vector] 30209 30026 28801 True
[vector] 30675 30128 28655 True
[vector] 32534 28737 27461 False
[vector] 30307 30271 28664 False
[vector] 31004 31055 27292 False
[vector] 28704 32072 27407 False
[vector] 29679 32277 25372 False
[vector] 33051 28439 25894 False
[vector] 28169 30652 29175 False
[vector] 31497 30763 27538 False
[vector] 28980 31502 28357 False
[vector] 27552 29018 29743 False
[vector] 29453 31845 27438 False
[vector] 28892 32482 25995 False
[vector] 30758 31138 27471 False
[vector] 28036 29408 29653 False
[vector] 28876 31710 27863 False
[vector] 32941 28778 25941 False
[vector] 29469 32358 25878 False
[vector] 31614 29552 28199 False
[vector] 31338 28838 28524 False
[vector] 28926 32366 26611 False
[vector] 28755 31498 28414 False
[vector] 29556 32280 25605 False
[vector] 30618 29294 28761 False
[vector] 29952 30774 28455 False
[vector] 31479 29897 28192 False
[vector] 29504 29805 29145 False
[vector] 30485 30185 28672 False
[vector] 31933 30391 27007 False
[vector] 30179 31799 26355 False
[vector] 28688 31737 27934 False
[vector] 28622 32456 26694 False
[vector] 32969 28075 26179 False
[vector] 31864 30588 26007 False
[vector] 32374 29298 27254 False
[vector] 30083 30053 28774 False
[vector] 26949 29098 29993 False
[vector] 29369 31325 28349 False
[vector] 29696 32231 26396 False
[vector] 29632 29040 29279 False
[vector] 27783 30434 29438 False
[vector] 27278 32904 24973 False
[vector] 27948 27243 29858 False
[vector] 29150 32261 26437 False
[vector] 28236 32234 27157 False
[vector] 28349 29198 29590 False
[vector] 32168 29510 27628 False
[vector] 27894 31784 28067 False
[vector] 29413 30435 29068 False
[vector] 30218 31901 25573 False
[vector] 29075 32433 25836 False
[vector] 29477 32041 26859 False
[vector] 32954 27900 26183 False
[vector] 32157 29680 27345 False
[vector] 30174 29782 28867 False
[vector] 31267 31157 25794 False
[vector] 29345 31879 27509 False
[vector] 28464 27654 29678 False
[vector] 28042 32654 26316 False
[vector] 28579 30688 29126 False
[vector] 28673 32164 27218 False
[vector] 31174 28456 28556 False
[vector] 27396 29673 29660 False
[vector] 27991 28917 29703 False
[vector] 27522 29087 29849 False
[vector] 30700 31592 26154 False
[vector] 31499 30964 26793 False
[vector] 28168 32572 26365 False
[vector] 32310 30246 26144 False
[vector] 30678 31741 24982 False
[vector] 30470 30962 28109 False
[vector] 28861 32574 25806 False
[vector] 32208 29664 27367 False
[vector] 31430 30995 25846 False
[vector] 29232 32206 26597 False
[vector] 31356 30964 26996 False
[vector] 30019 30083 28818 False
[vector] 29177 29366 29391 False
[vector] 29004 30446 29094 False
[vector] 29984 32046 25412 False
[vector] 30486 31595 26558 False
[vector] 30120 29985 28807 False
[vector] 31811 29326 28053 False
[vector] 28560 32491 26306 False
[vector] 30525 31595 26393 False
[vector] 32705 29130 25937 False
[vector] 29480 32005 26742 False
[vector] 30153 27215 29072 False
[vector] 29219 32354 26098 False
[vector] 29136 31239 28512 False
[vector] 30965 30691 28042 False
[vector] 29127 32111 27171 False
[vector] 26705 28454 30056 False
[vector] 29095 31875 27729 False
[vector] 28685 29293 29585 False
[vector] 29277 31900 27415 False
[vector] 29261 32346 26428 False
[vector] 27120 27857 30064 False
[vector] 28856 28611 29557 False
[vector] 32569 29296 26767 False
[vector] 33192 27762 25980 False
[vector] 30647 28965 28862 False
[vector] 30132 29844 28992 False
[vector] 30530 31333 27159 False
[vector] 29511 31948 27220 False
[vector] 31466 30855 27349 False
[vector] 29079 30082 29196 False
[vector] 33105 27550 26276 False
[vector] 30504 30269 28539 False
[vector] 31695 28247 28287 False
[vector] 30808 29237 28744 False
[vector] 31354 30715 27628 False
[vector] 30341 30819 28219 False
[vector] 31236 31249 25605 False
[vector] 29131 30320 29105 False
[vector] 29089 32551 25220 False
[vector] 29084 31057 28867 False
[vector] 29317 32054 27154 False
[vector] 33272 26322 25148 False
[vector] 30362 31547 27113 False
[vector] 32439 30145 26170 False
[vector] 28651 29726 29486 False
[vector] 31307 29704 28321 False
[vector] 28898 32568 25634 False
[vector] 29178 31819 27695 False
[vector] 30369 31742 26338 False
[vector] 30230 31894 25599 False
[vector] 28232 32597 26299 False
[vector] 27042 28680 29990 False
[vector] 28688 28705 29555 False
[vector] 28903 32368 26663 False
[vector] 32954 27878 26638 False
[vector] 28331 28851 29633 False
[vector] 32629 27434 27483 False
[vector] 32642 29504 26588 False
[vector] 28141 29751 29558 False
[vector] 30097 30051 28787 False
[vector] 27233 29881 29584 False
[vector] 31852 30605 25546 False
[vector] 30628 31225 27304 False
[vector] 28875 32438 26116 False
[vector] 30308 31267 27934 False
[vector] 30103 31057 28240 False
[vector] 26977 27378 30122 False
[vector] 31563 29334 28280 False
[vector] 30704 29784 28571 False
[vector] 31909 29247 27928 False
[vector] 30508 31134 27691 False
[vector] 29692 30315 28913 False
[vector] 29801 32114 26491 False
[vector] 33201 27313 25657 False
[vector] 28618 30228 29357 False
[vector] 33093 27906 25843 False
[vector] 29397 28712 29371 False
[vector] 30693 31386 26828 False
[vector] 30461 28621 28943 False
[vector] 28714 30844 28970 False
[vector] 26887 28085 30043 False
[vector] 30400 28277 29019 False
[vector] 30392 31233 27697 False
[vector] 28493 29958 29398 False
[vector] 27952 31693 28048 False
[vector] 25023 27280 30360 False
[vector] 30316 29164 28938 False
[vector] 30460 30974 28202 False
[vector] 32715 28733 26786 False
[vector] 30520 30539 28380 False
[vector] 31794 30480 26759 False
[vector] 31418 29907 28119 False
[vector] 28042 32534 26892 False
[vector] 28400 31700 27979 False
[vector] 30659 27857 28871 False
[vector] 30206 31511 27491 False
[vector] 30566 31237 27473 False
[vector] 28750 32434 26289 False
[vector] 30142 29248 29022 False
[vector] 30700 31472 26730 False
[vector] 29842 32191 25767 False
[vector] 32948 28201 26703 False
[vector] 30267 28424 29060 False
[vector] 27311 27954 29983 False
[vector] 30758 31501 26135 False
[vector] 30926 29895 28472 False
[vector] 32643 29391 26669 False
[vector] 30723 31221 27357 False
[vector] 29551 32110 26711 False
[vector] 30422 29019 29007 False
[vector] 28459 32237 27145 False
[vector] 32591 29757 25684 False
[vector] 31822 30687 25770 False
[vector] 32556 29179 26965 False
[vector] 31502 30742 27335 False
[vector] 30614 31107 27920 False
[vector] 27811 28212 29879 False
[vector] 29286 31342 28343 False
[vector] 29221 28976 29366 False
[vector] 28524 32191 27421 False
[vector] 32005 29718 27552 False
[vector] 29329 32327 26008 False
[vector] 29803 31550 28094 False
[vector] 29451 32378 24696 False
[vector] 25505 27048 30327 False
[vector] 28348 28834 29665 False
[vector] 32161 29947 27098 False
[vector] 30725 31392 26691 False
[vector] 31262 31162 26010 False
[vector] 31144 30847 27568 False
[vector] 33112 28445 25564 False
[vector] 31815 29978 27820 False
[vector] 31251 31209 26381 False
[vector] 31132 29277 28649 False
[vector] 30741 30025 28536 False
[vector] 29223 30662 28875 False
[vector] 30203 31463 27542 False
[vector] 28970 32550 25741 False
[vector] 28848 28708 29519 False
[vector] 30172 29440 28937 False
[vector] 30914 31461 26206 False
[vector] 28966 32554 25453 False
[vector] 27957 32571 26556 False
[vector] 30819 28902 28830 False
[vector] 28736 32316 26905 False
[vector] 31230 31226 25910 False
[vector] 28568 32281 27123 False
[vector] 29928 30630 28568 False
[vector] 32513 28160 27674 False
[vector] 30150 30987 28191 False
[vector] 31060 30680 27862 False
[vector] 31873 29360 27942 False
[vector] 30529 29357 28899 False
[vector] 27505 28539 29968 False
[vector] 32323 28665 27780 False
[vector] 31109 29835 28359 False
[vector] 30195 31829 26338 False
[vector] 28674 28445 29623 False
[vector] 29705 31347 28184 False
[vector] 25890 27358 30245 False
[vector] 29553 29952 29043 False
[vector] 29719 31959 26946 False
[vector] 27766 29886 29557 False
[vector] 30804 31050 27903 False
[vector] 27606 28253 29935 False
[vector] 28379 32282 27067 False
[vector] 29869 32095 26071 False
[vector] 30681 29805 28590 False
[vector] 31683 28794 28161 False
[vector] 30487 31423 27460 False
[vector] 32911 27006 26836 False
[vector] 28579 32328 26758 False
[vector] 30358 31667 26390 False
[vector] 31243 29480 28447 False
[vector] 29774 29083 29207 False
[vector] 31608 30958 26048 False
[vector] 28716 29259 29526 False
[vector] 28398 30100 29370 False
[vector] 30656 31382 27028 False
[vector] 29855 32074 26239 False
[vector] 29518 30429 28982 False
[vector] 28543 32760 25462 False
[vector] 25910 26743 30233 False
[vector] 32270 29531 27609 False
[vector] 28489 32643 26052 False
[vector] 31220 31301 26192 False
[vector] 29193 28436 29477 False
[vector] 29874 31833 26837 False
[vector] 29577 31046 28446 False
[vector] 27958 32197 27189 False
[vector] 27758 31993 27783 False
[vector] 32861 28668 26365 False
[vector] 30353 31301 27563 False
[vector] 27626 32670 26033 False
[vector] 28939 32642 25552 False
[vector] 28066 29055 29669 False
[vector] 29104 29465 29501 False
[vector] 30782 31379 26527 False
[vector] 31870 29182 28158 False
[vector] 32077 29799 27252 False
[vector] 29698 31795 27479 False
[vector] 28175 31417 28555 False
[vector] 29537 29682 29202 False
[vector] 29276 32084 26968 False
[vector] 31656 30288 27861 False
[vector] 30259 29395 28994 False
[vector] 29375 32165 26688 False
[vector] 32272 28447 27794 False
[vector] 27934 31938 27806 False
[vector] 29885 32089 25460 False
[vector] 30109 31390 28080 False
[vector] 31447 29320 28323 False
[vector] 31952 30072 27559 False
[vector] 27205 28728 29952 False
[vector] 29045 29609 29396 False
[vector] 30851 31247 27156 False
[vector] 32203 29085 27803 False
[vector] 30491 30693 28254 False
[vector] 31276 31009 26918 False
[vector] 32228 29307 27703 False
[vector] 31959 28542 28090 False
[vector] 30856 31377 26748 False
[vector] 27722 29579 29642 False
[vector] 31579 30361 27774 False
[vector] 31412 30680 27778 False
[vector] 29408 30921 28530 False
[vector] 27979 28792 29711 False
[vector] 29832 32022 26680 False
[vector] 30337 31619 27096 False
[vector] 30094 31751 26574 False
[vector] 26220 28530 30105 False
[vector] 29433 30229 29029 False
[vector] 27789 31901 27972 False
[vector] 30161 31794 26497 False
[vector] 32524 29091 27401 False
[vector] 30138 29895 28881 False
[vector] 29582 31924 26954 False
[vector] 30907 31037 27386 False
[vector] 31743 30500 27565 False
[vector] 32639 28312 27176 False
[vector] 32054 28930 27992 False
[vector] 29513 28679 29379 False
[vector] 30329 31743 26312 False
[vector] 30240 30846 28215 False
[vector] 27324 29461 29688 False
[vector] 32695 29242 26636 False
[vector] 30577 29491 28725 False
[vector] 31251 31089 26957 False
[vector] 30034 31185 28118 False
[vector] 32835 28204 26941 False
[vector] 27701 29352 29713 False
[vector] 29083 32528 25525 False
[vector] 30237 31419 27680 False
[vector] 28426 28530 29712 False
[vector] 29029 32411 26115 False
[vector] 28352 32714 25932 False
[vector] 30903 28595 28821 False
[vector] 30746 31446 26565 False
[vector] 31818 30631 25860 False
[vector] 30269 31957 25548 False
[vector] 33057 27687 26357 False
[vector] 31182 31129 27259 False
[vector] 28502 28081 29662 False
[vector] 32105 29541 27921 False
[vector] 30011 31187 28170 False
[vector] 30183 31846 25877 False
[vector] 31625 30380 27736 False
[vector] 30097 30396 28686 False
[vector] 30452 31661 26149 False
[vector] 31999 29726 27654 False
[vector] 32034 30367 27217 False
[vector] 31095 30917 27555 False
[vector] 31965 28219 28025 False
[vector] 30637 31332 27128 False
[vector] 32834 29270 25841 False
[vector] 29972 29925 28905 False
[vector] 28494 32533 26089 False
[vector] 30103 30599 28620 False
[vector] 29530 30920 28512 False
[vector] 32727 28846 26588 False
[vector] 31480 28795 28328 False
[vector] 30646 31618 25740 False
[vector] 28773 30700 29075 False
[vector] 29232 31994 27266 False
[vector] 29192 31840 27527 False
[vector] 32228 30324 26808 False
[vector] 29276 30897 28721 False
[vector] 30073 28412 29111 False
[vector] 32080 30206 26912 False
[vector] 33055 27221 26524 False
[vector] 31418 28610 28361 False
[vector] 31502 29621 28171 False
[vector] 31789 30280 27483 False
[vector] 28236 32843 25407 False
[vector] 33077 28661 25525 False
[vector] 32141 30112 27104 False
[vector] 28941 30377 29122 False
[vector] 29948 30507 28702 False
[vector] 27750 29013 29743 False
[vector] 32145 29695 27660 False
[vector] 32481 29913 25767 False
[vector] 30986 30670 28155 False
[vector] 29568 32352 24768 False
[vector] 29239 29621 29345 False
[vector] 29221 30148 29107 False
[vector] 32881 28649 26440 False
[vector] 33008 27011 26565 False
[vector] 30147 31676 27113 False
[vector] 30420 31712 26298 False
[vector] 30566 29943 28763 False
[vector] 32814 29058 26292 False
[vector] 31263 30945 27266 False
[vector] 31362 27863 28441 False
[vector] 30105 28660 29110 False
[vector] 31131 31366 25510 False
[vector] 27772 29146 29730 False
[vector] 32405 28825 27509 False
[vector] 29505 32245 25864 False
[vector] 30926 31197 27091 False
[vector] 30144 30991 28253 False
[vector] 31155 29803 28378 False
[vector] 28101 28941 29693 False
[vector] 32343 28640 27542 False
[vector] 31729 30787 26136 False
[vector] 28758 27959 29573 False
[vector] 29069 32410 26141 False
[vector] 28321 32806 25743 False
[vector] 30310 29928 28790 False
[vector] 31911 30561 26585 False
[vector] 28406 29961 29394 False
[vector] 30715 31538 26376 False
[vector] 28273 31197 28746 False
[vector] 29865 29416 29128 False
[vector] 28368 30541 29130 False
[vector] 28770 32555 26021 False
[vector] 32921 28803 26179 False
[vector] 31918 30434 26941 False
[vector] 32044 29725 27387 False
[vector] 29414 31254 28370 False
[vector] 29108 32069 27327 False
[vector] 32603 29237 26930 False
[vector] 28721 32667 24650 False
[vector] 31938 30415 26947 False
[vector] 28843 28967 29523 False
[vector] 30316 30266 28582 False
[vector] 28233 31043 29007 False
[vector] 30490 31807 25086 False
[vector] 30063 31843 26385 False
[vector] 32956 27365 26387 False
[vector] 27992 31847 27787 False
[vector] 31462 30588 27596 False
[vector] 28095 29604 29602 False
[vector] 29376 30949 28490 False
[vector] 30574 31726 25588 False
[vector] 28466 32490 26391 False
[vector] 32205 29057 27817 False
[vector] 27890 28770 29844 False
[vector] 29609 32019 26692 False
[vector] 29900 32003 26260 False
[vector] 31660 30555 27614 False
[vector] 28653 31344 28470 False
[vector] 27419 29212 29819 False
[vector] 32471 29837 26965 False
[vector] 32111 29953 27220 False
[vector] 29500 32266 26067 False
[vector] 30873 31010 27601 False
[vector] 28247 28932 29676 False
[vector] 28373 30431 29167 False
[vector] 28525 32780 24280 False
[vector] 30511 31574 26561 False
[vector] 32600 29676 25451 False
[vector] 29878 32154 25226 False
[vector] 28894 30380 29202 False
[vector] 29635 31168 28190 False
[vector] 31775 29824 28081 False
[vector] 29656 29475 29244 False
[vector] 31128 31283 26325 False
[vector] 28284 31740 28014 False
[vector] 31810 28512 28168 False
[vector] 28368 29908 29455 False
[vector] 29491 32127 26480 False
[vector] 30952 31458 25726 False
[vector] 29422 31937 27249 False
[vector] 30498 31210 27917 False
[vector] 30645 31497 26453 False
[vector] 29473 31752 27496 False
[vector] 32071 29608 27779 False
[vector] 32498 29235 27489 False
[vector] 32130 29723 27150 False
[vector] 32901 28624 26202 False
[vector] 31748 30769 26509 False
[vector] 27732 32917 24547 False
[vector] 29652 32248 25784 False
[vector] 30352 31731 26718 False
[vector] 31819 29694 27844 False
[vector] 32954 28895 25743 False
[vector] 28718 32093 27239 False
[vector] 30314 31797 26090 False
[vector] 28847 32553 25974 False
[vector] 28539 30883 28993 False
[vector] 30270 31576 27173 False
[vector] 29773 30080 29030 False
[vector] 32685 29639 25787 False
[vector] 30658 29279 28861 False
[vector] 30243 31617 27281 False
[vector] 28870 31832 27746 False
[vector] 26485 28326 30069 False
[vector] 30811 30243 28483 False
[vector] 30967 29645 28600 False
[vector] 30300 31864 25103 False
[vector] 29857 31830 27273 False
[vector] 30138 31742 27242 False
[vector] 30340 31809 25527 False
[vector] 31477 30814 27318 False
[vector] 31232 31037 27077 False
[vector] 26271 27192 30199 False
[vector] 29970 32098 25048 False
[vector] 31903 28922 28148 False
[vector] 32538 29389 27228 False
[vector] 32895 28463 26655 False
[vector] 29182 30608 28876 False
[vector] 30757 31128 27718 False
[vector] 31947 30412 26839 False
[vector] 29668 28526 29251 False
[vector] 30756 31180 27456 False
[vector] 32949 28352 26192 False
[vector] 32552 28527 27198 False
[vector] 30457 28669 28937 False
[vector] 32358 27573 27748 False
[vector] 31263 30825 27842 False
[vector] 30184 31994 25212 False
[vector] 29379 30480 28897 False
[vector] 29847 32101 25281 False
[vector] 27395 29230 29749 False
[vector] 30643 31459 27082 False
[vector] 29077 32161 27138 False
[vector] 30253 31786 26368 False
[vector] 31944 30438 26642 False
[vector] 27743 30785 29052 False
[vector] 30218 31504 27517 False
[vector] 30596 31537 26897 False
[vector] 29258 31667 27805 False
[vector] 31094 29531 28413 False
[vector] 32541 28433 27422 False
[vector] 30573 29862 28741 False
[vector] 27912 28115 29840 False
[vector] 30501 31587 26820 False
[vector] 30861 30400 28196 False
[vector] 30785 28987 28858 False
[vector] 28469 30739 29034 False
[vector] 29121 30013 29382 False
[vector] 31717 30861 26320 False
[vector] 28780 31426 28431 False
[vector] 30383 30750 28405 False
[vector] 29223 31748 27716 False
[vector] 32723 29327 25693 False
[vector] 31198 28290 28550 False
[vector] 28665 30885 28951 False
[vector] 29977 29347 29156 False
[vector] 29346 32398 25049 False
[vector] 29378 32275 25900 False
[vector] 28353 32817 25479 False
[vector] 29640 31697 27531 False
[vector] 29747 28764 29237 False
[vector] 30578 27822 28919 False
[vector] 32522 29847 25711 False
[vector] 30393 31455 27302 False
[vector] 28034 29530 29652 False
[vector] 29548 31361 28147 False
[vector] 29632 29201 29272 False
[vector] 29792 31868 26941 False
[vector] 31572 30824 26486 False
[vector] 31159 29519 28402 False
[vector] 27818 29703 29628 False
[vector] 30870 31371 26504 False
[vector] 31696 30442 27600 False
[vector] 29461 31149 28443 False
[vector] 29607 31908 27050 False
[vector] 28620 31828 27966 False
[vector] 29208 30225 29086 False
[vector] 29965 30682 28460 False
[vector] 32276 29208 27544 False
[vector] 30957 31105 27280 False
[vector] 29279 32415 25895 False
[vector] 32039 30284 27263 False
[vector] 27110 29370 29875 False
[vector] 31284 30725 27626 False
[vector] 30770 31386 26501 False
[vector] 27663 32685 26025 False
[vector] 32922 28954 25668 False
[vector] 29897 31743 27284 False
[vector] 29150 32511 24679 False
[vector] 31537 28798 28312 False
[vector] 27526 29433 29725 False
[vector] 29450 31754 27548 False
[vector] 28331 29322 29591 False
[vector] 32536 28516 27376 False
[vector] 29393 28937 29448 False
[vector] 32399 29991 26431 False
[vector] 28668 31286 28710 False
[vector] 29607 30366 28844 False
[vector] 28812 32399 26677 False
[vector] 31114 29527 28537 False
[vector] 32352 29933 26466 False
[vector] 31783 30654 27304 False
[vector] 29506 31470 28330 False
[vector] 32316 29362 27283 False
[vector] 28870 28591 29540 False
[vector] 32770 28627 26706 False
[vector] 28835 32517 26049 False
[vector] 30738 31610 25611 False
[vector] 29241 32123 26700 False
[vector] 27926 27615 29835 False
[vector] 29466 32027 26951 False
[vector] 31196 31150 27091 False
[vector] 30146 31960 25781 False
[vector] 29025 31203 28672 False
[vector] 31573 29205 28308 False
[vector] 30179 31896 25907 False
[vector] 30220 30958 28329 False
[vector] 27393 28060 29974 False
[vector] 30073 30658 28479 False
[vector] 30088 32061 24806 False
[vector] 27847 27714 29851 False
[vector] 31788 30741 24840 False
[vector] 29583 31422 28107 False
[vector] 32597 27527 27260 False
[vector] 30666 31434 26765 False
[vector] 28329 31669 28035 False
[vector] 32165 28877 27887 False
[vector] 32880 28288 26659 False
[vector] 31761 30678 26448 False
[vector] 29929 31102 28245 False
[vector] 31886 30498 26626 False
[vector] 28589 31920 27777 False
[vector] 30703 31675 25339 False
[vector] 32026 30167 27461 False
[vector] 30184 31874 25788 False
[vector] 32774 28904 26553 False
[vector] 30951 31430 25751 False
[vector] 32633 28086 27250 False
[vector] 32268 30478 26547 False
[vector] 27089 28138 30012 False
[vector] 29061 31338 28400 False
[vector] 32386 29874 26629 False
[vector] 32181 30266 26843 False
[vector] 32255 29356 27613 False
[vector] 32925 28287 26392 False
[vector] 26620 27461 30160 False
[vector] 28128 31638 28071 False
[vector] 32091 29783 27352 False
[vector] 28974 31126 28696 False
[vector] 32908 28047 26964 False
[vector] 29817 31668 27478 False
[vector] 28428 32329 26956 False
[vector] 31084 31010 27370 False
[vector] 27580 32199 27199 False
[vector] 26249 28043 30231 False
[vector] 31411 29433 28337 False
[vector] 30208 30323 28733 False
[vector] 28247 28771 29683 False
[vector] 33088 27701 26031 False
[vector] 26775 28436 30053 False
[vector] 30221 28579 29032 False
[vector] 33140 27307 25987 False
[vector] 30954 29363 28641 False
[vector] 30257 31664 27018 False
[vector] 31278 30937 27464 False
[vector] 31579 28009 28309 False
[vector] 33047 28075 26169 False
[vector] 31321 31003 26728 False
[vector] 26754 27760 30071 False
[vector] 30189 31050 28140 False
[vector] 29809 32034 26274 False
[vector] 31199 31233 26276 False
[vector] 28556 28837 29660 False
[vector] 28860 32497 26154 False
[vector] 28733 30108 29320 False
[vector] 31678 30798 26371 False
[vector] 28525 32530 26038 False
[vector] 30155 28892 29056 False
[vector] 28249 27838 29776 False
[vector] 32544 29066 27163 False
[vector] 30398 31863 25264 False
[vector] 30453 31516 27099 False
[vector] 28269 29671 29582 False
[vector] 29797 30309 28827 False
[vector] 29390 31693 27751 False
[vector] 29129 31688 27840 False
[vector] 28303 30015 29415 False
[vector] 32669 28902 27112 False
[vector] 31567 30854 26661 False
[vector] 28699 31726 27912 False
[vector] 30101 31628 27396 False
[vector] 31730 28634 28184 False
[vector] 29150 30572 28991 False
[vector] 31680 29239 28175 False
[vector] 30610 31655 26281 False
[vector] 31120 30663 27896 False
[vector] 31658 30089 27781 False
[vector] 31855 30323 27261 False
[vector] 31859 30449 26686 False
[vector] 31817 30729 26207 False
[vector] 27382 28673 29917 False
[vector] 29115 31667 28008 False
[vector] 32856 29306 25410 False
[vector] 27962 29089 29713 False
[vector] 32264 28809 27675 False
[vector] 29229 32102 26930 False
[vector] 29214 31748 27728 False
[vector] 30244 30842 28227 False
[vector] 31390 30850 27356 False
[vector] 29172 32145 26800 False
[vector] 33066 28614 25890 False
[vector] 30511 29607 28787 False
[vector] 32032 29844 27396 False
[vector] 31424 29609 28216 False
[vector] 28811 31334 28620 False
[vector] 28835 32397 26625 False
[vector] 30174 29121 29010 False
[vector] 30232 29076 29024 False
[vector] 31178 30862 27506 False
[vector] 31014 31020 27368 False
[vector] 28448 31158 28723 False
[vector] 29898 30231 28807 False
[vector] 30125 31858 26200 False
[vector] 31366 31073 24364 False
[vector] 32334 29296 27509 False
[vector] 29182 32248 26508 False
[vector] 28954 32076 27187 False
[vector] 27899 29458 29685 False
[vector] 29411 30091 29090 False
[vector] 28381 28551 29685 False
[vector] 29328 30486 28999 False
[vector] 32894 28994 25316 False
[vector] 31585 29881 28098 False
[vector] 30977 28682 28702 False
[vector] 32559 27999 27369 False
[vector] 28996 32581 24823 False
[vector] 30168 29731 28978 False
[vector] 29919 28701 29205 False
[vector] 29908 30964 28459 False
[vector] 29612 28608 29393 False
[vector] 29252 32100 26878 False
[vector] 28887 32315 26707 False
[vector] 28333 27352 29726 False
[vector] 29796 28356 29227 False
[vector] 27279 28081 29995 False
[vector] 31290 31095 26539 False
[vector] 29329 31171 28610 False
[vector] 31138 28954 28584 False
[vector] 32315 30146 25719 False
[vector] 32323 29711 27048 False
[vector] 31997 30642 25380 False
[vector] 30970 30278 28341 False
[vector] 32821 28852 26365 False
[vector] 30400 31211 27756 False
[vector] 29310 32323 26084 False
[vector] 30982 30913 27873 False
[vector] 27615 29358 29736 False
[vector] 28292 32658 26096 False
[vector] 31141 30010 28188 False
[vector] 30765 31391 26717 False
[vector] 30042 30609 28547 False
[vector] 32517 29668 26639 False
[vector] 29039 32039 27523 False
[vector] 30751 31471 26338 False
[vector] 30810 31355 27027 False
[vector] 31226 29908 28300 False
[vector] 29897 31672 27333 False
[vector] 28615 29839 29500 False
[vector] 30445 30982 28004 False
[vector] 30925 31457 25870 False
[vector] 29344 30915 28627 False
[vector] 28952 32436 26069 False
[vector] 29329 29009 29365 False
[vector] 30360 31651 26501 False
[vector] 30110 28732 29088 False
[vector] 32045 29872 27291 False
[vector] 27761 29327 29742 False
[vector] 27718 32614 26411 False
[vector] 31881 29665 27796 False
[vector] 29141 32237 26611 False
[vector] 31990 30280 27475 False
[vector] 31848 30610 25469 False
[vector] 31148 28895 28541 False
[vector] 31227 31058 27280 False
[vector] 29071 30761 28932 False
[vector] 32733 29548 25649 False
[vector] 30001 30088 28819 False
[vector] 30890 31310 27105 False
[vector] 30070 28929 29153 False
[vector] 31127 31154 26982 False
[vector] 30081 31807 26656 False
[vector] 31343 27790 28483 False
[vector] 29618 28659 29282 False
[vector] 30803 31098 27401 False
[vector] 30651 28681 28886 False
[vector] 30943 30850 27924 False
[vector] 28722 28457 29601 False
[vector] 29280 30551 28883 False
[vector] 31842 30529 26744 False
[vector] 27831 28929 29793 False
[vector] 27258 28940 29937 False
[vector] 31704 30197 27723 False
[vector] 29982 30400 28647 False
[vector] 30595 29044 28875 False
[vector] 27446 27208 29976 False
[vector] 28933 31705 27952 False
[vector] 30394 31752 26168 False
[vector] 28975 30145 29319 False
[vector] 30230 31848 25623 False
[vector] 28972 32278 27043 False
[vector] 26974 27888 30058 False
[vector] 32452 28208 27539 False
[vector] 28803 32071 27266 False
[vector] 28118 30329 29385 False
[vector] 31111 31187 26755 False
[vector] 29179 31646 27929 False
[vector] 31656 28165 28302 False
[vector] 30323 30783 28245 False
[vector] 30684 29827 28569 False
[vector] 29527 31953 26972 False
[vector] 26697 27841 30066 False
[vector] 32941 28294 26329 False
[vector] 32078 27917 27971 False
[vector] 28207 31661 28053 False
[vector] 28499 32391 26884 False
[vector] 32712 29037 26311 False
[vector] 32748 27992 27237 False
[vector] 30137 31515 27382 False
[vector] 27604 29469 29683 False
[vector] 31142 30975 27520 False
[vector] 30753 30907 27941 False
[vector] 30300 31630 26929 False
[vector] 32764 27599 27134 False
[vector] 30098 30907 28442 False
[vector] 29085 32521 25829 False
[vector] 29271 31206 28460 False
[vector] 28013 30915 29020 False
[vector] 28660 31982 27705 False
[vector] 27300 30047 29540 False
[vector] 32580 28568 27135 False
[vector] 29940 31265 28164 False
[vector] 28691 30318 29241 False
[vector] 28921 29512 29411 False
[vector] 29775 29927 29030 False
[vector] 29667 31984 26842 False
[vector] 31316 31008 26944 False
[vector] 27979 29975 29510 False
[vector] 28482 32601 26079 False
[vector] 32968 27009 26820 False
[vector] 31060 31424 25006 False
[vector] 30232 30552 28530 False
[vector] 29273 32110 26771 False
[vector] 29761 31960 26752 False
[vector] 25436 27398 30280 False
[vector] 28551 31052 28894 False
[vector] 29965 31802 26823 False
[vector] 30203 31512 27319 False
[vector] 31304 29470 28520 False
[vector] 29905 31982 26057 False
[vector] 30513 31322 27539 False
[vector] 30792 31067 27442 False
[vector] 29960 31957 26334 False
[vector] 28441 31103 28802 False
[vector] 31481 30984 25611 False
[vector] 31546 27573 28337 False
[vector] 32691 27989 27253 False
[vector] 29570 32345 25072 False
[vector] 28514 29776 29518 False
[vector] 31373 27420 28464 False
[vector] 27064 29812 29615 False
[vector] 29017 32228 26874 False
[vector] 28175 31696 28036 False
[vector] 29737 31681 27637 False
[vector] 31522 28586 28358 False
[vector] 31528 28015 28411 False
[vector] 30606 31470 26915 False
[vector] 29358 32073 27107 False
[vector] 29305 31044 28709 False
[vector] 29500 30679 28870 False
[vector] 29200 31750 27768 False
[vector] 28740 31919 27579 False
[vector] 30952 31032 27537 False
[vector] 33135 27759 25996 False
[vector] 30380 30361 28548 False
[vector] 31414 31001 26457 False
[vector] 29803 27957 29237 False
[vector] 27275 28452 30011 False
[vector] 29667 31887 27290 False
[vector] 30045 31920 26670 False
[vector] 32689 27523 27420 False
[vector] 28351 29984 29442 False
[vector] 30523 31310 27446 False
[vector] 31662 30804 26982 False
[vector] 29422 32149 26580 False
[vector] 28483 31683 27985 False
[vector] 28230 28384 29795 False
[vector] 26685 28763 30028 False
[vector] 31441 30927 27332 False
[vector] 30764 30551 28265 False
[vector] 30966 29281 28675 False
[vector] 29718 31587 27758 False
[vector] 28484 32037 27682 False
[vector] 32363 28819 27519 False
[vector] 28468 32483 26695 False
[vector] 26875 29740 29616 False
[vector] 29566 30563 28808 False
[vector] 32553 28162 27419 False
[vector] 27674 31656 28080 False
[vector] 28329 32324 26978 False
[vector] 32690 28517 27130 False
[vector] 30069 30760 28454 False
[vector] 27845 28926 29720 False
[vector] 31742 29947 28024 False
[vector] 26957 27687 30094 False
[vector] 29953 30011 28828 False
[vector] 30992 31186 27276 False
[vector] 31185 31212 26444 False
[vector] 30710 29651 28716 False
[vector] 30741 30370 28435 False
[vector] 28279 30601 29267 False
[vector] 28361 32568 26476 False
[vector] 32682 29658 26327 False
[vector] 30634 31595 26217 False
[vector] 28286 30219 29463 False
[vector] 29498 30920 28543 False
[vector] 30284 27976 29025 False
[vector] 28323 32446 26861 False
[vector] 30172 29810 28853 False
[vector] 30203 31392 27895 False
[vector] 32255 29722 27332 False
[vector] 29992 28040 29157 False
[vector] 29548 30956 28486 False
[vector] 31070 31366 26224 False
[vector] 31139 30027 28274 False
[vector] 28338 30457 29372 False
[vector] 30834 31506 26128 False
[vector] 28901 29885 29395 False
[vector] 32239 28972 27789 False
[vector] 30820 31574 25775 False
[vector] 29304 30533 28953 False
[vector] 30073 32069 24608 False
[vector] 32197 29834 27084 False
[vector] 32551 29506 27030 False
[vector] 28657 28676 29609 False
[vector] 32910 27534 26713 False
[vector] 30163 30622 28418 False
[vector] 29824 32211 24585 False
[vector] 28566 32641 26005 False
[vector] 29169 31842 27579 False
[vector] 27798 32147 27522 False
[vector] 30607 31324 27354 False
[vector] 32464 29294 27326 False
[vector] 29093 32311 26646 False
[vector] 30356 31466 27135 False
[vector] 29130 30617 29037 False
[vector] 32295 29876 27071 False
[vector] 28464 31632 28013 False
[vector] 28073 32442 27081 False
[vector] 28449 28254 29691 False
[vector] 32688 29335 26262 False
[vector] 28256 29536 29640 False
[vector] 27766 32847 25164 False
[vector] 29400 32265 26217 False
[vector] 29008 32251 26758 False
[vector] 30024 31427 27744 False
[vector] 29629 29156 29274 False
[vector] 25506 27848 30232 False
[vector] 28587 29337 29564 False
[vector] 30704 31703 25250 False
[vector] 30460 28214 28956 False
[vector] 30018 31593 27606 False
[vector] 33194 28228 25813 False
[vector] 32264 29954 26746 False
[vector] 30158 32032 24944 False
[vector] 26999 26527 30090 False
[vector] 29261 32435 24713 False
[vector] 33238 27593 25654 False
[vector] 28452 29682 29557 False
[vector] 27986 32839 25627 False
[vector] 31361 30138 28175 False
[vector] 30497 31347 27234 False
[vector] 26922 28164 30033 False
[vector] 28000 29521 29667 False
[vector] 28739 32647 25832 False
[vector] 28910 30650 29043 False
[vector] 32753 28340 27107 False
[vector] 29995 31814 26756 False
[vector] 31087 28343 28655 False
[vector] 28864 30929 28880 False
[vector] 31885 29413 27934 False
[vector] 30095 31925 26040 False
[vector] 28557 32517 26109 False
[vector] 30150 29212 29085 False
[vector] 31287 31284 25346 False
[vector] 30556 31247 27378 False
[vector] 28784 27897 29580 False
[vector] 30892 30971 27740 False
[vector] 27805 27777 29948 False
[vector] 31786 30821 26018 False
[vector] 31609 28707 28280 False
[vector] 29517 30065 29057 False
[vector] 27715 32659 25978 False
[vector] 29116 32429 26018 False
[vector] 30509 31325 27193 False
[vector] 30901 31279 26693 False
[vector] 31875 29332 27956 False
[vector] 32906 28510 26290 False
[vector] 30593 31778 24646 False
[vector] 30020 31975 26105 False
[vector] 28426 32491 26365 False
[vector] 30478 27988 28974 False
[vector] 30484 28423 28905 False
[vector] 28011 29991 29493 False
[vector] 28790 31877 27668 False
[vector] 28263 27841 29769 False
[vector] 26400 27333 30173 False
[vector] 30907 31083 27362 False
[vector] 30071 31819 26749 False
[vector] 31596 30975 25587 False
[vector] 32491 29939 25522 False
[vector] 28513 32509 26268 False
[vector] 33097 27689 26102 False
[vector] 29948 31799 27259 False
[vector] 29511 31956 26972 False
[vector] 32281 29578 27244 False
[vector] 29962 31705 27312 False
[vector] 32477 29918 25690 False
[vector] 27733 32193 27246 False
[vector] 30224 31825 25928 False
[vector] 29357 28957 29345 False
[vector] 29513 31906 27235 False
[vector] 30580 31749 25283 False
[vector] 32661 29666 25524 False
[vector] 31469 31058 25795 False
[vector] 30047 30166 28788 False
[vector] 27514 28570 29896 False
[vector] 28505 29890 29408 False
[vector] 30789 31666 25586 False
[vector] 29794 28804 29229 False
[vector] 29359 31785 27562 False
[vector] 30339 29414 28916 False
[vector] 31673 28713 28183 False
[vector] 28071 32802 25963 False
[vector] 31535 30851 26779 False
[vector] 32542 27321 27582 False
[vector] 30110 31866 26002 False
[vector] 33318 27349 25098 False
[vector] 30239 31668 26984 False
[vector] 29294 31752 27583 False
[vector] 33022 28732 25139 False
[vector] 30127 30735 28432 False
[vector] 28266 27886 29767 False
[vector] 30323 31484 27164 False
[vector] 27505 32783 25986 False
[vector] 30861 31063 27551 False
[vector] 30673 31145 27666 False
[vector] 29971 31033 28431 False
[vector] 32181 29928 27104 False
[vector] 28642 32480 26445 False
[vector] 30026 29039 29097 False
[vector] 32730 28473 26967 False
[vector] 31635 28502 28185 False
[vector] 30220 31675 26851 False
[vector] 32783 28744 26508 False
[vector] 27755 28698 29877 False
[vector] 30069 31962 25828 False
[vector] 28604 28849 29638 False
[vector] 29990 32069 25107 False
[vector] 29116 32309 26594 False
[vector] 31053 29537 28464 False
[vector] 30209 29681 28902 False
[vector] 31283 29751 28275 False
[vector] 30637 31378 27104 False
[vector] 30775 29184 28756 False
[vector] 29071 32403 26445 False
[vector] 32331 28916 27611 False
[vector] 30461 28738 28903 False
[vector] 28112 28776 29832 False
[vector] 30408 31447 27500 False
[vector] 31006 31304 26660 False
[vector] 28359 32840 25174 False
[vector] 26668 28215 30147 False
[vector] 31398 30988 26583 False
[vector] 26934 29596 29721 False
[vector] 30193 31917 25739 False
[vector] 29031 32249 26706 False
[vector] 27257 32664 26150 False
[vector] 30138 29619 29038 False
[vector] 30172 30343 28630 False
[vector] 31959 29572 27915 False
[vector] 30982 31033 27297 False
[vector] 30191 29775 28852 False
[vector] 29281 30007 29224 False
[vector] 30880 31528 25849 False
[vector] 32118 28092 27907 False
[vector] 28611 32570 26026 False
[vector] 29133 32440 25638 False
[vector] 27750 32897 25729 False
[vector] 32758 27922 27199 False
[vector] 30913 31164 27340 False
[vector] 27410 29457 29734 False
[vector] 28474 31586 28445 False
[vector] 31372 31059 26703 False
[vector] 31289 29954 28209 False
[vector] 28531 30333 29206 False
[vector] 30467 31634 26483 False
[vector] 28319 30755 29006 False
[vector] 27437 29381 29746 False
[vector] 33006 28355 26176 False
[vector] 27865 30756 29105 False
[vector] 30821 31442 26476 False
[vector] 27000 29421 29783 False
[vector] 29647 31739 27504 False
[vector] 29745 28156 29251 False
[vector] 29087 31957 27432 False
[vector] 31091 31267 26996 False
[vector] 28564 29094 29612 False
[vector] 28811 28171 29558 False
[vector] 28582 32302 26955 False
[vector] 28276 32605 26140 False
[vector] 25670 27230 30258 False
[vector] 29371 31717 27572 False
[vector] 32276 29692 27156 False
[vector] 29200 31630 28344 False
[vector] 32778 28201 26957 False
[vector] 30715 31584 26352 False
[vector] 29969 29090 29204 False
[vector] 29094 32210 26678 False
[vector] 29656 32077 26657 False
[vector] 29067 27801 29517 False
[vector] 30118 31429 27559 False
[vector] 26188 28053 30158 False
[vector] 30299 31333 28063 False
[vector] 30606 31662 25688 False
[vector] 30488 31347 27246 False
[vector] 29849 31108 28354 False
[vector] 30595 31709 26059 False
[vector] 27674 28943 29820 False
[vector] 28871 29854 29473 False
[vector] 31730 29998 27749 False
[vector] 29615 31584 27767 False
[vector] 29949 29399 29176 False
[vector] 30930 29779 28703 False
[vector] 32721 28594 26713 False
[vector] 31775 30047 27609 False
[vector] 29739 31159 28262 False
[vector] 30155 31745 26806 False
[vector] 32784 28262 26723 False
[vector] 32316 29846 26895 False
[vector] 30141 31825 26427 False
[vector] 32584 28053 27257 False
[vector] 30126 31833 26229 False
[vector] 32927 28480 26114 False
[vector] 29158 31961 27299 False
[vector] 27592 29819 29577 False
[vector] 28884 29337 29514 False
[vector] 30438 29706 28897 False
[vector] 32998 27218 26540 False
[vector] 29557 31996 26937 False
[vector] 30147 28635 29104 False
[vector] 29263 31902 27455 False
[vector] 27325 27678 29999 False
[vector] 31987 30566 26578 False
[vector] 28654 28754 29595 False
[vector] 30825 30513 28210 False
[vector] 29382 31783 27510 False
[vector] 31789 30331 27239 False
[vector] 32456 28195 27628 False
[vector] 27919 29149 29713 False
[vector] 27967 29161 29691 False
[vector] 30248 28474 29053 False
[vector] 29185 29089 29380 False
[vector] 31341 31151 26514 False
[vector] 31063 28134 28706 False
[vector] 31130 31321 25696 False
[vector] 29616 31831 27315 False
[vector] 28315 30778 29072 False
[vector] 31108 29324 28603 False
[vector] 30781 30524 28174 False
[vector] 31364 28076 28431 False
[vector] 30766 30542 28168 False
[vector] 27347 28771 29880 False
[vector] 25091 26749 30332 False
[vector] 31412 28933 28426 False
[vector] 28880 27852 29579 False
[vector] 31163 27903 28653 False
[vector] 26900 27729 30077 False
[vector] 29221 32192 26689 False
[vector] 31519 30984 25392 False
[vector] 27835 29215 29702 False
[vector] 31986 30013 27722 False
[vector] 29993 31613 27501 False
[vector] 29704 29294 29240 False
[vector] 29307 31992 27157 False
[vector] 29455 32240 26494 False
[vector] 31817 29228 28011 False
[vector] 29024 31805 27745 False
[vector] 32112 27323 27913 False
[vector] 30402 31460 27124 False
[vector] 29406 32073 26877 False
[vector] 30564 31801 25870 False
[vector] 30780 30335 28358 False
[vector] 30039 31051 28337 False
[vector] 30501 31541 26844 False
[vector] 28818 30563 29097 False
[vector] 32274 30155 26482 False
[vector] 28493 30692 29080 False
[vector] 31898 29582 27842 False
[vector] 30141 31901 25900 False
[vector] 28297 27850 29754 False
[vector] 29213 29029 29356 False
[vector] 28937 31885 27579 False
[vector] 30000 29873 28885 False
[vector] 29531 30043 29031 False
[vector] 29863 31836 26923 False
[vector] 28306 28454 29718 False
[vector] 29416 30163 29068 False
[vector] 30844 28739 28716 False
[vector] 30208 30342 28650 False
[vector] 28958 30221 29306 False
[vector] 32141 29043 27893 False
[vector] 29943 30435 28724 False
[vector] 33206 27683 25357 False
[vector] 30879 31351 26457 False
[vector] 28645 32454 26642 False
[vector] 29613 31712 27719 False
[vector] 30988 30919 27523 False
[vector] 32992 28698 25189 False
[vector] 29908 31530 27741 False
[vector] 29628 32279 25680 False
[vector] 30363 31902 24996 False
[vector] 30124 30906 28391 False
[vector] 29046 30120 29152 False
[vector] 31140 30846 27576 False
[vector] 27974 29030 29679 False
[vector] 29085 30916 28722 False
[vector] 29604 31197 28353 False
[vector] 27169 29226 29980 False
[vector] 29519 31664 27928 False
[vector] 30854 30977 27649 False
[vector] 30555 30694 28205 False
[vector] 28977 28919 29511 False
[vector] 30863 31384 26230 False
[vector] 31533 30650 27524 False
[vector] 29747 31939 26920 False
[vector] 30121 30349 28732 False
[vector] 28775 28284 29572 False
[vector] 30090 31946 26243 False
[vector] 29331 31043 28658 False
[vector] 29868 29989 28934 False
[vector] 30041 32058 24872 False
[vector] 29908 28204 29213 False
[vector] 30946 31146 27311 False
[vector] 30447 31741 25886 False
[vector] 32633 27934 27256 False
[vector] 28199 28920 29698 False
[vector] 30413 30681 28299 False
[vector] 26440 28658 30092 False
[vector] 30275 30618 28518 False
[vector] 27181 29643 29675 False
[vector] 29652 28574 29254 False
[vector] 31391 31029 26062 False
[vector] 29485 32274 25805 False
[vector] 28178 32325 27176 False
[vector] 28629 32074 27516 False
[vector] 29565 31222 28188 False
[vector] 30586 30933 27962 False
[vector] 28737 28959 29541 False
[vector] 32749 29307 25505 False
[vector] 30574 30953 28181 False
[vector] 27055 28324 30024 False
[vector] 29974 32075 25718 False
[vector] 28613 32210 27144 False
[vector] 29703 31849 27218 False
[vector] 30799 30419 28225 False
[vector] 30006 31857 26721 False
[vector] 29171 28931 29460 False
[vector] 31832 30652 25692 False
[vector] 29246 31188 28604 False
[vector] 31115 31418 26097 False
[vector] 30504 27262 28924 False
[vector] 29198 32194 26741 False
[vector] 31283 30851 27451 False
[vector] 31356 28078 28443 False
[vector] 30727 31320 27237 False
[vector] 31448 30567 27764 False
[vector] 28693 28563 29595 False
[vector] 29915 28334 29206 False
[vector] 29306 30097 29176 False
[vector] 31691 29863 28036 False
[vector] 32557 27525 27515 False
[vector] 29171 32201 26873 False
[vector] 28551 29450 29578 False
[vector] 29993 31493 28077 False
[vector] 29923 29966 28886 False
[vector] 31073 30882 27859 False
[vector] 29444 32359 25392 False
[vector] 30558 28271 28906 False
[vector] 28536 29146 29632 False
[vector] 29064 31967 27540 False
[vector] 32794 28879 26315 False
[vector] 28534 29467 29546 False
[vector] 28949 28193 29554 False
[vector] 30083 31746 26731 False
[vector] 32395 28205 27555 False
[vector] 30053 31779 26906 False
[vector] 33072 28291 25825 False
[vector] 31059 30701 27951 False
[vector] 30411 28522 29015 False
[vector] 30396 30990 27979 False
[vector] 28952 31827 27819 False
[vector] 29254 31902 27467 False
[vector] 30059 32038 26054 False
[vector] 31747 30767 27318 False
[vector] 30177 30415 28608 False
[vector] 30948 31347 26566 False
[vector] 30390 31806 25300 False
[vector] 30051 31530 27538 False
[vector] 32650 28701 27130 False
[vector] 30481 29743 28810 False
[vector] 31144 28826 28575 False
[vector] 29495 30156 29045 False
[vector] 32593 27932 27511 False
[vector] 30214 31370 27727 False
[vector] 30458 30711 28279 False
[vector] 29569 31622 28017 False
[vector] 28256 29375 29647 False
[vector] 28385 30465 29143 False
[vector] 29529 32322 25728 False
[vector] 32709 29056 26851 False
[vector] 30199 31986 25410 False
[vector] 30905 30974 27572 False
[vector] 28871 29693 29480 False
