[nb-items] 80
[nb-objectives] 3
[nb-pareto] 1624
[nb-lorenz] 20
[runtime] 519.5702452659607
[format] f1 f2 f3 isLorenzND
[vector] 31149 29806 30109 True
[vector] 31138 29811 30082 True
[vector] 31383 29925 29825 True
[vector] 30913 29671 30615 True
[vector] 31032 29876 30114 True
[vector] 31158 29785 30358 True
[vector] 32034 29277 30029 True
[vector] 30428 30074 30312 True
[vector] 30411 30155 30082 True
[vector] 31034 29472 30777 True
[vector] 31028 30005 29947 True
[vector] 31147 29939 29912 True
[vector] 32155 29078 30191 True
[vector] 30662 29819 30424 True
[vector] 31264 29869 29907 True
[vector] 30281 30104 30137 True
[vector] 32352 29099 30015 True
[vector] 30902 29825 30169 True
[vector] 32279 29391 29772 True
[vector] 31952 29618 29749 True
[vector] 31537 27968 31329 False
[vector] 27734 28646 31929 False
[vector] 33581 26750 27898 False
[vector] 34002 25960 26606 False
[vector] 31719 28795 30477 False
[vector] 29272 28356 31976 False
[vector] 29048 29461 31115 False
[vector] 33677 26573 27851 False
[vector] 29667 27341 32411 False
[vector] 33626 27266 27603 False
[vector] 31389 30289 28399 False
[vector] 30838 30678 27455 False
[vector] 31670 30201 28368 False
[vector] 33652 28421 26030 False
[vector] 31645 26045 31585 False
[vector] 30422 30683 28697 False
[vector] 28642 30337 30254 False
[vector] 28976 30487 29811 False
[vector] 33763 27076 27369 False
[vector] 33481 26150 28427 False
[vector] 28688 31021 28342 False
[vector] 29813 28346 31900 False
[vector] 29544 30057 30484 False
[vector] 32177 29758 29216 False
[vector] 33856 27073 26536 False
[vector] 32022 30100 28201 False
[vector] 29792 30459 29501 False
[vector] 30095 28620 31509 False
[vector] 33541 28177 26962 False
[vector] 31371 28642 31056 False
[vector] 30902 29102 30910 False
[vector] 31447 30047 29170 False
[vector] 31273 30119 29690 False
[vector] 29148 29454 31071 False
[vector] 33352 28682 26281 False
[vector] 31506 28169 31264 False
[vector] 31324 29236 30607 False
[vector] 33053 27525 29236 False
[vector] 28751 26256 32786 False
[vector] 32450 28604 30153 False
[vector] 31587 29958 29395 False
[vector] 30347 28942 31290 False
[vector] 33664 26345 27976 False
[vector] 31207 30245 28466 False
[vector] 30450 28036 31989 False
[vector] 33805 26311 27222 False
[vector] 31171 27993 31419 False
[vector] 32317 27562 30568 False
[vector] 33312 28065 28209 False
[vector] 31733 28007 31145 False
[vector] 29527 30138 30254 False
[vector] 33985 26031 26378 False
[vector] 31376 29048 30690 False
[vector] 29192 29613 30937 False
[vector] 33316 28361 27636 False
[vector] 33174 28393 28417 False
[vector] 29756 29216 31128 False
[vector] 28305 28845 31700 False
[vector] 32989 28742 29096 False
[vector] 31556 29078 30417 False
[vector] 31098 28649 31143 False
[vector] 28971 27726 32459 False
[vector] 32154 29461 29585 False
[vector] 29864 28991 31471 False
[vector] 32741 28725 29195 False
[vector] 30645 29900 30194 False
[vector] 29237 26900 32698 False
[vector] 28413 27828 32390 False
[vector] 33704 27979 25509 False
[vector] 31729 28326 30817 False
[vector] 31288 30314 28452 False
[vector] 33177 26584 29235 False
[vector] 30220 30862 28160 False
[vector] 28613 26098 32810 False
[vector] 29241 30481 29713 False
[vector] 33021 26850 29504 False
[vector] 28181 31293 27477 False
[vector] 30158 30893 26091 False
[vector] 28512 30101 30536 False
[vector] 29722 27501 32344 False
[vector] 28674 28362 32037 False
[vector] 27769 31267 27864 False
[vector] 28193 29132 31438 False
[vector] 30226 29141 31128 False
[vector] 31372 28330 31156 False
[vector] 31783 27895 31148 False
[vector] 30578 27984 31911 False
[vector] 33003 29078 27956 False
[vector] 31297 28260 31220 False
[vector] 31115 29327 30563 False
[vector] 32914 28794 29070 False
[vector] 33346 28300 28135 False
[vector] 31403 30407 27783 False
[vector] 29913 28627 31603 False
[vector] 31465 29902 29598 False
[vector] 29665 29858 30646 False
[vector] 29018 29218 31353 False
[vector] 32534 29377 29204 False
[vector] 29847 29072 31241 False
[vector] 28164 28142 32235 False
[vector] 32511 28891 29583 False
[vector] 32708 28050 29893 False
[vector] 32041 28068 30661 False
[vector] 28515 29333 31223 False
[vector] 33161 29046 27732 False
[vector] 28440 28796 31678 False
[vector] 33710 26525 27869 False
[vector] 28056 28415 32044 False
[vector] 28678 30981 28346 False
[vector] 28095 27888 32405 False
[vector] 29843 27302 32506 False
[vector] 33332 29197 26967 False
[vector] 31733 28984 30430 False
[vector] 29866 30832 28444 False
[vector] 29534 27724 32429 False
[vector] 32613 28120 30126 False
[vector] 32671 28666 29370 False
[vector] 29648 29939 30416 False
[vector] 28264 28039 32323 False
[vector] 27962 30234 30265 False
[vector] 28311 30687 29313 False
[vector] 32971 28927 28559 False
[vector] 27176 30608 29721 False
[vector] 31075 29396 30500 False
[vector] 34024 26737 25633 False
[vector] 33881 27219 25971 False
[vector] 29414 29821 30766 False
[vector] 30537 30125 29851 False
[vector] 33365 26454 28930 False
[vector] 29005 29550 30986 False
[vector] 29254 30145 30341 False
[vector] 32909 27904 29824 False
[vector] 32241 28695 30109 False
[vector] 33578 28126 26809 False
[vector] 31229 29707 30099 False
[vector] 33465 27098 28323 False
[vector] 31668 27464 31383 False
[vector] 31252 28735 31109 False
[vector] 33087 27697 29138 False
[vector] 33071 29401 26711 False
[vector] 29712 28104 32088 False
[vector] 34072 26412 25212 False
[vector] 30433 30243 29919 False
[vector] 28749 26129 32795 False
[vector] 30041 28495 31779 False
[vector] 32271 27831 30536 False
[vector] 29516 28982 31478 False
[vector] 33361 27392 28630 False
[vector] 32310 28684 30188 False
[vector] 31301 28516 31128 False
[vector] 33327 26644 28867 False
[vector] 33509 28710 26272 False
[vector] 30818 28420 31422 False
[vector] 26666 30889 28936 False
[vector] 28742 28963 31582 False
[vector] 29535 29622 30928 False
[vector] 31209 28805 30842 False
[vector] 31380 29084 30556 False
[vector] 29279 30853 28565 False
[vector] 33439 26914 28446 False
[vector] 31418 28061 31382 False
[vector] 31236 29128 30725 False
[vector] 30833 30156 29367 False
[vector] 29298 30878 28381 False
[vector] 29294 30808 28869 False
[vector] 32362 28496 30271 False
[vector] 29984 29856 30387 False
[vector] 33074 29266 25949 False
[vector] 31195 30202 28776 False
[vector] 33266 27462 28863 False
[vector] 33373 28521 27128 False
[vector] 30454 27907 32156 False
[vector] 28743 27112 32654 False
[vector] 28306 30711 29355 False
[vector] 29919 29360 30924 False
[vector] 32115 27866 30708 False
[vector] 27246 28734 31822 False
[vector] 33974 26668 26842 False
[vector] 33659 27772 27268 False
[vector] 31523 29898 29495 False
[vector] 32287 29729 28483 False
[vector] 28694 27535 32629 False
[vector] 30512 30082 29877 False
[vector] 30554 30044 30081 False
[vector] 31071 28513 31267 False
[vector] 34051 25588 26461 False
[vector] 28531 30851 28822 False
[vector] 31018 30427 29029 False
[vector] 30603 29938 29990 False
[vector] 34045 26002 26084 False
[vector] 33572 26750 28139 False
[vector] 31063 28487 31335 False
[vector] 31096 28256 31266 False
[vector] 33379 26419 28632 False
[vector] 34106 25017 26186 False
[vector] 30440 28963 31247 False
[vector] 29582 27581 32379 False
[vector] 28875 29314 31268 False
[vector] 28050 31179 27833 False
[vector] 33011 29363 27323 False
[vector] 31331 28739 30766 False
[vector] 32117 30011 28418 False
[vector] 33668 28031 26806 False
[vector] 33327 28307 27721 False
[vector] 32148 27402 31088 False
[vector] 28127 31168 27747 False
[vector] 28836 30256 30163 False
[vector] 32996 28384 29175 False
[vector] 33587 26668 27854 False
[vector] 34132 25350 26087 False
[vector] 29544 26945 32516 False
[vector] 33342 28594 27223 False
[vector] 30817 25924 32198 False
[vector] 31493 28299 31036 False
[vector] 31157 30186 29129 False
[vector] 32014 30117 28350 False
[vector] 31176 29450 30343 False
[vector] 33204 27042 29091 False
[vector] 32927 28968 28638 False
[vector] 32307 27589 30611 False
[vector] 29618 27516 32398 False
[vector] 32129 29774 28797 False
[vector] 33620 27360 27516 False
[vector] 27784 27596 32504 False
[vector] 32885 27062 29929 False
[vector] 30558 27374 32231 False
[vector] 31560 29516 29988 False
[vector] 29979 30894 27427 False
[vector] 31259 29612 30244 False
[vector] 32732 27164 30237 False
[vector] 33874 26703 27175 False
[vector] 30976 30197 29041 False
[vector] 29091 31061 27601 False
[vector] 32272 27715 30669 False
[vector] 31289 30217 28673 False
[vector] 30634 28339 31588 False
[vector] 31948 28750 30356 False
[vector] 30157 29791 30556 False
[vector] 32259 27964 30501 False
[vector] 29557 26863 32657 False
[vector] 31070 28052 31389 False
[vector] 32236 27667 30870 False
[vector] 33430 28654 26617 False
[vector] 30125 28287 31748 False
[vector] 30888 30191 29311 False
[vector] 28161 31072 28638 False
[vector] 33789 26160 27504 False
[vector] 28864 31058 28092 False
[vector] 30160 28402 31726 False
[vector] 31469 29773 29765 False
[vector] 28752 27531 32526 False
[vector] 32204 27944 30539 False
[vector] 29919 30636 28820 False
[vector] 30991 29014 30982 False
[vector] 31336 28692 30777 False
[vector] 32377 26700 30868 False
[vector] 33726 26646 27531 False
[vector] 27435 31028 28739 False
[vector] 33850 26733 26847 False
[vector] 28712 31064 27761 False
[vector] 28869 29145 31383 False
[vector] 33576 26080 28194 False
[vector] 30544 30576 28424 False
[vector] 29634 30081 30273 False
[vector] 28826 27850 32291 False
[vector] 28917 30474 29840 False
[vector] 33206 27669 28988 False
[vector] 29169 28405 31971 False
[vector] 30270 28079 31929 False
[vector] 30681 27644 31921 False
[vector] 33388 26937 28589 False
[vector] 29447 27986 32249 False
[vector] 29866 30502 29267 False
[vector] 31195 28826 30848 False
[vector] 31909 29347 29842 False
[vector] 33140 27622 29166 False
[vector] 32044 28674 30285 False
[vector] 30240 28158 31829 False
[vector] 30454 30434 29366 False
[vector] 32217 27862 30680 False
[vector] 29807 30578 29048 False
[vector] 32725 28573 29573 False
[vector] 31985 28043 31015 False
[vector] 34189 24844 25594 False
[vector] 31215 30182 29026 False
[vector] 34104 26181 25479 False
[vector] 34062 26547 25696 False
[vector] 27805 27586 32511 False
[vector] 30461 28784 31291 False
[vector] 30189 30825 28546 False
[vector] 32924 28191 29326 False
[vector] 33456 27687 28060 False
[vector] 33280 27749 28506 False
[vector] 29465 28412 31929 False
[vector] 33443 27847 28211 False
[vector] 32465 26965 30650 False
[vector] 29804 28117 31912 False
[vector] 29857 30190 29948 False
[vector] 29915 30189 30148 False
[vector] 32011 28070 30643 False
[vector] 33426 26686 28571 False
[vector] 32744 28628 29353 False
[vector] 33085 26962 29486 False
[vector] 31371 28807 30755 False
[vector] 31168 29424 30411 False
[vector] 32231 29298 29853 False
[vector] 30558 30603 28406 False
[vector] 33608 25954 28172 False
[vector] 30667 27884 31922 False
[vector] 32971 25302 29697 False
[vector] 31080 28235 31300 False
[vector] 30483 30401 29143 False
[vector] 30804 29161 30924 False
[vector] 32843 27204 29929 False
[vector] 32761 26749 30348 False
[vector] 30506 25924 32234 False
[vector] 30089 28588 31698 False
[vector] 32050 28604 30366 False
[vector] 31826 29709 29505 False
[vector] 31684 29807 29391 False
[vector] 34005 26139 26258 False
[vector] 33228 27887 28948 False
[vector] 33540 26032 28395 False
[vector] 30408 28558 31511 False
[vector] 30652 28969 31173 False
[vector] 29620 30990 27471 False
[vector] 32280 27741 30601 False
[vector] 32368 28006 30383 False
[vector] 28739 28909 31665 False
[vector] 33626 26535 27913 False
[vector] 30587 29287 30862 False
[vector] 32616 26481 30582 False
[vector] 27693 29166 31402 False
[vector] 31803 27480 31114 False
[vector] 28406 29537 31095 False
[vector] 31732 29367 29824 False
[vector] 32645 29417 28896 False
[vector] 32240 29801 28607 False
[vector] 30304 29761 30731 False
[vector] 32289 28788 30028 False
[vector] 32217 28404 30316 False
[vector] 32860 29229 27843 False
[vector] 33951 27016 26088 False
[vector] 28626 29017 31496 False
[vector] 33260 26631 29218 False
[vector] 33317 27917 28321 False
[vector] 32209 27927 30573 False
[vector] 29717 30890 27715 False
[vector] 32165 28475 30447 False
[vector] 33285 28020 28437 False
[vector] 29293 30971 27949 False
[vector] 31311 27913 31384 False
[vector] 30975 27873 31804 False
[vector] 32112 27963 30550 False
[vector] 33727 26756 27447 False
[vector] 33702 28004 25729 False
[vector] 29475 29502 30951 False
[vector] 29232 26539 32742 False
[vector] 32565 27558 30336 False
[vector] 33412 28353 27644 False
[vector] 32862 28550 29782 False
[vector] 29984 27475 32381 False
[vector] 30427 30475 29083 False
[vector] 31049 29275 30667 False
[vector] 28110 26874 32811 False
[vector] 32809 29514 26786 False
[vector] 29394 28368 31969 False
[vector] 28886 29082 31422 False
[vector] 31847 30198 27744 False
[vector] 31791 29416 29794 False
[vector] 31848 30083 28566 False
[vector] 31240 27991 31643 False
[vector] 33309 27649 28574 False
[vector] 34079 26343 24611 False
[vector] 33277 26189 29148 False
[vector] 30222 29473 30867 False
[vector] 31099 28186 31385 False
[vector] 30925 28962 31086 False
[vector] 33562 26584 28254 False
[vector] 30020 30903 26919 False
[vector] 31899 28395 30743 False
[vector] 29510 29768 30692 False
[vector] 31300 29763 29924 False
[vector] 32297 28192 30355 False
[vector] 33082 27356 29407 False
[vector] 30870 27760 31825 False
[vector] 30646 27482 32113 False
[vector] 33533 28514 26083 False
[vector] 32963 29379 26904 False
[vector] 30505 30854 27342 False
[vector] 33257 28440 28407 False
[vector] 28995 30226 30340 False
[vector] 33466 28491 26292 False
[vector] 29199 30827 28595 False
[vector] 31241 29132 30654 False
[vector] 28802 30140 30508 False
[vector] 29121 30196 30109 False
[vector] 29807 30414 29805 False
[vector] 33757 27552 27016 False
[vector] 29601 29624 30805 False
[vector] 27717 26902 32820 False
[vector] 31385 29730 30074 False
[vector] 31357 28250 31238 False
[vector] 30418 30288 29615 False
[vector] 31299 30190 28591 False
[vector] 27345 29157 31409 False
[vector] 31185 28916 30738 False
[vector] 29501 29343 31157 False
[vector] 29383 30841 28380 False
[vector] 33387 28669 26867 False
[vector] 32060 28001 30622 False
[vector] 30591 29158 31029 False
[vector] 32117 28382 30528 False
[vector] 31299 30252 28422 False
[vector] 30069 29029 31348 False
[vector] 28915 29722 30775 False
[vector] 30717 28709 31223 False
[vector] 33877 27418 25924 False
[vector] 33833 26920 26880 False
[vector] 30058 29843 30494 False
[vector] 31183 27344 31895 False
[vector] 30683 28859 31261 False
[vector] 31785 29643 29522 False
[vector] 28347 28708 31808 False
[vector] 33319 27534 28630 False
[vector] 33731 27089 27315 False
[vector] 33237 27079 29049 False
[vector] 33084 29180 27066 False
[vector] 28363 31154 27660 False
[vector] 34085 26076 25840 False
[vector] 28836 27247 32547 False
[vector] 28888 26867 32735 False
[vector] 32121 27949 30523 False
[vector] 30401 30369 29385 False
[vector] 32323 27851 30486 False
[vector] 30103 30445 29321 False
[vector] 32318 26570 30893 False
[vector] 31713 27753 31183 False
[vector] 30571 30571 28246 False
[vector] 30161 28772 31494 False
[vector] 31767 28780 30683 False
[vector] 33250 27628 28909 False
[vector] 31843 29108 30058 False
[vector] 31119 27995 31474 False
[vector] 31561 30077 28744 False
[vector] 31437 29171 30470 False
[vector] 33891 27359 25436 False
[vector] 33836 27811 24149 False
[vector] 31802 26439 31370 False
[vector] 32938 27134 29696 False
[vector] 29778 29172 31161 False
[vector] 31291 26630 31730 False
[vector] 33137 28188 28548 False
[vector] 32976 29078 28468 False
[vector] 31361 26385 31748 False
[vector] 34071 26557 24614 False
[vector] 33081 27492 29191 False
[vector] 29920 30942 27345 False
[vector] 29380 29532 30974 False
[vector] 31152 30394 28743 False
[vector] 33217 26080 29263 False
[vector] 30643 28338 31649 False
[vector] 26738 27613 32507 False
[vector] 31188 29279 30470 False
[vector] 30722 29237 30856 False
[vector] 33981 26491 25907 False
[vector] 29124 29909 30623 False
[vector] 29932 28253 31847 False
[vector] 34025 25255 26560 False
[vector] 32274 29610 28806 False
[vector] 31772 29186 30317 False
[vector] 33713 27294 27298 False
[vector] 33521 28168 26994 False
[vector] 29733 29877 30367 False
[vector] 31169 30313 28973 False
[vector] 33302 26373 28990 False
[vector] 30270 28988 31193 False
[vector] 30003 27330 32245 False
[vector] 28899 29388 31145 False
[vector] 30161 30441 29218 False
[vector] 32660 27982 30084 False
[vector] 30074 29450 30878 False
[vector] 32959 29119 28035 False
[vector] 28917 27205 32540 False
[vector] 33129 26921 29407 False
[vector] 29370 31173 26887 False
[vector] 27873 30198 30451 False
[vector] 28327 26331 32799 False
[vector] 32577 28796 29467 False
[vector] 32230 28322 30457 False
[vector] 32759 28954 28798 False
[vector] 27490 31324 26839 False
[vector] 31173 30327 28365 False
[vector] 32358 29490 29167 False
[vector] 33068 26204 29546 False
[vector] 32876 29446 27665 False
[vector] 29387 31132 27320 False
[vector] 28186 26447 32885 False
[vector] 33163 28590 27826 False
[vector] 33472 27371 28314 False
[vector] 28888 27805 32352 False
[vector] 33041 28986 28384 False
[vector] 32622 28818 29248 False
[vector] 28935 29049 31414 False
[vector] 28390 30763 29128 False
[vector] 27660 31168 28206 False
[vector] 32504 29466 28867 False
[vector] 29147 31019 27689 False
[vector] 31893 29472 29771 False
[vector] 31684 30319 27752 False
[vector] 33847 27690 25267 False
[vector] 33653 26473 28018 False
[vector] 30274 29768 30530 False
[vector] 30506 27562 32148 False
[vector] 29763 29846 30623 False
[vector] 30603 26931 32158 False
[vector] 28680 27310 32692 False
[vector] 32645 29107 29162 False
[vector] 33138 28533 28460 False
[vector] 27994 29999 30613 False
[vector] 32710 28151 29814 False
[vector] 29836 30651 28736 False
[vector] 33696 28090 26199 False
[vector] 33311 27289 28789 False
[vector] 32393 29296 29277 False
[vector] 30762 30313 29437 False
[vector] 33887 27065 25653 False
[vector] 31134 28348 31193 False
[vector] 28803 28045 32320 False
[vector] 30303 27863 32232 False
[vector] 32053 30137 27815 False
[vector] 29401 29522 30981 False
[vector] 29856 29113 31216 False
[vector] 32253 28097 30367 False
[vector] 30960 30520 27983 False
[vector] 33443 28318 27245 False
[vector] 33585 27070 27875 False
[vector] 29789 30171 30227 False
[vector] 30991 30152 29345 False
[vector] 30902 28165 31561 False
[vector] 33573 25984 28413 False
[vector] 33086 28289 29172 False
[vector] 29445 31088 27014 False
[vector] 30395 29569 30692 False
[vector] 29884 29647 30785 False
[vector] 32790 29362 28529 False
[vector] 33737 26162 27719 False
[vector] 29827 26616 32576 False
[vector] 30908 30568 27636 False
[vector] 33427 27855 27856 False
[vector] 33127 28298 28664 False
[vector] 31777 28419 30736 False
[vector] 30572 30721 27790 False
[vector] 32831 29371 28021 False
[vector] 31143 30068 29745 False
[vector] 34015 26478 26095 False
[vector] 33301 27704 28691 False
[vector] 32666 29049 28948 False
[vector] 28459 29634 30943 False
[vector] 32777 26721 30164 False
[vector] 31135 28970 30813 False
[vector] 31084 29437 30475 False
[vector] 29642 28587 31794 False
[vector] 30547 29311 30964 False
[vector] 28400 28057 32278 False
[vector] 33814 27685 26505 False
[vector] 31492 30024 29483 False
[vector] 30231 29054 31203 False
[vector] 33153 28761 28365 False
[vector] 33081 29160 27440 False
[vector] 33485 26706 28313 False
[vector] 28267 29542 31047 False
[vector] 31938 28637 30566 False
[vector] 31384 29074 30622 False
[vector] 30519 29882 30273 False
[vector] 28972 29096 31388 False
[vector] 28744 28913 31594 False
[vector] 31441 28545 30901 False
[vector] 31291 30206 28700 False
[vector] 33924 27158 25110 False
[vector] 30596 29537 30645 False
[vector] 30144 29532 30812 False
[vector] 28672 27091 32797 False
[vector] 29790 30659 28818 False
[vector] 30557 30766 27486 False
[vector] 29708 30871 27992 False
[vector] 31045 30505 26518 False
[vector] 31126 30149 29515 False
[vector] 28714 28992 31494 False
[vector] 33322 25903 28975 False
[vector] 30286 28609 31522 False
[vector] 29863 30610 29019 False
[vector] 31256 28771 30975 False
[vector] 31364 30187 28519 False
[vector] 30668 29112 31126 False
[vector] 31882 29099 30119 False
[vector] 29934 29530 30913 False
[vector] 34232 25395 25549 False
[vector] 32301 29221 29590 False
[vector] 32170 28479 30376 False
[vector] 30210 28151 31893 False
[vector] 29659 29935 30509 False
[vector] 30936 30455 28822 False
[vector] 31509 29672 29968 False
[vector] 30737 30515 29060 False
[vector] 31224 29408 30300 False
[vector] 32328 27396 30630 False
[vector] 30265 29333 30974 False
[vector] 30526 30729 27872 False
[vector] 27787 28743 31777 False
[vector] 29747 28547 31770 False
[vector] 33898 26423 27070 False
[vector] 33083 27619 29182 False
[vector] 32584 28705 29523 False
[vector] 28692 31099 27730 False
[vector] 31563 26920 31562 False
[vector] 28897 31142 27692 False
[vector] 28873 30827 28808 False
[vector] 32398 29923 28387 False
[vector] 28379 29315 31268 False
[vector] 29251 31172 27408 False
[vector] 28778 27327 32598 False
[vector] 31510 30090 28561 False
[vector] 33482 28150 27761 False
[vector] 30004 30950 26910 False
[vector] 30285 30862 26879 False
[vector] 31086 30001 29844 False
[vector] 30506 30244 29604 False
[vector] 33164 28585 27981 False
[vector] 30313 27260 32488 False
[vector] 28813 27442 32576 False
[vector] 32982 27093 29617 False
[vector] 32483 28154 30247 False
[vector] 33308 28000 28316 False
[vector] 32962 27976 29591 False
[vector] 30339 28721 31435 False
[vector] 28051 30154 30382 False
[vector] 28356 26157 32804 False
[vector] 31120 29331 30492 False
[vector] 32139 28519 30313 False
[vector] 33020 29037 28389 False
[vector] 31529 28101 31074 False
[vector] 28513 28469 31979 False
[vector] 29880 30529 29249 False
[vector] 32256 29434 29190 False
[vector] 33954 27406 24455 False
[vector] 28842 28860 31670 False
[vector] 30741 28780 31136 False
[vector] 30974 30494 27926 False
[vector] 33112 29205 26504 False
[vector] 29705 31011 27241 False
[vector] 30314 29143 31091 False
[vector] 33709 27835 25742 False
[vector] 29428 31169 26784 False
[vector] 31789 30202 27847 False
[vector] 31006 30187 29327 False
[vector] 31326 28735 30837 False
[vector] 33146 27766 29086 False
[vector] 33905 26423 26968 False
[vector] 32523 28008 30224 False
[vector] 28286 31159 27580 False
[vector] 32521 28794 29581 False
[vector] 30541 30684 28176 False
[vector] 29170 31008 27650 False
[vector] 34075 25936 26375 False
[vector] 31712 28050 31102 False
[vector] 32497 29383 28907 False
[vector] 31708 29759 29557 False
[vector] 29328 29631 30892 False
[vector] 30717 29338 30807 False
[vector] 29538 29291 31230 False
[vector] 28960 30569 29744 False
[vector] 28266 30955 28733 False
[vector] 33471 28380 26845 False
[vector] 31556 29480 30122 False
[vector] 30591 28691 31302 False
[vector] 28005 31247 27611 False
[vector] 28365 28330 32119 False
[vector] 33724 25977 27898 False
[vector] 32525 27855 30344 False
[vector] 31805 26960 31255 False
[vector] 31925 28599 30620 False
[vector] 30540 30534 28632 False
[vector] 33051 27836 29319 False
[vector] 33490 27023 28187 False
[vector] 29308 30926 28253 False
[vector] 29592 28120 32017 False
[vector] 33182 26993 29174 False
[vector] 33046 28875 28585 False
[vector] 32776 27123 30158 False
[vector] 27789 27187 32695 False
[vector] 34037 26126 26312 False
[vector] 33307 27175 28963 False
[vector] 29929 28684 31570 False
[vector] 26979 28797 31758 False
[vector] 30121 28251 31882 False
[vector] 31183 30431 28357 False
[vector] 33673 27171 27372 False
[vector] 29860 29543 30806 False
[vector] 33009 26074 29571 False
[vector] 32838 26795 29990 False
[vector] 33907 25275 26992 False
[vector] 30935 28156 31477 False
[vector] 29659 29092 31392 False
[vector] 30039 29037 31308 False
[vector] 33654 25746 28039 False
[vector] 34064 26617 25159 False
[vector] 33381 25557 28741 False
[vector] 31975 27678 31056 False
[vector] 30770 27767 31819 False
[vector] 32524 28724 29700 False
[vector] 28158 28976 31601 False
[vector] 31456 29575 30120 False
[vector] 28211 30852 28943 False
[vector] 29757 30535 29384 False
[vector] 28633 29902 30698 False
[vector] 28034 31163 27953 False
[vector] 31493 28131 31318 False
[vector] 29338 29456 31039 False
[vector] 27210 31118 28289 False
[vector] 29449 27449 32495 False
[vector] 29968 28787 31536 False
[vector] 33403 28433 27624 False
[vector] 29953 29148 31215 False
[vector] 28664 31284 27541 False
[vector] 32591 29510 28693 False
[vector] 30559 28546 31680 False
[vector] 33759 28137 25218 False
[vector] 34112 26015 25733 False
[vector] 31685 27914 31226 False
[vector] 27870 28664 31884 False
[vector] 29790 30651 28942 False
[vector] 33968 26827 25279 False
[vector] 28830 30333 30026 False
[vector] 31789 28718 30540 False
[vector] 32319 27069 30711 False
[vector] 33961 27004 26214 False
[vector] 29877 29462 31036 False
[vector] 33408 28058 27839 False
[vector] 33032 25875 29551 False
[vector] 31759 28309 30939 False
[vector] 32549 29738 28014 False
[vector] 27115 28815 31713 False
[vector] 28943 27965 32285 False
[vector] 33135 29067 27643 False
[vector] 34152 25610 25306 False
[vector] 29799 28448 31852 False
[vector] 33205 29005 27653 False
[vector] 29017 30966 28412 False
[vector] 34302 24900 23150 False
[vector] 31785 27394 31378 False
[vector] 29634 30805 28737 False
[vector] 28656 28740 31726 False
[vector] 30284 29151 31051 False
[vector] 30922 30686 27020 False
[vector] 34001 26599 25787 False
[vector] 33028 29322 27756 False
[vector] 29116 30027 30502 False
[vector] 32557 28842 29380 False
[vector] 31629 29188 30365 False
[vector] 29642 30201 30052 False
[vector] 33876 26689 26722 False
[vector] 31407 28341 31106 False
[vector] 30886 28375 31458 False
[vector] 33587 26008 28140 False
[vector] 30001 29775 30617 False
[vector] 33857 26899 26567 False
[vector] 33512 27734 27782 False
[vector] 27718 30703 29456 False
[vector] 31342 30172 28951 False
[vector] 31969 29501 29429 False
[vector] 32096 27479 31218 False
[vector] 29208 29220 31321 False
[vector] 31197 26560 31911 False
[vector] 30822 30596 28145 False
[vector] 29600 30939 27702 False
[vector] 28897 27234 32545 False
[vector] 31357 30127 29255 False
[vector] 29393 29368 31039 False
[vector] 32832 28927 28721 False
[vector] 29782 30943 27692 False
[vector] 29064 27766 32447 False
[vector] 32400 29912 28414 False
[vector] 30569 27943 31936 False
[vector] 33895 27156 25160 False
[vector] 28654 31068 27864 False
[vector] 33175 28149 28900 False
[vector] 30610 30737 27437 False
[vector] 34209 25743 24795 False
[vector] 29839 28232 31890 False
[vector] 28406 29087 31512 False
[vector] 31822 29838 29338 False
[vector] 31495 28955 30637 False
[vector] 32972 28783 28663 False
[vector] 28877 30665 29300 False
[vector] 30438 28801 31273 False
[vector] 31870 27307 31219 False
[vector] 32963 26584 29745 False
[vector] 34058 26732 25276 False
[vector] 33849 27475 24777 False
[vector] 33861 27039 26547 False
[vector] 27740 28428 32166 False
[vector] 31373 29398 30142 False
[vector] 30014 30311 29694 False
[vector] 31292 27854 31586 False
[vector] 33630 27219 27809 False
[vector] 31268 30153 28977 False
[vector] 33496 27612 27910 False
[vector] 33227 26679 29200 False
[vector] 33917 26746 26496 False
[vector] 29747 29226 31318 False
[vector] 28583 31146 28123 False
[vector] 28229 26269 32813 False
[vector] 34108 25721 25950 False
[vector] 30632 28345 31467 False
[vector] 30496 26579 32385 False
[vector] 30213 29432 30892 False
[vector] 26985 28579 31995 False
[vector] 30341 29380 30814 False
[vector] 31356 30152 28557 False
[vector] 30874 27631 31992 False
[vector] 31856 29303 30047 False
[vector] 30979 28742 31196 False
[vector] 30587 29901 29994 False
[vector] 31932 29644 29473 False
[vector] 33208 28544 27902 False
[vector] 32466 28292 30336 False
[vector] 30834 29153 30924 False
[vector] 31943 29639 29500 False
[vector] 33458 27802 27847 False
[vector] 32328 27834 30520 False
[vector] 34163 25150 25675 False
[vector] 31350 29568 30266 False
[vector] 30559 28602 31435 False
[vector] 29562 30300 30062 False
[vector] 31857 28895 30306 False
[vector] 31044 28869 31033 False
[vector] 31241 27340 31792 False
[vector] 29427 29356 31050 False
[vector] 28201 30828 29260 False
[vector] 32482 29806 27135 False
[vector] 33187 26976 29208 False
[vector] 33275 27241 28990 False
[vector] 33014 25853 29652 False
[vector] 33038 27608 29444 False
[vector] 30001 26678 32545 False
[vector] 33584 28086 26598 False
[vector] 28057 27711 32488 False
[vector] 27453 31169 27898 False
[vector] 28769 29152 31427 False
[vector] 33294 26947 29088 False
[vector] 29667 29942 30348 False
[vector] 30396 30438 29469 False
[vector] 27736 28072 32316 False
[vector] 29914 30467 29213 False
[vector] 31619 27683 31364 False
[vector] 27564 28467 32071 False
[vector] 31160 27484 31719 False
[vector] 29591 28858 31488 False
[vector] 31503 28359 30964 False
[vector] 28256 27820 32428 False
[vector] 32440 27696 30452 False
[vector] 30089 28350 31731 False
[vector] 33546 27960 27543 False
[vector] 28764 29472 31109 False
[vector] 28882 28734 31694 False
[vector] 31471 29369 30428 False
[vector] 32779 29127 28733 False
[vector] 32466 27725 30369 False
[vector] 33665 25847 27923 False
[vector] 28919 27211 32512 False
[vector] 29535 28600 31780 False
[vector] 32023 28708 30324 False
[vector] 29936 30555 29050 False
[vector] 34095 26277 24509 False
[vector] 29569 27004 32510 False
[vector] 29774 30216 29923 False
[vector] 27757 28062 32323 False
[vector] 31047 30495 27611 False
[vector] 33488 27621 28033 False
[vector] 30364 29688 30445 False
[vector] 28361 29693 30957 False
[vector] 33944 27266 24990 False
[vector] 32396 27716 30383 False
[vector] 28854 26630 32756 False
[vector] 28023 27791 32456 False
[vector] 33530 25433 28458 False
[vector] 33651 26505 28127 False
[vector] 33448 26529 28419 False
[vector] 30901 30304 29232 False
[vector] 32276 29599 28833 False
[vector] 30853 30633 27759 False
[vector] 33418 28308 27528 False
[vector] 31873 29100 30058 False
[vector] 33090 26991 29242 False
[vector] 32512 29749 27622 False
[vector] 32320 26697 30884 False
[vector] 32556 27960 30242 False
[vector] 33570 26828 27964 False
[vector] 31929 28803 30204 False
[vector] 29583 27549 32442 False
[vector] 32193 27249 30987 False
[vector] 31159 29174 30628 False
[vector] 28931 28760 31681 False
[vector] 29833 27905 32250 False
[vector] 29656 28401 31942 False
[vector] 33696 27063 27720 False
[vector] 33906 27456 24927 False
[vector] 29432 30064 30344 False
[vector] 27392 30933 28835 False
[vector] 33887 26038 27174 False
[vector] 28750 31268 26976 False
[vector] 32053 29445 29635 False
[vector] 29297 29120 31332 False
[vector] 33206 28153 28600 False
[vector] 28485 30006 30538 False
[vector] 33452 28577 26783 False
[vector] 31372 30370 28169 False
[vector] 31189 29246 30492 False
[vector] 30979 30585 26696 False
[vector] 28861 28041 32217 False
[vector] 33502 26222 28332 False
[vector] 32113 28392 30462 False
[vector] 29736 31048 26855 False
[vector] 30202 30489 29174 False
[vector] 30693 26836 32155 False
[vector] 28750 29667 30851 False
[vector] 29461 28622 31770 False
[vector] 29221 30690 29122 False
[vector] 30517 30239 29631 False
[vector] 29185 30709 29211 False
[vector] 30771 28876 31120 False
[vector] 29227 29038 31398 False
[vector] 31561 29484 30051 False
[vector] 31614 28100 31198 False
[vector] 33587 25436 28442 False
[vector] 33272 28180 28588 False
[vector] 28634 29236 31391 False
[vector] 28841 27632 32466 False
[vector] 32653 29392 28529 False
[vector] 33931 26117 26887 False
[vector] 34246 24977 25083 False
[vector] 29685 30776 28723 False
[vector] 28962 29271 31241 False
[vector] 30310 30626 28708 False
[vector] 33135 27639 29132 False
[vector] 32441 29067 29463 False
[vector] 29700 30731 29027 False
[vector] 29199 28648 31733 False
[vector] 29758 30727 28924 False
[vector] 32840 29212 28088 False
[vector] 30123 28629 31502 False
[vector] 29409 28721 31688 False
[vector] 32584 27737 30312 False
[vector] 30975 30475 28287 False
[vector] 29491 28543 31870 False
[vector] 31802 29178 30317 False
[vector] 27941 31080 28175 False
[vector] 31738 28413 30779 False
[vector] 31880 29834 29235 False
[vector] 33033 28701 29017 False
[vector] 31150 29329 30510 False
[vector] 29463 27674 32432 False
[vector] 33967 27070 25083 False
[vector] 29301 29409 31065 False
[vector] 29871 29539 30899 False
[vector] 30421 30846 27777 False
[vector] 31432 29167 30541 False
[vector] 29491 28208 32001 False
[vector] 30658 28377 31437 False
[vector] 30890 30486 28361 False
[vector] 32820 27272 30119 False
[vector] 30636 30295 29549 False
[vector] 31912 29799 29256 False
[vector] 33035 28002 29365 False
[vector] 33483 27732 27832 False
[vector] 30326 28573 31463 False
[vector] 29829 28835 31634 False
[vector] 33867 27278 26459 False
[vector] 33457 25308 28532 False
[vector] 30991 30068 29780 False
[vector] 33493 27635 27830 False
[vector] 29130 29832 30760 False
[vector] 29322 29399 31072 False
[vector] 27830 29484 31124 False
[vector] 29653 27631 32376 False
[vector] 28534 28373 32053 False
[vector] 33378 28457 27236 False
[vector] 32360 27980 30451 False
[vector] 31155 28305 31236 False
[vector] 29411 28287 32199 False
[vector] 33499 26158 28342 False
[vector] 29888 28348 31863 False
[vector] 33595 28288 26541 False
[vector] 31656 29917 29359 False
[vector] 30501 29497 30650 False
[vector] 33519 28098 27531 False
[vector] 33431 28628 26788 False
[vector] 32671 26844 30351 False
[vector] 31989 28079 30881 False
[vector] 30863 27923 31738 False
[vector] 28855 30686 29649 False
[vector] 29749 30415 29605 False
[vector] 28091 28025 32360 False
[vector] 31508 29387 30203 False
[vector] 32914 27295 29863 False
[vector] 29325 30845 28483 False
[vector] 29810 30537 29162 False
[vector] 31432 27774 31551 False
[vector] 33478 27326 28198 False
[vector] 29002 31025 27787 False
[vector] 33170 26634 29507 False
[vector] 31420 28423 31075 False
[vector] 33914 26682 26506 False
[vector] 29310 30890 28179 False
[vector] 32468 27852 30360 False
[vector] 33680 27386 27262 False
[vector] 31287 30099 29296 False
[vector] 30526 28762 31377 False
[vector] 33179 28542 27952 False
[vector] 29756 29183 31146 False
[vector] 29875 29866 30373 False
[vector] 31637 28985 30376 False
[vector] 31036 27171 32138 False
[vector] 31105 29394 30518 False
[vector] 31653 30282 28138 False
[vector] 28324 30951 28630 False
[vector] 27840 29243 31352 False
[vector] 32191 28777 30241 False
[vector] 32484 26542 30622 False
[vector] 29707 30199 30020 False
[vector] 32764 27636 30058 False
[vector] 33772 27801 25846 False
[vector] 32364 27533 30570 False
[vector] 34071 26477 24819 False
[vector] 30012 28321 31788 False
[vector] 33696 27611 26836 False
[vector] 31322 30302 28240 False
[vector] 30989 28139 31452 False
[vector] 30196 28337 31745 False
[vector] 31645 30099 28488 False
[vector] 33043 27235 29437 False
[vector] 29283 28953 31506 False
[vector] 33965 26696 26024 False
[vector] 31553 27575 31713 False
[vector] 30282 28573 31656 False
[vector] 29847 30941 27660 False
[vector] 28923 29941 30670 False
[vector] 29064 29508 31011 False
[vector] 32615 26801 30384 False
[vector] 30566 27213 32156 False
[vector] 32966 28037 29313 False
[vector] 29000 29596 31042 False
[vector] 27507 29838 30800 False
[vector] 33562 27456 27821 False
[vector] 28820 27101 32568 False
[vector] 29356 31055 27503 False
[vector] 31576 30032 29048 False
[vector] 28659 27320 32685 False
[vector] 31363 28171 31312 False
[vector] 34315 24564 23778 False
[vector] 33667 27279 27533 False
[vector] 28040 28727 31861 False
[vector] 33894 26883 26599 False
[vector] 33984 25575 26812 False
[vector] 33620 26620 27872 False
[vector] 32201 29972 28652 False
[vector] 30106 30491 29122 False
[vector] 31184 30145 29412 False
[vector] 31344 30041 29431 False
[vector] 33454 25702 28453 False
[vector] 30923 29068 30871 False
[vector] 33435 26209 28683 False
[vector] 29032 30755 29254 False
[vector] 32043 28204 30611 False
[vector] 32054 28001 30740 False
[vector] 31257 27739 31608 False
[vector] 33533 27574 28142 False
[vector] 32493 28732 29719 False
[vector] 31575 29708 29733 False
[vector] 34189 25483 25576 False
[vector] 33724 26549 27596 False
[vector] 31120 26963 32107 False
[vector] 33629 27469 27470 False
[vector] 29863 29657 30778 False
[vector] 32413 29576 29042 False
[vector] 29812 30377 29537 False
[vector] 31487 28484 30893 False
[vector] 32769 29730 28477 False
[vector] 32666 28777 29169 False
[vector] 32442 29882 28308 False
[vector] 28188 30957 28666 False
[vector] 33167 28535 28410 False
[vector] 29035 29162 31330 False
[vector] 29719 28357 31880 False
[vector] 30351 28978 31156 False
[vector] 29495 28079 32168 False
[vector] 33463 28717 25966 False
[vector] 31461 30165 28554 False
[vector] 34071 26396 25904 False
[vector] 29981 30883 27454 False
[vector] 31145 28908 30980 False
[vector] 33848 26290 27479 False
[vector] 30807 30641 27841 False
[vector] 30021 29096 31193 False
[vector] 31488 30157 28435 False
[vector] 29483 29721 30846 False
[vector] 33206 28444 28193 False
[vector] 33925 25210 27098 False
[vector] 29920 28643 31595 False
[vector] 30508 28032 31886 False
[vector] 29153 28717 31788 False
[vector] 33333 24995 28951 False
[vector] 32614 28533 29881 False
[vector] 31696 29509 29895 False
[vector] 28909 26857 32742 False
[vector] 31469 29522 30043 False
[vector] 31557 26589 31637 False
[vector] 33356 26588 28632 False
[vector] 33476 28381 26594 False
[vector] 32201 28174 30497 False
[vector] 28693 29002 31487 False
[vector] 32740 26794 30163 False
[vector] 27628 29639 30962 False
[vector] 29473 27071 32688 False
[vector] 34065 25337 26438 False
[vector] 32968 26599 29633 False
[vector] 33004 29469 25832 False
[vector] 31131 28934 30947 False
[vector] 33589 27975 27151 False
[vector] 32479 29291 29329 False
[vector] 32819 27999 29827 False
[vector] 32049 28912 30201 False
[vector] 31225 30135 29271 False
[vector] 30407 28855 31430 False
[vector] 33502 28299 26333 False
[vector] 28905 28606 31877 False
[vector] 31437 28171 31040 False
[vector] 30735 28331 31534 False
[vector] 33098 29119 27873 False
[vector] 33600 27860 27157 False
[vector] 27709 26683 32925 False
[vector] 33734 26235 27644 False
[vector] 30375 29683 30472 False
[vector] 28130 27321 32683 False
[vector] 28206 29603 31003 False
[vector] 32495 28898 29713 False
[vector] 30914 29060 30885 False
[vector] 31805 30120 27914 False
[vector] 33452 25767 28613 False
[vector] 33439 28913 26155 False
[vector] 28355 30991 28547 False
[vector] 30772 30215 29258 False
[vector] 28997 28315 32043 False
[vector] 28689 29728 30807 False
[vector] 30416 30324 29689 False
[vector] 31054 28063 31424 False
[vector] 33193 27120 29128 False
[vector] 30870 30592 28192 False
[vector] 33550 27752 27333 False
[vector] 32821 26897 29980 False
[vector] 32057 28544 30513 False
[vector] 32919 26922 29856 False
[vector] 28926 28596 31884 False
[vector] 33130 28248 29093 False
[vector] 29673 28677 31657 False
[vector] 27090 26242 32993 False
[vector] 29165 29391 31110 False
[vector] 27931 30457 29892 False
[vector] 28503 28785 31732 False
[vector] 29790 28407 31877 False
[vector] 29826 30404 29519 False
[vector] 28695 28352 32044 False
[vector] 33881 26740 26608 False
[vector] 33015 25261 29618 False
[vector] 29918 28355 31799 False
[vector] 28731 30373 30068 False
[vector] 33719 27004 27452 False
[vector] 32145 29509 29381 False
[vector] 30895 30577 27131 False
[vector] 29935 30897 27649 False
[vector] 32189 28883 30026 False
[vector] 31969 28436 30631 False
[vector] 30804 28660 31423 False
[vector] 32997 25955 29642 False
[vector] 29961 28208 31897 False
[vector] 33306 27306 28755 False
[vector] 33027 29442 26790 False
[vector] 31252 28900 30808 False
[vector] 30066 30606 28995 False
[vector] 29720 28325 31943 False
[vector] 34035 25813 26449 False
[vector] 33850 25861 27280 False
[vector] 31052 28086 31472 False
[vector] 33919 27120 25555 False
[vector] 30820 28267 31807 False
[vector] 28535 31067 28385 False
[vector] 27519 29073 31516 False
[vector] 32729 27769 30116 False
[vector] 27753 28199 32278 False
[vector] 33690 27765 27154 False
[vector] 29531 27067 32585 False
[vector] 32915 28622 29549 False
[vector] 30095 28095 31933 False
[vector] 29600 27493 32419 False
[vector] 29694 26819 32556 False
[vector] 31468 27639 31440 False
[vector] 31188 30282 28669 False
[vector] 33563 27227 28027 False
[vector] 30191 30687 28338 False
[vector] 32322 29160 29516 False
[vector] 33559 26522 28264 False
[vector] 30085 28717 31531 False
[vector] 31672 28459 30945 False
[vector] 32243 29770 28562 False
[vector] 30010 30272 29702 False
[vector] 33086 28773 28784 False
[vector] 33750 25497 27718 False
[vector] 28970 31260 27439 False
[vector] 32380 29632 28649 False
[vector] 28559 29492 31089 False
[vector] 33127 28782 28276 False
[vector] 31310 28896 30705 False
[vector] 31891 29093 30264 False
[vector] 29048 27080 32517 False
[vector] 29125 27848 32350 False
[vector] 32271 29731 29073 False
[vector] 29108 29323 31233 False
[vector] 32223 27738 30617 False
[vector] 34082 25388 26049 False
[vector] 28172 29955 30544 False
[vector] 29360 28911 31571 False
[vector] 30387 27655 32201 False
[vector] 32220 27792 30799 False
[vector] 33549 28124 26859 False
[vector] 28413 30987 28444 False
[vector] 31242 29793 29923 False
[vector] 28373 28549 32014 False
[vector] 32853 28876 28716 False
[vector] 31267 30487 28074 False
[vector] 32402 29449 29088 False
[vector] 27623 31312 27508 False
[vector] 32826 26288 30019 False
[vector] 32940 26694 29720 False
[vector] 32067 29952 29081 False
[vector] 31057 30256 28984 False
[vector] 29060 27895 32280 False
[vector] 28678 29827 30927 False
[vector] 32129 29242 29876 False
[vector] 32870 28835 29149 False
[vector] 29117 29361 31195 False
[vector] 29080 30826 29116 False
[vector] 33024 29027 27951 False
[vector] 31764 30075 29001 False
[vector] 31344 30177 28651 False
[vector] 32738 29066 28834 False
[vector] 32842 26511 29974 False
[vector] 28313 26042 32821 False
[vector] 32289 29263 29461 False
[vector] 31569 30226 28421 False
[vector] 29700 30971 27485 False
[vector] 33590 26529 28025 False
[vector] 30309 29930 30338 False
[vector] 30456 28651 31430 False
[vector] 30724 30136 29520 False
[vector] 33944 25452 26886 False
[vector] 31000 28699 31239 False
[vector] 32170 28881 30081 False
[vector] 28177 30905 28868 False
[vector] 29299 29498 30995 False
[vector] 32158 30020 27910 False
[vector] 33280 28953 27679 False
[vector] 28804 28013 32383 False
[vector] 30345 29685 30454 False
[vector] 30427 28176 31813 False
[vector] 31864 28242 30853 False
[vector] 34047 26048 25990 False
[vector] 32411 29587 29015 False
[vector] 31258 30180 29059 False
[vector] 34122 25470 25927 False
[vector] 29686 30613 29643 False
[vector] 30166 30041 30339 False
[vector] 31852 28891 30377 False
[vector] 30943 30561 27550 False
[vector] 30653 30214 29779 False
[vector] 31778 27715 31180 False
[vector] 28640 30950 28480 False
[vector] 34122 26194 25283 False
[vector] 31062 27483 31728 False
[vector] 30555 28731 31268 False
[vector] 30698 27345 32056 False
[vector] 34091 26737 24038 False
[vector] 29980 28078 32007 False
[vector] 32619 29211 29294 False
[vector] 32152 27924 30589 False
[vector] 33006 27935 29512 False
[vector] 32685 27810 30195 False
[vector] 30086 30526 29091 False
[vector] 32660 29220 28786 False
[vector] 33137 29137 27106 False
[vector] 29004 28331 32035 False
[vector] 30074 28949 31377 False
[vector] 33425 28017 28272 False
[vector] 33639 27478 27347 False
[vector] 33317 27433 28709 False
[vector] 33457 28466 26984 False
[vector] 29135 27580 32475 False
[vector] 30641 30774 27051 False
[vector] 28385 29097 31505 False
[vector] 32523 29250 29250 False
[vector] 30991 27561 31987 False
[vector] 33799 27740 25739 False
[vector] 30287 29842 30501 False
[vector] 31079 29267 30667 False
[vector] 31707 29504 30006 False
[vector] 30531 29168 31011 False
[vector] 32684 28330 29998 False
[vector] 27320 30747 29325 False
[vector] 32872 28071 29594 False
[vector] 33180 27325 29158 False
[vector] 33083 28823 28355 False
[vector] 30217 28891 31345 False
[vector] 29840 30271 29718 False
[vector] 29182 28711 31694 False
[vector] 31648 28873 30736 False
[vector] 30952 28606 31320 False
[vector] 28769 29352 31202 False
[vector] 33465 28191 27328 False
[vector] 29511 29102 31385 False
[vector] 28519 28734 31732 False
[vector] 29202 27122 32515 False
[vector] 29703 28669 31697 False
[vector] 33399 27554 28571 False
[vector] 31511 28097 31235 False
[vector] 31577 29376 30282 False
[vector] 32119 30000 28445 False
[vector] 33719 27955 25496 False
[vector] 31543 29981 29193 False
[vector] 31821 27629 31065 False
[vector] 30840 30328 29119 False
[vector] 29169 29262 31277 False
[vector] 31551 27728 31328 False
[vector] 33446 26216 28556 False
[vector] 27927 28732 31761 False
[vector] 30576 26500 32187 False
[vector] 31985 28208 30714 False
[vector] 32967 28866 28837 False
[vector] 31944 28217 30922 False
[vector] 32849 28886 29154 False
[vector] 32109 28356 30596 False
[vector] 33827 27349 27133 False
[vector] 29848 30655 28715 False
[vector] 30944 28580 31388 False
[vector] 31862 26963 31239 False
[vector] 30548 27977 31975 False
[vector] 29652 28530 31775 False
[vector] 32923 25936 29780 False
[vector] 31772 27476 31237 False
[vector] 34091 26462 24089 False
[vector] 29602 30316 29925 False
[vector] 33092 27088 29177 False
[vector] 31896 26928 31328 False
[vector] 33058 26514 29512 False
[vector] 32513 27646 30378 False
[vector] 31798 29307 30150 False
[vector] 29189 30925 28774 False
[vector] 33576 27067 27876 False
[vector] 32109 28521 30295 False
[vector] 33896 27468 24801 False
[vector] 33040 28343 29096 False
[vector] 29222 29034 31469 False
[vector] 30073 29482 30815 False
[vector] 32632 28762 29484 False
[vector] 28992 29377 31147 False
[vector] 30839 30515 28375 False
[vector] 30327 26476 32504 False
[vector] 31658 28270 30992 False
[vector] 28463 30881 28875 False
[vector] 30989 30579 26084 False
[vector] 30664 29241 30959 False
[vector] 28448 29015 31573 False
[vector] 30022 30973 26382 False
[vector] 32942 29182 28060 False
[vector] 32439 29932 27879 False
[vector] 30627 30656 27667 False
[vector] 32508 28449 29903 False
[vector] 29190 28932 31549 False
[vector] 29052 28475 31976 False
[vector] 31828 29305 30168 False
[vector] 29381 28866 31667 False
[vector] 31724 28322 30888 False
[vector] 31853 28639 30398 False
[vector] 30410 30556 28853 False
[vector] 31260 30169 29086 False
[vector] 33493 26678 28353 False
[vector] 33011 26201 29562 False
[vector] 30574 28349 31570 False
[vector] 33333 28636 27507 False
[vector] 29187 28317 32011 False
[vector] 30613 28382 31545 False
[vector] 31027 30569 27115 False
[vector] 32632 29189 29021 False
[vector] 29878 30336 29546 False
[vector] 30090 28291 31779 False
[vector] 32100 27932 30685 False
[vector] 32521 29713 28576 False
[vector] 31920 28631 30713 False
[vector] 28887 30451 29997 False
[vector] 31124 29012 30820 False
[vector] 30230 29351 31122 False
[vector] 31601 29977 29090 False
[vector] 32484 27655 30373 False
[vector] 33711 25749 28023 False
[vector] 29535 30967 28157 False
[vector] 33191 29116 27040 False
[vector] 28921 30345 30007 False
[vector] 31460 29523 29982 False
[vector] 31974 28440 30560 False
[vector] 31368 29811 29844 False
[vector] 33602 27639 27779 False
[vector] 28102 26655 32916 False
[vector] 31254 28877 30760 False
[vector] 33791 26287 27495 False
[vector] 30884 30327 29082 False
[vector] 34139 25946 24678 False
[vector] 30231 30364 29533 False
[vector] 30589 30680 28223 False
[vector] 31646 28979 30521 False
[vector] 32069 28000 30683 False
[vector] 28788 28970 31504 False
[vector] 33130 26973 29224 False
[vector] 31316 29370 30308 False
[vector] 32787 29412 28100 False
[vector] 31761 29340 29871 False
[vector] 30289 29450 30791 False
[vector] 30397 27052 32457 False
[vector] 34219 25731 24921 False
[vector] 33324 28912 27600 False
[vector] 31782 26873 31493 False
[vector] 27666 28942 31615 False
[vector] 29060 28696 31831 False
[vector] 27995 29333 31306 False
[vector] 28522 29425 31182 False
[vector] 28626 28051 32246 False
[vector] 29410 29957 30537 False
[vector] 28890 28953 31589 False
[vector] 29725 29937 30386 False
[vector] 30634 30216 29605 False
[vector] 31375 28678 30922 False
[vector] 28100 29006 31580 False
[vector] 32434 26752 30719 False
[vector] 29388 28731 31681 False
[vector] 33629 26615 27843 False
[vector] 32227 27801 30572 False
[vector] 29556 30377 29925 False
[vector] 30205 28623 31448 False
[vector] 31586 29703 29760 False
[vector] 34156 26017 23542 False
[vector] 33709 27754 26827 False
[vector] 31281 27285 31881 False
[vector] 31099 28352 31224 False
[vector] 31044 29111 30830 False
[vector] 32561 27497 30614 False
[vector] 28101 27593 32469 False
[vector] 32702 29798 27598 False
[vector] 30486 28894 31192 False
[vector] 33298 28449 27899 False
[vector] 29028 31018 28210 False
[vector] 31925 28767 30338 False
[vector] 28770 30301 30083 False
[vector] 32140 29769 28824 False
[vector] 28086 30547 29846 False
[vector] 32019 29968 28662 False
[vector] 33837 27550 25802 False
[vector] 33911 25748 26949 False
[vector] 32933 28145 29420 False
[vector] 33497 27880 27571 False
[vector] 32605 27456 30535 False
[vector] 29965 28037 32150 False
[vector] 28075 27094 32697 False
[vector] 27845 29123 31445 False
[vector] 29717 30650 29257 False
[vector] 33542 26709 28297 False
[vector] 32116 29578 29248 False
[vector] 32857 29171 28521 False
[vector] 30144 30522 28988 False
[vector] 29565 28235 31989 False
[vector] 32916 28030 29515 False
[vector] 33483 26079 28416 False
[vector] 33097 27071 29211 False
[vector] 34185 25943 25105 False
[vector] 33190 27725 29007 False
[vector] 31187 27215 32062 False
[vector] 33341 27583 28547 False
[vector] 33438 26271 28673 False
[vector] 32046 28568 30500 False
[vector] 33353 26482 28731 False
[vector] 33777 26538 27518 False
[vector] 29599 28129 31999 False
[vector] 30122 29576 30779 False
[vector] 31701 29689 29863 False
[vector] 34289 25528 25038 False
[vector] 29320 28449 31895 False
[vector] 29212 30974 28055 False
[vector] 30421 28123 31853 False
[vector] 33097 29239 26907 False
[vector] 29657 27944 32155 False
[vector] 29566 31004 27771 False
[vector] 32901 29130 28442 False
[vector] 31411 29803 29616 False
[vector] 28192 28332 32125 False
[vector] 33639 26763 27788 False
[vector] 33379 28551 27009 False
[vector] 33015 25963 29557 False
[vector] 34014 27063 25107 False
[vector] 29084 30262 30154 False
[vector] 29702 30695 28953 False
[vector] 33038 26695 29547 False
[vector] 32698 27792 30147 False
[vector] 32287 29274 29434 False
[vector] 29838 30451 29419 False
[vector] 29698 30982 27458 False
[vector] 31376 27646 31555 False
[vector] 28664 28657 31923 False
[vector] 32169 28511 30313 False
[vector] 33700 27905 26619 False
[vector] 29739 30991 26950 False
[vector] 31677 27888 31294 False
[vector] 31760 29424 29813 False
[vector] 30091 28259 31842 False
[vector] 28918 28377 31989 False
[vector] 30497 27563 32087 False
[vector] 29761 29096 31221 False
[vector] 29040 28722 31688 False
[vector] 30436 30801 28081 False
[vector] 28785 31085 27703 False
[vector] 33981 26419 26363 False
[vector] 28895 28957 31518 False
[vector] 31532 29761 29496 False
[vector] 32796 27850 29887 False
[vector] 30745 30394 29207 False
[vector] 30468 30552 28750 False
[vector] 28821 27957 32360 False
[vector] 30638 30100 29798 False
[vector] 33582 28624 25913 False
[vector] 29671 30658 29339 False
[vector] 29988 27511 32247 False
[vector] 29772 30252 29997 False
[vector] 33844 26792 26838 False
[vector] 27708 28805 31723 False
[vector] 33497 28364 27183 False
[vector] 31997 29326 29784 False
[vector] 33156 28640 28098 False
[vector] 31527 29072 30574 False
[vector] 34142 25490 25552 False
[vector] 31140 28163 31336 False
[vector] 31725 27039 31453 False
[vector] 30891 30649 27406 False
[vector] 30108 30634 28886 False
[vector] 33218 28499 27689 False
[vector] 32423 27741 30381 False
[vector] 33431 27488 28544 False
[vector] 29586 28225 31996 False
[vector] 28808 26259 32770 False
[vector] 33351 26992 28781 False
[vector] 33254 28490 27978 False
[vector] 33519 26033 28299 False
[vector] 29754 29867 30374 False
[vector] 29805 30614 29122 False
[vector] 31496 30008 29340 False
[vector] 32267 27146 30841 False
[vector] 31769 27706 31195 False
[vector] 34135 25858 25911 False
[vector] 32714 27395 30306 False
[vector] 31430 30128 28940 False
[vector] 29822 30533 29352 False
[vector] 31847 28923 30470 False
[vector] 29648 30923 28121 False
[vector] 33284 28526 27677 False
[vector] 29322 29849 30655 False
[vector] 32265 28086 30359 False
[vector] 32065 27490 30893 False
[vector] 28520 28722 31771 False
[vector] 31345 28686 30922 False
[vector] 31168 29182 30614 False
[vector] 32468 29720 28504 False
[vector] 30453 30720 28311 False
[vector] 31548 29820 29423 False
[vector] 32718 28924 28905 False
[vector] 32701 28228 30008 False
[vector] 33073 28875 28073 False
[vector] 33652 25619 28048 False
[vector] 31723 28610 30889 False
[vector] 32540 28412 29883 False
[vector] 32471 29006 29962 False
[vector] 33801 26886 27432 False
[vector] 32033 29660 29423 False
[vector] 28956 29039 31421 False
[vector] 30827 29144 30942 False
[vector] 33713 26621 27650 False
[vector] 29665 30842 28351 False
[vector] 32034 27824 31034 False
[vector] 33667 25974 27914 False
[vector] 27864 28741 31747 False
