[nb-items] 80
[nb-objectives] 3
[nb-pareto] 1632
[nb-lorenz] 30
[runtime] 375.2650327682495
[format] f1 f2 f3 isLorenzND
[vector] 32966 30229 28061 True
[vector] 30680 30109 29866 True
[vector] 31053 30873 28965 True
[vector] 31188 30038 29504 True
[vector] 31475 30408 29160 True
[vector] 30974 30144 29594 True
[vector] 30804 30853 29064 True
[vector] 31403 30451 29133 True
[vector] 31835 30488 28818 True
[vector] 30104 30383 29914 True
[vector] 32700 29715 28830 True
[vector] 30207 30054 30046 True
[vector] 30573 30414 29697 True
[vector] 31704 30482 28888 True
[vector] 31462 30155 29336 True
[vector] 32388 30226 28558 True
[vector] 30612 29881 29935 True
[vector] 30324 29984 30041 True
[vector] 32617 30300 28286 True
[vector] 30934 29989 29733 True
[vector] 32582 29593 28944 True
[vector] 31005 30882 28999 True
[vector] 31403 30020 29516 True
[vector] 31149 30571 29266 True
[vector] 31128 30325 29319 True
[vector] 32337 30792 28024 True
[vector] 30621 30405 29663 True
[vector] 31838 30521 28784 True
[vector] 30680 30540 29483 True
[vector] 32058 30122 28911 True
[vector] 29388 32149 27233 False
[vector] 30454 30435 29556 False
[vector] 29375 31261 28992 False
[vector] 33180 30121 26491 False
[vector] 32420 30141 28466 False
[vector] 28162 30130 30211 False
[vector] 34055 29080 27238 False
[vector] 32756 30457 26111 False
[vector] 32574 28940 29046 False
[vector] 32056 29257 29375 False
[vector] 27176 26548 31524 False
[vector] 30169 28836 30399 False
[vector] 31754 30903 28308 False
[vector] 33619 29759 26505 False
[vector] 28012 29668 30690 False
[vector] 28221 29038 30837 False
[vector] 30843 30183 29457 False
[vector] 33267 29504 28179 False
[vector] 31730 27239 30011 False
[vector] 31531 30831 28444 False
[vector] 33480 29777 26773 False
[vector] 29348 31090 29185 False
[vector] 30220 26143 30644 False
[vector] 29764 30228 29923 False
[vector] 31479 28751 29848 False
[vector] 31140 30783 28725 False
[vector] 29759 31340 28729 False
[vector] 28797 31941 27777 False
[vector] 30716 31315 28468 False
[vector] 31585 29468 29520 False
[vector] 30389 31111 28986 False
[vector] 29700 27938 30781 False
[vector] 34536 27792 26410 False
[vector] 29455 32206 26034 False
[vector] 29646 29683 30542 False
[vector] 29711 29626 30367 False
[vector] 28690 31546 28625 False
[vector] 29588 30870 29488 False
[vector] 31160 29784 29589 False
[vector] 33218 29871 27625 False
[vector] 31878 31131 27026 False
[vector] 27465 30469 29981 False
[vector] 28545 30667 29752 False
[vector] 28470 30368 30062 False
[vector] 33153 30103 27843 False
[vector] 29129 32304 26621 False
[vector] 32064 29918 28806 False
[vector] 32874 30341 27916 False
[vector] 29987 27498 30725 False
[vector] 30300 28728 30425 False
[vector] 29139 30643 29717 False
[vector] 31688 27850 29923 False
[vector] 32618 30478 27893 False
[vector] 32070 29216 29290 False
[vector] 29708 27736 30798 False
[vector] 28281 29324 30768 False
[vector] 31903 31019 27528 False
[vector] 31192 30305 29257 False
[vector] 29616 31038 29139 False
[vector] 32632 30380 28110 False
[vector] 29673 28255 30850 False
[vector] 32896 30062 28213 False
[vector] 30505 30113 29811 False
[vector] 30937 30150 29496 False
[vector] 27842 32683 26005 False
[vector] 31764 28478 29675 False
[vector] 28576 31959 27789 False
[vector] 33329 28781 28328 False
[vector] 27586 30270 30143 False
[vector] 27872 28810 31026 False
[vector] 30544 29580 30049 False
[vector] 30421 27946 30578 False
[vector] 28271 28530 31079 False
[vector] 31559 30536 28738 False
[vector] 30720 30241 29508 False
[vector] 30190 31945 26873 False
[vector] 30627 31672 27766 False
[vector] 30889 31238 28525 False
[vector] 28423 28844 30964 False
[vector] 30780 31005 28768 False
[vector] 26880 32497 26726 False
[vector] 30384 30174 29795 False
[vector] 28143 31012 29366 False
[vector] 30275 30853 29155 False
[vector] 29046 31572 28520 False
[vector] 29071 30466 29913 False
[vector] 30144 27045 30653 False
[vector] 30847 31518 28013 False
[vector] 32220 30324 28365 False
[vector] 33245 29213 28233 False
[vector] 31835 30685 28433 False
[vector] 32175 30027 28723 False
[vector] 30507 26558 30469 False
[vector] 28933 28714 30871 False
[vector] 32020 29538 29171 False
[vector] 28601 29204 30794 False
[vector] 30229 27296 30643 False
[vector] 29377 28676 30734 False
[vector] 31011 30580 29101 False
[vector] 30541 31185 28656 False
[vector] 30727 31365 28122 False
[vector] 31385 27570 29996 False
[vector] 28415 30431 30034 False
[vector] 30798 29777 29955 False
[vector] 30010 31782 27654 False
[vector] 31383 31075 28447 False
[vector] 27471 32499 26536 False
[vector] 28623 31388 28813 False
[vector] 32008 28963 29384 False
[vector] 30574 31787 27398 False
[vector] 28072 29985 30414 False
[vector] 29779 30764 29515 False
[vector] 32768 29126 28797 False
[vector] 27212 28369 31205 False
[vector] 31484 29752 29290 False
[vector] 30642 30555 29314 False
[vector] 32329 30866 27313 False
[vector] 31143 30039 29397 False
[vector] 31482 29965 29342 False
[vector] 30770 27422 30364 False
[vector] 32296 29828 28885 False
[vector] 29563 32077 27117 False
[vector] 31197 31532 27062 False
[vector] 29191 31730 28119 False
[vector] 29302 32003 27688 False
[vector] 30197 31900 27500 False
[vector] 29891 31914 27776 False
[vector] 29644 30090 30201 False
[vector] 31192 31236 28215 False
[vector] 30929 28052 30210 False
[vector] 27757 32106 27682 False
[vector] 30551 31708 27493 False
[vector] 33147 29663 28208 False
[vector] 27719 28664 31035 False
[vector] 30635 31716 27058 False
[vector] 30853 31610 27825 False
[vector] 33366 29932 27002 False
[vector] 33198 29630 28002 False
[vector] 29174 31100 29123 False
[vector] 29026 31981 27756 False
[vector] 32248 30029 28659 False
[vector] 30995 29205 29958 False
[vector] 32139 29796 28902 False
[vector] 30415 31917 27209 False
[vector] 31888 30199 28903 False
[vector] 27154 32532 26300 False
[vector] 28709 31465 28793 False
[vector] 31410 29041 29848 False
[vector] 29247 29689 30402 False
[vector] 29937 28400 30688 False
[vector] 32449 30495 27827 False
[vector] 32624 28977 28973 False
[vector] 32551 30803 27142 False
[vector] 28934 32326 26491 False
[vector] 29919 29299 30383 False
[vector] 34705 27208 25078 False
[vector] 27983 31421 28894 False
[vector] 27171 28839 31046 False
[vector] 33136 28199 28740 False
[vector] 31430 29005 29713 False
[vector] 30321 28927 30375 False
[vector] 29923 29852 30128 False
[vector] 31084 31398 27448 False
[vector] 31830 27764 29771 False
[vector] 28914 31803 28297 False
[vector] 30049 31953 27144 False
[vector] 30228 27520 30599 False
[vector] 34624 27446 25452 False
[vector] 30180 29657 30150 False
[vector] 30133 31961 26709 False
[vector] 34622 27562 25670 False
[vector] 30981 31580 26826 False
[vector] 33419 29407 27990 False
[vector] 32096 30011 28784 False
[vector] 29177 30410 29906 False
[vector] 30057 30901 29271 False
[vector] 31406 30612 28896 False
[vector] 28614 32453 25251 False
[vector] 31407 28861 29852 False
[vector] 30723 30274 29474 False
[vector] 28994 29844 30384 False
[vector] 29210 32271 26147 False
[vector] 29850 28567 30619 False
[vector] 29251 32051 27500 False
[vector] 30466 27696 30458 False
[vector] 27416 26887 31455 False
[vector] 31813 29959 29008 False
[vector] 32218 30841 27594 False
[vector] 30805 27658 30344 False
[vector] 34395 28077 26880 False
[vector] 30568 29417 30057 False
[vector] 32231 29684 29047 False
[vector] 32525 29288 29158 False
[vector] 29402 31567 28457 False
[vector] 30804 29664 29843 False
[vector] 32236 29887 28771 False
[vector] 31304 31389 27071 False
[vector] 30461 27291 30639 False
[vector] 30366 31466 28252 False
[vector] 32275 29354 29009 False
[vector] 30594 30595 29228 False
[vector] 34314 28315 27254 False
[vector] 28459 27922 31272 False
[vector] 31641 28627 29678 False
[vector] 30820 30709 29027 False
[vector] 30883 30162 29416 False
[vector] 29775 29946 30113 False
[vector] 30607 31700 27117 False
[vector] 29184 30570 29837 False
[vector] 31017 31106 28403 False
[vector] 29295 28807 30769 False
[vector] 27978 29098 30883 False
[vector] 30233 30259 29706 False
[vector] 29334 29198 30600 False
[vector] 28135 28482 31111 False
[vector] 32364 27264 29408 False
[vector] 32468 30087 28383 False
[vector] 34785 26993 25321 False
[vector] 34097 28614 27195 False
[vector] 30609 29492 30005 False
[vector] 32742 30451 26771 False
[vector] 31845 29111 29499 False
[vector] 32398 27701 29270 False
[vector] 29811 27900 30703 False
[vector] 30566 27727 30400 False
[vector] 31082 29224 29890 False
[vector] 31373 29047 29750 False
[vector] 32450 29785 28677 False
[vector] 30080 31983 26453 False
[vector] 30635 30651 29181 False
[vector] 30778 29540 29990 False
[vector] 28867 31438 28722 False
[vector] 30555 30900 28977 False
[vector] 29461 26706 30994 False
[vector] 29383 30161 30102 False
[vector] 32593 28699 29125 False
[vector] 30614 31537 28165 False
[vector] 32019 30870 27700 False
[vector] 34326 28902 25646 False
[vector] 33055 30384 27081 False
[vector] 33693 29322 27383 False
[vector] 32594 29925 28468 False
[vector] 31180 27331 30122 False
[vector] 25560 25509 31617 False
[vector] 32017 29643 29059 False
[vector] 31112 30577 29168 False
[vector] 31966 30691 28363 False
[vector] 33114 30309 26166 False
[vector] 29698 27983 30822 False
[vector] 28920 26070 31182 False
[vector] 29220 32143 27311 False
[vector] 30811 28429 30318 False
[vector] 30186 31607 28253 False
[vector] 31867 31044 27565 False
[vector] 28259 31443 28826 False
[vector] 30756 30452 29343 False
[vector] 30499 31925 26774 False
[vector] 30095 31535 28389 False
[vector] 33608 28958 27961 False
[vector] 32743 29449 28821 False
[vector] 31798 31136 27433 False
[vector] 29342 31535 28514 False
[vector] 33261 28646 28455 False
[vector] 30495 30136 29717 False
[vector] 31719 30196 28966 False
[vector] 31534 28340 29968 False
[vector] 29960 31990 26614 False
[vector] 33469 28978 28227 False
[vector] 29161 30879 29400 False
[vector] 32081 27043 29683 False
[vector] 32626 30474 27572 False
[vector] 27787 32054 27680 False
[vector] 33423 29701 27385 False
[vector] 32138 29444 29221 False
[vector] 31986 29090 29527 False
[vector] 31436 31226 27741 False
[vector] 27702 31937 27891 False
[vector] 31441 30819 28459 False
[vector] 31255 28578 30041 False
[vector] 30157 30798 29370 False
[vector] 30288 31340 28638 False
[vector] 31332 31335 27081 False
[vector] 31859 29682 29294 False
[vector] 31707 29328 29600 False
[vector] 28277 30997 29491 False
[vector] 31767 27800 29808 False
[vector] 33839 29605 26752 False
[vector] 30937 30581 29113 False
[vector] 31276 30507 29058 False
[vector] 29338 29069 30767 False
[vector] 32609 28421 28994 False
[vector] 29697 31508 28557 False
[vector] 31053 30089 29420 False
[vector] 29566 29780 30389 False
[vector] 34283 28767 26203 False
[vector] 30865 30685 29100 False
[vector] 28684 29020 30787 False
[vector] 30592 31002 28887 False
[vector] 29542 31798 28105 False
[vector] 30670 31697 25995 False
[vector] 31663 30094 29112 False
[vector] 32403 27275 29330 False
[vector] 32337 29884 28838 False
[vector] 32523 30432 28019 False
[vector] 32746 30519 26511 False
[vector] 31221 26193 30133 False
[vector] 30925 29713 29747 False
[vector] 26740 27824 31351 False
[vector] 31326 29195 29902 False
[vector] 30314 30145 29801 False
[vector] 31328 31388 26974 False
[vector] 32041 30923 27397 False
[vector] 27491 32639 26027 False
[vector] 27801 27905 31309 False
[vector] 34384 28123 26697 False
[vector] 31593 29927 29264 False
[vector] 33854 29351 27206 False
[vector] 31487 30934 28265 False
[vector] 28398 30798 29653 False
[vector] 30645 30579 29215 False
[vector] 30503 31845 26894 False
[vector] 28786 28833 30992 False
[vector] 31586 30468 28917 False
[vector] 33257 29996 27029 False
[vector] 31191 30522 28994 False
[vector] 32978 28977 28656 False
[vector] 33288 28725 28375 False
[vector] 30633 31058 28840 False
[vector] 30045 31259 28725 False
[vector] 33010 29463 28549 False
[vector] 32672 30653 27464 False
[vector] 29221 32103 27502 False
[vector] 33235 29938 27606 False
[vector] 30886 29998 29767 False
[vector] 30446 31825 27398 False
[vector] 32554 28342 29177 False
[vector] 31747 30216 28879 False
[vector] 31605 28957 29829 False
[vector] 31306 30516 28921 False
[vector] 33708 29402 27207 False
[vector] 32374 30324 28341 False
[vector] 28798 31443 28728 False
[vector] 31695 30694 28347 False
[vector] 32082 30675 28336 False
[vector] 32197 30595 28125 False
[vector] 28879 27208 31171 False
[vector] 30944 31022 28608 False
[vector] 32570 30487 27927 False
[vector] 32731 30578 26549 False
[vector] 28522 31111 29234 False
[vector] 32582 30711 27331 False
[vector] 34271 27764 27299 False
[vector] 31410 31273 27620 False
[vector] 25134 25833 31581 False
[vector] 33356 28617 28329 False
[vector] 31752 28589 29600 False
[vector] 32672 28644 28951 False
[vector] 31431 28976 29709 False
[vector] 28482 28448 31001 False
[vector] 32710 29973 28255 False
[vector] 32319 30430 28294 False
[vector] 31010 31142 28353 False
[vector] 30855 30995 28669 False
[vector] 31509 31110 28147 False
[vector] 32292 28606 29268 False
[vector] 27457 31823 28148 False
[vector] 28418 28977 30816 False
[vector] 28695 30446 30033 False
[vector] 34494 28381 26097 False
[vector] 33169 28386 28642 False
[vector] 30417 30872 29075 False
[vector] 30132 31482 28523 False
[vector] 34015 28637 27402 False
[vector] 31147 30195 29327 False
[vector] 31042 31501 27485 False
[vector] 31695 31199 28105 False
[vector] 32100 30930 26920 False
[vector] 32416 29829 28664 False
[vector] 33974 29318 27612 False
[vector] 32744 29795 28398 False
[vector] 31482 30396 28959 False
[vector] 32114 30447 28360 False
[vector] 32080 29094 29383 False
[vector] 34137 28367 27346 False
[vector] 31383 27273 30121 False
[vector] 31245 30656 28873 False
[vector] 32674 28679 28933 False
[vector] 28471 28259 31023 False
[vector] 29297 31684 28362 False
[vector] 30712 31693 26573 False
[vector] 32548 30009 28344 False
[vector] 33370 27862 28667 False
[vector] 31147 29982 29551 False
[vector] 30064 27764 30681 False
[vector] 32664 28322 29034 False
[vector] 29755 32062 26945 False
[vector] 29587 29979 30339 False
[vector] 29666 31600 28368 False
[vector] 29996 31975 26888 False
[vector] 33340 30042 26583 False
[vector] 28975 30604 29779 False
[vector] 31083 30615 28991 False
[vector] 32721 30066 28158 False
[vector] 29490 30319 30053 False
[vector] 31101 30080 29386 False
[vector] 31940 29503 29280 False
[vector] 31360 30998 28473 False
[vector] 28975 29238 30775 False
[vector] 30211 31232 28817 False
[vector] 33412 27934 28343 False
[vector] 33565 28407 28006 False
[vector] 33025 29933 28264 False
[vector] 30509 27958 30456 False
[vector] 31977 29804 29180 False
[vector] 28936 32257 27145 False
[vector] 31544 30945 28187 False
[vector] 31264 31096 28306 False
[vector] 34094 28582 27228 False
[vector] 32162 29457 29166 False
[vector] 26931 28278 31208 False
[vector] 31405 29140 29728 False
[vector] 30679 31670 27493 False
[vector] 33425 29953 26015 False
[vector] 32549 27765 29195 False
[vector] 31958 30362 28755 False
[vector] 28511 31210 29354 False
[vector] 34605 28082 26222 False
[vector] 30143 29850 30152 False
[vector] 26578 26235 31574 False
[vector] 30537 30787 29187 False
[vector] 29260 29211 30698 False
[vector] 32808 30385 27641 False
[vector] 31116 30844 28921 False
[vector] 30837 29244 30193 False
[vector] 30785 30227 29419 False
[vector] 33147 28451 28605 False
[vector] 28299 26067 31324 False
[vector] 27314 30061 30402 False
[vector] 33242 28868 28486 False
[vector] 29903 29724 30172 False
[vector] 30766 27750 30319 False
[vector] 31394 29744 29530 False
[vector] 30191 30255 29768 False
[vector] 30530 31833 26963 False
[vector] 32835 29036 28877 False
[vector] 29554 31276 28808 False
[vector] 29941 31257 28797 False
[vector] 29875 30807 29409 False
[vector] 31653 31277 27145 False
[vector] 28921 32098 27661 False
[vector] 31709 28767 29640 False
[vector] 28161 29487 30772 False
[vector] 32740 29060 28891 False
[vector] 30668 30121 29643 False
[vector] 29327 30872 29427 False
[vector] 31114 30610 28998 False
[vector] 28546 32385 26976 False
[vector] 30168 30516 29560 False
[vector] 30687 31440 28109 False
[vector] 28577 27377 31249 False
[vector] 30707 30699 29152 False
[vector] 33648 29365 27301 False
[vector] 33454 29609 27574 False
[vector] 29983 30582 29752 False
[vector] 29921 30583 29647 False
[vector] 33452 29576 27744 False
[vector] 28471 30916 29400 False
[vector] 32446 30920 27047 False
[vector] 31873 31123 27392 False
[vector] 27878 31538 28799 False
[vector] 31080 26993 30194 False
[vector] 30723 29843 29857 False
[vector] 31947 29903 29106 False
[vector] 33176 30224 27267 False
[vector] 31741 29917 29263 False
[vector] 29801 30742 29676 False
[vector] 29200 30431 29877 False
[vector] 30933 27168 30345 False
[vector] 28375 29499 30682 False
[vector] 27073 32544 26202 False
[vector] 29252 32011 27691 False
[vector] 32505 30070 28289 False
[vector] 31557 29214 29605 False
[vector] 28093 27958 31207 False
[vector] 32710 28288 29024 False
[vector] 32714 30176 28194 False
[vector] 31596 28681 29843 False
[vector] 30611 31717 26594 False
[vector] 32117 28179 29596 False
[vector] 31233 31188 28117 False
[vector] 32994 27959 28970 False
[vector] 32661 28319 29069 False
[vector] 32633 30394 27805 False
[vector] 28773 30283 30066 False
[vector] 30349 31172 28674 False
[vector] 27196 32684 25584 False
[vector] 31011 29235 29893 False
[vector] 30499 26720 30492 False
[vector] 33505 29287 27829 False
[vector] 28980 27047 31120 False
[vector] 33584 29089 27626 False
[vector] 27999 31339 28961 False
[vector] 33677 29403 27298 False
[vector] 30846 27910 30266 False
[vector] 31158 29857 29613 False
[vector] 33088 29959 28005 False
[vector] 30824 29577 29848 False
[vector] 31798 30789 28170 False
[vector] 31013 29611 29832 False
[vector] 31586 29527 29438 False
[vector] 31089 28146 30193 False
[vector] 32198 28791 29331 False
[vector] 30464 26226 30558 False
[vector] 33294 28994 28306 False
[vector] 30966 31534 27436 False
[vector] 32090 31019 26189 False
[vector] 29166 32212 27404 False
[vector] 29378 32229 26519 False
[vector] 32189 30325 28456 False
[vector] 27543 31900 28128 False
[vector] 30610 31729 26329 False
[vector] 32813 30393 27275 False
[vector] 31529 30055 29216 False
[vector] 30405 31394 28372 False
[vector] 33546 29343 27782 False
[vector] 29891 29797 30285 False
[vector] 32539 28704 29066 False
[vector] 27266 32542 26203 False
[vector] 31160 28763 30054 False
[vector] 28976 31989 27759 False
[vector] 34094 27816 27391 False
[vector] 32166 29724 28919 False
[vector] 27300 32710 25520 False
[vector] 28411 30560 29867 False
[vector] 28302 30327 30110 False
[vector] 28103 31365 28897 False
[vector] 30881 29001 30127 False
[vector] 28177 31827 28113 False
[vector] 33363 29933 27042 False
[vector] 32599 28326 29102 False
[vector] 32701 27664 29130 False
[vector] 33374 29084 28284 False
[vector] 31222 31493 26769 False
[vector] 28104 30008 30411 False
[vector] 33560 29775 26609 False
[vector] 28935 30140 30181 False
[vector] 32006 28217 29674 False
[vector] 31237 31255 27847 False
[vector] 30886 30903 28858 False
[vector] 30087 28967 30434 False
[vector] 30691 26503 30400 False
[vector] 31116 29605 29691 False
[vector] 31197 30665 28907 False
[vector] 29454 32193 26792 False
[vector] 31727 28455 29747 False
[vector] 33240 29946 27240 False
[vector] 32977 30278 27244 False
[vector] 32762 30404 27108 False
[vector] 29573 31195 28976 False
[vector] 30533 26518 30463 False
[vector] 29740 28507 30726 False
[vector] 31704 28856 29639 False
[vector] 31073 31409 27674 False
[vector] 31420 30596 28722 False
[vector] 30418 31237 28633 False
[vector] 30535 30891 29025 False
[vector] 33664 29356 27349 False
[vector] 30998 29769 29648 False
[vector] 28362 32392 26043 False
[vector] 30599 27695 30383 False
[vector] 30875 31609 27217 False
[vector] 29008 28392 30944 False
[vector] 31311 30773 28720 False
[vector] 33415 29140 28237 False
[vector] 28811 30050 30255 False
[vector] 32469 30062 28451 False
[vector] 32191 29056 29305 False
[vector] 28928 32379 26009 False
[vector] 29311 26592 30999 False
[vector] 28228 31535 28637 False
[vector] 30520 29638 30116 False
[vector] 29331 30743 29594 False
[vector] 31377 31277 27781 False
[vector] 31444 31430 26598 False
[vector] 32041 27698 29622 False
[vector] 30103 28832 30536 False
[vector] 30457 27420 30472 False
[vector] 32258 28617 29322 False
[vector] 31566 29490 29591 False
[vector] 30634 27931 30363 False
[vector] 33371 29950 26772 False
[vector] 28287 29592 30668 False
[vector] 30187 28998 30376 False
[vector] 31859 29329 29327 False
[vector] 30019 28269 30653 False
[vector] 27347 27303 31507 False
[vector] 33001 30170 27566 False
[vector] 32890 29622 28578 False
[vector] 33626 29567 27444 False
[vector] 32602 30486 27616 False
[vector] 31230 31287 27720 False
[vector] 32697 28509 28936 False
[vector] 29378 28414 30828 False
[vector] 29469 30891 29347 False
[vector] 29856 30872 29336 False
[vector] 27710 30825 29610 False
[vector] 31981 30071 28933 False
[vector] 29656 29689 30339 False
[vector] 27324 32538 26100 False
[vector] 33212 30028 26928 False
[vector] 31541 28967 29635 False
[vector] 31089 30890 28564 False
[vector] 30083 27200 30659 False
[vector] 30972 31288 28455 False
[vector] 30322 31194 28694 False
[vector] 28502 30824 29589 False
[vector] 28470 29264 30689 False
[vector] 31788 30872 28074 False
[vector] 33601 28291 28012 False
[vector] 31675 28557 29672 False
[vector] 33586 29742 27278 False
[vector] 30490 31779 27833 False
[vector] 31323 27651 30085 False
[vector] 27512 31992 27939 False
[vector] 27744 31553 28674 False
[vector] 30881 31315 28119 False
[vector] 30168 30863 29193 False
[vector] 31956 28539 29555 False
[vector] 30551 31280 28472 False
[vector] 29523 27128 30869 False
[vector] 28237 32299 27057 False
[vector] 32499 30086 28292 False
[vector] 31071 31417 27531 False
[vector] 29018 30095 30129 False
[vector] 32009 30914 27676 False
[vector] 31714 30638 28496 False
[vector] 27725 29253 30865 False
[vector] 30118 27436 30639 False
[vector] 31439 30943 28299 False
[vector] 33806 29360 27240 False
[vector] 28954 31579 28536 False
[vector] 32189 30879 27417 False
[vector] 32162 29888 28783 False
[vector] 28743 31125 29141 False
[vector] 28098 31299 28919 False
[vector] 31022 30966 28574 False
[vector] 28614 30022 30299 False
[vector] 28932 29851 30417 False
[vector] 31681 28513 29725 False
[vector] 31927 29386 29324 False
[vector] 27597 32332 27138 False
[vector] 29359 31294 28983 False
[vector] 28577 32293 27165 False
[vector] 31954 28319 29599 False
[vector] 31534 28688 29876 False
[vector] 31771 31016 27962 False
[vector] 29836 30863 29384 False
[vector] 29904 29246 30519 False
[vector] 31155 31340 27952 False
[vector] 31800 29978 29091 False
[vector] 31200 28108 30115 False
[vector] 30559 29105 30354 False
[vector] 31181 31249 27867 False
[vector] 28868 31624 28405 False
[vector] 30247 31959 26837 False
[vector] 30576 31902 26289 False
[vector] 31066 30659 28977 False
[vector] 33533 28397 28036 False
[vector] 30043 31226 28895 False
[vector] 30921 28346 30188 False
[vector] 31784 30805 28344 False
[vector] 31614 30881 28374 False
[vector] 29433 27441 30854 False
[vector] 32701 28515 28934 False
[vector] 32488 29725 28677 False
[vector] 28964 29035 30786 False
[vector] 31267 29491 29699 False
[vector] 31634 30319 29036 False
[vector] 33146 29703 28017 False
[vector] 32062 30389 28664 False
[vector] 32668 30355 28073 False
[vector] 30018 31986 26511 False
[vector] 29370 32030 27641 False
[vector] 29777 29490 30501 False
[vector] 31063 30927 28524 False
[vector] 28372 30588 29871 False
[vector] 28340 29028 30971 False
[vector] 31806 30526 28641 False
[vector] 29570 32118 26445 False
[vector] 29944 32014 27152 False
[vector] 32610 30728 26227 False
[vector] 32314 28599 29275 False
[vector] 30733 30197 29483 False
[vector] 28436 30089 30291 False
[vector] 30759 30485 29309 False
[vector] 28456 28949 30809 False
[vector] 28735 32332 26533 False
[vector] 29965 31028 29087 False
[vector] 31527 30764 28714 False
[vector] 28208 31735 28302 False
[vector] 32072 30825 27683 False
[vector] 31826 30102 28944 False
[vector] 32291 29307 28952 False
[vector] 30261 30179 29776 False
[vector] 30019 30447 29641 False
[vector] 31272 31479 26830 False
[vector] 29509 30447 29758 False
[vector] 30659 30294 29536 False
[vector] 28554 31711 28360 False
[vector] 33455 28485 28298 False
[vector] 30795 30329 29336 False
[vector] 34200 28608 26844 False
[vector] 31638 30764 28383 False
[vector] 32328 29608 28852 False
[vector] 32770 27839 29089 False
[vector] 29740 27283 30842 False
[vector] 28630 32271 27421 False
[vector] 31671 30755 28543 False
[vector] 29467 32034 27223 False
[vector] 29777 29886 30087 False
[vector] 31444 30852 28425 False
[vector] 32568 28479 29142 False
[vector] 31467 29800 29431 False
[vector] 29561 31717 28273 False
[vector] 31684 28902 29655 False
[vector] 31458 29952 29397 False
[vector] 33235 30159 26488 False
[vector] 29095 32270 26900 False
[vector] 30491 31442 28348 False
[vector] 32715 29195 28906 False
[vector] 30399 31634 28014 False
[vector] 31441 30814 28480 False
[vector] 32494 29019 29165 False
[vector] 31581 29543 29455 False
[vector] 32012 30512 28484 False
[vector] 29298 30211 30068 False
[vector] 29712 31183 29069 False
[vector] 32522 28082 29264 False
[vector] 31358 27887 30065 False
[vector] 29493 31579 28438 False
[vector] 33127 29307 28280 False
[vector] 29685 29035 30657 False
[vector] 31442 30779 28650 False
[vector] 31056 31296 28020 False
[vector] 31366 28540 29963 False
[vector] 31518 29574 29433 False
[vector] 28794 31572 28561 False
[vector] 31254 30258 29202 False
[vector] 31357 29183 29733 False
[vector] 33884 27811 28049 False
[vector] 32181 28644 29346 False
[vector] 32401 30504 27861 False
[vector] 31187 30460 29139 False
[vector] 30925 29465 30005 False
[vector] 32819 30412 26933 False
[vector] 33212 28937 28597 False
[vector] 32148 30269 28503 False
[vector] 32750 27241 29220 False
[vector] 28797 29641 30586 False
[vector] 28240 32468 26610 False
[vector] 29233 26445 31001 False
[vector] 31253 29906 29521 False
[vector] 31343 30828 28563 False
[vector] 31789 30570 28627 False
[vector] 32454 30636 27755 False
[vector] 33134 29776 28130 False
[vector] 30170 28783 30427 False
[vector] 28439 31689 28384 False
[vector] 30301 29458 30312 False
[vector] 29734 27736 30752 False
[vector] 32280 29125 29255 False
[vector] 32152 30885 27319 False
[vector] 31315 30630 28718 False
[vector] 31010 30311 29348 False
[vector] 28718 32374 26255 False
[vector] 27432 28249 31210 False
[vector] 32092 29721 28935 False
[vector] 32619 27795 29165 False
[vector] 31307 29329 29681 False
[vector] 30982 27958 30234 False
[vector] 30128 31611 28356 False
[vector] 32470 30022 28642 False
[vector] 30880 31617 26851 False
[vector] 33752 28855 27652 False
[vector] 31819 31007 27928 False
[vector] 33526 29102 28159 False
[vector] 32092 30726 28063 False
[vector] 33458 28874 28228 False
[vector] 31886 30740 28220 False
[vector] 29539 32214 25599 False
[vector] 34141 28772 26999 False
[vector] 29947 30955 29242 False
[vector] 30711 31680 27331 False
[vector] 28582 32583 25971 False
[vector] 28916 30900 29576 False
[vector] 30331 31967 26402 False
[vector] 29864 30603 29611 False
[vector] 32935 29465 28514 False
[vector] 28440 32168 27505 False
[vector] 29734 30152 30096 False
[vector] 30228 30696 29495 False
[vector] 31930 31007 27597 False
[vector] 28916 29534 30572 False
[vector] 29109 29167 30774 False
[vector] 30824 30629 29147 False
[vector] 34735 27147 25577 False
[vector] 29104 31524 28558 False
[vector] 31910 30371 28789 False
[vector] 29363 31343 28720 False
[vector] 31561 28023 29899 False
[vector] 33931 28767 27657 False
[vector] 31949 29838 29027 False
[vector] 30931 31526 27578 False
[vector] 28344 32494 26546 False
[vector] 30423 27456 30474 False
[vector] 30071 31824 27508 False
[vector] 30130 29229 30432 False
[vector] 26919 27365 31550 False
[vector] 28948 30076 30254 False
[vector] 29503 30983 29250 False
[vector] 31887 29962 28992 False
[vector] 29975 31922 27341 False
[vector] 31590 30325 28915 False
[vector] 28662 32036 27769 False
[vector] 34002 26966 27643 False
[vector] 30350 31548 28185 False
[vector] 31407 30518 28863 False
[vector] 32717 29799 28405 False
[vector] 31054 31535 26397 False
[vector] 33604 29087 27794 False
[vector] 33711 29650 27204 False
[vector] 29611 30758 29593 False
[vector] 29638 27006 30884 False
[vector] 32129 30527 28184 False
[vector] 31560 30793 28621 False
[vector] 29792 30148 29993 False
[vector] 30645 30931 28808 False
[vector] 33217 28108 28514 False
[vector] 30808 30710 29062 False
[vector] 30246 29521 30284 False
[vector] 28420 28455 31034 False
[vector] 32259 28610 29268 False
[vector] 34065 28616 27194 False
[vector] 29795 31288 28748 False
[vector] 30498 27037 30515 False
[vector] 29977 27745 30749 False
[vector] 29106 28252 30957 False
[vector] 30098 27460 30647 False
[vector] 28506 31958 27840 False
[vector] 32592 28316 29150 False
[vector] 31547 30540 28797 False
[vector] 31276 30066 29378 False
[vector] 31709 29115 29548 False
[vector] 28083 30200 30205 False
[vector] 31077 29539 29882 False
[vector] 33589 29661 27098 False
[vector] 31197 29324 29851 False
[vector] 30249 31412 28518 False
[vector] 32319 28592 29493 False
[vector] 33393 29872 27541 False
[vector] 30014 31351 28536 False
[vector] 32269 30549 28118 False
[vector] 31326 30928 28478 False
[vector] 33662 29083 27691 False
[vector] 32215 30403 28385 False
[vector] 29917 26768 30811 False
[vector] 31682 30213 29060 False
[vector] 28627 31829 28107 False
[vector] 33246 30032 26710 False
[vector] 34176 28559 27021 False
[vector] 29208 31379 28894 False
[vector] 29460 32125 26821 False
[vector] 32056 29746 28972 False
[vector] 28724 32345 26185 False
[vector] 27985 27923 31261 False
[vector] 29768 30403 29782 False
[vector] 28227 31819 28110 False
[vector] 31343 29147 29761 False
[vector] 29238 32188 26992 False
[vector] 30435 29946 29963 False
[vector] 32993 28952 28590 False
[vector] 30451 30964 28978 False
[vector] 28302 29043 30802 False
[vector] 31287 29728 29664 False
[vector] 28302 27082 31305 False
[vector] 31176 28628 30156 False
[vector] 30950 29778 29682 False
[vector] 30415 29709 29998 False
[vector] 29433 31844 27924 False
[vector] 28818 29840 30536 False
[vector] 31092 29592 29746 False
[vector] 30366 28235 30543 False
[vector] 31537 28977 29640 False
[vector] 33037 28510 28925 False
[vector] 31243 30878 28548 False
[vector] 33534 29616 27458 False
[vector] 32267 29528 29074 False
[vector] 29132 28694 30818 False
[vector] 30922 29076 30075 False
[vector] 27860 28187 31167 False
[vector] 30143 28177 30597 False
[vector] 30878 27457 30310 False
[vector] 28152 31959 27858 False
[vector] 32375 29773 28711 False
[vector] 30803 31137 28537 False
[vector] 32067 30861 27666 False
[vector] 29711 30292 29920 False
[vector] 34225 28632 26608 False
[vector] 34265 29085 26580 False
[vector] 30109 30812 29357 False
[vector] 31228 30516 29092 False
[vector] 29573 28275 30767 False
[vector] 33680 29742 27015 False
[vector] 29818 31309 28719 False
[vector] 31788 31099 27739 False
[vector] 31895 31303 26820 False
[vector] 30089 30708 29402 False
[vector] 30029 27528 30701 False
[vector] 33382 29413 27892 False
[vector] 31121 31570 26217 False
[vector] 32361 30437 28263 False
[vector] 30125 32029 26067 False
[vector] 28002 28140 31174 False
[vector] 31171 28833 29916 False
[vector] 29542 31287 28787 False
[vector] 28324 32354 27055 False
[vector] 32642 28060 29093 False
[vector] 34482 27867 26760 False
[vector] 33262 28067 28395 False
[vector] 28946 30483 29913 False
[vector] 28123 31652 28542 False
[vector] 29695 31424 28600 False
[vector] 31272 31394 27686 False
[vector] 34617 27554 26036 False
[vector] 33068 29718 28382 False
[vector] 27953 29964 30487 False
[vector] 29603 31299 28744 False
[vector] 31018 27000 30227 False
[vector] 29832 30093 30082 False
[vector] 29691 31504 28698 False
[vector] 28147 30761 29773 False
[vector] 31865 30230 28844 False
[vector] 29431 30511 29858 False
[vector] 31873 30377 28691 False
[vector] 32415 30612 27834 False
[vector] 30393 29694 30041 False
[vector] 31074 31463 27476 False
[vector] 30830 30455 29327 False
[vector] 30308 30185 29763 False
[vector] 32451 30508 27786 False
[vector] 29625 29484 30592 False
[vector] 32117 30283 28711 False
[vector] 31601 27368 29960 False
[vector] 31339 30478 29014 False
[vector] 29879 29285 30399 False
[vector] 30463 26801 30535 False
[vector] 30170 28574 30493 False
[vector] 31230 30245 29257 False
[vector] 33614 27681 28111 False
[vector] 31493 28969 29676 False
[vector] 31207 31250 27848 False
[vector] 29207 32280 26803 False
[vector] 30310 30746 29289 False
[vector] 31842 28722 29569 False
[vector] 29933 29518 30285 False
[vector] 32034 30684 28370 False
[vector] 33629 29600 27410 False
[vector] 31684 29468 29424 False
[vector] 31778 31249 27086 False
[vector] 31366 30457 29035 False
[vector] 30393 30647 29396 False
[vector] 31914 30433 28644 False
[vector] 31660 30061 29146 False
[vector] 31997 30690 28272 False
[vector] 30373 31725 28099 False
[vector] 31589 30091 29128 False
[vector] 33250 30100 26450 False
[vector] 29738 30023 30263 False
[vector] 30295 28761 30394 False
[vector] 28192 29880 30395 False
[vector] 32467 30186 28291 False
[vector] 31974 30712 28092 False
[vector] 28821 32235 27326 False
[vector] 31752 29987 29125 False
[vector] 32339 30716 27966 False
[vector] 28904 32341 26393 False
[vector] 31252 31069 28517 False
[vector] 30036 31222 28900 False
[vector] 34205 28544 27150 False
[vector] 31520 31234 27306 False
[vector] 34048 27742 27411 False
[vector] 32126 29913 28820 False
[vector] 31715 29993 29027 False
[vector] 29587 31649 28257 False
[vector] 29615 31892 27844 False
[vector] 30167 28394 30497 False
[vector] 34415 28436 26271 False
[vector] 27062 31970 27972 False
[vector] 28820 31638 28392 False
[vector] 31050 31542 27001 False
[vector] 31120 26354 30184 False
[vector] 29993 30508 29573 False
[vector] 31192 30889 28582 False
[vector] 31128 29099 29925 False
[vector] 29414 32013 27591 False
[vector] 28816 30247 30195 False
[vector] 30932 31023 28643 False
[vector] 31974 30961 28032 False
[vector] 29322 29204 30665 False
[vector] 30526 27896 30417 False
[vector] 33716 29595 26973 False
[vector] 28349 30567 29900 False
[vector] 29561 31268 28980 False
[vector] 31318 28542 30004 False
[vector] 27418 32521 26280 False
[vector] 32349 28835 29255 False
[vector] 31546 29253 29626 False
[vector] 29068 31075 29186 False
[vector] 28227 31678 28478 False
[vector] 33705 27899 28044 False
[vector] 32831 29918 28375 False
[vector] 27874 29072 30947 False
[vector] 31671 30853 28378 False
[vector] 32639 27671 29163 False
[vector] 31393 27368 30013 False
[vector] 30775 29351 30010 False
[vector] 32161 30620 28162 False
[vector] 31562 30620 28621 False
[vector] 33498 29397 27865 False
[vector] 32046 27562 29735 False
[vector] 30506 27237 30474 False
[vector] 31896 30265 28796 False
[vector] 28769 28863 30826 False
[vector] 31672 27985 29821 False
[vector] 28713 27425 31217 False
[vector] 31961 29834 28968 False
[vector] 34010 28619 27632 False
[vector] 31188 31471 27265 False
[vector] 32198 29066 29257 False
[vector] 30500 30555 29341 False
[vector] 29096 30405 29941 False
[vector] 33457 29499 27562 False
[vector] 34295 28589 26072 False
[vector] 29773 31594 28437 False
[vector] 28933 32338 26226 False
[vector] 30024 31307 28727 False
[vector] 29212 31299 28901 False
[vector] 26754 28417 31185 False
[vector] 27889 32424 26632 False
[vector] 30381 31456 28374 False
[vector] 30659 31204 28606 False
[vector] 33022 29135 28460 False
[vector] 32152 27660 29544 False
[vector] 28206 32391 26868 False
[vector] 31632 29450 29504 False
[vector] 31048 31105 28312 False
[vector] 31047 27363 30195 False
[vector] 31504 31213 27573 False
[vector] 28014 31329 29083 False
[vector] 33534 28357 28227 False
[vector] 29906 30986 29182 False
[vector] 31353 29688 29577 False
[vector] 30862 30156 29441 False
[vector] 31838 28417 29669 False
[vector] 32976 28601 28717 False
[vector] 31061 30894 28694 False
[vector] 28825 28185 31107 False
[vector] 31536 31223 27411 False
[vector] 28349 32502 26180 False
[vector] 34151 27923 27328 False
[vector] 29894 31395 28599 False
[vector] 30201 30590 29538 False
[vector] 27500 29038 30966 False
[vector] 33927 28362 28004 False
[vector] 30502 31257 28536 False
[vector] 31983 30244 28815 False
[vector] 29435 30382 30025 False
[vector] 31028 29567 29754 False
[vector] 32910 28749 28725 False
[vector] 29383 32105 27402 False
[vector] 29397 31928 28101 False
[vector] 31673 29506 29457 False
[vector] 27661 30027 30292 False
[vector] 29593 31204 28928 False
[vector] 30943 29875 29601 False
[vector] 31007 30955 28774 False
[vector] 29811 31345 28669 False
[vector] 32105 29974 28759 False
[vector] 29686 29028 30603 False
[vector] 30781 31667 26324 False
[vector] 34296 28429 26489 False
[vector] 29008 31778 28115 False
[vector] 31831 29977 29000 False
[vector] 28638 28229 31130 False
[vector] 34044 29126 27055 False
[vector] 29336 32037 27409 False
[vector] 28045 30200 30216 False
[vector] 29512 26207 30928 False
[vector] 30317 31186 29060 False
[vector] 33025 29167 28427 False
[vector] 31881 30839 28100 False
[vector] 27874 27144 31348 False
[vector] 28883 32279 26889 False
[vector] 31918 30100 28977 False
[vector] 32629 29330 28851 False
[vector] 32017 30066 28958 False
[vector] 31894 28768 29534 False
[vector] 31414 29664 29456 False
[vector] 29200 32246 27125 False
[vector] 29643 31358 28719 False
[vector] 33141 28552 28618 False
[vector] 30286 30440 29507 False
[vector] 31615 29006 29607 False
[vector] 32418 30661 27792 False
[vector] 28700 28943 30831 False
[vector] 30938 27079 30346 False
[vector] 29567 31191 29117 False
[vector] 31201 31452 27182 False
[vector] 28462 28354 31115 False
[vector] 28922 31814 28188 False
[vector] 31771 29108 29515 False
[vector] 34524 28320 26596 False
[vector] 33564 28531 28012 False
[vector] 29773 29619 30334 False
[vector] 30944 25901 30281 False
[vector] 31122 28888 29929 False
[vector] 31850 30765 28257 False
[vector] 31282 30650 28971 False
[vector] 29658 28638 30761 False
[vector] 27387 32613 26091 False
[vector] 34288 28775 25837 False
[vector] 31177 28715 29913 False
[vector] 33170 28977 28334 False
[vector] 32189 30133 28716 False
[vector] 29744 28872 30711 False
[vector] 29274 31987 27747 False
[vector] 31034 30657 29075 False
[vector] 28626 31137 29170 False
[vector] 27909 28013 31276 False
[vector] 28402 31932 27904 False
[vector] 30630 26658 30406 False
[vector] 31865 29289 29365 False
[vector] 30863 29044 30086 False
[vector] 30747 30287 29419 False
[vector] 29422 32183 26954 False
[vector] 32697 30423 27719 False
[vector] 29239 30507 29865 False
[vector] 32219 29265 29207 False
[vector] 28583 27520 31162 False
[vector] 29217 29268 30605 False
[vector] 29226 32155 27040 False
[vector] 32655 28351 28996 False
[vector] 31239 31305 27691 False
[vector] 33844 29613 26386 False
[vector] 25132 25571 31660 False
[vector] 27958 28990 30986 False
[vector] 31899 31099 27408 False
[vector] 31128 30756 28936 False
[vector] 32077 30469 28488 False
[vector] 32731 28487 28974 False
[vector] 32055 30830 27800 False
[vector] 32110 29883 28885 False
[vector] 30277 31430 28438 False
[vector] 31137 29161 29918 False
[vector] 30687 28708 30234 False
[vector] 33494 28175 28248 False
[vector] 28823 32318 26897 False
[vector] 30087 28473 30616 False
[vector] 32145 30236 28537 False
[vector] 28166 30001 30378 False
[vector] 31696 30029 29013 False
[vector] 29974 28961 30485 False
[vector] 34284 28376 26755 False
[vector] 33662 27348 28089 False
[vector] 31809 31157 27275 False
[vector] 30419 31837 27329 False
[vector] 34654 27385 25951 False
[vector] 33537 29155 28031 False
[vector] 31762 31161 27470 False
[vector] 29437 30955 29399 False
[vector] 33611 29487 27620 False
[vector] 33502 29254 27863 False
[vector] 29397 31937 27600 False
[vector] 29307 27544 30947 False
[vector] 32431 30211 28328 False
[vector] 31233 29535 29686 False
[vector] 33967 28068 27677 False
[vector] 31673 31366 26991 False
[vector] 28635 28836 30866 False
[vector] 30418 31465 28347 False
[vector] 33512 29784 26643 False
[vector] 32946 28292 28992 False
[vector] 31607 30730 28551 False
[vector] 32494 30165 28312 False
[vector] 32411 30318 28439 False
[vector] 34210 28552 26784 False
[vector] 29436 31844 27862 False
[vector] 31808 29817 29143 False
[vector] 30853 29140 30082 False
[vector] 32307 29898 28747 False
[vector] 30038 31966 26796 False
[vector] 27342 30079 30322 False
[vector] 29957 32071 25695 False
[vector] 33605 29047 27985 False
[vector] 31978 31006 27487 False
[vector] 30675 27337 30405 False
[vector] 28496 30901 29452 False
[vector] 31361 29600 29640 False
[vector] 30081 30977 29127 False
[vector] 29339 31053 29360 False
[vector] 29271 32095 27499 False
[vector] 30765 30925 28944 False
[vector] 30018 26607 30760 False
[vector] 30970 30961 28676 False
[vector] 30279 30724 29322 False
[vector] 32464 29379 28950 False
[vector] 30170 30491 29565 False
[vector] 28928 31413 28735 False
[vector] 27573 28017 31221 False
[vector] 32237 30124 28682 False
[vector] 29935 31451 28552 False
[vector] 30018 31708 28180 False
[vector] 30873 28348 30229 False
[vector] 31740 31108 27773 False
[vector] 30071 29525 30229 False
[vector] 26860 27661 31347 False
[vector] 33778 28511 27779 False
[vector] 29503 32106 26669 False
[vector] 33102 29085 28380 False
[vector] 30363 31426 28382 False
[vector] 30635 27992 30344 False
[vector] 29115 29435 30674 False
[vector] 32896 28836 28819 False
[vector] 28269 28411 31110 False
[vector] 30602 31404 28270 False
[vector] 31640 28438 29777 False
[vector] 30740 26742 30366 False
[vector] 30716 30384 29510 False
[vector] 34438 28325 26544 False
[vector] 29579 32044 27126 False
[vector] 32444 30487 28193 False
[vector] 33021 28711 28647 False
[vector] 33483 28551 28204 False
[vector] 31501 29622 29574 False
[vector] 30958 31493 27920 False
[vector] 30811 30312 29411 False
[vector] 32811 29677 28752 False
[vector] 28058 27088 31283 False
[vector] 30474 29413 30201 False
[vector] 28526 32245 27485 False
[vector] 29270 27730 30988 False
[vector] 34034 29417 26049 False
[vector] 29329 31449 28710 False
[vector] 29654 32086 26966 False
[vector] 28153 32413 26612 False
[vector] 32005 29579 29120 False
[vector] 32858 28640 28900 False
[vector] 31870 27125 29761 False
[vector] 29586 31240 28878 False
[vector] 31820 28729 29562 False
[vector] 30959 30302 29410 False
[vector] 32677 30182 28096 False
[vector] 28265 29513 30708 False
[vector] 30900 30618 29179 False
[vector] 31883 29695 29239 False
[vector] 32137 30067 28737 False
[vector] 31759 28826 29553 False
[vector] 31292 29373 29759 False
[vector] 31534 30223 29061 False
[vector] 29267 31692 28383 False
[vector] 30525 26720 30446 False
[vector] 34400 28383 26361 False
[vector] 27444 29162 30868 False
[vector] 30110 29232 30362 False
[vector] 33589 29659 27181 False
[vector] 29823 28817 30537 False
[vector] 28987 31382 28725 False
[vector] 30671 30826 29083 False
[vector] 29829 32102 26741 False
[vector] 31625 29935 29155 False
[vector] 33069 29130 28289 False
[vector] 32350 27860 29458 False
[vector] 27530 32531 26183 False
[vector] 30952 31546 26923 False
[vector] 29209 30817 29642 False
[vector] 31036 31554 26488 False
[vector] 34590 28002 26398 False
[vector] 29783 27326 30824 False
[vector] 29239 30403 29873 False
[vector] 30595 28579 30248 False
[vector] 28432 29368 30692 False
[vector] 29130 30170 30116 False
[vector] 29402 31936 27735 False
[vector] 28438 30345 30065 False
[vector] 30376 30242 29760 False
[vector] 29989 31833 27821 False
[vector] 30162 30127 29926 False
[vector] 32095 30562 28414 False
[vector] 28471 28835 30930 False
[vector] 34064 29356 26548 False
[vector] 31889 30576 28571 False
[vector] 31117 28924 29953 False
[vector] 31205 29394 29740 False
[vector] 30201 29594 30164 False
[vector] 29985 31988 26540 False
[vector] 32597 29958 28434 False
[vector] 28898 31346 28911 False
[vector] 28042 26884 31350 False
[vector] 32086 30951 26449 False
[vector] 33475 29912 27255 False
[vector] 31754 28893 29566 False
[vector] 30825 31115 28698 False
[vector] 31983 31014 27121 False
[vector] 31228 31440 27251 False
[vector] 27583 32509 26439 False
[vector] 29589 32015 27386 False
[vector] 30310 30786 29234 False
[vector] 32060 29800 28949 False
[vector] 33534 29837 26340 False
[vector] 30662 31391 28185 False
[vector] 33282 29933 27435 False
[vector] 33513 29768 26858 False
[vector] 34184 29323 26954 False
[vector] 30778 31687 26701 False
[vector] 29178 28877 30774 False
[vector] 32734 30486 26559 False
[vector] 28833 32384 26096 False
[vector] 31748 28613 29573 False
[vector] 30709 26971 30366 False
[vector] 30878 30446 29293 False
[vector] 31132 30818 28791 False
[vector] 32529 30623 27714 False
[vector] 29228 28061 31075 False
[vector] 30242 29650 30117 False
[vector] 33562 28496 28030 False
[vector] 31318 30466 29069 False
[vector] 27872 29100 30825 False
[vector] 31484 29156 29667 False
[vector] 31409 31287 27619 False
[vector] 28845 28773 30811 False
[vector] 33376 29737 27936 False
[vector] 31219 29500 29733 False
[vector] 32081 30943 26815 False
[vector] 31104 30877 28625 False
[vector] 32940 29300 28697 False
[vector] 31717 30671 28462 False
[vector] 31031 30096 29413 False
[vector] 30509 30952 28957 False
[vector] 30531 27491 30420 False
[vector] 27927 27281 31324 False
[vector] 31627 29919 29210 False
[vector] 28466 32418 25979 False
[vector] 30713 31379 28177 False
[vector] 31992 29623 29145 False
[vector] 32590 29863 28613 False
[vector] 27788 32014 27871 False
[vector] 30766 31137 28545 False
[vector] 30759 30054 29692 False
[vector] 28100 30137 30244 False
[vector] 29673 27242 30864 False
[vector] 30039 30456 29593 False
[vector] 30415 31050 29054 False
[vector] 30437 29885 29880 False
[vector] 29299 28678 30936 False
[vector] 32706 29906 28525 False
[vector] 30249 30481 29560 False
[vector] 29453 32091 27143 False
[vector] 28942 30153 30117 False
[vector] 30363 29451 30279 False
[vector] 32450 30716 27635 False
[vector] 31280 30774 28811 False
[vector] 29506 27385 30993 False
[vector] 31171 30541 29054 False
[vector] 32482 28737 29203 False
[vector] 31830 29631 29423 False
[vector] 34439 27316 26805 False
[vector] 27948 30594 29785 False
[vector] 31565 30653 28587 False
[vector] 32341 30151 28591 False
[vector] 29348 31368 28878 False
[vector] 31029 31574 26690 False
[vector] 30595 31662 27928 False
[vector] 33462 29725 27306 False
[vector] 34422 28523 25947 False
[vector] 29799 29475 30292 False
[vector] 30767 30019 29626 False
[vector] 29263 31251 29089 False
[vector] 31938 30986 28069 False
[vector] 30612 31243 28510 False
[vector] 33769 29366 27142 False
[vector] 29764 29797 30306 False
[vector] 29952 27004 30791 False
[vector] 32354 30632 27878 False
[vector] 30536 30851 29216 False
[vector] 28053 28613 31146 False
[vector] 30540 30820 29153 False
[vector] 31367 27408 30019 False
[vector] 28111 28609 31043 False
[vector] 31751 28504 29636 False
[vector] 30431 30587 29396 False
[vector] 32633 28623 28980 False
[vector] 28332 31561 28573 False
[vector] 29985 30404 29773 False
[vector] 27797 26551 31382 False
[vector] 30001 29358 30381 False
[vector] 32130 28838 29326 False
[vector] 32743 30380 27779 False
[vector] 29996 31797 27871 False
[vector] 29734 31822 28014 False
[vector] 30913 27693 30290 False
[vector] 27884 31093 29365 False
[vector] 32026 28752 29412 False
[vector] 29369 27537 30914 False
[vector] 31874 28398 29718 False
[vector] 28854 29437 30613 False
[vector] 32027 29482 29299 False
[vector] 30307 31275 28711 False
[vector] 31583 30632 28566 False
[vector] 31961 30523 28518 False
[vector] 31428 31252 27248 False
[vector] 31358 27903 29994 False
[vector] 31428 30333 29193 False
[vector] 31327 29282 29659 False
[vector] 28053 29379 30805 False
[vector] 33426 29193 28109 False
[vector] 30246 30192 29796 False
[vector] 33623 27387 28114 False
[vector] 30145 28132 30556 False
[vector] 28721 32374 26193 False
[vector] 31748 29720 29372 False
[vector] 30472 30643 29349 False
[vector] 29952 31839 27723 False
[vector] 27547 28083 31188 False
[vector] 29058 31605 28472 False
[vector] 33161 29945 27430 False
[vector] 33654 27026 28172 False
[vector] 30455 31386 28369 False
[vector] 33661 28943 27793 False
[vector] 28422 28897 30936 False
[vector] 33125 29372 28262 False
[vector] 34575 28143 25723 False
[vector] 29951 27579 30768 False
[vector] 33725 28888 27956 False
[vector] 32641 29192 28922 False
[vector] 32143 29129 29229 False
[vector] 31399 31330 27478 False
[vector] 31606 30611 28705 False
[vector] 30979 31515 27353 False
[vector] 30287 31624 28111 False
[vector] 30716 29443 30031 False
[vector] 30068 30756 29404 False
[vector] 31276 31472 26226 False
[vector] 33391 29817 27760 False
[vector] 30203 30183 29879 False
[vector] 27983 30207 30249 False
[vector] 31425 31239 27393 False
[vector] 29037 30701 29738 False
[vector] 33361 29878 27261 False
[vector] 32240 30285 28445 False
[vector] 33821 29492 26962 False
[vector] 30989 31401 28109 False
[vector] 31523 30561 28775 False
[vector] 31537 30815 28441 False
[vector] 32356 27980 29270 False
[vector] 32957 29756 28460 False
[vector] 30305 29656 30104 False
[vector] 30200 30871 29084 False
[vector] 28040 29686 30610 False
[vector] 29761 32146 26350 False
[vector] 31425 29094 29712 False
[vector] 33052 30217 27431 False
[vector] 32025 30395 28566 False
[vector] 28647 31399 28804 False
[vector] 32167 30412 28419 False
[vector] 27513 32446 26693 False
[vector] 27617 32472 26629 False
[vector] 29781 32022 26758 False
[vector] 26766 29330 30843 False
[vector] 31837 30561 28593 False
[vector] 29833 28629 30658 False
[vector] 29732 30559 29755 False
[vector] 31620 30116 29101 False
[vector] 29665 29038 30587 False
[vector] 28348 29329 30701 False
[vector] 29378 28623 30762 False
[vector] 33467 29398 27956 False
[vector] 30105 30892 29237 False
[vector] 32074 29419 29229 False
[vector] 30524 28869 30374 False
[vector] 31224 30596 28972 False
[vector] 30736 31556 28091 False
[vector] 31243 30780 28713 False
[vector] 28917 32392 25661 False
[vector] 29554 28867 30731 False
[vector] 31341 30354 29174 False
[vector] 34407 28664 25272 False
[vector] 32101 29912 28904 False
[vector] 28557 32153 27674 False
[vector] 31146 31279 28155 False
[vector] 31385 30797 28566 False
[vector] 28822 28752 30949 False
[vector] 31863 30750 28170 False
[vector] 27606 30799 29674 False
[vector] 32031 31094 27104 False
[vector] 33803 28425 27769 False
[vector] 30128 29617 30163 False
[vector] 31051 31434 27816 False
[vector] 31794 31216 27313 False
[vector] 33818 28478 27679 False
[vector] 29061 31111 29136 False
[vector] 32446 30174 28346 False
[vector] 30559 30739 29321 False
[vector] 33163 30179 27353 False
[vector] 31335 30211 29261 False
[vector] 28419 28973 30797 False
[vector] 32272 30582 28084 False
[vector] 31295 30854 28635 False
[vector] 32845 30379 27739 False
[vector] 30838 28112 30249 False
[vector] 31116 29006 30120 False
[vector] 32466 28765 29250 False
[vector] 30557 29561 29966 False
[vector] 30532 28667 30391 False
[vector] 30302 31783 27595 False
[vector] 31015 31318 28018 False
[vector] 30805 28473 30265 False
[vector] 30367 29718 30032 False
[vector] 29915 30143 30012 False
[vector] 29742 31646 28303 False
[vector] 31011 31251 28288 False
[vector] 29764 31735 27934 False
[vector] 33219 30192 26261 False
[vector] 28994 32253 27042 False
[vector] 29860 32006 27587 False
[vector] 31905 27666 29683 False
[vector] 30660 31164 28797 False
[vector] 29770 29996 30123 False
[vector] 32737 30443 27137 False
[vector] 28526 31967 27792 False
[vector] 29027 31697 28283 False
[vector] 33335 30024 26813 False
[vector] 30290 31373 28468 False
[vector] 30417 28075 30411 False
[vector] 27622 27598 31451 False
[vector] 30842 29534 29889 False
[vector] 28142 29904 30408 False
[vector] 31614 29973 29188 False
[vector] 28173 29274 30786 False
[vector] 32396 30496 28227 False
[vector] 29674 32039 27039 False
[vector] 33241 30024 27076 False
[vector] 29964 28797 30584 False
[vector] 30382 28594 30463 False
[vector] 32753 30415 27090 False
[vector] 30605 31770 26112 False
[vector] 32046 29280 29281 False
[vector] 30594 28586 30302 False
[vector] 28318 32401 26771 False
[vector] 29587 30910 29297 False
[vector] 29746 28650 30639 False
[vector] 29783 29445 30357 False
[vector] 28590 31155 29180 False
[vector] 32175 30141 28607 False
[vector] 31037 30056 29451 False
[vector] 27441 27795 31331 False
[vector] 28678 28314 31000 False
[vector] 30053 26843 30740 False
[vector] 31780 29384 29501 False
[vector] 28904 28116 31047 False
[vector] 29467 31069 29326 False
[vector] 30882 31584 26629 False
[vector] 32313 30446 28297 False
[vector] 32536 29982 28555 False
[vector] 29740 29001 30544 False
[vector] 30979 30086 29436 False
[vector] 32141 30379 28539 False
[vector] 31541 30100 29162 False
[vector] 28931 30875 29418 False
[vector] 30409 28991 30359 False
[vector] 30255 30441 29598 False
[vector] 31013 29934 29559 False
[vector] 28713 32366 26621 False
[vector] 29528 32187 25679 False
[vector] 28600 30604 29780 False
[vector] 31802 29377 29508 False
[vector] 28268 30562 29935 False
[vector] 30970 31454 27556 False
[vector] 29552 30312 30020 False
[vector] 28845 32294 26953 False
[vector] 30583 30605 29271 False
[vector] 28502 27699 31176 False
[vector] 31283 28306 30024 False
[vector] 30626 31570 28117 False
[vector] 30865 31088 28528 False
[vector] 29647 31681 28200 False
[vector] 29859 27788 30703 False
[vector] 27555 30604 29840 False
[vector] 30520 30967 28898 False
[vector] 30719 30007 29721 False
[vector] 32753 27866 29013 False
[vector] 28893 31939 27829 False
[vector] 28444 28036 31151 False
