[nb-items] 80
[nb-objectives] 3
[nb-pareto] 1378
[nb-lorenz] 31
[runtime] 545.9433100223541
[format] f1 f2 f3 isLorenzND
[vector] 31252 30522 30438 True
[vector] 30924 30460 30506 True
[vector] 31923 30445 30373 True
[vector] 31131 31045 29983 True
[vector] 31081 31197 29906 True
[vector] 30984 30980 30171 True
[vector] 32891 30545 29878 True
[vector] 32274 30257 30293 True
[vector] 32601 30746 29872 True
[vector] 30773 30416 30582 True
[vector] 32640 30213 30110 True
[vector] 31145 30744 30248 True
[vector] 31231 31037 29938 True
[vector] 32741 30705 29846 True
[vector] 32841 30697 29801 True
[vector] 32186 31031 29848 True
[vector] 32224 30409 30216 True
[vector] 30618 30620 30520 True
[vector] 32175 30650 30009 True
[vector] 32780 30172 30084 True
[vector] 31816 30800 30030 True
[vector] 31439 30463 30374 True
[vector] 30873 30607 30377 True
[vector] 32066 30831 29857 True
[vector] 31399 30695 30195 True
[vector] 31387 31037 29892 True
[vector] 31544 30530 30312 True
[vector] 32578 30220 30143 True
[vector] 31441 30756 30136 True
[vector] 31766 30952 29953 True
[vector] 30754 30708 30327 True
[vector] 30369 30713 30440 False
[vector] 31479 30134 30504 False
[vector] 35252 27655 25599 False
[vector] 29126 31252 29846 False
[vector] 32410 31615 27504 False
[vector] 33007 29353 30102 False
[vector] 34189 29524 28066 False
[vector] 31445 29241 30996 False
[vector] 27513 25606 32322 False
[vector] 32156 31090 29532 False
[vector] 34752 27811 27305 False
[vector] 32164 31156 29305 False
[vector] 28067 29067 31527 False
[vector] 29779 30231 30733 False
[vector] 34582 28683 27801 False
[vector] 30409 32196 27540 False
[vector] 30269 27384 31637 False
[vector] 29696 32046 28570 False
[vector] 30361 31326 29770 False
[vector] 29794 31202 30112 False
[vector] 33938 30617 27615 False
[vector] 30075 29410 31242 False
[vector] 29351 32479 26529 False
[vector] 33944 29503 28853 False
[vector] 31154 30659 30282 False
[vector] 29816 29552 31218 False
[vector] 31229 28721 31377 False
[vector] 32506 31460 27891 False
[vector] 33377 30146 29453 False
[vector] 29659 32081 28780 False
[vector] 29178 28221 31780 False
[vector] 30016 31885 29030 False
[vector] 31998 31696 27867 False
[vector] 31568 29449 30819 False
[vector] 29023 28151 31821 False
[vector] 27468 32005 28885 False
[vector] 35077 28519 25394 False
[vector] 33465 28936 29817 False
[vector] 31382 31768 28434 False
[vector] 29125 28916 31541 False
[vector] 34923 29005 24620 False
[vector] 30607 29103 31303 False
[vector] 28530 31991 28858 False
[vector] 34211 30061 27378 False
[vector] 34176 28077 28796 False
[vector] 31932 31687 27946 False
[vector] 28240 28366 31886 False
[vector] 31410 31071 29706 False
[vector] 30420 29330 31165 False
[vector] 31545 29233 30951 False
[vector] 29918 28010 31715 False
[vector] 31541 30748 30091 False
[vector] 31531 31756 28235 False
[vector] 34983 27901 27046 False
[vector] 28937 32276 27914 False
[vector] 35493 26184 24383 False
[vector] 29295 28442 31738 False
[vector] 30582 32139 27350 False
[vector] 28447 32545 26153 False
[vector] 31309 30190 30513 False
[vector] 31302 30370 30515 False
[vector] 30989 29362 31138 False
[vector] 32261 30298 30049 False
[vector] 33133 30224 29542 False
[vector] 31990 29935 30423 False
[vector] 33827 30571 28152 False
[vector] 33674 28780 29451 False
[vector] 28398 28281 31772 False
[vector] 30243 26919 31715 False
[vector] 34872 29111 25082 False
[vector] 30448 30255 30642 False
[vector] 29348 29778 31045 False
[vector] 27304 32334 27842 False
[vector] 31381 31224 29588 False
[vector] 33905 29542 28850 False
[vector] 32940 27960 30252 False
[vector] 34745 28695 27125 False
[vector] 34604 29099 27474 False
[vector] 34018 29378 28899 False
[vector] 28615 32527 26185 False
[vector] 31964 31551 28877 False
[vector] 32761 27580 30558 False
[vector] 30707 28591 31387 False
[vector] 29206 32098 28400 False
[vector] 31637 31068 29719 False
[vector] 32359 28599 30660 False
[vector] 30675 30553 30426 False
[vector] 32228 30308 29947 False
[vector] 30821 32104 27362 False
[vector] 30693 32194 26945 False
[vector] 32977 30147 29820 False
[vector] 27847 29548 31303 False
[vector] 34153 28440 28698 False
[vector] 30640 29261 31187 False
[vector] 31705 30535 30181 False
[vector] 31527 31764 28098 False
[vector] 34471 28637 28338 False
[vector] 28250 27763 32142 False
[vector] 28728 31728 29433 False
[vector] 30735 27882 31620 False
[vector] 30169 26449 31840 False
[vector] 34634 28649 27662 False
[vector] 30750 32035 28402 False
[vector] 30600 28172 31578 False
[vector] 29710 31641 29406 False
[vector] 32243 28892 30760 False
[vector] 32509 30938 29234 False
[vector] 33785 30417 28532 False
[vector] 30971 27143 31479 False
[vector] 32559 31262 28821 False
[vector] 32600 28556 30638 False
[vector] 31486 29732 30746 False
[vector] 30018 29504 31159 False
[vector] 28493 27434 32067 False
[vector] 33963 29163 28968 False
[vector] 30550 31301 29836 False
[vector] 28507 26946 32116 False
[vector] 31485 31854 28061 False
[vector] 30085 32136 28080 False
[vector] 31315 28323 31319 False
[vector] 30580 31910 28606 False
[vector] 31432 31778 28286 False
[vector] 30612 31462 29585 False
[vector] 34176 30206 27560 False
[vector] 29751 29107 31381 False
[vector] 34139 29925 28063 False
[vector] 31443 31385 29337 False
[vector] 30694 30188 30662 False
[vector] 34517 29416 27345 False
[vector] 32136 31539 28425 False
[vector] 29220 31652 29448 False
[vector] 33010 29976 29653 False
[vector] 32961 31253 28446 False
[vector] 29812 28980 31514 False
[vector] 29131 29797 31171 False
[vector] 29705 29179 31424 False
[vector] 34556 29258 27856 False
[vector] 27850 27076 32244 False
[vector] 29524 31990 28806 False
[vector] 35290 27572 24713 False
[vector] 34144 30496 27316 False
[vector] 32452 27042 30640 False
[vector] 34016 30105 28109 False
[vector] 33185 29378 29794 False
[vector] 30740 29253 31142 False
[vector] 29278 27380 31909 False
[vector] 30141 30842 30303 False
[vector] 33575 30525 28463 False
[vector] 30394 28927 31458 False
[vector] 31225 28850 31210 False
[vector] 31312 29767 30771 False
[vector] 34755 27145 27379 False
[vector] 28033 26397 32225 False
[vector] 31528 27844 31275 False
[vector] 31953 29992 30430 False
[vector] 32330 28790 30672 False
[vector] 32758 29075 30517 False
[vector] 31075 29010 31178 False
[vector] 29288 32469 26985 False
[vector] 30088 30661 30535 False
[vector] 31562 31560 29252 False
[vector] 34124 30257 27610 False
[vector] 32643 31089 28878 False
[vector] 29874 29548 31115 False
[vector] 29318 29834 31063 False
[vector] 34555 29858 26430 False
[vector] 31916 31700 28305 False
[vector] 29761 28504 31637 False
[vector] 30951 29433 30996 False
[vector] 29618 32388 26225 False
[vector] 28357 27984 32048 False
[vector] 30690 28813 31375 False
[vector] 32165 30013 30298 False
[vector] 28317 32452 27246 False
[vector] 32313 29724 30531 False
[vector] 30544 30816 30258 False
[vector] 30895 32210 26698 False
[vector] 29839 30901 30202 False
[vector] 31392 29049 31145 False
[vector] 30231 30914 30172 False
[vector] 32611 30143 30128 False
[vector] 31858 31809 27841 False
[vector] 29919 29410 31288 False
[vector] 31034 32033 27807 False
[vector] 31772 31452 29321 False
[vector] 33412 30856 28128 False
[vector] 33795 29814 28788 False
[vector] 33400 30350 29092 False
[vector] 33573 30417 28551 False
[vector] 27357 32535 26711 False
[vector] 29437 29637 31157 False
[vector] 27649 32502 26980 False
[vector] 33402 30934 27012 False
[vector] 31598 29573 30790 False
[vector] 29798 29573 31121 False
[vector] 33020 30081 29627 False
[vector] 30870 29533 31031 False
[vector] 28475 30804 30454 False
[vector] 34766 29041 26824 False
[vector] 34206 29786 27748 False
[vector] 30347 29520 31092 False
[vector] 31060 27068 31490 False
[vector] 32053 29984 30385 False
[vector] 34457 28749 27973 False
[vector] 30793 30175 30565 False
[vector] 30617 30278 30634 False
[vector] 31452 31112 29598 False
[vector] 33058 30716 29075 False
[vector] 34501 29430 27491 False
[vector] 30450 29454 31136 False
[vector] 33553 30178 28845 False
[vector] 29377 32121 28393 False
[vector] 28507 28243 31769 False
[vector] 29715 28576 31680 False
[vector] 31868 31400 29238 False
[vector] 34124 28581 29063 False
[vector] 32887 28115 30470 False
[vector] 29482 32397 26360 False
[vector] 29873 29604 31115 False
[vector] 31425 29207 31029 False
[vector] 33711 30643 27459 False
[vector] 31079 28881 31345 False
[vector] 33088 28974 29960 False
[vector] 35091 28484 25071 False
[vector] 33269 27993 29941 False
[vector] 33109 30633 29266 False
[vector] 34416 28809 27973 False
[vector] 31132 29466 30934 False
[vector] 26908 32564 26322 False
[vector] 33954 28900 29109 False
[vector] 31856 31279 29378 False
[vector] 34396 29973 27626 False
[vector] 32109 31648 27368 False
[vector] 28924 28180 31816 False
[vector] 34068 30039 28512 False
[vector] 30990 28900 31234 False
[vector] 32531 30813 29777 False
[vector] 32617 30733 29513 False
[vector] 27626 29136 31567 False
[vector] 31536 30552 30189 False
[vector] 27377 31588 29562 False
[vector] 32569 31073 28952 False
[vector] 30839 30291 30563 False
[vector] 31659 31847 27756 False
[vector] 29393 30513 30631 False
[vector] 30923 31698 29370 False
[vector] 31912 28933 30896 False
[vector] 32776 28499 30354 False
[vector] 30460 28851 31392 False
[vector] 33308 30790 28365 False
[vector] 29048 28620 31725 False
[vector] 33156 28453 30108 False
[vector] 28302 29820 31070 False
[vector] 35245 27998 25845 False
[vector] 33518 30589 28186 False
[vector] 33318 30477 28900 False
[vector] 33077 30948 28437 False
[vector] 30770 31942 28163 False
[vector] 33447 30445 28787 False
[vector] 34320 28658 28334 False
[vector] 32620 31446 27747 False
[vector] 33046 28403 30155 False
[vector] 28763 26500 32140 False
[vector] 30914 26724 31552 False
[vector] 33051 30742 28802 False
[vector] 34140 28173 28742 False
[vector] 29086 32295 27648 False
[vector] 33202 31057 28307 False
[vector] 31589 30502 30246 False
[vector] 32987 30766 28768 False
[vector] 31179 28873 31300 False
[vector] 33244 30356 29070 False
[vector] 32078 31292 29307 False
[vector] 31648 28457 31080 False
[vector] 34318 29105 28100 False
[vector] 32146 30580 30027 False
[vector] 33792 29869 28788 False
[vector] 33625 30715 27529 False
[vector] 32473 30922 29313 False
[vector] 31407 31961 27346 False
[vector] 31927 29589 30723 False
[vector] 29232 28213 31760 False
[vector] 31242 29850 30850 False
[vector] 30765 32117 27791 False
[vector] 33275 27923 30115 False
[vector] 34209 29202 28581 False
[vector] 31848 30680 29873 False
[vector] 31242 29861 30697 False
[vector] 28952 30582 30671 False
[vector] 29819 29418 31333 False
[vector] 27431 32359 27704 False
[vector] 28301 32325 27723 False
[vector] 30082 29895 30991 False
[vector] 31544 29805 30593 False
[vector] 31357 31737 29297 False
[vector] 35252 26629 25754 False
[vector] 34753 28948 26931 False
[vector] 30371 32120 28341 False
[vector] 29708 30881 30350 False
[vector] 34026 28783 28892 False
[vector] 32085 30055 30310 False
[vector] 30546 28450 31479 False
[vector] 32554 31311 28463 False
[vector] 29142 27930 31890 False
[vector] 32327 31495 28209 False
[vector] 29141 32347 27566 False
[vector] 34307 28698 28358 False
[vector] 30667 28156 31594 False
[vector] 29548 26446 31982 False
[vector] 30830 28772 31349 False
[vector] 29208 28090 31872 False
[vector] 33354 29320 29701 False
[vector] 31328 30090 30580 False
[vector] 29102 28259 31760 False
[vector] 29976 29545 31159 False
[vector] 33599 30116 28739 False
[vector] 29542 31659 29374 False
[vector] 34013 30211 28147 False
[vector] 33688 30658 27882 False
[vector] 31335 31239 29556 False
[vector] 28099 32309 27970 False
[vector] 31610 28109 31154 False
[vector] 31900 31098 29623 False
[vector] 29563 30021 30956 False
[vector] 33597 28540 29789 False
[vector] 29150 30403 30780 False
[vector] 31459 30030 30545 False
[vector] 26931 32601 25760 False
[vector] 31400 31124 29655 False
[vector] 34336 28706 28225 False
[vector] 34406 29412 27717 False
[vector] 33570 30523 28589 False
[vector] 28336 27365 32084 False
[vector] 30907 27841 31417 False
[vector] 29461 30999 30157 False
[vector] 29013 29627 31279 False
[vector] 28385 32374 27427 False
[vector] 34946 28833 26514 False
[vector] 30787 32070 27641 False
[vector] 31483 31379 29339 False
[vector] 30904 29716 30998 False
[vector] 34783 27344 27303 False
[vector] 31702 31519 29226 False
[vector] 31317 31872 28029 False
[vector] 27601 32518 26561 False
[vector] 34347 29051 27911 False
[vector] 32437 31122 29350 False
[vector] 32768 31106 28455 False
[vector] 32000 29399 30796 False
[vector] 30516 30886 30197 False
[vector] 33248 30276 29190 False
[vector] 32719 30830 29303 False
[vector] 32573 30914 29268 False
[vector] 30077 32260 27764 False
[vector] 28040 26026 32212 False
[vector] 30564 29693 31045 False
[vector] 29220 31079 30166 False
[vector] 31587 31203 29572 False
[vector] 29755 29027 31501 False
[vector] 33166 27892 30199 False
[vector] 27945 30992 30216 False
[vector] 32350 28704 30553 False
[vector] 33226 30361 29276 False
[vector] 34382 30085 27261 False
[vector] 31640 31358 29477 False
[vector] 31272 32028 26956 False
[vector] 31695 31746 28130 False
[vector] 32927 30345 29841 False
[vector] 32462 30943 29076 False
[vector] 34432 29642 27429 False
[vector] 34863 27911 27252 False
[vector] 29624 30438 30728 False
[vector] 32790 29569 30340 False
[vector] 30493 31987 28839 False
[vector] 31556 29614 30790 False
[vector] 30475 29449 31084 False
[vector] 30484 30296 30593 False
[vector] 31876 31556 28396 False
[vector] 27670 32362 27593 False
[vector] 31003 28043 31416 False
[vector] 32142 31586 28050 False
[vector] 31301 30832 30039 False
[vector] 29638 31706 29316 False
[vector] 31136 29535 30895 False
[vector] 30212 27236 31674 False
[vector] 32866 29395 30115 False
[vector] 32223 29083 30734 False
[vector] 35174 28112 26294 False
[vector] 30865 27834 31442 False
[vector] 32206 30938 29609 False
[vector] 31758 29566 30731 False
[vector] 31291 28725 31191 False
[vector] 34005 30583 27046 False
[vector] 30847 27838 31490 False
[vector] 32999 29413 29974 False
[vector] 32008 31359 29212 False
[vector] 29075 28160 31805 False
[vector] 35074 27730 26450 False
[vector] 31708 31559 28968 False
[vector] 29551 32266 27538 False
[vector] 31728 29285 30825 False
[vector] 30544 28966 31330 False
[vector] 30629 32067 27823 False
[vector] 32126 31592 28374 False
[vector] 33721 29983 29237 False
[vector] 33322 30154 29295 False
[vector] 29922 27881 31882 False
[vector] 27210 28474 31736 False
[vector] 31302 29687 30873 False
[vector] 30078 31232 29863 False
[vector] 29063 29106 31513 False
[vector] 27005 28411 31850 False
[vector] 35259 27257 25366 False
[vector] 29265 28875 31515 False
[vector] 28055 29509 31364 False
[vector] 34665 28742 27548 False
[vector] 30700 28460 31422 False
[vector] 28864 25712 32095 False
[vector] 34222 28954 28461 False
[vector] 29170 31390 29763 False
[vector] 33548 30648 28046 False
[vector] 28104 32274 27922 False
[vector] 31868 31603 28960 False
[vector] 27756 32330 27717 False
[vector] 29765 28424 31757 False
[vector] 34852 29119 25069 False
[vector] 27407 32513 27121 False
[vector] 32337 29333 30506 False
[vector] 32802 28450 30321 False
[vector] 28520 29745 31187 False
[vector] 30557 29758 30969 False
[vector] 29724 29785 31033 False
[vector] 34089 29264 28450 False
[vector] 33074 30946 28441 False
[vector] 29827 31359 29808 False
[vector] 33275 29225 29770 False
[vector] 31252 29247 31106 False
[vector] 34458 29614 27170 False
[vector] 33608 27562 29653 False
[vector] 33589 30271 28615 False
[vector] 34932 28945 26149 False
[vector] 31928 29654 30588 False
[vector] 31133 30010 30689 False
[vector] 33388 29061 29819 False
[vector] 28533 28227 31787 False
[vector] 32263 29876 30454 False
[vector] 32087 29633 30715 False
[vector] 31967 29121 30826 False
[vector] 29016 31571 29556 False
[vector] 34624 29560 26330 False
[vector] 32314 31606 27761 False
[vector] 34874 28586 27182 False
[vector] 27727 32352 27581 False
[vector] 30293 26721 31694 False
[vector] 28295 32503 26808 False
[vector] 34714 28797 27536 False
[vector] 30787 29217 31209 False
[vector] 32768 30783 29062 False
[vector] 33559 30702 27554 False
[vector] 29180 28220 31804 False
[vector] 32952 30823 28826 False
[vector] 30523 29779 30989 False
[vector] 31485 28406 31264 False
[vector] 32997 29956 29846 False
[vector] 34566 28697 27947 False
[vector] 33917 30060 28508 False
[vector] 32224 31291 29023 False
[vector] 29789 31935 28932 False
[vector] 32014 31399 28954 False
[vector] 30467 30576 30596 False
[vector] 34310 29219 28243 False
[vector] 31940 28863 30957 False
[vector] 29088 29658 31273 False
[vector] 29740 32153 28037 False
[vector] 29990 30798 30379 False
[vector] 29223 27537 31982 False
[vector] 29895 30678 30492 False
[vector] 29732 29698 31140 False
[vector] 33514 29507 29389 False
[vector] 28318 32540 26246 False
[vector] 30598 32263 26806 False
[vector] 34652 29451 27330 False
[vector] 35263 27607 25070 False
[vector] 31794 27383 31128 False
[vector] 29976 28791 31564 False
[vector] 32395 29437 30472 False
[vector] 28626 32142 28497 False
[vector] 30515 32159 27772 False
[vector] 29703 32370 26573 False
[vector] 34160 29963 27814 False
[vector] 28789 32269 28000 False
[vector] 30610 30829 30233 False
[vector] 34234 29985 27672 False
[vector] 31301 31745 28506 False
[vector] 34627 29144 27407 False
[vector] 28870 32132 28417 False
[vector] 32310 28883 30911 False
[vector] 29633 32294 27444 False
[vector] 30143 27193 31866 False
[vector] 34383 28985 27965 False
[vector] 30008 27483 31824 False
[vector] 30680 30624 30334 False
[vector] 30610 29447 31077 False
[vector] 30510 30837 30278 False
[vector] 30864 26922 31573 False
[vector] 29378 32154 28164 False
[vector] 34664 28044 27695 False
[vector] 34319 28142 28346 False
[vector] 33528 30369 28969 False
[vector] 28207 32453 27201 False
[vector] 31142 31935 28049 False
[vector] 29818 31913 29068 False
[vector] 34775 29539 26334 False
[vector] 33659 30694 27509 False
[vector] 35226 28477 25221 False
[vector] 31929 30055 30356 False
[vector] 32126 30546 30060 False
[vector] 32570 30280 30015 False
[vector] 30740 28131 31552 False
[vector] 30040 27610 31783 False
[vector] 31737 31841 27262 False
[vector] 34195 30143 27161 False
[vector] 34956 28272 26605 False
[vector] 30055 29498 31095 False
[vector] 35064 28535 25871 False
[vector] 31393 31996 27535 False
[vector] 30062 27892 31648 False
[vector] 27547 32520 27019 False
[vector] 32010 28796 31052 False
[vector] 32331 28669 30599 False
[vector] 33583 29295 29451 False
[vector] 34177 29523 28204 False
[vector] 31830 30068 30453 False
[vector] 29174 29004 31524 False
[vector] 29846 31242 29870 False
[vector] 28690 31267 29928 False
[vector] 33002 27953 30219 False
[vector] 31882 30675 30011 False
[vector] 33100 30389 29512 False
[vector] 28005 31263 29956 False
[vector] 33586 29990 29087 False
[vector] 32672 30959 28869 False
[vector] 30808 32155 26875 False
[vector] 31612 31408 29329 False
[vector] 26879 32570 26753 False
[vector] 32180 31347 28760 False
[vector] 31147 31845 29228 False
[vector] 35401 26769 25315 False
[vector] 30477 29973 30852 False
[vector] 29098 29055 31529 False
[vector] 27773 28390 31817 False
[vector] 30575 31277 29787 False
[vector] 31192 30002 30773 False
[vector] 29158 29575 31194 False
[vector] 33928 28435 29146 False
[vector] 32895 29851 30018 False
[vector] 34861 29059 26598 False
[vector] 34790 29156 26731 False
[vector] 26696 32549 26960 False
[vector] 31365 28809 31184 False
[vector] 33732 29904 28748 False
[vector] 30483 29328 31168 False
[vector] 34081 29372 28565 False
[vector] 33564 29635 29336 False
[vector] 30611 32212 27293 False
[vector] 32349 29524 30494 False
[vector] 32697 30897 29511 False
[vector] 33217 30471 29131 False
[vector] 31719 29695 30659 False
[vector] 31478 29930 30612 False
[vector] 30557 29255 31226 False
[vector] 32306 30374 29908 False
[vector] 30239 30705 30459 False
[vector] 29031 31436 29744 False
[vector] 29561 32317 26760 False
[vector] 30039 32336 26556 False
[vector] 31701 30615 30061 False
[vector] 31679 30024 30529 False
[vector] 27502 32380 27561 False
[vector] 30823 28060 31562 False
[vector] 35291 26621 25318 False
[vector] 29444 26849 31966 False
[vector] 34067 29321 28726 False
[vector] 31297 31217 29632 False
[vector] 28969 31993 28809 False
[vector] 31925 30062 30369 False
[vector] 34395 29403 27767 False
[vector] 32128 31140 29384 False
[vector] 26712 32622 25883 False
[vector] 32580 29677 30271 False
[vector] 29875 32244 28011 False
[vector] 30431 29711 31004 False
[vector] 31918 31248 29315 False
[vector] 30744 28149 31496 False
[vector] 31541 29248 30933 False
[vector] 31719 31053 29672 False
[vector] 29536 31750 29414 False
[vector] 34553 29674 26779 False
[vector] 32937 27917 30449 False
[vector] 33910 30418 27691 False
[vector] 31331 31376 29511 False
[vector] 33703 30663 27180 False
[vector] 31392 29206 31080 False
[vector] 27380 32572 26149 False
[vector] 29193 29790 31138 False
[vector] 32639 31006 29047 False
[vector] 31729 31780 27851 False
[vector] 30655 32118 27746 False
[vector] 31579 29784 30560 False
[vector] 31575 30220 30399 False
[vector] 30608 31591 29418 False
[vector] 30579 31148 29954 False
[vector] 30590 29413 31110 False
[vector] 30006 32162 27842 False
[vector] 33848 30272 28446 False
[vector] 35010 28173 26314 False
[vector] 29433 32206 28082 False
[vector] 34212 28348 28673 False
[vector] 33744 28713 29546 False
[vector] 33245 30970 28324 False
[vector] 28243 25709 32237 False
[vector] 31918 31451 29037 False
[vector] 32607 30223 30008 False
[vector] 31608 30210 30501 False
[vector] 34969 28517 26097 False
[vector] 30510 28699 31469 False
[vector] 28854 30719 30515 False
[vector] 29608 26796 31926 False
[vector] 30205 30389 30645 False
[vector] 32883 29706 30074 False
[vector] 34517 29458 27180 False
[vector] 33129 30540 29027 False
[vector] 30287 32152 27833 False
[vector] 34679 29388 26695 False
[vector] 28340 29061 31552 False
[vector] 32970 27746 30282 False
[vector] 33201 29903 29714 False
[vector] 32613 29685 30111 False
[vector] 33154 30867 28714 False
[vector] 31708 29718 30654 False
[vector] 29383 32336 27425 False
[vector] 31301 31800 28394 False
[vector] 28310 28283 31807 False
[vector] 33574 29032 29592 False
[vector] 32064 30365 30224 False
[vector] 30234 32259 27560 False
[vector] 32802 30756 29107 False
[vector] 34079 29531 28666 False
[vector] 29394 27103 31936 False
[vector] 29922 29348 31256 False
[vector] 31252 32121 27195 False
[vector] 31393 31537 29260 False
[vector] 33967 28233 29162 False
[vector] 33169 30631 28915 False
[vector] 28901 31582 29592 False
[vector] 31461 30825 29980 False
[vector] 31690 31206 29554 False
[vector] 29205 27661 32066 False
[vector] 33026 29959 29711 False
[vector] 31658 31711 28891 False
[vector] 29087 28087 31963 False
[vector] 30357 32228 26962 False
[vector] 30504 29173 31380 False
[vector] 30767 29650 31038 False
[vector] 28590 32082 28537 False
[vector] 30991 31377 29646 False
[vector] 32088 31610 27894 False
[vector] 31822 31300 29398 False
[vector] 29855 29019 31456 False
[vector] 31263 31903 28628 False
[vector] 29207 32239 28144 False
[vector] 34695 29138 26957 False
[vector] 31435 28604 31285 False
[vector] 30135 28655 31575 False
[vector] 31262 29919 30694 False
[vector] 33307 30213 29358 False
[vector] 30243 26923 31691 False
[vector] 29739 29296 31382 False
[vector] 34225 29949 27743 False
[vector] 34997 28212 26605 False
[vector] 35029 27996 26492 False
[vector] 29835 30158 30827 False
[vector] 28539 32289 27878 False
[vector] 34232 27766 28629 False
[vector] 32593 31241 28801 False
[vector] 28329 32320 27699 False
[vector] 32150 28755 31026 False
[vector] 32424 31503 27869 False
[vector] 29872 28033 31805 False
[vector] 31389 30023 30607 False
[vector] 32461 29351 30403 False
[vector] 30303 27269 31659 False
[vector] 33525 29837 29320 False
[vector] 30640 28965 31298 False
[vector] 29832 28362 31675 False
[vector] 30014 32137 27896 False
[vector] 28382 27324 32160 False
[vector] 29932 31563 29632 False
[vector] 29166 31527 29718 False
[vector] 34842 29400 26019 False
[vector] 34542 29874 26907 False
[vector] 30200 27485 31680 False
[vector] 32349 31370 28752 False
[vector] 33449 30801 28124 False
[vector] 31106 27708 31458 False
[vector] 32605 30767 29551 False
[vector] 32934 28054 30293 False
[vector] 30473 29931 30912 False
[vector] 34720 28086 27293 False
[vector] 29139 32292 27667 False
[vector] 31564 29839 30560 False
[vector] 32174 31443 28946 False
[vector] 33754 29319 29334 False
[vector] 28285 31302 29845 False
[vector] 31996 31046 29540 False
[vector] 28434 29424 31425 False
[vector] 31931 28968 30850 False
[vector] 31525 28937 31069 False
[vector] 33173 27977 30102 False
[vector] 30903 28025 31433 False
[vector] 34320 28031 28411 False
[vector] 34127 30151 27572 False
[vector] 29423 32402 27375 False
[vector] 28573 30667 30610 False
[vector] 31980 30538 30167 False
[vector] 29136 32165 28305 False
[vector] 33104 27899 30232 False
[vector] 27210 26060 32319 False
[vector] 30751 32171 27267 False
[vector] 28635 27022 32086 False
[vector] 28084 32088 28607 False
[vector] 26582 32529 26976 False
[vector] 30032 32012 28553 False
[vector] 34333 30030 27273 False
[vector] 30514 28570 31636 False
[vector] 30114 27883 31738 False
[vector] 31916 30654 29991 False
[vector] 31238 29979 30683 False
[vector] 31525 29199 30984 False
[vector] 32447 29659 30412 False
[vector] 28633 32266 28002 False
[vector] 31083 31454 29396 False
[vector] 33366 30681 28829 False
[vector] 30721 29820 30871 False
[vector] 31020 28889 31261 False
[vector] 34608 29502 27144 False
[vector] 32519 28727 30545 False
[vector] 31366 29497 30878 False
[vector] 31190 29254 31139 False
[vector] 28242 29826 31080 False
[vector] 32065 30021 30343 False
[vector] 29543 32205 28127 False
[vector] 30614 30749 30353 False
[vector] 32533 31273 28989 False
[vector] 29329 30966 30289 False
[vector] 35039 28119 26144 False
[vector] 29746 29619 31123 False
[vector] 30702 29910 30871 False
[vector] 28994 29021 31670 False
[vector] 33751 28798 29449 False
[vector] 33302 30247 29534 False
[vector] 28448 28118 31865 False
[vector] 27911 32461 27136 False
[vector] 32819 28192 30329 False
[vector] 32023 29925 30525 False
[vector] 32147 29572 30553 False
[vector] 31261 31443 29416 False
[vector] 32729 28619 30614 False
[vector] 30407 30056 30931 False
[vector] 30450 30317 30613 False
[vector] 31688 27972 31160 False
[vector] 28147 32348 27618 False
[vector] 31780 30220 30376 False
[vector] 29990 27607 31908 False
[vector] 33397 30597 28710 False
[vector] 31383 29878 30645 False
[vector] 32824 28832 30293 False
[vector] 32310 30057 30256 False
[vector] 29956 29511 31192 False
[vector] 34945 28472 26733 False
[vector] 29950 27936 31778 False
[vector] 29815 28226 31736 False
[vector] 35465 27136 25067 False
[vector] 31167 31752 28989 False
[vector] 31621 29484 30735 False
[vector] 32162 31119 29364 False
[vector] 34235 28627 28526 False
[vector] 30650 28658 31443 False
[vector] 33960 28642 29083 False
[vector] 31539 30654 30169 False
[vector] 31888 31820 27266 False
[vector] 28626 31811 29289 False
[vector] 32989 30016 29718 False
[vector] 30227 32135 28055 False
[vector] 31877 29741 30646 False
[vector] 31367 31364 29452 False
[vector] 33390 30272 29105 False
[vector] 34488 29512 27350 False
[vector] 33360 30724 28768 False
[vector] 30309 30193 30775 False
[vector] 30620 28377 31537 False
[vector] 33915 28737 29429 False
[vector] 33243 28568 29996 False
[vector] 30417 29453 31187 False
[vector] 34636 29642 25957 False
[vector] 31248 29376 30939 False
[vector] 32304 31536 27853 False
[vector] 35165 27489 26316 False
[vector] 27936 26678 32186 False
[vector] 30154 31879 29051 False
[vector] 30499 32285 26857 False
[vector] 30752 31409 29653 False
[vector] 34733 28734 27137 False
[vector] 34084 30097 27698 False
[vector] 33463 30689 28489 False
[vector] 28789 31250 29860 False
[vector] 28461 32091 28534 False
[vector] 31289 29241 31042 False
[vector] 29910 28323 31719 False
[vector] 27098 32549 26630 False
[vector] 31026 31877 28649 False
[vector] 32588 29617 30399 False
[vector] 33514 30669 28066 False
[vector] 29553 32495 26282 False
[vector] 26676 32363 27645 False
[vector] 33227 31015 27901 False
[vector] 35011 28100 26970 False
[vector] 31850 31250 29546 False
[vector] 31329 30762 30100 False
[vector] 30880 28930 31287 False
[vector] 29617 32311 27463 False
[vector] 29861 32097 28533 False
[vector] 31614 27446 31217 False
[vector] 29254 31486 29683 False
[vector] 30182 27882 31658 False
[vector] 31339 30175 30530 False
[vector] 34334 28929 28019 False
[vector] 31378 29642 30768 False
[vector] 35029 28680 26053 False
[vector] 33219 30479 28992 False
[vector] 34968 28354 26232 False
[vector] 29942 29936 31017 False
[vector] 30920 30589 30339 False
[vector] 27078 26499 32301 False
[vector] 30209 31931 28969 False
[vector] 30125 29258 31319 False
[vector] 33705 28845 29360 False
[vector] 31165 29605 30877 False
[vector] 31342 29358 31003 False
[vector] 28459 31970 29001 False
[vector] 27114 32622 25553 False
[vector] 31371 31144 29690 False
[vector] 33364 30644 28888 False
[vector] 29790 32023 28694 False
[vector] 31943 31644 27949 False
[vector] 30126 27212 31725 False
[vector] 31449 30543 30272 False
[vector] 35255 27717 24895 False
[vector] 32390 28664 30569 False
[vector] 33282 28260 29897 False
[vector] 33973 27975 29136 False
[vector] 30987 31506 29479 False
[vector] 31581 29699 30754 False
[vector] 34002 30217 27744 False
[vector] 29722 30301 30884 False
[vector] 32959 30739 28846 False
[vector] 30816 30677 30264 False
[vector] 33583 30025 29154 False
[vector] 32104 31510 28851 False
[vector] 30441 32053 28436 False
[vector] 32836 29455 30100 False
[vector] 27597 32498 27429 False
[vector] 34715 29145 26937 False
[vector] 29812 32121 28143 False
[vector] 32548 29183 30448 False
[vector] 30066 29074 31434 False
[vector] 29401 31659 29440 False
[vector] 30170 31991 28634 False
[vector] 34333 29000 27924 False
[vector] 33059 29949 29813 False
[vector] 34000 29358 28947 False
[vector] 29611 31636 29410 False
[vector] 32419 29135 30499 False
[vector] 31709 31106 29621 False
[vector] 34604 29515 26451 False
[vector] 31911 28934 30883 False
[vector] 35351 27301 25278 False
[vector] 34891 28110 27176 False
[vector] 33250 30313 29131 False
[vector] 34918 28634 26590 False
[vector] 28440 29161 31494 False
[vector] 30803 29818 30878 False
[vector] 34997 28716 26021 False
[vector] 31391 31719 28479 False
[vector] 30416 31576 29517 False
[vector] 30995 30274 30534 False
[vector] 31281 31363 29586 False
[vector] 30197 32063 28516 False
[vector] 28738 31946 28996 False
[vector] 30507 30247 30726 False
[vector] 32751 30102 30102 False
[vector] 34024 30296 27325 False
[vector] 31047 30881 30092 False
[vector] 32779 30793 28969 False
[vector] 33548 28567 29629 False
[vector] 31601 30623 30106 False
[vector] 28122 31863 29274 False
[vector] 30777 31614 29410 False
[vector] 30851 29020 31276 False
[vector] 28971 32310 27635 False
[vector] 34127 28862 28591 False
[vector] 30213 29561 31059 False
[vector] 33178 28804 30086 False
[vector] 32356 31470 28256 False
[vector] 29516 30763 30431 False
[vector] 29001 28173 31817 False
[vector] 33170 31097 28080 False
[vector] 33860 29081 29244 False
[vector] 30533 29176 31245 False
[vector] 30920 31524 29532 False
[vector] 32771 31268 28138 False
[vector] 29429 31008 30161 False
[vector] 29560 30931 30181 False
[vector] 30672 30745 30250 False
[vector] 28554 30061 31001 False
[vector] 32012 31142 29464 False
[vector] 33669 30049 28834 False
[vector] 31008 31976 27952 False
[vector] 29996 27925 31661 False
[vector] 30118 27575 31720 False
[vector] 29032 31802 29399 False
[vector] 33030 29879 29831 False
[vector] 31824 29156 31057 False
[vector] 33069 29346 30069 False
[vector] 29090 31375 29818 False
[vector] 29398 26992 31937 False
[vector] 30054 30345 30721 False
[vector] 28988 28626 31735 False
[vector] 31271 31416 29535 False
[vector] 31462 32013 27264 False
[vector] 34662 28848 27586 False
[vector] 34956 28393 26244 False
[vector] 30715 31236 29761 False
[vector] 32949 30929 28864 False
[vector] 29319 29467 31265 False
[vector] 29200 31784 29431 False
[vector] 31862 31103 29592 False
[vector] 33156 31129 28350 False
[vector] 28592 31404 29772 False
[vector] 31202 29399 31029 False
[vector] 31195 30592 30325 False
[vector] 34317 28137 28449 False
[vector] 29042 32188 28181 False
[vector] 29374 29907 31022 False
[vector] 30635 31932 28431 False
[vector] 29384 26503 31998 False
[vector] 31568 29759 30680 False
[vector] 33395 31006 27084 False
[vector] 30235 30834 30292 False
[vector] 31180 31746 28933 False
[vector] 28750 31538 29668 False
[vector] 32675 31117 28499 False
[vector] 31364 27905 31295 False
[vector] 33367 30538 28850 False
[vector] 29862 28828 31591 False
[vector] 31863 30069 30402 False
[vector] 30701 29786 30904 False
[vector] 32902 30975 28749 False
[vector] 31304 29854 30664 False
[vector] 31726 29293 30901 False
[vector] 31859 30138 30435 False
[vector] 31326 27981 31391 False
[vector] 30813 30087 30712 False
[vector] 31989 29770 30559 False
[vector] 34330 30136 27311 False
[vector] 32690 29152 30376 False
[vector] 29232 30621 30560 False
[vector] 32225 30498 30086 False
[vector] 30884 31259 29753 False
[vector] 34723 29337 26881 False
[vector] 35146 27326 26321 False
[vector] 33528 30719 27177 False
[vector] 30093 27957 31647 False
[vector] 31178 30170 30661 False
[vector] 31061 31524 29466 False
[vector] 32244 29976 30387 False
[vector] 32660 29212 30361 False
[vector] 32302 31006 29390 False
[vector] 30629 30996 30031 False
[vector] 35489 26644 23912 False
[vector] 30470 29178 31242 False
[vector] 28349 31813 29372 False
[vector] 30294 28935 31503 False
[vector] 32318 30982 29450 False
[vector] 30557 29412 31161 False
[vector] 31437 30885 29969 False
[vector] 30781 31485 29577 False
[vector] 31337 31405 29343 False
[vector] 34091 28769 28821 False
[vector] 32125 31636 26723 False
[vector] 35397 27229 24844 False
[vector] 29470 29447 31254 False
[vector] 33512 30139 29603 False
[vector] 30647 28774 31433 False
[vector] 27731 29101 31544 False
[vector] 33337 27916 30082 False
[vector] 33564 30780 27070 False
[vector] 28197 28406 31763 False
[vector] 32383 31287 28580 False
[vector] 29430 30442 30669 False
[vector] 31471 31335 29485 False
[vector] 30655 28598 31431 False
[vector] 35337 27413 24913 False
[vector] 33414 28592 29879 False
[vector] 33050 29686 29954 False
[vector] 32737 30718 29153 False
[vector] 32214 31417 28443 False
[vector] 32052 28892 30870 False
[vector] 32551 29692 30144 False
[vector] 32981 30614 29389 False
[vector] 33570 29377 29310 False
[vector] 31255 29124 31084 False
[vector] 34028 30106 27971 False
[vector] 28637 32291 27706 False
[vector] 30038 29538 31126 False
[vector] 32590 29159 30382 False
[vector] 31381 31091 29741 False
[vector] 32222 30831 29811 False
[vector] 34421 29265 27706 False
[vector] 33019 30874 28564 False
[vector] 30308 30296 30668 False
[vector] 31850 28315 31102 False
[vector] 30131 31334 29795 False
[vector] 34538 28498 28023 False
[vector] 32865 31102 28807 False
[vector] 29795 31368 29812 False
[vector] 28480 28194 31838 False
[vector] 29939 31150 30027 False
[vector] 29272 29849 31031 False
[vector] 32613 31518 27819 False
[vector] 28509 31634 29449 False
[vector] 31577 31256 29521 False
[vector] 31536 29580 30823 False
[vector] 34507 30019 27089 False
[vector] 29669 29379 31461 False
[vector] 34624 29252 27406 False
[vector] 30500 29302 31213 False
[vector] 30494 31850 28988 False
[vector] 33192 31103 26769 False
[vector] 32331 31415 28329 False
[vector] 30917 31573 29384 False
[vector] 30731 28246 31460 False
[vector] 29912 31890 29192 False
[vector] 32094 31644 27784 False
[vector] 30694 30031 30727 False
[vector] 31890 30588 30118 False
[vector] 32387 30384 29888 False
[vector] 28689 30152 30975 False
[vector] 32923 30723 28925 False
[vector] 29878 29545 31185 False
[vector] 33427 28859 29835 False
[vector] 31215 29453 30954 False
[vector] 33253 30797 28420 False
[vector] 30353 27071 31638 False
[vector] 29233 29146 31503 False
[vector] 32465 31428 28152 False
[vector] 29763 32387 26351 False
[vector] 30480 28575 31498 False
[vector] 29982 31411 29709 False
[vector] 33951 30119 28180 False
[vector] 31190 31099 29739 False
[vector] 32322 30823 29766 False
[vector] 31489 31688 28899 False
[vector] 32480 29732 30160 False
[vector] 29154 30388 30798 False
[vector] 30886 31117 30015 False
[vector] 34044 28803 28844 False
[vector] 30554 30229 30688 False
[vector] 31279 31796 28830 False
[vector] 30574 31881 28774 False
[vector] 32864 29385 30161 False
[vector] 33230 29973 29696 False
[vector] 30550 28370 31599 False
[vector] 30150 27683 31701 False
[vector] 33116 30633 29214 False
[vector] 30973 31546 29447 False
[vector] 31295 30783 30120 False
[vector] 31629 30176 30452 False
[vector] 31020 30780 30134 False
[vector] 34241 29473 28016 False
[vector] 31529 29982 30581 False
[vector] 29697 29749 31124 False
[vector] 29538 31425 29731 False
[vector] 33630 30181 28648 False
[vector] 31341 30600 30218 False
[vector] 29573 32402 26043 False
[vector] 30186 29783 31036 False
[vector] 31161 31252 29621 False
[vector] 33538 29128 29538 False
[vector] 27622 32561 26008 False
[vector] 32561 29089 30400 False
[vector] 32991 30011 29645 False
[vector] 28685 26870 32163 False
[vector] 31265 28521 31340 False
[vector] 27819 28436 31777 False
[vector] 31388 27885 31301 False
[vector] 33712 30091 28569 False
[vector] 32779 30781 29045 False
[vector] 31575 29047 31061 False
[vector] 27408 25915 32318 False
[vector] 29291 27263 32008 False
[vector] 30800 29389 31072 False
[vector] 30241 32352 26309 False
[vector] 32196 30428 30104 False
[vector] 28052 32590 25650 False
[vector] 33020 30482 29575 False
[vector] 35266 27527 25362 False
[vector] 33840 30073 28717 False
[vector] 28413 32511 26432 False
[vector] 32173 29281 30755 False
[vector] 30960 31927 28471 False
[vector] 31724 27772 31123 False
[vector] 32981 30797 28798 False
[vector] 32875 30822 28951 False
[vector] 31635 30602 30086 False
[vector] 33020 28978 30210 False
[vector] 33240 29370 29952 False
[vector] 29917 31340 29792 False
[vector] 28978 29229 31479 False
[vector] 33933 30046 28362 False
[vector] 30563 32101 28038 False
[vector] 35263 27036 25496 False
[vector] 30596 28283 31577 False
[vector] 31594 29653 30670 False
[vector] 34563 28176 28062 False
[vector] 33595 30432 28224 False
[vector] 28343 32435 27303 False
[vector] 29192 27778 31967 False
[vector] 28720 32540 25916 False
[vector] 28999 27909 32021 False
[vector] 31395 30775 30075 False
[vector] 31378 29938 30657 False
[vector] 28455 31509 29719 False
[vector] 30185 31010 30053 False
[vector] 29561 32371 26598 False
[vector] 31585 29335 30914 False
[vector] 31558 30362 30424 False
[vector] 30035 29739 31112 False
[vector] 32772 28610 30353 False
[vector] 30850 28457 31458 False
[vector] 29300 28861 31656 False
[vector] 30577 32178 27572 False
[vector] 33206 30977 28427 False
[vector] 29318 30942 30322 False
[vector] 30653 30216 30591 False
[vector] 30617 31318 29679 False
[vector] 31130 32086 27328 False
[vector] 28386 27213 32161 False
[vector] 29211 27979 31819 False
[vector] 29482 30967 30191 False
[vector] 31836 31746 28064 False
[vector] 29215 32300 27555 False
[vector] 29876 30072 30883 False
[vector] 32752 30908 29030 False
[vector] 31039 29210 31215 False
[vector] 34321 29596 27966 False
[vector] 30311 31478 29693 False
[vector] 31229 30571 30305 False
[vector] 27904 32337 27631 False
[vector] 30657 30087 30758 False
[vector] 30468 31632 29444 False
[vector] 31671 31857 26898 False
[vector] 31565 28608 31199 False
[vector] 33362 31008 28051 False
[vector] 32934 29318 30256 False
[vector] 29155 27813 31989 False
[vector] 33267 27983 29987 False
[vector] 29986 27736 31741 False
[vector] 27391 32386 27598 False
[vector] 34406 29370 27882 False
[vector] 30454 29325 31303 False
[vector] 30693 31267 29674 False
[vector] 34805 29192 26219 False
[vector] 32163 29884 30499 False
[vector] 31852 31359 29258 False
[vector] 31285 29248 31055 False
[vector] 31678 31618 28652 False
[vector] 30505 31344 29692 False
[vector] 31548 29725 30713 False
[vector] 32038 31762 27817 False
[vector] 29869 30474 30641 False
[vector] 32252 30890 29671 False
[vector] 34724 27612 27381 False
[vector] 30180 31070 30018 False
[vector] 30046 31345 29699 False
[vector] 28666 31442 29748 False
[vector] 31961 29932 30558 False
[vector] 33342 30769 28345 False
[vector] 33692 30578 28002 False
[vector] 27986 26526 32263 False
[vector] 29172 30101 30895 False
[vector] 32014 30517 30147 False
[vector] 29955 28185 31710 False
[vector] 30074 31241 30001 False
[vector] 30028 30141 30870 False
[vector] 33580 28774 29566 False
[vector] 34096 30058 27686 False
[vector] 29978 29421 31215 False
[vector] 32899 31081 28787 False
[vector] 33966 29838 28671 False
[vector] 32435 29184 30448 False
[vector] 33546 30264 28753 False
[vector] 31094 31151 29822 False
[vector] 30099 32299 26496 False
[vector] 35082 28325 25226 False
[vector] 29453 31969 28949 False
[vector] 31942 31611 28178 False
[vector] 32399 29384 30485 False
[vector] 28332 27476 32083 False
[vector] 34300 28613 28455 False
[vector] 31428 29490 30845 False
[vector] 31295 28645 31311 False
[vector] 29883 28414 31644 False
[vector] 29679 28776 31717 False
[vector] 28337 32273 28125 False
[vector] 32751 31361 28377 False
[vector] 33325 28977 29843 False
[vector] 34833 28860 26674 False
[vector] 29825 32037 28573 False
[vector] 34887 28570 26705 False
[vector] 29034 29956 31021 False
[vector] 30725 32051 27841 False
[vector] 32273 31524 27865 False
[vector] 28933 29976 31062 False
[vector] 31595 28732 31170 False
[vector] 30827 30170 30703 False
[vector] 28771 26472 32105 False
[vector] 31946 31198 29463 False
[vector] 27049 29827 31095 False
[vector] 32464 29970 30371 False
[vector] 29262 27542 31918 False
[vector] 28300 27565 32121 False
[vector] 34877 29087 26287 False
[vector] 30752 31542 29500 False
[vector] 34569 29660 26633 False
[vector] 34806 29184 26420 False
[vector] 34175 29682 28305 False
[vector] 31971 29329 30814 False
[vector] 32344 31602 27803 False
[vector] 31146 31272 29612 False
[vector] 30703 31879 28908 False
[vector] 33169 30762 28538 False
[vector] 33870 29687 29032 False
[vector] 29416 31585 29460 False
[vector] 29005 32223 28391 False
[vector] 29290 29464 31400 False
[vector] 30244 29087 31426 False
[vector] 32019 30005 30405 False
[vector] 34336 29491 27790 False
[vector] 30074 31041 30046 False
[vector] 33523 30902 27591 False
[vector] 30601 29498 31060 False
[vector] 32158 31472 28217 False
[vector] 30464 28722 31559 False
[vector] 31188 30131 30606 False
[vector] 29787 27924 31883 False
[vector] 34009 30503 27166 False
[vector] 32655 31210 28738 False
[vector] 28238 28205 31979 False
[vector] 29148 30178 30938 False
[vector] 29848 31327 29842 False
[vector] 30071 29539 31075 False
[vector] 30746 29905 30835 False
[vector] 32429 28532 30755 False
[vector] 33314 29186 29773 False
[vector] 27761 29227 31541 False
[vector] 31554 29769 30582 False
[vector] 32137 29481 30792 False
[vector] 31316 29649 30801 False
[vector] 28283 32418 27525 False
[vector] 32213 30975 29492 False
[vector] 30540 28973 31343 False
[vector] 31140 29406 31062 False
[vector] 29540 29495 31227 False
[vector] 29970 27791 31747 False
[vector] 31399 31577 29002 False
[vector] 29498 32361 27054 False
[vector] 28217 28376 31795 False
[vector] 28818 26343 32067 False
[vector] 30557 30095 30803 False
[vector] 30122 31782 29261 False
[vector] 30581 32012 28410 False
[vector] 32597 30276 29957 False
[vector] 33304 29518 29722 False
[vector] 34206 30137 26860 False
[vector] 30546 31430 29669 False
[vector] 28398 28270 31788 False
[vector] 32985 30729 28827 False
[vector] 34225 29445 28327 False
[vector] 30633 31273 29684 False
[vector] 31531 29851 30677 False
[vector] 29962 28316 31675 False
[vector] 30520 30757 30364 False
[vector] 33268 29718 29759 False
[vector] 30748 31892 28638 False
[vector] 28487 30346 30848 False
[vector] 30766 30829 30187 False
[vector] 32650 29610 30366 False
[vector] 32271 29416 30673 False
[vector] 30248 29776 31003 False
[vector] 27432 32447 27466 False
[vector] 33898 30457 27703 False
[vector] 33223 31095 27781 False
[vector] 31303 31426 29363 False
[vector] 33191 30506 29458 False
[vector] 31592 28113 31202 False
[vector] 30926 31433 29492 False
[vector] 29861 32301 27383 False
[vector] 32387 31274 29273 False
[vector] 35015 28792 25688 False
[vector] 32906 30741 29145 False
[vector] 28485 32434 27278 False
[vector] 29830 31002 30075 False
[vector] 31178 32015 27859 False
[vector] 32741 31414 28326 False
[vector] 30660 29295 31154 False
[vector] 30787 29684 31005 False
[vector] 34186 29603 27816 False
[vector] 31618 29607 30757 False
[vector] 29181 31621 29481 False
[vector] 28883 32246 28124 False
[vector] 31687 29780 30572 False
[vector] 27672 32539 26418 False
[vector] 33878 30218 27997 False
[vector] 29952 32262 26978 False
[vector] 34276 29165 28360 False
[vector] 31506 29766 30713 False
[vector] 30863 29935 30789 False
[vector] 27839 32487 27288 False
[vector] 28482 27187 32138 False
[vector] 31528 31929 27925 False
[vector] 30398 31699 29349 False
[vector] 33856 30303 28083 False
[vector] 29823 28420 31654 False
[vector] 30472 31503 29611 False
[vector] 33684 29386 29239 False
[vector] 29085 32262 27877 False
