[nb-items] 30
[nb-objectives] 4
[nb-pareto] 195
[nb-lorenz] 2
[runtime] 1.8154559135437012
[format] f1 f2 f3 f4 isLorenzND
[vector] 11359 10831 10676 12524 True
[vector] 11044 11254 10984 12084 True
[vector] 10634 9861 10151 12961 False
[vector] 9952 10369 10115 13224 False
[vector] 10931 10762 9758 13073 False
[vector] 10470 9467 11272 10567 False
[vector] 11358 9962 10364 12599 False
[vector] 11854 10544 9412 12607 False
[vector] 11899 10563 9167 11592 False
[vector] 10220 9565 10618 12751 False
[vector] 10968 10469 10240 12582 False
[vector] 11843 10459 10234 12705 False
[vector] 9885 10647 11022 11572 False
[vector] 12418 9222 7837 11514 False
[vector] 11107 10330 11197 11734 False
[vector] 11804 10867 9706 11384 False
[vector] 10583 11061 9409 12506 False
[vector] 10937 10236 10456 12592 False
[vector] 9373 11359 9656 11662 False
[vector] 9845 10628 9239 13308 False
[vector] 9921 11447 9277 11922 False
[vector] 11955 9736 10104 11421 False
[vector] 11362 10582 10310 11639 False
[vector] 9557 10312 9308 13397 False
[vector] 10318 11331 10076 11560 False
[vector] 10950 9668 10533 13067 False
[vector] 11383 10184 10264 12807 False
[vector] 11992 9573 9950 11688 False
[vector] 11935 10463 8591 11258 False
[vector] 11272 10040 8510 13108 False
[vector] 9390 11345 9829 11761 False
[vector] 10530 10392 9590 13174 False
[vector] 12419 10091 8149 11439 False
[vector] 11777 10323 9466 12954 False
[vector] 9755 11309 10174 11635 False
[vector] 11930 10283 9518 11599 False
[vector] 12184 9711 9854 11650 False
[vector] 10100 10259 10335 12955 False
[vector] 10733 10972 10127 12657 False
[vector] 10706 9936 10236 12923 False
[vector] 10076 10430 8981 13348 False
[vector] 12508 10308 8970 11416 False
[vector] 9643 9914 9250 13608 False
[vector] 11776 10894 10172 12061 False
[vector] 10827 10481 10621 12664 False
[vector] 10662 10629 10254 12732 False
[vector] 11142 10370 9398 13090 False
[vector] 12119 10444 9398 11824 False
[vector] 11428 10744 10210 12480 False
[vector] 11842 9590 9922 12780 False
[vector] 9235 10968 10140 12494 False
[vector] 12132 10185 9474 12512 False
[vector] 10409 11301 10916 12220 False
[vector] 10864 10066 10591 12856 False
[vector] 10291 10625 11340 11207 False
[vector] 10865 10626 8990 13322 False
[vector] 9948 10652 10992 11762 False
[vector] 12066 10023 9574 11671 False
[vector] 10465 10122 9370 13206 False
[vector] 10329 10256 8797 13489 False
[vector] 12309 9498 9114 11440 False
[vector] 9809 10837 9580 13099 False
[vector] 10775 11307 9925 11649 False
[vector] 10038 9971 10057 13435 False
[vector] 12019 8903 9562 11708 False
[vector] 11201 9649 8972 13006 False
[vector] 12195 9632 9365 11458 False
[vector] 11021 10728 11255 11523 False
[vector] 11991 8704 9638 11763 False
[vector] 11648 10557 9916 12331 False
[vector] 10508 9984 10756 12359 False
[vector] 10540 10400 9322 13131 False
[vector] 9887 10623 10179 12804 False
[vector] 12020 9772 9874 11633 False
[vector] 11219 9840 9961 13000 False
[vector] 12473 9437 9094 11457 False
[vector] 11154 10209 10514 12578 False
[vector] 10344 10480 11227 11639 False
[vector] 10060 9992 10711 12356 False
[vector] 11139 10950 10445 12292 False
[vector] 10547 11306 9826 11789 False
[vector] 11194 10023 10384 12582 False
[vector] 10531 10258 10138 12957 False
[vector] 9750 10932 9778 13100 False
[vector] 12638 8747 7951 10803 False
[vector] 10964 10774 9869 12697 False
[vector] 10690 9381 9816 13184 False
[vector] 10516 11047 9734 12848 False
[vector] 10569 11312 8515 11499 False
[vector] 12408 10170 8638 11631 False
[vector] 11372 10526 10322 11946 False
[vector] 11130 10856 10926 12295 False
[vector] 9709 10527 11159 11775 False
[vector] 12156 9512 9930 11705 False
[vector] 10955 11201 9830 12201 False
[vector] 11362 10608 9442 12729 False
[vector] 10071 9983 10168 13059 False
[vector] 10036 10470 10685 12341 False
[vector] 10156 10910 10096 12735 False
[vector] 10555 9611 9726 13240 False
[vector] 9808 9210 10999 11914 False
[vector] 10278 9867 9318 13472 False
[vector] 10210 11207 9748 12998 False
[vector] 11597 10498 10311 12377 False
[vector] 11927 9537 10180 11476 False
[vector] 11361 11179 10148 11836 False
[vector] 11122 10904 10224 12630 False
[vector] 9912 11353 9758 11925 False
[vector] 10724 10878 10608 12660 False
[vector] 10506 10237 10653 12590 False
[vector] 10966 10200 8524 13258 False
[vector] 10242 10512 10038 12946 False
[vector] 11614 10484 10484 12476 False
[vector] 10134 9963 10676 12540 False
[vector] 10445 10656 10196 12746 False
[vector] 10430 10082 11169 11850 False
[vector] 10136 10734 9911 12745 False
[vector] 11932 9812 9810 12031 False
[vector] 10558 11391 9004 11691 False
[vector] 11374 9734 10628 11867 False
[vector] 12094 10222 9498 11616 False
[vector] 9836 10534 9720 13311 False
[vector] 12197 9406 9500 11072 False
[vector] 12407 9301 8326 11706 False
[vector] 10234 10560 9336 13281 False
[vector] 9932 11368 8788 11730 False
[vector] 10056 10772 9764 12950 False
[vector] 10572 11140 9898 12698 False
[vector] 10942 10847 8936 12975 False
[vector] 10883 10001 10286 12887 False
[vector] 11869 10134 10162 11210 False
[vector] 10050 11132 9969 12534 False
[vector] 10748 10231 10196 12943 False
[vector] 11841 9935 10238 11265 False
[vector] 11890 10469 9648 11595 False
[vector] 10658 10742 9840 12909 False
[vector] 9849 9464 11414 10556 False
[vector] 10693 10617 9178 13251 False
[vector] 10667 10836 9359 12906 False
[vector] 11678 9651 9942 12763 False
[vector] 11387 10804 10210 11847 False
[vector] 11862 10270 9724 11650 False
[vector] 11190 9564 9794 13104 False
[vector] 11753 10368 10443 11500 False
[vector] 9172 9216 11386 10672 False
[vector] 11100 10075 9438 13070 False
[vector] 10471 10487 9788 13175 False
[vector] 10377 10227 11282 11418 False
[vector] 11753 10970 9878 12671 False
[vector] 10638 11276 10666 12449 False
[vector] 11538 9673 10608 11884 False
[vector] 11293 10695 9908 12773 False
[vector] 11370 10752 10187 12332 False
[vector] 10988 10127 9457 12980 False
[vector] 9521 10957 10028 12871 False
[vector] 11248 10687 8922 12825 False
[vector] 12160 10384 9398 12457 False
[vector] 10296 10809 9690 13209 False
[vector] 10961 9589 10044 12875 False
[vector] 9652 10008 8769 13605 False
[vector] 12091 10245 9474 11879 False
[vector] 10307 10143 9485 13368 False
[vector] 12214 8681 7856 12003 False
[vector] 12315 9688 8500 11713 False
[vector] 10930 9893 9446 13148 False
[vector] 11336 10305 10947 11963 False
[vector] 11452 10071 10666 11673 False
[vector] 10369 11329 9607 12014 False
[vector] 11304 10780 9086 12675 False
[vector] 11748 10695 10248 12116 False
[vector] 10542 9592 9933 13116 False
[vector] 11596 9706 9779 12833 False
[vector] 10320 10162 9278 13492 False
[vector] 11166 10211 10206 12821 False
[vector] 10014 10657 10393 12744 False
[vector] 10955 10115 9346 13356 False
[vector] 11349 9512 10728 11659 False
[vector] 10630 10530 9922 12959 False
[vector] 9394 11062 8952 13223 False
[vector] 11244 9841 8586 13163 False
[vector] 12738 8885 8283 10588 False
[vector] 10964 11369 9322 11326 False
[vector] 10224 10552 9604 13324 False
[vector] 11902 10084 9594 11654 False
[vector] 10944 11116 10652 12299 False
[vector] 10649 11197 10177 12257 False
[vector] 10735 10212 10403 12819 False
[vector] 10726 10140 9596 13127 False
[vector] 9480 10664 8894 13434 False
[vector] 12280 8817 8624 11754 False
[vector] 10978 11118 10216 12333 False
[vector] 11208 10506 10166 12841 False
[vector] 10878 10980 9884 12548 False
[vector] 9985 10381 10226 12848 False
[vector] 12215 9550 8168 11928 False
