[nb-items] 50
[nb-objectives] 4
[nb-pareto] 1008
[nb-lorenz] 15
[runtime] 117.63701820373535
[format] f1 f2 f3 f4 isLorenzND
[vector] 19771 18771 18548 18475 True
[vector] 20108 19036 18161 18834 True
[vector] 20098 19639 17905 19164 True
[vector] 19610 19527 18150 18726 True
[vector] 20016 19505 18468 18361 True
[vector] 20331 19082 18160 18801 True
[vector] 19854 19948 17994 18793 True
[vector] 19371 18919 18641 18358 True
[vector] 19696 19129 18092 18937 True
[vector] 20260 19926 18312 18428 True
[vector] 19457 18521 18583 18569 True
[vector] 20102 19107 18410 18572 True
[vector] 20001 19202 18244 18660 True
[vector] 19561 19281 18102 18795 True
[vector] 19692 19661 17587 19529 True
[vector] 21004 18726 16633 18628 False
[vector] 21700 17708 15688 16765 False
[vector] 19575 19460 18622 17869 False
[vector] 20374 19501 17788 17962 False
[vector] 19238 20019 16997 18659 False
[vector] 18014 20544 17415 17956 False
[vector] 19491 17271 18427 18522 False
[vector] 20073 18517 16576 19606 False
[vector] 20426 18664 16065 19062 False
[vector] 18670 20725 16319 17513 False
[vector] 19922 17919 18017 19344 False
[vector] 20800 18185 16652 19117 False
[vector] 19207 20241 16323 18717 False
[vector] 18940 20332 16627 18079 False
[vector] 19885 20297 16448 18215 False
[vector] 20636 18952 16828 18913 False
[vector] 17887 19802 16861 19444 False
[vector] 21304 18062 16927 17907 False
[vector] 18258 19128 16698 19697 False
[vector] 20564 19311 16129 19032 False
[vector] 21593 17335 15950 16851 False
[vector] 21297 19110 15862 17683 False
[vector] 17035 16482 19486 15158 False
[vector] 16849 16842 19491 15611 False
[vector] 16842 17690 19344 15945 False
[vector] 19307 20242 15121 18526 False
[vector] 20939 19107 17886 18071 False
[vector] 18275 20707 16667 17752 False
[vector] 18769 19488 16440 19956 False
[vector] 21806 16904 14804 17297 False
[vector] 20555 19179 16177 19001 False
[vector] 19672 18103 17868 19196 False
[vector] 18795 19890 16040 19359 False
[vector] 20576 18717 16120 19047 False
[vector] 21085 18220 16190 18983 False
[vector] 20463 18257 16229 19335 False
[vector] 20517 19799 15304 18407 False
[vector] 19686 19030 18640 16755 False
[vector] 19030 19651 15692 19752 False
[vector] 18451 18352 18790 18052 False
[vector] 18775 20146 17749 18793 False
[vector] 20023 17710 18824 16580 False
[vector] 20769 18097 16215 19185 False
[vector] 19950 17613 18480 17835 False
[vector] 18943 20000 18194 17634 False
[vector] 17477 17643 19412 15809 False
[vector] 19784 19076 16655 19692 False
[vector] 18635 19685 15795 19415 False
[vector] 18290 17341 19459 16357 False
[vector] 20090 18916 16641 19542 False
[vector] 17841 21055 16284 16399 False
[vector] 18894 20281 17664 17993 False
[vector] 20087 19163 17234 19223 False
[vector] 19181 20033 17157 18938 False
[vector] 20225 19407 16727 19200 False
[vector] 19048 20117 17232 18527 False
[vector] 19950 19887 16933 18608 False
[vector] 19717 20319 17007 17701 False
[vector] 19859 19280 16320 19426 False
[vector] 20570 18816 16060 19162 False
[vector] 17149 18678 14837 20323 False
[vector] 19288 19867 17074 19112 False
[vector] 17957 17773 16273 19959 False
[vector] 21090 19480 16016 18471 False
[vector] 20736 19090 17160 18698 False
[vector] 21686 17243 15207 17558 False
[vector] 19649 18062 18638 18001 False
[vector] 18910 18841 16630 19938 False
[vector] 17771 20999 15956 16924 False
[vector] 19450 19232 16664 19625 False
[vector] 20145 18357 16666 19757 False
[vector] 20126 18460 17998 18855 False
[vector] 18888 18931 15954 19888 False
[vector] 19107 20194 16901 18422 False
[vector] 21107 19102 16295 18189 False
[vector] 21189 19202 15860 17343 False
[vector] 21268 18356 16723 17434 False
[vector] 20983 17647 17612 17560 False
[vector] 17636 19817 18652 16103 False
[vector] 18508 19487 18618 17228 False
[vector] 21814 17543 15477 16581 False
[vector] 19431 19742 18376 17380 False
[vector] 19359 20366 17404 17290 False
[vector] 18782 18380 19157 16209 False
[vector] 18533 18486 18227 18855 False
[vector] 19403 18462 18200 18939 False
[vector] 21660 16983 13793 17792 False
[vector] 19657 20354 16967 17924 False
[vector] 20534 18768 18244 18052 False
[vector] 21096 19017 17117 18287 False
[vector] 19230 20203 17654 18153 False
[vector] 18633 19954 17753 18267 False
[vector] 21639 17979 15123 17935 False
[vector] 16693 18940 19044 15496 False
[vector] 19766 19105 16429 19507 False
[vector] 19321 20207 17788 17925 False
[vector] 19909 18487 17940 18869 False
[vector] 19557 20307 17545 17629 False
[vector] 21334 18178 16394 17564 False
[vector] 19330 20375 17280 17050 False
[vector] 19367 19773 17431 18934 False
[vector] 18411 20722 17940 17093 False
[vector] 19266 18525 16215 19837 False
[vector] 18110 20695 17054 17469 False
[vector] 19370 19127 15255 19833 False
[vector] 20309 19937 17320 16883 False
[vector] 20678 19349 17782 18048 False
[vector] 19596 19748 17181 19163 False
[vector] 20053 19945 17411 17486 False
[vector] 19276 18553 18822 17646 False
[vector] 20152 19297 18386 17455 False
[vector] 19681 20613 16803 17228 False
[vector] 19071 17997 18791 18030 False
[vector] 19966 19657 18391 17908 False
[vector] 19841 19111 16401 19405 False
[vector] 18615 18165 16734 19885 False
[vector] 17839 20843 15656 17599 False
[vector] 19586 18203 15512 19833 False
[vector] 18920 20376 16975 18031 False
[vector] 18494 19738 18429 17343 False
[vector] 19613 20247 17464 17934 False
[vector] 21741 17637 14348 17471 False
[vector] 19300 20259 17982 17628 False
[vector] 18867 19677 17442 19266 False
[vector] 18343 17196 19346 16789 False
[vector] 17811 20091 18358 16618 False
[vector] 19400 20306 17404 17923 False
[vector] 20284 19279 17900 18711 False
[vector] 19331 18468 18820 17575 False
[vector] 18602 20811 16558 17228 False
[vector] 19927 18366 16830 19633 False
[vector] 18425 20556 15542 18014 False
[vector] 17783 19071 18902 15970 False
[vector] 17251 18852 15068 20177 False
[vector] 19895 18541 16517 19609 False
[vector] 20330 19112 16842 19063 False
[vector] 19486 17646 18684 17925 False
[vector] 19918 19995 16580 19101 False
[vector] 21547 17413 15447 17644 False
[vector] 17706 20964 16310 16339 False
[vector] 21333 18006 15430 18157 False
[vector] 19467 17918 18839 18239 False
[vector] 21829 17331 14556 17010 False
[vector] 19767 18677 16590 19756 False
[vector] 21424 17723 16524 17646 False
[vector] 21160 17683 16198 18551 False
[vector] 17569 20102 18499 16240 False
[vector] 18890 19659 18477 17552 False
[vector] 19277 20184 16796 18451 False
[vector] 19877 17908 18841 17418 False
[vector] 21420 17991 16324 17095 False
[vector] 20730 17636 17983 17291 False
[vector] 20308 18556 18431 18240 False
[vector] 19425 19669 15344 19513 False
[vector] 19044 20267 18073 18231 False
[vector] 19175 19466 16758 19591 False
[vector] 19853 19431 15973 19599 False
[vector] 19389 20325 17513 17169 False
[vector] 19402 18333 18653 18127 False
[vector] 19852 17686 18941 17210 False
[vector] 17747 20635 17719 17318 False
[vector] 19983 18976 16507 19514 False
[vector] 19537 20163 17398 18120 False
[vector] 19426 19280 16660 19828 False
[vector] 19864 19698 16928 18838 False
[vector] 20668 18743 17994 18017 False
[vector] 20166 18274 17868 18859 False
[vector] 18773 20937 16314 16980 False
[vector] 20244 19979 16713 18460 False
[vector] 20177 19445 17983 18537 False
[vector] 19709 18210 17990 18865 False
[vector] 20207 17954 17555 19210 False
[vector] 18436 19955 15414 19203 False
[vector] 19372 18559 15512 20069 False
[vector] 20328 18561 18275 18123 False
[vector] 19906 20335 15922 17347 False
[vector] 18774 20017 18202 17981 False
[vector] 20990 19342 15684 18686 False
[vector] 21486 17697 16802 17021 False
[vector] 19844 20004 15314 18778 False
[vector] 18086 20743 17507 17530 False
[vector] 21255 18515 15029 18629 False
[vector] 20750 20004 16453 18390 False
[vector] 20330 18213 17848 18876 False
[vector] 20678 17427 18090 16853 False
[vector] 19609 18484 18141 19211 False
[vector] 19233 18660 16190 20125 False
[vector] 19596 19383 16410 19598 False
[vector] 19499 19041 17117 19826 False
[vector] 18551 19889 17082 19219 False
[vector] 19919 19567 16741 19350 False
[vector] 19535 19009 18801 17086 False
[vector] 21575 17612 15371 17589 False
[vector] 21506 17257 16053 17682 False
[vector] 17450 18286 14751 20343 False
[vector] 18896 20424 17428 18092 False
[vector] 19320 20489 17029 17650 False
[vector] 21601 17036 16164 16574 False
[vector] 19456 19682 15247 19406 False
[vector] 19132 20277 17950 17168 False
[vector] 21838 17051 14322 17122 False
[vector] 18492 19463 18636 16238 False
[vector] 17446 19569 18688 16373 False
[vector] 20441 19189 17131 18927 False
[vector] 20252 19462 17602 18517 False
[vector] 19720 20145 17349 18252 False
[vector] 16710 17489 19447 14832 False
[vector] 18858 20772 16422 17064 False
[vector] 19822 18480 18659 17419 False
[vector] 19301 18168 15974 19967 False
[vector] 20579 18532 15765 19284 False
[vector] 21596 18233 15358 17160 False
[vector] 21412 17845 16355 16979 False
[vector] 20409 18863 16687 19045 False
[vector] 19093 20295 16841 18310 False
[vector] 18826 20437 17964 17318 False
[vector] 19805 18881 17103 19676 False
[vector] 18808 18785 17204 19588 False
[vector] 18944 20129 17741 18446 False
[vector] 19330 18726 18702 17983 False
[vector] 18164 17614 18649 18316 False
[vector] 20447 17850 16816 19247 False
[vector] 21425 17763 16496 17327 False
[vector] 19113 19128 18756 17428 False
[vector] 18970 20224 17052 18484 False
[vector] 18110 19184 18838 16781 False
[vector] 20615 19147 16380 18929 False
[vector] 20439 18904 16641 19052 False
[vector] 18390 17067 19308 16011 False
[vector] 20921 18987 16366 18779 False
[vector] 19952 20273 17442 17966 False
[vector] 20187 19517 16488 19025 False
[vector] 20492 18500 18255 18140 False
[vector] 16800 17722 15069 20361 False
[vector] 21569 18437 15037 17554 False
[vector] 17466 18607 15616 20178 False
[vector] 19120 19294 18777 16861 False
[vector] 20763 19436 16530 18865 False
[vector] 19188 19820 17652 18817 False
[vector] 20299 18293 18572 17141 False
[vector] 17942 19202 18806 16321 False
[vector] 20688 18746 18038 17718 False
[vector] 20406 19039 16616 19340 False
[vector] 18079 20515 17300 17545 False
[vector] 20523 19732 17312 18766 False
[vector] 18063 19090 18839 16521 False
[vector] 18797 20367 16222 18300 False
[vector] 19727 20185 18106 17560 False
[vector] 19060 18803 15360 19941 False
[vector] 20348 18374 17392 19130 False
[vector] 20184 19141 17568 18926 False
[vector] 19186 18465 17280 19589 False
[vector] 18874 20073 17413 18971 False
[vector] 18726 19243 15963 20138 False
[vector] 18939 17329 15551 20143 False
[vector] 21000 19596 17181 17986 False
[vector] 19967 20199 16371 17428 False
[vector] 19847 18702 18559 17627 False
[vector] 19065 20305 17547 17363 False
[vector] 19279 20440 16415 18291 False
[vector] 18389 18471 15498 20335 False
[vector] 20278 19350 18149 18449 False
[vector] 17489 20214 18089 16427 False
[vector] 19081 19986 17735 18643 False
[vector] 19707 20202 17044 18377 False
[vector] 21512 18226 15193 17771 False
[vector] 20630 19804 16462 18087 False
[vector] 19439 20173 17590 17622 False
[vector] 19206 20048 18160 16704 False
[vector] 21003 17857 16321 18703 False
[vector] 20009 19422 17084 19187 False
[vector] 20022 19779 16736 18817 False
[vector] 20202 19145 18463 17908 False
[vector] 20517 18722 18155 18348 False
[vector] 20619 19883 16951 18279 False
[vector] 19313 20063 17842 18230 False
[vector] 18536 17725 15748 20202 False
[vector] 20026 19985 17335 18102 False
[vector] 21592 17800 15686 16425 False
[vector] 19767 20167 17084 18154 False
[vector] 18723 20567 16598 17908 False
[vector] 19956 20183 15999 17800 False
[vector] 17056 17439 15278 20394 False
[vector] 18293 17348 19269 16336 False
[vector] 18598 20526 16227 17939 False
[vector] 21368 18996 15413 17268 False
[vector] 21283 17563 14345 18446 False
[vector] 18879 18504 18102 18975 False
[vector] 21417 18802 15436 17893 False
[vector] 18014 20912 17114 16583 False
[vector] 20428 19757 17054 18452 False
[vector] 20777 18835 16371 18679 False
[vector] 20065 20194 16939 17114 False
[vector] 20479 18580 18314 17610 False
[vector] 18582 19091 15968 20038 False
[vector] 18395 18372 15558 20220 False
[vector] 19219 18029 18490 18764 False
[vector] 21040 19062 16299 17682 False
[vector] 20997 18345 17593 18096 False
[vector] 19761 20420 16989 17560 False
[vector] 21267 19041 17000 17657 False
[vector] 20303 19148 16877 19236 False
[vector] 20238 20051 17769 17298 False
[vector] 18158 17685 18898 18054 False
[vector] 20369 18241 17962 18474 False
[vector] 21232 18170 17124 17698 False
[vector] 20444 20164 16467 18540 False
[vector] 19450 20154 17481 18376 False
[vector] 18677 19315 17981 18829 False
[vector] 17885 19092 18713 17557 False
[vector] 20993 18805 17122 18820 False
[vector] 19253 19423 15830 19644 False
[vector] 21144 18476 16916 18159 False
[vector] 19182 20125 18027 17621 False
[vector] 17597 20590 16442 17937 False
[vector] 19635 20310 17241 18168 False
[vector] 20318 19164 18019 18453 False
[vector] 19962 19171 16059 19530 False
[vector] 18950 18904 18810 17675 False
[vector] 19963 20194 16953 17774 False
[vector] 21165 18144 16728 17967 False
[vector] 20152 19575 16374 19060 False
[vector] 19066 18719 15526 20219 False
[vector] 19522 19091 18660 16738 False
[vector] 20249 18760 16315 19483 False
[vector] 18582 19067 16016 20001 False
[vector] 21461 17931 16324 17728 False
[vector] 21748 17506 14192 17040 False
[vector] 20886 18596 17269 18567 False
[vector] 21505 18155 15672 17303 False
[vector] 21667 17027 14439 17752 False
[vector] 19607 20155 17622 18082 False
[vector] 20151 18258 16726 19642 False
[vector] 18186 19623 18650 16388 False
[vector] 18968 19582 17608 19178 False
[vector] 20038 18535 18468 17118 False
[vector] 18701 20216 16583 18787 False
[vector] 20923 19777 15622 18042 False
[vector] 21448 18190 16248 17040 False
[vector] 21435 18272 16107 16692 False
[vector] 21523 18147 14704 17579 False
[vector] 21166 18652 15338 18640 False
[vector] 20671 19145 16046 19206 False
[vector] 18672 20456 17393 17945 False
[vector] 18694 20677 15866 17452 False
[vector] 21960 16293 14150 16835 False
[vector] 21093 18496 17232 17609 False
[vector] 21816 17413 14415 16662 False
[vector] 21612 18014 15480 17226 False
[vector] 21746 17636 15254 16959 False
[vector] 19321 19071 18564 17905 False
[vector] 20089 18924 15989 19694 False
[vector] 18751 20506 16838 18119 False
[vector] 18113 18938 18916 16974 False
[vector] 21724 17998 15347 16499 False
[vector] 20684 19502 15698 18836 False
[vector] 21018 18375 16108 18631 False
[vector] 20344 20026 16135 18755 False
[vector] 18544 19586 18506 17796 False
[vector] 21506 18339 14047 17625 False
[vector] 18861 19748 17691 19004 False
[vector] 21875 17259 14122 17204 False
[vector] 21557 18082 15963 17241 False
[vector] 19848 17971 18668 17568 False
[vector] 20287 19444 17668 18446 False
[vector] 18607 20164 17717 18333 False
[vector] 17572 20361 18013 16803 False
[vector] 18165 18859 19006 16061 False
[vector] 19678 18350 18705 17523 False
[vector] 18969 18213 18341 18616 False
[vector] 18293 19689 16269 19589 False
[vector] 19337 19063 15839 19851 False
[vector] 20675 18828 17897 17370 False
[vector] 18960 19675 17355 19182 False
[vector] 19121 19103 18492 18210 False
[vector] 20344 20117 17045 18245 False
[vector] 20734 19761 16707 18396 False
[vector] 19350 20107 18059 18081 False
[vector] 21241 19151 15810 17810 False
[vector] 18521 18787 18899 17013 False
[vector] 19376 20202 17370 18119 False
[vector] 18143 18897 19025 16853 False
[vector] 17489 18789 19079 16313 False
[vector] 17973 19404 16803 19655 False
[vector] 21489 18130 16248 17673 False
[vector] 18946 20272 17505 18545 False
[vector] 19842 18289 18685 17540 False
[vector] 18623 19256 17598 19199 False
[vector] 21401 18436 16040 18134 False
[vector] 18990 19697 18530 16888 False
[vector] 20694 19756 17195 18136 False
[vector] 20322 18819 18301 17702 False
[vector] 19451 19960 17057 18670 False
[vector] 19143 20143 16918 18763 False
[vector] 18940 19507 18554 18005 False
[vector] 20767 19296 15685 18719 False
[vector] 18631 18408 18891 17494 False
[vector] 19943 19826 16577 18654 False
[vector] 20160 19788 17980 18643 False
[vector] 20356 19865 17251 18243 False
[vector] 20159 19271 15959 19449 False
[vector] 18210 19621 16421 19631 False
[vector] 19512 18483 19072 16525 False
[vector] 19643 18161 18578 18116 False
[vector] 20241 19814 16140 19288 False
[vector] 19404 19299 16088 19636 False
[vector] 19537 18631 18669 17607 False
[vector] 21188 18432 16185 18450 False
[vector] 19867 16589 18893 16553 False
[vector] 18018 18203 19307 16463 False
[vector] 19769 18551 15589 19827 False
[vector] 19388 19674 18327 17738 False
[vector] 20815 18025 15781 19379 False
[vector] 21743 17657 15926 16996 False
[vector] 18012 20700 16486 17783 False
[vector] 20533 18604 16199 19090 False
[vector] 21585 18281 15887 17186 False
[vector] 20510 18177 16447 19377 False
[vector] 20152 19688 16229 18801 False
[vector] 18888 18907 16002 19851 False
[vector] 21183 17425 14013 18661 False
[vector] 21257 18435 17212 17626 False
[vector] 19063 20441 17466 17649 False
[vector] 21445 17688 16578 17734 False
[vector] 18897 19123 18828 16900 False
[vector] 20257 19351 16385 19065 False
[vector] 19658 18541 18679 17402 False
[vector] 17593 20365 16516 18518 False
[vector] 21726 17119 14561 17543 False
[vector] 21500 18082 15719 17647 False
[vector] 21638 17244 15964 16656 False
[vector] 18354 19605 18682 16848 False
[vector] 20348 19326 16486 19019 False
[vector] 18814 19454 18791 17011 False
[vector] 20815 18710 17718 18982 False
[vector] 18290 18544 15834 20157 False
[vector] 18839 19602 18388 18093 False
[vector] 18677 18046 18944 17798 False
[vector] 18418 16700 19295 16235 False
[vector] 20914 19237 16277 18594 False
[vector] 19433 19255 15495 19693 False
[vector] 19115 19897 16389 19187 False
[vector] 20418 18762 17379 19214 False
[vector] 19478 20156 17490 17874 False
[vector] 21003 19562 15865 17796 False
[vector] 18007 20510 17642 17595 False
[vector] 19525 19612 18545 17416 False
[vector] 20138 18462 17690 19098 False
[vector] 19521 20185 15754 18591 False
[vector] 19749 18290 18248 18650 False
[vector] 19691 18268 18846 17871 False
[vector] 18880 19547 18111 18490 False
[vector] 19217 18102 18690 18091 False
[vector] 19305 20430 17325 18027 False
[vector] 21818 17410 15045 17202 False
[vector] 20840 19493 16809 18424 False
[vector] 19463 18450 18334 18831 False
[vector] 21573 16837 16240 16629 False
[vector] 19233 18904 16103 19843 False
[vector] 20288 18747 18405 18119 False
[vector] 21615 17320 15670 17266 False
[vector] 17692 18290 15573 20175 False
[vector] 19415 18804 15989 19887 False
[vector] 21549 16944 15680 17322 False
[vector] 18121 20810 16999 16901 False
[vector] 19554 20142 16972 18457 False
[vector] 19839 18915 17837 19396 False
[vector] 20106 18581 15992 19588 False
[vector] 17243 18158 15688 20212 False
[vector] 20484 18062 16677 19319 False
[vector] 21294 17305 15972 18284 False
[vector] 18970 18713 18836 17796 False
[vector] 18495 20913 16673 16910 False
[vector] 20509 19251 16611 18807 False
[vector] 18141 18736 19118 16330 False
[vector] 19091 20257 15478 18513 False
[vector] 20911 18861 17357 18495 False
[vector] 19638 18536 18835 17519 False
[vector] 20469 17974 18526 17579 False
[vector] 18554 18983 18762 17466 False
[vector] 18736 20614 17203 17769 False
[vector] 20855 18851 15598 19028 False
[vector] 18716 19646 16161 19561 False
[vector] 19702 19058 17843 19199 False
[vector] 20588 19860 17426 18014 False
[vector] 17091 20565 16702 18007 False
[vector] 21551 18445 16005 17278 False
[vector] 21109 19417 15617 17589 False
[vector] 19781 19539 16170 19390 False
[vector] 21194 18898 15867 18216 False
[vector] 20200 19874 16140 18655 False
[vector] 20504 18804 18014 18000 False
[vector] 19916 19367 18136 18576 False
[vector] 21243 18900 15096 18092 False
[vector] 19242 20639 16943 17699 False
[vector] 17539 20062 18166 16880 False
[vector] 19481 17874 18171 18852 False
[vector] 18783 19711 18339 17783 False
[vector] 20936 19644 16448 17937 False
[vector] 18955 19189 18567 18028 False
[vector] 18957 20177 16447 18623 False
[vector] 18782 19842 17334 19182 False
[vector] 19562 18331 19149 16978 False
[vector] 19572 18939 18737 17191 False
[vector] 19376 18691 19154 17431 False
[vector] 18808 19937 16645 19220 False
[vector] 20355 18435 17748 19084 False
[vector] 19431 17765 16221 19940 False
[vector] 21730 17855 15132 16893 False
[vector] 20371 18842 17161 19172 False
[vector] 18848 20500 17741 17552 False
[vector] 18822 18831 18978 16992 False
[vector] 20361 19318 15367 19084 False
[vector] 17793 19667 15448 19612 False
[vector] 21168 18369 17476 17466 False
[vector] 19214 19134 18680 17863 False
[vector] 18773 20415 16675 18361 False
[vector] 19316 18731 18711 17916 False
[vector] 20493 17778 16382 19441 False
[vector] 19201 20177 17304 18447 False
[vector] 20349 18898 16647 19268 False
[vector] 20079 19256 16981 19227 False
[vector] 20904 18588 16301 18843 False
[vector] 17620 19810 14618 19428 False
[vector] 18295 18990 18800 17135 False
[vector] 21321 18651 15797 18380 False
[vector] 21293 18452 15873 18435 False
[vector] 20025 19972 17877 18163 False
[vector] 18801 20354 16915 18572 False
[vector] 20331 19812 17863 18013 False
[vector] 19357 20090 15198 18979 False
[vector] 20170 19356 15137 19351 False
[vector] 21582 18403 15430 16755 False
[vector] 19399 18994 17695 19531 False
[vector] 21372 17774 16574 17179 False
[vector] 20653 19329 17559 18739 False
[vector] 19034 20271 15638 18792 False
[vector] 17785 19232 18809 16493 False
[vector] 21339 18453 16024 18119 False
[vector] 20013 19120 16213 19476 False
[vector] 19417 20358 17427 17438 False
[vector] 18889 19051 15712 20005 False
[vector] 21661 17852 14105 17717 False
[vector] 21511 18517 15879 17170 False
[vector] 19773 18731 15058 19774 False
[vector] 19500 18724 15502 19806 False
[vector] 19518 18695 15728 19991 False
[vector] 19818 20470 16797 17425 False
[vector] 20268 19011 16045 19380 False
[vector] 18200 18947 18833 16718 False
[vector] 21497 17618 16313 16829 False
[vector] 19881 19677 16502 19175 False
[vector] 16708 17742 19344 15063 False
[vector] 20025 19829 16497 19275 False
[vector] 18240 17493 19382 15904 False
[vector] 20412 18421 15978 19438 False
[vector] 19719 18298 16778 19732 False
[vector] 20457 19596 16544 19015 False
[vector] 18520 19045 18781 17421 False
[vector] 18356 20333 17418 18147 False
[vector] 18458 19639 18541 16775 False
[vector] 21424 18863 15792 17847 False
[vector] 20972 19350 16652 18410 False
[vector] 19075 19328 16426 19806 False
[vector] 21236 17891 15984 18322 False
[vector] 19938 20139 16727 18610 False
[vector] 20028 17929 18680 17087 False
[vector] 19733 19240 16404 19795 False
[vector] 20645 18668 16533 19035 False
[vector] 20452 20016 16890 17756 False
[vector] 19569 20174 16473 18417 False
[vector] 18802 18106 16675 19903 False
[vector] 20165 20241 16361 17409 False
[vector] 17755 20652 16923 17782 False
[vector] 18974 20610 17489 16944 False
[vector] 19484 20497 16137 17740 False
[vector] 18276 20631 17966 17033 False
[vector] 17912 17365 18945 17691 False
[vector] 20415 20003 16596 17830 False
[vector] 20080 19683 16571 18851 False
[vector] 18775 20668 17388 17412 False
[vector] 20224 19216 17073 18941 False
[vector] 19681 20091 17164 18609 False
[vector] 18103 18446 19204 16070 False
[vector] 18832 18228 19234 16662 False
[vector] 20869 18235 16547 18970 False
[vector] 19811 18782 17163 19561 False
[vector] 19628 20249 16885 18214 False
[vector] 18150 20199 18146 16830 False
[vector] 18994 20419 17996 17778 False
[vector] 20417 19151 15606 19041 False
[vector] 18797 18370 18665 18172 False
[vector] 20043 19964 16909 18439 False
[vector] 19280 20051 17731 18606 False
[vector] 20050 20025 17265 18393 False
[vector] 20814 19099 15945 18809 False
[vector] 20777 18820 17479 18807 False
[vector] 20162 18734 17397 19583 False
[vector] 19188 20652 16338 17205 False
[vector] 21055 18609 16140 18512 False
[vector] 21423 18137 16860 16810 False
[vector] 19998 19501 17573 19379 False
[vector] 18518 20620 17825 17411 False
[vector] 17093 20777 17330 16807 False
[vector] 19409 20214 17481 17743 False
[vector] 20265 19167 15728 19571 False
[vector] 19052 18847 18273 18599 False
[vector] 19611 20035 16836 19134 False
[vector] 18166 18033 16849 19922 False
[vector] 18895 18962 18921 16377 False
[vector] 21573 17863 16085 17307 False
[vector] 20165 19120 16306 19276 False
[vector] 18747 20519 16145 17847 False
[vector] 21318 18924 16507 17541 False
[vector] 21493 17715 16211 16895 False
[vector] 19560 19152 18555 17983 False
[vector] 19731 20461 16880 17681 False
[vector] 18022 18263 15751 20176 False
[vector] 21247 19038 16956 17956 False
[vector] 20642 19470 16223 18737 False
[vector] 21426 17472 15810 17928 False
[vector] 18371 20858 16306 17265 False
[vector] 20417 19836 17543 18644 False
[vector] 19253 20544 15885 17777 False
[vector] 18944 20651 17380 17065 False
[vector] 19087 18761 18804 17872 False
[vector] 18250 17216 18591 18527 False
[vector] 18609 19812 16244 19387 False
[vector] 21253 17699 16641 18276 False
[vector] 17581 19660 18662 16433 False
[vector] 17864 18974 18919 15722 False
[vector] 18177 18417 19169 16254 False
[vector] 18643 19578 18592 17288 False
[vector] 18647 18840 18662 18007 False
[vector] 20533 19129 17568 18436 False
[vector] 21172 18205 17084 17921 False
[vector] 19381 18316 18897 18028 False
[vector] 19098 19965 17309 18980 False
[vector] 20002 19361 16728 19233 False
[vector] 20858 19252 16627 18464 False
[vector] 19154 19312 16881 19589 False
[vector] 20368 19379 15723 19038 False
[vector] 16845 17580 19421 14892 False
[vector] 19150 19678 18041 18563 False
[vector] 21413 18942 16281 18039 False
[vector] 21385 18743 16357 18094 False
[vector] 18804 20057 18535 17341 False
[vector] 19578 20401 16808 17761 False
[vector] 19984 19889 16497 18642 False
[vector] 17909 18397 18935 17463 False
[vector] 21161 18284 17573 18113 False
[vector] 21001 19427 14862 18588 False
[vector] 18254 17617 19289 15347 False
[vector] 21414 18924 14979 17462 False
[vector] 18772 18670 18185 18801 False
[vector] 20929 19710 17630 18401 False
[vector] 19285 17614 16475 19967 False
[vector] 20146 20176 16904 17906 False
[vector] 21028 18624 14767 18680 False
[vector] 18909 17710 18384 18766 False
[vector] 18471 19784 15673 19427 False
[vector] 19502 19086 18816 16855 False
[vector] 19353 19470 15252 19939 False
[vector] 21159 18507 16770 18004 False
[vector] 20502 19106 18043 18171 False
[vector] 19900 18434 18570 17979 False
[vector] 18249 20435 17533 17829 False
[vector] 21441 17990 15597 17856 False
[vector] 19735 20311 16039 17977 False
[vector] 20598 18748 16315 18993 False
[vector] 19868 20318 16874 17878 False
[vector] 20748 19145 17656 18338 False
[vector] 20324 19021 17804 18847 False
[vector] 17369 20999 16286 16226 False
[vector] 18066 18652 15938 20148 False
[vector] 21819 17392 13743 16625 False
[vector] 17948 20953 16169 16717 False
[vector] 18167 19020 18913 16584 False
[vector] 20312 19422 18045 18032 False
[vector] 21521 17914 16135 16840 False
[vector] 19587 20011 17475 18573 False
[vector] 21529 17684 15805 17395 False
[vector] 21155 18747 16472 18297 False
[vector] 18533 20679 17529 17034 False
[vector] 19862 18292 18729 17241 False
[vector] 21068 18268 17130 18388 False
[vector] 18404 19453 18759 17301 False
[vector] 18969 19769 16874 19179 False
[vector] 18932 19296 16189 19823 False
[vector] 17613 17093 19431 16473 False
[vector] 21989 17434 14928 16572 False
[vector] 19638 18940 16439 19770 False
[vector] 21435 18453 14496 18040 False
[vector] 18345 20868 15396 17529 False
[vector] 21650 17931 14594 17909 False
[vector] 19309 20280 16484 18323 False
[vector] 18724 20169 18125 17528 False
[vector] 19030 20009 18111 17378 False
[vector] 19305 17631 18432 18975 False
[vector] 18490 19055 18701 17512 False
[vector] 18773 20108 16386 18996 False
[vector] 21423 17994 15480 17922 False
[vector] 19585 18857 18878 17539 False
[vector] 18961 18692 16411 19886 False
[vector] 20400 18995 17694 18757 False
[vector] 21010 18993 17437 17656 False
[vector] 18763 18917 17923 19040 False
[vector] 21343 19038 15428 17877 False
[vector] 21328 18321 16763 17211 False
[vector] 21063 19226 16661 17368 False
[vector] 21091 19425 16585 17313 False
[vector] 20692 17494 18142 16553 False
[vector] 21258 18959 16467 17764 False
[vector] 20408 19573 17684 17545 False
[vector] 19942 19348 16168 19384 False
[vector] 18209 20571 15899 18001 False
[vector] 18220 19970 15771 19190 False
[vector] 20094 19652 17212 18892 False
[vector] 18851 19670 15438 19428 False
[vector] 19438 19716 15949 19374 False
[vector] 20382 17878 18093 18458 False
[vector] 18447 18884 18285 18644 False
[vector] 21170 19265 16259 18225 False
[vector] 21088 19279 16049 17598 False
[vector] 19263 20215 17765 17777 False
[vector] 18107 17708 19274 16789 False
[vector] 19646 18295 17367 19693 False
[vector] 20463 20101 16068 17658 False
[vector] 20225 18142 16909 19511 False
[vector] 19890 17115 18622 17114 False
[vector] 19604 19990 17049 18910 False
[vector] 19270 20641 16952 17197 False
[vector] 19996 18267 18479 17206 False
[vector] 20048 17932 18724 16788 False
[vector] 19603 19444 16766 19552 False
[vector] 19219 18539 18724 17760 False
[vector] 19063 19280 18679 16975 False
[vector] 19125 19008 18769 17376 False
[vector] 20938 18590 15865 18877 False
[vector] 20338 18977 17136 19460 False
[vector] 19864 17990 18700 17070 False
[vector] 19022 20392 17530 17101 False
[vector] 18479 18427 17844 19225 False
[vector] 18103 18603 15893 20139 False
[vector] 20141 20289 16357 17612 False
[vector] 18701 20738 16222 17406 False
[vector] 20348 19469 17866 17907 False
[vector] 19781 16987 18951 16342 False
[vector] 20833 19432 16453 18470 False
[vector] 19412 20492 16479 17790 False
[vector] 20084 18206 18424 18608 False
[vector] 19463 18422 18643 18454 False
[vector] 19774 19843 16585 19001 False
[vector] 20509 19001 17019 18830 False
[vector] 19585 20462 17164 17715 False
[vector] 19569 20055 17751 17627 False
[vector] 19180 19913 17399 18821 False
[vector] 19519 19804 16757 19345 False
[vector] 20169 19525 17456 18749 False
[vector] 21161 19366 15567 18056 False
[vector] 21674 17818 14498 16918 False
[vector] 20677 18682 17147 19022 False
[vector] 20490 18580 16072 19143 False
[vector] 21777 17482 14847 17174 False
[vector] 19696 19521 16742 19383 False
[vector] 20922 18347 16119 18883 False
[vector] 21643 17860 15073 17441 False
[vector] 18947 19583 15844 19794 False
[vector] 20460 18709 17089 19036 False
[vector] 19563 18460 18696 17790 False
[vector] 18545 19715 18053 18608 False
[vector] 21411 18945 15651 17499 False
[vector] 19534 20345 16214 18193 False
[vector] 18249 17087 19044 17715 False
[vector] 18360 20822 16699 16850 False
[vector] 17553 18640 19206 15785 False
[vector] 21537 17103 15646 17897 False
[vector] 18541 19945 14402 19204 False
[vector] 18393 19827 16601 19374 False
[vector] 21116 19478 15973 17543 False
[vector] 18153 18294 19281 16523 False
[vector] 21234 18360 15751 18644 False
[vector] 21107 18938 16628 18095 False
[vector] 21020 19539 17034 17728 False
[vector] 19905 19019 17435 19461 False
[vector] 20663 18524 18138 17510 False
[vector] 19489 19850 17296 18845 False
[vector] 21714 17489 15736 17134 False
[vector] 19229 20592 16338 17838 False
[vector] 20642 18853 16888 18798 False
[vector] 19313 18445 16433 19879 False
[vector] 18668 20770 17503 17094 False
[vector] 19103 19461 17100 19641 False
[vector] 21155 17226 14089 18716 False
[vector] 19974 20279 16131 17676 False
[vector] 20774 19357 16041 18673 False
[vector] 19688 17747 18961 17193 False
[vector] 19917 19875 16822 18984 False
[vector] 19867 18511 18585 17748 False
[vector] 19033 18573 18847 17564 False
[vector] 18315 18375 19253 17098 False
[vector] 18857 18330 19108 17687 False
[vector] 18250 18795 18910 17171 False
[vector] 19505 18942 17177 19711 False
[vector] 21501 17485 15881 17450 False
[vector] 19910 19830 17035 18760 False
[vector] 19576 20481 16938 17047 False
[vector] 19943 18920 16329 19633 False
[vector] 20190 19054 16973 19327 False
[vector] 17958 18958 18974 16340 False
[vector] 20829 19572 17298 18616 False
[vector] 18679 20675 16445 17172 False
[vector] 19512 20630 16811 17575 False
[vector] 19703 19582 17098 19337 False
[vector] 19317 18860 18258 18728 False
[vector] 20606 19852 16458 18290 False
[vector] 20365 19305 16060 19356 False
[vector] 19303 20392 15962 18230 False
[vector] 21344 17575 16650 17234 False
[vector] 17424 20733 15612 17753 False
[vector] 18409 20510 17312 18293 False
[vector] 17335 17573 14756 20375 False
[vector] 21505 18357 15349 18202 False
[vector] 20288 19899 17846 17751 False
[vector] 18572 20318 17061 18160 False
[vector] 19373 19702 17182 19196 False
[vector] 21335 18315 14164 18255 False
[vector] 18876 20285 18041 17771 False
[vector] 19496 19701 17759 18868 False
[vector] 20187 20116 16904 18539 False
[vector] 18609 19171 18692 17908 False
[vector] 19130 19869 18015 18442 False
[vector] 18157 17556 19351 17242 False
[vector] 21322 18054 15959 18183 False
[vector] 20002 20121 17519 18419 False
[vector] 21822 17270 14200 17056 False
[vector] 20002 19726 17499 18798 False
[vector] 21575 18884 15631 17516 False
[vector] 19131 17957 19234 17545 False
[vector] 21649 18222 15280 17308 False
[vector] 18772 18983 18901 16539 False
[vector] 19552 18934 18893 17308 False
[vector] 19969 18114 16927 19880 False
[vector] 19462 18293 19096 17642 False
[vector] 21737 17916 15488 16847 False
[vector] 18236 19471 18727 16841 False
[vector] 21597 17496 15693 17298 False
[vector] 19865 19869 17505 18601 False
[vector] 21376 16961 17069 16223 False
[vector] 19031 19223 15853 20001 False
[vector] 20534 19653 16823 18574 False
[vector] 19586 18501 17926 18985 False
[vector] 19711 19252 18540 16963 False
[vector] 20925 19723 16937 18129 False
[vector] 20838 18452 15533 19092 False
[vector] 19239 18561 16250 20010 False
[vector] 21094 18760 15535 18431 False
[vector] 21066 18561 15611 18486 False
[vector] 21192 18123 15887 18391 False
[vector] 20745 18744 16627 18902 False
[vector] 20249 19450 17641 18487 False
[vector] 19788 19812 17226 19042 False
[vector] 17648 19375 18815 16296 False
[vector] 18710 19293 18745 17151 False
[vector] 21332 18308 17456 17483 False
[vector] 18288 20189 18129 17226 False
[vector] 20178 18222 16691 19469 False
[vector] 19987 19025 16902 19438 False
[vector] 19249 19225 16968 19678 False
[vector] 20430 18392 16204 19623 False
[vector] 20599 18055 15030 19238 False
[vector] 19895 19828 17614 18480 False
[vector] 20482 19103 17999 18470 False
[vector] 19859 19353 18038 18690 False
[vector] 18633 20372 16883 18112 False
[vector] 18832 20132 17589 18514 False
[vector] 20035 18014 18583 16440 False
[vector] 19326 20354 17293 17666 False
[vector] 19416 17864 17671 19508 False
[vector] 18204 17427 19313 16464 False
[vector] 19359 20128 16561 18776 False
[vector] 17423 19043 18959 15812 False
[vector] 19141 20105 15555 18966 False
[vector] 20584 18200 17009 19104 False
[vector] 19671 18459 18820 17750 False
[vector] 17766 20809 17112 16736 False
[vector] 19648 17933 19091 17189 False
[vector] 19131 20185 17080 18485 False
[vector] 19050 19937 18078 17676 False
[vector] 20015 19158 17576 19273 False
[vector] 21643 17519 15594 17211 False
[vector] 18557 20316 17640 17880 False
[vector] 20580 19049 17786 18478 False
[vector] 19557 18559 18636 17905 False
[vector] 19410 17960 15773 19956 False
[vector] 21014 17762 15187 19046 False
[vector] 19558 19858 16942 18988 False
[vector] 19039 18998 14912 19957 False
[vector] 21477 18158 15425 18257 False
[vector] 20003 20097 17334 17033 False
[vector] 20516 17853 17843 18423 False
[vector] 17879 20821 17140 16523 False
[vector] 20108 18013 16249 19824 False
[vector] 21284 18080 16366 17640 False
[vector] 19770 20157 16695 18150 False
[vector] 20599 18740 16967 18841 False
[vector] 18929 20658 15973 16649 False
[vector] 18347 20906 16759 17326 False
[vector] 19626 20329 17015 17500 False
[vector] 21583 18112 14744 17356 False
[vector] 19736 18878 18717 17208 False
[vector] 18839 20519 17515 16884 False
[vector] 20254 18149 16465 19746 False
[vector] 18401 17977 19195 17309 False
[vector] 20507 19325 17899 18678 False
[vector] 18082 20756 16814 17258 False
[vector] 18237 19068 18886 16011 False
[vector] 19265 19748 17507 18905 False
[vector] 19835 20449 16371 17762 False
[vector] 19110 19897 18521 17191 False
[vector] 19738 18147 18163 18715 False
[vector] 17771 19908 18626 16163 False
[vector] 20336 19013 16902 18948 False
[vector] 20986 18734 17601 18352 False
[vector] 19462 20340 16556 18243 False
[vector] 21634 17704 15493 17380 False
[vector] 21215 18701 15172 18147 False
[vector] 19348 19693 17239 19195 False
[vector] 19520 18974 18666 17713 False
[vector] 20468 19517 16055 18823 False
[vector] 19081 20508 17374 17262 False
[vector] 18631 19317 17995 18819 False
[vector] 21880 16508 13907 17081 False
[vector] 20347 19489 17573 18889 False
[vector] 21654 17471 15065 17185 False
[vector] 19963 19672 17314 19155 False
[vector] 18517 19581 16165 19598 False
[vector] 20527 19592 16467 18620 False
[vector] 20259 19409 16291 19234 False
[vector] 21187 17563 15873 18525 False
[vector] 18021 18106 19332 16578 False
[vector] 18931 19775 16847 19220 False
[vector] 20325 19545 17059 18985 False
[vector] 21750 17176 15725 16235 False
[vector] 18893 20152 18117 17181 False
[vector] 19487 17775 18231 18737 False
[vector] 17575 17683 19336 15208 False
[vector] 19644 18465 18586 17781 False
[vector] 19761 19100 18617 17416 False
[vector] 19468 18222 18847 17904 False
[vector] 19628 20019 15671 18765 False
[vector] 21458 18528 15957 17022 False
[vector] 21095 18148 16805 18362 False
[vector] 19661 19062 18564 18080 False
[vector] 20434 19128 16775 18973 False
[vector] 21611 17780 15199 17990 False
[vector] 18358 19175 16120 19992 False
[vector] 19255 20582 17248 17574 False
[vector] 21084 18511 16876 18382 False
[vector] 18683 20696 16432 16556 False
[vector] 20690 19769 16502 17864 False
[vector] 20947 19729 15626 17839 False
[vector] 19837 18877 16474 19599 False
[vector] 18838 19868 18329 17453 False
[vector] 16846 16939 19466 15496 False
[vector] 21431 18732 15636 17416 False
[vector] 20265 18946 17392 19050 False
[vector] 20532 18612 15547 19242 False
[vector] 17980 16966 18720 18277 False
[vector] 20749 18574 16950 19231 False
[vector] 19562 20478 16888 18028 False
[vector] 20176 20135 17013 17785 False
[vector] 18207 17746 19327 16125 False
[vector] 18882 19980 17666 18967 False
[vector] 19125 17925 16235 20090 False
[vector] 21493 18078 15842 17553 False
[vector] 19131 18500 18748 17880 False
[vector] 21021 19125 16698 18564 False
[vector] 21245 17929 16971 17721 False
[vector] 19681 19185 16916 19588 False
[vector] 20544 18165 18500 17722 False
[vector] 20492 18526 17387 19230 False
[vector] 20670 18986 17562 18633 False
[vector] 19940 18235 18472 17548 False
[vector] 19790 20306 16078 18029 False
[vector] 18983 18844 16041 19977 False
[vector] 20515 20050 16018 18125 False
[vector] 19759 19448 15570 19574 False
[vector] 18744 20097 18092 17826 False
[vector] 21064 18691 16673 18405 False
[vector] 20283 18630 14685 19477 False
[vector] 19326 18843 19077 16978 False
[vector] 18635 20080 15815 19036 False
