[nb-items] 60
[nb-objectives] 4
[nb-pareto] 1827
[nb-lorenz] 22
[runtime] 525.6365072727203
[format] f1 f2 f3 f4 isLorenzND
[vector] 24629 23329 22119 23322 True
[vector] 23953 22645 22616 23064 True
[vector] 24174 22456 22370 24160 True
[vector] 24492 22553 22618 23392 True
[vector] 23226 22794 22751 22774 True
[vector] 24316 23004 22384 23163 True
[vector] 24668 22796 22357 23269 True
[vector] 24076 23178 22044 24087 True
[vector] 23571 22908 22649 22713 True
[vector] 24442 22705 22541 22939 True
[vector] 24283 22726 22414 23439 True
[vector] 23207 22990 22488 23103 True
[vector] 24568 22758 22304 23933 True
[vector] 25242 22894 21374 24396 True
[vector] 23657 23442 22341 23596 True
[vector] 23711 23041 22396 23208 True
[vector] 23667 22839 22597 23266 True
[vector] 24378 22997 22351 23671 True
[vector] 24797 22733 22054 24162 True
[vector] 23363 22651 22745 22971 True
[vector] 24381 22589 22570 23275 True
[vector] 23128 22931 22595 22938 True
[vector] 26529 21502 20090 21867 False
[vector] 23592 23480 21614 23479 False
[vector] 25977 21432 19372 23769 False
[vector] 24367 23503 21647 23047 False
[vector] 22488 22117 23281 22008 False
[vector] 22400 21168 23322 22617 False
[vector] 24310 23360 21718 23431 False
[vector] 22942 24242 21171 22008 False
[vector] 23128 22567 22862 22297 False
[vector] 23976 24151 20486 21744 False
[vector] 23392 22060 20964 24991 False
[vector] 22254 23592 20443 23681 False
[vector] 26293 21166 18882 23262 False
[vector] 23356 22979 19635 24737 False
[vector] 23743 23044 22283 23807 False
[vector] 24531 20571 22736 22442 False
[vector] 24085 22663 19658 24818 False
[vector] 25476 21914 21628 23805 False
[vector] 23469 23358 21006 24007 False
[vector] 22343 21534 23595 21044 False
[vector] 22965 21251 23447 22016 False
[vector] 23643 21912 23100 22509 False
[vector] 25128 23144 19966 23874 False
[vector] 22750 23852 21510 22630 False
[vector] 23414 23168 20149 24310 False
[vector] 25298 23113 21437 23295 False
[vector] 24951 21860 21936 24083 False
[vector] 23707 22931 19869 24759 False
[vector] 25624 22611 20640 23543 False
[vector] 22695 20427 23637 21606 False
[vector] 24076 23589 20282 23541 False
[vector] 23560 22527 22810 22207 False
[vector] 26269 21412 20471 22337 False
[vector] 26107 22273 19869 22926 False
[vector] 24280 22404 21852 24340 False
[vector] 26642 20094 18235 22648 False
[vector] 22170 21808 23430 21197 False
[vector] 24443 20527 22722 22603 False
[vector] 25613 22690 21129 23735 False
[vector] 25916 21068 18776 24250 False
[vector] 24217 23694 21285 22474 False
[vector] 23556 22261 22000 24296 False
[vector] 25992 21961 20499 23624 False
[vector] 24837 22493 21055 24533 False
[vector] 24310 20742 22614 23488 False
[vector] 22761 23231 22650 22096 False
[vector] 23688 22456 19198 25095 False
[vector] 25751 22033 19763 24092 False
[vector] 23624 23985 21055 22468 False
[vector] 26733 20654 19458 21845 False
[vector] 26705 20455 19534 21900 False
[vector] 26736 20633 18786 21808 False
[vector] 24186 22133 21574 24581 False
[vector] 24864 23074 21510 23103 False
[vector] 26710 21455 18408 22072 False
[vector] 22719 23155 20544 24359 False
[vector] 26326 20543 19712 23202 False
[vector] 26440 21496 19019 22990 False
[vector] 22383 21985 23416 21827 False
[vector] 23138 22891 20247 24850 False
[vector] 22390 24304 20447 20827 False
[vector] 23114 23121 20441 24696 False
[vector] 22536 22899 22794 21612 False
[vector] 26017 22226 20587 23552 False
[vector] 26015 22858 20801 22763 False
[vector] 26054 21688 20205 23254 False
[vector] 26234 21128 20644 23039 False
[vector] 25335 21324 22030 23389 False
[vector] 24813 23567 20274 23434 False
[vector] 25289 22390 22082 23224 False
[vector] 23529 22836 20465 24921 False
[vector] 24386 23416 20961 23663 False
[vector] 23487 22978 21557 24199 False
[vector] 24957 23263 21233 22908 False
[vector] 26497 21707 18863 22773 False
[vector] 23607 23499 21432 23708 False
[vector] 23273 22620 22936 22063 False
[vector] 24441 22533 20941 24553 False
[vector] 22707 20700 19746 25510 False
[vector] 26185 21554 19871 23253 False
[vector] 23960 23646 21722 22473 False
[vector] 24529 23191 21787 23537 False
[vector] 23095 22646 19770 25032 False
[vector] 26712 20823 18194 22861 False
[vector] 25684 20959 21438 23425 False
[vector] 23255 24261 20698 21875 False
[vector] 26592 21001 19347 21427 False
[vector] 22919 24295 20715 21615 False
[vector] 23305 21708 20524 25255 False
[vector] 25596 22849 19990 23139 False
[vector] 25594 23087 20324 23286 False
[vector] 26012 21951 20957 22997 False
[vector] 23412 22708 22421 23710 False
[vector] 25585 21945 21544 22667 False
[vector] 26970 19643 17771 21715 False
[vector] 26156 21649 18870 23489 False
[vector] 24502 22644 22379 22710 False
[vector] 24014 22891 19613 24726 False
[vector] 23976 23387 21058 23746 False
[vector] 26667 20278 19468 21901 False
[vector] 24184 21853 22626 23830 False
[vector] 26328 20775 19134 23238 False
[vector] 24783 21186 20537 24925 False
[vector] 25154 22397 21932 23079 False
[vector] 24968 22757 21937 23532 False
[vector] 24699 21366 22533 23274 False
[vector] 24605 22406 20347 24883 False
[vector] 24650 23367 21593 22454 False
[vector] 24287 21830 21313 24592 False
[vector] 23657 23254 20312 24276 False
[vector] 25355 22125 19545 24540 False
[vector] 26348 22081 19951 22827 False
[vector] 24644 21873 20585 24830 False
[vector] 23875 21606 19880 25248 False
[vector] 22638 21198 23476 21499 False
[vector] 23263 21983 23225 21681 False
[vector] 26602 21011 19012 22075 False
[vector] 23298 21487 22240 24215 False
[vector] 26304 21267 20289 22697 False
[vector] 24344 23384 20227 23716 False
[vector] 23305 23063 22461 22417 False
[vector] 22895 22224 23146 22455 False
[vector] 23180 20980 23476 20953 False
[vector] 24214 23443 21575 23127 False
[vector] 22704 21716 23385 21434 False
[vector] 25744 21989 19117 24132 False
[vector] 23122 22186 18704 25377 False
[vector] 26271 22308 19254 23096 False
[vector] 25558 22639 19539 23886 False
[vector] 21892 23383 22388 22167 False
[vector] 26040 22150 20881 22942 False
[vector] 26174 21633 20360 23445 False
[vector] 20703 24502 19796 19881 False
[vector] 26262 22409 18562 22927 False
[vector] 23758 23788 21700 23009 False
[vector] 24713 21373 19190 24874 False
[vector] 25451 22276 19184 24053 False
[vector] 23709 21708 20340 25156 False
[vector] 25774 22460 19515 23805 False
[vector] 25399 20981 19933 24750 False
[vector] 22910 20278 23480 22392 False
[vector] 23911 22686 22616 22608 False
[vector] 26727 20913 19020 21696 False
[vector] 24387 22562 20597 24671 False
[vector] 26068 21958 18927 23844 False
[vector] 22575 23827 21444 22958 False
[vector] 22935 23140 20187 24372 False
[vector] 24087 22320 22649 22755 False
[vector] 23718 22548 22407 23560 False
[vector] 24794 22212 22169 23484 False
[vector] 24823 23158 21671 23905 False
[vector] 23153 23005 20897 24514 False
[vector] 23771 21282 22326 24336 False
[vector] 25470 22377 20527 23989 False
[vector] 25242 23332 19352 22483 False
[vector] 22498 22267 22981 22922 False
[vector] 24037 23081 22278 22032 False
[vector] 24176 23479 20823 23411 False
[vector] 25472 22100 21531 23319 False
[vector] 24513 23331 20992 23783 False
[vector] 26547 20617 19871 22162 False
[vector] 25497 22322 21431 23527 False
[vector] 25447 22593 20076 23864 False
[vector] 23293 23505 21915 23380 False
[vector] 24517 20182 22811 21632 False
[vector] 23809 22140 19424 25153 False
[vector] 23081 21624 23338 21948 False
[vector] 26246 21241 19605 23202 False
[vector] 24179 21334 21287 24779 False
[vector] 24039 23700 21079 22693 False
[vector] 23801 21676 18714 25242 False
[vector] 22663 23368 22494 22260 False
[vector] 22826 21531 23155 23086 False
[vector] 22182 23587 20785 23731 False
[vector] 22422 23487 22305 22495 False
[vector] 25171 21385 22050 23372 False
[vector] 26416 21882 18499 22803 False
[vector] 21940 21377 23734 21012 False
[vector] 22671 21888 23183 22345 False
[vector] 22289 23137 20296 24433 False
[vector] 25343 22088 21318 23973 False
[vector] 25189 22252 21750 23439 False
[vector] 24981 22802 21520 23839 False
[vector] 22919 20597 23448 22645 False
[vector] 25637 21332 21723 23144 False
[vector] 24552 21655 20517 24862 False
[vector] 22009 21112 23600 21813 False
[vector] 25031 23199 20775 23435 False
[vector] 22712 23701 22031 22352 False
[vector] 26101 21468 17838 23606 False
[vector] 25864 22479 19525 23736 False
[vector] 24944 21402 22446 22710 False
[vector] 23450 22377 22391 23809 False
[vector] 23841 22804 22572 22103 False
[vector] 22803 23272 22542 21515 False
[vector] 24375 22138 21834 24230 False
[vector] 25767 21817 21011 23656 False
[vector] 23178 22415 22939 22750 False
[vector] 24409 23346 20954 23833 False
[vector] 23276 21851 23171 22300 False
[vector] 23924 22640 22221 24012 False
[vector] 25390 22644 21130 23768 False
[vector] 22917 22003 22684 23413 False
[vector] 22601 23922 20755 22996 False
[vector] 23374 22172 22705 23268 False
[vector] 23063 23131 22344 22374 False
[vector] 23551 20889 20438 25300 False
[vector] 24595 23275 20757 24108 False
[vector] 23023 22799 22730 22757 False
[vector] 22699 23238 22683 21588 False
[vector] 25430 22386 21034 23904 False
[vector] 22734 23269 21194 24023 False
[vector] 23323 22468 23013 22516 False
[vector] 22647 23150 20886 24409 False
[vector] 24010 23494 21799 22926 False
[vector] 21684 24340 20679 20514 False
[vector] 24586 22244 21838 24190 False
[vector] 24967 22090 21302 24506 False
[vector] 26394 21495 18868 23306 False
[vector] 24823 20654 22634 22304 False
[vector] 24445 21162 21077 24911 False
[vector] 22592 23802 19646 23250 False
[vector] 24082 23701 21135 22329 False
[vector] 24695 20510 22716 22459 False
[vector] 23526 23796 20053 23158 False
[vector] 23313 22803 22668 22518 False
[vector] 22480 22310 23096 20974 False
[vector] 22262 22679 23013 21317 False
[vector] 25008 22953 20397 24070 False
[vector] 25672 22651 19587 23577 False
[vector] 22581 21183 23574 21567 False
[vector] 26243 22109 19330 23151 False
[vector] 23012 21831 23164 22389 False
[vector] 23793 21908 22408 23759 False
[vector] 21963 19779 23909 21039 False
[vector] 23514 21833 23030 23109 False
[vector] 23818 23814 20607 23051 False
[vector] 25794 22111 21268 22775 False
[vector] 25928 21594 20747 23278 False
[vector] 23535 23494 21774 23758 False
[vector] 26433 21351 20451 22354 False
[vector] 22714 20879 23515 22038 False
[vector] 23235 22002 23113 22350 False
[vector] 23324 22597 22560 23328 False
[vector] 24700 23215 21670 22907 False
[vector] 23961 23525 21329 23412 False
[vector] 22635 21371 23531 21875 False
[vector] 24771 23571 20620 22197 False
[vector] 21722 22119 23238 21377 False
[vector] 24562 23066 21817 23348 False
[vector] 24571 22130 21188 24526 False
[vector] 22688 21046 23553 21952 False
[vector] 25480 22866 21018 23019 False
[vector] 23547 21086 23165 23161 False
[vector] 25842 20941 19286 24111 False
[vector] 24304 21757 21440 24623 False
[vector] 23524 20560 23436 22600 False
[vector] 22854 21606 22209 24259 False
[vector] 23229 21219 23247 22667 False
[vector] 24473 21333 23029 22417 False
[vector] 24019 20901 19842 25258 False
[vector] 24971 23234 20735 23658 False
[vector] 24945 22231 22208 22971 False
[vector] 25214 22401 21391 23891 False
[vector] 23660 21867 22837 23489 False
[vector] 26592 20405 19224 22044 False
[vector] 22620 21419 23357 21764 False
[vector] 24112 22837 21077 24410 False
[vector] 24394 23232 20304 24169 False
[vector] 24258 21769 22401 23958 False
[vector] 23738 22183 23037 22741 False
[vector] 24264 23291 21652 23580 False
[vector] 22466 23822 21759 22833 False
[vector] 26911 19895 17393 22048 False
[vector] 26674 20906 19080 22178 False
[vector] 24079 21603 22540 23980 False
[vector] 26075 21217 19722 23832 False
[vector] 25534 21162 22032 22571 False
[vector] 23544 22950 21115 24585 False
[vector] 23840 21478 23090 22837 False
[vector] 23581 21521 22373 24074 False
[vector] 23902 23940 21546 22369 False
[vector] 23145 22053 19203 25378 False
[vector] 25831 21132 21195 23025 False
[vector] 22344 23874 21192 22995 False
[vector] 24152 22702 19733 24722 False
[vector] 26160 22262 19791 23074 False
[vector] 24050 23494 20971 23503 False
[vector] 25129 22377 21709 23770 False
[vector] 24321 23676 21249 22860 False
[vector] 25870 21140 19210 24056 False
[vector] 24911 22246 20333 24733 False
[vector] 24713 23520 20852 23139 False
[vector] 26677 20787 19079 21266 False
[vector] 26077 21171 20808 23192 False
[vector] 24689 23750 21046 22985 False
[vector] 25724 21046 19416 24215 False
[vector] 24119 22596 20051 24782 False
[vector] 22958 22797 22131 23963 False
[vector] 26045 22194 19723 23336 False
[vector] 24687 21446 19136 24866 False
[vector] 22977 22830 22754 21522 False
[vector] 23939 22835 20462 24822 False
[vector] 24237 23550 20310 23542 False
[vector] 25686 22414 21016 23535 False
[vector] 25492 22103 21575 23020 False
[vector] 25415 22667 20543 24048 False
[vector] 23610 22375 22887 22660 False
[vector] 24316 20671 22365 23750 False
[vector] 25685 21897 18995 24341 False
[vector] 24367 22904 21380 24273 False
[vector] 22595 22054 23165 22050 False
[vector] 25970 21278 19542 23841 False
[vector] 25942 21079 19618 23896 False
[vector] 25372 22237 21621 23301 False
[vector] 24588 23204 21236 23640 False
[vector] 24059 22056 22584 23396 False
[vector] 23924 22288 21893 24493 False
[vector] 25921 22075 20948 24039 False
[vector] 23501 21737 18788 25277 False
[vector] 23876 21929 22950 22387 False
[vector] 22345 21695 23502 21567 False
[vector] 24047 21732 19800 25170 False
[vector] 26681 20562 18974 22593 False
[vector] 23644 22128 19997 25229 False
[vector] 23353 23078 22540 21800 False
[vector] 25941 22536 19804 23295 False
[vector] 24187 23351 20965 23700 False
[vector] 23128 21903 22636 23528 False
[vector] 23916 22665 22485 23230 False
[vector] 24332 22569 19914 24855 False
[vector] 25258 22940 19604 24117 False
[vector] 25431 22910 20289 24042 False
[vector] 23594 22812 21474 24373 False
[vector] 26232 21857 18656 23260 False
[vector] 23564 23135 22436 22169 False
[vector] 25157 20996 22125 22562 False
[vector] 22967 22780 22950 22213 False
[vector] 23796 22803 20225 24839 False
[vector] 23419 22475 22950 21534 False
[vector] 22481 21145 23521 22231 False
[vector] 23456 23117 19967 24522 False
[vector] 23854 21999 21444 24636 False
[vector] 25288 23247 20338 23436 False
[vector] 25957 21912 19464 23822 False
[vector] 24518 22815 21395 24045 False
[vector] 22578 21429 23496 21374 False
[vector] 23283 22530 20617 24946 False
[vector] 24997 20518 22409 22214 False
[vector] 26122 21632 20414 23583 False
[vector] 25623 22087 21385 23405 False
[vector] 25523 23201 20773 23701 False
[vector] 25244 23278 20667 22570 False
[vector] 24490 23383 19943 23682 False
[vector] 22820 20960 23333 22549 False
[vector] 23950 22928 21433 24220 False
[vector] 23776 21054 22839 23409 False
[vector] 24715 21427 22696 22481 False
[vector] 22673 23328 20146 24172 False
[vector] 26666 21378 18764 22421 False
[vector] 22640 22842 22765 21699 False
[vector] 23780 21871 18266 25258 False
[vector] 23591 21576 20129 25451 False
[vector] 22552 21596 23534 21288 False
[vector] 25745 22459 20533 23695 False
[vector] 26163 22324 19087 23397 False
[vector] 25134 21163 22399 22972 False
[vector] 26576 21833 18634 22339 False
[vector] 24344 23527 21607 22604 False
[vector] 22951 20471 23419 22767 False
[vector] 23731 21668 21423 24790 False
[vector] 24420 22056 22808 23222 False
[vector] 22766 21571 22712 23571 False
[vector] 22478 21625 23569 21104 False
[vector] 23981 21990 21327 24742 False
[vector] 24784 21604 22581 23271 False
[vector] 26332 22184 19140 22033 False
[vector] 23495 23566 20172 23786 False
[vector] 24579 23481 22042 22869 False
[vector] 26800 20637 18907 21496 False
[vector] 25371 22311 20622 24107 False
[vector] 23210 23272 20080 24209 False
[vector] 23532 22634 22737 22624 False
[vector] 24645 21843 21903 24568 False
[vector] 22688 22629 22442 23359 False
[vector] 23561 23702 20940 23537 False
[vector] 24632 21925 21762 24220 False
[vector] 23358 21060 19227 25462 False
[vector] 24165 22243 21780 24381 False
[vector] 21827 20329 23890 20375 False
[vector] 26623 20510 19371 21970 False
[vector] 23633 23901 21032 23111 False
[vector] 26030 22753 20625 23272 False
[vector] 24849 22414 21540 24036 False
[vector] 25653 21521 21670 22359 False
[vector] 23980 21434 19604 25311 False
[vector] 23284 20889 22749 23800 False
[vector] 21097 20226 23975 20059 False
[vector] 22646 22462 23074 21533 False
[vector] 25382 21029 20873 24155 False
[vector] 25240 22057 21886 23387 False
[vector] 23459 22260 22931 21610 False
[vector] 24892 21131 20080 24943 False
[vector] 26026 21978 18955 23530 False
[vector] 25437 23177 21093 23070 False
[vector] 22470 23577 20086 23694 False
[vector] 24517 22358 20235 24914 False
[vector] 23323 21940 19370 25302 False
[vector] 24715 22931 22061 23533 False
[vector] 25360 21546 21930 23597 False
[vector] 24844 22945 21526 23642 False
[vector] 25782 21931 21661 23320 False
[vector] 25934 22563 19887 23367 False
[vector] 25479 22185 21434 22672 False
[vector] 24735 22740 22087 23654 False
[vector] 22667 21250 22377 23983 False
[vector] 26979 20431 18460 21421 False
[vector] 24380 22501 20241 24717 False
[vector] 22769 24385 20341 21824 False
[vector] 23001 21635 23114 22787 False
[vector] 22094 24311 20570 21352 False
[vector] 24330 22266 22211 24128 False
[vector] 25945 22132 21107 22444 False
[vector] 23090 21910 20147 25243 False
[vector] 23847 21967 22791 23389 False
[vector] 24118 22766 20828 24672 False
[vector] 26591 20033 19696 21423 False
[vector] 26358 21478 20207 22497 False
[vector] 22438 22269 23204 21555 False
[vector] 22887 22084 20110 25255 False
[vector] 24219 22302 22163 24011 False
[vector] 26011 21434 18936 23803 False
[vector] 26254 21517 20647 21828 False
[vector] 25688 22236 19786 23859 False
[vector] 21809 19830 23866 20979 False
[vector] 25092 22104 21942 23421 False
[vector] 23114 20567 23611 21379 False
[vector] 24360 22096 22365 23707 False
[vector] 25115 22930 21694 23132 False
[vector] 23080 20918 20401 25329 False
[vector] 23412 21779 19732 25306 False
[vector] 25129 21471 21461 24749 False
[vector] 25472 22725 20930 23183 False
[vector] 22215 20997 23345 22594 False
[vector] 23695 20584 23319 21970 False
[vector] 22430 21610 23107 22877 False
[vector] 23382 20752 22905 23636 False
[vector] 24602 20712 19459 25002 False
[vector] 23868 23662 20684 23504 False
[vector] 24060 23607 22007 22593 False
[vector] 26729 21114 18987 22569 False
[vector] 23495 22794 20900 24705 False
[vector] 23069 22066 23175 21755 False
[vector] 25990 20523 21254 22077 False
[vector] 22329 22283 23164 21227 False
[vector] 26565 21881 19163 22365 False
[vector] 24452 21223 21433 24865 False
[vector] 22961 21222 22627 23856 False
[vector] 25331 22772 19957 24257 False
[vector] 23494 22674 21142 24588 False
[vector] 23195 21996 20112 25266 False
[vector] 26408 21159 17235 23181 False
[vector] 24706 23368 19586 23695 False
[vector] 24003 21091 21548 24902 False
[vector] 25289 21290 22104 21990 False
[vector] 24788 22470 22195 23063 False
[vector] 24717 23182 21638 22409 False
[vector] 24560 23369 19870 23729 False
[vector] 24592 22111 21892 24216 False
[vector] 23418 21149 23468 22268 False
[vector] 23969 22160 21516 24595 False
[vector] 26395 20898 19030 23109 False
[vector] 24463 20586 20914 24932 False
[vector] 22127 22588 23039 21257 False
[vector] 26154 21826 20537 23039 False
[vector] 23403 22926 22617 22253 False
[vector] 23379 20829 22783 23535 False
[vector] 24257 21178 20012 25079 False
[vector] 22697 23775 22011 22796 False
[vector] 22952 21276 23423 22140 False
[vector] 22118 23945 18869 22967 False
[vector] 22508 21664 23237 22592 False
[vector] 24149 23151 21899 23515 False
[vector] 24066 22188 18987 25154 False
[vector] 23739 22312 22584 23553 False
[vector] 23888 23207 20564 24239 False
[vector] 24905 23098 19967 23907 False
[vector] 24191 23481 20244 23691 False
[vector] 25437 22447 21390 23858 False
[vector] 23017 22628 23027 22666 False
[vector] 23964 23813 20323 23017 False
[vector] 24763 23719 20197 22981 False
[vector] 25507 21719 21687 23197 False
[vector] 25694 23225 20656 23071 False
[vector] 25647 21938 21511 23175 False
[vector] 23254 21889 22519 23854 False
[vector] 23934 22037 22477 23682 False
[vector] 24833 22555 21927 23575 False
[vector] 25040 21235 22355 21937 False
[vector] 25891 22461 20633 23674 False
[vector] 26225 21529 20247 22900 False
[vector] 22861 22023 19452 25581 False
[vector] 22546 23185 19859 24434 False
[vector] 25823 22848 19524 23316 False
[vector] 22737 21405 23244 22599 False
[vector] 24360 23208 21795 23884 False
[vector] 23649 22835 21702 24284 False
[vector] 24862 22625 21909 23852 False
[vector] 23557 23651 21355 23255 False
[vector] 25482 21497 21787 22989 False
[vector] 25469 21853 21272 23851 False
[vector] 24712 23078 19831 24005 False
[vector] 26508 21297 17567 22966 False
[vector] 22848 21705 22149 24374 False
[vector] 26407 21799 18968 22742 False
[vector] 24384 21393 19718 25014 False
[vector] 21038 20797 23850 20644 False
[vector] 26208 21981 19623 22966 False
[vector] 24702 23113 20411 24220 False
[vector] 23496 23962 21228 22734 False
[vector] 25987 21342 21125 22945 False
[vector] 25313 22780 20925 23981 False
[vector] 24754 22456 22311 23577 False
[vector] 22956 20965 22561 23880 False
[vector] 26197 22060 20112 23158 False
[vector] 26354 20742 19636 23147 False
[vector] 24446 22810 21737 24095 False
[vector] 24147 22666 21336 24634 False
[vector] 25113 22147 22343 23347 False
[vector] 26275 20586 19799 23011 False
[vector] 25739 21571 20482 24080 False
[vector] 21095 20479 23872 20290 False
[vector] 25976 21731 21133 23201 False
[vector] 22584 19782 23767 21050 False
[vector] 24697 22772 21769 24042 False
[vector] 22824 20676 23538 22181 False
[vector] 23286 22112 21482 24811 False
[vector] 24316 22487 21242 24565 False
[vector] 22528 21473 23646 21557 False
[vector] 24717 20211 22731 21989 False
[vector] 22708 20855 23579 22073 False
[vector] 22265 24437 20326 21104 False
[vector] 23411 21636 23146 22497 False
[vector] 25634 22413 21070 23673 False
[vector] 21926 22713 23030 21057 False
[vector] 23121 22662 22886 22593 False
[vector] 25250 22923 21844 23277 False
[vector] 23591 21285 22733 23697 False
[vector] 21174 20247 23869 21308 False
[vector] 26091 22385 18679 23557 False
[vector] 22677 22394 23037 21542 False
[vector] 24556 21825 20473 24861 False
[vector] 25291 21758 21868 24013 False
[vector] 21886 24356 20432 20107 False
[vector] 24521 23777 19342 22408 False
[vector] 25661 22142 19578 24055 False
[vector] 23544 21039 23312 22900 False
[vector] 24514 21283 22595 22999 False
[vector] 23650 21717 23137 22575 False
[vector] 24618 22948 22280 22816 False
[vector] 23093 20822 22555 24077 False
[vector] 25211 22938 19953 23757 False
[vector] 23659 23032 22412 22232 False
[vector] 23352 21546 22623 23845 False
[vector] 24338 21340 22879 22272 False
[vector] 23732 22176 20109 25198 False
[vector] 22774 23892 21440 22921 False
[vector] 23603 23512 20739 23436 False
[vector] 26243 20696 20173 23125 False
[vector] 23897 21416 20115 25301 False
[vector] 24796 21864 21742 24237 False
[vector] 23995 22416 18942 25062 False
[vector] 22599 24191 19681 22564 False
[vector] 24888 21881 21778 23983 False
[vector] 25283 22810 21213 23594 False
[vector] 26773 20552 18759 21691 False
[vector] 23825 23653 21572 22328 False
[vector] 22127 21891 19572 25430 False
[vector] 24569 23550 21055 22682 False
[vector] 26101 22639 20176 22857 False
[vector] 25455 22263 19877 24325 False
[vector] 25147 20742 22090 22987 False
[vector] 21388 23435 22373 21447 False
[vector] 24494 21832 22604 22125 False
[vector] 23682 23386 21166 23595 False
[vector] 24723 23020 21339 24120 False
[vector] 26658 21125 18958 22112 False
[vector] 22945 22078 21738 24586 False
[vector] 26486 21786 19352 22965 False
[vector] 24582 21938 20578 24841 False
[vector] 23591 22154 22132 24213 False
[vector] 25830 22654 20008 23367 False
[vector] 22391 22276 23131 21735 False
[vector] 25130 22901 20964 23908 False
[vector] 23457 24277 20451 21468 False
[vector] 21948 24243 21223 21047 False
[vector] 24944 22906 21811 23762 False
[vector] 23804 23615 22098 23196 False
[vector] 23066 22938 22628 22430 False
[vector] 22665 22249 23147 21487 False
[vector] 23480 22852 21710 24631 False
[vector] 23245 22536 20590 24987 False
[vector] 25682 21793 21329 23535 False
[vector] 22250 23121 22467 22280 False
[vector] 22559 20977 23618 20942 False
[vector] 24774 21470 20832 24803 False
[vector] 25181 23334 20054 22000 False
[vector] 22372 22214 23218 21928 False
[vector] 24087 22701 21021 24615 False
[vector] 24026 23235 21135 24199 False
[vector] 23641 22449 22428 23717 False
[vector] 25558 22475 19872 23792 False
[vector] 24779 23677 19225 21306 False
[vector] 22146 22366 20243 25094 False
[vector] 23597 21477 20189 25336 False
[vector] 24545 21882 21618 24448 False
[vector] 25461 21800 20978 24141 False
[vector] 25547 22554 20361 23984 False
[vector] 25064 21806 21700 23787 False
[vector] 26073 22393 19647 23281 False
[vector] 22372 23639 22228 22042 False
[vector] 22535 23019 22419 22493 False
[vector] 24821 22086 21642 24445 False
[vector] 22318 23884 20282 23259 False
[vector] 24335 23060 22198 22802 False
[vector] 23711 23551 19815 23799 False
[vector] 23745 21629 20666 25120 False
[vector] 24443 22428 19069 24908 False
[vector] 23488 23082 22515 22386 False
[vector] 24231 21290 19465 25147 False
[vector] 25502 22339 21245 23548 False
[vector] 24179 22228 22883 23233 False
[vector] 22092 22289 23046 22131 False
[vector] 22675 23965 21776 22743 False
[vector] 25122 22870 21698 23418 False
[vector] 23782 22387 22448 23462 False
[vector] 25454 22134 20781 23995 False
[vector] 24544 23081 19179 24431 False
[vector] 25175 23351 20621 22795 False
[vector] 24812 23615 19907 21978 False
[vector] 24417 23194 21635 23605 False
[vector] 24825 21554 22147 23853 False
[vector] 25436 22660 19072 23876 False
[vector] 23639 24044 20759 22091 False
[vector] 22668 20527 23634 21370 False
[vector] 25521 20964 22025 22936 False
[vector] 23206 20693 23518 22106 False
[vector] 23942 23375 21399 23546 False
[vector] 25204 23242 20368 23368 False
[vector] 24099 23074 22245 22540 False
[vector] 25545 23207 19462 23411 False
[vector] 25300 21495 21344 24119 False
[vector] 26800 21000 18538 22154 False
[vector] 26289 22205 18883 22533 False
[vector] 25805 21707 21250 23831 False
[vector] 26506 21427 18629 22885 False
[vector] 23980 21494 21311 24754 False
[vector] 24294 23693 20239 23158 False
[vector] 22765 20528 22703 24056 False
[vector] 23464 22439 21784 24330 False
[vector] 22614 23628 22087 22420 False
[vector] 25615 22616 19841 23864 False
[vector] 26342 22194 18805 22681 False
[vector] 25387 20989 22275 22971 False
[vector] 22892 21509 21922 24580 False
[vector] 22497 23432 22556 21665 False
[vector] 21864 21624 23370 22083 False
[vector] 26391 21433 19572 22983 False
[vector] 22474 23293 20056 24225 False
[vector] 24968 21253 22572 22480 False
[vector] 23129 23464 19588 24029 False
[vector] 22267 24168 21400 21536 False
[vector] 22924 22390 22614 23427 False
[vector] 23099 21393 21072 24993 False
[vector] 24672 22102 22497 22855 False
[vector] 25956 21894 18593 23899 False
[vector] 25030 21666 22014 23456 False
[vector] 24058 20693 23102 21813 False
[vector] 24632 21853 21796 24352 False
[vector] 24394 23375 21684 23057 False
[vector] 23498 22328 20994 24958 False
[vector] 24209 22826 20330 24698 False
[vector] 23945 23884 20745 21941 False
[vector] 22939 21076 23324 22945 False
[vector] 23470 22641 22770 22116 False
[vector] 24424 21119 20676 24985 False
[vector] 24110 23455 22084 23046 False
[vector] 25268 22347 21681 23298 False
[vector] 21775 24386 20393 20863 False
[vector] 22065 22595 23072 20749 False
[vector] 26247 21432 20744 22475 False
[vector] 23882 22405 20167 25050 False
[vector] 24134 23818 20947 21968 False
[vector] 24843 22947 21592 22287 False
[vector] 22189 20494 23533 22329 False
[vector] 23080 22704 20580 24958 False
[vector] 21925 24296 20767 20654 False
[vector] 25308 22510 21693 22965 False
[vector] 22739 23421 22415 22043 False
[vector] 22879 22314 23050 22047 False
[vector] 26158 21064 19261 23909 False
[vector] 23118 24065 19716 22840 False
[vector] 23627 23025 21467 24231 False
[vector] 26802 20870 17476 22235 False
[vector] 24840 22058 22253 23788 False
[vector] 24858 20926 22243 23489 False
[vector] 24754 21134 22336 23391 False
[vector] 23485 23646 21697 23305 False
[vector] 23581 23910 21191 22559 False
[vector] 22282 20919 23567 22128 False
[vector] 22585 21523 23454 21422 False
[vector] 21183 19828 23917 20270 False
[vector] 24045 20694 18781 25200 False
[vector] 23070 21952 22999 23153 False
[vector] 22669 22960 21121 24462 False
[vector] 26097 21935 20160 22944 False
[vector] 25437 22271 20845 24049 False
[vector] 23114 22953 22707 21813 False
[vector] 24556 23519 20711 23433 False
[vector] 26184 22142 19971 22810 False
[vector] 24903 23585 20197 21549 False
[vector] 24869 22912 20368 24171 False
[vector] 26574 21963 19696 22258 False
[vector] 23753 22441 22539 23477 False
[vector] 24015 23836 21263 23010 False
[vector] 26191 21013 17968 23688 False
[vector] 22355 21092 23758 21237 False
[vector] 25709 22841 20768 23248 False
[vector] 23549 21828 20032 25204 False
[vector] 25740 23001 19985 23239 False
[vector] 23891 22652 22649 22556 False
[vector] 23557 23304 22009 23811 False
[vector] 22834 21313 23249 22563 False
[vector] 26186 21263 19185 23854 False
[vector] 26476 20694 20334 21870 False
[vector] 26022 22030 19361 23650 False
[vector] 25994 21831 19437 23705 False
[vector] 25088 22636 21437 24013 False
[vector] 23617 21842 21032 24932 False
[vector] 23339 24052 21997 22518 False
[vector] 26730 19765 17568 22395 False
[vector] 25643 22326 21091 23588 False
[vector] 26398 20477 20310 22501 False
[vector] 24441 23439 21189 23574 False
[vector] 23034 21177 23430 22002 False
[vector] 25003 22612 21755 23892 False
[vector] 24417 23180 21353 24270 False
[vector] 23369 22285 22974 22651 False
[vector] 23316 20430 23495 21617 False
[vector] 23070 21243 23499 21442 False
[vector] 23894 23015 22352 22310 False
[vector] 24223 21248 21683 24636 False
[vector] 25265 22636 19189 24506 False
[vector] 22981 21769 21206 24951 False
[vector] 23177 23765 21590 23254 False
[vector] 23408 21752 23212 22598 False
[vector] 24539 22168 20470 24967 False
[vector] 26621 20917 19158 22030 False
[vector] 24782 22619 21404 24498 False
[vector] 23216 24060 20284 22526 False
[vector] 23772 21750 22070 24418 False
[vector] 26330 21279 20283 22552 False
[vector] 26282 21414 18824 23367 False
[vector] 24277 22433 21057 24922 False
[vector] 23454 22093 22596 23441 False
[vector] 22731 21504 23184 22714 False
[vector] 25307 21566 20865 24587 False
[vector] 25257 22820 20303 23858 False
[vector] 23312 23789 20867 23121 False
[vector] 24692 22405 22332 22972 False
[vector] 22274 22351 23062 22092 False
[vector] 26190 21999 19756 23204 False
[vector] 22157 21043 19240 25619 False
[vector] 25295 21032 22078 22411 False
[vector] 23891 23624 22015 22940 False
[vector] 22999 21152 23357 22509 False
[vector] 23876 21611 19667 25317 False
[vector] 24474 22549 21723 24410 False
[vector] 24406 23624 21212 22685 False
[vector] 23910 22509 20924 24930 False
[vector] 21782 22673 22991 21565 False
[vector] 23781 23089 22369 22635 False
[vector] 23939 20997 19845 25135 False
[vector] 23709 22880 22489 22685 False
[vector] 24150 23632 21303 23288 False
[vector] 25137 21500 21931 23630 False
[vector] 25596 21945 19302 24200 False
[vector] 22429 24244 20782 21374 False
[vector] 25312 21816 21833 22551 False
[vector] 25208 22472 21640 23629 False
[vector] 22605 21451 23421 21720 False
[vector] 23640 22320 22881 22905 False
[vector] 24622 21317 22174 24007 False
[vector] 22034 20652 20013 25501 False
[vector] 21102 24313 20683 20950 False
[vector] 22197 23930 19932 23064 False
[vector] 24514 21583 22618 22149 False
[vector] 24317 23655 21570 22594 False
[vector] 22963 22569 22644 23036 False
[vector] 26070 21189 20664 23022 False
[vector] 26467 21155 18957 23106 False
[vector] 24960 23313 21224 23850 False
[vector] 24873 22042 19820 24813 False
[vector] 25108 23486 20749 23476 False
[vector] 23938 21341 23246 22673 False
[vector] 25466 22348 19055 24227 False
[vector] 24539 22415 22446 23010 False
[vector] 24382 23018 22030 23937 False
[vector] 24999 22780 21462 23797 False
[vector] 25588 22468 21229 23527 False
[vector] 23903 22797 22539 22611 False
[vector] 23975 22089 21267 24857 False
[vector] 22330 20384 22917 23449 False
[vector] 23418 21719 19299 25267 False
[vector] 26158 21366 21008 22315 False
[vector] 23384 23112 20309 24572 False
[vector] 26288 20606 18868 23396 False
[vector] 24734 23558 20326 22271 False
[vector] 26811 19757 17061 22263 False
[vector] 22361 24145 21524 21418 False
[vector] 23430 22909 20801 24743 False
[vector] 25276 21644 21218 24349 False
[vector] 24920 21962 20038 24855 False
[vector] 25873 21029 19723 24043 False
[vector] 23377 23067 20522 24348 False
[vector] 26222 21167 20656 22547 False
[vector] 26015 22280 19272 23465 False
[vector] 25515 22228 19917 24102 False
[vector] 22977 22177 23206 21883 False
[vector] 24244 23323 20523 24086 False
[vector] 21810 21780 23487 21039 False
[vector] 23446 21176 23156 23064 False
[vector] 23617 22991 22520 22813 False
[vector] 23480 21583 22673 23600 False
[vector] 25114 20946 20395 24884 False
[vector] 25444 22342 20366 24517 False
[vector] 24888 20235 22614 21359 False
[vector] 26375 21740 19889 22943 False
[vector] 22546 23492 20148 23799 False
[vector] 23803 22671 21270 24818 False
[vector] 24458 20479 22896 22714 False
[vector] 23025 20678 23266 23156 False
[vector] 24111 22070 21416 24655 False
[vector] 24969 23598 19898 22711 False
[vector] 23773 21720 19928 25213 False
[vector] 20496 22083 23341 20709 False
[vector] 24702 22748 19640 24655 False
[vector] 23009 22175 19929 25365 False
[vector] 23888 23806 20831 23013 False
[vector] 23781 20679 22582 24006 False
[vector] 26102 22042 20338 22660 False
[vector] 22136 20819 23511 22252 False
[vector] 23784 22196 20599 25154 False
[vector] 24026 23757 20774 22818 False
[vector] 24600 21362 20415 24862 False
[vector] 22333 22137 23339 21374 False
[vector] 25990 22593 20713 22835 False
[vector] 23334 22704 22740 21984 False
[vector] 25851 23047 19448 23261 False
[vector] 19866 19533 24009 19677 False
[vector] 21777 20139 23914 21492 False
[vector] 26294 21059 20459 22756 False
[vector] 22923 22573 19987 25154 False
[vector] 23276 23408 20848 23960 False
[vector] 22601 24403 20309 21364 False
[vector] 23631 23758 21268 23012 False
[vector] 25272 22840 20925 23348 False
[vector] 22734 21358 23391 22338 False
[vector] 24244 21813 23069 23345 False
[vector] 23773 22250 22565 23598 False
[vector] 23645 21945 22624 23502 False
[vector] 26648 21728 18702 22442 False
[vector] 24491 22206 21726 24304 False
[vector] 23543 21618 22660 23753 False
[vector] 26418 21456 20627 21845 False
[vector] 24313 22113 20727 24871 False
[vector] 24853 21637 21944 23803 False
[vector] 25608 22471 21273 23228 False
[vector] 26063 21587 20897 23423 False
[vector] 25305 22620 21448 23647 False
[vector] 24156 22760 20855 24631 False
[vector] 24871 23187 21313 23363 False
[vector] 22334 19880 23113 23234 False
[vector] 25348 22429 19960 24151 False
[vector] 23032 21430 23327 22233 False
[vector] 23938 22693 22442 22953 False
[vector] 26009 21081 18954 24081 False
[vector] 22405 20940 23835 21690 False
[vector] 24774 22207 22325 23601 False
[vector] 22491 20542 23777 21901 False
[vector] 22930 22291 22674 23312 False
[vector] 24202 21277 22463 23851 False
[vector] 23914 23302 19875 24277 False
[vector] 23444 22903 21693 24290 False
[vector] 26112 21439 20594 22330 False
[vector] 25025 22932 19971 24407 False
[vector] 23188 22834 21156 24738 False
[vector] 23688 21665 19939 25230 False
[vector] 23283 22017 23192 21733 False
[vector] 23131 22059 23142 22263 False
[vector] 22946 21568 22305 24210 False
[vector] 23607 24005 20502 22597 False
[vector] 22844 19791 23523 22038 False
[vector] 22736 23718 20795 23274 False
[vector] 23563 21856 21890 24579 False
[vector] 24182 21451 19653 25167 False
[vector] 25756 22468 20483 23529 False
[vector] 22077 22153 23235 20942 False
[vector] 25593 21569 20382 24101 False
[vector] 25805 21022 19313 24228 False
[vector] 23292 22013 21542 24696 False
[vector] 23120 21091 23576 21895 False
[vector] 23704 23477 21766 23411 False
[vector] 23757 22239 22851 22380 False
[vector] 23546 23399 20716 23836 False
[vector] 24028 21982 23043 22339 False
[vector] 25338 22466 21398 22756 False
[vector] 25355 22815 20871 23544 False
[vector] 23909 22389 21166 24813 False
[vector] 25266 23284 19356 22280 False
[vector] 25650 21530 21730 22779 False
[vector] 25121 23083 19610 23920 False
[vector] 22380 21591 23405 21909 False
[vector] 23843 23082 22336 23143 False
[vector] 23363 23822 21803 22672 False
[vector] 21080 21677 23572 20723 False
[vector] 25743 22464 21423 23373 False
[vector] 23808 23465 21257 23492 False
[vector] 23695 22246 22884 21872 False
[vector] 26097 22099 19827 23038 False
[vector] 23542 23190 21359 24147 False
[vector] 25006 22502 22000 23210 False
[vector] 22654 21868 23308 20981 False
[vector] 25560 22036 21653 22679 False
[vector] 23256 22753 22860 22653 False
[vector] 25104 23465 21070 23210 False
[vector] 25365 22774 19521 24291 False
[vector] 26148 20760 21220 22284 False
[vector] 22489 23202 22458 22358 False
[vector] 22588 23875 20150 23135 False
[vector] 22297 24329 20343 21651 False
[vector] 22542 21716 23336 21620 False
[vector] 25111 22489 21859 22912 False
[vector] 24059 20552 23219 22344 False
[vector] 26073 22440 20252 22912 False
[vector] 24173 23503 21724 23234 False
[vector] 24797 21229 22689 23110 False
[vector] 23421 21690 21348 24816 False
[vector] 25753 22433 20062 23714 False
[vector] 24071 23692 21185 22495 False
[vector] 23483 21658 22217 24238 False
[vector] 24133 22281 21062 24822 False
[vector] 22612 23321 20627 24185 False
[vector] 23167 21863 19438 25431 False
[vector] 26575 21278 19419 22035 False
[vector] 24428 21681 22653 22788 False
[vector] 22284 21576 23300 22497 False
[vector] 25718 22604 19803 23490 False
[vector] 26598 20661 19308 21700 False
[vector] 24639 22306 20802 24752 False
[vector] 25511 21567 21769 23266 False
[vector] 26368 22084 19995 22528 False
[vector] 24038 22661 19419 24880 False
[vector] 25772 22188 19041 24077 False
[vector] 24217 21774 20985 25117 False
[vector] 26002 22507 20096 23696 False
[vector] 24532 22472 20885 24578 False
[vector] 24433 21213 20195 24982 False
[vector] 22832 21460 22906 23348 False
[vector] 24768 23592 20047 21404 False
[vector] 22866 21867 22423 23884 False
[vector] 25983 21802 20654 23669 False
[vector] 26151 22363 19099 22905 False
[vector] 25819 22569 20830 23465 False
[vector] 25880 22865 20651 22618 False
[vector] 23294 21899 19824 25407 False
[vector] 24281 21929 21253 24707 False
[vector] 23940 21661 20592 25119 False
[vector] 23838 23958 20754 22560 False
[vector] 24629 20503 22779 22084 False
[vector] 23168 22287 22577 23643 False
[vector] 22420 19843 23787 21033 False
[vector] 25113 23294 20857 22185 False
[vector] 26184 20685 19559 23328 False
[vector] 24610 22014 21644 24344 False
[vector] 23036 22296 21333 24663 False
[vector] 24233 23924 20651 22897 False
[vector] 26495 21354 18881 23051 False
[vector] 23852 21739 23304 22462 False
[vector] 25627 21935 21467 23474 False
[vector] 23941 23472 22092 23393 False
[vector] 23596 23501 21293 23745 False
[vector] 23642 23328 21691 23932 False
[vector] 22164 21842 19527 25421 False
[vector] 26553 20850 19952 21508 False
[vector] 24901 23115 20743 23958 False
[vector] 23695 21077 22640 23795 False
[vector] 26155 21002 19965 23586 False
[vector] 24787 22550 20146 24645 False
[vector] 26605 20317 19202 22115 False
[vector] 24156 21677 19343 25188 False
[vector] 26322 21305 20988 22332 False
[vector] 26257 22038 20532 22506 False
[vector] 25527 23061 19928 23555 False
[vector] 22297 22921 20713 24587 False
[vector] 24633 23179 21278 23618 False
[vector] 26854 20335 18143 22245 False
[vector] 25585 21105 19672 24190 False
[vector] 25266 23153 21210 23700 False
[vector] 23690 21953 22893 22906 False
[vector] 25737 21314 18900 24224 False
[vector] 26079 21953 20293 23182 False
[vector] 22393 21382 23672 21497 False
[vector] 24355 22590 20198 24735 False
[vector] 25394 22112 21635 23176 False
[vector] 22222 24322 20415 20367 False
[vector] 25052 20174 22594 21376 False
[vector] 25459 20971 22058 22428 False
[vector] 23864 23454 19798 23824 False
[vector] 25692 20988 21908 22306 False
[vector] 25506 21348 21913 22759 False
[vector] 23464 22540 19350 25049 False
[vector] 23889 23893 20941 22508 False
[vector] 23104 22359 22516 23689 False
[vector] 26397 22402 18712 23072 False
[vector] 25115 21426 22329 22080 False
[vector] 23734 22253 19690 25266 False
[vector] 24308 23629 20644 22999 False
[vector] 23238 23518 20609 23785 False
[vector] 24351 23044 20585 24519 False
[vector] 23287 22232 21240 24928 False
[vector] 24130 22777 22099 23699 False
[vector] 24317 20677 19921 25136 False
[vector] 22758 20189 23581 21827 False
[vector] 23682 21379 23338 22456 False
[vector] 22727 22242 23114 21995 False
[vector] 24322 22193 22652 23386 False
[vector] 23027 22025 23283 22336 False
[vector] 23667 23986 21111 22104 False
[vector] 24109 22511 21256 24668 False
[vector] 22557 22679 20563 25058 False
[vector] 23989 22515 22805 22392 False
[vector] 23116 23511 21714 23287 False
[vector] 26037 22687 19443 22808 False
[vector] 26191 22523 19011 23342 False
[vector] 24834 23605 19748 22566 False
[vector] 26156 21652 19135 23383 False
[vector] 23274 22436 21098 24949 False
[vector] 23777 23352 20968 23799 False
[vector] 26639 21219 18812 22157 False
[vector] 23607 23594 22264 23143 False
[vector] 24798 23026 20817 24586 False
[vector] 25622 21570 19364 24211 False
[vector] 22694 24139 21169 22161 False
[vector] 24869 23511 20635 22945 False
[vector] 23333 21865 23269 22186 False
[vector] 25724 22758 20239 23245 False
[vector] 24063 21051 21991 24417 False
[vector] 24094 22996 21022 24518 False
[vector] 21424 23008 22775 21205 False
[vector] 25462 21782 21751 23383 False
[vector] 23175 22757 22780 22227 False
[vector] 26375 21538 20212 22044 False
[vector] 23353 23826 19368 23233 False
[vector] 24852 20997 22492 23227 False
[vector] 23392 22545 22778 21747 False
[vector] 22570 23033 21457 24284 False
[vector] 25318 21558 21807 22972 False
[vector] 23727 21132 20177 25177 False
[vector] 24709 22809 19996 24609 False
[vector] 23521 21724 19275 25324 False
[vector] 24462 23752 20061 21554 False
[vector] 25829 22650 19266 23512 False
[vector] 22863 20391 22859 23892 False
[vector] 26405 21152 20527 22409 False
[vector] 21194 22577 23079 21020 False
[vector] 24282 23991 20472 21594 False
[vector] 23858 23313 21334 23945 False
[vector] 23491 22773 21221 24439 False
[vector] 25351 21283 22071 22498 False
[vector] 23672 23102 19610 24535 False
[vector] 25016 23195 20265 23817 False
[vector] 24513 21569 22674 23017 False
[vector] 23477 23812 21298 22868 False
[vector] 23750 22508 22634 23155 False
[vector] 25491 21606 20450 24140 False
[vector] 24378 21492 19658 25129 False
[vector] 24088 22604 20328 24768 False
[vector] 25939 21495 18528 23963 False
[vector] 26870 19505 17439 21930 False
[vector] 26406 21289 18297 23100 False
[vector] 22242 20349 23420 22761 False
[vector] 23461 22377 21039 24967 False
[vector] 24223 23351 21801 23687 False
[vector] 26645 21237 18836 21033 False
[vector] 23202 22291 20113 25169 False
[vector] 24792 22016 21660 24168 False
[vector] 25536 21757 19434 24680 False
[vector] 25463 21837 21672 22220 False
[vector] 23657 23853 20579 23050 False
[vector] 26740 19871 17510 22678 False
[vector] 26283 21449 19405 23284 False
[vector] 24164 21374 22750 23530 False
[vector] 22433 20915 23377 22396 False
[vector] 24268 21166 22657 23628 False
[vector] 23250 22421 22014 24446 False
[vector] 24555 20792 19241 24960 False
[vector] 25357 21025 22045 22919 False
[vector] 24612 23463 21072 22944 False
[vector] 25257 21623 19956 24699 False
[vector] 23017 23112 22557 21540 False
[vector] 25614 21257 20262 24162 False
[vector] 25400 22436 21545 23246 False
[vector] 24162 22780 21986 24298 False
[vector] 26584 20748 19541 21118 False
[vector] 23081 23852 21184 22888 False
[vector] 24198 21809 21958 24443 False
[vector] 23871 22075 19431 25142 False
[vector] 23864 22722 22477 22769 False
[vector] 24881 20150 22711 22006 False
[vector] 23301 22658 22778 22463 False
[vector] 24478 21924 18742 25126 False
[vector] 24692 21568 18742 24890 False
[vector] 23623 22946 19395 24655 False
[vector] 24602 21508 22148 23886 False
[vector] 26819 20480 18325 21885 False
[vector] 21363 20381 23841 21254 False
[vector] 25049 22285 19559 24690 False
[vector] 21874 21021 23626 21753 False
[vector] 23933 21569 22733 23600 False
[vector] 26026 22766 19932 23000 False
[vector] 23672 22244 22641 23163 False
[vector] 21770 20987 23767 21826 False
[vector] 24283 23772 20728 23350 False
[vector] 23113 21627 23225 22547 False
[vector] 25482 21523 20919 24079 False
[vector] 23715 23177 19474 24444 False
[vector] 23423 24243 20730 22335 False
[vector] 23760 21905 22890 22825 False
[vector] 24624 22060 18958 25048 False
[vector] 25660 21983 21094 23482 False
[vector] 24985 19814 22499 21740 False
[vector] 26337 20934 18979 23193 False
[vector] 25449 21574 21802 22758 False
[vector] 25919 22707 21162 23250 False
[vector] 25161 22337 21936 23365 False
[vector] 24543 22566 19401 24693 False
[vector] 23520 23409 19806 24100 False
[vector] 24278 23036 22066 23551 False
[vector] 24825 23542 20964 22079 False
[vector] 23406 22922 20544 24625 False
[vector] 22434 23045 22468 22688 False
[vector] 25686 22121 20513 23774 False
[vector] 25705 22105 20197 23898 False
[vector] 25599 21143 19612 24498 False
[vector] 24532 22645 19890 24885 False
[vector] 23643 21095 18765 25328 False
[vector] 24851 22532 20938 24454 False
[vector] 26287 22107 19394 22532 False
[vector] 24649 21576 22768 22294 False
[vector] 26311 21648 19329 23229 False
[vector] 25653 22256 20488 24062 False
[vector] 24348 24004 20173 22756 False
[vector] 25266 22247 20962 24679 False
[vector] 24698 23487 20752 23575 False
[vector] 23462 22664 22654 22371 False
[vector] 24365 21868 22878 22780 False
[vector] 24959 22796 19203 24656 False
[vector] 24805 22960 19635 24122 False
[vector] 22666 22496 23041 21585 False
[vector] 24287 23632 19883 23204 False
[vector] 24355 22471 22622 23110 False
[vector] 25252 22291 21630 24066 False
[vector] 26178 22159 19420 22511 False
[vector] 23039 23008 22456 22643 False
[vector] 23753 22728 20361 24930 False
[vector] 25511 22695 20532 23796 False
[vector] 23525 21790 18507 25318 False
[vector] 25119 22485 19443 24533 False
[vector] 26629 21209 19147 21509 False
[vector] 26126 21580 20008 23463 False
[vector] 23600 23726 21219 23164 False
[vector] 24609 21456 19934 24859 False
[vector] 22526 21340 23411 22195 False
[vector] 22278 23662 22104 22160 False
[vector] 23057 21801 21544 24743 False
[vector] 26776 20341 19085 21485 False
[vector] 24307 23542 20534 23504 False
[vector] 24511 20762 22710 22321 False
[vector] 23021 21851 20313 25227 False
[vector] 22509 22990 22719 21858 False
[vector] 25469 21577 21846 22459 False
[vector] 25293 22315 21757 21973 False
[vector] 25304 22621 21080 24026 False
[vector] 26000 21990 20969 22505 False
[vector] 25150 22785 21512 23492 False
[vector] 23499 23192 19831 24431 False
[vector] 24816 22504 19304 24543 False
[vector] 23689 21148 22889 23533 False
[vector] 26162 21202 20616 22770 False
[vector] 24398 22705 20682 24606 False
[vector] 26646 20707 19156 22233 False
[vector] 22993 23167 20091 24501 False
[vector] 23925 22796 20579 24901 False
[vector] 25624 22775 20307 23637 False
[vector] 25611 21220 19442 24248 False
[vector] 26161 22160 19257 22663 False
[vector] 23553 21015 22916 23423 False
[vector] 25581 21151 20580 24222 False
[vector] 25830 22490 20341 23273 False
[vector] 24407 21533 19204 25024 False
[vector] 21765 21215 23254 22753 False
[vector] 23510 22361 19794 25257 False
[vector] 25726 22087 20692 23547 False
[vector] 24807 22130 22310 23832 False
[vector] 23428 22231 23088 22898 False
[vector] 26083 21493 20764 22458 False
[vector] 21303 24330 20395 20690 False
[vector] 22279 22435 23087 20774 False
[vector] 23360 23599 19581 23777 False
[vector] 24339 22025 19420 25182 False
[vector] 21778 24194 20229 22573 False
[vector] 24365 21913 19967 25114 False
[vector] 23953 21141 23251 22012 False
[vector] 21309 20338 23843 21368 False
[vector] 24144 23798 20740 22410 False
[vector] 25069 23559 20183 22831 False
[vector] 26804 20540 19009 21430 False
[vector] 22268 22053 23172 22068 False
[vector] 26064 22234 19802 23326 False
[vector] 24710 21735 21758 24258 False
[vector] 23250 23065 22352 23012 False
[vector] 25196 22281 19871 24599 False
[vector] 25524 21765 21776 22901 False
[vector] 26578 21201 18420 23128 False
[vector] 25554 22308 19661 23881 False
[vector] 23592 23196 21208 24007 False
[vector] 24916 22161 22226 22694 False
[vector] 22858 23019 22409 22545 False
[vector] 26072 21882 20772 22714 False
[vector] 23719 24103 20923 21743 False
[vector] 25104 22866 20803 24436 False
[vector] 23078 21734 23093 22630 False
[vector] 26106 22475 19505 22392 False
[vector] 23913 23434 22250 22993 False
[vector] 23954 22046 20866 24931 False
[vector] 23045 23261 22401 21893 False
[vector] 24697 23706 20496 21819 False
[vector] 23753 21275 21399 24754 False
[vector] 23420 22793 22693 21663 False
[vector] 24332 23170 21953 23484 False
[vector] 23226 22734 22404 23492 False
[vector] 24233 22328 20484 25117 False
[vector] 26178 21429 19717 23299 False
[vector] 25519 21805 20374 24085 False
[vector] 24309 22034 22236 24165 False
[vector] 24553 22644 21654 24269 False
[vector] 25400 22833 21127 22974 False
[vector] 22710 23728 19885 23538 False
[vector] 22980 23318 19796 24155 False
[vector] 25656 22222 19172 23872 False
[vector] 24121 22439 22007 24175 False
[vector] 22332 23709 22038 21768 False
[vector] 26702 19964 19668 20491 False
[vector] 23442 22393 22855 22200 False
[vector] 21956 22839 23027 21467 False
[vector] 23505 21914 20981 24968 False
[vector] 21990 23246 22544 22003 False
[vector] 23758 22064 20656 25130 False
[vector] 26197 22790 19815 22370 False
[vector] 26111 22036 20432 22527 False
[vector] 22304 23535 21352 23569 False
[vector] 22602 24101 21612 21558 False
[vector] 25200 23017 20442 23949 False
[vector] 23368 21301 23391 21815 False
[vector] 24372 20877 22954 22503 False
[vector] 23899 21601 23132 22080 False
[vector] 23887 23637 21322 22668 False
[vector] 23165 22431 19181 25195 False
[vector] 23081 21816 20628 25246 False
[vector] 23362 23637 20944 23574 False
[vector] 23782 23740 21555 22066 False
[vector] 25253 21868 21629 23838 False
[vector] 26086 22014 20649 23136 False
[vector] 21775 20392 23811 21723 False
[vector] 24265 22290 21202 24676 False
[vector] 22974 23954 21299 22570 False
[vector] 23586 22945 22671 22222 False
[vector] 23914 21073 20118 25195 False
[vector] 23880 22271 22810 22050 False
[vector] 21894 20830 23652 21874 False
[vector] 24638 21782 21547 24614 False
[vector] 26224 21357 19283 23493 False
[vector] 24001 22660 22695 22447 False
[vector] 26266 21048 19428 23608 False
[vector] 25337 22133 20513 24264 False
[vector] 26080 22477 19548 23320 False
[vector] 23454 23503 20252 23798 False
[vector] 25785 22545 18693 23707 False
[vector] 22930 22184 23133 22063 False
[vector] 26146 21689 20573 21988 False
[vector] 23490 22249 21966 24301 False
[vector] 23774 24135 20733 22151 False
[vector] 24452 22739 21488 24357 False
[vector] 23728 22930 21633 24143 False
[vector] 21771 22313 23249 21092 False
[vector] 24354 22550 20486 25047 False
[vector] 24663 21527 19196 24995 False
[vector] 23596 24100 21560 22519 False
[vector] 26808 20407 18577 22051 False
[vector] 23562 20463 23149 22921 False
[vector] 23512 22512 22731 22824 False
[vector] 25928 21695 18669 23954 False
[vector] 25720 22762 20279 23056 False
[vector] 23399 23054 19499 24646 False
[vector] 22803 24419 20062 20957 False
[vector] 24831 21483 21898 24115 False
[vector] 25822 21418 20021 24157 False
[vector] 24085 19977 23164 21538 False
[vector] 22762 22103 22207 24163 False
[vector] 23373 21585 20293 25327 False
[vector] 24846 21987 22004 24050 False
[vector] 22131 23834 22029 21568 False
[vector] 23631 21621 22001 24495 False
[vector] 22334 23930 18512 22980 False
[vector] 24872 22022 22165 23522 False
[vector] 25007 22940 20939 24131 False
[vector] 26908 20545 18909 21836 False
[vector] 24317 23133 21931 23975 False
[vector] 24061 23064 21394 24423 False
[vector] 23817 21270 21365 25001 False
[vector] 22573 23789 20081 23161 False
[vector] 23078 23083 22518 22485 False
[vector] 23713 23529 20947 23390 False
[vector] 21570 21559 23434 21757 False
[vector] 24551 21713 22612 22458 False
[vector] 26105 21769 19628 23499 False
[vector] 23393 23750 21233 23267 False
[vector] 25583 22172 20126 24431 False
[vector] 25343 22163 21834 22426 False
[vector] 22479 20984 23614 21708 False
[vector] 24094 21833 22971 22526 False
[vector] 23071 22814 22809 22140 False
[vector] 24775 22558 21048 24544 False
[vector] 26094 21848 20117 23691 False
[vector] 26066 21649 20193 23746 False
[vector] 25930 22615 20293 23487 False
[vector] 24978 22154 22193 23202 False
[vector] 25902 22416 20369 23542 False
[vector] 25573 20460 21758 22540 False
[vector] 23738 23479 21330 23445 False
[vector] 22066 22247 23045 22145 False
[vector] 22970 22969 20446 24596 False
[vector] 22406 21069 23382 22502 False
[vector] 24685 23130 21100 23945 False
[vector] 22395 21543 23579 22020 False
[vector] 23096 24139 20839 22859 False
[vector] 25476 22644 21331 23017 False
[vector] 23850 22790 21101 24435 False
[vector] 23233 22587 19708 25058 False
[vector] 24521 22169 19219 24944 False
[vector] 25513 22729 20844 23615 False
[vector] 24059 22568 20347 24780 False
[vector] 24137 22588 19083 25058 False
[vector] 26356 20407 17416 23372 False
[vector] 24416 21868 22153 24339 False
[vector] 22794 20457 23521 22284 False
[vector] 23108 21533 23413 21702 False
[vector] 20936 24062 21725 20922 False
[vector] 26335 21403 18746 23515 False
[vector] 26307 21204 18822 23570 False
[vector] 26245 21512 18561 23478 False
[vector] 26217 21313 18637 23533 False
[vector] 24039 20743 23193 22223 False
[vector] 23019 21562 23381 21614 False
[vector] 22519 21777 23334 20921 False
[vector] 23433 22244 20365 25132 False
[vector] 24230 22128 21879 24343 False
[vector] 23869 22113 22094 24300 False
[vector] 24983 22373 22049 23709 False
[vector] 23011 21032 23370 22457 False
[vector] 21926 24329 20538 20892 False
[vector] 24294 21920 21586 24501 False
[vector] 25472 22126 20663 24409 False
[vector] 25415 23302 20550 21940 False
[vector] 25436 21578 21078 23933 False
[vector] 23210 23090 20339 24424 False
[vector] 23417 23520 21039 23421 False
[vector] 25434 22984 19952 23724 False
[vector] 25475 21045 21316 23880 False
[vector] 23581 23797 21336 22818 False
[vector] 23155 21012 23400 22278 False
[vector] 24541 23577 21521 23359 False
[vector] 23533 23456 20411 23961 False
[vector] 22848 22268 23201 21456 False
[vector] 26740 20173 19257 21084 False
[vector] 24231 22636 20565 24751 False
[vector] 22673 23927 20413 22946 False
[vector] 24604 22113 21584 24459 False
[vector] 25487 21835 21139 23613 False
[vector] 23416 22555 22704 23036 False
[vector] 23963 23282 22327 23446 False
[vector] 24955 21628 22464 22641 False
[vector] 25090 22004 21223 24802 False
[vector] 23694 24146 19784 22245 False
[vector] 23560 22280 20751 25108 False
[vector] 25463 21996 21487 23457 False
[vector] 22662 23264 21536 24073 False
[vector] 26338 19759 20677 21127 False
[vector] 26601 20777 18731 22839 False
[vector] 23954 23464 20973 23458 False
[vector] 22721 20973 23473 22086 False
[vector] 25019 23038 19575 23972 False
[vector] 24747 23554 20573 22272 False
[vector] 25182 23115 20310 23756 False
[vector] 23141 22661 19375 25041 False
[vector] 21528 24486 19941 20144 False
[vector] 25386 21971 21547 23340 False
[vector] 26587 20740 19797 21892 False
[vector] 24758 21762 22451 23163 False
[vector] 24369 22664 21136 24711 False
[vector] 26196 21191 19800 23233 False
[vector] 25119 23407 20260 23284 False
[vector] 23948 22979 22103 23745 False
[vector] 23411 22434 20130 25079 False
[vector] 22528 21473 23263 22713 False
[vector] 25108 23091 20729 23855 False
[vector] 26329 21450 19556 22968 False
[vector] 23322 24293 20097 21233 False
[vector] 23002 21376 19642 25563 False
[vector] 26091 22033 20388 22826 False
[vector] 22638 23723 20227 23588 False
[vector] 25013 22009 22011 23562 False
[vector] 25361 22969 21307 23299 False
[vector] 23313 21831 23302 22134 False
[vector] 24610 22109 22530 22347 False
[vector] 25963 20634 21479 21761 False
[vector] 23022 22253 22770 23263 False
[vector] 22957 22673 22427 23336 False
[vector] 23842 23979 20433 22826 False
[vector] 25315 22542 20591 23834 False
[vector] 23930 22119 22887 22503 False
[vector] 26237 22035 20488 22805 False
[vector] 22566 21376 23359 21878 False
[vector] 26087 21777 20596 23223 False
[vector] 22563 24161 21277 21011 False
[vector] 25327 20993 19536 24672 False
[vector] 23452 22719 21036 24796 False
[vector] 24051 22508 22772 22900 False
[vector] 24326 22401 22640 22833 False
[vector] 24262 21237 22906 23366 False
[vector] 24213 22066 21305 24576 False
[vector] 24663 23581 19865 23196 False
[vector] 24429 23230 21502 23417 False
[vector] 24808 22654 21565 23970 False
[vector] 25050 22373 21888 23248 False
[vector] 25092 22404 21965 22571 False
[vector] 22918 21062 22848 23559 False
[vector] 24360 22024 21184 24566 False
[vector] 24847 23417 21507 23209 False
[vector] 26629 20976 18655 22784 False
[vector] 26403 21939 19813 22888 False
[vector] 26560 20621 19337 22877 False
[vector] 25407 22833 21075 23493 False
[vector] 22718 20375 23711 21823 False
[vector] 22958 21300 23359 22105 False
[vector] 23212 23310 21443 24006 False
[vector] 24044 21985 22894 22073 False
[vector] 23866 22120 20737 24958 False
[vector] 24359 23498 20877 23380 False
[vector] 26704 20486 19268 21983 False
[vector] 26468 21206 20269 22714 False
[vector] 25929 22104 21418 22920 False
[vector] 23853 23473 21137 23450 False
[vector] 23043 20002 23112 23240 False
[vector] 23939 22667 22728 21939 False
[vector] 25512 22725 20102 23760 False
[vector] 22574 23445 22355 21965 False
[vector] 23926 23710 21352 22523 False
[vector] 26140 22442 19588 23097 False
[vector] 22769 23098 21453 24247 False
[vector] 24606 23196 20268 23916 False
[vector] 23722 22873 19059 24833 False
[vector] 25980 21987 20925 22804 False
[vector] 26231 22148 19342 22659 False
[vector] 22728 22698 22677 23107 False
[vector] 23671 23805 21553 22621 False
[vector] 24578 22155 22560 23603 False
[vector] 23837 20885 23171 22759 False
[vector] 23380 22400 22888 21692 False
[vector] 24563 23193 21351 23571 False
[vector] 24047 24037 20037 21329 False
[vector] 26169 21861 20188 23213 False
[vector] 25362 22398 20601 24192 False
[vector] 21780 20017 23554 22320 False
[vector] 24008 23836 21315 22491 False
[vector] 25355 21192 19460 24617 False
[vector] 26690 20705 19220 21614 False
[vector] 23903 21317 20175 25186 False
[vector] 21271 24438 20378 20143 False
[vector] 26189 22322 19044 22469 False
[vector] 23970 23366 22125 22169 False
[vector] 23685 23456 20504 23761 False
[vector] 25808 21356 21606 22514 False
[vector] 23268 21757 20569 25264 False
[vector] 24958 22151 22149 23501 False
[vector] 26640 20928 18126 22758 False
[vector] 26063 22186 18755 23612 False
[vector] 24683 23027 21355 24071 False
[vector] 25258 22662 21616 22512 False
[vector] 23457 23513 21023 23470 False
[vector] 23544 21381 21219 24915 False
[vector] 26035 22503 19408 23106 False
[vector] 26128 21450 18946 23544 False
[vector] 26256 21790 19467 23168 False
[vector] 24090 22036 20585 25004 False
[vector] 26122 22168 19693 23435 False
[vector] 22538 22204 19892 25394 False
[vector] 22390 20988 23661 21579 False
[vector] 25784 22714 21012 23105 False
[vector] 24080 23975 20719 22001 False
[vector] 22126 20757 23398 22641 False
[vector] 25684 22576 20680 23320 False
[vector] 22864 21434 22868 23407 False
[vector] 21233 19676 23994 20723 False
[vector] 23679 21425 20279 25177 False
[vector] 25787 22302 19691 23741 False
[vector] 24026 23330 21967 23634 False
[vector] 25606 22629 20773 23781 False
[vector] 22858 21102 22405 24044 False
[vector] 23754 23767 22021 22743 False
[vector] 21720 21139 23690 21373 False
[vector] 22177 21662 19621 25437 False
[vector] 25394 23264 21076 22808 False
[vector] 22450 21710 19132 25617 False
[vector] 23035 22357 22893 22950 False
[vector] 23216 22302 23039 21870 False
[vector] 25741 19963 21756 21232 False
[vector] 24380 21582 20734 24984 False
[vector] 25042 20958 19998 24806 False
[vector] 23461 21484 23223 22950 False
[vector] 24426 22749 20578 24621 False
[vector] 25850 21617 19945 24102 False
[vector] 23120 23909 20645 23013 False
[vector] 22614 21075 23588 21768 False
[vector] 25665 22354 19124 23903 False
[vector] 23875 22853 19670 25013 False
[vector] 26262 21327 20568 22984 False
[vector] 25142 23371 19067 22363 False
[vector] 23358 21904 23135 22145 False
[vector] 26088 22112 20138 23137 False
[vector] 26086 22744 20352 22348 False
[vector] 24340 23474 20162 23599 False
[vector] 25360 22276 21633 22809 False
[vector] 23631 23645 21413 23271 False
[vector] 23243 22232 23211 21657 False
[vector] 23579 21130 21600 24715 False
[vector] 23306 20910 21623 24742 False
[vector] 26400 20670 19202 23341 False
[vector] 21821 22748 23053 21407 False
[vector] 23916 21891 20786 24965 False
[vector] 24610 23217 19947 24182 False
[vector] 23449 22253 22687 23182 False
[vector] 23993 21513 21104 24878 False
[vector] 23890 22298 22533 23674 False
[vector] 24456 22647 21591 24217 False
[vector] 24576 20597 19689 24944 False
[vector] 21708 22933 22723 21460 False
[vector] 23280 23105 22685 22372 False
[vector] 24000 23646 20894 23050 False
[vector] 25074 21203 21956 23457 False
[vector] 23626 23673 20825 23126 False
[vector] 23186 22338 20109 25095 False
[vector] 24012 22375 22398 23585 False
[vector] 24491 20757 22866 22438 False
[vector] 23225 22605 22857 22680 False
[vector] 25014 23631 19660 21571 False
[vector] 24168 22709 21737 24560 False
[vector] 22582 20925 23692 21159 False
[vector] 26073 22096 20508 22788 False
[vector] 23708 20504 23260 22500 False
[vector] 23954 23865 20971 22609 False
[vector] 22021 24107 21387 22232 False
[vector] 25637 22789 19990 23772 False
[vector] 25973 20644 21144 22409 False
[vector] 25605 23008 19835 23094 False
[vector] 26165 21734 19668 23276 False
[vector] 27041 19529 17322 21300 False
[vector] 25342 22857 19135 24159 False
[vector] 23923 22831 22506 22663 False
[vector] 23134 21962 23167 22378 False
[vector] 22396 21672 23126 22832 False
[vector] 23193 23628 21143 23412 False
[vector] 26087 20606 18258 23972 False
[vector] 25534 23122 20284 23509 False
[vector] 25224 22193 21806 23369 False
[vector] 26414 21860 19324 22696 False
[vector] 24908 22992 20112 23950 False
[vector] 22532 20735 23716 22276 False
[vector] 26075 21803 21022 22403 False
[vector] 24022 21566 22219 24566 False
[vector] 23419 23510 20929 23554 False
[vector] 24128 23757 20760 22158 False
[vector] 23337 22504 18964 25073 False
[vector] 24279 23152 20782 24310 False
[vector] 26537 21682 19239 22420 False
[vector] 24189 22296 21499 24422 False
[vector] 21744 24015 20842 22654 False
[vector] 25347 21628 21789 23249 False
[vector] 21833 22306 23216 21600 False
[vector] 24516 21325 19003 25013 False
[vector] 22699 24329 20013 22349 False
[vector] 22469 21587 23358 22038 False
[vector] 25321 22079 21692 23650 False
[vector] 24731 23049 21809 23001 False
[vector] 25247 21939 21878 23576 False
[vector] 24010 21890 21835 24704 False
[vector] 23520 23099 20759 24331 False
[vector] 21794 22231 23154 21758 False
[vector] 23683 20816 22426 24170 False
[vector] 25446 21936 21587 23117 False
[vector] 23661 23479 20238 23695 False
[vector] 24260 22677 20111 24646 False
[vector] 23867 23542 20926 23387 False
[vector] 23717 21223 21943 24706 False
[vector] 23705 21905 23067 23017 False
[vector] 24822 21165 18989 24863 False
[vector] 24744 22305 19669 24827 False
[vector] 23178 21377 21527 24776 False
[vector] 25328 21974 20668 24309 False
[vector] 23157 21246 22806 23505 False
[vector] 23987 23052 22133 23600 False
[vector] 25913 22774 19154 22891 False
[vector] 22603 24134 21383 21796 False
[vector] 26098 21388 20588 22967 False
[vector] 26363 21234 19648 23038 False
[vector] 25926 21825 19731 23873 False
[vector] 24467 23042 21712 24058 False
[vector] 24000 21812 19582 25128 False
[vector] 23836 22579 19758 24924 False
[vector] 26245 21519 19911 23030 False
[vector] 25836 22280 19601 23791 False
[vector] 23881 24033 20618 22469 False
[vector] 26595 21492 19213 22836 False
[vector] 23484 23585 21511 23412 False
[vector] 25599 22558 21252 23313 False
[vector] 26865 20256 17654 22053 False
[vector] 24052 23637 20735 23602 False
[vector] 23087 21717 20688 25131 False
[vector] 24809 22947 20328 24394 False
[vector] 22467 23800 22012 21828 False
[vector] 22057 22961 22697 21866 False
[vector] 25458 22337 19540 24007 False
[vector] 24173 22114 21781 24457 False
[vector] 22927 20815 23110 23320 False
[vector] 24223 21770 22668 23419 False
[vector] 23903 23321 21214 23903 False
[vector] 26946 19750 17211 22408 False
[vector] 24890 22441 19885 24749 False
[vector] 24379 23290 21114 24095 False
[vector] 22624 23293 22432 22418 False
[vector] 23267 21637 20811 25147 False
[vector] 23005 21131 23310 22572 False
[vector] 25248 23265 21360 22842 False
[vector] 24287 23398 20387 23995 False
[vector] 24294 23266 21432 23974 False
[vector] 25966 21125 21345 23170 False
[vector] 26289 21475 19180 23321 False
[vector] 26261 21276 19256 23376 False
[vector] 25298 21553 21963 23089 False
[vector] 23014 23074 21019 24401 False
[vector] 22633 20604 23501 22273 False
[vector] 25578 22857 20958 22863 False
[vector] 25531 21570 21813 22967 False
[vector] 23257 23909 19225 22929 False
[vector] 26694 20476 19603 21335 False
[vector] 23005 22367 22813 23041 False
[vector] 26503 22077 20145 22673 False
[vector] 23978 22134 22966 21886 False
[vector] 25384 22715 21379 23506 False
[vector] 26221 22138 19677 22011 False
[vector] 24786 23239 21350 23538 False
[vector] 21801 23453 22318 21343 False
[vector] 24433 21261 22789 22736 False
[vector] 24991 22199 21776 23509 False
[vector] 23080 22552 22783 22914 False
[vector] 24713 23429 19942 23649 False
[vector] 25270 22867 20908 23719 False
[vector] 25251 21722 19896 24814 False
[vector] 23243 23657 21838 22927 False
[vector] 24020 23214 22202 22622 False
[vector] 26016 21288 20955 22817 False
[vector] 22929 22162 23127 22500 False
[vector] 23610 22051 20800 25115 False
[vector] 23316 22986 19651 24688 False
[vector] 22880 22498 20123 25245 False
[vector] 24050 24016 20610 22122 False
[vector] 24607 23454 21576 22192 False
[vector] 23703 21928 22917 22782 False
[vector] 23416 21970 22874 23273 False
[vector] 23196 23303 19439 24168 False
[vector] 21275 24170 21513 21134 False
[vector] 23507 23361 21100 23923 False
[vector] 24393 22017 20724 24994 False
[vector] 25427 22923 19596 23770 False
[vector] 26338 21532 20089 22861 False
[vector] 23064 23273 20364 24243 False
[vector] 23822 23011 19391 24618 False
[vector] 23982 23650 21271 22828 False
[vector] 26731 20634 17880 22320 False
[vector] 23342 22355 22802 22864 False
[vector] 24492 23700 21132 22230 False
[vector] 23143 21617 23305 22456 False
[vector] 25670 21714 21100 23686 False
[vector] 25009 22798 21666 23452 False
[vector] 25321 22809 21395 22862 False
[vector] 24907 23415 21156 22455 False
[vector] 23224 22493 20189 25061 False
[vector] 26562 20974 19319 22599 False
[vector] 23164 22801 22784 22266 False
[vector] 26730 20163 19592 20436 False
[vector] 23521 23060 22572 22260 False
[vector] 25795 22799 20190 23007 False
[vector] 24479 23343 21710 23084 False
[vector] 26587 20493 19225 22147 False
[vector] 25501 21366 20337 24468 False
[vector] 24782 23656 19798 22099 False
[vector] 25281 22361 21612 24343 False
[vector] 22064 23822 22089 22135 False
[vector] 25676 22256 20228 23719 False
[vector] 23461 23564 20608 23752 False
[vector] 23446 21661 19117 25398 False
[vector] 24824 23061 20978 24058 False
[vector] 20973 20372 23860 21108 False
[vector] 25609 22880 20483 23128 False
[vector] 25433 21270 21817 23397 False
[vector] 25348 21522 22037 23024 False
[vector] 22717 23311 19615 24186 False
[vector] 24638 22409 19900 24705 False
[vector] 23126 20669 23542 21355 False
[vector] 22775 22361 20304 25098 False
[vector] 25042 22955 19961 24104 False
[vector] 24631 22294 20894 24815 False
[vector] 26310 21457 19675 22970 False
[vector] 22635 22519 21308 24687 False
[vector] 25308 22161 21551 23302 False
[vector] 23980 23438 20643 24028 False
[vector] 23045 21754 23149 22620 False
[vector] 22814 21279 23282 22511 False
[vector] 26525 20766 19519 22517 False
[vector] 25294 22134 20788 24112 False
[vector] 23044 22399 22073 24174 False
[vector] 23810 22462 21502 24635 False
[vector] 25774 22108 21224 23074 False
[vector] 20748 22621 23059 20517 False
[vector] 26289 20624 19739 23319 False
[vector] 25639 21969 19429 24147 False
[vector] 23203 22268 23022 22213 False
[vector] 25153 21239 22189 21627 False
[vector] 23438 20958 23494 22389 False
[vector] 23282 21699 23449 21604 False
[vector] 25341 21886 21815 22828 False
[vector] 26744 20606 18929 21819 False
[vector] 23110 21694 23320 22225 False
[vector] 23436 22364 22730 23157 False
[vector] 24566 20078 22796 21249 False
[vector] 23973 22679 22583 23116 False
[vector] 24943 22389 19790 24568 False
[vector] 22173 20927 19259 25597 False
[vector] 22761 20710 23466 22505 False
[vector] 23266 22150 23116 22323 False
[vector] 24181 22693 19656 24863 False
[vector] 23255 23215 22384 21964 False
[vector] 25428 22534 21369 23943 False
[vector] 22845 22376 23069 22002 False
[vector] 25127 22103 21675 23960 False
[vector] 25131 21571 22180 23368 False
[vector] 23270 21412 23186 23042 False
[vector] 24213 23407 19121 23672 False
[vector] 25020 22269 21758 23786 False
[vector] 23346 22072 21925 24326 False
[vector] 22874 21491 23138 22833 False
[vector] 24537 21130 19451 24997 False
[vector] 25610 21228 18790 24400 False
[vector] 25093 22390 20132 24495 False
[vector] 22023 22554 23180 21330 False
[vector] 25423 22315 21513 23436 False
[vector] 26709 19735 19053 21860 False
[vector] 24997 22360 20134 24450 False
[vector] 21560 21497 23321 22146 False
[vector] 26151 21281 21105 22962 False
[vector] 23495 21836 18728 25392 False
[vector] 23341 21760 19980 25303 False
[vector] 23642 23139 22117 23895 False
[vector] 26405 21105 19922 22778 False
[vector] 22866 22370 21345 24661 False
[vector] 24285 21282 20769 24959 False
[vector] 24598 21964 22586 23724 False
[vector] 23022 21228 23420 22059 False
[vector] 22582 21741 19834 25395 False
[vector] 23861 22838 22539 22155 False
[vector] 24283 23377 20708 23729 False
[vector] 25802 21186 21365 23153 False
[vector] 21738 21571 23607 21089 False
[vector] 24246 21815 20531 25012 False
