[nb-items] 30
[nb-objectives] 5
[nb-pareto] 826
[nb-lorenz] 20
[runtime] 28.437910079956055
[format] f1 f2 f3 f4 f5 isLorenzND
[vector] 10100 10259 10335 12955 9255 True
[vector] 10219 9986 10309 12385 9516 True
[vector] 9703 10551 10589 12187 9242 True
[vector] 11154 10209 10514 12578 9020 True
[vector] 11137 10095 9768 12535 9546 True
[vector] 11748 10695 10248 12116 8309 True
[vector] 10107 9722 9716 11890 9753 True
[vector] 11129 9987 10614 12370 9022 True
[vector] 11107 10330 11197 11734 8561 True
[vector] 11772 10048 9836 12399 9089 True
[vector] 11068 10607 10572 12367 8617 True
[vector] 10407 9992 9853 12219 9714 True
[vector] 10401 9580 10870 11701 9509 True
[vector] 11130 10856 10926 12295 8240 True
[vector] 10506 10237 10653 12590 9217 True
[vector] 10433 10654 10504 12503 9074 True
[vector] 9680 10025 10860 11626 9563 True
[vector] 10409 11301 10916 12220 8294 True
[vector] 10528 10350 9965 12711 9240 True
[vector] 10827 10481 10621 12664 8697 True
[vector] 9701 7874 8426 11407 10431 False
[vector] 10286 8564 9648 11250 10165 False
[vector] 10521 8013 10096 10998 9636 False
[vector] 8865 9647 9074 12171 9859 False
[vector] 10919 9281 9860 11737 9344 False
[vector] 11403 8883 10286 10828 8791 False
[vector] 10572 11140 9898 12698 8091 False
[vector] 11776 10668 9782 11439 7752 False
[vector] 9673 8351 10001 10655 9808 False
[vector] 10531 10258 10138 12957 7887 False
[vector] 11006 9323 10553 12024 9109 False
[vector] 11362 10608 9442 12729 7782 False
[vector] 9464 10265 10722 11713 8650 False
[vector] 10815 8809 9535 11808 9707 False
[vector] 11526 9573 9479 12264 9220 False
[vector] 10315 9978 10928 11490 9106 False
[vector] 11054 10071 10182 12793 8786 False
[vector] 8651 9363 9881 12140 9739 False
[vector] 10890 9701 10747 11896 8430 False
[vector] 9060 9549 9392 12545 9568 False
[vector] 9083 9905 10076 12434 9722 False
[vector] 9539 9786 9302 11760 9735 False
[vector] 10669 10663 9351 12717 8248 False
[vector] 10316 9305 8999 12562 9637 False
[vector] 9845 10628 9239 13308 8996 False
[vector] 10937 10236 10456 12592 7849 False
[vector] 9734 10023 10721 11236 8828 False
[vector] 11277 9853 8697 12787 8647 False
[vector] 8444 8856 9345 11013 10105 False
[vector] 8961 9120 10526 11207 9680 False
[vector] 10966 10200 8524 13258 8352 False
[vector] 10667 10836 9359 12906 8257 False
[vector] 9722 8900 9080 11172 10006 False
[vector] 10336 9195 8619 13205 9045 False
[vector] 9073 9239 9564 11356 9881 False
[vector] 11533 9762 9969 11925 8497 False
[vector] 7760 9544 10085 12251 9556 False
[vector] 11372 10178 8842 12893 8314 False
[vector] 9847 9717 11311 10787 8933 False
[vector] 9421 10819 9696 13086 9015 False
[vector] 7670 9428 9613 10989 9801 False
[vector] 11173 9450 9048 13061 8736 False
[vector] 10336 7827 8494 11271 9974 False
[vector] 8292 9357 9404 11624 10046 False
[vector] 11036 8660 9881 11066 9391 False
[vector] 11363 8319 8917 11309 9377 False
[vector] 10156 10910 10096 12735 8792 False
[vector] 9950 10994 9637 12749 8086 False
[vector] 11177 10276 8524 12519 8605 False
[vector] 12638 8747 7951 10803 6158 False
[vector] 8559 7416 8892 10254 10532 False
[vector] 10367 9930 8356 12769 9429 False
[vector] 9806 9463 10896 12145 9184 False
[vector] 10978 11118 10216 12333 8053 False
[vector] 9798 10247 10050 12395 9408 False
[vector] 9582 10532 10869 11427 8578 False
[vector] 9870 10243 11040 11348 8612 False
[vector] 10382 10270 8967 13198 8296 False
[vector] 11293 10695 9908 12773 8037 False
[vector] 11862 10270 9724 11650 8155 False
[vector] 8187 10373 10177 11740 9460 False
[vector] 9663 8814 9687 11470 10360 False
[vector] 8279 9173 9416 10813 10107 False
[vector] 9217 9614 8993 13160 9539 False
[vector] 12418 9222 7837 11514 7613 False
[vector] 12473 9437 9094 11457 7643 False
[vector] 11221 8787 9853 11443 9669 False
[vector] 11780 9343 10004 11535 8175 False
[vector] 11181 8725 8356 11993 9384 False
[vector] 9249 10137 10700 11879 8759 False
[vector] 10369 11329 9607 12014 6967 False
[vector] 10224 10552 9604 13324 8574 False
[vector] 11072 9274 10079 11954 9056 False
[vector] 12508 10308 8970 11416 7311 False
[vector] 9727 10406 10049 12539 9151 False
[vector] 11394 10105 9775 12615 8355 False
[vector] 10482 10572 8966 13077 8389 False
[vector] 9501 9313 9956 11418 9791 False
[vector] 8562 8759 10880 10269 9395 False
[vector] 10915 9923 10647 12104 8428 False
[vector] 10630 10530 9922 12959 8536 False
[vector] 9193 8919 8412 12033 10204 False
[vector] 9310 8691 9256 12267 9876 False
[vector] 11370 10752 10187 12332 7575 False
[vector] 10486 8985 9417 12728 9348 False
[vector] 9356 8441 10026 10725 9731 False
[vector] 11579 9428 9366 12696 8698 False
[vector] 9257 8836 9369 11835 10398 False
[vector] 12280 8817 8624 11754 7252 False
[vector] 10192 9059 9574 12028 9902 False
[vector] 11372 10526 10322 11946 8182 False
[vector] 10554 9888 10204 12873 8678 False
[vector] 8265 9011 9649 11511 10060 False
[vector] 10643 9250 10266 11352 9451 False
[vector] 10186 8426 9316 11465 9931 False
[vector] 10662 10629 10254 12732 8655 False
[vector] 10968 10469 10240 12582 8383 False
[vector] 9054 9069 9884 11646 10054 False
[vector] 10233 9719 8592 13129 9323 False
[vector] 12094 10222 9498 11616 6825 False
[vector] 10418 9190 9434 12116 9663 False
[vector] 9340 10301 9944 12377 9345 False
[vector] 7964 10085 10066 11762 9701 False
[vector] 10309 11163 10584 12435 8060 False
[vector] 10640 10538 9654 12916 8755 False
[vector] 10130 8771 9296 12508 9697 False
[vector] 8490 9647 10000 12567 9388 False
[vector] 10542 9797 10317 11731 9184 False
[vector] 10222 8868 9966 11493 9737 False
[vector] 10406 10099 10321 12805 8983 False
[vector] 8466 8288 8697 11025 10722 False
[vector] 11450 10176 9562 12492 8183 False
[vector] 8671 9617 9295 12572 9771 False
[vector] 11165 10294 9692 12480 8633 False
[vector] 9271 9625 9392 11806 9821 False
[vector] 10988 10127 9457 12980 8393 False
[vector] 10583 11061 9409 12506 7845 False
[vector] 11167 10923 9979 11615 7446 False
[vector] 10477 9961 10486 12694 8666 False
[vector] 9310 9171 9490 11861 9912 False
[vector] 10748 10231 10196 12943 9058 False
[vector] 9986 9865 10846 11476 9291 False
[vector] 11897 8756 8692 12251 8127 False
[vector] 9498 9453 10354 12847 9035 False
[vector] 11426 9435 9147 12479 8986 False
[vector] 8059 9781 9527 11970 9867 False
[vector] 8979 8635 9219 12002 10084 False
[vector] 9543 10978 10682 11792 8678 False
[vector] 9701 9744 9398 12255 9791 False
[vector] 9004 10012 9464 12120 9590 False
[vector] 8845 9421 9370 12711 9677 False
[vector] 10943 10247 10340 12374 8385 False
[vector] 10678 10757 8870 12714 8011 False
[vector] 10733 10972 10127 12657 8041 False
[vector] 11842 9590 9922 12780 8566 False
[vector] 9443 10840 10350 12007 8444 False
[vector] 8767 9771 10130 12165 9676 False
[vector] 9849 10818 10668 11642 8406 False
[vector] 9266 8200 10144 10301 9867 False
[vector] 11685 9605 9150 12036 9216 False
[vector] 9398 9629 9245 12110 10005 False
[vector] 11296 9741 9578 12444 8728 False
[vector] 10228 10645 10832 11726 8390 False
[vector] 9165 9508 9782 11201 9780 False
[vector] 9812 9694 10402 11415 9352 False
[vector] 8584 7638 8792 10462 10530 False
[vector] 8601 10475 9899 12346 9319 False
[vector] 10555 9611 9726 13240 8667 False
[vector] 9259 8583 9472 11604 10190 False
[vector] 11342 10717 9930 12481 8347 False
[vector] 11336 10305 10947 11963 8142 False
[vector] 10125 10260 8960 13118 9487 False
[vector] 10195 10633 10721 12102 8736 False
[vector] 9042 8605 10681 10630 9678 False
[vector] 10785 9044 10964 11007 8722 False
[vector] 8576 9921 9834 12364 9605 False
[vector] 9606 9773 10662 11790 9159 False
[vector] 10562 9832 8674 13143 9138 False
[vector] 10093 9570 10328 12403 9360 False
[vector] 12309 9498 9114 11440 6975 False
[vector] 11869 10134 10162 11210 7405 False
[vector] 10759 10152 9707 12751 8812 False
[vector] 12066 10023 9574 11671 7738 False
[vector] 9302 10683 10293 12357 8714 False
[vector] 11930 10283 9518 11599 6157 False
[vector] 9613 9757 9267 11944 9896 False
[vector] 10605 9333 10720 11722 9092 False
[vector] 10844 9337 8966 13047 8921 False
[vector] 10715 11141 10902 12070 8022 False
[vector] 11710 10758 9404 12310 7612 False
[vector] 11067 9766 9828 12215 9147 False
[vector] 10465 10294 8553 12940 9056 False
[vector] 9401 10517 10617 12477 8112 False
[vector] 9306 10024 9749 12680 9437 False
[vector] 10613 9441 9874 11887 9616 False
[vector] 11479 9290 9034 12911 8464 False
[vector] 10799 10320 10655 12436 8412 False
[vector] 8366 8150 8365 11240 10488 False
[vector] 10210 11207 9748 12998 8013 False
[vector] 9194 8822 10871 11186 9359 False
[vector] 10626 8670 9879 11887 9344 False
[vector] 12167 9433 9441 11513 8056 False
[vector] 8548 8597 11113 10967 9348 False
[vector] 10320 10497 10379 12594 8580 False
[vector] 9235 10968 10140 12494 8529 False
[vector] 9780 8704 9955 11191 9835 False
[vector] 11362 9004 9300 11473 9344 False
[vector] 10155 10069 9352 12583 9322 False
[vector] 9388 8821 8730 12407 9913 False
[vector] 8996 9462 9390 12071 9849 False
[vector] 10951 10355 9494 12539 8909 False
[vector] 11447 10781 10090 12047 7581 False
[vector] 10039 10658 9018 12907 9084 False
[vector] 12160 10384 9398 12457 7125 False
[vector] 9844 10768 10036 12217 8917 False
[vector] 10007 7714 8412 11257 10159 False
[vector] 10220 9565 10618 12751 9043 False
[vector] 9895 10439 9522 13310 8759 False
[vector] 10638 11276 10666 12449 7875 False
[vector] 12184 9711 9854 11650 7389 False
[vector] 12315 9688 8500 11713 6920 False
[vector] 10416 9443 9331 12347 9871 False
[vector] 9928 9010 8812 11682 9981 False
[vector] 9089 8038 8658 10805 10527 False
[vector] 10723 10009 10296 12735 9060 False
[vector] 10864 10066 10591 12856 8472 False
[vector] 10564 10250 9389 12377 9103 False
[vector] 9527 9396 9781 12835 9275 False
[vector] 12089 9973 9000 12151 8430 False
[vector] 10264 10533 10692 11867 8624 False
[vector] 9563 8676 9355 11685 10126 False
[vector] 8981 10439 10325 12283 9234 False
[vector] 11272 10040 8510 13108 8080 False
[vector] 10243 11027 9816 12684 8276 False
[vector] 8772 8128 8683 10875 10450 False
[vector] 11370 10916 9854 12426 7434 False
[vector] 10569 11312 8515 11499 6057 False
[vector] 9905 10447 9254 13267 8978 False
[vector] 11521 9559 9862 11841 8759 False
[vector] 10961 9589 10044 12875 8629 False
[vector] 8867 10965 9286 12286 8705 False
[vector] 9789 10655 10403 12467 8774 False
[vector] 10036 10596 9579 12960 8489 False
[vector] 12178 9518 8619 11415 7669 False
[vector] 11538 9673 10608 11884 8233 False
[vector] 9912 11353 9758 11925 7147 False
[vector] 10314 8264 9127 10839 9975 False
[vector] 11597 10498 10311 12377 7872 False
[vector] 9822 10102 9510 12747 9317 False
[vector] 9616 10653 9489 13079 9415 False
[vector] 8891 9645 9003 12040 9888 False
[vector] 9393 8796 10571 11958 9327 False
[vector] 9708 10661 10611 11992 8676 False
[vector] 10119 9848 9977 12600 9282 False
[vector] 9911 9976 9767 13087 9367 False
[vector] 11190 9564 9794 13104 8210 False
[vector] 12407 9301 8326 11706 7859 False
[vector] 8648 9091 9566 12011 10092 False
[vector] 10429 9213 10857 11925 8989 False
[vector] 10032 9778 8822 13200 9330 False
[vector] 10418 8821 10559 11245 9322 False
[vector] 11448 10210 9384 12940 8185 False
[vector] 12197 9406 9500 11072 7750 False
[vector] 10442 10748 10023 12500 8837 False
[vector] 9836 10534 9720 13311 9233 False
[vector] 10757 10325 9715 12940 8821 False
[vector] 9763 10627 9424 12522 9191 False
[vector] 10437 9321 10011 12090 9513 False
[vector] 10531 10238 9278 12753 9449 False
[vector] 9454 8820 10891 11080 9283 False
[vector] 10693 10617 9178 13251 8219 False
[vector] 10950 9668 10533 13067 8875 False
[vector] 11452 10071 10666 11673 7830 False
[vector] 11927 9537 10180 11476 8721 False
[vector] 11625 10031 10187 11770 8396 False
[vector] 10208 9898 8685 12997 9433 False
[vector] 10109 7599 8847 10811 10185 False
[vector] 11490 9375 8212 12813 8077 False
[vector] 7857 8543 8894 11201 10416 False
[vector] 10454 10373 9042 13132 9302 False
[vector] 9321 10570 10082 12705 8932 False
[vector] 9903 9112 9059 12176 9882 False
[vector] 10383 9573 10592 12244 9304 False
[vector] 10726 10140 9596 13127 9158 False
[vector] 9932 11368 8788 11730 6664 False
[vector] 11038 8407 9984 10835 9183 False
[vector] 10162 9294 11003 11227 8917 False
[vector] 9590 10059 9363 13176 9364 False
[vector] 8668 9526 9330 11794 10173 False
[vector] 10865 10626 8990 13322 8175 False
[vector] 9665 8561 9790 11239 10152 False
[vector] 11763 9598 10200 11459 8053 False
[vector] 11804 10867 9706 11384 6839 False
[vector] 10252 9135 8409 12363 9851 False
[vector] 10633 9215 8974 12492 9714 False
[vector] 9887 8203 10002 10312 9880 False
[vector] 9494 9621 9864 11215 9595 False
[vector] 8370 9487 9955 11152 9731 False
[vector] 10067 10857 8942 12852 8171 False
[vector] 9181 9873 9852 12771 9535 False
[vector] 10771 10134 8539 12790 8784 False
[vector] 8105 10302 9513 11792 9376 False
[vector] 10861 9451 9712 13090 8395 False
[vector] 11443 9935 9754 12385 9274 False
[vector] 10709 10154 9423 13028 8827 False
[vector] 8811 10992 10450 11445 8483 False
[vector] 10251 10606 9557 12943 8958 False
[vector] 8608 9869 9190 13336 9233 False
[vector] 11902 10084 9594 11654 7070 False
[vector] 10223 10897 9920 11809 8326 False
[vector] 10102 10006 10438 12724 9047 False
[vector] 9080 7871 8568 11396 10418 False
[vector] 9996 10037 9681 12811 9326 False
[vector] 8468 8035 8800 10794 10514 False
[vector] 12104 9940 9120 11301 8097 False
[vector] 9941 9029 8605 11806 10241 False
[vector] 8555 9142 10208 11572 9718 False
[vector] 9486 7849 8886 11031 10380 False
[vector] 10512 9435 9950 11452 9461 False
[vector] 10321 10390 9911 12008 9311 False
[vector] 10028 10780 10236 12454 8317 False
[vector] 11135 9185 9911 11232 9266 False
[vector] 11867 8825 9099 11209 8825 False
[vector] 9898 8263 10135 11218 9831 False
[vector] 10944 11116 10652 12299 7603 False
[vector] 9403 10281 10452 11858 9281 False
[vector] 10338 10504 10657 12051 8785 False
[vector] 10868 9672 8660 12993 8866 False
[vector] 11871 10364 9243 11647 7918 False
[vector] 11596 9706 9779 12833 8031 False
[vector] 11220 9932 10380 11254 8305 False
[vector] 10123 10376 10635 12217 8894 False
[vector] 9319 9719 9395 12102 9798 False
[vector] 10438 9464 9985 11268 9300 False
[vector] 10671 10549 9647 12824 8032 False
[vector] 9756 10406 10476 12619 8720 False
[vector] 10167 10995 9274 12637 8405 False
[vector] 11868 9694 9411 11134 8043 False
[vector] 9155 9245 8853 12753 9734 False
[vector] 9205 7641 8650 10473 10543 False
[vector] 10314 9137 10184 11338 9636 False
[vector] 11281 8863 8688 11778 9618 False
[vector] 10498 8899 9560 11878 9630 False
[vector] 10161 8425 10691 11302 9699 False
[vector] 10724 10878 10608 12660 8278 False
[vector] 12069 9069 9244 11342 8429 False
[vector] 9169 8600 10971 10978 9361 False
[vector] 12102 10330 8652 11781 7349 False
[vector] 8670 10835 10393 11795 8753 False
[vector] 10301 10417 9840 12945 8721 False
[vector] 10529 9815 9089 12908 9436 False
[vector] 11349 9512 10728 11659 7567 False
[vector] 9022 9460 9319 11940 9878 False
[vector] 11374 9734 10628 11867 7565 False
[vector] 9629 10580 10624 12003 9081 False
[vector] 11353 10638 9441 12289 8101 False
[vector] 9899 10996 10106 12295 8228 False
[vector] 9521 10957 10028 12871 9249 False
[vector] 10908 9734 10157 12443 9151 False
[vector] 11373 8865 10316 11942 8347 False
[vector] 8668 10190 10052 12209 9504 False
[vector] 11199 10203 9457 12241 8646 False
[vector] 8628 8725 10357 11659 9861 False
[vector] 12132 10185 9474 12512 8038 False
[vector] 9918 10137 9426 12078 9291 False
[vector] 10049 9892 9568 13243 8804 False
[vector] 10040 9274 9405 12177 9744 False
[vector] 10602 10649 9676 13059 8144 False
[vector] 9029 11386 9266 11111 7022 False
[vector] 9892 8789 9437 11699 9941 False
[vector] 8589 9616 9480 11786 9966 False
[vector] 9686 9340 9416 12031 10039 False
[vector] 10712 9686 10674 12258 9119 False
[vector] 10276 9220 10638 11708 9277 False
[vector] 8839 8933 11012 11044 8751 False
[vector] 10318 11331 10076 11560 7109 False
[vector] 12019 8903 9562 11708 7503 False
[vector] 9358 8828 10272 11975 9693 False
[vector] 11394 10269 9442 12709 8214 False
[vector] 9750 10932 9778 13100 8830 False
[vector] 11428 10744 10210 12480 7566 False
[vector] 12738 8885 8283 10588 6392 False
[vector] 10071 9983 10168 13059 8704 False
[vector] 10735 10799 10119 12468 8032 False
[vector] 10478 10648 9447 12166 8700 False
[vector] 8513 10173 9729 13128 9067 False
[vector] 11208 10506 10166 12841 8241 False
[vector] 12090 9376 9162 11954 8518 False
[vector] 9402 9232 10681 12279 9014 False
[vector] 11139 10950 10445 12292 8003 False
[vector] 9282 10671 10161 12397 8657 False
[vector] 10203 10449 10064 12608 8908 False
[vector] 9808 9210 10999 11914 8976 False
[vector] 10706 9936 10236 12923 8247 False
[vector] 9320 8657 9872 10924 9887 False
[vector] 9655 10115 11018 11514 8721 False
[vector] 9006 10440 8950 12446 9466 False
[vector] 11776 10894 10172 12061 7396 False
[vector] 11013 10604 9848 12467 8532 False
[vector] 8046 8285 9585 11903 9872 False
[vector] 9894 9596 10628 11631 9392 False
[vector] 12020 9772 9874 11633 6721 False
[vector] 11910 9037 9573 11570 8433 False
[vector] 9761 10853 9289 12908 8584 False
[vector] 11890 10469 9648 11595 7242 False
[vector] 11800 10247 9760 12344 8176 False
[vector] 9274 8950 10115 11878 9872 False
[vector] 9708 9453 8728 12152 10062 False
[vector] 8997 10303 10134 12223 9319 False
[vector] 8835 10345 10038 11728 9263 False
[vector] 10064 9489 10954 10932 8776 False
[vector] 10286 10637 10855 11874 8381 False
[vector] 7529 9271 9556 11339 10071 False
[vector] 10607 9131 9411 11660 9627 False
[vector] 11100 10075 9438 13070 7646 False
[vector] 10184 8951 10420 11863 9378 False
[vector] 10082 9246 8052 11836 9916 False
[vector] 12091 10245 9474 11879 7736 False
[vector] 10645 9418 9081 12576 9452 False
[vector] 10634 9861 10151 12961 8306 False
[vector] 11361 11179 10148 11836 7178 False
[vector] 10157 10761 9152 12058 8542 False
[vector] 10291 10625 11340 11207 8326 False
[vector] 10553 10259 9932 11674 8878 False
[vector] 10284 9328 9792 11873 9801 False
[vector] 9580 9223 9806 11426 9998 False
[vector] 10356 10972 9955 12384 8048 False
[vector] 9910 8395 9722 11080 10038 False
[vector] 11935 10463 8591 11258 6868 False
[vector] 11304 10780 9086 12675 7650 False
[vector] 10693 8580 8603 12207 9573 False
[vector] 11991 8704 9638 11763 8416 False
[vector] 8778 9358 10171 12488 9422 False
[vector] 9652 10008 8769 13605 8605 False
[vector] 9278 8700 11028 11283 9180 False
[vector] 9219 8917 8341 11902 10233 False
[vector] 8719 8065 9769 11016 10175 False
[vector] 10430 10082 11169 11850 8207 False
[vector] 8668 8950 8901 11549 10241 False
[vector] 10808 9596 9825 12658 8917 False
[vector] 9749 10091 9034 12948 9360 False
[vector] 10333 10516 10172 12718 8840 False
[vector] 8161 9542 9088 11724 10056 False
[vector] 9935 10420 10610 11853 8809 False
[vector] 10387 8740 8617 12357 9845 False
[vector] 9721 9380 9863 11076 9728 False
[vector] 10547 11306 9826 11789 6690 False
[vector] 10306 10759 9428 12855 8044 False
[vector] 12119 10444 9398 11824 6823 False
[vector] 9849 10229 9366 12733 9594 False
[vector] 10771 10687 9979 12609 8266 False
[vector] 11463 8457 9249 11094 9611 False
[vector] 9050 8601 10040 10875 10003 False
[vector] 9982 9583 10759 11942 9287 False
[vector] 10385 9320 10695 12013 9096 False
[vector] 9696 8826 9798 11094 10014 False
[vector] 12408 10170 8638 11631 7077 False
[vector] 10117 10847 10122 12397 8505 False
[vector] 10771 10298 8206 12884 8643 False
[vector] 10530 10392 9590 13174 8302 False
[vector] 11203 8780 9575 11986 9464 False
[vector] 9643 9914 9250 13608 8842 False
[vector] 11854 10544 9412 12607 7397 False
[vector] 10540 10400 9322 13131 8521 False
[vector] 11683 9995 8682 12516 8468 False
[vector] 10314 9674 10920 11825 8270 False
[vector] 9847 10455 9231 13119 8987 False
[vector] 11230 8881 9372 11440 9432 False
[vector] 10565 10323 10046 12292 8863 False
[vector] 10056 10772 9764 12950 8558 False
[vector] 9176 9145 10066 11583 9731 False
[vector] 10910 10477 10217 12434 8392 False
[vector] 8607 8445 8754 10675 10452 False
[vector] 10942 10847 8936 12975 7572 False
[vector] 11021 10728 11255 11523 8158 False
[vector] 11843 10459 10234 12705 7784 False
[vector] 10015 10367 11145 11625 7989 False
[vector] 9901 8450 10989 11063 8985 False
[vector] 11357 10333 9812 12174 8871 False
[vector] 11672 9910 9504 12614 8855 False
[vector] 10060 9992 10711 12356 8479 False
[vector] 10714 9433 10777 12027 8911 False
[vector] 10743 9161 9997 11940 9241 False
[vector] 8489 8814 8426 11586 10401 False
[vector] 9755 11309 10174 11635 7750 False
[vector] 9995 9602 10552 12066 9547 False
[vector] 10264 8840 8613 11152 9909 False
[vector] 11841 9935 10238 11265 8318 False
[vector] 9712 10002 10067 12315 9399 False
[vector] 11019 9419 10192 11522 9578 False
[vector] 9003 9777 10832 11742 9209 False
[vector] 9822 8893 9202 11077 9940 False
[vector] 9923 9022 8327 12349 10036 False
[vector] 11306 9534 10322 11465 8708 False
[vector] 11276 10581 9162 12730 8563 False
[vector] 8714 8786 8415 12017 10091 False
[vector] 9919 10150 10693 11613 9106 False
[vector] 7552 9797 9285 11900 9750 False
[vector] 10069 10217 10740 12120 8580 False
[vector] 9480 10664 8894 13434 8622 False
[vector] 8993 10586 11011 10761 8476 False
[vector] 11777 10323 9466 12954 8000 False
[vector] 10142 10374 9706 13161 8961 False
[vector] 8766 10158 9828 12546 9317 False
[vector] 11753 10970 9878 12671 7220 False
[vector] 9817 8845 8543 13009 9518 False
[vector] 10247 8869 8591 11656 9969 False
[vector] 11899 10563 9167 11592 7005 False
[vector] 10888 10550 9284 12712 8351 False
[vector] 9171 8347 11074 10747 9153 False
[vector] 10675 10324 9900 12154 9016 False
[vector] 8881 8667 9443 11665 10271 False
[vector] 11362 10582 10310 11639 7266 False
[vector] 11471 10134 9678 12330 8361 False
[vector] 11955 9736 10104 11421 7808 False
[vector] 9249 8728 10215 11670 9874 False
[vector] 11532 8893 9657 12000 9279 False
[vector] 11992 9573 9950 11688 7634 False
[vector] 10038 9971 10057 13435 9050 False
[vector] 10228 10080 9828 12382 9279 False
[vector] 9950 9123 8124 11803 10004 False
[vector] 9723 10689 10926 11077 8308 False
[vector] 8361 9793 9812 12530 9714 False
[vector] 8983 9914 9221 11885 9787 False
[vector] 10938 10001 8600 13313 9265 False
[vector] 11042 9945 9921 12083 9257 False
[vector] 9556 10534 10940 11558 8549 False
[vector] 9158 9347 10123 12210 9856 False
[vector] 9979 8831 10130 11986 9706 False
[vector] 9557 10312 9308 13397 8439 False
[vector] 11171 9497 10655 12021 8256 False
[vector] 9688 9087 9519 11800 9831 False
[vector] 10183 9322 9868 11438 9646 False
[vector] 10014 10657 10393 12744 8852 False
[vector] 11396 9879 9910 12229 8962 False
[vector] 9722 9608 11057 11703 8573 False
[vector] 10911 8890 9799 11989 9266 False
[vector] 9074 10168 10370 11844 9466 False
[vector] 10344 10480 11227 11639 7804 False
[vector] 10009 10391 10575 12037 8970 False
[vector] 10837 9825 9631 12206 9585 False
[vector] 10542 9592 9933 13116 8407 False
[vector] 10598 9037 9892 11663 9864 False
[vector] 12215 9550 8168 11928 6686 False
[vector] 12195 9632 9365 11458 7143 False
[vector] 11753 10368 10443 11500 7717 False
[vector] 10964 11369 9322 11326 6265 False
[vector] 9177 10989 9680 12537 8395 False
[vector] 9388 10285 10235 12568 9117 False
[vector] 7946 10078 9788 12305 9496 False
[vector] 9717 10398 10317 12582 8932 False
[vector] 9196 8643 9820 11174 9906 False
[vector] 10558 11391 9004 11691 6303 False
[vector] 10320 10162 9278 13492 9196 False
[vector] 10471 10487 9788 13175 8776 False
[vector] 9024 9871 8799 11658 9739 False
[vector] 11614 10484 10484 12476 8203 False
[vector] 10133 10384 10367 12174 9113 False
[vector] 10612 9042 10050 11619 9363 False
[vector] 9656 10268 10144 12834 8486 False
[vector] 10739 10494 10490 12353 8802 False
[vector] 10269 9698 10889 11885 8417 False
[vector] 10134 9963 10676 12540 8640 False
[vector] 10900 10412 9236 12560 8436 False
[vector] 10517 9346 10589 11411 9197 False
[vector] 9540 8422 10833 11291 9686 False
[vector] 10546 8772 8288 12129 9841 False
[vector] 10031 9823 9927 12049 9587 False
[vector] 10564 9232 9214 12415 9566 False
[vector] 11358 9962 10364 12599 8603 False
[vector] 10668 8579 9978 12044 9341 False
[vector] 9720 9861 10954 11934 8781 False
[vector] 10428 8096 8712 11116 9873 False
[vector] 9726 9565 9305 12387 9681 False
[vector] 10002 9357 9859 12547 9385 False
[vector] 10944 9475 9298 12832 9155 False
[vector] 7964 9509 9637 11517 9769 False
[vector] 8256 9238 8549 11932 10222 False
[vector] 9334 9712 8288 12308 9811 False
[vector] 9312 10027 9303 11899 9602 False
[vector] 12214 8681 7856 12003 7468 False
[vector] 11896 9353 8530 12448 8039 False
[vector] 10964 10774 9869 12697 7613 False
[vector] 11514 10346 10152 12691 7969 False
[vector] 11163 10303 10033 12575 8783 False
[vector] 10536 10513 8908 13308 8360 False
[vector] 9899 8703 10886 11294 9193 False
[vector] 10189 10922 10207 12359 8446 False
[vector] 11377 9991 9029 12572 8881 False
[vector] 10600 8784 9995 11432 9656 False
[vector] 9280 9362 9098 12396 10077 False
[vector] 10931 10762 9758 13073 7959 False
[vector] 10470 9467 11272 10567 8738 False
[vector] 11142 10370 9398 13090 8457 False
[vector] 10445 10636 9336 12542 9046 False
[vector] 11201 9649 8972 13006 7823 False
[vector] 9409 9216 9286 12433 9751 False
[vector] 10508 9984 10756 12359 9009 False
[vector] 10337 9663 9913 11899 9315 False
[vector] 9219 9376 10936 11168 9073 False
[vector] 9352 9143 8137 11520 10084 False
[vector] 10728 8366 8849 11445 9834 False
[vector] 9295 8435 9972 10716 9889 False
[vector] 9908 9159 9866 11703 9674 False
[vector] 11319 10191 10201 11920 8668 False
[vector] 9204 9054 9880 11256 9871 False
[vector] 8655 8030 9388 11727 10178 False
[vector] 9389 7435 9962 10387 9848 False
[vector] 9671 8604 9898 10886 10016 False
[vector] 10658 10742 9840 12909 8494 False
[vector] 7762 8847 9433 10993 10250 False
[vector] 9525 9624 9535 12458 9688 False
[vector] 9800 9989 10198 12626 9294 False
[vector] 9703 11053 10461 12256 8371 False
[vector] 9273 9490 10288 12162 9539 False
[vector] 10840 8707 9288 11314 9806 False
[vector] 9443 9486 11096 10921 8763 False
[vector] 9733 9880 10747 12058 9041 False
[vector] 10516 11047 9734 12848 7741 False
[vector] 10278 9867 9318 13472 8385 False
[vector] 9764 8990 8656 12577 10040 False
[vector] 9381 9354 10001 12536 9372 False
[vector] 9849 9464 11414 10556 8725 False
[vector] 9807 9698 9528 12523 9565 False
[vector] 11122 10904 10224 12630 7838 False
[vector] 11030 10718 10594 12510 8006 False
[vector] 10532 10562 10146 12622 8723 False
[vector] 9948 10652 10992 11762 7804 False
[vector] 10968 9810 8992 12778 9100 False
[vector] 9287 8645 9761 11300 10233 False
[vector] 10914 9054 10335 12179 9210 False
[vector] 11551 9368 10254 11306 8594 False
[vector] 9973 8638 8895 11751 9986 False
[vector] 11648 10557 9916 12331 8075 False
[vector] 11683 9831 9015 12422 8609 False
[vector] 8015 8624 10505 10984 9703 False
[vector] 11244 9841 8586 13163 8993 False
[vector] 10454 9435 10757 12133 8987 False
[vector] 8995 9114 9564 11827 9892 False
[vector] 12484 9358 8605 11265 7397 False
[vector] 8374 8869 8877 11021 10273 False
[vector] 9170 9469 11283 10903 8579 False
[vector] 9522 8094 10209 11048 9704 False
[vector] 11064 10720 10158 12544 8456 False
[vector] 9690 9055 10647 12120 9247 False
[vector] 8421 8602 10823 10619 9665 False
[vector] 9989 9292 10089 11839 9558 False
[vector] 9177 8708 10125 11143 9885 False
[vector] 11007 10192 10865 11949 8327 False
[vector] 10654 10435 8901 12781 8558 False
[vector] 10129 9311 9469 12792 9364 False
[vector] 9885 10647 11022 11572 8364 False
[vector] 11279 9627 8832 12401 9254 False
[vector] 8582 9924 9388 11583 9770 False
[vector] 10893 10363 9471 12391 8918 False
[vector] 9211 9202 10010 12642 9334 False
[vector] 10883 10001 10286 12887 8493 False
[vector] 9077 9595 9613 12207 9733 False
[vector] 9958 8270 8294 11350 10054 False
[vector] 10955 11201 9830 12201 7216 False
[vector] 11387 10804 10210 11847 7264 False
[vector] 8959 9373 10423 11438 9888 False
[vector] 10209 9173 10320 12071 9376 False
[vector] 10099 9546 10898 11991 8379 False
[vector] 9373 11359 9656 11662 7045 False
[vector] 10253 10597 9216 12848 8808 False
[vector] 10329 10256 8797 13489 8959 False
[vector] 10222 9865 9881 11842 9436 False
[vector] 9394 11062 8952 13223 8219 False
[vector] 12101 9297 8673 11762 8272 False
[vector] 10878 10980 9884 12548 7819 False
[vector] 11610 10620 9072 12525 7378 False
[vector] 9985 10381 10226 12848 8301 False
[vector] 11192 9338 9929 12718 8817 False
[vector] 9400 9485 10578 12510 9222 False
[vector] 9289 8392 9864 11069 10025 False
[vector] 9971 10249 10964 11783 8767 False
[vector] 9372 9631 9316 12241 9976 False
[vector] 9252 11010 8969 12436 8341 False
[vector] 11061 9214 9946 11048 9105 False
[vector] 11248 10687 8922 12825 7300 False
[vector] 9099 10070 10653 11372 9285 False
[vector] 11582 10421 9148 12580 8291 False
[vector] 12419 10091 8149 11439 6831 False
[vector] 9779 8580 9406 11180 10048 False
[vector] 10930 9893 9446 13148 8741 False
[vector] 9175 9680 8617 12536 9815 False
[vector] 9390 11345 9829 11761 7376 False
[vector] 9604 10026 10559 12021 9367 False
[vector] 11647 9688 9604 12406 8857 False
[vector] 9404 8535 10029 11021 9708 False
[vector] 8749 7874 10161 10481 10010 False
[vector] 10094 8157 9098 11620 10032 False
[vector] 10701 10352 10879 12099 8599 False
[vector] 10502 9756 9839 12808 9189 False
[vector] 9171 9234 9427 11624 9995 False
[vector] 8543 9387 10373 11846 9707 False
[vector] 10445 10656 10196 12746 7484 False
[vector] 9709 10527 11159 11775 8261 False
[vector] 10105 8616 8888 11665 10029 False
[vector] 9492 8285 9817 11583 9869 False
[vector] 8784 9129 9322 11462 10189 False
[vector] 10377 10227 11282 11418 8729 False
[vector] 11932 9812 9810 12031 7632 False
[vector] 10010 9465 9013 12712 9909 False
[vector] 11120 9595 9161 12629 9258 False
[vector] 8982 9899 10152 11999 9567 False
[vector] 9747 10317 8899 13334 8753 False
[vector] 9860 10809 10125 12345 8631 False
[vector] 9679 9468 10606 11797 9501 False
[vector] 10027 9579 9759 12755 9383 False
[vector] 11024 9938 9643 12626 9052 False
[vector] 10713 9832 9839 12069 9442 False
[vector] 10666 9776 9995 11913 9130 False
[vector] 9887 10623 10179 12804 8587 False
[vector] 11166 10211 10206 12821 7430 False
[vector] 10615 10750 10937 11888 8196 False
[vector] 9653 9470 10677 11928 9472 False
[vector] 8553 9395 10105 11803 9926 False
[vector] 11335 9436 10635 12038 8924 False
[vector] 12167 9597 9108 11607 7915 False
[vector] 10343 9611 10915 11714 8586 False
[vector] 9441 9739 10993 11152 8971 False
[vector] 9827 10797 10014 12721 8977 False
[vector] 9268 8757 8880 11643 10152 False
[vector] 9864 7396 10040 10099 9958 False
[vector] 10690 9381 9816 13184 8102 False
[vector] 9567 9533 9634 12615 9685 False
[vector] 8138 9016 9359 11163 10377 False
[vector] 10465 10122 9370 13206 8103 False
[vector] 10661 9788 9510 12580 9185 False
[vector] 11029 9849 10282 12585 8788 False
[vector] 9984 9330 10862 11711 9079 False
[vector] 9952 10369 10115 13224 8647 False
[vector] 10964 10582 9826 12759 8222 False
[vector] 10109 11031 10779 11891 8333 False
[vector] 9489 9883 10394 12069 9684 False
[vector] 12156 9512 9930 11705 8302 False
[vector] 10410 9674 10389 11698 9272 False
[vector] 11044 11254 10984 12084 7837 False
[vector] 9809 10837 9580 13099 8356 False
[vector] 11037 9957 9436 12750 9312 False
[vector] 8650 8838 9669 11780 9884 False
[vector] 11051 10493 9826 12324 9143 False
[vector] 11318 9792 10377 11652 8415 False
[vector] 8868 9947 9099 13272 9356 False
[vector] 11057 8479 8931 11459 9649 False
[vector] 10658 9113 8727 11998 9813 False
[vector] 9942 11178 10294 12243 7914 False
[vector] 10872 10787 8649 12313 8099 False
[vector] 9582 9123 10384 11218 9693 False
[vector] 11306 10390 9554 12195 8398 False
[vector] 10425 9537 8850 12344 9634 False
[vector] 8949 9365 10691 11481 9669 False
[vector] 8694 10188 9981 12078 9533 False
[vector] 11194 10023 10384 12582 7935 False
[vector] 10875 8885 8370 12143 9656 False
[vector] 10746 8826 9775 11731 9559 False
[vector] 10036 10470 10685 12341 7655 False
[vector] 10479 10721 10104 12081 8460 False
[vector] 9172 9216 11386 10672 8371 False
[vector] 10760 10213 9028 12982 9030 False
[vector] 10434 8729 8970 11679 9844 False
[vector] 9224 10122 9523 12464 9397 False
[vector] 10296 10809 9690 13209 8416 False
[vector] 9143 7841 10030 10024 10012 False
[vector] 9794 10263 10553 12203 9079 False
[vector] 10078 10204 9116 12962 9175 False
[vector] 9228 10199 9226 13383 8624 False
[vector] 10076 10430 8981 13348 8568 False
[vector] 9398 9053 8816 11865 10073 False
[vector] 9804 10271 10285 12160 9298 False
[vector] 11294 9967 9443 12830 8121 False
[vector] 10626 10002 9264 13342 8924 False
[vector] 11304 9787 10219 11696 8916 False
[vector] 10136 10734 9911 12745 8723 False
[vector] 10482 10408 9299 12983 8530 False
[vector] 10234 10560 9336 13281 8793 False
[vector] 11039 9193 9292 12127 9676 False
[vector] 11183 10162 9368 12113 8932 False
[vector] 10050 11132 9969 12534 8320 False
[vector] 9813 10008 9991 12750 9554 False
[vector] 9539 10922 9830 12237 8473 False
[vector] 11346 9357 10146 11846 8678 False
[vector] 10735 10212 10403 12819 8798 False
[vector] 11304 10616 9419 12581 7791 False
[vector] 11359 10831 10676 12524 7821 False
[vector] 10275 10524 10149 12570 8849 False
[vector] 11223 10096 10916 11444 8249 False
[vector] 10102 9734 9231 12557 9808 False
[vector] 10431 9847 9313 12571 9623 False
[vector] 11366 10070 9518 12764 9127 False
[vector] 10018 8327 9985 11982 9592 False
[vector] 10225 10398 9292 12903 9721 False
[vector] 9880 8586 9330 11615 10203 False
[vector] 11219 9840 9961 13000 8761 False
[vector] 10365 10156 8221 13155 8822 False
[vector] 10448 9961 10059 12614 9097 False
[vector] 11383 10184 10264 12807 8601 False
[vector] 10242 10512 10038 12946 9195 False
[vector] 11218 10185 10277 11485 8513 False
[vector] 10761 9926 9842 12365 9419 False
[vector] 9468 8298 8549 11753 10252 False
[vector] 8852 10429 10954 11111 8746 False
[vector] 9398 10293 9967 12525 9336 False
[vector] 10649 11197 10177 12257 7629 False
[vector] 10860 10351 9360 12767 9264 False
[vector] 11287 10502 8673 12538 8317 False
[vector] 10309 9090 9377 11811 9844 False
[vector] 11659 10478 9427 12139 7829 False
[vector] 11678 9651 9942 12763 7898 False
[vector] 10927 11002 9906 12256 8129 False
[vector] 10107 7852 8744 11042 10393 False
[vector] 9754 8602 9370 12338 9570 False
[vector] 10955 10115 9346 13356 8739 False
[vector] 9816 8669 8373 11813 10009 False
[vector] 10365 10709 9661 12974 8304 False
[vector] 10600 10346 10955 11664 8444 False
[vector] 9707 9218 10096 11774 9681 False
[vector] 9921 11447 9277 11922 6910 False
[vector] 10213 9479 9851 13102 8592 False
[vector] 9370 7877 10019 10492 10023 False
[vector] 8809 9683 9387 11444 9903 False
[vector] 10307 10143 9485 13368 8936 False
[vector] 10775 11307 9925 11649 6929 False
[vector] 8910 9196 8726 11445 10115 False
