[nb-items] 20
[nb-objectives] 6
[nb-pareto] 472
[nb-lorenz] 9
[runtime] 2.1851799488067627
[format] f1 f2 f3 f4 f5 f6 isLorenzND
[vector] 6355 6142 7024 7931 5453 6315 True
[vector] 5902 5783 7517 7383 5903 6544 True
[vector] 6441 5744 6966 8142 5856 6046 True
[vector] 5720 6189 6956 8067 5910 6681 True
[vector] 7263 5952 7086 7740 5117 6169 True
[vector] 6026 6029 6942 7917 5638 6921 True
[vector] 7329 6088 7854 7491 4901 6003 True
[vector] 7243 6486 7912 7280 4498 6272 True
[vector] 6349 5840 6950 7263 5306 7232 True
[vector] 4818 5022 5629 8340 5648 5001 False
[vector] 5665 6262 6422 7205 4675 5659 False
[vector] 6868 5895 6279 7913 4909 6391 False
[vector] 6877 5989 5798 7910 4672 5856 False
[vector] 6095 5800 7461 6576 4779 6177 False
[vector] 6448 5519 6764 7270 4966 6640 False
[vector] 7485 5292 6063 6280 3808 6365 False
[vector] 5011 5097 6513 6788 5993 6490 False
[vector] 6354 5301 6280 7779 5983 6807 False
[vector] 5827 5771 8007 5821 4680 5615 False
[vector] 6141 4838 6034 7268 5768 6892 False
[vector] 5843 4474 5088 7267 5140 7414 False
[vector] 5809 5275 6169 6729 5453 7296 False
[vector] 6863 5234 6788 7495 5184 5765 False
[vector] 4998 4743 5619 7562 6349 5745 False
[vector] 5866 5421 6583 7838 4901 6952 False
[vector] 5248 4470 5248 6742 6167 6276 False
[vector] 5654 4527 6523 7334 5950 6436 False
[vector] 4147 4160 6044 6239 6240 6469 False
[vector] 7239 5002 6721 7589 5203 6031 False
[vector] 4338 5006 6379 6328 6024 6231 False
[vector] 5892 5536 6225 6191 4707 7266 False
[vector] 5741 4970 7209 7697 5823 5675 False
[vector] 6594 5197 5541 7816 5318 6663 False
[vector] 4829 5503 5952 7472 6000 6627 False
[vector] 5913 4946 5752 8134 5073 6582 False
[vector] 6165 4165 6490 6461 6032 5509 False
[vector] 5447 5629 6856 6694 5456 7144 False
[vector] 4632 4746 6389 6470 6437 5910 False
[vector] 6761 5986 6419 7090 4417 7255 False
[vector] 5517 6378 6665 7383 4786 6428 False
[vector] 6273 6355 7100 7111 4563 7235 False
[vector] 7006 5225 6370 7139 5466 6512 False
[vector] 6589 4750 6728 7527 5454 6616 False
[vector] 7521 5236 7486 6759 4559 5202 False
[vector] 6649 5552 5930 7521 3931 6974 False
[vector] 5306 5412 7409 6664 5781 6696 False
[vector] 6782 5297 5780 7090 4188 7227 False
[vector] 5899 4577 6502 7183 6199 4727 False
[vector] 5873 5642 5531 7741 5372 7298 False
[vector] 6048 6050 7596 6838 5067 6571 False
[vector] 5326 5255 7185 7472 5605 6550 False
[vector] 7572 5735 6749 6643 3681 5604 False
[vector] 5293 5471 6017 6468 5398 7413 False
[vector] 5568 4489 5811 6759 6219 6205 False
[vector] 6251 6287 7569 6684 4376 6538 False
[vector] 6401 5640 7447 6426 4507 6417 False
[vector] 5708 5822 6220 7108 5186 7589 False
[vector] 6917 5008 5549 7162 4986 6974 False
[vector] 5529 4426 5837 6421 5932 7023 False
[vector] 6614 6012 6484 7647 4641 6296 False
[vector] 5278 4690 5914 7037 6205 5986 False
[vector] 6027 4967 7419 6739 5727 6061 False
[vector] 6587 4976 6593 7913 4847 6317 False
[vector] 5709 5163 7047 7680 5512 6483 False
[vector] 6669 5547 7156 6573 4993 6070 False
[vector] 7061 4961 7516 6861 5376 5115 False
[vector] 5535 4728 5911 7089 6079 6106 False
[vector] 6764 5555 6974 7488 5524 6357 False
[vector] 4702 4051 5512 6738 6561 4433 False
[vector] 6261 5478 7390 7665 5109 6730 False
[vector] 6942 4939 4856 6202 3420 7125 False
[vector] 5293 5058 6515 7438 6137 5951 False
[vector] 4863 4975 5890 6812 5987 6861 False
[vector] 5206 4615 5829 7075 6264 6712 False
[vector] 5357 5501 7868 6157 5135 5746 False
[vector] 6248 5124 6496 8439 5465 5985 False
[vector] 5192 5818 7939 5957 5137 5981 False
[vector] 5804 4881 7041 6975 6033 5531 False
[vector] 5968 5338 4992 7949 5538 6494 False
[vector] 5894 4953 4892 7741 5143 7270 False
[vector] 4217 5031 6365 6245 6219 6785 False
[vector] 6228 5281 6720 7631 5641 6131 False
[vector] 5011 5642 6099 8043 6039 5062 False
[vector] 5627 5681 5608 7413 5460 7433 False
[vector] 5253 5312 5495 7694 5981 5217 False
[vector] 6195 5534 6665 7852 4716 6346 False
[vector] 6977 4824 5268 7383 4276 6860 False
[vector] 7170 5444 5738 7086 4667 6921 False
[vector] 6283 5896 6225 7450 4913 6848 False
[vector] 6455 3964 6387 6183 6046 5728 False
[vector] 6993 5041 6798 7261 5291 6166 False
[vector] 7136 5468 7384 7788 4510 5942 False
[vector] 7109 5709 7145 7630 5053 5772 False
[vector] 6537 5736 7585 7247 5446 6178 False
[vector] 5955 5638 7404 7815 5381 6490 False
[vector] 6678 5953 7032 7277 5121 6626 False
[vector] 7176 5701 6443 7315 4635 6380 False
[vector] 5959 5244 5473 7952 5775 7029 False
[vector] 6340 5434 7074 6559 5178 6676 False
[vector] 7416 5405 5661 7414 4579 6786 False
[vector] 6341 6275 7818 6711 4648 6184 False
[vector] 4797 4429 6318 6670 6435 5675 False
[vector] 6675 5338 6153 7511 5044 6819 False
[vector] 6001 5308 5312 7732 5270 7084 False
[vector] 5923 4564 7770 7013 5816 5538 False
[vector] 6695 5850 5651 7339 4633 7421 False
[vector] 7249 5965 6552 7511 4184 5930 False
[vector] 6918 4863 6810 7541 5269 6010 False
[vector] 6241 5281 7466 6309 4998 6283 False
[vector] 5047 5097 6592 7110 6225 6086 False
[vector] 4959 4750 4146 6958 4758 7636 False
[vector] 4632 5382 6568 6885 6007 6961 False
[vector] 5566 5681 5554 7879 4798 7384 False
[vector] 6286 5675 5427 6338 4106 7519 False
[vector] 5607 5106 5766 8284 5345 6342 False
[vector] 6579 5531 7339 6773 4973 5498 False
[vector] 4491 4589 6332 6820 6707 5435 False
[vector] 5737 4096 5572 7010 6170 5639 False
[vector] 6731 5794 7074 7818 5384 6258 False
[vector] 6930 5740 6520 6987 4723 6515 False
[vector] 4512 4756 5057 6379 5881 7437 False
[vector] 4911 5545 5407 6550 4359 7617 False
[vector] 6187 6117 6979 6485 4590 6453 False
[vector] 6055 5781 5678 8312 5411 5733 False
[vector] 7183 5829 5784 7760 4400 6096 False
[vector] 6196 5187 6809 7454 4477 6971 False
[vector] 5382 5338 6275 6483 4824 7385 False
[vector] 7175 5580 6452 7303 3789 6706 False
[vector] 5975 5094 5504 7436 4869 7426 False
[vector] 4666 4278 5717 6190 6369 6117 False
[vector] 5809 5820 5755 7984 5499 5868 False
[vector] 6195 5269 6609 8007 5987 6039 False
[vector] 5213 4702 5103 8059 4898 7189 False
[vector] 6685 5287 6933 7887 5090 5320 False
[vector] 6463 5765 7620 7063 5285 5696 False
[vector] 6869 5740 6466 7453 4061 6466 False
[vector] 6865 5008 6923 7109 5791 6064 False
[vector] 5649 5066 7193 6818 5273 6861 False
[vector] 5186 4786 5898 6158 5655 7172 False
[vector] 5913 5373 7949 6032 5083 5346 False
[vector] 6975 5387 7142 6423 4721 6310 False
[vector] 7593 5046 6110 6643 3452 5576 False
[vector] 6681 5640 6227 8179 5191 5902 False
[vector] 5656 5903 5442 7130 3864 7294 False
[vector] 6503 5148 6786 7316 5051 6885 False
[vector] 4506 4385 5025 6891 5304 7633 False
[vector] 6012 6162 7736 6697 4833 6790 False
[vector] 6970 5919 6907 7805 4927 6006 False
[vector] 5443 4824 5895 6210 5529 7292 False
[vector] 6942 5256 6254 7736 5238 5256 False
[vector] 6257 5218 6015 8436 5228 5450 False
[vector] 6780 5596 7063 7616 5238 6378 False
[vector] 5261 5230 5334 6894 5536 7429 False
[vector] 5091 5370 4562 7127 4487 7648 False
[vector] 5019 5560 5938 7243 5594 7274 False
[vector] 6528 6410 6542 7436 4238 6565 False
[vector] 5640 6066 5654 8087 5193 6608 False
[vector] 6096 4854 7821 5605 4956 5640 False
[vector] 5973 6085 6963 6782 4602 6689 False
[vector] 6470 4951 6116 7282 5583 6286 False
[vector] 5289 4767 5988 6761 6167 6241 False
[vector] 5498 5658 7925 5807 4865 6221 False
[vector] 6217 4764 4900 7087 4811 7581 False
[vector] 6254 5832 7132 6348 4775 6945 False
[vector] 6322 5608 7563 7413 5555 5221 False
[vector] 5322 4528 4483 6198 3988 7747 False
[vector] 5800 5726 6236 7987 5736 6403 False
[vector] 7088 6133 6323 7552 4234 6900 False
[vector] 6429 5377 6230 7183 5132 6954 False
[vector] 7109 5444 5684 7552 4005 6872 False
[vector] 4938 5967 7292 6756 5302 5516 False
[vector] 5726 5668 5596 8298 5596 6339 False
[vector] 4970 5660 6009 7122 5730 7102 False
[vector] 5858 6004 6897 6471 4775 7059 False
[vector] 6154 5737 6514 7749 5458 6209 False
[vector] 6352 5527 6145 8165 5376 6508 False
[vector] 6068 6135 6572 7538 5055 6478 False
[vector] 7050 5866 7442 7577 4107 6211 False
[vector] 5051 5661 7882 6307 5407 5506 False
[vector] 4814 4400 6340 6166 6375 5746 False
[vector] 5153 4774 5787 6534 6001 7080 False
[vector] 4399 5170 6512 6816 6258 5220 False
[vector] 6540 5627 6384 7439 4246 7072 False
[vector] 5915 5706 5370 7521 4867 7353 False
[vector] 6629 5314 8097 7046 4868 5632 False
[vector] 5689 5299 6252 6345 5398 7299 False
[vector] 5827 5245 5644 5980 4075 7507 False
[vector] 7482 5541 6429 7165 4363 6620 False
[vector] 4973 5039 5952 7421 6085 6022 False
[vector] 6059 6041 7053 7541 5292 7013 False
[vector] 4878 5343 6491 7213 5919 6826 False
[vector] 6011 4926 7330 6611 6013 6040 False
[vector] 6846 4719 6049 7376 5602 6552 False
[vector] 6450 5293 6899 6884 5573 6939 False
[vector] 6429 5314 5886 7882 4606 6465 False
[vector] 6933 5162 6735 7739 5475 5791 False
[vector] 5721 5127 7433 6889 5999 5821 False
[vector] 5585 5575 6248 6329 4133 7352 False
[vector] 5631 5972 6135 8090 5430 7143 False
[vector] 5584 6093 6818 7246 4971 6920 False
[vector] 6847 5588 6361 7301 4820 6986 False
[vector] 7175 4832 6131 7390 5417 5946 False
[vector] 6183 4833 5915 8228 4833 6226 False
[vector] 6715 5688 6698 7272 3715 6808 False
[vector] 7378 5138 6780 7439 4452 6097 False
[vector] 5333 5040 3958 6778 4429 7803 False
[vector] 5912 4504 7637 6107 5865 4912 False
[vector] 5983 4571 5929 7145 6039 5646 False
[vector] 4546 5144 6447 6259 6034 6179 False
[vector] 6543 5712 8155 6835 4465 5901 False
[vector] 5139 4900 5676 7212 6079 6220 False
[vector] 4670 5471 6281 7700 6004 5859 False
[vector] 5813 5566 6696 7406 5423 7006 False
[vector] 6733 5717 7746 6772 4779 6155 False
[vector] 7240 5871 7033 7514 4421 6465 False
[vector] 5385 6011 6212 7762 5518 7278 False
[vector] 6536 4895 6841 7095 5976 6670 False
[vector] 6184 4757 7134 7427 5546 5983 False
[vector] 5766 5687 7379 6562 4964 6783 False
[vector] 6387 5313 6391 7403 5637 6899 False
[vector] 6282 5055 5481 7298 5443 7340 False
[vector] 6080 5352 6414 7541 5063 6985 False
[vector] 6848 6429 7105 7453 4290 6494 False
[vector] 4910 3923 5722 6251 6476 5400 False
[vector] 5125 3684 5375 6163 6334 5770 False
[vector] 4469 5157 6980 6808 6090 5789 False
[vector] 6161 4681 5810 8076 5592 6746 False
[vector] 6662 5833 6811 6840 4237 6862 False
[vector] 4815 4227 6261 6043 6310 6204 False
[vector] 4688 3979 5586 6207 5297 7496 False
[vector] 5175 5907 7307 6841 5142 5883 False
[vector] 4258 5013 6455 7166 6528 4745 False
[vector] 6462 6274 5774 7685 4454 6731 False
[vector] 6929 5619 6529 6975 3877 6841 False
[vector] 6038 5940 5369 6396 3587 7355 False
[vector] 5201 5154 6499 6559 5587 7137 False
[vector] 6928 5774 6342 7435 4725 6766 False
[vector] 6087 4147 7633 6087 5211 4313 False
[vector] 6214 5599 8073 6821 4650 6507 False
[vector] 6772 4762 7209 6244 4904 5210 False
[vector] 5889 5492 5562 7225 4466 7695 False
[vector] 6632 5432 7046 7455 5612 5374 False
[vector] 5868 5195 6718 7452 5508 7251 False
[vector] 7022 5266 6459 7267 5180 6533 False
[vector] 5713 5283 5550 7624 5863 7164 False
[vector] 5202 5009 7760 6938 5870 6173 False
[vector] 5573 5581 7343 6666 4530 6864 False
[vector] 6036 5094 5558 6970 5531 7475 False
[vector] 6000 5788 6095 7636 4992 6969 False
[vector] 6361 5621 5664 8162 5139 5973 False
[vector] 7153 5400 6779 7378 4800 6300 False
[vector] 4447 4465 4476 6168 5249 7678 False
[vector] 7569 5984 7115 7528 4236 5859 False
[vector] 6715 5305 6482 7405 4606 6619 False
[vector] 6041 5275 5641 7626 4832 6884 False
[vector] 6196 5453 5539 7087 5040 7609 False
[vector] 6627 5958 7473 6498 4512 6088 False
[vector] 4997 4366 6408 6614 6349 4639 False
[vector] 5688 5115 7322 7265 6345 5729 False
[vector] 4365 4168 5578 6861 5629 7185 False
[vector] 5441 5134 7593 6925 5413 5921 False
[vector] 6916 5089 6675 7927 4662 5711 False
[vector] 5548 5082 6805 6315 5723 6851 False
[vector] 4533 4067 4418 6379 5652 7409 False
[vector] 5888 6405 6334 7080 4627 5929 False
[vector] 5711 5509 5415 8010 5256 6865 False
[vector] 6453 6180 6255 7688 4691 7266 False
[vector] 5152 5254 6570 6438 5723 6965 False
[vector] 5625 6428 7020 6817 4596 6369 False
[vector] 6781 5452 5593 7550 5036 7152 False
[vector] 6106 5566 6222 7837 5464 6643 False
[vector] 5348 4687 6537 7484 6222 6196 False
[vector] 6768 6175 6920 6528 4187 6536 False
[vector] 4847 4934 5801 6684 6273 6840 False
[vector] 6599 5853 6303 7359 4301 6822 False
[vector] 4758 4717 4980 6707 5793 7302 False
[vector] 6236 4757 5760 7480 4741 6893 False
[vector] 5994 5750 6472 7330 4660 7254 False
[vector] 5152 5370 4616 6661 5149 7697 False
[vector] 5620 5460 6660 7510 4989 7087 False
[vector] 5833 5409 6472 8214 5247 6860 False
[vector] 4497 5138 6288 7153 6071 4493 False
[vector] 5010 6224 7378 6641 5144 6118 False
[vector] 6683 5414 6362 7793 5798 6201 False
[vector] 7070 5332 6616 8037 4726 6108 False
[vector] 6329 5901 6177 7650 4807 6363 False
[vector] 6732 4848 7434 6847 5561 5721 False
[vector] 5895 4877 6111 6940 5856 7027 False
[vector] 6668 5426 7165 6561 4147 6396 False
[vector] 5828 5812 7552 7199 5742 6062 False
[vector] 6450 5838 6485 8139 5619 5511 False
[vector] 5434 5061 5138 7710 5069 7372 False
[vector] 5491 4135 5649 6682 6258 5774 False
[vector] 6388 6154 7135 7555 5107 6407 False
[vector] 5879 6311 6815 7083 4864 6464 False
[vector] 6694 5994 7121 7405 4835 6647 False
[vector] 5530 4281 7098 6800 6215 6059 False
[vector] 6402 5681 6992 7804 5569 6864 False
[vector] 6542 5857 6894 6456 4182 6865 False
[vector] 5836 4121 7084 6650 5943 6299 False
[vector] 5120 5013 5887 6864 5861 6981 False
[vector] 5020 5415 7199 7622 5877 6310 False
[vector] 4854 4268 5702 7294 6242 5534 False
[vector] 6011 6174 6676 7597 4599 5587 False
[vector] 6132 4153 6379 6837 6378 5417 False
[vector] 5982 5320 6797 7303 5729 6266 False
[vector] 5686 5614 7950 6171 4950 5140 False
[vector] 6571 4935 6504 7785 5133 6296 False
[vector] 6534 5121 6706 7481 5369 6371 False
[vector] 6055 5236 6092 7057 5365 7161 False
[vector] 6921 5628 5495 6202 3649 7153 False
[vector] 6639 6361 6109 6540 3198 6782 False
[vector] 5366 5488 6244 6999 5730 6988 False
[vector] 5813 6384 7045 7181 4681 5288 False
[vector] 4251 4563 5693 5965 6151 6992 False
[vector] 6518 5447 6711 7514 5257 6666 False
[vector] 6665 5133 7281 6984 5376 5229 False
[vector] 6908 6308 7168 6975 4106 6869 False
[vector] 7658 5337 6691 6854 4084 5335 False
[vector] 4759 4572 6241 7086 6076 6338 False
[vector] 5913 6206 6900 7260 4786 6314 False
[vector] 6641 5806 6825 7791 5112 6612 False
[vector] 6697 6164 6643 7333 4544 5825 False
[vector] 5960 6085 6217 8104 5245 6537 False
[vector] 7568 5115 6803 7603 5018 5425 False
[vector] 7322 5154 6880 7275 5106 5560 False
[vector] 6829 5818 5506 7998 4678 6290 False
[vector] 5907 5904 6826 6592 4639 7231 False
[vector] 5192 5391 5742 8059 5127 7217 False
[vector] 5634 4684 6747 6526 6126 6582 False
[vector] 5539 5533 6872 7573 6006 5958 False
[vector] 5602 5513 7380 7054 5942 5998 False
[vector] 4869 6067 7321 6991 5414 5643 False
[vector] 5757 6082 5883 7482 4730 6834 False
[vector] 6688 6070 7124 7336 4781 6360 False
[vector] 6266 5925 6203 7954 4973 6777 False
[vector] 5992 4451 8172 5879 5045 5117 False
[vector] 6474 5756 7077 7766 5510 6138 False
[vector] 5954 6541 7102 6831 4411 5763 False
[vector] 5804 6290 7526 7184 4918 5823 False
[vector] 4614 5358 5924 7030 6094 6150 False
[vector] 5219 5514 6309 7556 5954 6029 False
[vector] 6454 5495 7334 6858 3985 6363 False
[vector] 6107 5858 7197 6905 4999 5986 False
[vector] 7110 5565 5675 7564 4851 6546 False
[vector] 6388 5889 5674 7477 4059 7507 False
[vector] 7481 4672 6117 7240 5145 6186 False
[vector] 5066 6197 6214 7482 5366 5806 False
[vector] 5567 5605 6773 7078 5511 7141 False
[vector] 6803 5604 5698 7702 4277 6632 False
[vector] 5567 4969 6594 6663 5941 6090 False
[vector] 5394 6105 5731 7759 5281 6743 False
[vector] 6611 5168 5563 7312 5258 6734 False
[vector] 4205 4795 5080 6517 5307 7523 False
[vector] 5527 5569 6486 8364 5519 6620 False
[vector] 6647 6115 7804 6561 4376 6424 False
[vector] 5652 5283 5496 8090 5201 7115 False
[vector] 6671 5047 5626 6834 5074 7109 False
[vector] 6162 5522 6554 8228 5062 6254 False
[vector] 6829 5762 6850 8155 5197 5531 False
[vector] 5406 5322 5573 7762 5289 7250 False
[vector] 6548 5876 5716 7896 4857 6462 False
[vector] 5772 5216 7892 6382 5353 4871 False
[vector] 5914 6186 6153 7425 4589 7238 False
[vector] 6288 5357 5555 7966 5590 6423 False
[vector] 6454 6025 6442 7228 3843 7341 False
[vector] 6536 6332 6414 7374 4594 6795 False
[vector] 5452 5090 6186 7210 6133 6719 False
[vector] 6080 5735 6630 7408 4172 7174 False
[vector] 6155 5679 7524 6098 4595 6552 False
[vector] 7037 5634 7060 7668 5112 6498 False
[vector] 7571 5758 7250 7142 4843 6158 False
[vector] 6156 5220 6480 7560 4915 7171 False
[vector] 6445 6364 6912 7182 4519 6225 False
[vector] 5954 5783 6143 7436 5098 7454 False
[vector] 6842 6172 6400 7224 4322 7035 False
[vector] 5193 5236 6660 7359 6032 4925 False
[vector] 5948 4732 5998 7372 5334 6973 False
[vector] 6086 6195 5965 7496 4545 6228 False
[vector] 5316 6064 7364 6491 4872 6358 False
[vector] 5385 5375 6033 7347 5948 6227 False
[vector] 4346 4259 5154 6173 6317 6188 False
[vector] 6046 5687 6159 8315 5648 6268 False
[vector] 5045 5114 6037 7383 6026 5296 False
[vector] 6533 5717 5535 7608 4517 6988 False
[vector] 5790 5014 7835 5755 5228 5400 False
[vector] 6519 6316 7023 7439 4475 7100 False
[vector] 6748 5435 6753 7051 4640 6593 False
[vector] 5771 4347 7580 6457 6135 4437 False
[vector] 6974 6539 6853 6845 3590 6185 False
[vector] 6283 4910 6742 7677 5726 6376 False
[vector] 6333 6521 6123 6690 3470 6542 False
[vector] 6692 5225 7929 6324 5078 5488 False
[vector] 4304 5534 6441 6988 6037 5997 False
[vector] 6895 5954 6274 7749 4462 6124 False
[vector] 5353 4937 6578 6960 5953 6326 False
[vector] 6134 5652 7538 7049 5470 6302 False
[vector] 5515 5202 5750 7405 4795 7528 False
[vector] 4609 5854 7210 6742 5487 6122 False
[vector] 7667 5431 6210 6851 3847 4800 False
[vector] 6676 5193 7414 7890 5327 5855 False
[vector] 6524 4459 6147 7316 4822 6857 False
[vector] 6994 5910 7110 7186 4509 6600 False
[vector] 5508 4849 7746 6788 5598 6413 False
[vector] 5947 5871 7155 6486 4201 7031 False
[vector] 6299 5937 6314 7578 4627 6869 False
[vector] 5145 5065 6368 7447 6038 5359 False
[vector] 4304 5474 7051 6608 6092 6024 False
[vector] 6782 6293 6337 7702 4506 6660 False
[vector] 6801 5290 6640 7483 4118 6539 False
[vector] 6490 4794 5892 8090 5407 6140 False
[vector] 5520 4663 5080 7921 5472 7103 False
[vector] 6815 4486 7159 6726 5507 5108 False
[vector] 5108 6192 7154 6978 4957 5391 False
[vector] 6566 5841 6192 7735 4647 6730 False
[vector] 5504 6020 7389 6855 4957 5277 False
[vector] 6602 6468 7182 7125 4378 6629 False
[vector] 5981 5396 5578 8104 5016 6509 False
[vector] 5738 6154 6758 7433 5134 5989 False
[vector] 7154 6269 7091 7303 4018 6734 False
[vector] 6589 5736 6211 7300 4641 7088 False
[vector] 5826 4902 7695 5896 5462 5181 False
[vector] 6021 6256 7255 6694 4596 6255 False
[vector] 6110 6130 7512 7034 4646 6063 False
[vector] 6511 4569 7845 5830 5174 4765 False
[vector] 6474 5491 5616 7688 4462 7238 False
[vector] 4311 4868 6342 7598 6006 4691 False
[vector] 6034 5320 5423 7356 4924 7176 False
[vector] 5244 5218 5976 7697 6218 5752 False
[vector] 6943 6125 6566 7661 4456 5690 False
[vector] 7503 5848 6347 7777 4452 6025 False
[vector] 5837 4962 7828 6802 5413 5807 False
[vector] 6735 5154 5872 7732 4334 6705 False
[vector] 6623 5338 7527 7458 5849 5909 False
[vector] 6180 4533 7091 6862 5964 5474 False
[vector] 7900 5007 6087 6505 4026 5490 False
[vector] 5655 5368 7267 7486 5420 5944 False
[vector] 5845 5373 6858 7423 5734 6198 False
[vector] 5505 6011 5929 6424 4062 7336 False
[vector] 6974 4518 6830 6498 5503 5876 False
[vector] 7174 5735 6265 7763 4637 6631 False
[vector] 5887 4732 5944 7838 4672 6924 False
[vector] 6483 5850 6596 7763 5273 5603 False
[vector] 6208 5623 7503 7233 5631 6784 False
[vector] 6646 5246 7492 6636 5158 5990 False
[vector] 5945 6447 7583 6834 4648 6298 False
[vector] 5004 5192 5337 6842 5662 7309 False
[vector] 6937 5868 5861 7432 4488 6231 False
[vector] 6776 4791 6102 7132 5311 6526 False
[vector] 6376 5453 6385 7931 5224 6287 False
[vector] 4163 5317 6994 6958 6362 5549 False
[vector] 7236 5580 6506 6837 4451 6755 False
[vector] 4486 5128 7002 6304 6030 5860 False
[vector] 4942 4630 5262 6892 6439 6036 False
[vector] 5124 5818 6848 7348 5788 6833 False
[vector] 6427 5877 7760 6922 5051 5915 False
[vector] 5347 4832 5276 7105 5939 7160 False
[vector] 6773 5649 6493 7485 5287 5822 False
[vector] 5979 5714 5450 6476 3532 7605 False
[vector] 6618 5254 7964 6140 4917 5006 False
[vector] 6934 6031 7047 7664 4693 6225 False
[vector] 5439 5875 5161 6673 4278 7502 False
[vector] 5230 3942 6285 6268 6528 5329 False
[vector] 5775 4901 6194 6556 5801 7030 False
[vector] 6622 5934 6356 7585 4997 6526 False
[vector] 6590 5591 7472 7679 4924 6124 False
[vector] 6281 5136 6607 8063 5119 6077 False
[vector] 6287 5236 5564 7954 4744 6749 False
[vector] 6185 6151 6801 6933 4592 6704 False
[vector] 5823 6218 6651 7233 4514 6668 False
[vector] 4156 4411 5588 6515 6315 6032 False
[vector] 6042 5396 5632 7638 5678 6558 False
