[nb-items] 30
[nb-objectives] 6
[nb-pareto] 1980
[nb-lorenz] 13
[runtime] 172.64725399017334
[format] f1 f2 f3 f4 f5 f6 isLorenzND
[vector] 10506 10237 10653 12590 9217 9299 True
[vector] 9804 10271 10285 12160 9298 10276 True
[vector] 11067 9766 9828 12215 9147 10342 True
[vector] 10761 9926 9842 12365 9419 10102 True
[vector] 10739 10494 10490 12353 8802 10456 True
[vector] 10031 9823 9927 12049 9587 9719 True
[vector] 9986 9865 10846 11476 9291 10139 True
[vector] 10433 10654 10504 12503 9074 10216 True
[vector] 9703 10551 10589 12187 9242 9833 True
[vector] 9521 10957 10028 12871 9249 9970 True
[vector] 11137 10095 9768 12535 9546 9342 True
[vector] 9680 10025 10860 11626 9563 9899 True
[vector] 11051 10493 9826 12324 9143 9611 True
[vector] 8279 9173 9416 10813 10107 8748 False
[vector] 8464 8845 9263 10481 9207 10691 False
[vector] 11054 10071 10182 12793 8786 9481 False
[vector] 10119 9848 9977 12600 9282 9301 False
[vector] 10528 10350 9965 12711 9240 9412 False
[vector] 10071 9983 10168 13059 8704 8804 False
[vector] 10428 10212 9633 12926 9006 9312 False
[vector] 9829 10529 8701 11763 7774 10726 False
[vector] 11158 10829 10460 11618 7683 9760 False
[vector] 12508 10308 8970 11416 7311 8428 False
[vector] 9438 9170 8417 11519 9303 10745 False
[vector] 9731 10276 8810 13206 9039 9436 False
[vector] 8677 9580 8674 11935 8832 10848 False
[vector] 8835 10345 10038 11728 9263 9696 False
[vector] 9580 9223 9806 11426 9998 8210 False
[vector] 9003 9777 10832 11742 9209 9462 False
[vector] 9458 8828 7737 12113 8839 10795 False
[vector] 9995 9602 10552 12066 9547 8924 False
[vector] 9255 10056 8639 12107 9032 10767 False
[vector] 9683 9521 8585 11313 9201 10313 False
[vector] 8885 7622 8087 10456 10491 8124 False
[vector] 9176 9145 10066 11583 9731 8546 False
[vector] 8608 9869 9190 13336 9233 7728 False
[vector] 11521 9976 9136 11822 7753 10420 False
[vector] 9443 9486 11096 10921 8763 8897 False
[vector] 9567 9533 9634 12615 9685 9054 False
[vector] 9848 10108 9375 12721 8748 10182 False
[vector] 9358 8828 10272 11975 9693 8406 False
[vector] 8867 10965 9286 12286 8705 9095 False
[vector] 9043 9627 8044 11499 9052 11109 False
[vector] 9934 8943 7838 12157 9790 9753 False
[vector] 11024 9938 9643 12626 9052 8594 False
[vector] 10183 10042 8886 11906 8765 10564 False
[vector] 10532 10562 10146 12622 8723 9547 False
[vector] 11200 10059 7987 12175 8444 9836 False
[vector] 10465 10294 8553 12940 9056 8952 False
[vector] 10296 10809 9690 13209 8416 9082 False
[vector] 9945 10221 9985 11838 9184 9988 False
[vector] 10161 8425 10691 11302 9699 7875 False
[vector] 9989 9292 10089 11839 9558 8703 False
[vector] 9665 8561 9790 11239 10152 8406 False
[vector] 10634 9861 10151 12961 8306 9164 False
[vector] 11086 9007 8362 12698 8863 9336 False
[vector] 10943 10247 10340 12374 8385 9027 False
[vector] 11163 10303 10033 12575 8783 9046 False
[vector] 10082 9246 8052 11836 9916 9638 False
[vector] 10426 9748 9098 12060 9027 10699 False
[vector] 10871 10100 9688 12841 8065 9397 False
[vector] 10290 10722 10276 11341 7766 10338 False
[vector] 9224 9297 7386 11616 8332 11215 False
[vector] 9293 9738 8704 11927 9844 9375 False
[vector] 10409 11301 10916 12220 8294 9927 False
[vector] 9486 10064 9563 11351 8846 10944 False
[vector] 10431 10769 10130 11322 8241 9474 False
[vector] 10111 9796 8087 11425 8225 11097 False
[vector] 8110 8659 8066 10502 10150 9381 False
[vector] 10209 9173 10320 12071 9376 8532 False
[vector] 9708 10661 10611 11992 8676 9385 False
[vector] 10539 10228 9762 11333 8077 10610 False
[vector] 11048 9878 8947 12558 9066 9804 False
[vector] 10493 8326 8437 10925 9676 9310 False
[vector] 11342 10717 9930 12481 8347 8347 False
[vector] 10042 9385 10511 11699 9087 9953 False
[vector] 11687 10677 9351 12084 6916 9296 False
[vector] 10562 10754 9491 11894 7756 10544 False
[vector] 11772 10048 9836 12399 9089 8976 False
[vector] 9690 9446 8450 12695 9857 8501 False
[vector] 10658 10742 9840 12909 8494 9118 False
[vector] 11199 10203 9457 12241 8646 9062 False
[vector] 11363 8319 8917 11309 9377 8247 False
[vector] 8978 9336 7463 11288 8420 11350 False
[vector] 11854 10544 9412 12607 7397 8870 False
[vector] 11036 8660 9881 11066 9391 7839 False
[vector] 11041 10639 10105 12318 7760 9754 False
[vector] 8719 8065 9769 11016 10175 7215 False
[vector] 10109 11031 10779 11891 8333 9381 False
[vector] 10200 9499 8577 11791 8274 11196 False
[vector] 9674 10410 8603 12545 8711 10587 False
[vector] 10111 10180 9846 12763 9009 9521 False
[vector] 11183 9648 9037 12502 8501 9602 False
[vector] 9211 10710 8591 11606 7291 10718 False
[vector] 10309 11163 10584 12435 8060 9827 False
[vector] 8810 9791 9973 11746 9549 9556 False
[vector] 10133 10384 10367 12174 9113 9670 False
[vector] 9962 9449 8882 12880 8931 10035 False
[vector] 10802 9917 9024 12230 9154 9939 False
[vector] 10575 10186 9568 12369 8782 10271 False
[vector] 11672 9910 9504 12614 8855 8876 False
[vector] 9309 9099 8762 10912 8866 11026 False
[vector] 10183 9322 9868 11438 9646 9508 False
[vector] 8954 8931 9552 11861 9820 8423 False
[vector] 9337 10012 8673 13199 9001 9686 False
[vector] 9701 7874 8426 11407 10431 7801 False
[vector] 9942 11178 10294 12243 7914 8789 False
[vector] 10035 8479 9105 11256 9040 10436 False
[vector] 10107 9722 9716 11890 9753 8413 False
[vector] 11357 10333 9812 12174 8871 9851 False
[vector] 10340 10155 9596 12992 8590 8815 False
[vector] 8317 7712 8651 10305 10007 9768 False
[vector] 10570 8680 8599 11002 9637 9741 False
[vector] 10116 8537 8399 11473 9783 9616 False
[vector] 9606 9773 10662 11790 9159 9164 False
[vector] 10626 10002 9264 13342 8924 9611 False
[vector] 8981 10439 10325 12283 9234 9119 False
[vector] 12243 9672 8312 11492 6396 8577 False
[vector] 10607 9131 9411 11660 9627 8098 False
[vector] 9905 9856 9290 12495 8291 10752 False
[vector] 9919 10150 10693 11613 9106 9647 False
[vector] 9722 8900 9080 11172 10006 8800 False
[vector] 10416 10154 9897 12597 8786 9503 False
[vector] 9540 8422 10833 11291 9686 8269 False
[vector] 8122 7859 8409 10444 10255 9193 False
[vector] 10682 10634 8825 12726 7645 9103 False
[vector] 11190 9828 8984 10824 8286 10104 False
[vector] 10366 10229 8878 13070 8582 9070 False
[vector] 9791 10161 9283 12746 8957 9592 False
[vector] 9246 9352 8605 11609 8412 11024 False
[vector] 9781 8639 7745 11459 8507 11106 False
[vector] 10583 11061 9409 12506 7845 9949 False
[vector] 9219 9581 9063 12317 9564 10065 False
[vector] 11166 10211 10206 12821 7430 8525 False
[vector] 10553 10259 9932 11674 8878 8986 False
[vector] 9677 9749 8877 11256 7901 11095 False
[vector] 10263 11042 8846 12489 7793 10020 False
[vector] 9527 9396 9781 12835 9275 8833 False
[vector] 11803 10026 8962 11232 7369 9794 False
[vector] 9919 9080 9377 11511 9428 10247 False
[vector] 9022 9460 9319 11940 9878 9107 False
[vector] 10468 9168 9040 12877 8794 9941 False
[vector] 10744 10514 9006 11964 7838 10355 False
[vector] 9655 10115 11018 11514 8721 8261 False
[vector] 10771 10687 9979 12609 8266 9295 False
[vector] 9487 9405 10390 11923 9172 9838 False
[vector] 9717 9657 8885 11278 8826 10844 False
[vector] 8809 10407 9499 12239 9179 10001 False
[vector] 9961 10631 8946 12904 8024 9679 False
[vector] 9656 10268 10144 12834 8486 9679 False
[vector] 8995 9114 9564 11827 9892 9034 False
[vector] 12418 9222 7837 11514 7613 8456 False
[vector] 8722 8495 7834 11104 10054 9464 False
[vector] 10512 9435 9950 11452 9461 8902 False
[vector] 10455 10122 9718 11605 9021 9763 False
[vector] 10169 9175 8407 12588 9358 9438 False
[vector] 10276 9220 10638 11708 9277 8441 False
[vector] 10377 10227 11282 11418 8729 8975 False
[vector] 8818 9044 8748 11591 9842 9513 False
[vector] 9249 10137 10700 11879 8759 7921 False
[vector] 9996 9644 8110 11625 9513 9907 False
[vector] 9158 8060 9672 10886 9839 9352 False
[vector] 9747 10317 8899 13334 8753 9457 False
[vector] 10558 8975 8395 12213 9579 8825 False
[vector] 9821 10037 9923 13041 8461 9167 False
[vector] 11030 10718 10594 12510 8006 9192 False
[vector] 9171 8347 11074 10747 9153 8366 False
[vector] 11407 9964 9088 12131 8575 9644 False
[vector] 10166 7938 8137 10744 10039 8488 False
[vector] 9302 10683 10293 12357 8714 9045 False
[vector] 9701 9102 8465 11539 8681 11384 False
[vector] 10301 10417 9840 12945 8721 9426 False
[vector] 10189 10657 8746 12281 7398 10796 False
[vector] 9453 9367 8407 11597 8162 11220 False
[vector] 7173 8961 8965 10707 10093 9098 False
[vector] 10451 11214 8359 11246 6150 9979 False
[vector] 10400 9906 9086 12570 9263 9522 False
[vector] 9050 9535 7555 10862 7671 11360 False
[vector] 9640 9299 8641 11761 9947 8502 False
[vector] 10334 10485 8607 12412 7856 10277 False
[vector] 9755 11309 10174 11635 7750 9052 False
[vector] 10163 10107 9207 12620 8423 10201 False
[vector] 10562 9832 8674 13143 9138 9526 False
[vector] 8315 7965 8548 10536 10215 9815 False
[vector] 11307 9662 9089 12252 8482 10198 False
[vector] 8366 8150 8365 11240 10488 8059 False
[vector] 10064 9489 10954 10932 8776 8503 False
[vector] 10320 10162 9278 13492 9196 9371 False
[vector] 9629 8226 8888 11539 9965 9160 False
[vector] 11233 9329 9111 12583 8552 8950 False
[vector] 9580 9887 10528 11841 9329 9799 False
[vector] 9477 9733 7575 11540 8013 11162 False
[vector] 11130 10856 10926 12295 8240 9292 False
[vector] 10295 9249 9303 11681 9555 9487 False
[vector] 11294 10168 8289 11249 7671 10138 False
[vector] 10356 10972 9955 12384 8048 10170 False
[vector] 10184 8951 10420 11863 9378 7809 False
[vector] 10714 9433 10777 12027 8911 8612 False
[vector] 8930 9496 9913 10681 9383 10320 False
[vector] 9705 8956 8135 11654 8943 10724 False
[vector] 8852 10429 10954 11111 8746 8795 False
[vector] 10305 10360 8910 12611 8363 10577 False
[vector] 10258 8609 9107 11882 9741 9100 False
[vector] 8635 8244 7305 10652 9591 10607 False
[vector] 9310 9171 9490 11861 9912 9147 False
[vector] 11490 10000 8323 11079 6218 9871 False
[vector] 10156 10910 10096 12735 8792 9604 False
[vector] 9747 9068 7308 11531 9524 10235 False
[vector] 10990 9901 9592 12594 9000 9396 False
[vector] 9204 9054 9880 11256 9871 8970 False
[vector] 9189 10311 10535 11796 9149 10086 False
[vector] 10470 9467 11272 10567 8738 8843 False
[vector] 10778 10353 9595 11320 7620 10358 False
[vector] 10868 9672 8660 12993 8866 9766 False
[vector] 10213 9479 9851 13102 8592 9138 False
[vector] 8374 8869 8877 11021 10273 7944 False
[vector] 11413 10517 9504 11811 7917 9284 False
[vector] 11072 9274 10079 11954 9056 8605 False
[vector] 8648 8374 9134 10914 9905 9523 False
[vector] 11523 10440 9671 12688 7732 9033 False
[vector] 10186 8426 9316 11465 9931 7912 False
[vector] 9514 10051 8622 12428 9202 10453 False
[vector] 11897 10145 9062 11992 7880 9660 False
[vector] 10056 10772 9764 12950 8558 9504 False
[vector] 11007 10192 10865 11949 8327 9258 False
[vector] 8821 10183 10271 12426 9216 9599 False
[vector] 9813 10008 9991 12750 9554 9061 False
[vector] 10675 10324 9900 12154 9016 10371 False
[vector] 10153 10295 9217 12969 8715 9797 False
[vector] 11173 9450 9048 13061 8736 8575 False
[vector] 9321 10570 10082 12705 8932 8284 False
[vector] 8607 9745 9295 11715 9660 9982 False
[vector] 9627 9306 9484 11721 9318 10358 False
[vector] 11619 10504 9000 12087 7239 9567 False
[vector] 11372 10178 8842 12893 8314 9253 False
[vector] 9985 10381 10226 12848 8301 9073 False
[vector] 11277 9853 8697 12787 8647 9098 False
[vector] 9862 8829 8778 11688 9544 9787 False
[vector] 10329 11178 9614 12240 7577 9854 False
[vector] 11687 10451 8961 11462 7272 9617 False
[vector] 8555 9142 10208 11572 9718 8940 False
[vector] 10508 9984 10756 12359 9009 9252 False
[vector] 8839 8933 11012 11044 8751 7846 False
[vector] 11360 9811 8106 11934 7590 10161 False
[vector] 10195 10633 10721 12102 8736 9112 False
[vector] 9665 7903 8777 10954 9937 9120 False
[vector] 10785 10498 9746 12630 7662 9666 False
[vector] 9711 8465 9238 11753 9821 8799 False
[vector] 10314 9674 10920 11825 8270 8877 False
[vector] 11014 9822 9849 11080 8111 10110 False
[vector] 9893 9752 9799 11828 9621 9212 False
[vector] 9404 8535 10029 11021 9708 9359 False
[vector] 8513 10173 9729 13128 9067 8532 False
[vector] 10898 10638 9101 12946 7829 8974 False
[vector] 11049 9862 8050 12436 8007 10246 False
[vector] 11332 9612 8182 11989 8503 10014 False
[vector] 12197 9406 9500 11072 7750 8588 False
[vector] 9399 8602 7818 12193 8784 11045 False
[vector] 9187 8507 9429 11515 9999 9113 False
[vector] 9340 10301 9944 12377 9345 9247 False
[vector] 8668 9526 9330 11794 10173 7964 False
[vector] 9947 9451 10515 12063 8870 9453 False
[vector] 10401 9501 8793 12697 8412 10022 False
[vector] 9271 9625 9392 11806 9821 9262 False
[vector] 7804 8325 7519 10552 9195 11007 False
[vector] 9195 10873 8803 12563 8620 10032 False
[vector] 10107 8363 8991 11434 9821 9007 False
[vector] 9475 10046 9810 11499 7521 10740 False
[vector] 10760 10213 9028 12982 9030 8630 False
[vector] 7670 9428 9613 10989 9801 8818 False
[vector] 9722 9608 11057 11703 8573 9150 False
[vector] 8477 8873 8930 11248 9807 10310 False
[vector] 9443 10840 10350 12007 8444 9520 False
[vector] 9558 9640 8218 11860 8076 10972 False
[vector] 9298 9587 7470 11352 6966 11338 False
[vector] 8645 9170 8646 11905 10019 8583 False
[vector] 11127 10568 9030 12209 7624 10700 False
[vector] 10090 9094 8610 11075 8312 11153 False
[vector] 10102 10006 10438 12724 9047 8912 False
[vector] 8589 9616 9480 11786 9966 9782 False
[vector] 9503 9616 8677 12813 9491 9749 False
[vector] 8887 8987 9201 10935 8465 11160 False
[vector] 8687 9757 7218 11622 8441 11249 False
[vector] 10890 9701 10747 11896 8430 7903 False
[vector] 10050 10579 8529 12715 8838 9827 False
[vector] 8883 8414 9546 11434 10063 8826 False
[vector] 10238 9227 8843 12868 9232 8395 False
[vector] 10075 9605 9121 12804 7817 10296 False
[vector] 9686 9340 9416 12031 10039 8387 False
[vector] 9837 9420 8385 12138 9633 9460 False
[vector] 9940 9136 9073 12392 9510 9430 False
[vector] 8466 8952 9419 11440 10053 9748 False
[vector] 9334 9712 8288 12308 9811 9042 False
[vector] 10136 10181 8471 12926 9241 9558 False
[vector] 9985 9984 8534 13187 8804 9968 False
[vector] 10249 9709 9149 12831 8826 9932 False
[vector] 8541 9670 7931 11965 8337 10974 False
[vector] 8806 8846 8589 11240 8739 11004 False
[vector] 10300 8724 8478 12088 9447 9376 False
[vector] 10970 9683 9563 12872 8392 8985 False
[vector] 9582 9123 10384 11218 9693 8886 False
[vector] 8651 9363 9881 12140 9739 8260 False
[vector] 11991 8704 9638 11763 8416 7089 False
[vector] 9282 10671 10161 12397 8657 9015 False
[vector] 10611 10038 8386 11217 6970 10984 False
[vector] 8905 8942 9848 10699 9669 10180 False
[vector] 10987 9190 9355 11617 8004 10395 False
[vector] 9842 8964 8930 11936 9767 9308 False
[vector] 7552 9797 9285 11900 9750 8277 False
[vector] 11394 10269 9442 12709 8214 8783 False
[vector] 9309 9711 9663 12145 9579 9005 False
[vector] 10316 10793 9568 11566 7844 10679 False
[vector] 10281 11007 9322 12328 7583 10288 False
[vector] 9228 10199 9226 13383 8624 9809 False
[vector] 11648 10557 9916 12331 8075 8587 False
[vector] 9865 9835 8164 11097 8313 11232 False
[vector] 9840 9565 8709 12284 7659 10993 False
[vector] 8548 8597 11113 10967 9348 8807 False
[vector] 11318 9747 8267 12154 8095 10106 False
[vector] 9658 9571 9492 11576 9180 10497 False
[vector] 10962 10276 9005 12347 8663 10073 False
[vector] 11366 10070 9518 12764 9127 8636 False
[vector] 9640 9963 9363 12176 9278 10091 False
[vector] 10253 10597 9216 12848 8808 9243 False
[vector] 9921 11447 9277 11922 6910 8649 False
[vector] 9690 8729 8018 11598 9670 9841 False
[vector] 10278 9867 9318 13472 8385 8568 False
[vector] 9367 8779 8982 11613 8572 11017 False
[vector] 11072 9786 8344 11826 8183 10241 False
[vector] 10413 9957 10094 11427 7747 10644 False
[vector] 11538 9673 10608 11884 8233 8185 False
[vector] 10401 9580 10870 11701 9509 9264 False
[vector] 7762 8847 9433 10993 10250 9033 False
[vector] 8749 7874 10161 10481 10010 8315 False
[vector] 9757 8172 8995 10799 9836 9752 False
[vector] 9167 10256 9316 11803 9069 10277 False
[vector] 9558 9874 8187 11235 7739 11318 False
[vector] 9663 8814 9687 11470 10360 8453 False
[vector] 10735 10212 10403 12819 8798 8593 False
[vector] 9235 10063 8179 11889 8071 11007 False
[vector] 11780 9917 9341 11233 6925 9164 False
[vector] 10635 10096 8783 13339 8687 9076 False
[vector] 9805 8346 8751 11336 10068 8508 False
[vector] 10712 9686 10674 12258 9119 8659 False
[vector] 10039 10658 9018 12907 9084 9265 False
[vector] 9910 9866 10545 11871 9095 9451 False
[vector] 10900 10986 8573 12258 7186 10097 False
[vector] 9312 8918 9593 11630 9704 9100 False
[vector] 9902 10248 8010 11433 7303 10851 False
[vector] 9865 10219 9923 12435 9097 9656 False
[vector] 11871 10364 9243 11647 7918 8351 False
[vector] 10150 10608 10022 12067 8645 10521 False
[vector] 10635 10661 9787 12683 7798 9414 False
[vector] 10043 8328 8610 12145 9824 8807 False
[vector] 9004 10012 9464 12120 9590 9374 False
[vector] 10521 8013 10096 10998 9636 7821 False
[vector] 10690 9381 9816 13184 8102 8978 False
[vector] 10336 9055 8533 11403 8224 11018 False
[vector] 10655 9627 9490 11078 7689 10799 False
[vector] 8701 9184 9988 11871 9621 9433 False
[vector] 9716 8669 9574 11902 9838 8399 False
[vector] 10001 9728 9307 12122 9653 9645 False
[vector] 10806 10537 8970 11270 7817 10118 False
[vector] 8730 7680 8572 10761 10433 8940 False
[vector] 11223 10096 10916 11444 8249 9160 False
[vector] 10681 9803 8540 12385 8702 10029 False
[vector] 10968 9810 8992 12778 9100 9866 False
[vector] 9158 9388 9514 11656 9072 10661 False
[vector] 9557 10312 9308 13397 8439 9203 False
[vector] 9525 9624 9535 12458 9688 8725 False
[vector] 9237 10293 8745 13380 8387 9274 False
[vector] 9020 8497 8644 10445 9984 9371 False
[vector] 9489 9883 10394 12069 9684 9018 False
[vector] 10382 9566 9098 12666 8391 10210 False
[vector] 11122 10904 10224 12630 7838 9597 False
[vector] 9556 10534 10940 11558 8549 9510 False
[vector] 7964 9509 9637 11517 9769 9052 False
[vector] 10431 9847 9313 12571 9623 8456 False
[vector] 10771 10298 8206 12884 8643 8538 False
[vector] 8466 8288 8697 11025 10722 8159 False
[vector] 10921 10590 10923 11738 7924 9527 False
[vector] 8976 8466 9111 11570 9846 9489 False
[vector] 9219 8917 8341 11902 10233 8476 False
[vector] 9656 9609 8896 13030 9203 9795 False
[vector] 10109 7599 8847 10811 10185 8094 False
[vector] 9899 10996 10106 12295 8228 10220 False
[vector] 9394 11062 8952 13223 8219 9404 False
[vector] 10380 10041 9341 13014 9012 9746 False
[vector] 7964 10085 10066 11762 9701 8838 False
[vector] 9806 9360 9375 11644 8875 10943 False
[vector] 9240 10643 8233 11477 7617 10791 False
[vector] 10561 9711 8683 13131 8292 9852 False
[vector] 11862 10270 9724 11650 8155 8886 False
[vector] 10718 10393 8806 11208 7097 10798 False
[vector] 8198 8075 7325 10948 8802 11318 False
[vector] 8771 10428 9081 11926 9069 10391 False
[vector] 9520 10171 10720 11579 8756 9433 False
[vector] 9026 8799 8718 11113 10131 8454 False
[vector] 10713 9832 9839 12069 9442 9199 False
[vector] 10141 9091 8464 11455 9497 9756 False
[vector] 10161 9267 8649 11445 9566 9699 False
[vector] 9394 9846 8877 11932 9158 10533 False
[vector] 11698 10536 8139 11364 6885 9525 False
[vector] 11218 10185 10277 11485 8513 8996 False
[vector] 8916 9334 10146 11379 9336 10223 False
[vector] 12408 10170 8638 11631 7077 8328 False
[vector] 9194 9213 8674 11761 9969 8753 False
[vector] 11021 10728 11255 11523 8158 9627 False
[vector] 9313 9000 7876 11982 8381 11314 False
[vector] 11659 10478 9427 12139 7829 9149 False
[vector] 9071 9330 8480 12331 8439 11159 False
[vector] 8159 10016 8884 11079 9233 10522 False
[vector] 8826 8540 8824 11136 9990 9694 False
[vector] 8763 9886 9513 12417 9670 8749 False
[vector] 10094 8157 9098 11620 10032 7280 False
[vector] 10807 10192 8654 12785 8065 10091 False
[vector] 8830 9858 9386 12457 9359 9376 False
[vector] 9194 8948 9178 10797 9039 11074 False
[vector] 10127 9877 9909 12891 8189 9407 False
[vector] 8650 8838 9669 11780 9884 8136 False
[vector] 9356 8441 10026 10725 9731 8456 False
[vector] 10316 8011 9230 10608 9767 8919 False
[vector] 9688 9087 9519 11800 9831 8340 False
[vector] 10051 10597 10443 11354 8223 10590 False
[vector] 7903 9004 9490 10643 9980 9508 False
[vector] 9911 9976 9767 13087 9367 8334 False
[vector] 10772 10152 10453 11429 8169 9955 False
[vector] 10582 10220 8665 12354 8375 10441 False
[vector] 11450 10033 7994 11185 6656 10071 False
[vector] 8005 7969 7289 11052 8368 11399 False
[vector] 9498 9453 10354 12847 9035 7861 False
[vector] 8318 9355 9693 11283 9768 9684 False
[vector] 9388 8821 8730 12407 9913 9183 False
[vector] 9808 9210 10999 11914 8976 8881 False
[vector] 10914 9054 10335 12179 9210 8192 False
[vector] 12026 9808 7477 11226 7230 9411 False
[vector] 10264 8840 8613 11152 9909 9501 False
[vector] 8464 9110 8759 11445 10137 8370 False
[vector] 9224 10122 9523 12464 9397 9126 False
[vector] 9121 10488 8703 12355 8225 10808 False
[vector] 10279 10146 9102 12315 7962 10919 False
[vector] 8408 8960 9396 11292 10062 9059 False
[vector] 9827 8671 8736 11644 8646 10915 False
[vector] 7529 9271 9556 11339 10071 8343 False
[vector] 10173 10367 9787 12620 8301 10236 False
[vector] 10500 9518 9134 12470 7800 10448 False
[vector] 9054 9069 9884 11646 10054 8523 False
[vector] 12172 9261 7914 11186 7701 8591 False
[vector] 9720 8968 7110 10288 6538 11526 False
[vector] 11194 10023 10384 12582 7935 8095 False
[vector] 10018 10032 10923 11416 8307 9664 False
[vector] 10369 10368 8990 11566 7028 10829 False
[vector] 9464 10265 10722 11713 8650 8878 False
[vector] 10273 8934 8132 11149 9672 8966 False
[vector] 10607 9418 8440 12177 8307 10805 False
[vector] 9166 9135 9212 11113 9399 10625 False
[vector] 9912 9613 10648 11640 8887 9404 False
[vector] 11049 9951 9604 12473 8826 10022 False
[vector] 10697 9640 8328 11428 7373 10715 False
[vector] 7889 8842 9723 11341 9933 9411 False
[vector] 9398 10293 9967 12525 9336 9936 False
[vector] 10938 10923 9417 12064 7883 9784 False
[vector] 11636 9952 9698 11578 8150 9215 False
[vector] 9175 10344 9339 12951 9146 9863 False
[vector] 11279 10306 9740 12171 7811 10265 False
[vector] 8577 9249 8744 10827 9242 10690 False
[vector] 10517 9346 10589 11411 9197 9066 False
[vector] 10938 10001 8600 13313 9265 8766 False
[vector] 10949 9813 9272 12688 8592 9922 False
[vector] 11676 10530 9450 11654 7518 9055 False
[vector] 9887 9473 7938 11638 7123 11273 False
[vector] 11381 10837 9365 12234 7188 9056 False
[vector] 9900 9572 11198 11219 8411 9230 False
[vector] 11403 8883 10286 10828 8791 7263 False
[vector] 9943 8860 10481 11533 9212 9331 False
[vector] 10654 10435 8901 12781 8558 8956 False
[vector] 9399 9256 8675 12022 9624 9887 False
[vector] 10536 10683 10199 11669 7678 10203 False
[vector] 12238 9397 8682 10937 7485 8425 False
[vector] 10067 10857 8942 12852 8171 9412 False
[vector] 10215 9840 10596 11705 8872 9433 False
[vector] 9368 10373 9845 11882 8850 10430 False
[vector] 10135 9422 9195 11479 9563 9367 False
[vector] 10454 9965 9865 12503 8845 10188 False
[vector] 10354 9827 9533 12718 8611 10088 False
[vector] 10057 8731 9096 12062 9253 10162 False
[vector] 10415 9313 9153 12445 9316 9995 False
[vector] 9761 10853 9289 12908 8584 9826 False
[vector] 10390 10504 9283 12104 7980 10377 False
[vector] 10055 10600 10204 11152 8114 10234 False
[vector] 9518 10424 10617 11810 8964 9480 False
[vector] 9160 9135 9617 11425 8864 10614 False
[vector] 7857 8543 8894 11201 10416 8229 False
[vector] 9295 8435 9972 10716 9889 8582 False
[vector] 8925 8785 9624 11507 9493 10034 False
[vector] 9593 10636 9201 11524 8330 10514 False
[vector] 10966 11122 9341 12009 6970 9931 False
[vector] 9259 8583 9472 11604 10190 8066 False
[vector] 9760 9562 10140 11546 9389 9621 False
[vector] 10069 10217 10740 12120 8580 7908 False
[vector] 9206 10007 7122 11156 7019 11102 False
[vector] 10873 10328 9422 12536 7849 9925 False
[vector] 8256 9238 8549 11932 10222 7403 False
[vector] 10140 7864 8855 10666 10047 8233 False
[vector] 8468 8035 8800 10794 10514 8112 False
[vector] 11685 9605 9150 12036 9216 9737 False
[vector] 9604 10026 10559 12021 9367 9211 False
[vector] 8646 10177 7711 11603 7914 11072 False
[vector] 10496 10618 8723 12143 7972 10710 False
[vector] 9539 10922 9830 12237 8473 9278 False
[vector] 11261 9812 8608 12659 8933 9077 False
[vector] 10228 10258 9262 12613 8646 10557 False
[vector] 8767 9771 10130 12165 9676 8304 False
[vector] 9539 9786 9302 11760 9735 8822 False
[vector] 9948 9370 9389 11298 9194 10716 False
[vector] 9578 9867 8647 11453 8700 11078 False
[vector] 11551 9368 10254 11306 8594 9046 False
[vector] 10469 10009 9784 13029 8264 9449 False
[vector] 11171 9497 10655 12021 8256 8161 False
[vector] 9138 9063 9311 11608 9894 9442 False
[vector] 9280 9362 9098 12396 10077 8047 False
[vector] 11319 10191 10201 11920 8668 8413 False
[vector] 9241 8255 8848 11361 10208 8819 False
[vector] 11129 9987 10614 12370 9022 8858 False
[vector] 8456 8182 7995 10566 9890 10263 False
[vector] 9693 8261 9269 10828 9962 9360 False
[vector] 10361 9268 9734 13170 8287 9584 False
[vector] 10988 10127 9457 12980 8393 9097 False
[vector] 8226 8262 8058 10170 10166 9716 False
[vector] 10316 9305 8999 12562 9637 8670 False
[vector] 10470 10547 9431 11918 7894 10369 False
[vector] 9251 8813 7935 12125 9089 10599 False
[vector] 9972 10005 10580 12045 8584 9593 False
[vector] 10018 9532 7972 11891 8150 10870 False
[vector] 8292 7711 10026 10142 9775 9731 False
[vector] 9494 9621 9864 11215 9595 8479 False
[vector] 11068 10607 10572 12367 8617 9850 False
[vector] 9696 9645 9183 11744 9195 10316 False
[vector] 8843 9184 8678 11549 9322 10911 False
[vector] 11254 10573 9766 12419 7627 9027 False
[vector] 10481 9583 9439 12439 7779 10636 False
[vector] 9429 8536 8654 11184 9940 9396 False
[vector] 10252 9998 10420 12009 9170 9493 False
[vector] 7877 9642 9380 11399 9828 9599 False
[vector] 9875 11029 9004 12693 7621 9948 False
[vector] 10010 9465 9013 12712 9909 8430 False
[vector] 10083 9823 8553 12102 8782 10629 False
[vector] 8970 9633 9085 12302 8787 10572 False
[vector] 8912 9681 9792 11135 8588 10703 False
[vector] 10968 10469 10240 12582 8383 9750 False
[vector] 11203 8780 9575 11986 9464 8193 False
[vector] 10542 9797 10317 11731 9184 9712 False
[vector] 11032 9451 9100 12763 8064 10012 False
[vector] 10046 9505 7506 11214 7593 11338 False
[vector] 9993 9029 7231 11859 9436 10100 False
[vector] 9478 9298 7714 10637 6596 11371 False
[vector] 8845 9421 9370 12711 9677 8340 False
[vector] 10643 9250 10266 11352 9451 9419 False
[vector] 10357 8366 7894 11403 7995 10990 False
[vector] 10324 10782 9224 12532 7859 9550 False
[vector] 10367 9930 8356 12769 9429 9151 False
[vector] 9635 8457 8394 10809 10133 9561 False
[vector] 9465 9734 9143 12556 8886 10312 False
[vector] 8339 8432 7298 11196 8886 11169 False
[vector] 9690 10260 8634 12029 7805 10984 False
[vector] 9702 8957 9726 11918 8964 10420 False
[vector] 8564 9316 9616 11611 9680 9549 False
[vector] 10306 10759 9428 12855 8044 9650 False
[vector] 10309 9890 9588 13137 8728 8676 False
[vector] 11450 10176 9562 12492 8183 9483 False
[vector] 10314 8264 9127 10839 9975 8966 False
[vector] 10799 10320 10655 12436 8412 8291 False
[vector] 9517 9583 9873 11658 9494 9972 False
[vector] 10020 9831 8285 12761 8406 10309 False
[vector] 10638 11276 10666 12449 7875 9221 False
[vector] 10402 10047 8030 12724 8379 10216 False
[vector] 10748 10588 10009 12350 8565 9921 False
[vector] 10428 8096 8712 11116 9873 8067 False
[vector] 8059 9781 9527 11970 9867 8034 False
[vector] 8105 10302 9513 11792 9376 9286 False
[vector] 10378 9851 7867 12577 9183 9713 False
[vector] 11763 9598 10200 11459 8053 8229 False
[vector] 10157 10761 9152 12058 8542 8673 False
[vector] 11281 8863 8688 11778 9618 8484 False
[vector] 10329 10256 8797 13489 8959 8836 False
[vector] 8982 9627 7990 11965 8390 11060 False
[vector] 10319 8941 7787 11360 8750 10779 False
[vector] 10990 10475 8929 12292 7750 10220 False
[vector] 9042 8605 10681 10630 9678 8035 False
[vector] 8811 10992 10450 11445 8483 9407 False
[vector] 9619 9354 8193 11443 8540 10993 False
[vector] 8789 9339 9856 11031 9653 9845 False
[vector] 9412 9096 9135 11441 9311 10490 False
[vector] 10152 9764 10730 11013 8017 10199 False
[vector] 9935 10420 10610 11853 8809 9591 False
[vector] 8804 9202 8317 11677 10015 9351 False
[vector] 10493 10019 10133 12218 8933 10449 False
[vector] 9844 10768 10036 12217 8917 10281 False
[vector] 9579 9169 8468 12013 9501 10011 False
[vector] 10125 10260 8960 13118 9487 8996 False
[vector] 9809 10837 9580 13099 8356 9355 False
[vector] 10050 10407 9346 12981 7885 9932 False
[vector] 9675 9686 10196 11746 8904 10415 False
[vector] 11992 9573 9950 11688 7634 7523 False
[vector] 8996 9462 9390 12071 9849 9439 False
[vector] 10554 9888 10204 12873 8678 9645 False
[vector] 9794 10263 10553 12203 9079 9116 False
[vector] 8642 9471 9367 12218 9444 9728 False
[vector] 10605 9333 10720 11722 9092 7835 False
[vector] 10838 10810 9897 11601 7631 9831 False
[vector] 12069 9069 9244 11342 8429 8341 False
[vector] 10932 10511 10434 11546 7678 10089 False
[vector] 7888 8987 8462 10962 9650 10375 False
[vector] 9741 9069 8794 11433 8243 11184 False
[vector] 8292 8781 8975 11379 10114 8938 False
[vector] 10284 9328 9792 11873 9801 8925 False
[vector] 10615 10750 10937 11888 8196 9287 False
[vector] 10318 11257 10103 12432 7823 9292 False
[vector] 9918 10137 9426 12078 9291 9402 False
[vector] 10878 10980 9884 12548 7819 9627 False
[vector] 9907 9639 9865 13252 8864 8898 False
[vector] 9506 9539 10972 10794 8006 9870 False
[vector] 9731 9553 9790 11720 9626 9173 False
[vector] 9155 9245 8853 12753 9734 8493 False
[vector] 11142 10370 9398 13090 8457 9494 False
[vector] 10835 9452 8645 11655 7817 10830 False
[vector] 9910 10435 9739 12600 8923 9597 False
[vector] 8264 7619 8229 10445 10478 8518 False
[vector] 8822 8119 7835 11278 9857 10125 False
[vector] 10536 10513 8908 13308 8360 9488 False
[vector] 10698 10641 10295 12164 7734 9454 False
[vector] 11394 10105 9775 12615 8355 9437 False
[vector] 11868 9694 9411 11134 8043 8168 False
[vector] 11169 10914 9638 11520 7296 9668 False
[vector] 9763 10627 9424 12522 9191 10125 False
[vector] 9665 9372 9756 11726 9189 10418 False
[vector] 9750 10932 9778 13100 8830 9264 False
[vector] 8905 9487 9434 11954 9715 8752 False
[vector] 10461 9656 9705 12036 9458 9556 False
[vector] 9717 10398 10317 12582 8932 8170 False
[vector] 10733 10972 10127 12657 8041 8417 False
[vector] 9754 8602 9370 12338 9570 8806 False
[vector] 11400 10499 9856 11269 7625 9915 False
[vector] 9810 8257 9390 11295 9804 8672 False
[vector] 10237 9272 9948 11717 9489 9079 False
[vector] 10568 9306 9372 12662 9028 10041 False
[vector] 10500 10208 10623 11879 8210 9501 False
[vector] 9126 9099 8925 12399 9407 10104 False
[vector] 9229 8479 8076 11174 10171 9221 False
[vector] 9764 10238 8120 11552 7142 10967 False
[vector] 10785 9044 10964 11007 8722 7868 False
[vector] 11306 9534 10322 11465 8708 8680 False
[vector] 10893 10363 9471 12391 8918 8822 False
[vector] 11539 8893 7909 11687 8289 9956 False
[vector] 10864 10066 10591 12856 8472 9227 False
[vector] 10093 9570 10328 12403 9360 8197 False
[vector] 9853 8885 8544 11940 9047 10573 False
[vector] 10726 10140 9596 13127 9158 9711 False
[vector] 9634 8937 9177 10713 9855 9446 False
[vector] 9734 10023 10721 11236 8828 9294 False
[vector] 10555 9611 9726 13240 8667 9180 False
[vector] 8993 10159 8814 12863 8466 10506 False
[vector] 9466 9527 9710 12180 9530 9637 False
[vector] 9910 8395 9722 11080 10038 8772 False
[vector] 10079 9953 9792 11435 8894 10523 False
[vector] 10134 9963 10676 12540 8640 8844 False
[vector] 8641 7977 8082 10395 10384 8841 False
[vector] 12104 9940 9120 11301 8097 9041 False
[vector] 8975 9776 7462 12006 7298 11027 False
[vector] 10598 9037 9892 11663 9864 8633 False
[vector] 9378 9805 8788 11804 9444 10512 False
[vector] 12484 9358 8605 11265 7397 8290 False
[vector] 11250 9315 9284 12682 8883 9521 False
[vector] 9886 9146 7525 11097 8084 11204 False
[vector] 11710 10758 9404 12310 7612 9000 False
[vector] 10896 9298 9463 12664 7997 9761 False
[vector] 10663 9024 9366 11957 9549 9089 False
[vector] 12019 8903 9562 11708 7503 7236 False
[vector] 10361 9457 8517 11849 8395 10940 False
[vector] 10477 9961 10486 12694 8666 9144 False
[vector] 10901 9588 9413 11406 7601 10664 False
[vector] 8891 9645 9003 12040 9888 8590 False
[vector] 8321 7958 7519 10378 10332 8912 False
[vector] 9181 8314 8194 11280 10279 9436 False
[vector] 10291 10625 11340 11207 8326 9244 False
[vector] 8848 9865 9664 11914 9564 9375 False
[vector] 10927 11002 9906 12256 8129 9222 False
[vector] 10116 10543 10114 12732 7669 9766 False
[vector] 9181 9873 9852 12771 9535 7951 False
[vector] 9441 9739 10993 11152 8971 8944 False
[vector] 10189 10922 10207 12359 8446 9696 False
[vector] 10975 10667 9004 12661 7835 9266 False
[vector] 10014 10657 10393 12744 8852 9228 False
[vector] 7993 9245 9372 11067 9844 9934 False
[vector] 10558 11391 9004 11691 6303 8726 False
[vector] 9716 10474 8442 12325 8206 10642 False
[vector] 10142 10374 9706 13161 8961 9235 False
[vector] 10894 9922 9797 12695 8247 9601 False
[vector] 9892 8789 9437 11699 9941 7747 False
[vector] 11042 9945 9921 12083 9257 8593 False
[vector] 9811 7820 9449 10855 9958 9023 False
[vector] 10558 9838 10406 11859 8898 9733 False
[vector] 9595 9750 8989 12487 9691 9305 False
[vector] 9723 10689 10926 11077 8308 9653 False
[vector] 9827 10797 10014 12721 8977 10210 False
[vector] 9718 7988 9172 11450 9905 8040 False
[vector] 9381 9354 10001 12536 9372 8340 False
[vector] 10426 9277 8421 10654 7290 10928 False
[vector] 10327 9792 8262 12623 8980 10223 False
[vector] 9405 7842 9131 11220 9996 8683 False
[vector] 9530 8892 10560 11077 8786 10159 False
[vector] 10233 9128 8628 12357 8636 10638 False
[vector] 8292 9357 9404 11624 10046 8724 False
[vector] 7726 8079 8080 10250 10058 9880 False
[vector] 9158 9347 10123 12210 9856 8017 False
[vector] 9358 9750 11089 10726 8311 9424 False
[vector] 9938 10135 9218 12189 8733 10551 False
[vector] 9249 9510 8587 13383 8395 9781 False
[vector] 11370 10690 9464 11804 7790 8815 False
[vector] 8922 8658 8625 11530 10006 8710 False
[vector] 9099 9517 9213 11553 9803 9557 False
[vector] 9983 11153 9332 11255 6717 10121 False
[vector] 8625 9176 9144 10927 9933 10195 False
[vector] 9219 8850 8573 11327 8468 11168 False
[vector] 11135 9185 9911 11232 9266 8461 False
[vector] 8482 9444 8012 12045 8282 11224 False
[vector] 10627 10230 9897 11858 9039 9468 False
[vector] 10489 10838 10196 12140 8120 9649 False
[vector] 9809 8900 10045 11037 9311 10221 False
[vector] 10801 9881 8208 11727 8834 9959 False
[vector] 9287 8645 9761 11300 10233 9213 False
[vector] 9071 9713 9360 10711 9058 10768 False
[vector] 9777 6953 9354 9736 10085 8210 False
[vector] 10028 10780 10236 12454 8317 8520 False
[vector] 7946 10078 9788 12305 9496 8839 False
[vector] 9171 9234 9427 11624 9995 8382 False
[vector] 9849 9464 11414 10556 8725 9237 False
[vector] 11939 9519 8574 11543 6793 9127 False
[vector] 9822 9557 9924 11492 9271 9954 False
[vector] 10365 10709 9661 12974 8304 8955 False
[vector] 9630 10100 9841 12099 9359 9466 False
[vector] 10099 9546 10898 11991 8379 7920 False
[vector] 8697 8686 8636 11099 10316 9060 False
[vector] 8638 7776 8556 9882 9883 10126 False
[vector] 11567 9652 8594 12509 8661 9317 False
[vector] 9398 9053 8816 11865 10073 8561 False
[vector] 9751 10260 8688 11563 8467 11033 False
[vector] 9409 9216 9286 12433 9751 8681 False
[vector] 10178 9238 8671 10941 9506 9770 False
[vector] 9807 9153 9942 11268 9519 10268 False
[vector] 9388 8090 8343 11613 8343 10989 False
[vector] 11683 9995 8682 12516 8468 8784 False
[vector] 9997 10221 8611 11891 8379 10898 False
[vector] 9089 8702 9380 11220 9858 9307 False
[vector] 11164 9713 9342 12471 8480 9790 False
[vector] 10456 9681 10044 11909 8350 10542 False
[vector] 10551 10833 9980 12086 8002 9982 False
[vector] 10343 9611 10915 11714 8586 8756 False
[vector] 10586 10107 9079 12177 8536 10833 False
[vector] 10083 11217 9691 11912 7665 9989 False
[vector] 11005 10442 9049 11442 7417 10137 False
[vector] 9901 8450 10989 11063 8985 8749 False
[vector] 9789 10655 10403 12467 8774 8772 False
[vector] 9341 9197 8509 10542 7071 11238 False
[vector] 11841 9935 10238 11265 8318 8555 False
[vector] 9646 9437 10061 11695 9168 10606 False
[vector] 9938 8496 9194 10745 9956 8700 False
[vector] 8562 8759 10880 10269 9395 8904 False
[vector] 10981 10164 9886 12004 8744 10611 False
[vector] 10758 9735 9024 12836 8518 9450 False
[vector] 7880 9069 8623 11762 10095 8163 False
[vector] 10002 9357 9859 12547 9385 7946 False
[vector] 9800 8458 10086 10923 9690 8456 False
[vector] 9578 9968 9579 12230 9396 9758 False
[vector] 10840 8707 9288 11314 9806 8788 False
[vector] 9887 10623 10179 12804 8587 8045 False
[vector] 10261 9345 9395 12800 8454 10127 False
[vector] 9849 10229 9366 12733 9594 9856 False
[vector] 8959 9373 10423 11438 9888 9327 False
[vector] 10168 8837 8047 12146 8004 10879 False
[vector] 11293 10695 9908 12773 8037 8752 False
[vector] 11471 10134 9678 12330 8361 9729 False
[vector] 10966 10200 8524 13258 8352 8913 False
[vector] 10228 10645 10832 11726 8390 9204 False
[vector] 11217 10173 8733 12218 7918 10075 False
[vector] 10537 8919 8699 11332 9497 9642 False
[vector] 9230 9502 8574 12125 9318 10627 False
[vector] 12184 9711 9854 11650 7389 7727 False
[vector] 9121 8304 8625 11478 8703 11010 False
[vector] 10473 10835 9260 12487 8133 9752 False
[vector] 11362 10608 9442 12729 7782 10003 False
[vector] 8859 9235 10091 11653 9654 9227 False
[vector] 9352 8635 9037 11740 9973 8729 False
[vector] 11093 10538 9879 11407 7051 10001 False
[vector] 10425 9537 8850 12344 9634 8235 False
[vector] 10117 10847 10122 12397 8505 10422 False
[vector] 9816 8890 9648 11858 9775 9053 False
[vector] 11150 9404 9553 12094 9093 9729 False
[vector] 11183 10162 9368 12113 8932 9041 False
[vector] 10253 10371 8826 12226 9164 9564 False
[vector] 10445 10636 9336 12542 9046 9605 False
[vector] 9493 9989 9428 12733 9502 9132 False
[vector] 8766 10158 9828 12546 9317 8826 False
[vector] 10607 10669 8192 12670 7180 9221 False
[vector] 11838 9320 9359 11499 8241 8748 False
[vector] 9852 10001 9403 12063 8813 10806 False
[vector] 9996 10037 9681 12811 9326 9328 False
[vector] 8648 9188 8542 11877 9181 10690 False
[vector] 10391 9962 8852 12822 8766 10308 False
[vector] 9780 8704 9955 11191 9835 8599 False
[vector] 10979 10554 9418 12484 7996 9658 False
[vector] 10850 9793 9770 12229 7976 9992 False
[vector] 10090 9401 10220 11971 9122 9540 False
[vector] 9667 9734 8905 11468 8126 11050 False
[vector] 10643 10940 9472 12028 7661 10324 False
[vector] 11304 9787 10219 11696 8916 8727 False
[vector] 9516 8979 9340 11547 9813 8635 False
[vector] 10225 10398 9292 12903 9721 9096 False
[vector] 9320 8657 9872 10924 9887 9305 False
[vector] 9332 9284 8802 11982 9935 9260 False
[vector] 9033 9047 9360 12263 9624 9441 False
[vector] 8822 8633 8166 10889 10288 9564 False
[vector] 11647 9688 9604 12406 8857 8153 False
[vector] 12101 9297 8673 11762 8272 8308 False
[vector] 9549 8964 9507 11701 9252 10374 False
[vector] 9346 8731 9154 11002 9879 9560 False
[vector] 10528 9491 8668 11793 7243 10916 False
[vector] 9698 10135 10861 11095 8594 9513 False
[vector] 9219 9376 10936 11168 9073 9276 False
[vector] 10626 8670 9879 11887 9344 7856 False
[vector] 8772 8128 8683 10875 10450 8399 False
[vector] 10471 8724 7763 11565 9590 9265 False
[vector] 10432 10424 9814 12837 8489 9447 False
[vector] 10721 10590 8712 12574 7662 10360 False
[vector] 10819 10031 9770 12273 8628 10178 False
[vector] 9777 9344 9550 11803 9684 9168 False
[vector] 10355 9325 8138 12016 9504 9779 False
[vector] 10223 10897 9920 11809 8326 8507 False
[vector] 9074 10168 10370 11844 9466 9893 False
[vector] 9134 9808 7030 11582 7768 11092 False
[vector] 9923 6995 9134 10035 9988 8703 False
[vector] 11451 9230 9922 11521 8360 8946 False
[vector] 10811 10195 8415 12583 7956 9735 False
[vector] 10342 10610 9691 12715 8603 9581 False
[vector] 9432 10740 9207 12894 8769 10432 False
[vector] 11221 8787 9853 11443 9669 8192 False
[vector] 10018 9900 9287 11600 7539 10866 False
[vector] 8865 9647 9074 12171 9859 8922 False
[vector] 10382 10270 8967 13198 8296 9091 False
[vector] 9439 9025 9678 11898 9586 9781 False
[vector] 11804 10867 9706 11384 6839 9302 False
[vector] 11753 10368 10443 11500 7717 8900 False
[vector] 12638 8747 7951 10803 6158 7003 False
[vector] 10088 9654 10117 12202 9330 9587 False
[vector] 10344 10437 9683 12526 8594 10678 False
[vector] 9319 9719 9395 12102 9798 10165 False
[vector] 9314 9277 8524 12525 9730 9261 False
[vector] 10233 9719 8592 13129 9323 10132 False
[vector] 10748 10231 10196 12943 9058 9241 False
[vector] 10612 9042 10050 11619 9363 8262 False
[vector] 9026 8712 8591 10985 9827 9631 False
[vector] 9767 9283 8602 11729 8644 10842 False
[vector] 9870 8576 8476 11145 9871 9751 False
[vector] 9193 8919 8412 12033 10204 8808 False
[vector] 9273 9490 10288 12162 9539 8210 False
[vector] 10269 9698 10889 11885 8417 8297 False
[vector] 10783 9394 9056 11467 9366 9649 False
[vector] 9973 8638 8895 11751 9986 8335 False
[vector] 11203 9259 9440 12526 8571 9675 False
[vector] 9582 10532 10869 11427 8578 9178 False
[vector] 8664 9038 8573 11361 8275 11087 False
[vector] 10320 11084 10095 12243 7814 10389 False
[vector] 9715 10954 9225 12229 7928 10527 False
[vector] 9736 8633 7363 11916 9813 9531 False
[vector] 11533 9762 9969 11925 8497 8021 False
[vector] 10775 9849 9770 12879 7992 9689 False
[vector] 9958 8270 8294 11350 10054 8370 False
[vector] 10085 10122 8866 12972 9038 10068 False
[vector] 10391 10359 10544 12483 8263 9413 False
[vector] 8385 8464 8289 11381 9025 10978 False
[vector] 12090 9376 9162 11954 8518 7746 False
[vector] 10787 10726 9480 12325 7446 10194 False
[vector] 10042 9021 9508 11946 9536 9483 False
[vector] 10955 10115 9346 13356 8739 9005 False
[vector] 10439 10133 9144 12734 8760 9874 False
[vector] 9616 10653 9489 13079 9415 9166 False
[vector] 9864 7396 10040 10099 9958 7449 False
[vector] 9022 8796 8957 11315 10240 8810 False
[vector] 8074 9099 8402 11361 10183 8968 False
[vector] 8265 9011 9649 11511 10060 8651 False
[vector] 10336 9195 8619 13205 9045 7668 False
[vector] 10549 11059 9845 12472 7395 9683 False
[vector] 9403 10281 10452 11858 9281 9287 False
[vector] 10604 10818 9330 11674 7251 10599 False
[vector] 8961 9120 10526 11207 9680 9280 False
[vector] 11582 10421 9148 12580 8291 8753 False
[vector] 9274 8950 10115 11878 9872 8352 False
[vector] 7760 9544 10085 12251 9556 8215 False
[vector] 10442 9659 9985 11946 8950 9612 False
[vector] 10032 9778 8822 13200 9330 9035 False
[vector] 9042 9443 7709 12186 7680 10946 False
[vector] 9756 10411 8418 13331 8516 8922 False
[vector] 10746 8826 9775 11731 9559 9079 False
[vector] 9836 10534 9720 13311 9233 8995 False
[vector] 11359 10831 10676 12524 7821 8586 False
[vector] 8948 8473 8821 10662 9170 11067 False
[vector] 10955 11037 10163 12107 7357 10023 False
[vector] 9273 9372 9495 11575 9613 9215 False
[vector] 9516 10515 9157 13294 9181 9066 False
[vector] 10806 9072 9829 11218 9451 9067 False
[vector] 10567 9185 9381 12650 8182 10367 False
[vector] 8288 8297 9572 11878 9738 8490 False
[vector] 10794 9784 9465 12910 8013 9501 False
[vector] 10459 9992 8479 12272 8909 9869 False
[vector] 8574 10367 9087 11719 9021 10698 False
[vector] 9895 10439 9522 13310 8759 9086 False
[vector] 10771 10134 8539 12790 8784 9192 False
[vector] 9094 10239 9089 11272 8737 10702 False
[vector] 8468 8699 9522 11209 9845 9701 False
[vector] 10362 9012 8756 11608 9652 9623 False
[vector] 9688 8982 7915 11829 9878 9888 False
[vector] 10693 10617 9178 13251 8219 9892 False
[vector] 9454 8820 10891 11080 9283 8538 False
[vector] 10387 8740 8617 12357 9845 7982 False
[vector] 10865 10626 8990 13322 8175 8882 False
[vector] 9409 10214 9478 12333 9090 10498 False
[vector] 10662 10629 10254 12732 8655 9510 False
[vector] 9052 9910 11103 10876 8583 9184 False
[vector] 11554 9772 9403 12209 8307 9116 False
[vector] 11756 10016 9548 12342 7911 9723 False
[vector] 10576 9894 8893 12583 8045 10115 False
[vector] 10546 8772 8288 12129 9841 8750 False
[vector] 9584 8161 9212 10523 10143 8583 False
[vector] 9526 9314 8581 11581 10023 10065 False
[vector] 9169 8600 10971 10978 9361 8413 False
[vector] 11071 10386 9774 11255 7810 10521 False
[vector] 10219 9986 10309 12385 9516 9401 False
[vector] 11201 9649 8972 13006 7823 8722 False
[vector] 11447 10555 9700 11425 7937 9761 False
[vector] 10203 10449 10064 12608 8908 10153 False
[vector] 9217 9474 8907 11358 8718 11008 False
[vector] 10264 10533 10692 11867 8624 8985 False
[vector] 10600 8784 9995 11432 9656 8586 False
[vector] 11955 9736 10104 11421 7808 8433 False
[vector] 8641 9616 8106 11839 9161 10692 False
[vector] 8952 8467 9017 10995 9841 9810 False
[vector] 11520 9184 8604 12278 7912 9823 False
[vector] 9542 8668 8959 10868 9956 8814 False
[vector] 8989 8820 10005 10796 9490 10234 False
[vector] 9895 10495 8178 13153 8240 9845 False
[vector] 12015 9723 8299 11324 7617 9503 False
[vector] 9073 9239 9564 11356 9881 8453 False
[vector] 8671 9617 9295 12572 9771 8117 False
[vector] 9364 9723 8238 11103 6750 11172 False
[vector] 9813 10930 10808 11501 8172 10079 False
[vector] 10478 10648 9447 12166 8700 9697 False
[vector] 8949 9365 10691 11481 9669 8167 False
[vector] 9001 9345 9070 11097 10060 9435 False
[vector] 11120 9595 9161 12629 9258 8629 False
[vector] 11079 10692 9750 12269 8230 9758 False
[vector] 10318 11331 10076 11560 7109 9524 False
[vector] 11076 10077 8871 12503 8153 9951 False
[vector] 9721 9380 9863 11076 9728 8685 False
[vector] 12102 10330 8652 11781 7349 8088 False
[vector] 11492 8985 8680 12333 8825 9676 False
[vector] 9137 9591 8904 11721 9818 9376 False
[vector] 11925 10344 8986 11937 6967 9807 False
[vector] 9700 9882 10964 10864 8386 9466 False
[vector] 10061 9152 10085 11920 9386 9731 False
[vector] 11385 10532 9736 12119 7958 9998 False
[vector] 9885 10647 11022 11572 8364 8904 False
[vector] 12119 10444 9398 11824 6823 8327 False
[vector] 10796 10646 9268 11833 7801 10063 False
[vector] 11220 9932 10380 11254 8305 8949 False
[vector] 12020 9772 9874 11633 6721 7670 False
[vector] 9508 9461 10086 12804 9254 9021 False
[vector] 10430 8903 9903 11048 9324 9827 False
[vector] 10418 8821 10559 11245 9322 8444 False
[vector] 10978 11118 10216 12333 8053 9727 False
[vector] 9849 10818 10668 11642 8406 9860 False
[vector] 9625 9559 9381 11952 9526 10405 False
[vector] 9132 9330 8431 11669 9575 10505 False
[vector] 10660 8860 8830 11767 9605 8878 False
[vector] 9847 9717 11311 10787 8933 9284 False
[vector] 11076 9860 9347 12212 8910 9807 False
[vector] 11253 10500 9109 12504 7867 8809 False
[vector] 10082 8732 7721 12225 9485 10199 False
[vector] 10659 9918 10017 11755 7659 10509 False
[vector] 9522 8094 10209 11048 9704 9022 False
[vector] 10240 10034 10034 12800 8683 10155 False
[vector] 8910 9196 8726 11445 10115 8119 False
[vector] 11037 9957 9436 12750 9312 9242 False
[vector] 10842 8454 9391 11083 9598 8741 False
[vector] 10442 10574 9897 12595 8451 9901 False
[vector] 11842 9590 9922 12780 8566 8528 False
[vector] 10416 9443 9331 12347 9871 8770 False
[vector] 8618 9090 8377 11278 9482 10758 False
[vector] 12042 9053 7911 11344 7486 9216 False
[vector] 9867 9694 8819 12037 9650 9759 False
[vector] 9253 8924 9041 11647 8432 11022 False
[vector] 10134 10354 8479 13115 9250 8461 False
[vector] 8869 9351 7779 10938 8434 11112 False
[vector] 9437 9650 9200 11423 9025 10630 False
[vector] 8968 10032 10946 10779 8762 9130 False
[vector] 8254 9438 8736 11481 9574 10379 False
[vector] 8971 8999 8550 11223 8849 11001 False
[vector] 10626 9411 9300 12570 8237 10117 False
[vector] 10722 9994 9883 12447 8514 9743 False
[vector] 10758 10360 9135 11102 6659 10598 False
[vector] 12309 9498 9114 11440 6975 7671 False
[vector] 10137 10254 9128 12841 9001 9776 False
[vector] 8708 8275 8297 10727 8693 11289 False
[vector] 10788 9544 9416 12301 8353 10550 False
[vector] 10956 9443 8256 11819 8376 10774 False
[vector] 9145 9034 8620 12430 9428 9916 False
[vector] 9634 10177 9544 13018 8586 10149 False
[vector] 8080 9688 10058 11430 9717 9173 False
[vector] 9346 8912 8631 12250 9916 8854 False
[vector] 10837 9825 9631 12206 9585 8796 False
[vector] 9653 9470 10677 11928 9472 8882 False
[vector] 9733 9182 9977 11084 9358 9786 False
[vector] 9899 8703 10886 11294 9193 8796 False
[vector] 8525 9953 8724 11791 9200 10384 False
[vector] 9701 9744 9398 12255 9791 8073 False
[vector] 10025 10578 9904 12552 8606 9790 False
[vector] 9458 8960 9373 11929 9607 9593 False
[vector] 9563 8676 9355 11685 10126 8353 False
[vector] 10645 9418 9081 12576 9452 8064 False
[vector] 11050 9266 9221 12309 8859 9629 False
[vector] 12419 10091 8149 11439 6831 8890 False
[vector] 11899 10563 9167 11592 7005 8498 False
[vector] 8543 9387 10373 11846 9707 7827 False
[vector] 10602 10093 11058 11433 8236 9554 False
[vector] 9601 10494 9308 12791 9075 9692 False
[vector] 8678 8517 8700 11748 8980 10702 False
[vector] 9129 8657 8597 10586 8407 11315 False
[vector] 10061 10769 9278 12689 8258 9779 False
[vector] 10208 9898 8685 12997 9433 8383 False
[vector] 12008 9042 8546 11239 8500 8182 False
[vector] 8795 9065 9501 11454 9868 9142 False
[vector] 8790 9260 9250 12286 9139 10174 False
[vector] 11190 9564 9794 13104 8210 8814 False
[vector] 10454 10373 9042 13132 9302 8390 False
[vector] 11193 10704 9798 11960 7408 10534 False
[vector] 10282 10190 9765 11281 8203 10490 False
[vector] 10875 9987 10102 12664 8226 9789 False
[vector] 11670 10563 8605 12041 7442 9057 False
[vector] 9634 9296 9087 12542 9782 9190 False
[vector] 10979 10390 9751 12390 8137 10312 False
[vector] 8161 9542 9088 11724 10056 8207 False
[vector] 11932 9812 9810 12031 7632 8438 False
[vector] 10286 8564 9648 11250 10165 8012 False
[vector] 10522 10521 10432 12367 7631 10106 False
[vector] 11383 10184 10264 12807 8601 8875 False
[vector] 10123 10407 9067 11238 7116 10964 False
[vector] 10911 8890 9799 11989 9266 7981 False
[vector] 8341 9610 9445 10395 9226 10385 False
[vector] 10257 8754 7846 11503 9458 10064 False
[vector] 8784 9129 9322 11462 10189 8299 False
[vector] 9609 8383 9112 10731 10141 9306 False
[vector] 9670 10407 8842 12747 8820 10943 False
[vector] 11203 10823 9403 11281 7309 9241 False
[vector] 10839 10858 9742 12194 7409 9902 False
[vector] 10188 9063 9288 12245 9439 9976 False
[vector] 10540 10400 9322 13131 8521 9880 False
[vector] 9837 10283 10396 11784 8952 10368 False
[vector] 7380 8014 9550 10510 9950 9485 False
[vector] 10006 9722 10950 10714 8114 9706 False
[vector] 9587 9517 9512 10972 9113 10651 False
[vector] 9800 9989 10198 12626 9294 8413 False
[vector] 9306 8779 8928 12079 7910 10968 False
[vector] 10557 8693 7799 11937 9595 9312 False
[vector] 8982 9899 10152 11999 9567 9261 False
[vector] 10038 9971 10057 13435 9050 8712 False
[vector] 11044 11254 10984 12084 7837 9561 False
[vector] 8274 8141 6717 10985 8254 11410 False
[vector] 10760 9805 9851 12353 8573 10428 False
[vector] 9064 8938 7405 11499 8823 11081 False
[vector] 11043 10413 10240 11932 8367 10053 False
[vector] 9860 10809 10125 12345 8631 10302 False
[vector] 9903 9112 9059 12176 9882 7606 False
[vector] 9450 9315 8280 11976 9827 9377 False
[vector] 10438 9464 9985 11268 9300 8420 False
[vector] 10883 10001 10286 12887 8493 9039 False
[vector] 9756 10406 10476 12619 8720 9779 False
[vector] 10581 10364 10135 12420 8577 9667 False
[vector] 11625 10031 10187 11770 8396 8653 False
[vector] 10757 10325 9715 12940 8821 8706 False
[vector] 9335 8296 9312 11583 9694 9559 False
[vector] 10060 9297 8824 11541 9103 10695 False
[vector] 11187 10782 9314 11153 7595 9220 False
[vector] 9959 9674 9368 11680 7484 11116 False
[vector] 10572 9989 9662 11003 8217 10709 False
[vector] 9328 10337 9558 13168 8858 9909 False
[vector] 8694 10188 9981 12078 9533 9221 False
[vector] 10442 10748 10023 12500 8837 9681 False
[vector] 9806 9463 10896 12145 9184 8928 False
[vector] 10849 10487 9310 12374 8064 9695 False
[vector] 9853 8885 8441 11744 9521 9870 False
[vector] 9671 8604 9898 10886 10016 7822 False
[vector] 9149 9455 9609 12288 9561 9485 False
[vector] 8668 7880 9952 10312 9902 8971 False
[vector] 10161 9207 9063 13015 8220 10027 False
[vector] 12108 9189 8679 11095 7270 9050 False
[vector] 9805 11176 9113 11480 6994 10437 False
[vector] 11305 9956 9263 11521 6815 10051 False
[vector] 12051 9254 9020 11600 8108 8021 False
[vector] 10783 10839 9066 12502 7285 9802 False
[vector] 8748 9902 9352 11365 9390 10457 False
[vector] 9332 8894 8570 10432 7716 11282 False
[vector] 10448 9961 10059 12614 9097 8695 False
[vector] 10071 10199 8097 11414 7716 10881 False
[vector] 10367 8992 10071 11770 9114 9971 False
[vector] 8046 8285 9585 11903 9872 7085 False
[vector] 10050 11132 9969 12534 8320 9930 False
[vector] 10743 9161 9997 11940 9241 9211 False
[vector] 9500 10648 8772 11791 8050 10732 False
[vector] 10964 10582 9826 12759 8222 9358 False
[vector] 12160 10384 9398 12457 7125 9110 False
[vector] 9302 6992 9276 10024 9975 9097 False
[vector] 10564 10250 9389 12377 9103 9428 False
[vector] 10669 10663 9351 12717 8248 9680 False
[vector] 9252 11010 8969 12436 8341 9883 False
[vector] 10049 9288 9380 11353 9643 9622 False
[vector] 9352 9143 8137 11520 10084 9255 False
[vector] 9056 8816 9987 11415 9846 8476 False
[vector] 10415 10780 9556 12451 7980 9585 False
[vector] 10078 10204 9116 12962 9175 9150 False
[vector] 9749 10091 9034 12948 9360 9756 False
[vector] 8139 8503 8263 10857 9587 10410 False
[vector] 9383 9552 8827 12049 9730 9241 False
[vector] 10155 10069 9352 12583 9322 10096 False
[vector] 9385 10861 9890 12050 8310 10209 False
[vector] 8809 9683 9387 11444 9903 8439 False
[vector] 9841 10482 8576 10814 7533 10943 False
[vector] 10297 10558 10366 11682 8135 10455 False
[vector] 10252 9135 8409 12363 9851 8585 False
[vector] 8871 9137 9170 11451 9371 10763 False
[vector] 10321 10390 9911 12008 9311 9228 False
[vector] 10676 10329 8967 11428 7602 10743 False
[vector] 9726 9565 9305 12387 9681 9822 False
[vector] 10243 11027 9816 12684 8276 9993 False
[vector] 9523 10268 8911 11910 9332 9181 False
[vector] 11475 10754 9624 11370 7024 9908 False
[vector] 11869 10134 10162 11210 7405 8702 False
[vector] 9898 8263 10135 11218 9831 8262 False
[vector] 9430 10913 9215 13083 8778 9335 False
[vector] 11447 10781 10090 12047 7581 9440 False
[vector] 10529 9815 9089 12908 9436 7729 False
[vector] 10418 9190 9434 12116 9663 8723 False
[vector] 10406 10099 10321 12805 8983 9199 False
[vector] 11776 10894 10172 12061 7396 8834 False
[vector] 9629 10027 9184 12184 9599 9248 False
[vector] 12043 9922 8223 11269 6704 9650 False
[vector] 9029 11386 9266 11111 7022 9015 False
[vector] 10307 10143 9485 13368 8936 8723 False
[vector] 10337 11100 9486 12178 7933 10084 False
[vector] 10094 10216 8385 12969 8801 9533 False
[vector] 9865 8982 9559 12717 9335 8716 False
[vector] 8904 9193 9172 12226 9950 8807 False
[vector] 10392 10278 9418 11718 8587 10676 False
[vector] 9975 11167 9336 12478 7855 10048 False
[vector] 9717 9716 9206 11150 7463 10895 False
[vector] 10546 9874 10020 12650 8411 10395 False
[vector] 9099 10070 10653 11372 9285 9660 False
[vector] 9235 10968 10140 12494 8529 8553 False
[vector] 10009 10391 10575 12037 8970 10073 False
[vector] 10180 9273 8741 11925 9158 10692 False
[vector] 8984 9541 8651 11797 9406 10762 False
[vector] 11167 10923 9979 11615 7446 9225 False
[vector] 9718 9247 8685 11579 8061 10980 False
[vector] 8789 9405 7989 11907 8856 11138 False
[vector] 9606 9671 8500 12295 9445 9867 False
[vector] 10337 9663 9913 11899 9315 9959 False
[vector] 10615 9490 9789 12762 8483 9555 False
[vector] 12091 10245 9474 11879 7736 8180 False
[vector] 11279 9627 8832 12401 9254 9397 False
[vector] 9503 9902 8014 11397 8235 11196 False
[vector] 9509 10590 9292 11912 8525 10878 False
[vector] 9814 9339 8343 11689 9430 9985 False
[vector] 9764 8990 8656 12577 10040 8423 False
[vector] 8940 10304 8927 12431 8988 10560 False
[vector] 10914 9710 10727 12031 8170 9297 False
[vector] 9807 10150 9857 11617 9218 9481 False
[vector] 9177 8708 10125 11143 9885 8897 False
[vector] 9100 8256 8900 11063 9536 10256 False
[vector] 9881 10503 9702 12212 7511 10463 False
[vector] 11825 10178 9067 11384 6610 9274 False
[vector] 9795 10518 9544 12134 7999 10543 False
[vector] 8466 9144 9576 11351 9463 10130 False
[vector] 10863 10211 9330 12477 8189 10191 False
[vector] 10315 9978 10928 11490 9106 9533 False
[vector] 9528 8506 9192 11566 9909 8717 False
[vector] 10739 8287 8360 11253 9588 9175 False
[vector] 10715 9628 10121 12547 8717 9655 False
[vector] 9613 8740 8905 11941 8484 10882 False
[vector] 8931 9016 9130 10777 9661 10435 False
[vector] 12167 9597 9108 11607 7915 7488 False
[vector] 10323 11351 8592 11171 6145 9423 False
[vector] 10067 10693 9275 12758 8312 10066 False
[vector] 10275 10524 10149 12570 8849 9427 False
[vector] 9775 9425 8601 12192 9751 9127 False
[vector] 10572 11140 9898 12698 8091 9387 False
[vector] 10514 9738 8671 12847 9161 8623 False
[vector] 12132 10139 9044 11246 7184 9188 False
[vector] 11683 9831 9015 12422 8609 9438 False
[vector] 10039 9720 10733 11908 8769 10085 False
[vector] 10565 10323 10046 12292 8863 9646 False
[vector] 10730 10760 9542 12167 7821 9890 False
[vector] 10069 10467 9410 12372 8919 10365 False
[vector] 10392 10801 10309 12314 8006 9214 False
[vector] 9732 10025 9486 11679 8758 10809 False
[vector] 11374 9734 10628 11867 7565 8128 False
[vector] 10314 9137 10184 11338 9636 10025 False
[vector] 9310 8691 9256 12267 9876 8059 False
[vector] 10482 10408 9299 12983 8530 9191 False
[vector] 10482 10572 8966 13077 8389 8537 False
[vector] 9278 8700 11028 11283 9180 9190 False
[vector] 11139 10950 10445 12292 8003 8757 False
[vector] 10630 10622 9210 12382 7587 9790 False
[vector] 11270 10614 9855 12547 7341 9048 False
[vector] 8982 10238 9303 13055 8712 9944 False
[vector] 8421 8602 10823 10619 9665 8429 False
[vector] 9266 8200 10144 10301 9867 8030 False
[vector] 10367 10609 9264 12539 7986 10019 False
[vector] 8784 10512 8571 10928 6949 10916 False
[vector] 10259 9969 9729 12831 8704 9967 False
[vector] 9952 10369 10115 13224 8647 8981 False
[vector] 12195 9632 9365 11458 7143 8289 False
[vector] 10251 10061 9971 11688 8912 10228 False
[vector] 9894 9596 10628 11631 9392 9507 False
[vector] 9700 10902 8938 13073 7947 9644 False
[vector] 12473 9437 9094 11457 7643 7728 False
[vector] 9345 9847 10116 11321 9171 10496 False
[vector] 9205 7641 8650 10473 10543 8053 False
[vector] 10286 10637 10855 11874 8381 9893 False
[vector] 9661 10715 8957 13123 8350 9726 False
[vector] 10008 10987 9404 12164 8118 10690 False
[vector] 11526 9573 9479 12264 9220 8969 False
[vector] 8890 7478 8778 10312 10258 8687 False
[vector] 10210 11207 9748 12998 8013 9351 False
[vector] 12167 9433 9441 11513 8056 8142 False
[vector] 10630 10530 9922 12959 8536 8820 False
[vector] 9894 9935 9779 12687 8537 10190 False
[vector] 11191 9483 8668 12339 8534 10077 False
[vector] 9060 8818 9005 11751 7998 11103 False
[vector] 10365 9748 9044 12526 8365 10650 False
[vector] 10594 9627 9436 11544 7027 10750 False
[vector] 10353 10531 9202 12523 8357 10143 False
[vector] 10074 11123 10172 11915 7902 10524 False
[vector] 11192 9338 9929 12718 8817 9113 False
[vector] 10666 9776 9995 11913 9130 9353 False
[vector] 9289 8392 9864 11069 10025 9166 False
[vector] 10368 9833 10815 11922 8584 9479 False
[vector] 11362 9004 9300 11473 9344 8640 False
[vector] 9314 8924 9095 11181 9094 11071 False
[vector] 8925 10586 9920 12152 9127 10122 False
[vector] 9708 10672 9898 11396 7978 10520 False
[vector] 10251 10606 9557 12943 8958 8800 False
[vector] 9673 9119 9454 11183 9516 10382 False
[vector] 9367 10449 8626 12683 8137 10673 False
[vector] 10036 10596 9579 12960 8489 9561 False
[vector] 10542 9592 9933 13116 8407 8532 False
[vector] 8282 9251 8702 11165 9214 10828 False
[vector] 8432 8556 8777 11420 9068 10837 False
[vector] 9900 8010 10238 10987 9623 8215 False
[vector] 9087 9081 9995 11270 9708 8615 False
[vector] 11006 9323 10553 12024 9109 8824 False
[vector] 9815 9663 9314 11754 8230 10899 False
[vector] 10723 10009 10296 12735 9060 8518 False
[vector] 10482 9704 9430 12451 8625 10310 False
[vector] 9370 7877 10019 10492 10023 7921 False
[vector] 10027 9579 9759 12755 9383 8669 False
[vector] 10547 11306 9826 11789 6690 8818 False
[vector] 10483 10923 9077 12721 7611 9849 False
[vector] 9143 7841 10030 10024 10012 8084 False
[vector] 10731 10160 8112 12738 8194 9610 False
[vector] 8985 9770 10554 12285 9004 9463 False
[vector] 11157 9960 10148 11693 8465 9326 False
[vector] 10423 10702 9428 12389 8336 9815 False
[vector] 10658 9113 8727 11998 9813 8925 False
[vector] 9378 9291 8457 12193 9013 11073 False
[vector] 10060 9992 10711 12356 8479 8362 False
[vector] 9880 8586 9330 11615 10203 7672 False
[vector] 9975 10229 9788 11419 7629 10576 False
[vector] 8559 7416 8892 10254 10532 7724 False
[vector] 10119 9787 9121 12198 8453 10785 False
[vector] 9012 9228 10310 11870 9366 9273 False
[vector] 11711 10030 8939 12367 7696 9585 False
[vector] 10888 10550 9284 12712 8351 8877 False
[vector] 9696 10465 9822 12538 8791 10396 False
[vector] 11418 10792 9134 12366 6828 9436 False
[vector] 11372 10526 10322 11946 8182 9447 False
[vector] 9499 9399 9398 11782 8301 11029 False
[vector] 10123 10376 10635 12217 8894 8510 False
[vector] 8797 9152 7687 11364 9183 11102 False
[vector] 8576 9921 9834 12364 9605 8921 False
[vector] 11800 10247 9760 12344 8176 9123 False
[vector] 9050 8601 10040 10875 10003 8216 False
[vector] 8895 9456 9466 11636 9694 10022 False
[vector] 10129 9311 9469 12792 9364 7904 False
[vector] 10136 10734 9911 12745 8723 9661 False
[vector] 8800 8684 8938 10594 9475 10621 False
[vector] 8986 9288 8754 11566 9198 10715 False
[vector] 9514 9692 9592 12074 9422 9422 False
[vector] 8838 8689 6884 11230 8070 11578 False
[vector] 10674 10203 9909 12142 8170 10697 False
[vector] 12173 10130 8226 11111 6919 9025 False
[vector] 9816 8669 8373 11813 10009 8367 False
[vector] 10728 8366 8849 11445 9834 8613 False
[vector] 11567 9092 7833 11632 7376 10103 False
[vector] 10465 10122 9370 13206 8103 9057 False
[vector] 8910 9860 9448 11860 9446 9708 False
[vector] 9405 9923 8951 11656 9120 10788 False
[vector] 9779 8580 9406 11180 10048 8255 False
[vector] 9712 10002 10067 12315 9399 9644 False
[vector] 10311 8732 7876 11609 9683 9447 False
[vector] 9137 8210 7858 11329 10272 8589 False
[vector] 9822 10102 9510 12747 9317 8526 False
[vector] 7760 9669 9495 11413 9665 9244 False
[vector] 10667 10836 9359 12906 8257 8583 False
[vector] 9996 9130 7779 12014 9082 10468 False
[vector] 8801 8539 10199 10973 9758 9657 False
[vector] 9932 9979 9857 11992 9118 9564 False
[vector] 9750 8600 8559 10761 9816 9754 False
[vector] 10486 8985 9417 12728 9348 8322 False
[vector] 9590 10059 9363 13176 9364 8988 False
[vector] 9872 8323 8579 10914 9663 9704 False
[vector] 8892 8588 8954 11473 10025 9435 False
[vector] 11290 9548 8343 12209 9008 9959 False
[vector] 10600 10346 10955 11664 8444 9601 False
[vector] 9306 10024 9749 12680 9437 9304 False
[vector] 10746 9749 8155 11289 7768 10731 False
[vector] 8589 9057 8289 11235 10109 8874 False
[vector] 8904 8823 6314 10513 6744 11579 False
[vector] 11443 9935 9754 12385 9274 9582 False
[vector] 9803 9931 9645 12915 8892 9409 False
[vector] 9064 8216 8899 12132 10007 8052 False
[vector] 8868 9947 9099 13272 9356 8274 False
[vector] 10405 8543 7729 11571 9153 10510 False
[vector] 11181 8725 8356 11993 9384 8384 False
[vector] 9759 9481 10058 10800 8416 10720 False
[vector] 12280 8817 8624 11754 7252 7667 False
[vector] 10633 9215 8974 12492 9714 7989 False
[vector] 10162 9294 11003 11227 8917 8309 False
[vector] 11776 10668 9782 11439 7752 9155 False
[vector] 11361 11179 10148 11836 7178 9709 False
[vector] 10856 8763 8006 11655 7588 10802 False
[vector] 11165 10294 9692 12480 8633 9489 False
[vector] 9006 10440 8950 12446 9466 9156 False
[vector] 9405 9910 10639 11222 9013 9900 False
[vector] 10422 8657 8475 11614 8627 10749 False
[vector] 8983 9914 9221 11885 9787 9222 False
[vector] 10973 10676 9345 12756 7985 8823 False
[vector] 9372 9631 9316 12241 9976 8679 False
[vector] 9482 10313 7629 11128 7559 10946 False
[vector] 9400 9485 10578 12510 9222 8588 False
[vector] 9337 10100 10418 11864 8844 10532 False
[vector] 9452 9343 8616 11397 9862 9583 False
[vector] 8694 9612 9552 11833 9601 9435 False
[vector] 9696 8826 9798 11094 10014 8545 False
[vector] 10383 9573 10592 12244 9304 9265 False
[vector] 9658 8983 8123 11370 9812 9495 False
[vector] 11364 10431 8052 10974 6253 10340 False
[vector] 10445 8650 8481 11487 9598 9010 False
[vector] 11843 10459 10234 12705 7784 8962 False
[vector] 10247 8869 8591 11656 9969 9430 False
[vector] 10602 10649 9676 13059 8144 9322 False
[vector] 11715 10650 8885 11407 6359 9764 False
[vector] 9963 10290 9626 13032 8401 9543 False
[vector] 10872 9459 9110 12611 8631 9491 False
[vector] 9982 9108 7720 12051 9682 9538 False
[vector] 9504 10457 9421 12965 8961 9257 False
[vector] 10705 9831 8340 12047 7959 10473 False
[vector] 10714 9773 8860 12168 8434 10619 False
[vector] 7880 8197 9528 10430 10058 9321 False
[vector] 9667 10189 9655 12642 8240 10241 False
[vector] 10950 9668 10533 13067 8875 8958 False
[vector] 10720 11161 9418 11681 7058 10066 False
[vector] 10748 10135 10838 11732 8139 10047 False
[vector] 8778 8893 8514 11327 8415 11082 False
[vector] 9543 10978 10682 11792 8678 9620 False
[vector] 9824 10264 10603 11660 8692 9720 False
[vector] 10102 9734 9231 12557 9808 9062 False
[vector] 10900 10412 9236 12560 8436 9273 False
[vector] 9045 9322 8686 11876 9919 8744 False
[vector] 9013 7266 10036 10217 9721 9096 False
[vector] 10827 10481 10621 12664 8697 9225 False
[vector] 10744 9426 9235 12459 9131 9389 False
[vector] 11150 8531 8496 11595 9432 8670 False
[vector] 9898 8389 8442 10829 9511 10200 False
[vector] 10565 9809 9715 12681 8432 10207 False
[vector] 10828 10108 10785 11820 7767 9566 False
[vector] 9177 10989 9680 12537 8395 9242 False
[vector] 9948 10652 10992 11762 7804 9304 False
[vector] 11046 10051 8955 12747 9075 8707 False
[vector] 10674 10848 9768 12633 7395 9332 False
[vector] 10167 10995 9274 12637 8405 9512 False
[vector] 9095 8795 9570 10547 8859 10681 False
[vector] 11930 10283 9518 11599 6157 7547 False
[vector] 11287 10502 8673 12538 8317 9075 False
[vector] 12009 9397 8527 11553 7287 9177 False
[vector] 8131 8110 7953 10720 10330 8756 False
[vector] 8607 8445 8754 10675 10452 8634 False
[vector] 9191 10058 10638 11565 8941 10039 False
[vector] 10872 10787 8649 12313 8099 9950 False
[vector] 10333 10516 10172 12718 8840 10116 False
[vector] 8490 9191 7710 11502 8609 11188 False
[vector] 9926 9167 8651 12495 8062 10724 False
[vector] 11607 9550 9510 12260 8408 9225 False
[vector] 11614 10484 10484 12476 8203 9668 False
[vector] 9902 8980 8476 11359 9169 10322 False
[vector] 8648 9091 9566 12011 10092 8183 False
[vector] 9328 8636 8943 11165 9968 9050 False
[vector] 10693 8580 8603 12207 9573 8222 False
[vector] 11396 9879 9910 12229 8962 9736 False
[vector] 10931 10762 9758 13073 7959 8716 False
[vector] 9632 8909 8841 11292 9820 9240 False
[vector] 9196 8643 9820 11174 9906 8709 False
[vector] 8958 8879 8000 11513 10046 9505 False
[vector] 11063 10165 9701 12790 8549 8946 False
[vector] 9651 9884 8874 11984 9032 10653 False
[vector] 10454 9435 10757 12133 8987 9210 False
[vector] 9421 10819 9696 13086 9015 9870 False
[vector] 9730 8402 7857 12646 9645 9130 False
[vector] 11453 10230 7900 12551 7221 9633 False
[vector] 11296 9741 9578 12444 8728 9636 False
[vector] 9281 9111 9774 10869 9796 9420 False
[vector] 10973 10466 9754 12321 8083 10025 False
[vector] 9403 8411 9480 11010 9921 9015 False
[vector] 10076 10430 8981 13348 8568 8851 False
[vector] 9737 9486 8816 12195 9435 10384 False
[vector] 12066 10023 9574 11671 7738 7457 False
[vector] 10671 10549 9647 12824 8032 9195 False
[vector] 10015 10367 11145 11625 7989 9796 False
[vector] 10446 11194 9843 11635 7114 10080 False
[vector] 10148 9533 10180 11724 9146 9962 False
[vector] 11089 9918 9933 12367 8388 9822 False
[vector] 11349 9512 10728 11659 7567 7405 False
[vector] 8015 8624 10505 10984 9703 8089 False
[vector] 10479 10721 10104 12081 8460 9915 False
[vector] 9832 9729 8759 12827 9306 9143 False
[vector] 8433 10150 9640 11689 9346 10250 False
[vector] 12215 9550 8168 11928 6686 8267 False
[vector] 9617 10191 9371 12919 8255 9578 False
[vector] 10164 10707 9445 12068 8166 10129 False
[vector] 10410 9674 10389 11698 9272 8729 False
[vector] 11694 9916 8193 12324 8222 9346 False
[vector] 9982 9583 10759 11942 9287 8276 False
[vector] 9733 9880 10747 12058 9041 9845 False
[vector] 12089 9973 9000 12151 8430 9124 False
[vector] 9278 9667 8456 12019 9210 10412 False
[vector] 8662 9153 6918 10862 6802 11424 False
[vector] 10834 10190 9951 12561 8968 9652 False
[vector] 8625 8662 8813 11316 9502 10756 False
[vector] 9148 9600 8348 11909 9278 10449 False
[vector] 9175 9680 8617 12536 9815 8274 False
[vector] 12254 9283 7857 11497 6945 8399 False
[vector] 10851 10634 10514 12381 7446 9500 False
[vector] 9941 9029 8605 11806 10241 9190 False
[vector] 9453 10051 8568 12894 8540 10404 False
[vector] 9794 8799 9048 12042 9875 9523 False
[vector] 9394 9141 8488 11677 8107 11470 False
[vector] 8746 8770 9754 10905 8790 10712 False
[vector] 10326 9671 8271 12611 8134 10549 False
[vector] 8782 9434 8680 11085 9322 10664 False
[vector] 10944 11116 10652 12299 7603 9461 False
[vector] 8138 9016 9359 11163 10377 8273 False
[vector] 10098 10476 9760 12198 8682 10813 False
[vector] 9172 9216 11386 10672 8371 8800 False
[vector] 10224 10552 9604 13324 8574 8480 False
[vector] 9363 9878 8051 11563 7598 11097 False
[vector] 9950 9123 8124 11803 10004 8655 False
[vector] 10478 9880 9360 11929 8990 10407 False
[vector] 9355 10063 7896 10551 6615 11065 False
[vector] 9345 8607 8965 10661 9908 9121 False
[vector] 10685 10360 9414 12845 7428 9566 False
[vector] 9926 8746 9735 11490 9738 9092 False
[vector] 11276 10581 9162 12730 8563 8513 False
[vector] 10838 10402 10132 12472 8451 9787 False
[vector] 10159 9831 9397 13046 8470 9867 False
[vector] 10264 8326 8282 11541 9478 10062 False
[vector] 8668 10190 10052 12209 9504 9553 False
[vector] 10709 10154 9423 13028 8827 9140 False
[vector] 9053 8731 9731 10767 9364 10626 False
[vector] 10644 10755 9306 12680 7561 8879 False
[vector] 11230 8881 9372 11440 9432 7657 False
[vector] 11311 10282 9035 11292 7145 10377 False
[vector] 11452 10071 10666 11673 7830 8454 False
[vector] 9223 8248 8570 11904 10003 8820 False
[vector] 9925 8769 8430 12118 9828 9144 False
[vector] 10036 10470 10685 12341 7655 8123 False
[vector] 11463 8457 9249 11094 9611 8347 False
[vector] 10112 9641 8274 10965 7377 11172 False
[vector] 9365 9254 7717 11532 7348 11257 False
[vector] 8778 9358 10171 12488 9422 8638 False
[vector] 9807 9698 9528 12523 9565 8840 False
[vector] 8584 7638 8792 10462 10530 8447 False
[vector] 9869 10903 9644 12342 8394 9767 False
[vector] 10113 9655 8742 12365 9562 9624 False
[vector] 10479 10207 9773 12470 8029 10476 False
[vector] 10775 11307 9925 11649 6929 9474 False
[vector] 11387 10804 10210 11847 7264 9054 False
[vector] 10678 10757 8870 12714 8011 9145 False
[vector] 10815 8809 9535 11808 9707 7852 False
[vector] 10222 9865 9881 11842 9436 8606 False
[vector] 10951 10355 9494 12539 8909 9511 False
[vector] 9833 9478 9435 11300 9025 10516 False
[vector] 8369 9414 9298 11237 9971 9174 False
[vector] 11664 10151 9622 11523 7237 9362 False
[vector] 11065 9992 9693 12601 8540 10043 False
[vector] 9929 8662 7869 10847 9517 10098 False
[vector] 11272 10040 8510 13108 8080 9153 False
[vector] 9707 9218 10096 11774 9681 8588 False
[vector] 10385 9320 10695 12013 9096 9218 False
[vector] 9014 9049 9259 11858 9913 8846 False
[vector] 9549 8855 8452 10598 9730 9830 False
[vector] 9249 8728 10215 11670 9874 7629 False
[vector] 9779 8063 9530 10897 9852 8958 False
[vector] 11244 9841 8586 13163 8993 9006 False
[vector] 8881 8667 9443 11665 10271 8873 False
[vector] 8953 10138 7688 11465 8488 10986 False
[vector] 10369 11329 9607 12014 6967 9134 False
[vector] 10033 10185 9179 11987 8050 11054 False
[vector] 11135 10876 9442 11906 7276 9191 False
[vector] 10049 9892 9568 13243 8804 9274 False
[vector] 9756 8902 8633 11429 9963 8837 False
[vector] 11107 10330 11197 11734 8561 9358 False
[vector] 10365 10156 8221 13155 8822 8852 False
[vector] 9289 9588 7967 11827 8964 10974 False
[vector] 11362 10582 10310 11639 7266 8331 False
[vector] 10564 9232 9214 12415 9566 9216 False
[vector] 9932 11368 8788 11730 6664 9211 False
[vector] 10094 9540 8816 12835 7838 10108 False
[vector] 9994 8884 8492 12238 9719 9136 False
[vector] 10501 9639 9125 12482 8646 10122 False
[vector] 11249 9862 10261 11600 8269 9413 False
[vector] 8490 9647 10000 12567 9388 8598 False
[vector] 8584 9174 8609 12209 9898 8878 False
[vector] 11521 9559 9862 11841 8759 7946 False
[vector] 11897 8756 8692 12251 8127 7685 False
[vector] 8139 7989 7932 11246 9156 10971 False
[vector] 10200 10013 8908 11402 8705 10635 False
[vector] 9826 10011 10706 11429 8484 9673 False
[vector] 9793 9006 8481 12418 9231 10198 False
[vector] 11112 10952 9148 12516 7100 9196 False
[vector] 9401 9175 9624 11633 9557 9928 False
[vector] 10908 9734 10157 12443 9151 9574 False
[vector] 10808 9596 9825 12658 8917 9474 False
[vector] 9217 9614 8993 13160 9539 7658 False
[vector] 9491 9525 8893 11867 9523 10519 False
[vector] 9817 8845 8543 13009 9518 8369 False
[vector] 9673 9939 10093 11977 9112 10462 False
[vector] 9452 9520 10081 10938 7842 10806 False
[vector] 8746 9874 9016 11944 9355 10251 False
[vector] 10379 10520 9428 12995 7700 9326 False
[vector] 9398 9629 9245 12110 10005 8347 False
[vector] 11103 9121 9108 12741 8337 9575 False
[vector] 8954 9983 7875 11005 7640 11061 False
[vector] 9612 9864 9735 12530 9165 9544 False
[vector] 10364 8759 8859 11377 9444 9576 False
[vector] 10875 8885 8370 12143 9656 8144 False
[vector] 9673 8351 10001 10655 9808 7775 False
[vector] 8026 8239 9308 10729 9961 9814 False
[vector] 9747 9579 10979 11002 8699 9184 False
[vector] 8670 10835 10393 11795 8753 8932 False
[vector] 11633 9228 8601 11383 7160 9937 False
[vector] 11013 10604 9848 12467 8532 8953 False
[vector] 11219 9840 9961 13000 8761 8969 False
[vector] 11890 10469 9648 11595 7242 9033 False
[vector] 9760 10012 8545 12756 9114 10318 False
[vector] 10887 9483 8150 11938 9237 9690 False
[vector] 10424 9974 8963 12446 8420 10400 False
[vector] 11306 10390 9554 12195 8398 9613 False
[vector] 9684 9645 8774 11654 9172 10752 False
[vector] 8853 9042 8856 11418 9934 9550 False
[vector] 9780 10482 8522 11280 6871 10894 False
[vector] 10246 9409 8764 11940 9636 9288 False
[vector] 8723 9348 9287 11383 9676 10317 False
[vector] 10099 8846 8467 12268 8959 10438 False
[vector] 9089 8038 8658 10805 10527 7718 False
[vector] 8187 10373 10177 11740 9460 9414 False
[vector] 11322 10367 8213 11194 6758 10285 False
[vector] 12162 9695 8281 11496 7208 8321 False
[vector] 8646 8627 9031 11145 10113 9570 False
[vector] 10910 10477 10217 12434 8392 9061 False
[vector] 9876 9847 8940 12669 8528 10304 False
[vector] 11373 8865 10316 11942 8347 7694 False
[vector] 10440 8595 8504 12789 9323 7928 False
[vector] 10215 8745 7276 11500 7468 11159 False
[vector] 11780 9343 10004 11535 8175 8340 False
[vector] 8668 8950 8901 11549 10241 8178 False
[vector] 10100 10259 10335 12955 9255 8959 False
[vector] 9486 7849 8886 11031 10380 8535 False
[vector] 9393 8796 10571 11958 9327 7826 False
[vector] 10880 8504 7807 11283 9263 9623 False
[vector] 8444 8856 9345 11013 10105 8513 False
[vector] 10964 11369 9322 11326 6265 9066 False
[vector] 8601 10475 9899 12346 9319 9061 False
[vector] 10513 10191 9784 12423 8900 9938 False
[vector] 8630 9031 7873 11616 10076 8541 False
[vector] 8395 9655 8183 11511 9249 10827 False
[vector] 10137 10335 8865 11165 7500 10715 False
[vector] 9307 10262 8271 11463 7322 11017 False
[vector] 10242 10512 10038 12946 9195 9335 False
[vector] 8761 10242 9617 12345 9287 10216 False
[vector] 9971 10249 10964 11783 8767 8635 False
[vector] 10529 9888 9847 12551 8080 9824 False
[vector] 12214 8681 7856 12003 7468 7833 False
[vector] 9822 8893 9202 11077 9940 8365 False
[vector] 10958 10389 8591 12524 8502 9681 False
[vector] 11213 10170 8972 12420 8027 10431 False
[vector] 9046 9159 9295 10729 9344 10628 False
[vector] 9895 9368 10862 11070 8394 9630 False
[vector] 8290 8998 8400 10622 9541 10792 False
[vector] 11260 9783 9772 11408 8023 9975 False
[vector] 9480 10664 8894 13434 8622 9135 False
[vector] 8259 8717 10090 10480 9658 9851 False
[vector] 8592 8428 7726 10994 10122 9501 False
[vector] 9397 9953 9327 13280 8930 9069 False
[vector] 9905 10447 9254 13267 8978 10246 False
[vector] 9401 10517 10617 12477 8112 8489 False
[vector] 9024 9871 8799 11658 9739 9369 False
[vector] 11910 9037 9573 11570 8433 7573 False
[vector] 9690 9055 10647 12120 9247 8884 False
[vector] 10263 9056 7920 12171 9605 9147 False
[vector] 10735 10799 10119 12468 8032 9514 False
[vector] 10404 10859 10045 12643 8226 9023 False
[vector] 9144 9480 9948 12161 8453 10471 False
[vector] 11678 9651 9942 12763 7898 8471 False
[vector] 10975 10503 9337 12567 7976 9920 False
[vector] 9186 10779 9284 12566 8857 10567 False
[vector] 8169 7923 8768 10237 10312 9322 False
[vector] 7632 7835 8645 10504 9514 10661 False
[vector] 11358 9962 10364 12599 8603 8152 False
[vector] 9256 8889 9874 10661 9798 8697 False
[vector] 9390 11345 9829 11761 7376 9727 False
[vector] 10340 10146 9156 11849 8624 10968 False
[vector] 10795 10678 10182 11990 7848 9889 False
[vector] 9488 9618 10310 11996 9430 9167 False
[vector] 9652 10008 8769 13605 8605 8399 False
[vector] 9360 9710 8577 11967 9533 10002 False
[vector] 9389 7435 9962 10387 9848 8336 False
[vector] 10445 10656 10196 12746 7484 9160 False
[vector] 11597 10498 10311 12377 7872 9097 False
[vector] 10484 10182 9434 12597 9137 9490 False
[vector] 10543 9112 9934 11567 9217 9319 False
[vector] 11935 10463 8591 11258 6868 8514 False
[vector] 11346 9357 10146 11846 8678 8780 False
[vector] 8736 9666 8067 11637 8478 11195 False
[vector] 9947 11228 9096 12267 6872 9958 False
[vector] 11704 10729 9374 11599 6605 9202 False
[vector] 9720 9861 10954 11934 8781 9197 False
[vector] 9669 9963 9790 12256 8847 10540 False
[vector] 8361 9793 9812 12530 9714 7964 False
[vector] 8141 9034 9255 11135 9539 10380 False
[vector] 11315 10701 8597 12483 7404 9222 False
[vector] 9333 8694 8111 11878 9632 10004 False
[vector] 10887 10864 9812 12110 7680 10294 False
[vector] 9077 9595 9613 12207 9733 8457 False
[vector] 9837 9862 8630 11774 8870 10764 False
[vector] 9870 10243 11040 11348 8612 9218 False
[vector] 9845 10628 9239 13308 8996 8460 False
[vector] 9321 10494 10528 11038 8391 10207 False
[vector] 10008 8797 9712 11768 8692 10660 False
[vector] 10530 10392 9590 13174 8302 8720 False
[vector] 11248 10687 8922 12825 7300 8864 False
[vector] 10388 9086 8038 11686 9644 9878 False
[vector] 9501 8593 6951 11396 9655 10228 False
[vector] 10498 8899 9560 11878 9630 8533 False
[vector] 7586 7803 7654 10319 9375 10852 False
[vector] 10176 8696 8552 11286 8715 10884 False
[vector] 10417 10020 9832 12613 8737 9761 False
[vector] 10516 11047 9734 12848 7741 9591 False
[vector] 10807 9479 9111 12332 8374 10362 False
[vector] 9060 9549 9392 12545 9568 9297 False
[vector] 10884 9522 8691 12477 7960 10163 False
[vector] 9890 10220 8548 12598 9329 9693 False
[vector] 11479 9290 9034 12911 8464 8815 False
[vector] 9922 10493 9475 12929 9143 9406 False
[vector] 9402 9232 10681 12279 9014 8541 False
[vector] 9083 9905 10076 12434 9722 8678 False
[vector] 9663 10489 9092 12737 8957 10025 False
[vector] 9362 10002 9813 12394 8273 10626 False
[vector] 10098 9287 8141 11964 9630 9659 False
[vector] 10234 10560 9336 13281 8793 9640 False
[vector] 11221 9587 10064 12769 8553 8922 False
[vector] 10344 10480 11227 11639 7804 9190 False
[vector] 9677 11313 9346 11405 6989 9881 False
[vector] 10844 9337 8966 13047 8921 9181 False
[vector] 9907 9427 7289 11648 9033 10369 False
[vector] 11938 9236 9497 11515 7520 7720 False
[vector] 11100 10075 9438 13070 7646 8691 False
[vector] 10018 8327 9985 11982 9592 8770 False
[vector] 9624 10010 8955 10986 7523 11152 False
[vector] 9194 8822 10871 11186 9359 9136 False
[vector] 11336 10305 10947 11963 8142 8652 False
[vector] 10255 10793 9514 12032 7182 10630 False
[vector] 9388 10285 10235 12568 9117 8776 False
[vector] 10861 9451 9712 13090 8395 9420 False
[vector] 10255 9871 8697 13281 8564 9612 False
[vector] 11448 10210 9384 12940 8185 9734 False
[vector] 10531 10238 9278 12753 9449 9336 False
[vector] 10911 10333 8747 12368 8190 9835 False
[vector] 10858 9873 9356 12621 8752 9550 False
[vector] 10799 10660 9513 11932 7709 9763 False
[vector] 10380 10710 10525 11368 8038 9984 False
[vector] 9923 9022 8327 12349 10036 9191 False
[vector] 9629 10580 10624 12003 9081 9351 False
[vector] 9877 10202 8900 12056 9037 10324 False
[vector] 12407 9301 8326 11706 7859 7894 False
[vector] 10301 10473 8496 12788 8202 10185 False
[vector] 10007 7714 8412 11257 10159 8041 False
[vector] 10254 10948 9327 12492 8030 10555 False
[vector] 8782 8408 9622 10999 9908 9409 False
[vector] 11774 9150 8769 11300 8455 8663 False
[vector] 10140 9896 9702 13015 8449 10055 False
[vector] 8370 9487 9955 11152 9731 9392 False
[vector] 9920 9693 7953 12976 8172 10209 False
[vector] 9432 8939 8911 12249 9135 10344 False
[vector] 10889 10901 9395 12356 7573 10189 False
[vector] 10220 9565 10618 12751 9043 8575 False
[vector] 9553 9313 8582 11471 8986 10938 False
[vector] 10130 8771 9296 12508 9697 8046 False
[vector] 8655 8030 9388 11727 10178 7015 False
[vector] 11019 9419 10192 11522 9578 8659 False
[vector] 9804 9835 8110 11563 7651 11183 False
[vector] 8898 8641 9010 11833 9976 8802 False
[vector] 9703 11053 10461 12256 8371 9041 False
[vector] 10228 10080 9828 12382 9279 8866 False
[vector] 9200 9699 10986 10944 8278 9630 False
[vector] 10430 10368 9044 11100 7690 10878 False
[vector] 9268 8757 8880 11643 10152 8675 False
[vector] 10942 10847 8936 12975 7572 8624 False
[vector] 9201 9043 9819 11089 9830 9482 False
[vector] 10845 8618 9927 11273 9542 8952 False
[vector] 9492 8285 9817 11583 9869 7922 False
[vector] 10336 7827 8494 11271 9974 7435 False
[vector] 9176 9957 9641 12570 9505 9341 False
[vector] 8628 8725 10357 11659 9861 8023 False
[vector] 9312 10027 9303 11899 9602 8616 False
[vector] 8553 9395 10105 11803 9926 8987 False
[vector] 10613 9441 9874 11887 9616 8319 False
[vector] 11064 10720 10158 12544 8456 9458 False
[vector] 11061 9214 9946 11048 9105 7979 False
[vector] 9931 9971 8932 10848 8097 11066 False
[vector] 10040 9274 9405 12177 9744 9530 False
[vector] 12251 8717 7009 10164 7028 8709 False
[vector] 9643 9914 9250 13608 8842 8934 False
[vector] 10860 10351 9360 12767 9264 8730 False
[vector] 10495 10762 10193 12209 8174 9936 False
[vector] 9755 10551 9215 12240 8437 10743 False
[vector] 10437 9321 10011 12090 9513 8971 False
[vector] 9912 11353 9758 11925 7147 9184 False
[vector] 10232 10267 9785 11471 7503 10696 False
[vector] 9984 9330 10862 11711 9079 8229 False
[vector] 10562 9635 9902 12330 9005 9609 False
[vector] 10238 9707 9077 12462 9268 9483 False
[vector] 9560 8885 9018 11509 9006 10936 False
[vector] 11126 10764 8417 11121 6202 9829 False
[vector] 10865 10796 10281 11683 7493 9597 False
[vector] 9801 10556 9167 12440 8331 10258 False
[vector] 8993 10586 11011 10761 8476 9270 False
[vector] 8582 9924 9388 11583 9770 8233 False
[vector] 9152 9183 8326 11147 8086 11249 False
[vector] 10370 8657 9849 11561 9432 9839 False
[vector] 10777 9670 8719 12867 8539 9262 False
[vector] 9575 8578 8434 11483 9843 9889 False
[vector] 9866 9680 8351 10637 7465 11307 False
[vector] 11134 9809 8308 11132 8162 10004 False
[vector] 10187 9421 8871 13311 8621 9685 False
[vector] 9824 9929 9502 12558 9308 9623 False
[vector] 9999 10520 8924 12761 8635 10337 False
[vector] 9468 8298 8549 11753 10252 7111 False
[vector] 10320 10497 10379 12594 8580 9468 False
[vector] 11896 9353 8530 12448 8039 9063 False
[vector] 10759 10152 9707 12751 8812 9803 False
[vector] 11610 10620 9072 12525 7378 8900 False
[vector] 8772 8984 9562 11201 9191 10370 False
[vector] 10628 10171 8918 11957 8031 10888 False
[vector] 11038 8407 9984 10835 9183 7792 False
[vector] 11370 10916 9854 12426 7434 8494 False
[vector] 10672 9709 9021 12388 8939 10564 False
[vector] 12738 8885 8283 10588 6392 7103 False
[vector] 11514 10346 10152 12691 7969 9568 False
[vector] 10822 10132 10215 12232 8748 9843 False
[vector] 10309 9090 9377 11811 9844 7946 False
[vector] 9686 11407 8865 11402 6752 9346 False
[vector] 10434 8729 8970 11679 9844 8448 False
[vector] 10768 10246 9226 12748 8575 9268 False
[vector] 9428 10449 8680 12217 8799 10722 False
[vector] 11304 10616 9419 12581 7791 9314 False
[vector] 10569 11312 8515 11499 6057 9288 False
[vector] 10309 9650 9803 12912 8755 9315 False
[vector] 9080 7871 8568 11396 10418 8195 False
[vector] 10729 10542 9414 12239 8064 10055 False
[vector] 9284 10007 9996 12004 9315 9282 False
[vector] 9514 9232 9237 11778 10021 8682 False
[vector] 9298 8905 8423 12164 9132 10458 False
[vector] 9942 9469 9356 11882 9603 9724 False
[vector] 10633 9632 8248 12473 8708 10463 False
[vector] 9211 9202 10010 12642 9334 7963 False
[vector] 9844 10254 9705 12606 8486 10842 False
[vector] 9847 10455 9231 13119 8987 9557 False
[vector] 9979 8831 10130 11986 9706 8012 False
[vector] 10429 9213 10857 11925 8989 8487 False
[vector] 9014 9470 8175 12863 8237 10478 False
[vector] 8714 8786 8415 12017 10091 7743 False
[vector] 10087 10041 9815 12583 8971 10109 False
[vector] 10724 10878 10608 12660 8278 8952 False
[vector] 9613 9757 9267 11944 9896 9304 False
[vector] 10686 10550 10511 11218 7766 10224 False
[vector] 9928 9010 8812 11682 9981 8542 False
[vector] 10105 8616 8888 11665 10029 9054 False
[vector] 9525 9613 9206 12078 8702 10687 False
[vector] 8820 10328 9010 12047 8933 10563 False
[vector] 8410 7661 8009 10744 10381 9011 False
[vector] 8018 9799 9437 11049 9558 10074 False
[vector] 10216 10681 10446 12517 7903 9866 False
[vector] 10649 11197 10177 12257 7629 9783 False
[vector] 10073 10229 9455 12835 8067 10136 False
[vector] 9836 10891 9533 12718 8740 9675 False
[vector] 10694 9861 9126 12540 8180 10044 False
[vector] 11596 9706 9779 12833 8031 8500 False
[vector] 10944 9475 9298 12832 9155 9281 False
[vector] 10729 10019 9168 12584 9078 8916 False
[vector] 9846 9924 10744 11163 8289 9959 False
[vector] 10407 9992 9853 12219 9714 8959 False
[vector] 9950 10994 9637 12749 8086 9830 False
[vector] 11777 10323 9466 12954 8000 9128 False
[vector] 11532 8893 9657 12000 9279 7587 False
[vector] 10797 9281 9122 12891 8609 9335 False
[vector] 9683 10125 9557 11558 8894 10637 False
[vector] 10706 9936 10236 12923 8247 8438 False
[vector] 10266 9635 9345 11542 8058 11030 False
[vector] 9849 9125 8589 10927 9691 10376 False
[vector] 9026 8961 8593 12614 9173 10004 False
[vector] 9163 10253 9555 12005 9178 10633 False
[vector] 9198 9952 10883 11175 8486 9677 False
[vector] 11335 9436 10635 12038 8924 8218 False
[vector] 9511 8034 10076 10142 9753 8396 False
[vector] 8997 10303 10134 12223 9319 8947 False
[vector] 9645 10674 8868 12995 8636 9705 False
[vector] 9170 9469 11283 10903 8579 8847 False
[vector] 8979 8635 9219 12002 10084 8146 False
[vector] 10637 10087 8442 13244 8537 9519 False
[vector] 10740 10627 8592 12141 7677 9963 False
[vector] 10506 9853 8894 11252 8433 10875 False
[vector] 10712 10217 8827 11569 7836 10524 False
[vector] 8630 10271 9024 12276 9339 9916 False
[vector] 11208 10506 10166 12841 8241 9328 False
[vector] 8394 9968 9363 11219 9685 9314 False
[vector] 11943 9261 7759 11802 7503 9343 False
[vector] 10890 9667 9902 11598 7847 10102 False
[vector] 10854 10049 9286 12099 9117 9647 False
[vector] 11039 9193 9292 12127 9676 8329 False
[vector] 10534 10485 10818 11576 8118 9444 False
[vector] 12132 10185 9474 12512 8038 8963 False
[vector] 10937 10236 10456 12592 7849 9231 False
[vector] 11377 9991 9029 12572 8881 9198 False
[vector] 10347 9821 9326 11676 7963 10810 False
[vector] 9373 11359 9656 11662 7045 9156 False
[vector] 10961 9589 10044 12875 8629 9520 False
[vector] 10165 9555 9734 11646 9297 10254 False
[vector] 12178 9518 8619 11415 7669 8050 False
[vector] 11037 10000 8098 12588 7922 9850 False
[vector] 10222 8868 9966 11493 9737 9393 False
[vector] 11518 10930 9466 12151 7062 9536 False
[vector] 9716 8348 7164 11248 7875 11347 False
[vector] 11542 10283 9054 12434 7842 9825 False
[vector] 10349 10644 8788 12700 8196 9751 False
[vector] 11029 9849 10282 12585 8788 8758 False
[vector] 9974 9695 8882 11330 8700 10964 False
[vector] 10302 9484 8096 11475 9241 10147 False
[vector] 10661 9788 9510 12580 9185 10002 False
[vector] 9321 9466 9498 11871 9590 10118 False
[vector] 9908 9159 9866 11703 9674 9685 False
[vector] 9284 9113 7105 11837 7622 11101 False
[vector] 7580 8037 8300 9951 10155 9387 False
[vector] 8448 9713 9624 11943 9664 9214 False
[vector] 10884 9662 9217 12695 8369 9566 False
[vector] 10701 10352 10879 12099 8599 9018 False
[vector] 9709 10527 11159 11775 8261 9556 False
[vector] 8688 8047 8973 11962 9880 8812 False
[vector] 10072 9719 7314 11510 7994 10996 False
[vector] 9501 9313 9956 11418 9791 10028 False
[vector] 8964 10337 7726 11505 7077 10947 False
[vector] 9253 9858 9258 12014 9472 10008 False
[vector] 9809 10893 8236 12942 7837 10114 False
[vector] 10229 9054 8367 11914 9648 9110 False
[vector] 8928 9468 9577 11260 9348 10114 False
[vector] 11490 9375 8212 12813 8077 8723 False
[vector] 10919 9281 9860 11737 9344 8559 False
[vector] 9754 9460 8383 12363 9140 10313 False
[vector] 11867 8825 9099 11209 8825 7734 False
[vector] 11009 9801 8174 12643 8835 9703 False
[vector] 10136 9266 10024 11282 9334 9662 False
[vector] 12156 9512 9930 11705 8302 7580 False
[vector] 11753 10970 9878 12671 7220 8839 False
[vector] 11353 10638 9441 12289 8101 8909 False
[vector] 10502 9756 9839 12808 9189 9234 False
[vector] 10984 9800 9549 12480 8603 9666 False
[vector] 9427 8789 8551 11415 10148 9443 False
[vector] 10361 8986 7840 10443 6658 11169 False
[vector] 9798 10247 10050 12395 9408 9029 False
[vector] 10107 7852 8744 11042 10393 8141 False
[vector] 10445 10119 9460 12259 8850 10308 False
[vector] 10155 8232 9456 11067 9979 8198 False
[vector] 11057 8479 8931 11459 9649 8007 False
[vector] 10915 9923 10647 12104 8428 8626 False
[vector] 9887 8203 10002 10312 9880 7636 False
[vector] 8910 9513 8930 11496 8144 11094 False
[vector] 9727 10406 10049 12539 9151 9330 False
[vector] 10192 9059 9574 12028 9902 8293 False
[vector] 9812 9694 10402 11415 9352 9329 False
[vector] 9392 9983 9504 12298 9347 9715 False
[vector] 11177 10276 8524 12519 8605 8878 False
[vector] 9204 8840 7923 11841 9958 9370 False
[vector] 9323 9895 8687 13591 8790 9005 False
[vector] 10531 10258 10138 12957 7887 8891 False
[vector] 11748 10695 10248 12116 8309 8687 False
[vector] 10338 10504 10657 12051 8785 9467 False
[vector] 9605 9548 7447 11214 7540 11252 False
[vector] 9165 9508 9782 11201 9780 9085 False
[vector] 10147 9526 8686 12146 8233 10907 False
[vector] 8790 7926 8626 10248 10325 8928 False
[vector] 10930 9893 9446 13148 8741 8282 False
[vector] 11621 10541 8583 12333 7132 9462 False
[vector] 11278 9926 9354 12702 8407 9316 False
[vector] 11713 9804 9074 11981 8303 9884 False
[vector] 10874 9146 9358 12512 8756 10281 False
[vector] 10541 9724 9660 11816 9424 9494 False
[vector] 10983 9587 8366 12347 8434 10045 False
[vector] 9860 9791 9950 12383 9094 10090 False
[vector] 9620 9388 9521 13047 9163 9000 False
[vector] 9340 8500 9648 11732 9711 9159 False
[vector] 9307 9352 8659 11143 9074 11073 False
[vector] 12094 10222 9498 11616 6825 7604 False
[vector] 10024 9737 9160 12400 9136 10282 False
[vector] 8619 8945 9638 11657 9765 9794 False
[vector] 11902 10084 9594 11654 7070 7400 False
[vector] 12315 9688 8500 11713 6920 8367 False
[vector] 9848 9424 9214 11424 8370 10998 False
[vector] 10430 10082 11169 11850 8207 8921 False
[vector] 8489 8814 8426 11586 10401 8093 False
[vector] 10963 10349 9662 12262 8423 10291 False
[vector] 10715 11141 10902 12070 8022 10167 False
[vector] 9022 8884 8890 11695 9946 9321 False
[vector] 10955 11201 9830 12201 7216 9369 False
[vector] 9651 9580 8438 11399 7679 11061 False
[vector] 11579 9428 9366 12696 8698 8915 False
[vector] 11927 9537 10180 11476 8721 8286 False
[vector] 11370 10752 10187 12332 7575 9148 False
[vector] 10640 10538 9654 12916 8755 9980 False
[vector] 10673 10550 9765 12540 8409 10072 False
[vector] 11154 10209 10514 12578 9020 9581 False
[vector] 11074 10086 9212 12598 8303 9508 False
[vector] 9708 9453 8728 12152 10062 8500 False
[vector] 9679 9468 10606 11797 9501 8550 False
[vector] 11426 9435 9147 12479 8986 8869 False
[vector] 11428 10744 10210 12480 7566 9837 False
[vector] 9257 8836 9369 11835 10398 8113 False
[vector] 10668 8579 9978 12044 9341 8185 False
[vector] 9465 10862 8526 12553 7789 10341 False
[vector] 11318 9792 10377 11652 8415 8356 False
[vector] 10265 10028 9685 11141 7643 10795 False
[vector] 9523 8781 9170 10520 9738 9575 False
[vector] 9855 9427 8663 11595 9838 9459 False
[vector] 9858 9977 9973 11651 7832 10529 False
[vector] 10964 10774 9869 12697 7613 8808 False
[vector] 11922 9468 8172 10801 7845 9377 False
[vector] 11304 10780 9086 12675 7650 8660 False
[vector] 8756 9961 9648 11035 9014 10561 False
[vector] 10048 9361 11081 11287 8106 9676 False
[vector] 8894 9663 8899 12012 9050 10697 False
[vector] 11294 9967 9443 12830 8121 9337 False
[vector] 9441 10834 8726 12891 8532 9897 False
[vector] 10471 10487 9788 13175 8776 8629 False
[vector] 11000 9701 9112 12390 7908 10284 False
[vector] 8525 8374 8090 10727 10368 8506 False
